[2023-10-05T09:55:51.103+0000] {taskinstance.py:1165} INFO - Dependencies all met for <TaskInstance: xcom_dag_branch.branch manual__2023-10-05T09:55:48.949369+00:00 [queued]>
[2023-10-05T09:55:51.113+0000] {taskinstance.py:1165} INFO - Dependencies all met for <TaskInstance: xcom_dag_branch.branch manual__2023-10-05T09:55:48.949369+00:00 [queued]>
[2023-10-05T09:55:51.114+0000] {taskinstance.py:1362} INFO - 
--------------------------------------------------------------------------------
[2023-10-05T09:55:51.116+0000] {taskinstance.py:1363} INFO - Starting attempt 1 of 1
[2023-10-05T09:55:51.118+0000] {taskinstance.py:1364} INFO - 
--------------------------------------------------------------------------------
[2023-10-05T09:55:51.129+0000] {taskinstance.py:1383} INFO - Executing <Task(BranchPythonOperator): branch> on 2023-10-05 09:55:48.949369+00:00
[2023-10-05T09:55:51.134+0000] {standard_task_runner.py:55} INFO - Started process 7213 to run task
[2023-10-05T09:55:51.137+0000] {standard_task_runner.py:82} INFO - Running: ['***', 'tasks', 'run', 'xcom_dag_branch', 'branch', 'manual__2023-10-05T09:55:48.949369+00:00', '--job-id', '86', '--raw', '--subdir', 'DAGS_FOLDER/xcom_dag_branch.py', '--cfg-path', '/tmp/tmpanbmkcty']
[2023-10-05T09:55:51.138+0000] {standard_task_runner.py:83} INFO - Job 86: Subtask branch
[2023-10-05T09:55:51.197+0000] {task_command.py:376} INFO - Running <TaskInstance: xcom_dag_branch.branch manual__2023-10-05T09:55:48.949369+00:00 [running]> on host fb3fc9526d52
[2023-10-05T09:55:51.254+0000] {taskinstance.py:1592} INFO - Exporting the following env vars:
AIRFLOW_CTX_DAG_OWNER=***
AIRFLOW_CTX_DAG_ID=xcom_dag_branch
AIRFLOW_CTX_TASK_ID=branch
AIRFLOW_CTX_EXECUTION_DATE=2023-10-05T09:55:48.949369+00:00
AIRFLOW_CTX_TRY_NUMBER=1
AIRFLOW_CTX_DAG_RUN_ID=manual__2023-10-05T09:55:48.949369+00:00
[2023-10-05T09:55:51.265+0000] {python.py:177} INFO - Done. Returned value was: t2
[2023-10-05T09:55:51.266+0000] {skipmixin.py:155} INFO - Following branch t2
[2023-10-05T09:55:51.267+0000] {skipmixin.py:190} INFO - Skipping tasks ['t3']
[2023-10-05T09:55:51.307+0000] {taskinstance.py:1406} INFO - Marking task as SUCCESS. dag_id=xcom_dag_branch, task_id=branch, execution_date=20231005T095548, start_date=20231005T095551, end_date=20231005T095551
[2023-10-05T09:55:51.351+0000] {local_task_job.py:164} INFO - Task exited with return code 0
[2023-10-05T09:55:51.383+0000] {local_task_job.py:273} INFO - 1 downstream tasks scheduled from follow-on schedule check
