[2023-10-05T09:42:07.519+0000] {taskinstance.py:1165} INFO - Dependencies all met for <TaskInstance: xcom_dag.t3 manual__2023-10-05T09:42:04.562865+00:00 [queued]>
[2023-10-05T09:42:07.528+0000] {taskinstance.py:1165} INFO - Dependencies all met for <TaskInstance: xcom_dag.t3 manual__2023-10-05T09:42:04.562865+00:00 [queued]>
[2023-10-05T09:42:07.530+0000] {taskinstance.py:1362} INFO - 
--------------------------------------------------------------------------------
[2023-10-05T09:42:07.531+0000] {taskinstance.py:1363} INFO - Starting attempt 1 of 1
[2023-10-05T09:42:07.533+0000] {taskinstance.py:1364} INFO - 
--------------------------------------------------------------------------------
[2023-10-05T09:42:07.545+0000] {taskinstance.py:1383} INFO - Executing <Task(BashOperator): t3> on 2023-10-05 09:42:04.562865+00:00
[2023-10-05T09:42:07.550+0000] {standard_task_runner.py:55} INFO - Started process 6534 to run task
[2023-10-05T09:42:07.553+0000] {standard_task_runner.py:82} INFO - Running: ['***', 'tasks', 'run', 'xcom_dag', 't3', 'manual__2023-10-05T09:42:04.562865+00:00', '--job-id', '75', '--raw', '--subdir', 'DAGS_FOLDER/xcom_dag.py', '--cfg-path', '/tmp/tmp4axevo3t']
[2023-10-05T09:42:07.554+0000] {standard_task_runner.py:83} INFO - Job 75: Subtask t3
[2023-10-05T09:42:07.613+0000] {task_command.py:376} INFO - Running <TaskInstance: xcom_dag.t3 manual__2023-10-05T09:42:04.562865+00:00 [running]> on host fb3fc9526d52
[2023-10-05T09:42:07.670+0000] {taskinstance.py:1592} INFO - Exporting the following env vars:
AIRFLOW_CTX_DAG_OWNER=***
AIRFLOW_CTX_DAG_ID=xcom_dag
AIRFLOW_CTX_TASK_ID=t3
AIRFLOW_CTX_EXECUTION_DATE=2023-10-05T09:42:04.562865+00:00
AIRFLOW_CTX_TRY_NUMBER=1
AIRFLOW_CTX_DAG_RUN_ID=manual__2023-10-05T09:42:04.562865+00:00
[2023-10-05T09:42:07.672+0000] {subprocess.py:63} INFO - Tmp dir root location: 
 /tmp
[2023-10-05T09:42:07.673+0000] {subprocess.py:75} INFO - Running command: ['/bin/bash', '-c', "echo ''"]
[2023-10-05T09:42:07.682+0000] {subprocess.py:86} INFO - Output:
[2023-10-05T09:42:07.683+0000] {subprocess.py:93} INFO - 
[2023-10-05T09:42:07.684+0000] {subprocess.py:97} INFO - Command exited with return code 0
[2023-10-05T09:42:07.705+0000] {taskinstance.py:1406} INFO - Marking task as SUCCESS. dag_id=xcom_dag, task_id=t3, execution_date=20231005T094204, start_date=20231005T094207, end_date=20231005T094207
[2023-10-05T09:42:07.725+0000] {local_task_job.py:164} INFO - Task exited with return code 0
[2023-10-05T09:42:07.742+0000] {local_task_job.py:273} INFO - 0 downstream tasks scheduled from follow-on schedule check
