[2023-10-05T07:52:45.364+0000] {taskinstance.py:1165} INFO - Dependencies all met for <TaskInstance: group_dag.downloads.download_b scheduled__2023-10-05T07:52:43.018674+00:00 [queued]>
[2023-10-05T07:52:45.374+0000] {taskinstance.py:1165} INFO - Dependencies all met for <TaskInstance: group_dag.downloads.download_b scheduled__2023-10-05T07:52:43.018674+00:00 [queued]>
[2023-10-05T07:52:45.375+0000] {taskinstance.py:1362} INFO - 
--------------------------------------------------------------------------------
[2023-10-05T07:52:45.376+0000] {taskinstance.py:1363} INFO - Starting attempt 1 of 1
[2023-10-05T07:52:45.377+0000] {taskinstance.py:1364} INFO - 
--------------------------------------------------------------------------------
[2023-10-05T07:52:45.402+0000] {taskinstance.py:1383} INFO - Executing <Task(BashOperator): download_b> on 2023-10-05 07:52:43.018674+00:00
[2023-10-05T07:52:45.407+0000] {standard_task_runner.py:55} INFO - Started process 1519 to run task
[2023-10-05T07:52:45.411+0000] {standard_task_runner.py:82} INFO - Running: ['***', 'tasks', 'run', 'group_dag.downloads', 'download_b', 'scheduled__2023-10-05T07:52:43.018674+00:00', '--job-id', '24', '--raw', '--subdir', 'DAGS_FOLDER/group_dag.py', '--cfg-path', '/tmp/tmplbpsn1zx']
[2023-10-05T07:52:45.412+0000] {standard_task_runner.py:83} INFO - Job 24: Subtask download_b
[2023-10-05T07:52:45.485+0000] {task_command.py:376} INFO - Running <TaskInstance: group_dag.downloads.download_b scheduled__2023-10-05T07:52:43.018674+00:00 [running]> on host fb3fc9526d52
[2023-10-05T07:52:45.550+0000] {taskinstance.py:1592} INFO - Exporting the following env vars:
AIRFLOW_CTX_DAG_OWNER=***
AIRFLOW_CTX_DAG_ID=group_dag.downloads
AIRFLOW_CTX_TASK_ID=download_b
AIRFLOW_CTX_EXECUTION_DATE=2023-10-05T07:52:43.018674+00:00
AIRFLOW_CTX_TRY_NUMBER=1
AIRFLOW_CTX_DAG_RUN_ID=scheduled__2023-10-05T07:52:43.018674+00:00
[2023-10-05T07:52:45.552+0000] {subprocess.py:63} INFO - Tmp dir root location: 
 /tmp
[2023-10-05T07:52:45.553+0000] {subprocess.py:75} INFO - Running command: ['/bin/bash', '-c', 'sleep 10']
[2023-10-05T07:52:45.561+0000] {subprocess.py:86} INFO - Output:
[2023-10-05T07:52:55.563+0000] {subprocess.py:97} INFO - Command exited with return code 0
[2023-10-05T07:52:55.589+0000] {taskinstance.py:1406} INFO - Marking task as SUCCESS. dag_id=group_dag.downloads, task_id=download_b, execution_date=20231005T075243, start_date=20231005T075245, end_date=20231005T075255
[2023-10-05T07:52:55.655+0000] {local_task_job.py:164} INFO - Task exited with return code 0
[2023-10-05T07:52:55.673+0000] {local_task_job.py:273} INFO - 0 downstream tasks scheduled from follow-on schedule check
