[2023-10-05T07:47:44.291+0000] {taskinstance.py:1165} INFO - Dependencies all met for <TaskInstance: group_dag.downloads manual__2023-10-05T07:47:42.042116+00:00 [queued]>
[2023-10-05T07:47:44.306+0000] {taskinstance.py:1165} INFO - Dependencies all met for <TaskInstance: group_dag.downloads manual__2023-10-05T07:47:42.042116+00:00 [queued]>
[2023-10-05T07:47:44.307+0000] {taskinstance.py:1362} INFO - 
--------------------------------------------------------------------------------
[2023-10-05T07:47:44.308+0000] {taskinstance.py:1363} INFO - Starting attempt 1 of 1
[2023-10-05T07:47:44.309+0000] {taskinstance.py:1364} INFO - 
--------------------------------------------------------------------------------
[2023-10-05T07:47:44.329+0000] {taskinstance.py:1383} INFO - Executing <Task(SubDagOperator): downloads> on 2023-10-05 07:47:42.042116+00:00
[2023-10-05T07:47:44.335+0000] {standard_task_runner.py:55} INFO - Started process 1231 to run task
[2023-10-05T07:47:44.339+0000] {standard_task_runner.py:82} INFO - Running: ['***', 'tasks', 'run', 'group_dag', 'downloads', 'manual__2023-10-05T07:47:42.042116+00:00', '--job-id', '5', '--raw', '--subdir', 'DAGS_FOLDER/group_dag.py', '--cfg-path', '/tmp/tmpielx7j6p']
[2023-10-05T07:47:44.340+0000] {standard_task_runner.py:83} INFO - Job 5: Subtask downloads
[2023-10-05T07:47:44.528+0000] {task_command.py:376} INFO - Running <TaskInstance: group_dag.downloads manual__2023-10-05T07:47:42.042116+00:00 [running]> on host fb3fc9526d52
[2023-10-05T07:47:44.671+0000] {taskinstance.py:1592} INFO - Exporting the following env vars:
AIRFLOW_CTX_DAG_OWNER=***
AIRFLOW_CTX_DAG_ID=group_dag
AIRFLOW_CTX_TASK_ID=downloads
AIRFLOW_CTX_EXECUTION_DATE=2023-10-05T07:47:42.042116+00:00
AIRFLOW_CTX_TRY_NUMBER=1
AIRFLOW_CTX_DAG_RUN_ID=manual__2023-10-05T07:47:42.042116+00:00
[2023-10-05T07:47:44.676+0000] {warnings.py:110} WARNING - /home/***/.local/lib/python3.7/site-packages/***/utils/context.py:204: AirflowContextDeprecationWarning: Accessing 'execution_date' from the template is deprecated and will be removed in a future version. Please use 'data_interval_start' or 'logical_date' instead.
  warnings.warn(_create_deprecation_warning(key, self._deprecation_replacements[key]))

[2023-10-05T07:47:44.742+0000] {subdag.py:171} INFO - Created DagRun: scheduled__2023-10-05T07:47:42.042116+00:00
[2023-10-05T07:48:44.832+0000] {base.py:213} INFO - Success criteria met. Exiting.
[2023-10-05T07:48:44.847+0000] {subdag.py:186} INFO - Execution finished. State is success
[2023-10-05T07:48:44.870+0000] {taskinstance.py:1406} INFO - Marking task as SUCCESS. dag_id=group_dag, task_id=downloads, execution_date=20231005T074742, start_date=20231005T074744, end_date=20231005T074844
[2023-10-05T07:48:44.922+0000] {local_task_job.py:164} INFO - Task exited with return code 0
[2023-10-05T07:48:44.990+0000] {local_task_job.py:273} INFO - 1 downstream tasks scheduled from follow-on schedule check
