[2023-10-03T13:45:03.901+0000] {taskinstance.py:1165} INFO - Dependencies all met for <TaskInstance: user_processing.extract_user manual__2023-10-03T13:44:58.756669+00:00 [queued]>
[2023-10-03T13:45:03.919+0000] {taskinstance.py:1165} INFO - Dependencies all met for <TaskInstance: user_processing.extract_user manual__2023-10-03T13:44:58.756669+00:00 [queued]>
[2023-10-03T13:45:03.920+0000] {taskinstance.py:1362} INFO - 
--------------------------------------------------------------------------------
[2023-10-03T13:45:03.921+0000] {taskinstance.py:1363} INFO - Starting attempt 1 of 1
[2023-10-03T13:45:03.922+0000] {taskinstance.py:1364} INFO - 
--------------------------------------------------------------------------------
[2023-10-03T13:45:03.938+0000] {taskinstance.py:1383} INFO - Executing <Task(SimpleHttpOperator): extract_user> on 2023-10-03 13:44:58.756669+00:00
[2023-10-03T13:45:03.945+0000] {standard_task_runner.py:55} INFO - Started process 1930 to run task
[2023-10-03T13:45:03.948+0000] {standard_task_runner.py:82} INFO - Running: ['***', 'tasks', 'run', 'user_processing', 'extract_user', 'manual__2023-10-03T13:44:58.756669+00:00', '--job-id', '23', '--raw', '--subdir', 'DAGS_FOLDER/user_processing.py', '--cfg-path', '/tmp/tmpe71fqmn9']
[2023-10-03T13:45:03.950+0000] {standard_task_runner.py:83} INFO - Job 23: Subtask extract_user
[2023-10-03T13:45:04.025+0000] {task_command.py:376} INFO - Running <TaskInstance: user_processing.extract_user manual__2023-10-03T13:44:58.756669+00:00 [running]> on host f637e1d287c6
[2023-10-03T13:45:04.085+0000] {taskinstance.py:1592} INFO - Exporting the following env vars:
AIRFLOW_CTX_DAG_OWNER=***
AIRFLOW_CTX_DAG_ID=user_processing
AIRFLOW_CTX_TASK_ID=extract_user
AIRFLOW_CTX_EXECUTION_DATE=2023-10-03T13:44:58.756669+00:00
AIRFLOW_CTX_TRY_NUMBER=1
AIRFLOW_CTX_DAG_RUN_ID=manual__2023-10-03T13:44:58.756669+00:00
[2023-10-03T13:45:04.087+0000] {http.py:121} INFO - Calling HTTP method
[2023-10-03T13:45:04.096+0000] {base.py:71} INFO - Using connection ID 'user_api' for task execution.
[2023-10-03T13:45:04.098+0000] {http.py:148} INFO - Sending 'GET' to url: https://randomuser.me/api/
[2023-10-03T13:45:04.299+0000] {http.py:125} INFO - {"results":[{"gender":"female","name":{"title":"Mrs","first":"Asklipiya","last":"Getmanec"},"location":{"street":{"number":1179,"name":"Ivana Prihodka"},"city":"Svalyava","state":"Hmelnicka","country":"Ukraine","postcode":29814,"coordinates":{"latitude":"73.9021","longitude":"174.3247"},"timezone":{"offset":"-4:00","description":"Atlantic Time (Canada), Caracas, La Paz"}},"email":"asklipiya.getmanec@example.com","login":{"uuid":"12941bce-3ee4-4f04-86d5-3c4a1d4c2588","username":"greenduck790","password":"subway","salt":"46q7arHy","md5":"cc79d91ce10fa7b4862a78b5c4a67829","sha1":"41e6346bf1e408c1aeb3251e3d05c8c406b9cda3","sha256":"97406718a9d5c738940a876b1cec8732d909f191b0dfe604679797b7647d961b"},"dob":{"date":"1958-11-16T16:29:43.777Z","age":64},"registered":{"date":"2015-09-20T11:40:19.958Z","age":8},"phone":"(098) I71-3554","cell":"(096) H30-2471","id":{"name":"","value":null},"picture":{"large":"https://randomuser.me/api/portraits/women/6.jpg","medium":"https://randomuser.me/api/portraits/med/women/6.jpg","thumbnail":"https://randomuser.me/api/portraits/thumb/women/6.jpg"},"nat":"UA"}],"info":{"seed":"2509b23ad3f3f68f","results":1,"page":1,"version":"1.4"}}
[2023-10-03T13:45:04.364+0000] {taskinstance.py:1406} INFO - Marking task as SUCCESS. dag_id=user_processing, task_id=extract_user, execution_date=20231003T134458, start_date=20231003T134503, end_date=20231003T134504
[2023-10-03T13:45:04.404+0000] {local_task_job.py:164} INFO - Task exited with return code 0
[2023-10-03T13:45:04.441+0000] {local_task_job.py:273} INFO - 1 downstream tasks scheduled from follow-on schedule check
