[2023-10-05T08:28:40.961+0000] {taskinstance.py:1165} INFO - Dependencies all met for <TaskInstance: group_dag.downloads.pippo_a manual__2023-10-05T07:59:12.744605+00:00 [queued]>
[2023-10-05T08:28:40.980+0000] {taskinstance.py:1165} INFO - Dependencies all met for <TaskInstance: group_dag.downloads.pippo_a manual__2023-10-05T07:59:12.744605+00:00 [queued]>
[2023-10-05T08:28:40.981+0000] {taskinstance.py:1362} INFO - 
--------------------------------------------------------------------------------
[2023-10-05T08:28:40.982+0000] {taskinstance.py:1363} INFO - Starting attempt 1 of 1
[2023-10-05T08:28:40.982+0000] {taskinstance.py:1364} INFO - 
--------------------------------------------------------------------------------
[2023-10-05T08:28:41.017+0000] {taskinstance.py:1383} INFO - Executing <Task(BashOperator): downloads.pippo_a> on 2023-10-05 07:59:12.744605+00:00
[2023-10-05T08:28:41.030+0000] {standard_task_runner.py:55} INFO - Started process 3332 to run task
[2023-10-05T08:28:41.047+0000] {standard_task_runner.py:82} INFO - Running: ['***', 'tasks', 'run', 'group_dag', 'downloads.pippo_a', 'manual__2023-10-05T07:59:12.744605+00:00', '--job-id', '44', '--raw', '--subdir', 'DAGS_FOLDER/group_task_dag.py', '--cfg-path', '/tmp/tmp5krk47th']
[2023-10-05T08:28:41.048+0000] {standard_task_runner.py:83} INFO - Job 44: Subtask downloads.pippo_a
[2023-10-05T08:28:41.231+0000] {task_command.py:376} INFO - Running <TaskInstance: group_dag.downloads.pippo_a manual__2023-10-05T07:59:12.744605+00:00 [running]> on host fb3fc9526d52
[2023-10-05T08:28:41.458+0000] {taskinstance.py:1592} INFO - Exporting the following env vars:
AIRFLOW_CTX_DAG_OWNER=***
AIRFLOW_CTX_DAG_ID=group_dag
AIRFLOW_CTX_TASK_ID=downloads.pippo_a
AIRFLOW_CTX_EXECUTION_DATE=2023-10-05T07:59:12.744605+00:00
AIRFLOW_CTX_TRY_NUMBER=1
AIRFLOW_CTX_DAG_RUN_ID=manual__2023-10-05T07:59:12.744605+00:00
[2023-10-05T08:28:41.460+0000] {subprocess.py:63} INFO - Tmp dir root location: 
 /tmp
[2023-10-05T08:28:41.462+0000] {subprocess.py:75} INFO - Running command: ['/bin/bash', '-c', 'sleep 10']
[2023-10-05T08:28:41.477+0000] {subprocess.py:86} INFO - Output:
[2023-10-05T08:28:51.480+0000] {subprocess.py:97} INFO - Command exited with return code 0
[2023-10-05T08:28:51.516+0000] {taskinstance.py:1406} INFO - Marking task as SUCCESS. dag_id=group_dag, task_id=downloads.pippo_a, execution_date=20231005T075912, start_date=20231005T082840, end_date=20231005T082851
[2023-10-05T08:28:51.558+0000] {local_task_job.py:164} INFO - Task exited with return code 0
[2023-10-05T08:28:51.592+0000] {local_task_job.py:273} INFO - 0 downstream tasks scheduled from follow-on schedule check
