[2023-10-05T07:48:45.759+0000] {taskinstance.py:1165} INFO - Dependencies all met for <TaskInstance: group_dag.check_files scheduled__2023-10-04T00:00:00+00:00 [queued]>
[2023-10-05T07:48:45.771+0000] {taskinstance.py:1165} INFO - Dependencies all met for <TaskInstance: group_dag.check_files scheduled__2023-10-04T00:00:00+00:00 [queued]>
[2023-10-05T07:48:45.772+0000] {taskinstance.py:1362} INFO - 
--------------------------------------------------------------------------------
[2023-10-05T07:48:45.774+0000] {taskinstance.py:1363} INFO - Starting attempt 1 of 1
[2023-10-05T07:48:45.775+0000] {taskinstance.py:1364} INFO - 
--------------------------------------------------------------------------------
[2023-10-05T07:48:45.789+0000] {taskinstance.py:1383} INFO - Executing <Task(BashOperator): check_files> on 2023-10-04 00:00:00+00:00
[2023-10-05T07:48:45.795+0000] {standard_task_runner.py:55} INFO - Started process 1298 to run task
[2023-10-05T07:48:45.798+0000] {standard_task_runner.py:82} INFO - Running: ['***', 'tasks', 'run', 'group_dag', 'check_files', 'scheduled__2023-10-04T00:00:00+00:00', '--job-id', '13', '--raw', '--subdir', 'DAGS_FOLDER/group_dag.py', '--cfg-path', '/tmp/tmp9eh3qdhh']
[2023-10-05T07:48:45.800+0000] {standard_task_runner.py:83} INFO - Job 13: Subtask check_files
[2023-10-05T07:48:45.865+0000] {task_command.py:376} INFO - Running <TaskInstance: group_dag.check_files scheduled__2023-10-04T00:00:00+00:00 [running]> on host fb3fc9526d52
[2023-10-05T07:48:45.939+0000] {taskinstance.py:1592} INFO - Exporting the following env vars:
AIRFLOW_CTX_DAG_OWNER=***
AIRFLOW_CTX_DAG_ID=group_dag
AIRFLOW_CTX_TASK_ID=check_files
AIRFLOW_CTX_EXECUTION_DATE=2023-10-04T00:00:00+00:00
AIRFLOW_CTX_TRY_NUMBER=1
AIRFLOW_CTX_DAG_RUN_ID=scheduled__2023-10-04T00:00:00+00:00
[2023-10-05T07:48:45.940+0000] {subprocess.py:63} INFO - Tmp dir root location: 
 /tmp
[2023-10-05T07:48:45.942+0000] {subprocess.py:75} INFO - Running command: ['/bin/bash', '-c', 'sleep 10']
[2023-10-05T07:48:45.952+0000] {subprocess.py:86} INFO - Output:
[2023-10-05T07:48:55.954+0000] {subprocess.py:97} INFO - Command exited with return code 0
[2023-10-05T07:48:55.988+0000] {taskinstance.py:1406} INFO - Marking task as SUCCESS. dag_id=group_dag, task_id=check_files, execution_date=20231004T000000, start_date=20231005T074845, end_date=20231005T074855
[2023-10-05T07:48:56.041+0000] {local_task_job.py:164} INFO - Task exited with return code 0
[2023-10-05T07:48:56.072+0000] {local_task_job.py:273} INFO - 3 downstream tasks scheduled from follow-on schedule check
[2023-10-05T08:00:27.722+0000] {taskinstance.py:1165} INFO - Dependencies all met for <TaskInstance: group_dag.check_files scheduled__2023-10-04T00:00:00+00:00 [queued]>
[2023-10-05T08:00:27.733+0000] {taskinstance.py:1165} INFO - Dependencies all met for <TaskInstance: group_dag.check_files scheduled__2023-10-04T00:00:00+00:00 [queued]>
[2023-10-05T08:00:27.734+0000] {taskinstance.py:1362} INFO - 
--------------------------------------------------------------------------------
[2023-10-05T08:00:27.735+0000] {taskinstance.py:1363} INFO - Starting attempt 1 of 1
[2023-10-05T08:00:27.736+0000] {taskinstance.py:1364} INFO - 
--------------------------------------------------------------------------------
[2023-10-05T08:00:27.754+0000] {taskinstance.py:1383} INFO - Executing <Task(BashOperator): check_files> on 2023-10-04 00:00:00+00:00
[2023-10-05T08:00:27.759+0000] {standard_task_runner.py:55} INFO - Started process 1945 to run task
[2023-10-05T08:00:27.763+0000] {standard_task_runner.py:82} INFO - Running: ['***', 'tasks', 'run', 'group_dag', 'check_files', 'scheduled__2023-10-04T00:00:00+00:00', '--job-id', '39', '--raw', '--subdir', 'DAGS_FOLDER/group_dag.py', '--cfg-path', '/tmp/tmptxehhfav']
[2023-10-05T08:00:27.764+0000] {standard_task_runner.py:83} INFO - Job 39: Subtask check_files
[2023-10-05T08:00:27.825+0000] {task_command.py:376} INFO - Running <TaskInstance: group_dag.check_files scheduled__2023-10-04T00:00:00+00:00 [running]> on host fb3fc9526d52
[2023-10-05T08:00:27.891+0000] {taskinstance.py:1592} INFO - Exporting the following env vars:
AIRFLOW_CTX_DAG_OWNER=***
AIRFLOW_CTX_DAG_ID=group_dag
AIRFLOW_CTX_TASK_ID=check_files
AIRFLOW_CTX_EXECUTION_DATE=2023-10-04T00:00:00+00:00
AIRFLOW_CTX_TRY_NUMBER=1
AIRFLOW_CTX_DAG_RUN_ID=scheduled__2023-10-04T00:00:00+00:00
[2023-10-05T08:00:27.893+0000] {subprocess.py:63} INFO - Tmp dir root location: 
 /tmp
[2023-10-05T08:00:27.894+0000] {subprocess.py:75} INFO - Running command: ['/bin/bash', '-c', 'sleep 10']
[2023-10-05T08:00:27.903+0000] {subprocess.py:86} INFO - Output:
[2023-10-05T08:00:37.906+0000] {subprocess.py:97} INFO - Command exited with return code 0
[2023-10-05T08:00:37.948+0000] {taskinstance.py:1406} INFO - Marking task as SUCCESS. dag_id=group_dag, task_id=check_files, execution_date=20231004T000000, start_date=20231005T080027, end_date=20231005T080037
[2023-10-05T08:00:38.002+0000] {local_task_job.py:164} INFO - Task exited with return code 0
[2023-10-05T08:00:38.024+0000] {local_task_job.py:273} INFO - 1 downstream tasks scheduled from follow-on schedule check
