[2023-10-05T08:35:59.430+0000] {taskinstance.py:1165} INFO - Dependencies all met for <TaskInstance: group_task_dag.downloads.download_a manual__2023-10-05T08:35:58.277956+00:00 [queued]>
[2023-10-05T08:35:59.450+0000] {taskinstance.py:1165} INFO - Dependencies all met for <TaskInstance: group_task_dag.downloads.download_a manual__2023-10-05T08:35:58.277956+00:00 [queued]>
[2023-10-05T08:35:59.451+0000] {taskinstance.py:1362} INFO - 
--------------------------------------------------------------------------------
[2023-10-05T08:35:59.452+0000] {taskinstance.py:1363} INFO - Starting attempt 1 of 1
[2023-10-05T08:35:59.453+0000] {taskinstance.py:1364} INFO - 
--------------------------------------------------------------------------------
[2023-10-05T08:35:59.482+0000] {taskinstance.py:1383} INFO - Executing <Task(BashOperator): downloads.download_a> on 2023-10-05 08:35:58.277956+00:00
[2023-10-05T08:35:59.490+0000] {standard_task_runner.py:55} INFO - Started process 3702 to run task
[2023-10-05T08:35:59.498+0000] {standard_task_runner.py:82} INFO - Running: ['***', 'tasks', 'run', 'group_task_dag', 'downloads.download_a', 'manual__2023-10-05T08:35:58.277956+00:00', '--job-id', '48', '--raw', '--subdir', 'DAGS_FOLDER/group_task_dag.py', '--cfg-path', '/tmp/tmpg88lfx8i']
[2023-10-05T08:35:59.500+0000] {standard_task_runner.py:83} INFO - Job 48: Subtask downloads.download_a
[2023-10-05T08:35:59.609+0000] {task_command.py:376} INFO - Running <TaskInstance: group_task_dag.downloads.download_a manual__2023-10-05T08:35:58.277956+00:00 [running]> on host fb3fc9526d52
[2023-10-05T08:35:59.707+0000] {taskinstance.py:1592} INFO - Exporting the following env vars:
AIRFLOW_CTX_DAG_OWNER=***
AIRFLOW_CTX_DAG_ID=group_task_dag
AIRFLOW_CTX_TASK_ID=downloads.download_a
AIRFLOW_CTX_EXECUTION_DATE=2023-10-05T08:35:58.277956+00:00
AIRFLOW_CTX_TRY_NUMBER=1
AIRFLOW_CTX_DAG_RUN_ID=manual__2023-10-05T08:35:58.277956+00:00
[2023-10-05T08:35:59.709+0000] {subprocess.py:63} INFO - Tmp dir root location: 
 /tmp
[2023-10-05T08:35:59.711+0000] {subprocess.py:75} INFO - Running command: ['/bin/bash', '-c', 'sleep 10']
[2023-10-05T08:35:59.726+0000] {subprocess.py:86} INFO - Output:
[2023-10-05T08:36:09.730+0000] {subprocess.py:97} INFO - Command exited with return code 0
[2023-10-05T08:36:09.835+0000] {taskinstance.py:1406} INFO - Marking task as SUCCESS. dag_id=group_task_dag, task_id=downloads.download_a, execution_date=20231005T083558, start_date=20231005T083559, end_date=20231005T083609
[2023-10-05T08:36:09.901+0000] {local_task_job.py:164} INFO - Task exited with return code 0
[2023-10-05T08:36:09.945+0000] {local_task_job.py:273} INFO - 0 downstream tasks scheduled from follow-on schedule check
