[2023-10-05T08:36:21.961+0000] {taskinstance.py:1165} INFO - Dependencies all met for <TaskInstance: group_task_dag.transforms.transform_a scheduled__2023-10-04T00:00:00+00:00 [queued]>
[2023-10-05T08:36:21.975+0000] {taskinstance.py:1165} INFO - Dependencies all met for <TaskInstance: group_task_dag.transforms.transform_a scheduled__2023-10-04T00:00:00+00:00 [queued]>
[2023-10-05T08:36:21.976+0000] {taskinstance.py:1362} INFO - 
--------------------------------------------------------------------------------
[2023-10-05T08:36:21.977+0000] {taskinstance.py:1363} INFO - Starting attempt 1 of 1
[2023-10-05T08:36:21.978+0000] {taskinstance.py:1364} INFO - 
--------------------------------------------------------------------------------
[2023-10-05T08:36:22.004+0000] {taskinstance.py:1383} INFO - Executing <Task(BashOperator): transforms.transform_a> on 2023-10-04 00:00:00+00:00
[2023-10-05T08:36:22.011+0000] {standard_task_runner.py:55} INFO - Started process 3745 to run task
[2023-10-05T08:36:22.016+0000] {standard_task_runner.py:82} INFO - Running: ['***', 'tasks', 'run', 'group_task_dag', 'transforms.transform_a', 'scheduled__2023-10-04T00:00:00+00:00', '--job-id', '59', '--raw', '--subdir', 'DAGS_FOLDER/group_task_dag.py', '--cfg-path', '/tmp/tmphdild0q8']
[2023-10-05T08:36:22.018+0000] {standard_task_runner.py:83} INFO - Job 59: Subtask transforms.transform_a
[2023-10-05T08:36:22.110+0000] {task_command.py:376} INFO - Running <TaskInstance: group_task_dag.transforms.transform_a scheduled__2023-10-04T00:00:00+00:00 [running]> on host fb3fc9526d52
[2023-10-05T08:36:22.200+0000] {taskinstance.py:1592} INFO - Exporting the following env vars:
AIRFLOW_CTX_DAG_OWNER=***
AIRFLOW_CTX_DAG_ID=group_task_dag
AIRFLOW_CTX_TASK_ID=transforms.transform_a
AIRFLOW_CTX_EXECUTION_DATE=2023-10-04T00:00:00+00:00
AIRFLOW_CTX_TRY_NUMBER=1
AIRFLOW_CTX_DAG_RUN_ID=scheduled__2023-10-04T00:00:00+00:00
[2023-10-05T08:36:22.202+0000] {subprocess.py:63} INFO - Tmp dir root location: 
 /tmp
[2023-10-05T08:36:22.204+0000] {subprocess.py:75} INFO - Running command: ['/bin/bash', '-c', 'sleep 10']
[2023-10-05T08:36:22.214+0000] {subprocess.py:86} INFO - Output:
[2023-10-05T08:36:32.218+0000] {subprocess.py:97} INFO - Command exited with return code 0
[2023-10-05T08:36:32.247+0000] {taskinstance.py:1406} INFO - Marking task as SUCCESS. dag_id=group_task_dag, task_id=transforms.transform_a, execution_date=20231004T000000, start_date=20231005T083621, end_date=20231005T083632
[2023-10-05T08:36:32.302+0000] {local_task_job.py:164} INFO - Task exited with return code 0
[2023-10-05T08:36:32.321+0000] {local_task_job.py:273} INFO - 0 downstream tasks scheduled from follow-on schedule check
