[2023-10-04T09:01:21.037+0000] {taskinstance.py:1165} INFO - Dependencies all met for <TaskInstance: parallel_dag.extract_a manual__2023-10-04T09:01:19.402541+00:00 [queued]>
[2023-10-04T09:01:21.048+0000] {taskinstance.py:1165} INFO - Dependencies all met for <TaskInstance: parallel_dag.extract_a manual__2023-10-04T09:01:19.402541+00:00 [queued]>
[2023-10-04T09:01:21.049+0000] {taskinstance.py:1362} INFO - 
--------------------------------------------------------------------------------
[2023-10-04T09:01:21.051+0000] {taskinstance.py:1363} INFO - Starting attempt 1 of 1
[2023-10-04T09:01:21.052+0000] {taskinstance.py:1364} INFO - 
--------------------------------------------------------------------------------
[2023-10-04T09:01:21.065+0000] {taskinstance.py:1383} INFO - Executing <Task(BashOperator): extract_a> on 2023-10-04 09:01:19.402541+00:00
[2023-10-04T09:01:21.070+0000] {standard_task_runner.py:55} INFO - Started process 314 to run task
[2023-10-04T09:01:21.073+0000] {standard_task_runner.py:82} INFO - Running: ['***', 'tasks', 'run', 'parallel_dag', 'extract_a', 'manual__2023-10-04T09:01:19.402541+00:00', '--job-id', '52', '--raw', '--subdir', 'DAGS_FOLDER/parallel_dag.py', '--cfg-path', '/tmp/tmp93fuorkr']
[2023-10-04T09:01:21.074+0000] {standard_task_runner.py:83} INFO - Job 52: Subtask extract_a
[2023-10-04T09:01:21.138+0000] {task_command.py:376} INFO - Running <TaskInstance: parallel_dag.extract_a manual__2023-10-04T09:01:19.402541+00:00 [running]> on host 1988e2bb4a32
[2023-10-04T09:01:21.208+0000] {taskinstance.py:1592} INFO - Exporting the following env vars:
AIRFLOW_CTX_DAG_OWNER=***
AIRFLOW_CTX_DAG_ID=parallel_dag
AIRFLOW_CTX_TASK_ID=extract_a
AIRFLOW_CTX_EXECUTION_DATE=2023-10-04T09:01:19.402541+00:00
AIRFLOW_CTX_TRY_NUMBER=1
AIRFLOW_CTX_DAG_RUN_ID=manual__2023-10-04T09:01:19.402541+00:00
[2023-10-04T09:01:21.210+0000] {subprocess.py:63} INFO - Tmp dir root location: 
 /tmp
[2023-10-04T09:01:21.211+0000] {subprocess.py:75} INFO - Running command: ['/bin/bash', '-c', 'sleep 10']
[2023-10-04T09:01:21.222+0000] {subprocess.py:86} INFO - Output:
[2023-10-04T09:01:31.240+0000] {subprocess.py:97} INFO - Command exited with return code 0
[2023-10-04T09:01:31.268+0000] {taskinstance.py:1406} INFO - Marking task as SUCCESS. dag_id=parallel_dag, task_id=extract_a, execution_date=20231004T090119, start_date=20231004T090121, end_date=20231004T090131
[2023-10-04T09:01:31.320+0000] {local_task_job.py:164} INFO - Task exited with return code 0
[2023-10-04T09:01:31.349+0000] {local_task_job.py:273} INFO - 1 downstream tasks scheduled from follow-on schedule check
