[2023-10-04T07:42:37.767+0000] {taskinstance.py:1165} INFO - Dependencies all met for <TaskInstance: consumer.read_dataset dataset_triggered__2023-10-04T07:42:35.026814+00:00 [queued]>
[2023-10-04T07:42:37.793+0000] {taskinstance.py:1165} INFO - Dependencies all met for <TaskInstance: consumer.read_dataset dataset_triggered__2023-10-04T07:42:35.026814+00:00 [queued]>
[2023-10-04T07:42:37.796+0000] {taskinstance.py:1362} INFO - 
--------------------------------------------------------------------------------
[2023-10-04T07:42:37.799+0000] {taskinstance.py:1363} INFO - Starting attempt 1 of 1
[2023-10-04T07:42:37.801+0000] {taskinstance.py:1364} INFO - 
--------------------------------------------------------------------------------
[2023-10-04T07:42:37.843+0000] {taskinstance.py:1383} INFO - Executing <Task(_PythonDecoratedOperator): read_dataset> on 2023-10-04 07:42:35.026814+00:00
[2023-10-04T07:42:37.856+0000] {standard_task_runner.py:55} INFO - Started process 77 to run task
[2023-10-04T07:42:37.868+0000] {standard_task_runner.py:82} INFO - Running: ['***', 'tasks', 'run', 'consumer', 'read_dataset', 'dataset_triggered__2023-10-04T07:42:35.026814+00:00', '--job-id', '33', '--raw', '--subdir', 'DAGS_FOLDER/consumer.py', '--cfg-path', '/tmp/tmptr47xrl_']
[2023-10-04T07:42:37.870+0000] {standard_task_runner.py:83} INFO - Job 33: Subtask read_dataset
[2023-10-04T07:42:38.134+0000] {task_command.py:376} INFO - Running <TaskInstance: consumer.read_dataset dataset_triggered__2023-10-04T07:42:35.026814+00:00 [running]> on host f637e1d287c6
[2023-10-04T07:42:38.339+0000] {taskinstance.py:1592} INFO - Exporting the following env vars:
AIRFLOW_CTX_DAG_OWNER=***
AIRFLOW_CTX_DAG_ID=consumer
AIRFLOW_CTX_TASK_ID=read_dataset
AIRFLOW_CTX_EXECUTION_DATE=2023-10-04T07:42:35.026814+00:00
AIRFLOW_CTX_TRY_NUMBER=1
AIRFLOW_CTX_DAG_RUN_ID=dataset_triggered__2023-10-04T07:42:35.026814+00:00
[2023-10-04T07:42:38.342+0000] {logging_mixin.py:120} INFO - producer updateproducer update
[2023-10-04T07:42:38.345+0000] {python.py:177} INFO - Done. Returned value was: None
[2023-10-04T07:42:38.368+0000] {taskinstance.py:1406} INFO - Marking task as SUCCESS. dag_id=consumer, task_id=read_dataset, execution_date=20231004T074235, start_date=20231004T074237, end_date=20231004T074238
[2023-10-04T07:42:38.449+0000] {local_task_job.py:164} INFO - Task exited with return code 0
[2023-10-04T07:42:38.517+0000] {local_task_job.py:273} INFO - 0 downstream tasks scheduled from follow-on schedule check
