[2023-10-04T08:26:26.186+0000] {taskinstance.py:1165} INFO - Dependencies all met for <TaskInstance: parallel_dag.extract_b scheduled__2023-10-03T00:00:00+00:00 [queued]>
[2023-10-04T08:26:26.197+0000] {taskinstance.py:1165} INFO - Dependencies all met for <TaskInstance: parallel_dag.extract_b scheduled__2023-10-03T00:00:00+00:00 [queued]>
[2023-10-04T08:26:26.198+0000] {taskinstance.py:1362} INFO - 
--------------------------------------------------------------------------------
[2023-10-04T08:26:26.199+0000] {taskinstance.py:1363} INFO - Starting attempt 1 of 1
[2023-10-04T08:26:26.199+0000] {taskinstance.py:1364} INFO - 
--------------------------------------------------------------------------------
[2023-10-04T08:26:26.219+0000] {taskinstance.py:1383} INFO - Executing <Task(BashOperator): extract_b> on 2023-10-03 00:00:00+00:00
[2023-10-04T08:26:26.225+0000] {standard_task_runner.py:55} INFO - Started process 333 to run task
[2023-10-04T08:26:26.228+0000] {standard_task_runner.py:82} INFO - Running: ['***', 'tasks', 'run', 'parallel_dag', 'extract_b', 'scheduled__2023-10-03T00:00:00+00:00', '--job-id', '43', '--raw', '--subdir', 'DAGS_FOLDER/parallel_dag.py', '--cfg-path', '/tmp/tmp5owwc3ft']
[2023-10-04T08:26:26.229+0000] {standard_task_runner.py:83} INFO - Job 43: Subtask extract_b
[2023-10-04T08:26:26.289+0000] {task_command.py:376} INFO - Running <TaskInstance: parallel_dag.extract_b scheduled__2023-10-03T00:00:00+00:00 [running]> on host f375aee85298
[2023-10-04T08:26:26.351+0000] {taskinstance.py:1592} INFO - Exporting the following env vars:
AIRFLOW_CTX_DAG_OWNER=***
AIRFLOW_CTX_DAG_ID=parallel_dag
AIRFLOW_CTX_TASK_ID=extract_b
AIRFLOW_CTX_EXECUTION_DATE=2023-10-03T00:00:00+00:00
AIRFLOW_CTX_TRY_NUMBER=1
AIRFLOW_CTX_DAG_RUN_ID=scheduled__2023-10-03T00:00:00+00:00
[2023-10-04T08:26:26.353+0000] {subprocess.py:63} INFO - Tmp dir root location: 
 /tmp
[2023-10-04T08:26:26.354+0000] {subprocess.py:75} INFO - Running command: ['/bin/bash', '-c', 'sleep 10']
[2023-10-04T08:26:26.363+0000] {subprocess.py:86} INFO - Output:
[2023-10-04T08:26:36.365+0000] {subprocess.py:97} INFO - Command exited with return code 0
[2023-10-04T08:26:36.395+0000] {taskinstance.py:1406} INFO - Marking task as SUCCESS. dag_id=parallel_dag, task_id=extract_b, execution_date=20231003T000000, start_date=20231004T082626, end_date=20231004T082636
[2023-10-04T08:26:36.415+0000] {local_task_job.py:164} INFO - Task exited with return code 0
[2023-10-04T08:26:36.462+0000] {local_task_job.py:273} INFO - 1 downstream tasks scheduled from follow-on schedule check
