[2023-10-05T07:59:27.528+0000] {taskinstance.py:1165} INFO - Dependencies all met for <TaskInstance: group_dag.downloads.pippo_a scheduled__2023-10-04T00:00:00+00:00 [queued]>
[2023-10-05T07:59:27.540+0000] {taskinstance.py:1165} INFO - Dependencies all met for <TaskInstance: group_dag.downloads.pippo_a scheduled__2023-10-04T00:00:00+00:00 [queued]>
[2023-10-05T07:59:27.541+0000] {taskinstance.py:1362} INFO - 
--------------------------------------------------------------------------------
[2023-10-05T07:59:27.542+0000] {taskinstance.py:1363} INFO - Starting attempt 1 of 1
[2023-10-05T07:59:27.543+0000] {taskinstance.py:1364} INFO - 
--------------------------------------------------------------------------------
[2023-10-05T07:59:27.558+0000] {taskinstance.py:1383} INFO - Executing <Task(BashOperator): pippo_a> on 2023-10-04 00:00:00+00:00
[2023-10-05T07:59:27.562+0000] {standard_task_runner.py:55} INFO - Started process 1879 to run task
[2023-10-05T07:59:27.566+0000] {standard_task_runner.py:82} INFO - Running: ['***', 'tasks', 'run', 'group_dag.downloads', 'pippo_a', 'scheduled__2023-10-04T00:00:00+00:00', '--job-id', '35', '--raw', '--subdir', 'DAGS_FOLDER/group_dag.py', '--cfg-path', '/tmp/tmp3q_xc7rs']
[2023-10-05T07:59:27.567+0000] {standard_task_runner.py:83} INFO - Job 35: Subtask pippo_a
[2023-10-05T07:59:27.627+0000] {task_command.py:376} INFO - Running <TaskInstance: group_dag.downloads.pippo_a scheduled__2023-10-04T00:00:00+00:00 [running]> on host fb3fc9526d52
[2023-10-05T07:59:27.694+0000] {taskinstance.py:1592} INFO - Exporting the following env vars:
AIRFLOW_CTX_DAG_OWNER=***
AIRFLOW_CTX_DAG_ID=group_dag.downloads
AIRFLOW_CTX_TASK_ID=pippo_a
AIRFLOW_CTX_EXECUTION_DATE=2023-10-04T00:00:00+00:00
AIRFLOW_CTX_TRY_NUMBER=1
AIRFLOW_CTX_DAG_RUN_ID=scheduled__2023-10-04T00:00:00+00:00
[2023-10-05T07:59:27.696+0000] {subprocess.py:63} INFO - Tmp dir root location: 
 /tmp
[2023-10-05T07:59:27.698+0000] {subprocess.py:75} INFO - Running command: ['/bin/bash', '-c', 'sleep 10']
[2023-10-05T07:59:27.707+0000] {subprocess.py:86} INFO - Output:
[2023-10-05T07:59:37.708+0000] {subprocess.py:97} INFO - Command exited with return code 0
[2023-10-05T07:59:37.737+0000] {taskinstance.py:1406} INFO - Marking task as SUCCESS. dag_id=group_dag.downloads, task_id=pippo_a, execution_date=20231004T000000, start_date=20231005T075927, end_date=20231005T075937
[2023-10-05T07:59:37.773+0000] {local_task_job.py:164} INFO - Task exited with return code 0
[2023-10-05T07:59:37.799+0000] {local_task_job.py:273} INFO - 0 downstream tasks scheduled from follow-on schedule check
