[2023-10-05T09:42:06.349+0000] {taskinstance.py:1165} INFO - Dependencies all met for <TaskInstance: xcom_dag.t2 manual__2023-10-05T09:42:04.562865+00:00 [queued]>
[2023-10-05T09:42:06.357+0000] {taskinstance.py:1165} INFO - Dependencies all met for <TaskInstance: xcom_dag.t2 manual__2023-10-05T09:42:04.562865+00:00 [queued]>
[2023-10-05T09:42:06.359+0000] {taskinstance.py:1362} INFO - 
--------------------------------------------------------------------------------
[2023-10-05T09:42:06.360+0000] {taskinstance.py:1363} INFO - Starting attempt 1 of 1
[2023-10-05T09:42:06.362+0000] {taskinstance.py:1364} INFO - 
--------------------------------------------------------------------------------
[2023-10-05T09:42:06.374+0000] {taskinstance.py:1383} INFO - Executing <Task(PythonOperator): t2> on 2023-10-05 09:42:04.562865+00:00
[2023-10-05T09:42:06.379+0000] {standard_task_runner.py:55} INFO - Started process 6532 to run task
[2023-10-05T09:42:06.382+0000] {standard_task_runner.py:82} INFO - Running: ['***', 'tasks', 'run', 'xcom_dag', 't2', 'manual__2023-10-05T09:42:04.562865+00:00', '--job-id', '74', '--raw', '--subdir', 'DAGS_FOLDER/xcom_dag.py', '--cfg-path', '/tmp/tmpa_k917d1']
[2023-10-05T09:42:06.383+0000] {standard_task_runner.py:83} INFO - Job 74: Subtask t2
[2023-10-05T09:42:06.442+0000] {task_command.py:376} INFO - Running <TaskInstance: xcom_dag.t2 manual__2023-10-05T09:42:04.562865+00:00 [running]> on host fb3fc9526d52
[2023-10-05T09:42:06.500+0000] {taskinstance.py:1592} INFO - Exporting the following env vars:
AIRFLOW_CTX_DAG_OWNER=***
AIRFLOW_CTX_DAG_ID=xcom_dag
AIRFLOW_CTX_TASK_ID=t2
AIRFLOW_CTX_EXECUTION_DATE=2023-10-05T09:42:04.562865+00:00
AIRFLOW_CTX_TRY_NUMBER=1
AIRFLOW_CTX_DAG_RUN_ID=manual__2023-10-05T09:42:04.562865+00:00
[2023-10-05T09:42:06.514+0000] {logging_mixin.py:120} INFO - 42
[2023-10-05T09:42:06.515+0000] {python.py:177} INFO - Done. Returned value was: None
[2023-10-05T09:42:06.523+0000] {taskinstance.py:1406} INFO - Marking task as SUCCESS. dag_id=xcom_dag, task_id=t2, execution_date=20231005T094204, start_date=20231005T094206, end_date=20231005T094206
[2023-10-05T09:42:06.555+0000] {local_task_job.py:164} INFO - Task exited with return code 0
[2023-10-05T09:42:06.575+0000] {local_task_job.py:273} INFO - 1 downstream tasks scheduled from follow-on schedule check
