[2023-10-04T07:42:47.770+0000] {taskinstance.py:1165} INFO - Dependencies all met for <TaskInstance: user_processing.store_user scheduled__2023-10-03T00:00:00+00:00 [queued]>
[2023-10-04T07:42:47.782+0000] {taskinstance.py:1165} INFO - Dependencies all met for <TaskInstance: user_processing.store_user scheduled__2023-10-03T00:00:00+00:00 [queued]>
[2023-10-04T07:42:47.783+0000] {taskinstance.py:1362} INFO - 
--------------------------------------------------------------------------------
[2023-10-04T07:42:47.784+0000] {taskinstance.py:1363} INFO - Starting attempt 1 of 1
[2023-10-04T07:42:47.785+0000] {taskinstance.py:1364} INFO - 
--------------------------------------------------------------------------------
[2023-10-04T07:42:47.803+0000] {taskinstance.py:1383} INFO - Executing <Task(PythonOperator): store_user> on 2023-10-03 00:00:00+00:00
[2023-10-04T07:42:47.813+0000] {standard_task_runner.py:55} INFO - Started process 98 to run task
[2023-10-04T07:42:47.818+0000] {standard_task_runner.py:82} INFO - Running: ['***', 'tasks', 'run', 'user_processing', 'store_user', 'scheduled__2023-10-03T00:00:00+00:00', '--job-id', '37', '--raw', '--subdir', 'DAGS_FOLDER/user_processing.py', '--cfg-path', '/tmp/tmppkj298np']
[2023-10-04T07:42:47.821+0000] {standard_task_runner.py:83} INFO - Job 37: Subtask store_user
[2023-10-04T07:42:47.906+0000] {task_command.py:376} INFO - Running <TaskInstance: user_processing.store_user scheduled__2023-10-03T00:00:00+00:00 [running]> on host f637e1d287c6
[2023-10-04T07:42:48.013+0000] {taskinstance.py:1592} INFO - Exporting the following env vars:
AIRFLOW_CTX_DAG_OWNER=***
AIRFLOW_CTX_DAG_ID=user_processing
AIRFLOW_CTX_TASK_ID=store_user
AIRFLOW_CTX_EXECUTION_DATE=2023-10-03T00:00:00+00:00
AIRFLOW_CTX_TRY_NUMBER=1
AIRFLOW_CTX_DAG_RUN_ID=scheduled__2023-10-03T00:00:00+00:00
[2023-10-04T07:42:48.015+0000] {postgres.py:129} INFO - Running copy expert: COPY users FROM stdin WITH DELIMITER AS ',', filename: /tmp/processed_user.csv
[2023-10-04T07:42:48.033+0000] {base.py:71} INFO - Using connection ID 'postgres' for task execution.
[2023-10-04T07:42:48.047+0000] {python.py:177} INFO - Done. Returned value was: None
[2023-10-04T07:42:48.061+0000] {taskinstance.py:1406} INFO - Marking task as SUCCESS. dag_id=user_processing, task_id=store_user, execution_date=20231003T000000, start_date=20231004T074247, end_date=20231004T074248
[2023-10-04T07:42:48.112+0000] {local_task_job.py:164} INFO - Task exited with return code 0
[2023-10-04T07:42:48.141+0000] {local_task_job.py:273} INFO - 0 downstream tasks scheduled from follow-on schedule check
