[2023-10-05T08:36:21.960+0000] {taskinstance.py:1165} INFO - Dependencies all met for <TaskInstance: group_task_dag.transforms.transform_c scheduled__2023-10-04T00:00:00+00:00 [queued]>
[2023-10-05T08:36:21.975+0000] {taskinstance.py:1165} INFO - Dependencies all met for <TaskInstance: group_task_dag.transforms.transform_c scheduled__2023-10-04T00:00:00+00:00 [queued]>
[2023-10-05T08:36:21.976+0000] {taskinstance.py:1362} INFO - 
--------------------------------------------------------------------------------
[2023-10-05T08:36:21.977+0000] {taskinstance.py:1363} INFO - Starting attempt 1 of 1
[2023-10-05T08:36:21.978+0000] {taskinstance.py:1364} INFO - 
--------------------------------------------------------------------------------
[2023-10-05T08:36:22.014+0000] {taskinstance.py:1383} INFO - Executing <Task(BashOperator): transforms.transform_c> on 2023-10-04 00:00:00+00:00
[2023-10-05T08:36:22.021+0000] {standard_task_runner.py:55} INFO - Started process 3746 to run task
[2023-10-05T08:36:22.026+0000] {standard_task_runner.py:82} INFO - Running: ['***', 'tasks', 'run', 'group_task_dag', 'transforms.transform_c', 'scheduled__2023-10-04T00:00:00+00:00', '--job-id', '60', '--raw', '--subdir', 'DAGS_FOLDER/group_task_dag.py', '--cfg-path', '/tmp/tmpu3dubpk0']
[2023-10-05T08:36:22.028+0000] {standard_task_runner.py:83} INFO - Job 60: Subtask transforms.transform_c
[2023-10-05T08:36:22.109+0000] {task_command.py:376} INFO - Running <TaskInstance: group_task_dag.transforms.transform_c scheduled__2023-10-04T00:00:00+00:00 [running]> on host fb3fc9526d52
[2023-10-05T08:36:22.208+0000] {taskinstance.py:1592} INFO - Exporting the following env vars:
AIRFLOW_CTX_DAG_OWNER=***
AIRFLOW_CTX_DAG_ID=group_task_dag
AIRFLOW_CTX_TASK_ID=transforms.transform_c
AIRFLOW_CTX_EXECUTION_DATE=2023-10-04T00:00:00+00:00
AIRFLOW_CTX_TRY_NUMBER=1
AIRFLOW_CTX_DAG_RUN_ID=scheduled__2023-10-04T00:00:00+00:00
[2023-10-05T08:36:22.210+0000] {subprocess.py:63} INFO - Tmp dir root location: 
 /tmp
[2023-10-05T08:36:22.212+0000] {subprocess.py:75} INFO - Running command: ['/bin/bash', '-c', 'sleep 10']
[2023-10-05T08:36:22.222+0000] {subprocess.py:86} INFO - Output:
[2023-10-05T08:36:32.226+0000] {subprocess.py:97} INFO - Command exited with return code 0
[2023-10-05T08:36:32.256+0000] {taskinstance.py:1406} INFO - Marking task as SUCCESS. dag_id=group_task_dag, task_id=transforms.transform_c, execution_date=20231004T000000, start_date=20231005T083621, end_date=20231005T083632
[2023-10-05T08:36:32.302+0000] {local_task_job.py:164} INFO - Task exited with return code 0
[2023-10-05T08:36:32.335+0000] {local_task_job.py:273} INFO - 0 downstream tasks scheduled from follow-on schedule check
