[2023-10-05T09:36:26.876+0000] {taskinstance.py:1165} INFO - Dependencies all met for <TaskInstance: xcom_dag.t2 manual__2023-10-05T09:36:24.441674+00:00 [queued]>
[2023-10-05T09:36:26.887+0000] {taskinstance.py:1165} INFO - Dependencies all met for <TaskInstance: xcom_dag.t2 manual__2023-10-05T09:36:24.441674+00:00 [queued]>
[2023-10-05T09:36:26.888+0000] {taskinstance.py:1362} INFO - 
--------------------------------------------------------------------------------
[2023-10-05T09:36:26.889+0000] {taskinstance.py:1363} INFO - Starting attempt 1 of 1
[2023-10-05T09:36:26.890+0000] {taskinstance.py:1364} INFO - 
--------------------------------------------------------------------------------
[2023-10-05T09:36:26.904+0000] {taskinstance.py:1383} INFO - Executing <Task(PythonOperator): t2> on 2023-10-05 09:36:24.441674+00:00
[2023-10-05T09:36:26.908+0000] {standard_task_runner.py:55} INFO - Started process 6237 to run task
[2023-10-05T09:36:26.912+0000] {standard_task_runner.py:82} INFO - Running: ['***', 'tasks', 'run', 'xcom_dag', 't2', 'manual__2023-10-05T09:36:24.441674+00:00', '--job-id', '63', '--raw', '--subdir', 'DAGS_FOLDER/xcom_dag.py', '--cfg-path', '/tmp/tmp4fcgve21']
[2023-10-05T09:36:26.913+0000] {standard_task_runner.py:83} INFO - Job 63: Subtask t2
[2023-10-05T09:36:26.972+0000] {task_command.py:376} INFO - Running <TaskInstance: xcom_dag.t2 manual__2023-10-05T09:36:24.441674+00:00 [running]> on host fb3fc9526d52
[2023-10-05T09:36:27.033+0000] {taskinstance.py:1592} INFO - Exporting the following env vars:
AIRFLOW_CTX_DAG_OWNER=***
AIRFLOW_CTX_DAG_ID=xcom_dag
AIRFLOW_CTX_TASK_ID=t2
AIRFLOW_CTX_EXECUTION_DATE=2023-10-05T09:36:24.441674+00:00
AIRFLOW_CTX_TRY_NUMBER=1
AIRFLOW_CTX_DAG_RUN_ID=manual__2023-10-05T09:36:24.441674+00:00
[2023-10-05T09:36:27.035+0000] {python.py:177} INFO - Done. Returned value was: None
[2023-10-05T09:36:27.045+0000] {taskinstance.py:1406} INFO - Marking task as SUCCESS. dag_id=xcom_dag, task_id=t2, execution_date=20231005T093624, start_date=20231005T093626, end_date=20231005T093627
[2023-10-05T09:36:27.085+0000] {local_task_job.py:164} INFO - Task exited with return code 0
[2023-10-05T09:36:27.107+0000] {local_task_job.py:273} INFO - 1 downstream tasks scheduled from follow-on schedule check
