[2023-10-05T07:47:46.102+0000] {taskinstance.py:1165} INFO - Dependencies all met for <TaskInstance: group_dag.downloads.download_c scheduled__2023-10-04T00:00:00+00:00 [queued]>
[2023-10-05T07:47:46.126+0000] {taskinstance.py:1165} INFO - Dependencies all met for <TaskInstance: group_dag.downloads.download_c scheduled__2023-10-04T00:00:00+00:00 [queued]>
[2023-10-05T07:47:46.127+0000] {taskinstance.py:1362} INFO - 
--------------------------------------------------------------------------------
[2023-10-05T07:47:46.128+0000] {taskinstance.py:1363} INFO - Starting attempt 1 of 1
[2023-10-05T07:47:46.128+0000] {taskinstance.py:1364} INFO - 
--------------------------------------------------------------------------------
[2023-10-05T07:47:46.162+0000] {taskinstance.py:1383} INFO - Executing <Task(BashOperator): download_c> on 2023-10-04 00:00:00+00:00
[2023-10-05T07:47:46.175+0000] {standard_task_runner.py:55} INFO - Started process 1240 to run task
[2023-10-05T07:47:46.209+0000] {standard_task_runner.py:82} INFO - Running: ['***', 'tasks', 'run', 'group_dag.downloads', 'download_c', 'scheduled__2023-10-04T00:00:00+00:00', '--job-id', '7', '--raw', '--subdir', 'DAGS_FOLDER/group_dag.py', '--cfg-path', '/tmp/tmp5bhuyc32']
[2023-10-05T07:47:46.210+0000] {standard_task_runner.py:83} INFO - Job 7: Subtask download_c
[2023-10-05T07:47:46.697+0000] {task_command.py:376} INFO - Running <TaskInstance: group_dag.downloads.download_c scheduled__2023-10-04T00:00:00+00:00 [running]> on host fb3fc9526d52
[2023-10-05T07:47:46.913+0000] {taskinstance.py:1592} INFO - Exporting the following env vars:
AIRFLOW_CTX_DAG_OWNER=***
AIRFLOW_CTX_DAG_ID=group_dag.downloads
AIRFLOW_CTX_TASK_ID=download_c
AIRFLOW_CTX_EXECUTION_DATE=2023-10-04T00:00:00+00:00
AIRFLOW_CTX_TRY_NUMBER=1
AIRFLOW_CTX_DAG_RUN_ID=scheduled__2023-10-04T00:00:00+00:00
[2023-10-05T07:47:46.921+0000] {subprocess.py:63} INFO - Tmp dir root location: 
 /tmp
[2023-10-05T07:47:46.923+0000] {subprocess.py:75} INFO - Running command: ['/bin/bash', '-c', 'sleep 10']
[2023-10-05T07:47:46.943+0000] {subprocess.py:86} INFO - Output:
[2023-10-05T07:47:56.950+0000] {subprocess.py:97} INFO - Command exited with return code 0
[2023-10-05T07:47:56.989+0000] {taskinstance.py:1406} INFO - Marking task as SUCCESS. dag_id=group_dag.downloads, task_id=download_c, execution_date=20231004T000000, start_date=20231005T074746, end_date=20231005T074756
[2023-10-05T07:47:57.028+0000] {local_task_job.py:164} INFO - Task exited with return code 0
[2023-10-05T07:47:57.056+0000] {local_task_job.py:273} INFO - 0 downstream tasks scheduled from follow-on schedule check
[2023-10-05T07:59:27.523+0000] {taskinstance.py:1165} INFO - Dependencies all met for <TaskInstance: group_dag.downloads.download_c scheduled__2023-10-04T00:00:00+00:00 [queued]>
[2023-10-05T07:59:27.533+0000] {taskinstance.py:1165} INFO - Dependencies all met for <TaskInstance: group_dag.downloads.download_c scheduled__2023-10-04T00:00:00+00:00 [queued]>
[2023-10-05T07:59:27.534+0000] {taskinstance.py:1362} INFO - 
--------------------------------------------------------------------------------
[2023-10-05T07:59:27.535+0000] {taskinstance.py:1363} INFO - Starting attempt 1 of 1
[2023-10-05T07:59:27.536+0000] {taskinstance.py:1364} INFO - 
--------------------------------------------------------------------------------
[2023-10-05T07:59:27.551+0000] {taskinstance.py:1383} INFO - Executing <Task(BashOperator): download_c> on 2023-10-04 00:00:00+00:00
[2023-10-05T07:59:27.556+0000] {standard_task_runner.py:55} INFO - Started process 1878 to run task
[2023-10-05T07:59:27.559+0000] {standard_task_runner.py:82} INFO - Running: ['***', 'tasks', 'run', 'group_dag.downloads', 'download_c', 'scheduled__2023-10-04T00:00:00+00:00', '--job-id', '34', '--raw', '--subdir', 'DAGS_FOLDER/group_dag.py', '--cfg-path', '/tmp/tmpxocs33pi']
[2023-10-05T07:59:27.560+0000] {standard_task_runner.py:83} INFO - Job 34: Subtask download_c
[2023-10-05T07:59:27.621+0000] {task_command.py:376} INFO - Running <TaskInstance: group_dag.downloads.download_c scheduled__2023-10-04T00:00:00+00:00 [running]> on host fb3fc9526d52
[2023-10-05T07:59:27.688+0000] {taskinstance.py:1592} INFO - Exporting the following env vars:
AIRFLOW_CTX_DAG_OWNER=***
AIRFLOW_CTX_DAG_ID=group_dag.downloads
AIRFLOW_CTX_TASK_ID=download_c
AIRFLOW_CTX_EXECUTION_DATE=2023-10-04T00:00:00+00:00
AIRFLOW_CTX_TRY_NUMBER=1
AIRFLOW_CTX_DAG_RUN_ID=scheduled__2023-10-04T00:00:00+00:00
[2023-10-05T07:59:27.689+0000] {subprocess.py:63} INFO - Tmp dir root location: 
 /tmp
[2023-10-05T07:59:27.691+0000] {subprocess.py:75} INFO - Running command: ['/bin/bash', '-c', 'sleep 10']
[2023-10-05T07:59:27.700+0000] {subprocess.py:86} INFO - Output:
[2023-10-05T07:59:37.702+0000] {subprocess.py:97} INFO - Command exited with return code 0
[2023-10-05T07:59:37.736+0000] {taskinstance.py:1406} INFO - Marking task as SUCCESS. dag_id=group_dag.downloads, task_id=download_c, execution_date=20231004T000000, start_date=20231005T075927, end_date=20231005T075937
[2023-10-05T07:59:37.773+0000] {local_task_job.py:164} INFO - Task exited with return code 0
[2023-10-05T07:59:37.789+0000] {local_task_job.py:273} INFO - 0 downstream tasks scheduled from follow-on schedule check
