[2023-10-05T08:28:40.959+0000] {taskinstance.py:1165} INFO - Dependencies all met for <TaskInstance: group_dag.downloads.download_b manual__2023-10-05T07:59:12.744605+00:00 [queued]>
[2023-10-05T08:28:40.979+0000] {taskinstance.py:1165} INFO - Dependencies all met for <TaskInstance: group_dag.downloads.download_b manual__2023-10-05T07:59:12.744605+00:00 [queued]>
[2023-10-05T08:28:40.980+0000] {taskinstance.py:1362} INFO - 
--------------------------------------------------------------------------------
[2023-10-05T08:28:40.981+0000] {taskinstance.py:1363} INFO - Starting attempt 1 of 1
[2023-10-05T08:28:40.982+0000] {taskinstance.py:1364} INFO - 
--------------------------------------------------------------------------------
[2023-10-05T08:28:41.006+0000] {taskinstance.py:1383} INFO - Executing <Task(BashOperator): downloads.download_b> on 2023-10-05 07:59:12.744605+00:00
[2023-10-05T08:28:41.017+0000] {standard_task_runner.py:55} INFO - Started process 3330 to run task
[2023-10-05T08:28:41.030+0000] {standard_task_runner.py:82} INFO - Running: ['***', 'tasks', 'run', 'group_dag', 'downloads.download_b', 'manual__2023-10-05T07:59:12.744605+00:00', '--job-id', '41', '--raw', '--subdir', 'DAGS_FOLDER/group_task_dag.py', '--cfg-path', '/tmp/tmpqs6jczkv']
[2023-10-05T08:28:41.031+0000] {standard_task_runner.py:83} INFO - Job 41: Subtask downloads.download_b
[2023-10-05T08:28:41.197+0000] {task_command.py:376} INFO - Running <TaskInstance: group_dag.downloads.download_b manual__2023-10-05T07:59:12.744605+00:00 [running]> on host fb3fc9526d52
[2023-10-05T08:28:41.367+0000] {taskinstance.py:1592} INFO - Exporting the following env vars:
AIRFLOW_CTX_DAG_OWNER=***
AIRFLOW_CTX_DAG_ID=group_dag
AIRFLOW_CTX_TASK_ID=downloads.download_b
AIRFLOW_CTX_EXECUTION_DATE=2023-10-05T07:59:12.744605+00:00
AIRFLOW_CTX_TRY_NUMBER=1
AIRFLOW_CTX_DAG_RUN_ID=manual__2023-10-05T07:59:12.744605+00:00
[2023-10-05T08:28:41.407+0000] {subprocess.py:63} INFO - Tmp dir root location: 
 /tmp
[2023-10-05T08:28:41.409+0000] {subprocess.py:75} INFO - Running command: ['/bin/bash', '-c', 'sleep 10']
[2023-10-05T08:28:41.441+0000] {subprocess.py:86} INFO - Output:
[2023-10-05T08:28:51.445+0000] {subprocess.py:97} INFO - Command exited with return code 0
[2023-10-05T08:28:51.473+0000] {taskinstance.py:1406} INFO - Marking task as SUCCESS. dag_id=group_dag, task_id=downloads.download_b, execution_date=20231005T075912, start_date=20231005T082840, end_date=20231005T082851
[2023-10-05T08:28:51.504+0000] {local_task_job.py:164} INFO - Task exited with return code 0
[2023-10-05T08:28:51.531+0000] {local_task_job.py:273} INFO - 0 downstream tasks scheduled from follow-on schedule check
