[2023-10-05T08:36:10.721+0000] {taskinstance.py:1165} INFO - Dependencies all met for <TaskInstance: group_task_dag.check_files scheduled__2023-10-04T00:00:00+00:00 [queued]>
[2023-10-05T08:36:10.734+0000] {taskinstance.py:1165} INFO - Dependencies all met for <TaskInstance: group_task_dag.check_files scheduled__2023-10-04T00:00:00+00:00 [queued]>
[2023-10-05T08:36:10.735+0000] {taskinstance.py:1362} INFO - 
--------------------------------------------------------------------------------
[2023-10-05T08:36:10.736+0000] {taskinstance.py:1363} INFO - Starting attempt 1 of 1
[2023-10-05T08:36:10.737+0000] {taskinstance.py:1364} INFO - 
--------------------------------------------------------------------------------
[2023-10-05T08:36:10.756+0000] {taskinstance.py:1383} INFO - Executing <Task(BashOperator): check_files> on 2023-10-04 00:00:00+00:00
[2023-10-05T08:36:10.763+0000] {standard_task_runner.py:55} INFO - Started process 3723 to run task
[2023-10-05T08:36:10.767+0000] {standard_task_runner.py:82} INFO - Running: ['***', 'tasks', 'run', 'group_task_dag', 'check_files', 'scheduled__2023-10-04T00:00:00+00:00', '--job-id', '54', '--raw', '--subdir', 'DAGS_FOLDER/group_task_dag.py', '--cfg-path', '/tmp/tmpu98sa4q3']
[2023-10-05T08:36:10.768+0000] {standard_task_runner.py:83} INFO - Job 54: Subtask check_files
[2023-10-05T08:36:10.846+0000] {task_command.py:376} INFO - Running <TaskInstance: group_task_dag.check_files scheduled__2023-10-04T00:00:00+00:00 [running]> on host fb3fc9526d52
[2023-10-05T08:36:10.928+0000] {taskinstance.py:1592} INFO - Exporting the following env vars:
AIRFLOW_CTX_DAG_OWNER=***
AIRFLOW_CTX_DAG_ID=group_task_dag
AIRFLOW_CTX_TASK_ID=check_files
AIRFLOW_CTX_EXECUTION_DATE=2023-10-04T00:00:00+00:00
AIRFLOW_CTX_TRY_NUMBER=1
AIRFLOW_CTX_DAG_RUN_ID=scheduled__2023-10-04T00:00:00+00:00
[2023-10-05T08:36:10.930+0000] {subprocess.py:63} INFO - Tmp dir root location: 
 /tmp
[2023-10-05T08:36:10.932+0000] {subprocess.py:75} INFO - Running command: ['/bin/bash', '-c', 'sleep 10']
[2023-10-05T08:36:10.944+0000] {subprocess.py:86} INFO - Output:
[2023-10-05T08:36:20.948+0000] {subprocess.py:97} INFO - Command exited with return code 0
[2023-10-05T08:36:20.974+0000] {taskinstance.py:1406} INFO - Marking task as SUCCESS. dag_id=group_task_dag, task_id=check_files, execution_date=20231004T000000, start_date=20231005T083610, end_date=20231005T083620
[2023-10-05T08:36:21.014+0000] {local_task_job.py:164} INFO - Task exited with return code 0
[2023-10-05T08:36:21.099+0000] {local_task_job.py:273} INFO - 3 downstream tasks scheduled from follow-on schedule check
