[2023-10-05T07:48:57.194+0000] {taskinstance.py:1165} INFO - Dependencies all met for <TaskInstance: group_dag.transform_a manual__2023-10-05T07:47:42.042116+00:00 [queued]>
[2023-10-05T07:48:57.208+0000] {taskinstance.py:1165} INFO - Dependencies all met for <TaskInstance: group_dag.transform_a manual__2023-10-05T07:47:42.042116+00:00 [queued]>
[2023-10-05T07:48:57.209+0000] {taskinstance.py:1362} INFO - 
--------------------------------------------------------------------------------
[2023-10-05T07:48:57.210+0000] {taskinstance.py:1363} INFO - Starting attempt 1 of 1
[2023-10-05T07:48:57.211+0000] {taskinstance.py:1364} INFO - 
--------------------------------------------------------------------------------
[2023-10-05T07:48:57.242+0000] {taskinstance.py:1383} INFO - Executing <Task(BashOperator): transform_a> on 2023-10-05 07:47:42.042116+00:00
[2023-10-05T07:48:57.248+0000] {standard_task_runner.py:55} INFO - Started process 1322 to run task
[2023-10-05T07:48:57.255+0000] {standard_task_runner.py:82} INFO - Running: ['***', 'tasks', 'run', 'group_dag', 'transform_a', 'manual__2023-10-05T07:47:42.042116+00:00', '--job-id', '20', '--raw', '--subdir', 'DAGS_FOLDER/group_dag.py', '--cfg-path', '/tmp/tmpd38l82gs']
[2023-10-05T07:48:57.256+0000] {standard_task_runner.py:83} INFO - Job 20: Subtask transform_a
[2023-10-05T07:48:57.336+0000] {task_command.py:376} INFO - Running <TaskInstance: group_dag.transform_a manual__2023-10-05T07:47:42.042116+00:00 [running]> on host fb3fc9526d52
[2023-10-05T07:48:57.421+0000] {taskinstance.py:1592} INFO - Exporting the following env vars:
AIRFLOW_CTX_DAG_OWNER=***
AIRFLOW_CTX_DAG_ID=group_dag
AIRFLOW_CTX_TASK_ID=transform_a
AIRFLOW_CTX_EXECUTION_DATE=2023-10-05T07:47:42.042116+00:00
AIRFLOW_CTX_TRY_NUMBER=1
AIRFLOW_CTX_DAG_RUN_ID=manual__2023-10-05T07:47:42.042116+00:00
[2023-10-05T07:48:57.423+0000] {subprocess.py:63} INFO - Tmp dir root location: 
 /tmp
[2023-10-05T07:48:57.424+0000] {subprocess.py:75} INFO - Running command: ['/bin/bash', '-c', 'sleep 10']
[2023-10-05T07:48:57.492+0000] {subprocess.py:86} INFO - Output:
[2023-10-05T07:49:07.496+0000] {subprocess.py:97} INFO - Command exited with return code 0
[2023-10-05T07:49:07.639+0000] {taskinstance.py:1406} INFO - Marking task as SUCCESS. dag_id=group_dag, task_id=transform_a, execution_date=20231005T074742, start_date=20231005T074857, end_date=20231005T074907
[2023-10-05T07:49:07.691+0000] {local_task_job.py:164} INFO - Task exited with return code 0
[2023-10-05T07:49:07.716+0000] {local_task_job.py:273} INFO - 0 downstream tasks scheduled from follow-on schedule check
