[2023-10-05T13:45:15.533+0000] {processor.py:154} INFO - Started process (PID=852) to work on /opt/airflow/dags/elastic_dag.py
[2023-10-05T13:45:15.534+0000] {processor.py:756} INFO - Processing file /opt/airflow/dags/elastic_dag.py for tasks to queue
[2023-10-05T13:45:15.536+0000] {logging_mixin.py:120} INFO - [2023-10-05T13:45:15.536+0000] {dagbag.py:537} INFO - Filling up the DagBag from /opt/airflow/dags/elastic_dag.py
[2023-10-05T13:45:15.945+0000] {processor.py:766} INFO - DAG(s) dict_keys(['elastic_dag']) retrieved from /opt/airflow/dags/elastic_dag.py
[2023-10-05T13:45:16.058+0000] {logging_mixin.py:120} INFO - [2023-10-05T13:45:16.058+0000] {manager.py:507} INFO - Created Permission View: can edit on DAG:elastic_dag
[2023-10-05T13:45:16.066+0000] {logging_mixin.py:120} INFO - [2023-10-05T13:45:16.066+0000] {manager.py:507} INFO - Created Permission View: can delete on DAG:elastic_dag
[2023-10-05T13:45:16.073+0000] {logging_mixin.py:120} INFO - [2023-10-05T13:45:16.073+0000] {manager.py:507} INFO - Created Permission View: can read on DAG:elastic_dag
[2023-10-05T13:45:16.074+0000] {logging_mixin.py:120} INFO - [2023-10-05T13:45:16.074+0000] {dag.py:2585} INFO - Sync 1 DAGs
[2023-10-05T13:45:16.084+0000] {logging_mixin.py:120} INFO - [2023-10-05T13:45:16.084+0000] {dag.py:2606} INFO - Creating ORM DAG for elastic_dag
[2023-10-05T13:45:16.208+0000] {logging_mixin.py:120} INFO - [2023-10-05T13:45:16.207+0000] {dag.py:3340} INFO - Setting next_dagrun for elastic_dag to 2023-10-04T00:00:00+00:00, run_after=2023-10-05T00:00:00+00:00
[2023-10-05T13:45:16.236+0000] {processor.py:176} INFO - Processing /opt/airflow/dags/elastic_dag.py took 0.707 seconds
[2023-10-05T13:45:46.479+0000] {processor.py:154} INFO - Started process (PID=896) to work on /opt/airflow/dags/elastic_dag.py
[2023-10-05T13:45:46.481+0000] {processor.py:756} INFO - Processing file /opt/airflow/dags/elastic_dag.py for tasks to queue
[2023-10-05T13:45:46.482+0000] {logging_mixin.py:120} INFO - [2023-10-05T13:45:46.482+0000] {dagbag.py:537} INFO - Filling up the DagBag from /opt/airflow/dags/elastic_dag.py
[2023-10-05T13:45:46.848+0000] {processor.py:766} INFO - DAG(s) dict_keys(['elastic_dag']) retrieved from /opt/airflow/dags/elastic_dag.py
[2023-10-05T13:45:46.882+0000] {logging_mixin.py:120} INFO - [2023-10-05T13:45:46.881+0000] {dag.py:2585} INFO - Sync 1 DAGs
[2023-10-05T13:45:46.905+0000] {logging_mixin.py:120} INFO - [2023-10-05T13:45:46.904+0000] {dag.py:3340} INFO - Setting next_dagrun for elastic_dag to 2023-10-05T00:00:00+00:00, run_after=2023-10-06T00:00:00+00:00
[2023-10-05T13:45:46.926+0000] {processor.py:176} INFO - Processing /opt/airflow/dags/elastic_dag.py took 0.450 seconds
[2023-10-05T13:46:17.417+0000] {processor.py:154} INFO - Started process (PID=940) to work on /opt/airflow/dags/elastic_dag.py
[2023-10-05T13:46:17.418+0000] {processor.py:756} INFO - Processing file /opt/airflow/dags/elastic_dag.py for tasks to queue
[2023-10-05T13:46:17.420+0000] {logging_mixin.py:120} INFO - [2023-10-05T13:46:17.420+0000] {dagbag.py:537} INFO - Filling up the DagBag from /opt/airflow/dags/elastic_dag.py
[2023-10-05T13:46:17.827+0000] {processor.py:766} INFO - DAG(s) dict_keys(['elastic_dag']) retrieved from /opt/airflow/dags/elastic_dag.py
[2023-10-05T13:46:17.857+0000] {logging_mixin.py:120} INFO - [2023-10-05T13:46:17.856+0000] {dag.py:2585} INFO - Sync 1 DAGs
[2023-10-05T13:46:17.879+0000] {logging_mixin.py:120} INFO - [2023-10-05T13:46:17.879+0000] {dag.py:3340} INFO - Setting next_dagrun for elastic_dag to 2023-10-05T00:00:00+00:00, run_after=2023-10-06T00:00:00+00:00
[2023-10-05T13:46:17.903+0000] {processor.py:176} INFO - Processing /opt/airflow/dags/elastic_dag.py took 0.489 seconds
[2023-10-05T13:46:48.277+0000] {processor.py:154} INFO - Started process (PID=984) to work on /opt/airflow/dags/elastic_dag.py
[2023-10-05T13:46:48.278+0000] {processor.py:756} INFO - Processing file /opt/airflow/dags/elastic_dag.py for tasks to queue
[2023-10-05T13:46:48.280+0000] {logging_mixin.py:120} INFO - [2023-10-05T13:46:48.280+0000] {dagbag.py:537} INFO - Filling up the DagBag from /opt/airflow/dags/elastic_dag.py
[2023-10-05T13:46:48.651+0000] {processor.py:766} INFO - DAG(s) dict_keys(['elastic_dag']) retrieved from /opt/airflow/dags/elastic_dag.py
[2023-10-05T13:46:48.684+0000] {logging_mixin.py:120} INFO - [2023-10-05T13:46:48.683+0000] {dag.py:2585} INFO - Sync 1 DAGs
[2023-10-05T13:46:48.706+0000] {logging_mixin.py:120} INFO - [2023-10-05T13:46:48.706+0000] {dag.py:3340} INFO - Setting next_dagrun for elastic_dag to 2023-10-05T00:00:00+00:00, run_after=2023-10-06T00:00:00+00:00
[2023-10-05T13:46:48.731+0000] {processor.py:176} INFO - Processing /opt/airflow/dags/elastic_dag.py took 0.458 seconds
[2023-10-05T13:47:19.677+0000] {processor.py:154} INFO - Started process (PID=1028) to work on /opt/airflow/dags/elastic_dag.py
[2023-10-05T13:47:19.678+0000] {processor.py:756} INFO - Processing file /opt/airflow/dags/elastic_dag.py for tasks to queue
[2023-10-05T13:47:19.679+0000] {logging_mixin.py:120} INFO - [2023-10-05T13:47:19.679+0000] {dagbag.py:537} INFO - Filling up the DagBag from /opt/airflow/dags/elastic_dag.py
[2023-10-05T13:47:20.065+0000] {processor.py:766} INFO - DAG(s) dict_keys(['elastic_dag']) retrieved from /opt/airflow/dags/elastic_dag.py
[2023-10-05T13:47:20.095+0000] {logging_mixin.py:120} INFO - [2023-10-05T13:47:20.095+0000] {dag.py:2585} INFO - Sync 1 DAGs
[2023-10-05T13:47:20.116+0000] {logging_mixin.py:120} INFO - [2023-10-05T13:47:20.116+0000] {dag.py:3340} INFO - Setting next_dagrun for elastic_dag to 2023-10-05T00:00:00+00:00, run_after=2023-10-06T00:00:00+00:00
[2023-10-05T13:47:20.139+0000] {processor.py:176} INFO - Processing /opt/airflow/dags/elastic_dag.py took 0.465 seconds
[2023-10-05T13:47:50.495+0000] {processor.py:154} INFO - Started process (PID=1063) to work on /opt/airflow/dags/elastic_dag.py
[2023-10-05T13:47:50.497+0000] {processor.py:756} INFO - Processing file /opt/airflow/dags/elastic_dag.py for tasks to queue
[2023-10-05T13:47:50.498+0000] {logging_mixin.py:120} INFO - [2023-10-05T13:47:50.498+0000] {dagbag.py:537} INFO - Filling up the DagBag from /opt/airflow/dags/elastic_dag.py
[2023-10-05T13:47:50.899+0000] {processor.py:766} INFO - DAG(s) dict_keys(['elastic_dag']) retrieved from /opt/airflow/dags/elastic_dag.py
[2023-10-05T13:47:50.930+0000] {logging_mixin.py:120} INFO - [2023-10-05T13:47:50.929+0000] {dag.py:2585} INFO - Sync 1 DAGs
[2023-10-05T13:47:50.953+0000] {logging_mixin.py:120} INFO - [2023-10-05T13:47:50.953+0000] {dag.py:3340} INFO - Setting next_dagrun for elastic_dag to 2023-10-05T00:00:00+00:00, run_after=2023-10-06T00:00:00+00:00
[2023-10-05T13:47:50.979+0000] {processor.py:176} INFO - Processing /opt/airflow/dags/elastic_dag.py took 0.487 seconds
[2023-10-05T13:48:21.212+0000] {processor.py:154} INFO - Started process (PID=1107) to work on /opt/airflow/dags/elastic_dag.py
[2023-10-05T13:48:21.214+0000] {processor.py:756} INFO - Processing file /opt/airflow/dags/elastic_dag.py for tasks to queue
[2023-10-05T13:48:21.215+0000] {logging_mixin.py:120} INFO - [2023-10-05T13:48:21.215+0000] {dagbag.py:537} INFO - Filling up the DagBag from /opt/airflow/dags/elastic_dag.py
[2023-10-05T13:48:21.598+0000] {processor.py:766} INFO - DAG(s) dict_keys(['elastic_dag']) retrieved from /opt/airflow/dags/elastic_dag.py
[2023-10-05T13:48:21.630+0000] {logging_mixin.py:120} INFO - [2023-10-05T13:48:21.629+0000] {dag.py:2585} INFO - Sync 1 DAGs
[2023-10-05T13:48:21.649+0000] {logging_mixin.py:120} INFO - [2023-10-05T13:48:21.649+0000] {dag.py:3340} INFO - Setting next_dagrun for elastic_dag to 2023-10-05T00:00:00+00:00, run_after=2023-10-06T00:00:00+00:00
[2023-10-05T13:48:21.671+0000] {processor.py:176} INFO - Processing /opt/airflow/dags/elastic_dag.py took 0.462 seconds
[2023-10-05T13:48:52.553+0000] {processor.py:154} INFO - Started process (PID=1151) to work on /opt/airflow/dags/elastic_dag.py
[2023-10-05T13:48:52.555+0000] {processor.py:756} INFO - Processing file /opt/airflow/dags/elastic_dag.py for tasks to queue
[2023-10-05T13:48:52.557+0000] {logging_mixin.py:120} INFO - [2023-10-05T13:48:52.556+0000] {dagbag.py:537} INFO - Filling up the DagBag from /opt/airflow/dags/elastic_dag.py
[2023-10-05T13:48:52.926+0000] {processor.py:766} INFO - DAG(s) dict_keys(['elastic_dag']) retrieved from /opt/airflow/dags/elastic_dag.py
[2023-10-05T13:48:52.956+0000] {logging_mixin.py:120} INFO - [2023-10-05T13:48:52.956+0000] {dag.py:2585} INFO - Sync 1 DAGs
[2023-10-05T13:48:52.980+0000] {logging_mixin.py:120} INFO - [2023-10-05T13:48:52.980+0000] {dag.py:3340} INFO - Setting next_dagrun for elastic_dag to 2023-10-05T00:00:00+00:00, run_after=2023-10-06T00:00:00+00:00
[2023-10-05T13:48:53.004+0000] {processor.py:176} INFO - Processing /opt/airflow/dags/elastic_dag.py took 0.454 seconds
[2023-10-05T13:49:23.635+0000] {processor.py:154} INFO - Started process (PID=1196) to work on /opt/airflow/dags/elastic_dag.py
[2023-10-05T13:49:23.636+0000] {processor.py:756} INFO - Processing file /opt/airflow/dags/elastic_dag.py for tasks to queue
[2023-10-05T13:49:23.638+0000] {logging_mixin.py:120} INFO - [2023-10-05T13:49:23.638+0000] {dagbag.py:537} INFO - Filling up the DagBag from /opt/airflow/dags/elastic_dag.py
[2023-10-05T13:49:23.988+0000] {processor.py:766} INFO - DAG(s) dict_keys(['elastic_dag']) retrieved from /opt/airflow/dags/elastic_dag.py
[2023-10-05T13:49:24.017+0000] {logging_mixin.py:120} INFO - [2023-10-05T13:49:24.017+0000] {dag.py:2585} INFO - Sync 1 DAGs
[2023-10-05T13:49:24.037+0000] {logging_mixin.py:120} INFO - [2023-10-05T13:49:24.037+0000] {dag.py:3340} INFO - Setting next_dagrun for elastic_dag to 2023-10-05T00:00:00+00:00, run_after=2023-10-06T00:00:00+00:00
[2023-10-05T13:49:24.062+0000] {processor.py:176} INFO - Processing /opt/airflow/dags/elastic_dag.py took 0.430 seconds
[2023-10-05T13:49:54.717+0000] {processor.py:154} INFO - Started process (PID=1241) to work on /opt/airflow/dags/elastic_dag.py
[2023-10-05T13:49:54.719+0000] {processor.py:756} INFO - Processing file /opt/airflow/dags/elastic_dag.py for tasks to queue
[2023-10-05T13:49:54.720+0000] {logging_mixin.py:120} INFO - [2023-10-05T13:49:54.720+0000] {dagbag.py:537} INFO - Filling up the DagBag from /opt/airflow/dags/elastic_dag.py
[2023-10-05T13:49:55.107+0000] {processor.py:766} INFO - DAG(s) dict_keys(['elastic_dag']) retrieved from /opt/airflow/dags/elastic_dag.py
[2023-10-05T13:49:55.137+0000] {logging_mixin.py:120} INFO - [2023-10-05T13:49:55.137+0000] {dag.py:2585} INFO - Sync 1 DAGs
[2023-10-05T13:49:55.159+0000] {logging_mixin.py:120} INFO - [2023-10-05T13:49:55.159+0000] {dag.py:3340} INFO - Setting next_dagrun for elastic_dag to 2023-10-05T00:00:00+00:00, run_after=2023-10-06T00:00:00+00:00
[2023-10-05T13:49:55.183+0000] {processor.py:176} INFO - Processing /opt/airflow/dags/elastic_dag.py took 0.470 seconds
[2023-10-05T13:50:25.788+0000] {processor.py:154} INFO - Started process (PID=1276) to work on /opt/airflow/dags/elastic_dag.py
[2023-10-05T13:50:25.789+0000] {processor.py:756} INFO - Processing file /opt/airflow/dags/elastic_dag.py for tasks to queue
[2023-10-05T13:50:25.791+0000] {logging_mixin.py:120} INFO - [2023-10-05T13:50:25.791+0000] {dagbag.py:537} INFO - Filling up the DagBag from /opt/airflow/dags/elastic_dag.py
[2023-10-05T13:50:26.117+0000] {processor.py:766} INFO - DAG(s) dict_keys(['elastic_dag']) retrieved from /opt/airflow/dags/elastic_dag.py
[2023-10-05T13:50:26.148+0000] {logging_mixin.py:120} INFO - [2023-10-05T13:50:26.148+0000] {dag.py:2585} INFO - Sync 1 DAGs
[2023-10-05T13:50:26.169+0000] {logging_mixin.py:120} INFO - [2023-10-05T13:50:26.169+0000] {dag.py:3340} INFO - Setting next_dagrun for elastic_dag to 2023-10-05T00:00:00+00:00, run_after=2023-10-06T00:00:00+00:00
[2023-10-05T13:50:26.195+0000] {processor.py:176} INFO - Processing /opt/airflow/dags/elastic_dag.py took 0.410 seconds
[2023-10-05T13:50:56.635+0000] {processor.py:154} INFO - Started process (PID=1320) to work on /opt/airflow/dags/elastic_dag.py
[2023-10-05T13:50:56.637+0000] {processor.py:756} INFO - Processing file /opt/airflow/dags/elastic_dag.py for tasks to queue
[2023-10-05T13:50:56.638+0000] {logging_mixin.py:120} INFO - [2023-10-05T13:50:56.638+0000] {dagbag.py:537} INFO - Filling up the DagBag from /opt/airflow/dags/elastic_dag.py
[2023-10-05T13:50:56.978+0000] {processor.py:766} INFO - DAG(s) dict_keys(['elastic_dag']) retrieved from /opt/airflow/dags/elastic_dag.py
[2023-10-05T13:50:57.008+0000] {logging_mixin.py:120} INFO - [2023-10-05T13:50:57.008+0000] {dag.py:2585} INFO - Sync 1 DAGs
[2023-10-05T13:50:57.027+0000] {logging_mixin.py:120} INFO - [2023-10-05T13:50:57.027+0000] {dag.py:3340} INFO - Setting next_dagrun for elastic_dag to 2023-10-05T00:00:00+00:00, run_after=2023-10-06T00:00:00+00:00
[2023-10-05T13:50:57.047+0000] {processor.py:176} INFO - Processing /opt/airflow/dags/elastic_dag.py took 0.414 seconds
[2023-10-05T13:51:27.224+0000] {processor.py:154} INFO - Started process (PID=1364) to work on /opt/airflow/dags/elastic_dag.py
[2023-10-05T13:51:27.226+0000] {processor.py:756} INFO - Processing file /opt/airflow/dags/elastic_dag.py for tasks to queue
[2023-10-05T13:51:27.228+0000] {logging_mixin.py:120} INFO - [2023-10-05T13:51:27.227+0000] {dagbag.py:537} INFO - Filling up the DagBag from /opt/airflow/dags/elastic_dag.py
[2023-10-05T13:51:27.620+0000] {processor.py:766} INFO - DAG(s) dict_keys(['elastic_dag']) retrieved from /opt/airflow/dags/elastic_dag.py
[2023-10-05T13:51:27.649+0000] {logging_mixin.py:120} INFO - [2023-10-05T13:51:27.649+0000] {dag.py:2585} INFO - Sync 1 DAGs
[2023-10-05T13:51:27.668+0000] {logging_mixin.py:120} INFO - [2023-10-05T13:51:27.668+0000] {dag.py:3340} INFO - Setting next_dagrun for elastic_dag to 2023-10-05T00:00:00+00:00, run_after=2023-10-06T00:00:00+00:00
[2023-10-05T13:51:27.694+0000] {processor.py:176} INFO - Processing /opt/airflow/dags/elastic_dag.py took 0.474 seconds
[2023-10-05T13:51:58.763+0000] {processor.py:154} INFO - Started process (PID=1407) to work on /opt/airflow/dags/elastic_dag.py
[2023-10-05T13:51:58.765+0000] {processor.py:756} INFO - Processing file /opt/airflow/dags/elastic_dag.py for tasks to queue
[2023-10-05T13:51:58.767+0000] {logging_mixin.py:120} INFO - [2023-10-05T13:51:58.767+0000] {dagbag.py:537} INFO - Filling up the DagBag from /opt/airflow/dags/elastic_dag.py
[2023-10-05T13:51:59.134+0000] {processor.py:766} INFO - DAG(s) dict_keys(['elastic_dag']) retrieved from /opt/airflow/dags/elastic_dag.py
[2023-10-05T13:51:59.165+0000] {logging_mixin.py:120} INFO - [2023-10-05T13:51:59.164+0000] {dag.py:2585} INFO - Sync 1 DAGs
[2023-10-05T13:51:59.186+0000] {logging_mixin.py:120} INFO - [2023-10-05T13:51:59.186+0000] {dag.py:3340} INFO - Setting next_dagrun for elastic_dag to 2023-10-05T00:00:00+00:00, run_after=2023-10-06T00:00:00+00:00
[2023-10-05T13:51:59.209+0000] {processor.py:176} INFO - Processing /opt/airflow/dags/elastic_dag.py took 0.449 seconds
[2023-10-05T13:52:29.884+0000] {processor.py:154} INFO - Started process (PID=1449) to work on /opt/airflow/dags/elastic_dag.py
[2023-10-05T13:52:29.885+0000] {processor.py:756} INFO - Processing file /opt/airflow/dags/elastic_dag.py for tasks to queue
[2023-10-05T13:52:29.887+0000] {logging_mixin.py:120} INFO - [2023-10-05T13:52:29.886+0000] {dagbag.py:537} INFO - Filling up the DagBag from /opt/airflow/dags/elastic_dag.py
[2023-10-05T13:52:30.352+0000] {processor.py:766} INFO - DAG(s) dict_keys(['elastic_dag']) retrieved from /opt/airflow/dags/elastic_dag.py
[2023-10-05T13:52:30.399+0000] {logging_mixin.py:120} INFO - [2023-10-05T13:52:30.399+0000] {dag.py:2585} INFO - Sync 1 DAGs
[2023-10-05T13:52:30.433+0000] {logging_mixin.py:120} INFO - [2023-10-05T13:52:30.433+0000] {dag.py:3340} INFO - Setting next_dagrun for elastic_dag to 2023-10-05T00:00:00+00:00, run_after=2023-10-06T00:00:00+00:00
[2023-10-05T13:52:30.469+0000] {processor.py:176} INFO - Processing /opt/airflow/dags/elastic_dag.py took 0.588 seconds
[2023-10-05T13:53:00.841+0000] {processor.py:154} INFO - Started process (PID=1486) to work on /opt/airflow/dags/elastic_dag.py
[2023-10-05T13:53:00.843+0000] {processor.py:756} INFO - Processing file /opt/airflow/dags/elastic_dag.py for tasks to queue
[2023-10-05T13:53:00.845+0000] {logging_mixin.py:120} INFO - [2023-10-05T13:53:00.844+0000] {dagbag.py:537} INFO - Filling up the DagBag from /opt/airflow/dags/elastic_dag.py
[2023-10-05T13:53:01.237+0000] {processor.py:766} INFO - DAG(s) dict_keys(['elastic_dag']) retrieved from /opt/airflow/dags/elastic_dag.py
[2023-10-05T13:53:01.272+0000] {logging_mixin.py:120} INFO - [2023-10-05T13:53:01.271+0000] {dag.py:2585} INFO - Sync 1 DAGs
[2023-10-05T13:53:01.293+0000] {logging_mixin.py:120} INFO - [2023-10-05T13:53:01.292+0000] {dag.py:3340} INFO - Setting next_dagrun for elastic_dag to 2023-10-05T00:00:00+00:00, run_after=2023-10-06T00:00:00+00:00
[2023-10-05T13:53:01.315+0000] {processor.py:176} INFO - Processing /opt/airflow/dags/elastic_dag.py took 0.477 seconds
[2023-10-05T13:53:32.244+0000] {processor.py:154} INFO - Started process (PID=1530) to work on /opt/airflow/dags/elastic_dag.py
[2023-10-05T13:53:32.246+0000] {processor.py:756} INFO - Processing file /opt/airflow/dags/elastic_dag.py for tasks to queue
[2023-10-05T13:53:32.247+0000] {logging_mixin.py:120} INFO - [2023-10-05T13:53:32.247+0000] {dagbag.py:537} INFO - Filling up the DagBag from /opt/airflow/dags/elastic_dag.py
[2023-10-05T13:53:32.623+0000] {processor.py:766} INFO - DAG(s) dict_keys(['elastic_dag']) retrieved from /opt/airflow/dags/elastic_dag.py
[2023-10-05T13:53:32.655+0000] {logging_mixin.py:120} INFO - [2023-10-05T13:53:32.655+0000] {dag.py:2585} INFO - Sync 1 DAGs
[2023-10-05T13:53:32.675+0000] {logging_mixin.py:120} INFO - [2023-10-05T13:53:32.675+0000] {dag.py:3340} INFO - Setting next_dagrun for elastic_dag to 2023-10-05T00:00:00+00:00, run_after=2023-10-06T00:00:00+00:00
[2023-10-05T13:53:32.700+0000] {processor.py:176} INFO - Processing /opt/airflow/dags/elastic_dag.py took 0.459 seconds
[2023-10-05T13:54:03.030+0000] {processor.py:154} INFO - Started process (PID=1574) to work on /opt/airflow/dags/elastic_dag.py
[2023-10-05T13:54:03.032+0000] {processor.py:756} INFO - Processing file /opt/airflow/dags/elastic_dag.py for tasks to queue
[2023-10-05T13:54:03.033+0000] {logging_mixin.py:120} INFO - [2023-10-05T13:54:03.033+0000] {dagbag.py:537} INFO - Filling up the DagBag from /opt/airflow/dags/elastic_dag.py
[2023-10-05T13:54:03.402+0000] {processor.py:766} INFO - DAG(s) dict_keys(['elastic_dag']) retrieved from /opt/airflow/dags/elastic_dag.py
[2023-10-05T13:54:03.433+0000] {logging_mixin.py:120} INFO - [2023-10-05T13:54:03.432+0000] {dag.py:2585} INFO - Sync 1 DAGs
[2023-10-05T13:54:03.456+0000] {logging_mixin.py:120} INFO - [2023-10-05T13:54:03.455+0000] {dag.py:3340} INFO - Setting next_dagrun for elastic_dag to 2023-10-05T00:00:00+00:00, run_after=2023-10-06T00:00:00+00:00
[2023-10-05T13:54:03.477+0000] {processor.py:176} INFO - Processing /opt/airflow/dags/elastic_dag.py took 0.454 seconds
[2023-10-05T13:54:34.311+0000] {processor.py:154} INFO - Started process (PID=1618) to work on /opt/airflow/dags/elastic_dag.py
[2023-10-05T13:54:34.312+0000] {processor.py:756} INFO - Processing file /opt/airflow/dags/elastic_dag.py for tasks to queue
[2023-10-05T13:54:34.314+0000] {logging_mixin.py:120} INFO - [2023-10-05T13:54:34.314+0000] {dagbag.py:537} INFO - Filling up the DagBag from /opt/airflow/dags/elastic_dag.py
[2023-10-05T13:54:34.665+0000] {processor.py:766} INFO - DAG(s) dict_keys(['elastic_dag']) retrieved from /opt/airflow/dags/elastic_dag.py
[2023-10-05T13:54:34.694+0000] {logging_mixin.py:120} INFO - [2023-10-05T13:54:34.693+0000] {dag.py:2585} INFO - Sync 1 DAGs
[2023-10-05T13:54:34.715+0000] {logging_mixin.py:120} INFO - [2023-10-05T13:54:34.715+0000] {dag.py:3340} INFO - Setting next_dagrun for elastic_dag to 2023-10-05T00:00:00+00:00, run_after=2023-10-06T00:00:00+00:00
[2023-10-05T13:54:34.739+0000] {processor.py:176} INFO - Processing /opt/airflow/dags/elastic_dag.py took 0.431 seconds
[2023-10-05T13:55:05.144+0000] {processor.py:154} INFO - Started process (PID=1657) to work on /opt/airflow/dags/elastic_dag.py
[2023-10-05T13:55:05.146+0000] {processor.py:756} INFO - Processing file /opt/airflow/dags/elastic_dag.py for tasks to queue
[2023-10-05T13:55:05.147+0000] {logging_mixin.py:120} INFO - [2023-10-05T13:55:05.147+0000] {dagbag.py:537} INFO - Filling up the DagBag from /opt/airflow/dags/elastic_dag.py
[2023-10-05T13:55:05.540+0000] {processor.py:766} INFO - DAG(s) dict_keys(['elastic_dag']) retrieved from /opt/airflow/dags/elastic_dag.py
[2023-10-05T13:55:05.582+0000] {logging_mixin.py:120} INFO - [2023-10-05T13:55:05.581+0000] {dag.py:2585} INFO - Sync 1 DAGs
[2023-10-05T13:55:05.611+0000] {logging_mixin.py:120} INFO - [2023-10-05T13:55:05.611+0000] {dag.py:3340} INFO - Setting next_dagrun for elastic_dag to 2023-10-05T00:00:00+00:00, run_after=2023-10-06T00:00:00+00:00
[2023-10-05T13:55:05.646+0000] {processor.py:176} INFO - Processing /opt/airflow/dags/elastic_dag.py took 0.505 seconds
[2023-10-05T13:55:36.193+0000] {processor.py:154} INFO - Started process (PID=1694) to work on /opt/airflow/dags/elastic_dag.py
[2023-10-05T13:55:36.194+0000] {processor.py:756} INFO - Processing file /opt/airflow/dags/elastic_dag.py for tasks to queue
[2023-10-05T13:55:36.196+0000] {logging_mixin.py:120} INFO - [2023-10-05T13:55:36.196+0000] {dagbag.py:537} INFO - Filling up the DagBag from /opt/airflow/dags/elastic_dag.py
[2023-10-05T13:55:36.589+0000] {processor.py:766} INFO - DAG(s) dict_keys(['elastic_dag']) retrieved from /opt/airflow/dags/elastic_dag.py
[2023-10-05T13:55:36.621+0000] {logging_mixin.py:120} INFO - [2023-10-05T13:55:36.620+0000] {dag.py:2585} INFO - Sync 1 DAGs
[2023-10-05T13:55:36.645+0000] {logging_mixin.py:120} INFO - [2023-10-05T13:55:36.645+0000] {dag.py:3340} INFO - Setting next_dagrun for elastic_dag to 2023-10-05T00:00:00+00:00, run_after=2023-10-06T00:00:00+00:00
[2023-10-05T13:55:36.671+0000] {processor.py:176} INFO - Processing /opt/airflow/dags/elastic_dag.py took 0.482 seconds
[2023-10-05T13:56:06.995+0000] {processor.py:154} INFO - Started process (PID=1738) to work on /opt/airflow/dags/elastic_dag.py
[2023-10-05T13:56:06.997+0000] {processor.py:756} INFO - Processing file /opt/airflow/dags/elastic_dag.py for tasks to queue
[2023-10-05T13:56:06.999+0000] {logging_mixin.py:120} INFO - [2023-10-05T13:56:06.999+0000] {dagbag.py:537} INFO - Filling up the DagBag from /opt/airflow/dags/elastic_dag.py
[2023-10-05T13:56:07.472+0000] {processor.py:766} INFO - DAG(s) dict_keys(['elastic_dag']) retrieved from /opt/airflow/dags/elastic_dag.py
[2023-10-05T13:56:07.518+0000] {logging_mixin.py:120} INFO - [2023-10-05T13:56:07.516+0000] {dag.py:2585} INFO - Sync 1 DAGs
[2023-10-05T13:56:07.558+0000] {logging_mixin.py:120} INFO - [2023-10-05T13:56:07.557+0000] {dag.py:3340} INFO - Setting next_dagrun for elastic_dag to 2023-10-05T00:00:00+00:00, run_after=2023-10-06T00:00:00+00:00
[2023-10-05T13:56:07.596+0000] {processor.py:176} INFO - Processing /opt/airflow/dags/elastic_dag.py took 0.603 seconds
[2023-10-05T13:56:38.509+0000] {processor.py:154} INFO - Started process (PID=1782) to work on /opt/airflow/dags/elastic_dag.py
[2023-10-05T13:56:38.510+0000] {processor.py:756} INFO - Processing file /opt/airflow/dags/elastic_dag.py for tasks to queue
[2023-10-05T13:56:38.512+0000] {logging_mixin.py:120} INFO - [2023-10-05T13:56:38.512+0000] {dagbag.py:537} INFO - Filling up the DagBag from /opt/airflow/dags/elastic_dag.py
[2023-10-05T13:56:38.894+0000] {processor.py:766} INFO - DAG(s) dict_keys(['elastic_dag']) retrieved from /opt/airflow/dags/elastic_dag.py
[2023-10-05T13:56:38.933+0000] {logging_mixin.py:120} INFO - [2023-10-05T13:56:38.933+0000] {dag.py:2585} INFO - Sync 1 DAGs
[2023-10-05T13:56:38.961+0000] {logging_mixin.py:120} INFO - [2023-10-05T13:56:38.961+0000] {dag.py:3340} INFO - Setting next_dagrun for elastic_dag to 2023-10-05T00:00:00+00:00, run_after=2023-10-06T00:00:00+00:00
[2023-10-05T13:56:38.990+0000] {processor.py:176} INFO - Processing /opt/airflow/dags/elastic_dag.py took 0.485 seconds
[2023-10-05T13:57:09.193+0000] {processor.py:154} INFO - Started process (PID=1827) to work on /opt/airflow/dags/elastic_dag.py
[2023-10-05T13:57:09.195+0000] {processor.py:756} INFO - Processing file /opt/airflow/dags/elastic_dag.py for tasks to queue
[2023-10-05T13:57:09.196+0000] {logging_mixin.py:120} INFO - [2023-10-05T13:57:09.196+0000] {dagbag.py:537} INFO - Filling up the DagBag from /opt/airflow/dags/elastic_dag.py
[2023-10-05T13:57:09.538+0000] {processor.py:766} INFO - DAG(s) dict_keys(['elastic_dag']) retrieved from /opt/airflow/dags/elastic_dag.py
[2023-10-05T13:57:09.569+0000] {logging_mixin.py:120} INFO - [2023-10-05T13:57:09.568+0000] {dag.py:2585} INFO - Sync 1 DAGs
[2023-10-05T13:57:09.589+0000] {logging_mixin.py:120} INFO - [2023-10-05T13:57:09.589+0000] {dag.py:3340} INFO - Setting next_dagrun for elastic_dag to 2023-10-05T00:00:00+00:00, run_after=2023-10-06T00:00:00+00:00
[2023-10-05T13:57:09.617+0000] {processor.py:176} INFO - Processing /opt/airflow/dags/elastic_dag.py took 0.427 seconds
[2023-10-05T13:57:39.764+0000] {processor.py:154} INFO - Started process (PID=1863) to work on /opt/airflow/dags/elastic_dag.py
[2023-10-05T13:57:39.766+0000] {processor.py:756} INFO - Processing file /opt/airflow/dags/elastic_dag.py for tasks to queue
[2023-10-05T13:57:39.768+0000] {logging_mixin.py:120} INFO - [2023-10-05T13:57:39.768+0000] {dagbag.py:537} INFO - Filling up the DagBag from /opt/airflow/dags/elastic_dag.py
[2023-10-05T13:57:40.119+0000] {processor.py:766} INFO - DAG(s) dict_keys(['elastic_dag']) retrieved from /opt/airflow/dags/elastic_dag.py
[2023-10-05T13:57:40.150+0000] {logging_mixin.py:120} INFO - [2023-10-05T13:57:40.149+0000] {dag.py:2585} INFO - Sync 1 DAGs
[2023-10-05T13:57:40.170+0000] {logging_mixin.py:120} INFO - [2023-10-05T13:57:40.170+0000] {dag.py:3340} INFO - Setting next_dagrun for elastic_dag to 2023-10-05T00:00:00+00:00, run_after=2023-10-06T00:00:00+00:00
[2023-10-05T13:57:40.195+0000] {processor.py:176} INFO - Processing /opt/airflow/dags/elastic_dag.py took 0.434 seconds
[2023-10-05T13:58:10.397+0000] {processor.py:154} INFO - Started process (PID=1906) to work on /opt/airflow/dags/elastic_dag.py
[2023-10-05T13:58:10.399+0000] {processor.py:756} INFO - Processing file /opt/airflow/dags/elastic_dag.py for tasks to queue
[2023-10-05T13:58:10.400+0000] {logging_mixin.py:120} INFO - [2023-10-05T13:58:10.400+0000] {dagbag.py:537} INFO - Filling up the DagBag from /opt/airflow/dags/elastic_dag.py
[2023-10-05T13:58:10.731+0000] {processor.py:766} INFO - DAG(s) dict_keys(['elastic_dag']) retrieved from /opt/airflow/dags/elastic_dag.py
[2023-10-05T13:58:10.766+0000] {logging_mixin.py:120} INFO - [2023-10-05T13:58:10.766+0000] {dag.py:2585} INFO - Sync 1 DAGs
[2023-10-05T13:58:10.797+0000] {logging_mixin.py:120} INFO - [2023-10-05T13:58:10.797+0000] {dag.py:3340} INFO - Setting next_dagrun for elastic_dag to 2023-10-05T00:00:00+00:00, run_after=2023-10-06T00:00:00+00:00
[2023-10-05T13:58:10.825+0000] {processor.py:176} INFO - Processing /opt/airflow/dags/elastic_dag.py took 0.433 seconds
[2023-10-05T13:58:41.108+0000] {processor.py:154} INFO - Started process (PID=1950) to work on /opt/airflow/dags/elastic_dag.py
[2023-10-05T13:58:41.110+0000] {processor.py:756} INFO - Processing file /opt/airflow/dags/elastic_dag.py for tasks to queue
[2023-10-05T13:58:41.111+0000] {logging_mixin.py:120} INFO - [2023-10-05T13:58:41.111+0000] {dagbag.py:537} INFO - Filling up the DagBag from /opt/airflow/dags/elastic_dag.py
[2023-10-05T13:58:41.472+0000] {processor.py:766} INFO - DAG(s) dict_keys(['elastic_dag']) retrieved from /opt/airflow/dags/elastic_dag.py
[2023-10-05T13:58:41.509+0000] {logging_mixin.py:120} INFO - [2023-10-05T13:58:41.508+0000] {dag.py:2585} INFO - Sync 1 DAGs
[2023-10-05T13:58:41.532+0000] {logging_mixin.py:120} INFO - [2023-10-05T13:58:41.531+0000] {dag.py:3340} INFO - Setting next_dagrun for elastic_dag to 2023-10-05T00:00:00+00:00, run_after=2023-10-06T00:00:00+00:00
[2023-10-05T13:58:41.559+0000] {processor.py:176} INFO - Processing /opt/airflow/dags/elastic_dag.py took 0.454 seconds
[2023-10-05T13:59:11.844+0000] {processor.py:154} INFO - Started process (PID=1997) to work on /opt/airflow/dags/elastic_dag.py
[2023-10-05T13:59:11.846+0000] {processor.py:756} INFO - Processing file /opt/airflow/dags/elastic_dag.py for tasks to queue
[2023-10-05T13:59:11.848+0000] {logging_mixin.py:120} INFO - [2023-10-05T13:59:11.847+0000] {dagbag.py:537} INFO - Filling up the DagBag from /opt/airflow/dags/elastic_dag.py
[2023-10-05T13:59:12.213+0000] {processor.py:766} INFO - DAG(s) dict_keys(['elastic_dag']) retrieved from /opt/airflow/dags/elastic_dag.py
[2023-10-05T13:59:12.248+0000] {logging_mixin.py:120} INFO - [2023-10-05T13:59:12.247+0000] {dag.py:2585} INFO - Sync 1 DAGs
[2023-10-05T13:59:12.269+0000] {logging_mixin.py:120} INFO - [2023-10-05T13:59:12.268+0000] {dag.py:3340} INFO - Setting next_dagrun for elastic_dag to 2023-10-05T00:00:00+00:00, run_after=2023-10-06T00:00:00+00:00
[2023-10-05T13:59:12.293+0000] {processor.py:176} INFO - Processing /opt/airflow/dags/elastic_dag.py took 0.452 seconds
[2023-10-05T13:59:42.421+0000] {processor.py:154} INFO - Started process (PID=2034) to work on /opt/airflow/dags/elastic_dag.py
[2023-10-05T13:59:42.422+0000] {processor.py:756} INFO - Processing file /opt/airflow/dags/elastic_dag.py for tasks to queue
[2023-10-05T13:59:42.424+0000] {logging_mixin.py:120} INFO - [2023-10-05T13:59:42.424+0000] {dagbag.py:537} INFO - Filling up the DagBag from /opt/airflow/dags/elastic_dag.py
[2023-10-05T13:59:42.795+0000] {processor.py:766} INFO - DAG(s) dict_keys(['elastic_dag']) retrieved from /opt/airflow/dags/elastic_dag.py
[2023-10-05T13:59:42.828+0000] {logging_mixin.py:120} INFO - [2023-10-05T13:59:42.828+0000] {dag.py:2585} INFO - Sync 1 DAGs
[2023-10-05T13:59:42.850+0000] {logging_mixin.py:120} INFO - [2023-10-05T13:59:42.850+0000] {dag.py:3340} INFO - Setting next_dagrun for elastic_dag to 2023-10-05T00:00:00+00:00, run_after=2023-10-06T00:00:00+00:00
[2023-10-05T13:59:42.873+0000] {processor.py:176} INFO - Processing /opt/airflow/dags/elastic_dag.py took 0.458 seconds
[2023-10-05T14:00:13.120+0000] {processor.py:154} INFO - Started process (PID=2082) to work on /opt/airflow/dags/elastic_dag.py
[2023-10-05T14:00:13.121+0000] {processor.py:756} INFO - Processing file /opt/airflow/dags/elastic_dag.py for tasks to queue
[2023-10-05T14:00:13.122+0000] {logging_mixin.py:120} INFO - [2023-10-05T14:00:13.122+0000] {dagbag.py:537} INFO - Filling up the DagBag from /opt/airflow/dags/elastic_dag.py
[2023-10-05T14:00:13.462+0000] {processor.py:766} INFO - DAG(s) dict_keys(['elastic_dag']) retrieved from /opt/airflow/dags/elastic_dag.py
[2023-10-05T14:00:13.494+0000] {logging_mixin.py:120} INFO - [2023-10-05T14:00:13.494+0000] {dag.py:2585} INFO - Sync 1 DAGs
[2023-10-05T14:00:13.517+0000] {logging_mixin.py:120} INFO - [2023-10-05T14:00:13.517+0000] {dag.py:3340} INFO - Setting next_dagrun for elastic_dag to 2023-10-05T00:00:00+00:00, run_after=2023-10-06T00:00:00+00:00
[2023-10-05T14:00:13.543+0000] {processor.py:176} INFO - Processing /opt/airflow/dags/elastic_dag.py took 0.427 seconds
[2023-10-05T14:00:44.316+0000] {processor.py:154} INFO - Started process (PID=2126) to work on /opt/airflow/dags/elastic_dag.py
[2023-10-05T14:00:44.318+0000] {processor.py:756} INFO - Processing file /opt/airflow/dags/elastic_dag.py for tasks to queue
[2023-10-05T14:00:44.319+0000] {logging_mixin.py:120} INFO - [2023-10-05T14:00:44.319+0000] {dagbag.py:537} INFO - Filling up the DagBag from /opt/airflow/dags/elastic_dag.py
[2023-10-05T14:00:44.684+0000] {processor.py:766} INFO - DAG(s) dict_keys(['elastic_dag']) retrieved from /opt/airflow/dags/elastic_dag.py
[2023-10-05T14:00:44.712+0000] {logging_mixin.py:120} INFO - [2023-10-05T14:00:44.711+0000] {dag.py:2585} INFO - Sync 1 DAGs
[2023-10-05T14:00:44.734+0000] {logging_mixin.py:120} INFO - [2023-10-05T14:00:44.734+0000] {dag.py:3340} INFO - Setting next_dagrun for elastic_dag to 2023-10-05T00:00:00+00:00, run_after=2023-10-06T00:00:00+00:00
[2023-10-05T14:00:44.757+0000] {processor.py:176} INFO - Processing /opt/airflow/dags/elastic_dag.py took 0.444 seconds
[2023-10-05T14:01:15.049+0000] {processor.py:154} INFO - Started process (PID=2171) to work on /opt/airflow/dags/elastic_dag.py
[2023-10-05T14:01:15.051+0000] {processor.py:756} INFO - Processing file /opt/airflow/dags/elastic_dag.py for tasks to queue
[2023-10-05T14:01:15.052+0000] {logging_mixin.py:120} INFO - [2023-10-05T14:01:15.052+0000] {dagbag.py:537} INFO - Filling up the DagBag from /opt/airflow/dags/elastic_dag.py
[2023-10-05T14:01:15.403+0000] {processor.py:766} INFO - DAG(s) dict_keys(['elastic_dag']) retrieved from /opt/airflow/dags/elastic_dag.py
[2023-10-05T14:01:15.439+0000] {logging_mixin.py:120} INFO - [2023-10-05T14:01:15.438+0000] {dag.py:2585} INFO - Sync 1 DAGs
[2023-10-05T14:01:15.462+0000] {logging_mixin.py:120} INFO - [2023-10-05T14:01:15.462+0000] {dag.py:3340} INFO - Setting next_dagrun for elastic_dag to 2023-10-05T00:00:00+00:00, run_after=2023-10-06T00:00:00+00:00
[2023-10-05T14:01:15.487+0000] {processor.py:176} INFO - Processing /opt/airflow/dags/elastic_dag.py took 0.440 seconds
[2023-10-05T14:01:45.826+0000] {processor.py:154} INFO - Started process (PID=2215) to work on /opt/airflow/dags/elastic_dag.py
[2023-10-05T14:01:45.827+0000] {processor.py:756} INFO - Processing file /opt/airflow/dags/elastic_dag.py for tasks to queue
[2023-10-05T14:01:45.829+0000] {logging_mixin.py:120} INFO - [2023-10-05T14:01:45.829+0000] {dagbag.py:537} INFO - Filling up the DagBag from /opt/airflow/dags/elastic_dag.py
[2023-10-05T14:01:46.243+0000] {processor.py:766} INFO - DAG(s) dict_keys(['elastic_dag']) retrieved from /opt/airflow/dags/elastic_dag.py
[2023-10-05T14:01:46.287+0000] {logging_mixin.py:120} INFO - [2023-10-05T14:01:46.287+0000] {dag.py:2585} INFO - Sync 1 DAGs
[2023-10-05T14:01:46.313+0000] {logging_mixin.py:120} INFO - [2023-10-05T14:01:46.313+0000] {dag.py:3340} INFO - Setting next_dagrun for elastic_dag to 2023-10-05T00:00:00+00:00, run_after=2023-10-06T00:00:00+00:00
[2023-10-05T14:01:46.344+0000] {processor.py:176} INFO - Processing /opt/airflow/dags/elastic_dag.py took 0.522 seconds
[2023-10-05T14:02:16.454+0000] {processor.py:154} INFO - Started process (PID=2250) to work on /opt/airflow/dags/elastic_dag.py
[2023-10-05T14:02:16.455+0000] {processor.py:756} INFO - Processing file /opt/airflow/dags/elastic_dag.py for tasks to queue
[2023-10-05T14:02:16.457+0000] {logging_mixin.py:120} INFO - [2023-10-05T14:02:16.457+0000] {dagbag.py:537} INFO - Filling up the DagBag from /opt/airflow/dags/elastic_dag.py
[2023-10-05T14:02:16.996+0000] {processor.py:766} INFO - DAG(s) dict_keys(['elastic_dag']) retrieved from /opt/airflow/dags/elastic_dag.py
[2023-10-05T14:02:17.032+0000] {logging_mixin.py:120} INFO - [2023-10-05T14:02:17.031+0000] {dag.py:2585} INFO - Sync 1 DAGs
[2023-10-05T14:02:17.060+0000] {logging_mixin.py:120} INFO - [2023-10-05T14:02:17.060+0000] {dag.py:3340} INFO - Setting next_dagrun for elastic_dag to 2023-10-05T00:00:00+00:00, run_after=2023-10-06T00:00:00+00:00
[2023-10-05T14:02:17.086+0000] {processor.py:176} INFO - Processing /opt/airflow/dags/elastic_dag.py took 0.635 seconds
[2023-10-05T14:02:47.233+0000] {processor.py:154} INFO - Started process (PID=2294) to work on /opt/airflow/dags/elastic_dag.py
[2023-10-05T14:02:47.235+0000] {processor.py:756} INFO - Processing file /opt/airflow/dags/elastic_dag.py for tasks to queue
[2023-10-05T14:02:47.236+0000] {logging_mixin.py:120} INFO - [2023-10-05T14:02:47.236+0000] {dagbag.py:537} INFO - Filling up the DagBag from /opt/airflow/dags/elastic_dag.py
[2023-10-05T14:02:47.593+0000] {processor.py:766} INFO - DAG(s) dict_keys(['elastic_dag']) retrieved from /opt/airflow/dags/elastic_dag.py
[2023-10-05T14:02:47.631+0000] {logging_mixin.py:120} INFO - [2023-10-05T14:02:47.631+0000] {dag.py:2585} INFO - Sync 1 DAGs
[2023-10-05T14:02:47.653+0000] {logging_mixin.py:120} INFO - [2023-10-05T14:02:47.653+0000] {dag.py:3340} INFO - Setting next_dagrun for elastic_dag to 2023-10-05T00:00:00+00:00, run_after=2023-10-06T00:00:00+00:00
[2023-10-05T14:02:47.681+0000] {processor.py:176} INFO - Processing /opt/airflow/dags/elastic_dag.py took 0.451 seconds
[2023-10-05T14:03:18.669+0000] {processor.py:154} INFO - Started process (PID=2338) to work on /opt/airflow/dags/elastic_dag.py
[2023-10-05T14:03:18.671+0000] {processor.py:756} INFO - Processing file /opt/airflow/dags/elastic_dag.py for tasks to queue
[2023-10-05T14:03:18.672+0000] {logging_mixin.py:120} INFO - [2023-10-05T14:03:18.672+0000] {dagbag.py:537} INFO - Filling up the DagBag from /opt/airflow/dags/elastic_dag.py
[2023-10-05T14:03:19.038+0000] {processor.py:766} INFO - DAG(s) dict_keys(['elastic_dag']) retrieved from /opt/airflow/dags/elastic_dag.py
[2023-10-05T14:03:19.066+0000] {logging_mixin.py:120} INFO - [2023-10-05T14:03:19.066+0000] {dag.py:2585} INFO - Sync 1 DAGs
[2023-10-05T14:03:19.091+0000] {logging_mixin.py:120} INFO - [2023-10-05T14:03:19.091+0000] {dag.py:3340} INFO - Setting next_dagrun for elastic_dag to 2023-10-05T00:00:00+00:00, run_after=2023-10-06T00:00:00+00:00
[2023-10-05T14:03:19.117+0000] {processor.py:176} INFO - Processing /opt/airflow/dags/elastic_dag.py took 0.451 seconds
[2023-10-05T14:03:50.077+0000] {processor.py:154} INFO - Started process (PID=2382) to work on /opt/airflow/dags/elastic_dag.py
[2023-10-05T14:03:50.078+0000] {processor.py:756} INFO - Processing file /opt/airflow/dags/elastic_dag.py for tasks to queue
[2023-10-05T14:03:50.080+0000] {logging_mixin.py:120} INFO - [2023-10-05T14:03:50.080+0000] {dagbag.py:537} INFO - Filling up the DagBag from /opt/airflow/dags/elastic_dag.py
[2023-10-05T14:03:50.470+0000] {processor.py:766} INFO - DAG(s) dict_keys(['elastic_dag']) retrieved from /opt/airflow/dags/elastic_dag.py
[2023-10-05T14:03:50.500+0000] {logging_mixin.py:120} INFO - [2023-10-05T14:03:50.500+0000] {dag.py:2585} INFO - Sync 1 DAGs
[2023-10-05T14:03:50.522+0000] {logging_mixin.py:120} INFO - [2023-10-05T14:03:50.522+0000] {dag.py:3340} INFO - Setting next_dagrun for elastic_dag to 2023-10-05T00:00:00+00:00, run_after=2023-10-06T00:00:00+00:00
[2023-10-05T14:03:50.550+0000] {processor.py:176} INFO - Processing /opt/airflow/dags/elastic_dag.py took 0.476 seconds
[2023-10-05T14:04:20.813+0000] {processor.py:154} INFO - Started process (PID=2417) to work on /opt/airflow/dags/elastic_dag.py
[2023-10-05T14:04:20.814+0000] {processor.py:756} INFO - Processing file /opt/airflow/dags/elastic_dag.py for tasks to queue
[2023-10-05T14:04:20.815+0000] {logging_mixin.py:120} INFO - [2023-10-05T14:04:20.815+0000] {dagbag.py:537} INFO - Filling up the DagBag from /opt/airflow/dags/elastic_dag.py
[2023-10-05T14:04:21.203+0000] {processor.py:766} INFO - DAG(s) dict_keys(['elastic_dag']) retrieved from /opt/airflow/dags/elastic_dag.py
[2023-10-05T14:04:21.248+0000] {logging_mixin.py:120} INFO - [2023-10-05T14:04:21.247+0000] {dag.py:2585} INFO - Sync 1 DAGs
[2023-10-05T14:04:21.279+0000] {logging_mixin.py:120} INFO - [2023-10-05T14:04:21.279+0000] {dag.py:3340} INFO - Setting next_dagrun for elastic_dag to 2023-10-05T00:00:00+00:00, run_after=2023-10-06T00:00:00+00:00
[2023-10-05T14:04:21.308+0000] {processor.py:176} INFO - Processing /opt/airflow/dags/elastic_dag.py took 0.498 seconds
[2023-10-05T14:04:51.606+0000] {processor.py:154} INFO - Started process (PID=2462) to work on /opt/airflow/dags/elastic_dag.py
[2023-10-05T14:04:51.607+0000] {processor.py:756} INFO - Processing file /opt/airflow/dags/elastic_dag.py for tasks to queue
[2023-10-05T14:04:51.609+0000] {logging_mixin.py:120} INFO - [2023-10-05T14:04:51.609+0000] {dagbag.py:537} INFO - Filling up the DagBag from /opt/airflow/dags/elastic_dag.py
[2023-10-05T14:04:51.977+0000] {processor.py:766} INFO - DAG(s) dict_keys(['elastic_dag']) retrieved from /opt/airflow/dags/elastic_dag.py
[2023-10-05T14:04:52.008+0000] {logging_mixin.py:120} INFO - [2023-10-05T14:04:52.008+0000] {dag.py:2585} INFO - Sync 1 DAGs
[2023-10-05T14:04:52.030+0000] {logging_mixin.py:120} INFO - [2023-10-05T14:04:52.030+0000] {dag.py:3340} INFO - Setting next_dagrun for elastic_dag to 2023-10-05T00:00:00+00:00, run_after=2023-10-06T00:00:00+00:00
[2023-10-05T14:04:52.050+0000] {processor.py:176} INFO - Processing /opt/airflow/dags/elastic_dag.py took 0.447 seconds
[2023-10-05T14:05:22.192+0000] {processor.py:154} INFO - Started process (PID=2507) to work on /opt/airflow/dags/elastic_dag.py
[2023-10-05T14:05:22.194+0000] {processor.py:756} INFO - Processing file /opt/airflow/dags/elastic_dag.py for tasks to queue
[2023-10-05T14:05:22.195+0000] {logging_mixin.py:120} INFO - [2023-10-05T14:05:22.195+0000] {dagbag.py:537} INFO - Filling up the DagBag from /opt/airflow/dags/elastic_dag.py
[2023-10-05T14:05:22.557+0000] {processor.py:766} INFO - DAG(s) dict_keys(['elastic_dag']) retrieved from /opt/airflow/dags/elastic_dag.py
[2023-10-05T14:05:22.586+0000] {logging_mixin.py:120} INFO - [2023-10-05T14:05:22.585+0000] {dag.py:2585} INFO - Sync 1 DAGs
[2023-10-05T14:05:22.604+0000] {logging_mixin.py:120} INFO - [2023-10-05T14:05:22.604+0000] {dag.py:3340} INFO - Setting next_dagrun for elastic_dag to 2023-10-05T00:00:00+00:00, run_after=2023-10-06T00:00:00+00:00
[2023-10-05T14:05:22.626+0000] {processor.py:176} INFO - Processing /opt/airflow/dags/elastic_dag.py took 0.436 seconds
[2023-10-05T14:05:52.861+0000] {processor.py:154} INFO - Started process (PID=2552) to work on /opt/airflow/dags/elastic_dag.py
[2023-10-05T14:05:52.863+0000] {processor.py:756} INFO - Processing file /opt/airflow/dags/elastic_dag.py for tasks to queue
[2023-10-05T14:05:52.865+0000] {logging_mixin.py:120} INFO - [2023-10-05T14:05:52.865+0000] {dagbag.py:537} INFO - Filling up the DagBag from /opt/airflow/dags/elastic_dag.py
[2023-10-05T14:05:53.212+0000] {processor.py:766} INFO - DAG(s) dict_keys(['elastic_dag']) retrieved from /opt/airflow/dags/elastic_dag.py
[2023-10-05T14:05:53.241+0000] {logging_mixin.py:120} INFO - [2023-10-05T14:05:53.241+0000] {dag.py:2585} INFO - Sync 1 DAGs
[2023-10-05T14:05:53.262+0000] {logging_mixin.py:120} INFO - [2023-10-05T14:05:53.262+0000] {dag.py:3340} INFO - Setting next_dagrun for elastic_dag to 2023-10-05T00:00:00+00:00, run_after=2023-10-06T00:00:00+00:00
[2023-10-05T14:05:53.290+0000] {processor.py:176} INFO - Processing /opt/airflow/dags/elastic_dag.py took 0.431 seconds
[2023-10-05T14:06:10.702+0000] {processor.py:154} INFO - Started process (PID=2568) to work on /opt/airflow/dags/elastic_dag.py
[2023-10-05T14:06:10.704+0000] {processor.py:756} INFO - Processing file /opt/airflow/dags/elastic_dag.py for tasks to queue
[2023-10-05T14:06:10.706+0000] {logging_mixin.py:120} INFO - [2023-10-05T14:06:10.706+0000] {dagbag.py:537} INFO - Filling up the DagBag from /opt/airflow/dags/elastic_dag.py
[2023-10-05T14:06:11.083+0000] {processor.py:766} INFO - DAG(s) dict_keys(['elastic_dag']) retrieved from /opt/airflow/dags/elastic_dag.py
[2023-10-05T14:06:11.116+0000] {logging_mixin.py:120} INFO - [2023-10-05T14:06:11.115+0000] {dag.py:2585} INFO - Sync 1 DAGs
[2023-10-05T14:06:11.139+0000] {logging_mixin.py:120} INFO - [2023-10-05T14:06:11.139+0000] {dag.py:3340} INFO - Setting next_dagrun for elastic_dag to 2023-10-05T00:00:00+00:00, run_after=2023-10-06T00:00:00+00:00
[2023-10-05T14:06:11.178+0000] {processor.py:176} INFO - Processing /opt/airflow/dags/elastic_dag.py took 0.483 seconds
[2023-10-05T14:06:39.467+0000] {processor.py:154} INFO - Started process (PID=2612) to work on /opt/airflow/dags/elastic_dag.py
[2023-10-05T14:06:39.468+0000] {processor.py:756} INFO - Processing file /opt/airflow/dags/elastic_dag.py for tasks to queue
[2023-10-05T14:06:39.470+0000] {logging_mixin.py:120} INFO - [2023-10-05T14:06:39.469+0000] {dagbag.py:537} INFO - Filling up the DagBag from /opt/airflow/dags/elastic_dag.py
[2023-10-05T14:06:39.918+0000] {processor.py:766} INFO - DAG(s) dict_keys(['elastic_dag']) retrieved from /opt/airflow/dags/elastic_dag.py
[2023-10-05T14:06:39.948+0000] {logging_mixin.py:120} INFO - [2023-10-05T14:06:39.947+0000] {dag.py:2585} INFO - Sync 1 DAGs
[2023-10-05T14:06:39.970+0000] {logging_mixin.py:120} INFO - [2023-10-05T14:06:39.970+0000] {dag.py:3340} INFO - Setting next_dagrun for elastic_dag to 2023-10-05T00:00:00+00:00, run_after=2023-10-06T00:00:00+00:00
[2023-10-05T14:06:40.004+0000] {processor.py:176} INFO - Processing /opt/airflow/dags/elastic_dag.py took 0.540 seconds
[2023-10-05T14:07:10.858+0000] {processor.py:154} INFO - Started process (PID=2657) to work on /opt/airflow/dags/elastic_dag.py
[2023-10-05T14:07:10.859+0000] {processor.py:756} INFO - Processing file /opt/airflow/dags/elastic_dag.py for tasks to queue
[2023-10-05T14:07:10.860+0000] {logging_mixin.py:120} INFO - [2023-10-05T14:07:10.860+0000] {dagbag.py:537} INFO - Filling up the DagBag from /opt/airflow/dags/elastic_dag.py
[2023-10-05T14:07:11.180+0000] {processor.py:766} INFO - DAG(s) dict_keys(['elastic_dag']) retrieved from /opt/airflow/dags/elastic_dag.py
[2023-10-05T14:07:11.209+0000] {logging_mixin.py:120} INFO - [2023-10-05T14:07:11.209+0000] {dag.py:2585} INFO - Sync 1 DAGs
[2023-10-05T14:07:11.228+0000] {logging_mixin.py:120} INFO - [2023-10-05T14:07:11.228+0000] {dag.py:3340} INFO - Setting next_dagrun for elastic_dag to 2023-10-05T00:00:00+00:00, run_after=2023-10-06T00:00:00+00:00
[2023-10-05T14:07:11.252+0000] {processor.py:176} INFO - Processing /opt/airflow/dags/elastic_dag.py took 0.397 seconds
[2023-10-05T14:07:32.087+0000] {processor.py:154} INFO - Started process (PID=2688) to work on /opt/airflow/dags/elastic_dag.py
[2023-10-05T14:07:32.089+0000] {processor.py:756} INFO - Processing file /opt/airflow/dags/elastic_dag.py for tasks to queue
[2023-10-05T14:07:32.090+0000] {logging_mixin.py:120} INFO - [2023-10-05T14:07:32.090+0000] {dagbag.py:537} INFO - Filling up the DagBag from /opt/airflow/dags/elastic_dag.py
[2023-10-05T14:07:32.476+0000] {processor.py:766} INFO - DAG(s) dict_keys(['elastic_dag']) retrieved from /opt/airflow/dags/elastic_dag.py
[2023-10-05T14:07:32.506+0000] {logging_mixin.py:120} INFO - [2023-10-05T14:07:32.506+0000] {dag.py:2585} INFO - Sync 1 DAGs
[2023-10-05T14:07:32.527+0000] {logging_mixin.py:120} INFO - [2023-10-05T14:07:32.526+0000] {dag.py:3340} INFO - Setting next_dagrun for elastic_dag to 2023-10-05T00:00:00+00:00, run_after=2023-10-06T00:00:00+00:00
[2023-10-05T14:07:32.554+0000] {processor.py:176} INFO - Processing /opt/airflow/dags/elastic_dag.py took 0.469 seconds
[2023-10-05T14:08:02.652+0000] {processor.py:154} INFO - Started process (PID=2723) to work on /opt/airflow/dags/elastic_dag.py
[2023-10-05T14:08:02.654+0000] {processor.py:756} INFO - Processing file /opt/airflow/dags/elastic_dag.py for tasks to queue
[2023-10-05T14:08:02.656+0000] {logging_mixin.py:120} INFO - [2023-10-05T14:08:02.656+0000] {dagbag.py:537} INFO - Filling up the DagBag from /opt/airflow/dags/elastic_dag.py
[2023-10-05T14:08:03.006+0000] {processor.py:766} INFO - DAG(s) dict_keys(['elastic_dag']) retrieved from /opt/airflow/dags/elastic_dag.py
[2023-10-05T14:08:03.040+0000] {logging_mixin.py:120} INFO - [2023-10-05T14:08:03.040+0000] {dag.py:2585} INFO - Sync 1 DAGs
[2023-10-05T14:08:03.064+0000] {logging_mixin.py:120} INFO - [2023-10-05T14:08:03.064+0000] {dag.py:3340} INFO - Setting next_dagrun for elastic_dag to 2023-10-05T00:00:00+00:00, run_after=2023-10-06T00:00:00+00:00
[2023-10-05T14:08:03.086+0000] {processor.py:176} INFO - Processing /opt/airflow/dags/elastic_dag.py took 0.438 seconds
[2023-10-05T14:08:33.233+0000] {processor.py:154} INFO - Started process (PID=2768) to work on /opt/airflow/dags/elastic_dag.py
[2023-10-05T14:08:33.235+0000] {processor.py:756} INFO - Processing file /opt/airflow/dags/elastic_dag.py for tasks to queue
[2023-10-05T14:08:33.236+0000] {logging_mixin.py:120} INFO - [2023-10-05T14:08:33.236+0000] {dagbag.py:537} INFO - Filling up the DagBag from /opt/airflow/dags/elastic_dag.py
[2023-10-05T14:08:33.604+0000] {processor.py:766} INFO - DAG(s) dict_keys(['elastic_dag']) retrieved from /opt/airflow/dags/elastic_dag.py
[2023-10-05T14:08:33.636+0000] {logging_mixin.py:120} INFO - [2023-10-05T14:08:33.636+0000] {dag.py:2585} INFO - Sync 1 DAGs
[2023-10-05T14:08:33.658+0000] {logging_mixin.py:120} INFO - [2023-10-05T14:08:33.658+0000] {dag.py:3340} INFO - Setting next_dagrun for elastic_dag to 2023-10-05T00:00:00+00:00, run_after=2023-10-06T00:00:00+00:00
[2023-10-05T14:08:33.680+0000] {processor.py:176} INFO - Processing /opt/airflow/dags/elastic_dag.py took 0.450 seconds
[2023-10-05T14:09:04.599+0000] {processor.py:154} INFO - Started process (PID=2812) to work on /opt/airflow/dags/elastic_dag.py
[2023-10-05T14:09:04.601+0000] {processor.py:756} INFO - Processing file /opt/airflow/dags/elastic_dag.py for tasks to queue
[2023-10-05T14:09:04.602+0000] {logging_mixin.py:120} INFO - [2023-10-05T14:09:04.602+0000] {dagbag.py:537} INFO - Filling up the DagBag from /opt/airflow/dags/elastic_dag.py
[2023-10-05T14:09:04.967+0000] {processor.py:766} INFO - DAG(s) dict_keys(['elastic_dag']) retrieved from /opt/airflow/dags/elastic_dag.py
[2023-10-05T14:09:05.001+0000] {logging_mixin.py:120} INFO - [2023-10-05T14:09:05.001+0000] {dag.py:2585} INFO - Sync 1 DAGs
[2023-10-05T14:09:05.023+0000] {logging_mixin.py:120} INFO - [2023-10-05T14:09:05.023+0000] {dag.py:3340} INFO - Setting next_dagrun for elastic_dag to 2023-10-05T00:00:00+00:00, run_after=2023-10-06T00:00:00+00:00
[2023-10-05T14:09:05.044+0000] {processor.py:176} INFO - Processing /opt/airflow/dags/elastic_dag.py took 0.448 seconds
[2023-10-05T14:09:35.159+0000] {processor.py:154} INFO - Started process (PID=2856) to work on /opt/airflow/dags/elastic_dag.py
[2023-10-05T14:09:35.160+0000] {processor.py:756} INFO - Processing file /opt/airflow/dags/elastic_dag.py for tasks to queue
[2023-10-05T14:09:35.161+0000] {logging_mixin.py:120} INFO - [2023-10-05T14:09:35.161+0000] {dagbag.py:537} INFO - Filling up the DagBag from /opt/airflow/dags/elastic_dag.py
[2023-10-05T14:09:35.557+0000] {processor.py:766} INFO - DAG(s) dict_keys(['elastic_dag']) retrieved from /opt/airflow/dags/elastic_dag.py
[2023-10-05T14:09:35.588+0000] {logging_mixin.py:120} INFO - [2023-10-05T14:09:35.587+0000] {dag.py:2585} INFO - Sync 1 DAGs
[2023-10-05T14:09:35.608+0000] {logging_mixin.py:120} INFO - [2023-10-05T14:09:35.608+0000] {dag.py:3340} INFO - Setting next_dagrun for elastic_dag to 2023-10-05T00:00:00+00:00, run_after=2023-10-06T00:00:00+00:00
[2023-10-05T14:09:35.634+0000] {processor.py:176} INFO - Processing /opt/airflow/dags/elastic_dag.py took 0.478 seconds
[2023-10-05T14:10:47.788+0000] {processor.py:154} INFO - Started process (PID=50) to work on /opt/airflow/dags/elastic_dag.py
[2023-10-05T14:10:47.793+0000] {processor.py:756} INFO - Processing file /opt/airflow/dags/elastic_dag.py for tasks to queue
[2023-10-05T14:10:47.798+0000] {logging_mixin.py:120} INFO - [2023-10-05T14:10:47.798+0000] {dagbag.py:537} INFO - Filling up the DagBag from /opt/airflow/dags/elastic_dag.py
[2023-10-05T14:10:48.911+0000] {processor.py:766} INFO - DAG(s) dict_keys(['elastic_dag']) retrieved from /opt/airflow/dags/elastic_dag.py
[2023-10-05T14:10:49.132+0000] {logging_mixin.py:120} INFO - [2023-10-05T14:10:49.130+0000] {dag.py:2585} INFO - Sync 1 DAGs
[2023-10-05T14:10:49.226+0000] {logging_mixin.py:120} INFO - [2023-10-05T14:10:49.226+0000] {dag.py:3340} INFO - Setting next_dagrun for elastic_dag to 2023-10-05T00:00:00+00:00, run_after=2023-10-06T00:00:00+00:00
[2023-10-05T14:10:49.300+0000] {processor.py:176} INFO - Processing /opt/airflow/dags/elastic_dag.py took 1.527 seconds
[2023-10-05T14:11:19.625+0000] {processor.py:154} INFO - Started process (PID=108) to work on /opt/airflow/dags/elastic_dag.py
[2023-10-05T14:11:19.627+0000] {processor.py:756} INFO - Processing file /opt/airflow/dags/elastic_dag.py for tasks to queue
[2023-10-05T14:11:19.628+0000] {logging_mixin.py:120} INFO - [2023-10-05T14:11:19.628+0000] {dagbag.py:537} INFO - Filling up the DagBag from /opt/airflow/dags/elastic_dag.py
[2023-10-05T14:11:20.007+0000] {processor.py:766} INFO - DAG(s) dict_keys(['elastic_dag']) retrieved from /opt/airflow/dags/elastic_dag.py
[2023-10-05T14:11:20.039+0000] {logging_mixin.py:120} INFO - [2023-10-05T14:11:20.039+0000] {dag.py:2585} INFO - Sync 1 DAGs
[2023-10-05T14:11:20.061+0000] {logging_mixin.py:120} INFO - [2023-10-05T14:11:20.061+0000] {dag.py:3340} INFO - Setting next_dagrun for elastic_dag to 2023-10-05T00:00:00+00:00, run_after=2023-10-06T00:00:00+00:00
[2023-10-05T14:11:20.084+0000] {processor.py:176} INFO - Processing /opt/airflow/dags/elastic_dag.py took 0.463 seconds
[2023-10-05T14:11:50.263+0000] {processor.py:154} INFO - Started process (PID=153) to work on /opt/airflow/dags/elastic_dag.py
[2023-10-05T14:11:50.265+0000] {processor.py:756} INFO - Processing file /opt/airflow/dags/elastic_dag.py for tasks to queue
[2023-10-05T14:11:50.268+0000] {logging_mixin.py:120} INFO - [2023-10-05T14:11:50.268+0000] {dagbag.py:537} INFO - Filling up the DagBag from /opt/airflow/dags/elastic_dag.py
[2023-10-05T14:11:50.650+0000] {processor.py:766} INFO - DAG(s) dict_keys(['elastic_dag']) retrieved from /opt/airflow/dags/elastic_dag.py
[2023-10-05T14:11:50.686+0000] {logging_mixin.py:120} INFO - [2023-10-05T14:11:50.685+0000] {dag.py:2585} INFO - Sync 1 DAGs
[2023-10-05T14:11:50.711+0000] {logging_mixin.py:120} INFO - [2023-10-05T14:11:50.711+0000] {dag.py:3340} INFO - Setting next_dagrun for elastic_dag to 2023-10-05T00:00:00+00:00, run_after=2023-10-06T00:00:00+00:00
[2023-10-05T14:11:50.740+0000] {processor.py:176} INFO - Processing /opt/airflow/dags/elastic_dag.py took 0.480 seconds
[2023-10-05T14:12:20.919+0000] {processor.py:154} INFO - Started process (PID=197) to work on /opt/airflow/dags/elastic_dag.py
[2023-10-05T14:12:20.921+0000] {processor.py:756} INFO - Processing file /opt/airflow/dags/elastic_dag.py for tasks to queue
[2023-10-05T14:12:20.923+0000] {logging_mixin.py:120} INFO - [2023-10-05T14:12:20.923+0000] {dagbag.py:537} INFO - Filling up the DagBag from /opt/airflow/dags/elastic_dag.py
[2023-10-05T14:12:21.297+0000] {processor.py:766} INFO - DAG(s) dict_keys(['elastic_dag']) retrieved from /opt/airflow/dags/elastic_dag.py
[2023-10-05T14:12:21.332+0000] {logging_mixin.py:120} INFO - [2023-10-05T14:12:21.331+0000] {dag.py:2585} INFO - Sync 1 DAGs
[2023-10-05T14:12:21.356+0000] {logging_mixin.py:120} INFO - [2023-10-05T14:12:21.356+0000] {dag.py:3340} INFO - Setting next_dagrun for elastic_dag to 2023-10-05T00:00:00+00:00, run_after=2023-10-06T00:00:00+00:00
[2023-10-05T14:12:21.382+0000] {processor.py:176} INFO - Processing /opt/airflow/dags/elastic_dag.py took 0.466 seconds
[2023-10-05T14:12:51.677+0000] {processor.py:154} INFO - Started process (PID=232) to work on /opt/airflow/dags/elastic_dag.py
[2023-10-05T14:12:51.678+0000] {processor.py:756} INFO - Processing file /opt/airflow/dags/elastic_dag.py for tasks to queue
[2023-10-05T14:12:51.680+0000] {logging_mixin.py:120} INFO - [2023-10-05T14:12:51.680+0000] {dagbag.py:537} INFO - Filling up the DagBag from /opt/airflow/dags/elastic_dag.py
[2023-10-05T14:12:52.081+0000] {processor.py:766} INFO - DAG(s) dict_keys(['elastic_dag']) retrieved from /opt/airflow/dags/elastic_dag.py
[2023-10-05T14:12:52.117+0000] {logging_mixin.py:120} INFO - [2023-10-05T14:12:52.117+0000] {dag.py:2585} INFO - Sync 1 DAGs
[2023-10-05T14:12:52.142+0000] {logging_mixin.py:120} INFO - [2023-10-05T14:12:52.142+0000] {dag.py:3340} INFO - Setting next_dagrun for elastic_dag to 2023-10-05T00:00:00+00:00, run_after=2023-10-06T00:00:00+00:00
[2023-10-05T14:12:52.164+0000] {processor.py:176} INFO - Processing /opt/airflow/dags/elastic_dag.py took 0.490 seconds
[2023-10-05T14:13:22.477+0000] {processor.py:154} INFO - Started process (PID=277) to work on /opt/airflow/dags/elastic_dag.py
[2023-10-05T14:13:22.479+0000] {processor.py:756} INFO - Processing file /opt/airflow/dags/elastic_dag.py for tasks to queue
[2023-10-05T14:13:22.481+0000] {logging_mixin.py:120} INFO - [2023-10-05T14:13:22.480+0000] {dagbag.py:537} INFO - Filling up the DagBag from /opt/airflow/dags/elastic_dag.py
[2023-10-05T14:13:22.865+0000] {processor.py:766} INFO - DAG(s) dict_keys(['elastic_dag']) retrieved from /opt/airflow/dags/elastic_dag.py
[2023-10-05T14:13:22.901+0000] {logging_mixin.py:120} INFO - [2023-10-05T14:13:22.900+0000] {dag.py:2585} INFO - Sync 1 DAGs
[2023-10-05T14:13:22.924+0000] {logging_mixin.py:120} INFO - [2023-10-05T14:13:22.924+0000] {dag.py:3340} INFO - Setting next_dagrun for elastic_dag to 2023-10-05T00:00:00+00:00, run_after=2023-10-06T00:00:00+00:00
[2023-10-05T14:13:22.950+0000] {processor.py:176} INFO - Processing /opt/airflow/dags/elastic_dag.py took 0.475 seconds
[2023-10-05T14:13:53.207+0000] {processor.py:154} INFO - Started process (PID=322) to work on /opt/airflow/dags/elastic_dag.py
[2023-10-05T14:13:53.209+0000] {processor.py:756} INFO - Processing file /opt/airflow/dags/elastic_dag.py for tasks to queue
[2023-10-05T14:13:53.210+0000] {logging_mixin.py:120} INFO - [2023-10-05T14:13:53.210+0000] {dagbag.py:537} INFO - Filling up the DagBag from /opt/airflow/dags/elastic_dag.py
[2023-10-05T14:13:53.578+0000] {processor.py:766} INFO - DAG(s) dict_keys(['elastic_dag']) retrieved from /opt/airflow/dags/elastic_dag.py
[2023-10-05T14:13:53.612+0000] {logging_mixin.py:120} INFO - [2023-10-05T14:13:53.612+0000] {dag.py:2585} INFO - Sync 1 DAGs
[2023-10-05T14:13:53.636+0000] {logging_mixin.py:120} INFO - [2023-10-05T14:13:53.635+0000] {dag.py:3340} INFO - Setting next_dagrun for elastic_dag to 2023-10-05T00:00:00+00:00, run_after=2023-10-06T00:00:00+00:00
[2023-10-05T14:13:53.664+0000] {processor.py:176} INFO - Processing /opt/airflow/dags/elastic_dag.py took 0.460 seconds
[2023-10-05T14:14:23.896+0000] {processor.py:154} INFO - Started process (PID=367) to work on /opt/airflow/dags/elastic_dag.py
[2023-10-05T14:14:23.897+0000] {processor.py:756} INFO - Processing file /opt/airflow/dags/elastic_dag.py for tasks to queue
[2023-10-05T14:14:23.898+0000] {logging_mixin.py:120} INFO - [2023-10-05T14:14:23.898+0000] {dagbag.py:537} INFO - Filling up the DagBag from /opt/airflow/dags/elastic_dag.py
[2023-10-05T14:14:24.257+0000] {processor.py:766} INFO - DAG(s) dict_keys(['elastic_dag']) retrieved from /opt/airflow/dags/elastic_dag.py
[2023-10-05T14:14:24.291+0000] {logging_mixin.py:120} INFO - [2023-10-05T14:14:24.291+0000] {dag.py:2585} INFO - Sync 1 DAGs
[2023-10-05T14:14:24.321+0000] {logging_mixin.py:120} INFO - [2023-10-05T14:14:24.321+0000] {dag.py:3340} INFO - Setting next_dagrun for elastic_dag to 2023-10-05T00:00:00+00:00, run_after=2023-10-06T00:00:00+00:00
[2023-10-05T14:14:24.352+0000] {processor.py:176} INFO - Processing /opt/airflow/dags/elastic_dag.py took 0.459 seconds
[2023-10-05T14:14:54.812+0000] {processor.py:154} INFO - Started process (PID=413) to work on /opt/airflow/dags/elastic_dag.py
[2023-10-05T14:14:54.813+0000] {processor.py:756} INFO - Processing file /opt/airflow/dags/elastic_dag.py for tasks to queue
[2023-10-05T14:14:54.815+0000] {logging_mixin.py:120} INFO - [2023-10-05T14:14:54.814+0000] {dagbag.py:537} INFO - Filling up the DagBag from /opt/airflow/dags/elastic_dag.py
[2023-10-05T14:14:55.203+0000] {processor.py:766} INFO - DAG(s) dict_keys(['elastic_dag']) retrieved from /opt/airflow/dags/elastic_dag.py
[2023-10-05T14:14:55.247+0000] {logging_mixin.py:120} INFO - [2023-10-05T14:14:55.247+0000] {dag.py:2585} INFO - Sync 1 DAGs
[2023-10-05T14:14:55.274+0000] {logging_mixin.py:120} INFO - [2023-10-05T14:14:55.274+0000] {dag.py:3340} INFO - Setting next_dagrun for elastic_dag to 2023-10-05T00:00:00+00:00, run_after=2023-10-06T00:00:00+00:00
[2023-10-05T14:14:55.304+0000] {processor.py:176} INFO - Processing /opt/airflow/dags/elastic_dag.py took 0.496 seconds
[2023-10-05T14:15:26.303+0000] {processor.py:154} INFO - Started process (PID=448) to work on /opt/airflow/dags/elastic_dag.py
[2023-10-05T14:15:26.305+0000] {processor.py:756} INFO - Processing file /opt/airflow/dags/elastic_dag.py for tasks to queue
[2023-10-05T14:15:26.306+0000] {logging_mixin.py:120} INFO - [2023-10-05T14:15:26.306+0000] {dagbag.py:537} INFO - Filling up the DagBag from /opt/airflow/dags/elastic_dag.py
[2023-10-05T14:15:26.642+0000] {processor.py:766} INFO - DAG(s) dict_keys(['elastic_dag']) retrieved from /opt/airflow/dags/elastic_dag.py
[2023-10-05T14:15:26.672+0000] {logging_mixin.py:120} INFO - [2023-10-05T14:15:26.671+0000] {dag.py:2585} INFO - Sync 1 DAGs
[2023-10-05T14:15:26.692+0000] {logging_mixin.py:120} INFO - [2023-10-05T14:15:26.692+0000] {dag.py:3340} INFO - Setting next_dagrun for elastic_dag to 2023-10-05T00:00:00+00:00, run_after=2023-10-06T00:00:00+00:00
[2023-10-05T14:15:26.718+0000] {processor.py:176} INFO - Processing /opt/airflow/dags/elastic_dag.py took 0.418 seconds
[2023-10-05T14:15:57.189+0000] {processor.py:154} INFO - Started process (PID=492) to work on /opt/airflow/dags/elastic_dag.py
[2023-10-05T14:15:57.191+0000] {processor.py:756} INFO - Processing file /opt/airflow/dags/elastic_dag.py for tasks to queue
[2023-10-05T14:15:57.192+0000] {logging_mixin.py:120} INFO - [2023-10-05T14:15:57.192+0000] {dagbag.py:537} INFO - Filling up the DagBag from /opt/airflow/dags/elastic_dag.py
[2023-10-05T14:15:57.533+0000] {processor.py:766} INFO - DAG(s) dict_keys(['elastic_dag']) retrieved from /opt/airflow/dags/elastic_dag.py
[2023-10-05T14:15:57.563+0000] {logging_mixin.py:120} INFO - [2023-10-05T14:15:57.563+0000] {dag.py:2585} INFO - Sync 1 DAGs
[2023-10-05T14:15:57.582+0000] {logging_mixin.py:120} INFO - [2023-10-05T14:15:57.582+0000] {dag.py:3340} INFO - Setting next_dagrun for elastic_dag to 2023-10-05T00:00:00+00:00, run_after=2023-10-06T00:00:00+00:00
[2023-10-05T14:15:57.657+0000] {processor.py:176} INFO - Processing /opt/airflow/dags/elastic_dag.py took 0.470 seconds
[2023-10-05T14:16:28.072+0000] {processor.py:154} INFO - Started process (PID=536) to work on /opt/airflow/dags/elastic_dag.py
[2023-10-05T14:16:28.073+0000] {processor.py:756} INFO - Processing file /opt/airflow/dags/elastic_dag.py for tasks to queue
[2023-10-05T14:16:28.075+0000] {logging_mixin.py:120} INFO - [2023-10-05T14:16:28.075+0000] {dagbag.py:537} INFO - Filling up the DagBag from /opt/airflow/dags/elastic_dag.py
[2023-10-05T14:16:28.455+0000] {processor.py:766} INFO - DAG(s) dict_keys(['elastic_dag']) retrieved from /opt/airflow/dags/elastic_dag.py
[2023-10-05T14:16:28.488+0000] {logging_mixin.py:120} INFO - [2023-10-05T14:16:28.487+0000] {dag.py:2585} INFO - Sync 1 DAGs
[2023-10-05T14:16:28.510+0000] {logging_mixin.py:120} INFO - [2023-10-05T14:16:28.510+0000] {dag.py:3340} INFO - Setting next_dagrun for elastic_dag to 2023-10-05T00:00:00+00:00, run_after=2023-10-06T00:00:00+00:00
[2023-10-05T14:16:28.535+0000] {processor.py:176} INFO - Processing /opt/airflow/dags/elastic_dag.py took 0.465 seconds
[2023-10-05T14:16:58.901+0000] {processor.py:154} INFO - Started process (PID=584) to work on /opt/airflow/dags/elastic_dag.py
[2023-10-05T14:16:58.903+0000] {processor.py:756} INFO - Processing file /opt/airflow/dags/elastic_dag.py for tasks to queue
[2023-10-05T14:16:58.904+0000] {logging_mixin.py:120} INFO - [2023-10-05T14:16:58.904+0000] {dagbag.py:537} INFO - Filling up the DagBag from /opt/airflow/dags/elastic_dag.py
[2023-10-05T14:16:59.269+0000] {processor.py:766} INFO - DAG(s) dict_keys(['elastic_dag']) retrieved from /opt/airflow/dags/elastic_dag.py
[2023-10-05T14:16:59.299+0000] {logging_mixin.py:120} INFO - [2023-10-05T14:16:59.299+0000] {dag.py:2585} INFO - Sync 1 DAGs
[2023-10-05T14:16:59.321+0000] {logging_mixin.py:120} INFO - [2023-10-05T14:16:59.321+0000] {dag.py:3340} INFO - Setting next_dagrun for elastic_dag to 2023-10-05T00:00:00+00:00, run_after=2023-10-06T00:00:00+00:00
[2023-10-05T14:16:59.346+0000] {processor.py:176} INFO - Processing /opt/airflow/dags/elastic_dag.py took 0.447 seconds
[2023-10-05T14:17:29.726+0000] {processor.py:154} INFO - Started process (PID=630) to work on /opt/airflow/dags/elastic_dag.py
[2023-10-05T14:17:29.728+0000] {processor.py:756} INFO - Processing file /opt/airflow/dags/elastic_dag.py for tasks to queue
[2023-10-05T14:17:29.729+0000] {logging_mixin.py:120} INFO - [2023-10-05T14:17:29.729+0000] {dagbag.py:537} INFO - Filling up the DagBag from /opt/airflow/dags/elastic_dag.py
[2023-10-05T14:17:30.116+0000] {processor.py:766} INFO - DAG(s) dict_keys(['elastic_dag']) retrieved from /opt/airflow/dags/elastic_dag.py
[2023-10-05T14:17:30.156+0000] {logging_mixin.py:120} INFO - [2023-10-05T14:17:30.155+0000] {dag.py:2585} INFO - Sync 1 DAGs
[2023-10-05T14:17:30.185+0000] {logging_mixin.py:120} INFO - [2023-10-05T14:17:30.185+0000] {dag.py:3340} INFO - Setting next_dagrun for elastic_dag to 2023-10-05T00:00:00+00:00, run_after=2023-10-06T00:00:00+00:00
[2023-10-05T14:17:30.226+0000] {processor.py:176} INFO - Processing /opt/airflow/dags/elastic_dag.py took 0.503 seconds
[2023-10-05T14:18:00.563+0000] {processor.py:154} INFO - Started process (PID=665) to work on /opt/airflow/dags/elastic_dag.py
[2023-10-05T14:18:00.564+0000] {processor.py:756} INFO - Processing file /opt/airflow/dags/elastic_dag.py for tasks to queue
[2023-10-05T14:18:00.566+0000] {logging_mixin.py:120} INFO - [2023-10-05T14:18:00.565+0000] {dagbag.py:537} INFO - Filling up the DagBag from /opt/airflow/dags/elastic_dag.py
[2023-10-05T14:18:00.995+0000] {processor.py:766} INFO - DAG(s) dict_keys(['elastic_dag']) retrieved from /opt/airflow/dags/elastic_dag.py
[2023-10-05T14:18:01.026+0000] {logging_mixin.py:120} INFO - [2023-10-05T14:18:01.025+0000] {dag.py:2585} INFO - Sync 1 DAGs
[2023-10-05T14:18:01.048+0000] {logging_mixin.py:120} INFO - [2023-10-05T14:18:01.048+0000] {dag.py:3340} INFO - Setting next_dagrun for elastic_dag to 2023-10-05T00:00:00+00:00, run_after=2023-10-06T00:00:00+00:00
[2023-10-05T14:18:01.072+0000] {processor.py:176} INFO - Processing /opt/airflow/dags/elastic_dag.py took 0.513 seconds
[2023-10-05T14:18:31.265+0000] {processor.py:154} INFO - Started process (PID=709) to work on /opt/airflow/dags/elastic_dag.py
[2023-10-05T14:18:31.267+0000] {processor.py:756} INFO - Processing file /opt/airflow/dags/elastic_dag.py for tasks to queue
[2023-10-05T14:18:31.268+0000] {logging_mixin.py:120} INFO - [2023-10-05T14:18:31.268+0000] {dagbag.py:537} INFO - Filling up the DagBag from /opt/airflow/dags/elastic_dag.py
[2023-10-05T14:18:31.617+0000] {processor.py:766} INFO - DAG(s) dict_keys(['elastic_dag']) retrieved from /opt/airflow/dags/elastic_dag.py
[2023-10-05T14:18:31.647+0000] {logging_mixin.py:120} INFO - [2023-10-05T14:18:31.647+0000] {dag.py:2585} INFO - Sync 1 DAGs
[2023-10-05T14:18:31.669+0000] {logging_mixin.py:120} INFO - [2023-10-05T14:18:31.669+0000] {dag.py:3340} INFO - Setting next_dagrun for elastic_dag to 2023-10-05T00:00:00+00:00, run_after=2023-10-06T00:00:00+00:00
[2023-10-05T14:18:31.696+0000] {processor.py:176} INFO - Processing /opt/airflow/dags/elastic_dag.py took 0.433 seconds
[2023-10-05T14:19:02.368+0000] {processor.py:154} INFO - Started process (PID=754) to work on /opt/airflow/dags/elastic_dag.py
[2023-10-05T14:19:02.369+0000] {processor.py:756} INFO - Processing file /opt/airflow/dags/elastic_dag.py for tasks to queue
[2023-10-05T14:19:02.371+0000] {logging_mixin.py:120} INFO - [2023-10-05T14:19:02.370+0000] {dagbag.py:537} INFO - Filling up the DagBag from /opt/airflow/dags/elastic_dag.py
[2023-10-05T14:19:02.722+0000] {processor.py:766} INFO - DAG(s) dict_keys(['elastic_dag']) retrieved from /opt/airflow/dags/elastic_dag.py
[2023-10-05T14:19:02.756+0000] {logging_mixin.py:120} INFO - [2023-10-05T14:19:02.756+0000] {dag.py:2585} INFO - Sync 1 DAGs
[2023-10-05T14:19:02.777+0000] {logging_mixin.py:120} INFO - [2023-10-05T14:19:02.777+0000] {dag.py:3340} INFO - Setting next_dagrun for elastic_dag to 2023-10-05T00:00:00+00:00, run_after=2023-10-06T00:00:00+00:00
[2023-10-05T14:19:02.797+0000] {processor.py:176} INFO - Processing /opt/airflow/dags/elastic_dag.py took 0.432 seconds
[2023-10-05T14:19:33.051+0000] {processor.py:154} INFO - Started process (PID=798) to work on /opt/airflow/dags/elastic_dag.py
[2023-10-05T14:19:33.052+0000] {processor.py:756} INFO - Processing file /opt/airflow/dags/elastic_dag.py for tasks to queue
[2023-10-05T14:19:33.053+0000] {logging_mixin.py:120} INFO - [2023-10-05T14:19:33.053+0000] {dagbag.py:537} INFO - Filling up the DagBag from /opt/airflow/dags/elastic_dag.py
[2023-10-05T14:19:33.415+0000] {processor.py:766} INFO - DAG(s) dict_keys(['elastic_dag']) retrieved from /opt/airflow/dags/elastic_dag.py
[2023-10-05T14:19:33.446+0000] {logging_mixin.py:120} INFO - [2023-10-05T14:19:33.445+0000] {dag.py:2585} INFO - Sync 1 DAGs
[2023-10-05T14:19:33.464+0000] {logging_mixin.py:120} INFO - [2023-10-05T14:19:33.464+0000] {dag.py:3340} INFO - Setting next_dagrun for elastic_dag to 2023-10-05T00:00:00+00:00, run_after=2023-10-06T00:00:00+00:00
[2023-10-05T14:19:33.483+0000] {processor.py:176} INFO - Processing /opt/airflow/dags/elastic_dag.py took 0.436 seconds
[2023-10-05T14:20:03.730+0000] {processor.py:154} INFO - Started process (PID=833) to work on /opt/airflow/dags/elastic_dag.py
[2023-10-05T14:20:03.732+0000] {processor.py:756} INFO - Processing file /opt/airflow/dags/elastic_dag.py for tasks to queue
[2023-10-05T14:20:03.734+0000] {logging_mixin.py:120} INFO - [2023-10-05T14:20:03.733+0000] {dagbag.py:537} INFO - Filling up the DagBag from /opt/airflow/dags/elastic_dag.py
[2023-10-05T14:20:04.112+0000] {processor.py:766} INFO - DAG(s) dict_keys(['elastic_dag']) retrieved from /opt/airflow/dags/elastic_dag.py
[2023-10-05T14:20:04.140+0000] {logging_mixin.py:120} INFO - [2023-10-05T14:20:04.140+0000] {dag.py:2585} INFO - Sync 1 DAGs
[2023-10-05T14:20:04.161+0000] {logging_mixin.py:120} INFO - [2023-10-05T14:20:04.161+0000] {dag.py:3340} INFO - Setting next_dagrun for elastic_dag to 2023-10-05T00:00:00+00:00, run_after=2023-10-06T00:00:00+00:00
[2023-10-05T14:20:04.183+0000] {processor.py:176} INFO - Processing /opt/airflow/dags/elastic_dag.py took 0.455 seconds
[2023-10-05T14:20:34.500+0000] {processor.py:154} INFO - Started process (PID=877) to work on /opt/airflow/dags/elastic_dag.py
[2023-10-05T14:20:34.501+0000] {processor.py:756} INFO - Processing file /opt/airflow/dags/elastic_dag.py for tasks to queue
[2023-10-05T14:20:34.503+0000] {logging_mixin.py:120} INFO - [2023-10-05T14:20:34.503+0000] {dagbag.py:537} INFO - Filling up the DagBag from /opt/airflow/dags/elastic_dag.py
[2023-10-05T14:20:34.854+0000] {processor.py:766} INFO - DAG(s) dict_keys(['elastic_dag']) retrieved from /opt/airflow/dags/elastic_dag.py
[2023-10-05T14:20:34.884+0000] {logging_mixin.py:120} INFO - [2023-10-05T14:20:34.883+0000] {dag.py:2585} INFO - Sync 1 DAGs
[2023-10-05T14:20:34.904+0000] {logging_mixin.py:120} INFO - [2023-10-05T14:20:34.904+0000] {dag.py:3340} INFO - Setting next_dagrun for elastic_dag to 2023-10-05T00:00:00+00:00, run_after=2023-10-06T00:00:00+00:00
[2023-10-05T14:20:34.926+0000] {processor.py:176} INFO - Processing /opt/airflow/dags/elastic_dag.py took 0.429 seconds
