[2023-10-05T09:47:20.692+0000] {processor.py:154} INFO - Started process (PID=9386) to work on /opt/airflow/dags/xcom_dag_branch.py
[2023-10-05T09:47:20.693+0000] {processor.py:756} INFO - Processing file /opt/airflow/dags/xcom_dag_branch.py for tasks to queue
[2023-10-05T09:47:20.695+0000] {logging_mixin.py:120} INFO - [2023-10-05T09:47:20.694+0000] {dagbag.py:537} INFO - Filling up the DagBag from /opt/airflow/dags/xcom_dag_branch.py
[2023-10-05T09:47:20.776+0000] {processor.py:766} INFO - DAG(s) dict_keys(['xcom_dag']) retrieved from /opt/airflow/dags/xcom_dag_branch.py
[2023-10-05T09:47:20.858+0000] {logging_mixin.py:120} INFO - [2023-10-05T09:47:20.857+0000] {dag.py:2585} INFO - Sync 1 DAGs
[2023-10-05T09:47:20.886+0000] {logging_mixin.py:120} INFO - [2023-10-05T09:47:20.885+0000] {dag.py:3340} INFO - Setting next_dagrun for xcom_dag to 2023-10-05T00:00:00+00:00, run_after=2023-10-06T00:00:00+00:00
[2023-10-05T09:47:20.922+0000] {processor.py:176} INFO - Processing /opt/airflow/dags/xcom_dag_branch.py took 0.233 seconds
[2023-10-05T09:47:51.548+0000] {processor.py:154} INFO - Started process (PID=9418) to work on /opt/airflow/dags/xcom_dag_branch.py
[2023-10-05T09:47:51.549+0000] {processor.py:756} INFO - Processing file /opt/airflow/dags/xcom_dag_branch.py for tasks to queue
[2023-10-05T09:47:51.551+0000] {logging_mixin.py:120} INFO - [2023-10-05T09:47:51.551+0000] {dagbag.py:537} INFO - Filling up the DagBag from /opt/airflow/dags/xcom_dag_branch.py
[2023-10-05T09:47:51.608+0000] {processor.py:766} INFO - DAG(s) dict_keys(['xcom_dag']) retrieved from /opt/airflow/dags/xcom_dag_branch.py
[2023-10-05T09:47:51.689+0000] {logging_mixin.py:120} INFO - [2023-10-05T09:47:51.689+0000] {dag.py:2585} INFO - Sync 1 DAGs
[2023-10-05T09:47:51.721+0000] {logging_mixin.py:120} INFO - [2023-10-05T09:47:51.721+0000] {dag.py:3340} INFO - Setting next_dagrun for xcom_dag to 2023-10-05T00:00:00+00:00, run_after=2023-10-06T00:00:00+00:00
[2023-10-05T09:47:51.749+0000] {processor.py:176} INFO - Processing /opt/airflow/dags/xcom_dag_branch.py took 0.205 seconds
[2023-10-05T09:48:00.213+0000] {processor.py:154} INFO - Started process (PID=9430) to work on /opt/airflow/dags/xcom_dag_branch.py
[2023-10-05T09:48:00.215+0000] {processor.py:756} INFO - Processing file /opt/airflow/dags/xcom_dag_branch.py for tasks to queue
[2023-10-05T09:48:00.216+0000] {logging_mixin.py:120} INFO - [2023-10-05T09:48:00.216+0000] {dagbag.py:537} INFO - Filling up the DagBag from /opt/airflow/dags/xcom_dag_branch.py
[2023-10-05T09:48:00.318+0000] {processor.py:766} INFO - DAG(s) dict_keys(['xcom_dag']) retrieved from /opt/airflow/dags/xcom_dag_branch.py
[2023-10-05T09:48:00.338+0000] {logging_mixin.py:120} INFO - [2023-10-05T09:48:00.338+0000] {dag.py:2585} INFO - Sync 1 DAGs
[2023-10-05T09:48:00.360+0000] {logging_mixin.py:120} INFO - [2023-10-05T09:48:00.359+0000] {dag.py:3340} INFO - Setting next_dagrun for xcom_dag to 2023-10-05T00:00:00+00:00, run_after=2023-10-06T00:00:00+00:00
[2023-10-05T09:48:00.392+0000] {processor.py:176} INFO - Processing /opt/airflow/dags/xcom_dag_branch.py took 0.181 seconds
[2023-10-05T09:48:28.538+0000] {processor.py:154} INFO - Started process (PID=9471) to work on /opt/airflow/dags/xcom_dag_branch.py
[2023-10-05T09:48:28.540+0000] {processor.py:756} INFO - Processing file /opt/airflow/dags/xcom_dag_branch.py for tasks to queue
[2023-10-05T09:48:28.541+0000] {logging_mixin.py:120} INFO - [2023-10-05T09:48:28.541+0000] {dagbag.py:537} INFO - Filling up the DagBag from /opt/airflow/dags/xcom_dag_branch.py
[2023-10-05T09:48:28.640+0000] {processor.py:766} INFO - DAG(s) dict_keys(['xcom_dag']) retrieved from /opt/airflow/dags/xcom_dag_branch.py
[2023-10-05T09:48:28.664+0000] {logging_mixin.py:120} INFO - [2023-10-05T09:48:28.664+0000] {dag.py:2585} INFO - Sync 1 DAGs
[2023-10-05T09:48:28.691+0000] {logging_mixin.py:120} INFO - [2023-10-05T09:48:28.691+0000] {dag.py:3340} INFO - Setting next_dagrun for xcom_dag to 2023-10-05T00:00:00+00:00, run_after=2023-10-06T00:00:00+00:00
[2023-10-05T09:48:28.729+0000] {processor.py:176} INFO - Processing /opt/airflow/dags/xcom_dag_branch.py took 0.195 seconds
[2023-10-05T09:48:49.257+0000] {processor.py:154} INFO - Started process (PID=9501) to work on /opt/airflow/dags/xcom_dag_branch.py
[2023-10-05T09:48:49.259+0000] {processor.py:756} INFO - Processing file /opt/airflow/dags/xcom_dag_branch.py for tasks to queue
[2023-10-05T09:48:49.260+0000] {logging_mixin.py:120} INFO - [2023-10-05T09:48:49.260+0000] {dagbag.py:537} INFO - Filling up the DagBag from /opt/airflow/dags/xcom_dag_branch.py
[2023-10-05T09:48:49.368+0000] {processor.py:766} INFO - DAG(s) dict_keys(['xcom_dag_branch']) retrieved from /opt/airflow/dags/xcom_dag_branch.py
[2023-10-05T09:48:49.471+0000] {logging_mixin.py:120} INFO - [2023-10-05T09:48:49.471+0000] {manager.py:507} INFO - Created Permission View: can delete on DAG:xcom_dag_branch
[2023-10-05T09:48:49.480+0000] {logging_mixin.py:120} INFO - [2023-10-05T09:48:49.480+0000] {manager.py:507} INFO - Created Permission View: can read on DAG:xcom_dag_branch
[2023-10-05T09:48:49.488+0000] {logging_mixin.py:120} INFO - [2023-10-05T09:48:49.488+0000] {manager.py:507} INFO - Created Permission View: can edit on DAG:xcom_dag_branch
[2023-10-05T09:48:49.489+0000] {logging_mixin.py:120} INFO - [2023-10-05T09:48:49.489+0000] {dag.py:2585} INFO - Sync 1 DAGs
[2023-10-05T09:48:49.501+0000] {logging_mixin.py:120} INFO - [2023-10-05T09:48:49.501+0000] {dag.py:2606} INFO - Creating ORM DAG for xcom_dag_branch
[2023-10-05T09:48:49.512+0000] {logging_mixin.py:120} INFO - [2023-10-05T09:48:49.512+0000] {dag.py:3340} INFO - Setting next_dagrun for xcom_dag_branch to 2023-10-04T00:00:00+00:00, run_after=2023-10-05T00:00:00+00:00
[2023-10-05T09:48:49.538+0000] {processor.py:176} INFO - Processing /opt/airflow/dags/xcom_dag_branch.py took 0.284 seconds
[2023-10-05T09:49:19.686+0000] {processor.py:154} INFO - Started process (PID=9546) to work on /opt/airflow/dags/xcom_dag_branch.py
[2023-10-05T09:49:19.688+0000] {processor.py:756} INFO - Processing file /opt/airflow/dags/xcom_dag_branch.py for tasks to queue
[2023-10-05T09:49:19.689+0000] {logging_mixin.py:120} INFO - [2023-10-05T09:49:19.689+0000] {dagbag.py:537} INFO - Filling up the DagBag from /opt/airflow/dags/xcom_dag_branch.py
[2023-10-05T09:49:19.737+0000] {processor.py:766} INFO - DAG(s) dict_keys(['xcom_dag_branch']) retrieved from /opt/airflow/dags/xcom_dag_branch.py
[2023-10-05T09:49:19.771+0000] {logging_mixin.py:120} INFO - [2023-10-05T09:49:19.771+0000] {dag.py:2585} INFO - Sync 1 DAGs
[2023-10-05T09:49:19.794+0000] {logging_mixin.py:120} INFO - [2023-10-05T09:49:19.794+0000] {dag.py:3340} INFO - Setting next_dagrun for xcom_dag_branch to 2023-10-05T00:00:00+00:00, run_after=2023-10-06T00:00:00+00:00
[2023-10-05T09:49:19.821+0000] {processor.py:176} INFO - Processing /opt/airflow/dags/xcom_dag_branch.py took 0.138 seconds
[2023-10-05T09:49:50.007+0000] {processor.py:154} INFO - Started process (PID=9587) to work on /opt/airflow/dags/xcom_dag_branch.py
[2023-10-05T09:49:50.008+0000] {processor.py:756} INFO - Processing file /opt/airflow/dags/xcom_dag_branch.py for tasks to queue
[2023-10-05T09:49:50.010+0000] {logging_mixin.py:120} INFO - [2023-10-05T09:49:50.009+0000] {dagbag.py:537} INFO - Filling up the DagBag from /opt/airflow/dags/xcom_dag_branch.py
[2023-10-05T09:49:50.063+0000] {processor.py:766} INFO - DAG(s) dict_keys(['xcom_dag_branch']) retrieved from /opt/airflow/dags/xcom_dag_branch.py
[2023-10-05T09:49:50.099+0000] {logging_mixin.py:120} INFO - [2023-10-05T09:49:50.099+0000] {dag.py:2585} INFO - Sync 1 DAGs
[2023-10-05T09:49:50.121+0000] {logging_mixin.py:120} INFO - [2023-10-05T09:49:50.121+0000] {dag.py:3340} INFO - Setting next_dagrun for xcom_dag_branch to 2023-10-05T00:00:00+00:00, run_after=2023-10-06T00:00:00+00:00
[2023-10-05T09:49:50.147+0000] {processor.py:176} INFO - Processing /opt/airflow/dags/xcom_dag_branch.py took 0.145 seconds
[2023-10-05T09:50:20.235+0000] {processor.py:154} INFO - Started process (PID=9628) to work on /opt/airflow/dags/xcom_dag_branch.py
[2023-10-05T09:50:20.237+0000] {processor.py:756} INFO - Processing file /opt/airflow/dags/xcom_dag_branch.py for tasks to queue
[2023-10-05T09:50:20.238+0000] {logging_mixin.py:120} INFO - [2023-10-05T09:50:20.238+0000] {dagbag.py:537} INFO - Filling up the DagBag from /opt/airflow/dags/xcom_dag_branch.py
[2023-10-05T09:50:20.287+0000] {processor.py:766} INFO - DAG(s) dict_keys(['xcom_dag_branch']) retrieved from /opt/airflow/dags/xcom_dag_branch.py
[2023-10-05T09:50:20.324+0000] {logging_mixin.py:120} INFO - [2023-10-05T09:50:20.323+0000] {dag.py:2585} INFO - Sync 1 DAGs
[2023-10-05T09:50:20.348+0000] {logging_mixin.py:120} INFO - [2023-10-05T09:50:20.347+0000] {dag.py:3340} INFO - Setting next_dagrun for xcom_dag_branch to 2023-10-05T00:00:00+00:00, run_after=2023-10-06T00:00:00+00:00
[2023-10-05T09:50:20.374+0000] {processor.py:176} INFO - Processing /opt/airflow/dags/xcom_dag_branch.py took 0.143 seconds
[2023-10-05T09:50:23.384+0000] {processor.py:154} INFO - Started process (PID=9629) to work on /opt/airflow/dags/xcom_dag_branch.py
[2023-10-05T09:50:23.385+0000] {processor.py:756} INFO - Processing file /opt/airflow/dags/xcom_dag_branch.py for tasks to queue
[2023-10-05T09:50:23.387+0000] {logging_mixin.py:120} INFO - [2023-10-05T09:50:23.386+0000] {dagbag.py:537} INFO - Filling up the DagBag from /opt/airflow/dags/xcom_dag_branch.py
[2023-10-05T09:50:23.471+0000] {processor.py:766} INFO - DAG(s) dict_keys(['xcom_dag_branch']) retrieved from /opt/airflow/dags/xcom_dag_branch.py
[2023-10-05T09:50:23.578+0000] {logging_mixin.py:120} INFO - [2023-10-05T09:50:23.577+0000] {dag.py:2585} INFO - Sync 1 DAGs
[2023-10-05T09:50:23.604+0000] {logging_mixin.py:120} INFO - [2023-10-05T09:50:23.604+0000] {dag.py:3340} INFO - Setting next_dagrun for xcom_dag_branch to 2023-10-05T00:00:00+00:00, run_after=2023-10-06T00:00:00+00:00
[2023-10-05T09:50:23.643+0000] {processor.py:176} INFO - Processing /opt/airflow/dags/xcom_dag_branch.py took 0.262 seconds
[2023-10-05T09:50:37.529+0000] {processor.py:154} INFO - Started process (PID=9644) to work on /opt/airflow/dags/xcom_dag_branch.py
[2023-10-05T09:50:37.531+0000] {processor.py:756} INFO - Processing file /opt/airflow/dags/xcom_dag_branch.py for tasks to queue
[2023-10-05T09:50:37.532+0000] {logging_mixin.py:120} INFO - [2023-10-05T09:50:37.532+0000] {dagbag.py:537} INFO - Filling up the DagBag from /opt/airflow/dags/xcom_dag_branch.py
[2023-10-05T09:50:37.628+0000] {processor.py:766} INFO - DAG(s) dict_keys(['xcom_dag_branch']) retrieved from /opt/airflow/dags/xcom_dag_branch.py
[2023-10-05T09:50:37.654+0000] {logging_mixin.py:120} INFO - [2023-10-05T09:50:37.654+0000] {dag.py:2585} INFO - Sync 1 DAGs
[2023-10-05T09:50:37.681+0000] {logging_mixin.py:120} INFO - [2023-10-05T09:50:37.681+0000] {dag.py:3340} INFO - Setting next_dagrun for xcom_dag_branch to 2023-10-05T00:00:00+00:00, run_after=2023-10-06T00:00:00+00:00
[2023-10-05T09:50:37.718+0000] {processor.py:176} INFO - Processing /opt/airflow/dags/xcom_dag_branch.py took 0.194 seconds
[2023-10-05T09:51:08.089+0000] {processor.py:154} INFO - Started process (PID=9685) to work on /opt/airflow/dags/xcom_dag_branch.py
[2023-10-05T09:51:08.091+0000] {processor.py:756} INFO - Processing file /opt/airflow/dags/xcom_dag_branch.py for tasks to queue
[2023-10-05T09:51:08.093+0000] {logging_mixin.py:120} INFO - [2023-10-05T09:51:08.093+0000] {dagbag.py:537} INFO - Filling up the DagBag from /opt/airflow/dags/xcom_dag_branch.py
[2023-10-05T09:51:08.145+0000] {processor.py:766} INFO - DAG(s) dict_keys(['xcom_dag_branch']) retrieved from /opt/airflow/dags/xcom_dag_branch.py
[2023-10-05T09:51:08.189+0000] {logging_mixin.py:120} INFO - [2023-10-05T09:51:08.189+0000] {dag.py:2585} INFO - Sync 1 DAGs
[2023-10-05T09:51:08.224+0000] {logging_mixin.py:120} INFO - [2023-10-05T09:51:08.223+0000] {dag.py:3340} INFO - Setting next_dagrun for xcom_dag_branch to 2023-10-05T00:00:00+00:00, run_after=2023-10-06T00:00:00+00:00
[2023-10-05T09:51:08.261+0000] {processor.py:176} INFO - Processing /opt/airflow/dags/xcom_dag_branch.py took 0.176 seconds
[2023-10-05T09:51:38.385+0000] {processor.py:154} INFO - Started process (PID=9726) to work on /opt/airflow/dags/xcom_dag_branch.py
[2023-10-05T09:51:38.387+0000] {processor.py:756} INFO - Processing file /opt/airflow/dags/xcom_dag_branch.py for tasks to queue
[2023-10-05T09:51:38.389+0000] {logging_mixin.py:120} INFO - [2023-10-05T09:51:38.388+0000] {dagbag.py:537} INFO - Filling up the DagBag from /opt/airflow/dags/xcom_dag_branch.py
[2023-10-05T09:51:38.447+0000] {processor.py:766} INFO - DAG(s) dict_keys(['xcom_dag_branch']) retrieved from /opt/airflow/dags/xcom_dag_branch.py
[2023-10-05T09:51:38.521+0000] {logging_mixin.py:120} INFO - [2023-10-05T09:51:38.521+0000] {dag.py:2585} INFO - Sync 1 DAGs
[2023-10-05T09:51:38.554+0000] {logging_mixin.py:120} INFO - [2023-10-05T09:51:38.554+0000] {dag.py:3340} INFO - Setting next_dagrun for xcom_dag_branch to 2023-10-05T00:00:00+00:00, run_after=2023-10-06T00:00:00+00:00
[2023-10-05T09:51:38.584+0000] {processor.py:176} INFO - Processing /opt/airflow/dags/xcom_dag_branch.py took 0.203 seconds
[2023-10-05T09:52:08.798+0000] {processor.py:154} INFO - Started process (PID=9758) to work on /opt/airflow/dags/xcom_dag_branch.py
[2023-10-05T09:52:08.799+0000] {processor.py:756} INFO - Processing file /opt/airflow/dags/xcom_dag_branch.py for tasks to queue
[2023-10-05T09:52:08.800+0000] {logging_mixin.py:120} INFO - [2023-10-05T09:52:08.800+0000] {dagbag.py:537} INFO - Filling up the DagBag from /opt/airflow/dags/xcom_dag_branch.py
[2023-10-05T09:52:08.861+0000] {processor.py:766} INFO - DAG(s) dict_keys(['xcom_dag_branch']) retrieved from /opt/airflow/dags/xcom_dag_branch.py
[2023-10-05T09:52:08.899+0000] {logging_mixin.py:120} INFO - [2023-10-05T09:52:08.899+0000] {dag.py:2585} INFO - Sync 1 DAGs
[2023-10-05T09:52:08.921+0000] {logging_mixin.py:120} INFO - [2023-10-05T09:52:08.920+0000] {dag.py:3340} INFO - Setting next_dagrun for xcom_dag_branch to 2023-10-05T00:00:00+00:00, run_after=2023-10-06T00:00:00+00:00
[2023-10-05T09:52:08.946+0000] {processor.py:176} INFO - Processing /opt/airflow/dags/xcom_dag_branch.py took 0.153 seconds
[2023-10-05T09:52:39.285+0000] {processor.py:154} INFO - Started process (PID=9798) to work on /opt/airflow/dags/xcom_dag_branch.py
[2023-10-05T09:52:39.287+0000] {processor.py:756} INFO - Processing file /opt/airflow/dags/xcom_dag_branch.py for tasks to queue
[2023-10-05T09:52:39.288+0000] {logging_mixin.py:120} INFO - [2023-10-05T09:52:39.288+0000] {dagbag.py:537} INFO - Filling up the DagBag from /opt/airflow/dags/xcom_dag_branch.py
[2023-10-05T09:52:39.348+0000] {processor.py:766} INFO - DAG(s) dict_keys(['xcom_dag_branch']) retrieved from /opt/airflow/dags/xcom_dag_branch.py
[2023-10-05T09:52:39.388+0000] {logging_mixin.py:120} INFO - [2023-10-05T09:52:39.387+0000] {dag.py:2585} INFO - Sync 1 DAGs
[2023-10-05T09:52:39.412+0000] {logging_mixin.py:120} INFO - [2023-10-05T09:52:39.412+0000] {dag.py:3340} INFO - Setting next_dagrun for xcom_dag_branch to 2023-10-05T00:00:00+00:00, run_after=2023-10-06T00:00:00+00:00
[2023-10-05T09:52:39.443+0000] {processor.py:176} INFO - Processing /opt/airflow/dags/xcom_dag_branch.py took 0.160 seconds
[2023-10-05T09:53:09.940+0000] {processor.py:154} INFO - Started process (PID=9839) to work on /opt/airflow/dags/xcom_dag_branch.py
[2023-10-05T09:53:09.942+0000] {processor.py:756} INFO - Processing file /opt/airflow/dags/xcom_dag_branch.py for tasks to queue
[2023-10-05T09:53:09.943+0000] {logging_mixin.py:120} INFO - [2023-10-05T09:53:09.943+0000] {dagbag.py:537} INFO - Filling up the DagBag from /opt/airflow/dags/xcom_dag_branch.py
[2023-10-05T09:53:10.004+0000] {processor.py:766} INFO - DAG(s) dict_keys(['xcom_dag_branch']) retrieved from /opt/airflow/dags/xcom_dag_branch.py
[2023-10-05T09:53:10.040+0000] {logging_mixin.py:120} INFO - [2023-10-05T09:53:10.040+0000] {dag.py:2585} INFO - Sync 1 DAGs
[2023-10-05T09:53:10.064+0000] {logging_mixin.py:120} INFO - [2023-10-05T09:53:10.064+0000] {dag.py:3340} INFO - Setting next_dagrun for xcom_dag_branch to 2023-10-05T00:00:00+00:00, run_after=2023-10-06T00:00:00+00:00
[2023-10-05T09:53:10.094+0000] {processor.py:176} INFO - Processing /opt/airflow/dags/xcom_dag_branch.py took 0.159 seconds
[2023-10-05T09:53:40.362+0000] {processor.py:154} INFO - Started process (PID=9880) to work on /opt/airflow/dags/xcom_dag_branch.py
[2023-10-05T09:53:40.363+0000] {processor.py:756} INFO - Processing file /opt/airflow/dags/xcom_dag_branch.py for tasks to queue
[2023-10-05T09:53:40.365+0000] {logging_mixin.py:120} INFO - [2023-10-05T09:53:40.365+0000] {dagbag.py:537} INFO - Filling up the DagBag from /opt/airflow/dags/xcom_dag_branch.py
[2023-10-05T09:53:40.420+0000] {processor.py:766} INFO - DAG(s) dict_keys(['xcom_dag_branch']) retrieved from /opt/airflow/dags/xcom_dag_branch.py
[2023-10-05T09:53:40.454+0000] {logging_mixin.py:120} INFO - [2023-10-05T09:53:40.454+0000] {dag.py:2585} INFO - Sync 1 DAGs
[2023-10-05T09:53:40.479+0000] {logging_mixin.py:120} INFO - [2023-10-05T09:53:40.479+0000] {dag.py:3340} INFO - Setting next_dagrun for xcom_dag_branch to 2023-10-05T00:00:00+00:00, run_after=2023-10-06T00:00:00+00:00
[2023-10-05T09:53:40.507+0000] {processor.py:176} INFO - Processing /opt/airflow/dags/xcom_dag_branch.py took 0.148 seconds
[2023-10-05T09:54:10.849+0000] {processor.py:154} INFO - Started process (PID=9912) to work on /opt/airflow/dags/xcom_dag_branch.py
[2023-10-05T09:54:10.850+0000] {processor.py:756} INFO - Processing file /opt/airflow/dags/xcom_dag_branch.py for tasks to queue
[2023-10-05T09:54:10.852+0000] {logging_mixin.py:120} INFO - [2023-10-05T09:54:10.852+0000] {dagbag.py:537} INFO - Filling up the DagBag from /opt/airflow/dags/xcom_dag_branch.py
[2023-10-05T09:54:10.917+0000] {processor.py:766} INFO - DAG(s) dict_keys(['xcom_dag_branch']) retrieved from /opt/airflow/dags/xcom_dag_branch.py
[2023-10-05T09:54:10.958+0000] {logging_mixin.py:120} INFO - [2023-10-05T09:54:10.958+0000] {dag.py:2585} INFO - Sync 1 DAGs
[2023-10-05T09:54:10.985+0000] {logging_mixin.py:120} INFO - [2023-10-05T09:54:10.985+0000] {dag.py:3340} INFO - Setting next_dagrun for xcom_dag_branch to 2023-10-05T00:00:00+00:00, run_after=2023-10-06T00:00:00+00:00
[2023-10-05T09:54:11.018+0000] {processor.py:176} INFO - Processing /opt/airflow/dags/xcom_dag_branch.py took 0.172 seconds
[2023-10-05T09:54:41.549+0000] {processor.py:154} INFO - Started process (PID=9954) to work on /opt/airflow/dags/xcom_dag_branch.py
[2023-10-05T09:54:41.550+0000] {processor.py:756} INFO - Processing file /opt/airflow/dags/xcom_dag_branch.py for tasks to queue
[2023-10-05T09:54:41.552+0000] {logging_mixin.py:120} INFO - [2023-10-05T09:54:41.552+0000] {dagbag.py:537} INFO - Filling up the DagBag from /opt/airflow/dags/xcom_dag_branch.py
[2023-10-05T09:54:41.612+0000] {processor.py:766} INFO - DAG(s) dict_keys(['xcom_dag_branch']) retrieved from /opt/airflow/dags/xcom_dag_branch.py
[2023-10-05T09:54:41.649+0000] {logging_mixin.py:120} INFO - [2023-10-05T09:54:41.649+0000] {dag.py:2585} INFO - Sync 1 DAGs
[2023-10-05T09:54:41.672+0000] {logging_mixin.py:120} INFO - [2023-10-05T09:54:41.672+0000] {dag.py:3340} INFO - Setting next_dagrun for xcom_dag_branch to 2023-10-05T00:00:00+00:00, run_after=2023-10-06T00:00:00+00:00
[2023-10-05T09:54:41.699+0000] {processor.py:176} INFO - Processing /opt/airflow/dags/xcom_dag_branch.py took 0.153 seconds
[2023-10-05T09:55:12.379+0000] {processor.py:154} INFO - Started process (PID=9995) to work on /opt/airflow/dags/xcom_dag_branch.py
[2023-10-05T09:55:12.381+0000] {processor.py:756} INFO - Processing file /opt/airflow/dags/xcom_dag_branch.py for tasks to queue
[2023-10-05T09:55:12.383+0000] {logging_mixin.py:120} INFO - [2023-10-05T09:55:12.382+0000] {dagbag.py:537} INFO - Filling up the DagBag from /opt/airflow/dags/xcom_dag_branch.py
[2023-10-05T09:55:12.435+0000] {processor.py:766} INFO - DAG(s) dict_keys(['xcom_dag_branch']) retrieved from /opt/airflow/dags/xcom_dag_branch.py
[2023-10-05T09:55:12.476+0000] {logging_mixin.py:120} INFO - [2023-10-05T09:55:12.475+0000] {dag.py:2585} INFO - Sync 1 DAGs
[2023-10-05T09:55:12.505+0000] {logging_mixin.py:120} INFO - [2023-10-05T09:55:12.504+0000] {dag.py:3340} INFO - Setting next_dagrun for xcom_dag_branch to 2023-10-05T00:00:00+00:00, run_after=2023-10-06T00:00:00+00:00
[2023-10-05T09:55:12.541+0000] {processor.py:176} INFO - Processing /opt/airflow/dags/xcom_dag_branch.py took 0.165 seconds
[2023-10-05T09:55:26.676+0000] {processor.py:154} INFO - Started process (PID=10011) to work on /opt/airflow/dags/xcom_dag_branch.py
[2023-10-05T09:55:26.678+0000] {processor.py:756} INFO - Processing file /opt/airflow/dags/xcom_dag_branch.py for tasks to queue
[2023-10-05T09:55:26.679+0000] {logging_mixin.py:120} INFO - [2023-10-05T09:55:26.679+0000] {dagbag.py:537} INFO - Filling up the DagBag from /opt/airflow/dags/xcom_dag_branch.py
[2023-10-05T09:55:26.773+0000] {processor.py:766} INFO - DAG(s) dict_keys(['xcom_dag_branch']) retrieved from /opt/airflow/dags/xcom_dag_branch.py
[2023-10-05T09:55:26.833+0000] {logging_mixin.py:120} INFO - [2023-10-05T09:55:26.833+0000] {dag.py:2585} INFO - Sync 1 DAGs
[2023-10-05T09:55:26.854+0000] {logging_mixin.py:120} INFO - [2023-10-05T09:55:26.853+0000] {dag.py:3340} INFO - Setting next_dagrun for xcom_dag_branch to 2023-10-05T00:00:00+00:00, run_after=2023-10-06T00:00:00+00:00
[2023-10-05T09:55:26.887+0000] {processor.py:176} INFO - Processing /opt/airflow/dags/xcom_dag_branch.py took 0.214 seconds
[2023-10-05T09:55:57.231+0000] {processor.py:154} INFO - Started process (PID=10052) to work on /opt/airflow/dags/xcom_dag_branch.py
[2023-10-05T09:55:57.232+0000] {processor.py:756} INFO - Processing file /opt/airflow/dags/xcom_dag_branch.py for tasks to queue
[2023-10-05T09:55:57.234+0000] {logging_mixin.py:120} INFO - [2023-10-05T09:55:57.234+0000] {dagbag.py:537} INFO - Filling up the DagBag from /opt/airflow/dags/xcom_dag_branch.py
[2023-10-05T09:55:57.284+0000] {processor.py:766} INFO - DAG(s) dict_keys(['xcom_dag_branch']) retrieved from /opt/airflow/dags/xcom_dag_branch.py
[2023-10-05T09:55:57.325+0000] {logging_mixin.py:120} INFO - [2023-10-05T09:55:57.325+0000] {dag.py:2585} INFO - Sync 1 DAGs
[2023-10-05T09:55:57.353+0000] {logging_mixin.py:120} INFO - [2023-10-05T09:55:57.353+0000] {dag.py:3340} INFO - Setting next_dagrun for xcom_dag_branch to 2023-10-05T00:00:00+00:00, run_after=2023-10-06T00:00:00+00:00
[2023-10-05T09:55:57.385+0000] {processor.py:176} INFO - Processing /opt/airflow/dags/xcom_dag_branch.py took 0.156 seconds
[2023-10-05T09:56:27.874+0000] {processor.py:154} INFO - Started process (PID=10093) to work on /opt/airflow/dags/xcom_dag_branch.py
[2023-10-05T09:56:27.876+0000] {processor.py:756} INFO - Processing file /opt/airflow/dags/xcom_dag_branch.py for tasks to queue
[2023-10-05T09:56:27.877+0000] {logging_mixin.py:120} INFO - [2023-10-05T09:56:27.877+0000] {dagbag.py:537} INFO - Filling up the DagBag from /opt/airflow/dags/xcom_dag_branch.py
[2023-10-05T09:56:27.933+0000] {processor.py:766} INFO - DAG(s) dict_keys(['xcom_dag_branch']) retrieved from /opt/airflow/dags/xcom_dag_branch.py
[2023-10-05T09:56:27.967+0000] {logging_mixin.py:120} INFO - [2023-10-05T09:56:27.967+0000] {dag.py:2585} INFO - Sync 1 DAGs
[2023-10-05T09:56:27.991+0000] {logging_mixin.py:120} INFO - [2023-10-05T09:56:27.991+0000] {dag.py:3340} INFO - Setting next_dagrun for xcom_dag_branch to 2023-10-05T00:00:00+00:00, run_after=2023-10-06T00:00:00+00:00
[2023-10-05T09:56:28.013+0000] {processor.py:176} INFO - Processing /opt/airflow/dags/xcom_dag_branch.py took 0.141 seconds
[2023-10-05T09:56:58.261+0000] {processor.py:154} INFO - Started process (PID=10125) to work on /opt/airflow/dags/xcom_dag_branch.py
[2023-10-05T09:56:58.263+0000] {processor.py:756} INFO - Processing file /opt/airflow/dags/xcom_dag_branch.py for tasks to queue
[2023-10-05T09:56:58.264+0000] {logging_mixin.py:120} INFO - [2023-10-05T09:56:58.264+0000] {dagbag.py:537} INFO - Filling up the DagBag from /opt/airflow/dags/xcom_dag_branch.py
[2023-10-05T09:56:58.315+0000] {processor.py:766} INFO - DAG(s) dict_keys(['xcom_dag_branch']) retrieved from /opt/airflow/dags/xcom_dag_branch.py
[2023-10-05T09:56:58.349+0000] {logging_mixin.py:120} INFO - [2023-10-05T09:56:58.349+0000] {dag.py:2585} INFO - Sync 1 DAGs
[2023-10-05T09:56:58.372+0000] {logging_mixin.py:120} INFO - [2023-10-05T09:56:58.372+0000] {dag.py:3340} INFO - Setting next_dagrun for xcom_dag_branch to 2023-10-05T00:00:00+00:00, run_after=2023-10-06T00:00:00+00:00
[2023-10-05T09:56:58.392+0000] {processor.py:176} INFO - Processing /opt/airflow/dags/xcom_dag_branch.py took 0.133 seconds
[2023-10-05T09:57:29.394+0000] {processor.py:154} INFO - Started process (PID=10166) to work on /opt/airflow/dags/xcom_dag_branch.py
[2023-10-05T09:57:29.395+0000] {processor.py:756} INFO - Processing file /opt/airflow/dags/xcom_dag_branch.py for tasks to queue
[2023-10-05T09:57:29.397+0000] {logging_mixin.py:120} INFO - [2023-10-05T09:57:29.396+0000] {dagbag.py:537} INFO - Filling up the DagBag from /opt/airflow/dags/xcom_dag_branch.py
[2023-10-05T09:57:29.452+0000] {processor.py:766} INFO - DAG(s) dict_keys(['xcom_dag_branch']) retrieved from /opt/airflow/dags/xcom_dag_branch.py
[2023-10-05T09:57:29.487+0000] {logging_mixin.py:120} INFO - [2023-10-05T09:57:29.487+0000] {dag.py:2585} INFO - Sync 1 DAGs
[2023-10-05T09:57:29.509+0000] {logging_mixin.py:120} INFO - [2023-10-05T09:57:29.509+0000] {dag.py:3340} INFO - Setting next_dagrun for xcom_dag_branch to 2023-10-05T00:00:00+00:00, run_after=2023-10-06T00:00:00+00:00
[2023-10-05T09:57:29.537+0000] {processor.py:176} INFO - Processing /opt/airflow/dags/xcom_dag_branch.py took 0.146 seconds
[2023-10-05T09:58:00.198+0000] {processor.py:154} INFO - Started process (PID=10207) to work on /opt/airflow/dags/xcom_dag_branch.py
[2023-10-05T09:58:00.200+0000] {processor.py:756} INFO - Processing file /opt/airflow/dags/xcom_dag_branch.py for tasks to queue
[2023-10-05T09:58:00.201+0000] {logging_mixin.py:120} INFO - [2023-10-05T09:58:00.201+0000] {dagbag.py:537} INFO - Filling up the DagBag from /opt/airflow/dags/xcom_dag_branch.py
[2023-10-05T09:58:00.272+0000] {processor.py:766} INFO - DAG(s) dict_keys(['xcom_dag_branch']) retrieved from /opt/airflow/dags/xcom_dag_branch.py
[2023-10-05T09:58:00.313+0000] {logging_mixin.py:120} INFO - [2023-10-05T09:58:00.312+0000] {dag.py:2585} INFO - Sync 1 DAGs
[2023-10-05T09:58:00.340+0000] {logging_mixin.py:120} INFO - [2023-10-05T09:58:00.340+0000] {dag.py:3340} INFO - Setting next_dagrun for xcom_dag_branch to 2023-10-05T00:00:00+00:00, run_after=2023-10-06T00:00:00+00:00
[2023-10-05T09:58:00.368+0000] {processor.py:176} INFO - Processing /opt/airflow/dags/xcom_dag_branch.py took 0.173 seconds
[2023-10-05T09:58:31.023+0000] {processor.py:154} INFO - Started process (PID=10248) to work on /opt/airflow/dags/xcom_dag_branch.py
[2023-10-05T09:58:31.025+0000] {processor.py:756} INFO - Processing file /opt/airflow/dags/xcom_dag_branch.py for tasks to queue
[2023-10-05T09:58:31.027+0000] {logging_mixin.py:120} INFO - [2023-10-05T09:58:31.026+0000] {dagbag.py:537} INFO - Filling up the DagBag from /opt/airflow/dags/xcom_dag_branch.py
[2023-10-05T09:58:31.080+0000] {processor.py:766} INFO - DAG(s) dict_keys(['xcom_dag_branch']) retrieved from /opt/airflow/dags/xcom_dag_branch.py
[2023-10-05T09:58:31.112+0000] {logging_mixin.py:120} INFO - [2023-10-05T09:58:31.112+0000] {dag.py:2585} INFO - Sync 1 DAGs
[2023-10-05T09:58:31.131+0000] {logging_mixin.py:120} INFO - [2023-10-05T09:58:31.131+0000] {dag.py:3340} INFO - Setting next_dagrun for xcom_dag_branch to 2023-10-05T00:00:00+00:00, run_after=2023-10-06T00:00:00+00:00
[2023-10-05T09:58:31.158+0000] {processor.py:176} INFO - Processing /opt/airflow/dags/xcom_dag_branch.py took 0.138 seconds
[2023-10-05T09:59:01.243+0000] {processor.py:154} INFO - Started process (PID=10280) to work on /opt/airflow/dags/xcom_dag_branch.py
[2023-10-05T09:59:01.245+0000] {processor.py:756} INFO - Processing file /opt/airflow/dags/xcom_dag_branch.py for tasks to queue
[2023-10-05T09:59:01.247+0000] {logging_mixin.py:120} INFO - [2023-10-05T09:59:01.247+0000] {dagbag.py:537} INFO - Filling up the DagBag from /opt/airflow/dags/xcom_dag_branch.py
[2023-10-05T09:59:01.307+0000] {processor.py:766} INFO - DAG(s) dict_keys(['xcom_dag_branch']) retrieved from /opt/airflow/dags/xcom_dag_branch.py
[2023-10-05T09:59:01.358+0000] {logging_mixin.py:120} INFO - [2023-10-05T09:59:01.358+0000] {dag.py:2585} INFO - Sync 1 DAGs
[2023-10-05T09:59:01.387+0000] {logging_mixin.py:120} INFO - [2023-10-05T09:59:01.387+0000] {dag.py:3340} INFO - Setting next_dagrun for xcom_dag_branch to 2023-10-05T00:00:00+00:00, run_after=2023-10-06T00:00:00+00:00
[2023-10-05T09:59:01.421+0000] {processor.py:176} INFO - Processing /opt/airflow/dags/xcom_dag_branch.py took 0.182 seconds
[2023-10-05T09:59:32.060+0000] {processor.py:154} INFO - Started process (PID=10321) to work on /opt/airflow/dags/xcom_dag_branch.py
[2023-10-05T09:59:32.061+0000] {processor.py:756} INFO - Processing file /opt/airflow/dags/xcom_dag_branch.py for tasks to queue
[2023-10-05T09:59:32.063+0000] {logging_mixin.py:120} INFO - [2023-10-05T09:59:32.063+0000] {dagbag.py:537} INFO - Filling up the DagBag from /opt/airflow/dags/xcom_dag_branch.py
[2023-10-05T09:59:32.117+0000] {processor.py:766} INFO - DAG(s) dict_keys(['xcom_dag_branch']) retrieved from /opt/airflow/dags/xcom_dag_branch.py
[2023-10-05T09:59:32.148+0000] {logging_mixin.py:120} INFO - [2023-10-05T09:59:32.148+0000] {dag.py:2585} INFO - Sync 1 DAGs
[2023-10-05T09:59:32.169+0000] {logging_mixin.py:120} INFO - [2023-10-05T09:59:32.169+0000] {dag.py:3340} INFO - Setting next_dagrun for xcom_dag_branch to 2023-10-05T00:00:00+00:00, run_after=2023-10-06T00:00:00+00:00
[2023-10-05T09:59:32.196+0000] {processor.py:176} INFO - Processing /opt/airflow/dags/xcom_dag_branch.py took 0.139 seconds
