[2023-10-05T09:39:35.918+0000] {taskinstance.py:1165} INFO - Dependencies all met for <TaskInstance: xcom_dag.t1 manual__2023-10-05T09:36:24.441674+00:00 [queued]>
[2023-10-05T09:39:35.933+0000] {taskinstance.py:1165} INFO - Dependencies all met for <TaskInstance: xcom_dag.t1 manual__2023-10-05T09:36:24.441674+00:00 [queued]>
[2023-10-05T09:39:35.934+0000] {taskinstance.py:1362} INFO - 
--------------------------------------------------------------------------------
[2023-10-05T09:39:35.935+0000] {taskinstance.py:1363} INFO - Starting attempt 2 of 2
[2023-10-05T09:39:35.940+0000] {taskinstance.py:1364} INFO - 
--------------------------------------------------------------------------------
[2023-10-05T09:39:35.957+0000] {taskinstance.py:1383} INFO - Executing <Task(PythonOperator): t1> on 2023-10-05 09:36:24.441674+00:00
[2023-10-05T09:39:35.962+0000] {standard_task_runner.py:55} INFO - Started process 6399 to run task
[2023-10-05T09:39:35.965+0000] {standard_task_runner.py:82} INFO - Running: ['***', 'tasks', 'run', 'xcom_dag', 't1', 'manual__2023-10-05T09:36:24.441674+00:00', '--job-id', '67', '--raw', '--subdir', 'DAGS_FOLDER/xcom_dag.py', '--cfg-path', '/tmp/tmplgr71mwx']
[2023-10-05T09:39:35.967+0000] {standard_task_runner.py:83} INFO - Job 67: Subtask t1
[2023-10-05T09:39:36.044+0000] {task_command.py:376} INFO - Running <TaskInstance: xcom_dag.t1 manual__2023-10-05T09:36:24.441674+00:00 [running]> on host fb3fc9526d52
[2023-10-05T09:39:36.127+0000] {taskinstance.py:1592} INFO - Exporting the following env vars:
AIRFLOW_CTX_DAG_OWNER=***
AIRFLOW_CTX_DAG_ID=xcom_dag
AIRFLOW_CTX_TASK_ID=t1
AIRFLOW_CTX_EXECUTION_DATE=2023-10-05T09:36:24.441674+00:00
AIRFLOW_CTX_TRY_NUMBER=2
AIRFLOW_CTX_DAG_RUN_ID=manual__2023-10-05T09:36:24.441674+00:00
[2023-10-05T09:39:36.143+0000] {python.py:177} INFO - Done. Returned value was: None
[2023-10-05T09:39:36.157+0000] {taskinstance.py:1406} INFO - Marking task as SUCCESS. dag_id=xcom_dag, task_id=t1, execution_date=20231005T093624, start_date=20231005T093935, end_date=20231005T093936
[2023-10-05T09:39:36.179+0000] {local_task_job.py:164} INFO - Task exited with return code 0
[2023-10-05T09:39:36.218+0000] {local_task_job.py:273} INFO - 1 downstream tasks scheduled from follow-on schedule check
