[2023-10-05T09:36:25.379+0000] {taskinstance.py:1165} INFO - Dependencies all met for <TaskInstance: xcom_dag.t1 manual__2023-10-05T09:36:24.441674+00:00 [queued]>
[2023-10-05T09:36:25.394+0000] {taskinstance.py:1165} INFO - Dependencies all met for <TaskInstance: xcom_dag.t1 manual__2023-10-05T09:36:24.441674+00:00 [queued]>
[2023-10-05T09:36:25.395+0000] {taskinstance.py:1362} INFO - 
--------------------------------------------------------------------------------
[2023-10-05T09:36:25.396+0000] {taskinstance.py:1363} INFO - Starting attempt 1 of 1
[2023-10-05T09:36:25.397+0000] {taskinstance.py:1364} INFO - 
--------------------------------------------------------------------------------
[2023-10-05T09:36:25.414+0000] {taskinstance.py:1383} INFO - Executing <Task(PythonOperator): t1> on 2023-10-05 09:36:24.441674+00:00
[2023-10-05T09:36:25.421+0000] {standard_task_runner.py:55} INFO - Started process 6234 to run task
[2023-10-05T09:36:25.425+0000] {standard_task_runner.py:82} INFO - Running: ['***', 'tasks', 'run', 'xcom_dag', 't1', 'manual__2023-10-05T09:36:24.441674+00:00', '--job-id', '62', '--raw', '--subdir', 'DAGS_FOLDER/xcom_dag.py', '--cfg-path', '/tmp/tmpeg4c8u42']
[2023-10-05T09:36:25.426+0000] {standard_task_runner.py:83} INFO - Job 62: Subtask t1
[2023-10-05T09:36:25.530+0000] {task_command.py:376} INFO - Running <TaskInstance: xcom_dag.t1 manual__2023-10-05T09:36:24.441674+00:00 [running]> on host fb3fc9526d52
[2023-10-05T09:36:25.611+0000] {taskinstance.py:1592} INFO - Exporting the following env vars:
AIRFLOW_CTX_DAG_OWNER=***
AIRFLOW_CTX_DAG_ID=xcom_dag
AIRFLOW_CTX_TASK_ID=t1
AIRFLOW_CTX_EXECUTION_DATE=2023-10-05T09:36:24.441674+00:00
AIRFLOW_CTX_TRY_NUMBER=1
AIRFLOW_CTX_DAG_RUN_ID=manual__2023-10-05T09:36:24.441674+00:00
[2023-10-05T09:36:25.614+0000] {python.py:177} INFO - Done. Returned value was: 42
[2023-10-05T09:36:25.646+0000] {taskinstance.py:1406} INFO - Marking task as SUCCESS. dag_id=xcom_dag, task_id=t1, execution_date=20231005T093624, start_date=20231005T093625, end_date=20231005T093625
[2023-10-05T09:36:25.680+0000] {local_task_job.py:164} INFO - Task exited with return code 0
[2023-10-05T09:36:25.718+0000] {local_task_job.py:273} INFO - 1 downstream tasks scheduled from follow-on schedule check
