[2023-10-03T13:35:23.751+0000] {taskinstance.py:1165} INFO - Dependencies all met for <TaskInstance: user_processing.extract_user scheduled__2023-10-02T00:00:00+00:00 [queued]>
[2023-10-03T13:35:23.768+0000] {taskinstance.py:1165} INFO - Dependencies all met for <TaskInstance: user_processing.extract_user scheduled__2023-10-02T00:00:00+00:00 [queued]>
[2023-10-03T13:35:23.768+0000] {taskinstance.py:1362} INFO - 
--------------------------------------------------------------------------------
[2023-10-03T13:35:23.770+0000] {taskinstance.py:1363} INFO - Starting attempt 1 of 1
[2023-10-03T13:35:23.770+0000] {taskinstance.py:1364} INFO - 
--------------------------------------------------------------------------------
[2023-10-03T13:35:23.790+0000] {taskinstance.py:1383} INFO - Executing <Task(SimpleHttpOperator): extract_user> on 2023-10-02 00:00:00+00:00
[2023-10-03T13:35:23.800+0000] {standard_task_runner.py:55} INFO - Started process 1447 to run task
[2023-10-03T13:35:23.809+0000] {standard_task_runner.py:82} INFO - Running: ['***', 'tasks', 'run', 'user_processing', 'extract_user', 'scheduled__2023-10-02T00:00:00+00:00', '--job-id', '13', '--raw', '--subdir', 'DAGS_FOLDER/user_processing.py', '--cfg-path', '/tmp/tmp4gmdpunw']
[2023-10-03T13:35:23.812+0000] {standard_task_runner.py:83} INFO - Job 13: Subtask extract_user
[2023-10-03T13:35:23.941+0000] {task_command.py:376} INFO - Running <TaskInstance: user_processing.extract_user scheduled__2023-10-02T00:00:00+00:00 [running]> on host f637e1d287c6
[2023-10-03T13:35:24.050+0000] {taskinstance.py:1592} INFO - Exporting the following env vars:
AIRFLOW_CTX_DAG_OWNER=***
AIRFLOW_CTX_DAG_ID=user_processing
AIRFLOW_CTX_TASK_ID=extract_user
AIRFLOW_CTX_EXECUTION_DATE=2023-10-02T00:00:00+00:00
AIRFLOW_CTX_TRY_NUMBER=1
AIRFLOW_CTX_DAG_RUN_ID=scheduled__2023-10-02T00:00:00+00:00
[2023-10-03T13:35:24.051+0000] {http.py:121} INFO - Calling HTTP method
[2023-10-03T13:35:24.115+0000] {base.py:71} INFO - Using connection ID 'user_api' for task execution.
[2023-10-03T13:35:24.124+0000] {http.py:148} INFO - Sending 'GET' to url: https://randomuser.me/api/
[2023-10-03T13:35:24.453+0000] {http.py:125} INFO - {"results":[{"gender":"male","name":{"title":"Mr","first":"Maxime","last":"Denys"},"location":{"street":{"number":8788,"name":"Queen St"},"city":"Bath","state":"Northwest Territories","country":"Canada","postcode":"O5S 9K0","coordinates":{"latitude":"-66.5700","longitude":"-38.4741"},"timezone":{"offset":"+5:45","description":"Kathmandu"}},"email":"maxime.denys@example.com","login":{"uuid":"a4bec062-2fc0-4991-ab0e-ec33c1f7f5ad","username":"angrytiger925","password":"pressure","salt":"j8YaMLfk","md5":"6a68f9bc6d0cfb1f4b32e799adfdcc7b","sha1":"69098ceb3ee88149b1cc869ddea9d646389b4e61","sha256":"ebbe69cb7bf6552c3342f1f976c9c30ec7a614eafc6346dd6e74141a319692fd"},"dob":{"date":"1988-07-26T11:17:32.945Z","age":35},"registered":{"date":"2006-12-06T09:31:18.692Z","age":16},"phone":"T19 M93-6885","cell":"M43 W78-2066","id":{"name":"SIN","value":"339074338"},"picture":{"large":"https://randomuser.me/api/portraits/men/21.jpg","medium":"https://randomuser.me/api/portraits/med/men/21.jpg","thumbnail":"https://randomuser.me/api/portraits/thumb/men/21.jpg"},"nat":"CA"}],"info":{"seed":"a0cc23488d967568","results":1,"page":1,"version":"1.4"}}
[2023-10-03T13:35:24.477+0000] {taskinstance.py:1406} INFO - Marking task as SUCCESS. dag_id=user_processing, task_id=extract_user, execution_date=20231002T000000, start_date=20231003T133523, end_date=20231003T133524
[2023-10-03T13:35:24.503+0000] {local_task_job.py:164} INFO - Task exited with return code 0
[2023-10-03T13:35:24.537+0000] {local_task_job.py:273} INFO - 1 downstream tasks scheduled from follow-on schedule check
