[2023-10-05T07:48:57.136+0000] {taskinstance.py:1165} INFO - Dependencies all met for <TaskInstance: group_dag.transform_b manual__2023-10-05T07:47:42.042116+00:00 [queued]>
[2023-10-05T07:48:57.152+0000] {taskinstance.py:1165} INFO - Dependencies all met for <TaskInstance: group_dag.transform_b manual__2023-10-05T07:47:42.042116+00:00 [queued]>
[2023-10-05T07:48:57.153+0000] {taskinstance.py:1362} INFO - 
--------------------------------------------------------------------------------
[2023-10-05T07:48:57.154+0000] {taskinstance.py:1363} INFO - Starting attempt 1 of 1
[2023-10-05T07:48:57.155+0000] {taskinstance.py:1364} INFO - 
--------------------------------------------------------------------------------
[2023-10-05T07:48:57.173+0000] {taskinstance.py:1383} INFO - Executing <Task(BashOperator): transform_b> on 2023-10-05 07:47:42.042116+00:00
[2023-10-05T07:48:57.180+0000] {standard_task_runner.py:55} INFO - Started process 1319 to run task
[2023-10-05T07:48:57.185+0000] {standard_task_runner.py:82} INFO - Running: ['***', 'tasks', 'run', 'group_dag', 'transform_b', 'manual__2023-10-05T07:47:42.042116+00:00', '--job-id', '18', '--raw', '--subdir', 'DAGS_FOLDER/group_dag.py', '--cfg-path', '/tmp/tmpthid6nlb']
[2023-10-05T07:48:57.186+0000] {standard_task_runner.py:83} INFO - Job 18: Subtask transform_b
[2023-10-05T07:48:57.267+0000] {task_command.py:376} INFO - Running <TaskInstance: group_dag.transform_b manual__2023-10-05T07:47:42.042116+00:00 [running]> on host fb3fc9526d52
[2023-10-05T07:48:57.353+0000] {taskinstance.py:1592} INFO - Exporting the following env vars:
AIRFLOW_CTX_DAG_OWNER=***
AIRFLOW_CTX_DAG_ID=group_dag
AIRFLOW_CTX_TASK_ID=transform_b
AIRFLOW_CTX_EXECUTION_DATE=2023-10-05T07:47:42.042116+00:00
AIRFLOW_CTX_TRY_NUMBER=1
AIRFLOW_CTX_DAG_RUN_ID=manual__2023-10-05T07:47:42.042116+00:00
[2023-10-05T07:48:57.355+0000] {subprocess.py:63} INFO - Tmp dir root location: 
 /tmp
[2023-10-05T07:48:57.356+0000] {subprocess.py:75} INFO - Running command: ['/bin/bash', '-c', 'sleep 10']
[2023-10-05T07:48:57.370+0000] {subprocess.py:86} INFO - Output:
[2023-10-05T07:49:07.374+0000] {subprocess.py:97} INFO - Command exited with return code 0
[2023-10-05T07:49:07.414+0000] {taskinstance.py:1406} INFO - Marking task as SUCCESS. dag_id=group_dag, task_id=transform_b, execution_date=20231005T074742, start_date=20231005T074857, end_date=20231005T074907
[2023-10-05T07:49:07.471+0000] {local_task_job.py:164} INFO - Task exited with return code 0
[2023-10-05T07:49:07.519+0000] {local_task_job.py:273} INFO - 0 downstream tasks scheduled from follow-on schedule check
