[2023-10-05T08:35:59.422+0000] {taskinstance.py:1165} INFO - Dependencies all met for <TaskInstance: group_task_dag.downloads.download_b manual__2023-10-05T08:35:58.277956+00:00 [queued]>
[2023-10-05T08:35:59.439+0000] {taskinstance.py:1165} INFO - Dependencies all met for <TaskInstance: group_task_dag.downloads.download_b manual__2023-10-05T08:35:58.277956+00:00 [queued]>
[2023-10-05T08:35:59.440+0000] {taskinstance.py:1362} INFO - 
--------------------------------------------------------------------------------
[2023-10-05T08:35:59.441+0000] {taskinstance.py:1363} INFO - Starting attempt 1 of 1
[2023-10-05T08:35:59.442+0000] {taskinstance.py:1364} INFO - 
--------------------------------------------------------------------------------
[2023-10-05T08:35:59.465+0000] {taskinstance.py:1383} INFO - Executing <Task(BashOperator): downloads.download_b> on 2023-10-05 08:35:58.277956+00:00
[2023-10-05T08:35:59.471+0000] {standard_task_runner.py:55} INFO - Started process 3699 to run task
[2023-10-05T08:35:59.479+0000] {standard_task_runner.py:82} INFO - Running: ['***', 'tasks', 'run', 'group_task_dag', 'downloads.download_b', 'manual__2023-10-05T08:35:58.277956+00:00', '--job-id', '47', '--raw', '--subdir', 'DAGS_FOLDER/group_task_dag.py', '--cfg-path', '/tmp/tmp544qds06']
[2023-10-05T08:35:59.481+0000] {standard_task_runner.py:83} INFO - Job 47: Subtask downloads.download_b
[2023-10-05T08:35:59.597+0000] {task_command.py:376} INFO - Running <TaskInstance: group_task_dag.downloads.download_b manual__2023-10-05T08:35:58.277956+00:00 [running]> on host fb3fc9526d52
[2023-10-05T08:35:59.708+0000] {taskinstance.py:1592} INFO - Exporting the following env vars:
AIRFLOW_CTX_DAG_OWNER=***
AIRFLOW_CTX_DAG_ID=group_task_dag
AIRFLOW_CTX_TASK_ID=downloads.download_b
AIRFLOW_CTX_EXECUTION_DATE=2023-10-05T08:35:58.277956+00:00
AIRFLOW_CTX_TRY_NUMBER=1
AIRFLOW_CTX_DAG_RUN_ID=manual__2023-10-05T08:35:58.277956+00:00
[2023-10-05T08:35:59.711+0000] {subprocess.py:63} INFO - Tmp dir root location: 
 /tmp
[2023-10-05T08:35:59.713+0000] {subprocess.py:75} INFO - Running command: ['/bin/bash', '-c', 'sleep 10']
[2023-10-05T08:35:59.728+0000] {subprocess.py:86} INFO - Output:
[2023-10-05T08:36:09.732+0000] {subprocess.py:97} INFO - Command exited with return code 0
[2023-10-05T08:36:09.836+0000] {taskinstance.py:1406} INFO - Marking task as SUCCESS. dag_id=group_task_dag, task_id=downloads.download_b, execution_date=20231005T083558, start_date=20231005T083559, end_date=20231005T083609
[2023-10-05T08:36:09.891+0000] {local_task_job.py:164} INFO - Task exited with return code 0
[2023-10-05T08:36:09.922+0000] {local_task_job.py:273} INFO - 0 downstream tasks scheduled from follow-on schedule check
