[2023-10-04T07:42:27.236+0000] {processor.py:154} INFO - Started process (PID=62) to work on /home/airflow/.local/lib/python3.7/site-packages/airflow/example_dags/example_kubernetes_executor.py
[2023-10-04T07:42:27.251+0000] {processor.py:756} INFO - Processing file /home/airflow/.local/lib/python3.7/site-packages/airflow/example_dags/example_kubernetes_executor.py for tasks to queue
[2023-10-04T07:42:27.262+0000] {logging_mixin.py:120} INFO - [2023-10-04T07:42:27.261+0000] {dagbag.py:537} INFO - Filling up the DagBag from /home/airflow/.local/lib/python3.7/site-packages/airflow/example_dags/example_kubernetes_executor.py
[2023-10-04T07:42:27.553+0000] {processor.py:766} INFO - DAG(s) dict_keys(['example_kubernetes_executor']) retrieved from /home/airflow/.local/lib/python3.7/site-packages/airflow/example_dags/example_kubernetes_executor.py
[2023-10-04T07:42:27.926+0000] {logging_mixin.py:120} INFO - [2023-10-04T07:42:27.926+0000] {dag.py:2585} INFO - Sync 1 DAGs
[2023-10-04T07:42:28.037+0000] {logging_mixin.py:120} INFO - [2023-10-04T07:42:28.035+0000] {dag.py:3340} INFO - Setting next_dagrun for example_kubernetes_executor to None, run_after=None
[2023-10-04T07:42:28.205+0000] {processor.py:176} INFO - Processing /home/airflow/.local/lib/python3.7/site-packages/airflow/example_dags/example_kubernetes_executor.py took 1.007 seconds
[2023-10-04T07:42:58.852+0000] {processor.py:154} INFO - Started process (PID=118) to work on /home/airflow/.local/lib/python3.7/site-packages/airflow/example_dags/example_kubernetes_executor.py
[2023-10-04T07:42:58.854+0000] {processor.py:756} INFO - Processing file /home/airflow/.local/lib/python3.7/site-packages/airflow/example_dags/example_kubernetes_executor.py for tasks to queue
[2023-10-04T07:42:58.856+0000] {logging_mixin.py:120} INFO - [2023-10-04T07:42:58.856+0000] {dagbag.py:537} INFO - Filling up the DagBag from /home/airflow/.local/lib/python3.7/site-packages/airflow/example_dags/example_kubernetes_executor.py
[2023-10-04T07:42:58.901+0000] {processor.py:766} INFO - DAG(s) dict_keys(['example_kubernetes_executor']) retrieved from /home/airflow/.local/lib/python3.7/site-packages/airflow/example_dags/example_kubernetes_executor.py
[2023-10-04T07:42:58.958+0000] {logging_mixin.py:120} INFO - [2023-10-04T07:42:58.958+0000] {dag.py:2585} INFO - Sync 1 DAGs
[2023-10-04T07:42:58.987+0000] {logging_mixin.py:120} INFO - [2023-10-04T07:42:58.987+0000] {dag.py:3340} INFO - Setting next_dagrun for example_kubernetes_executor to None, run_after=None
[2023-10-04T07:42:59.014+0000] {processor.py:176} INFO - Processing /home/airflow/.local/lib/python3.7/site-packages/airflow/example_dags/example_kubernetes_executor.py took 0.167 seconds
[2023-10-04T07:43:29.573+0000] {processor.py:154} INFO - Started process (PID=177) to work on /home/airflow/.local/lib/python3.7/site-packages/airflow/example_dags/example_kubernetes_executor.py
[2023-10-04T07:43:29.576+0000] {processor.py:756} INFO - Processing file /home/airflow/.local/lib/python3.7/site-packages/airflow/example_dags/example_kubernetes_executor.py for tasks to queue
[2023-10-04T07:43:29.578+0000] {logging_mixin.py:120} INFO - [2023-10-04T07:43:29.578+0000] {dagbag.py:537} INFO - Filling up the DagBag from /home/airflow/.local/lib/python3.7/site-packages/airflow/example_dags/example_kubernetes_executor.py
[2023-10-04T07:43:29.633+0000] {processor.py:766} INFO - DAG(s) dict_keys(['example_kubernetes_executor']) retrieved from /home/airflow/.local/lib/python3.7/site-packages/airflow/example_dags/example_kubernetes_executor.py
[2023-10-04T07:43:29.707+0000] {logging_mixin.py:120} INFO - [2023-10-04T07:43:29.706+0000] {dag.py:2585} INFO - Sync 1 DAGs
[2023-10-04T07:43:29.743+0000] {logging_mixin.py:120} INFO - [2023-10-04T07:43:29.743+0000] {dag.py:3340} INFO - Setting next_dagrun for example_kubernetes_executor to None, run_after=None
[2023-10-04T07:43:29.776+0000] {processor.py:176} INFO - Processing /home/airflow/.local/lib/python3.7/site-packages/airflow/example_dags/example_kubernetes_executor.py took 0.208 seconds
[2023-10-04T07:43:59.978+0000] {processor.py:154} INFO - Started process (PID=244) to work on /home/airflow/.local/lib/python3.7/site-packages/airflow/example_dags/example_kubernetes_executor.py
[2023-10-04T07:43:59.981+0000] {processor.py:756} INFO - Processing file /home/airflow/.local/lib/python3.7/site-packages/airflow/example_dags/example_kubernetes_executor.py for tasks to queue
[2023-10-04T07:43:59.983+0000] {logging_mixin.py:120} INFO - [2023-10-04T07:43:59.983+0000] {dagbag.py:537} INFO - Filling up the DagBag from /home/airflow/.local/lib/python3.7/site-packages/airflow/example_dags/example_kubernetes_executor.py
[2023-10-04T07:44:00.016+0000] {processor.py:766} INFO - DAG(s) dict_keys(['example_kubernetes_executor']) retrieved from /home/airflow/.local/lib/python3.7/site-packages/airflow/example_dags/example_kubernetes_executor.py
[2023-10-04T07:44:00.110+0000] {logging_mixin.py:120} INFO - [2023-10-04T07:44:00.110+0000] {dag.py:2585} INFO - Sync 1 DAGs
[2023-10-04T07:44:00.136+0000] {logging_mixin.py:120} INFO - [2023-10-04T07:44:00.136+0000] {dag.py:3340} INFO - Setting next_dagrun for example_kubernetes_executor to None, run_after=None
[2023-10-04T07:44:00.158+0000] {processor.py:176} INFO - Processing /home/airflow/.local/lib/python3.7/site-packages/airflow/example_dags/example_kubernetes_executor.py took 0.185 seconds
[2023-10-04T07:44:30.366+0000] {processor.py:154} INFO - Started process (PID=311) to work on /home/airflow/.local/lib/python3.7/site-packages/airflow/example_dags/example_kubernetes_executor.py
[2023-10-04T07:44:30.368+0000] {processor.py:756} INFO - Processing file /home/airflow/.local/lib/python3.7/site-packages/airflow/example_dags/example_kubernetes_executor.py for tasks to queue
[2023-10-04T07:44:30.371+0000] {logging_mixin.py:120} INFO - [2023-10-04T07:44:30.370+0000] {dagbag.py:537} INFO - Filling up the DagBag from /home/airflow/.local/lib/python3.7/site-packages/airflow/example_dags/example_kubernetes_executor.py
[2023-10-04T07:44:30.402+0000] {processor.py:766} INFO - DAG(s) dict_keys(['example_kubernetes_executor']) retrieved from /home/airflow/.local/lib/python3.7/site-packages/airflow/example_dags/example_kubernetes_executor.py
[2023-10-04T07:44:30.433+0000] {logging_mixin.py:120} INFO - [2023-10-04T07:44:30.433+0000] {dag.py:2585} INFO - Sync 1 DAGs
[2023-10-04T07:44:30.452+0000] {logging_mixin.py:120} INFO - [2023-10-04T07:44:30.452+0000] {dag.py:3340} INFO - Setting next_dagrun for example_kubernetes_executor to None, run_after=None
[2023-10-04T07:44:30.471+0000] {processor.py:176} INFO - Processing /home/airflow/.local/lib/python3.7/site-packages/airflow/example_dags/example_kubernetes_executor.py took 0.112 seconds
[2023-10-04T07:45:00.558+0000] {processor.py:154} INFO - Started process (PID=378) to work on /home/airflow/.local/lib/python3.7/site-packages/airflow/example_dags/example_kubernetes_executor.py
[2023-10-04T07:45:00.559+0000] {processor.py:756} INFO - Processing file /home/airflow/.local/lib/python3.7/site-packages/airflow/example_dags/example_kubernetes_executor.py for tasks to queue
[2023-10-04T07:45:00.560+0000] {logging_mixin.py:120} INFO - [2023-10-04T07:45:00.560+0000] {dagbag.py:537} INFO - Filling up the DagBag from /home/airflow/.local/lib/python3.7/site-packages/airflow/example_dags/example_kubernetes_executor.py
[2023-10-04T07:45:00.587+0000] {processor.py:766} INFO - DAG(s) dict_keys(['example_kubernetes_executor']) retrieved from /home/airflow/.local/lib/python3.7/site-packages/airflow/example_dags/example_kubernetes_executor.py
[2023-10-04T07:45:00.627+0000] {logging_mixin.py:120} INFO - [2023-10-04T07:45:00.627+0000] {dag.py:2585} INFO - Sync 1 DAGs
[2023-10-04T07:45:00.654+0000] {logging_mixin.py:120} INFO - [2023-10-04T07:45:00.653+0000] {dag.py:3340} INFO - Setting next_dagrun for example_kubernetes_executor to None, run_after=None
[2023-10-04T07:45:00.676+0000] {processor.py:176} INFO - Processing /home/airflow/.local/lib/python3.7/site-packages/airflow/example_dags/example_kubernetes_executor.py took 0.122 seconds
[2023-10-04T07:45:30.985+0000] {processor.py:154} INFO - Started process (PID=436) to work on /home/airflow/.local/lib/python3.7/site-packages/airflow/example_dags/example_kubernetes_executor.py
[2023-10-04T07:45:30.988+0000] {processor.py:756} INFO - Processing file /home/airflow/.local/lib/python3.7/site-packages/airflow/example_dags/example_kubernetes_executor.py for tasks to queue
[2023-10-04T07:45:30.990+0000] {logging_mixin.py:120} INFO - [2023-10-04T07:45:30.989+0000] {dagbag.py:537} INFO - Filling up the DagBag from /home/airflow/.local/lib/python3.7/site-packages/airflow/example_dags/example_kubernetes_executor.py
[2023-10-04T07:45:31.015+0000] {processor.py:766} INFO - DAG(s) dict_keys(['example_kubernetes_executor']) retrieved from /home/airflow/.local/lib/python3.7/site-packages/airflow/example_dags/example_kubernetes_executor.py
[2023-10-04T07:45:31.049+0000] {logging_mixin.py:120} INFO - [2023-10-04T07:45:31.049+0000] {dag.py:2585} INFO - Sync 1 DAGs
[2023-10-04T07:45:31.070+0000] {logging_mixin.py:120} INFO - [2023-10-04T07:45:31.070+0000] {dag.py:3340} INFO - Setting next_dagrun for example_kubernetes_executor to None, run_after=None
[2023-10-04T07:45:31.091+0000] {processor.py:176} INFO - Processing /home/airflow/.local/lib/python3.7/site-packages/airflow/example_dags/example_kubernetes_executor.py took 0.112 seconds
[2023-10-04T07:46:01.702+0000] {processor.py:154} INFO - Started process (PID=503) to work on /home/airflow/.local/lib/python3.7/site-packages/airflow/example_dags/example_kubernetes_executor.py
[2023-10-04T07:46:01.703+0000] {processor.py:756} INFO - Processing file /home/airflow/.local/lib/python3.7/site-packages/airflow/example_dags/example_kubernetes_executor.py for tasks to queue
[2023-10-04T07:46:01.705+0000] {logging_mixin.py:120} INFO - [2023-10-04T07:46:01.705+0000] {dagbag.py:537} INFO - Filling up the DagBag from /home/airflow/.local/lib/python3.7/site-packages/airflow/example_dags/example_kubernetes_executor.py
[2023-10-04T07:46:01.732+0000] {processor.py:766} INFO - DAG(s) dict_keys(['example_kubernetes_executor']) retrieved from /home/airflow/.local/lib/python3.7/site-packages/airflow/example_dags/example_kubernetes_executor.py
[2023-10-04T07:46:01.770+0000] {logging_mixin.py:120} INFO - [2023-10-04T07:46:01.770+0000] {dag.py:2585} INFO - Sync 1 DAGs
[2023-10-04T07:46:01.787+0000] {logging_mixin.py:120} INFO - [2023-10-04T07:46:01.787+0000] {dag.py:3340} INFO - Setting next_dagrun for example_kubernetes_executor to None, run_after=None
[2023-10-04T07:46:01.808+0000] {processor.py:176} INFO - Processing /home/airflow/.local/lib/python3.7/site-packages/airflow/example_dags/example_kubernetes_executor.py took 0.111 seconds
[2023-10-04T07:46:32.728+0000] {processor.py:154} INFO - Started process (PID=570) to work on /home/airflow/.local/lib/python3.7/site-packages/airflow/example_dags/example_kubernetes_executor.py
[2023-10-04T07:46:32.730+0000] {processor.py:756} INFO - Processing file /home/airflow/.local/lib/python3.7/site-packages/airflow/example_dags/example_kubernetes_executor.py for tasks to queue
[2023-10-04T07:46:32.732+0000] {logging_mixin.py:120} INFO - [2023-10-04T07:46:32.731+0000] {dagbag.py:537} INFO - Filling up the DagBag from /home/airflow/.local/lib/python3.7/site-packages/airflow/example_dags/example_kubernetes_executor.py
[2023-10-04T07:46:32.755+0000] {processor.py:766} INFO - DAG(s) dict_keys(['example_kubernetes_executor']) retrieved from /home/airflow/.local/lib/python3.7/site-packages/airflow/example_dags/example_kubernetes_executor.py
[2023-10-04T07:46:32.796+0000] {logging_mixin.py:120} INFO - [2023-10-04T07:46:32.796+0000] {dag.py:2585} INFO - Sync 1 DAGs
[2023-10-04T07:46:32.820+0000] {logging_mixin.py:120} INFO - [2023-10-04T07:46:32.819+0000] {dag.py:3340} INFO - Setting next_dagrun for example_kubernetes_executor to None, run_after=None
[2023-10-04T07:46:32.847+0000] {processor.py:176} INFO - Processing /home/airflow/.local/lib/python3.7/site-packages/airflow/example_dags/example_kubernetes_executor.py took 0.122 seconds
[2023-10-04T07:47:03.051+0000] {processor.py:154} INFO - Started process (PID=637) to work on /home/airflow/.local/lib/python3.7/site-packages/airflow/example_dags/example_kubernetes_executor.py
[2023-10-04T07:47:03.052+0000] {processor.py:756} INFO - Processing file /home/airflow/.local/lib/python3.7/site-packages/airflow/example_dags/example_kubernetes_executor.py for tasks to queue
[2023-10-04T07:47:03.053+0000] {logging_mixin.py:120} INFO - [2023-10-04T07:47:03.053+0000] {dagbag.py:537} INFO - Filling up the DagBag from /home/airflow/.local/lib/python3.7/site-packages/airflow/example_dags/example_kubernetes_executor.py
[2023-10-04T07:47:03.075+0000] {processor.py:766} INFO - DAG(s) dict_keys(['example_kubernetes_executor']) retrieved from /home/airflow/.local/lib/python3.7/site-packages/airflow/example_dags/example_kubernetes_executor.py
[2023-10-04T07:47:03.110+0000] {logging_mixin.py:120} INFO - [2023-10-04T07:47:03.110+0000] {dag.py:2585} INFO - Sync 1 DAGs
[2023-10-04T07:47:03.132+0000] {logging_mixin.py:120} INFO - [2023-10-04T07:47:03.132+0000] {dag.py:3340} INFO - Setting next_dagrun for example_kubernetes_executor to None, run_after=None
[2023-10-04T07:47:03.155+0000] {processor.py:176} INFO - Processing /home/airflow/.local/lib/python3.7/site-packages/airflow/example_dags/example_kubernetes_executor.py took 0.107 seconds
[2023-10-04T07:47:33.356+0000] {processor.py:154} INFO - Started process (PID=695) to work on /home/airflow/.local/lib/python3.7/site-packages/airflow/example_dags/example_kubernetes_executor.py
[2023-10-04T07:47:33.358+0000] {processor.py:756} INFO - Processing file /home/airflow/.local/lib/python3.7/site-packages/airflow/example_dags/example_kubernetes_executor.py for tasks to queue
[2023-10-04T07:47:33.360+0000] {logging_mixin.py:120} INFO - [2023-10-04T07:47:33.360+0000] {dagbag.py:537} INFO - Filling up the DagBag from /home/airflow/.local/lib/python3.7/site-packages/airflow/example_dags/example_kubernetes_executor.py
[2023-10-04T07:47:33.383+0000] {processor.py:766} INFO - DAG(s) dict_keys(['example_kubernetes_executor']) retrieved from /home/airflow/.local/lib/python3.7/site-packages/airflow/example_dags/example_kubernetes_executor.py
[2023-10-04T07:47:33.418+0000] {logging_mixin.py:120} INFO - [2023-10-04T07:47:33.418+0000] {dag.py:2585} INFO - Sync 1 DAGs
[2023-10-04T07:47:33.446+0000] {logging_mixin.py:120} INFO - [2023-10-04T07:47:33.446+0000] {dag.py:3340} INFO - Setting next_dagrun for example_kubernetes_executor to None, run_after=None
[2023-10-04T07:47:33.475+0000] {processor.py:176} INFO - Processing /home/airflow/.local/lib/python3.7/site-packages/airflow/example_dags/example_kubernetes_executor.py took 0.126 seconds
[2023-10-04T07:48:04.378+0000] {processor.py:154} INFO - Started process (PID=762) to work on /home/airflow/.local/lib/python3.7/site-packages/airflow/example_dags/example_kubernetes_executor.py
[2023-10-04T07:48:04.380+0000] {processor.py:756} INFO - Processing file /home/airflow/.local/lib/python3.7/site-packages/airflow/example_dags/example_kubernetes_executor.py for tasks to queue
[2023-10-04T07:48:04.382+0000] {logging_mixin.py:120} INFO - [2023-10-04T07:48:04.382+0000] {dagbag.py:537} INFO - Filling up the DagBag from /home/airflow/.local/lib/python3.7/site-packages/airflow/example_dags/example_kubernetes_executor.py
[2023-10-04T07:48:04.406+0000] {processor.py:766} INFO - DAG(s) dict_keys(['example_kubernetes_executor']) retrieved from /home/airflow/.local/lib/python3.7/site-packages/airflow/example_dags/example_kubernetes_executor.py
[2023-10-04T07:48:04.442+0000] {logging_mixin.py:120} INFO - [2023-10-04T07:48:04.442+0000] {dag.py:2585} INFO - Sync 1 DAGs
[2023-10-04T07:48:04.464+0000] {logging_mixin.py:120} INFO - [2023-10-04T07:48:04.464+0000] {dag.py:3340} INFO - Setting next_dagrun for example_kubernetes_executor to None, run_after=None
[2023-10-04T07:48:04.483+0000] {processor.py:176} INFO - Processing /home/airflow/.local/lib/python3.7/site-packages/airflow/example_dags/example_kubernetes_executor.py took 0.110 seconds
[2023-10-04T07:48:34.771+0000] {processor.py:154} INFO - Started process (PID=829) to work on /home/airflow/.local/lib/python3.7/site-packages/airflow/example_dags/example_kubernetes_executor.py
[2023-10-04T07:48:34.773+0000] {processor.py:756} INFO - Processing file /home/airflow/.local/lib/python3.7/site-packages/airflow/example_dags/example_kubernetes_executor.py for tasks to queue
[2023-10-04T07:48:34.775+0000] {logging_mixin.py:120} INFO - [2023-10-04T07:48:34.775+0000] {dagbag.py:537} INFO - Filling up the DagBag from /home/airflow/.local/lib/python3.7/site-packages/airflow/example_dags/example_kubernetes_executor.py
[2023-10-04T07:48:34.804+0000] {processor.py:766} INFO - DAG(s) dict_keys(['example_kubernetes_executor']) retrieved from /home/airflow/.local/lib/python3.7/site-packages/airflow/example_dags/example_kubernetes_executor.py
[2023-10-04T07:48:34.856+0000] {logging_mixin.py:120} INFO - [2023-10-04T07:48:34.856+0000] {dag.py:2585} INFO - Sync 1 DAGs
[2023-10-04T07:48:34.882+0000] {logging_mixin.py:120} INFO - [2023-10-04T07:48:34.882+0000] {dag.py:3340} INFO - Setting next_dagrun for example_kubernetes_executor to None, run_after=None
[2023-10-04T07:48:34.908+0000] {processor.py:176} INFO - Processing /home/airflow/.local/lib/python3.7/site-packages/airflow/example_dags/example_kubernetes_executor.py took 0.140 seconds
[2023-10-04T07:49:05.441+0000] {processor.py:154} INFO - Started process (PID=896) to work on /home/airflow/.local/lib/python3.7/site-packages/airflow/example_dags/example_kubernetes_executor.py
[2023-10-04T07:49:05.443+0000] {processor.py:756} INFO - Processing file /home/airflow/.local/lib/python3.7/site-packages/airflow/example_dags/example_kubernetes_executor.py for tasks to queue
[2023-10-04T07:49:05.444+0000] {logging_mixin.py:120} INFO - [2023-10-04T07:49:05.444+0000] {dagbag.py:537} INFO - Filling up the DagBag from /home/airflow/.local/lib/python3.7/site-packages/airflow/example_dags/example_kubernetes_executor.py
[2023-10-04T07:49:05.468+0000] {processor.py:766} INFO - DAG(s) dict_keys(['example_kubernetes_executor']) retrieved from /home/airflow/.local/lib/python3.7/site-packages/airflow/example_dags/example_kubernetes_executor.py
[2023-10-04T07:49:05.518+0000] {logging_mixin.py:120} INFO - [2023-10-04T07:49:05.518+0000] {dag.py:2585} INFO - Sync 1 DAGs
[2023-10-04T07:49:05.551+0000] {logging_mixin.py:120} INFO - [2023-10-04T07:49:05.550+0000] {dag.py:3340} INFO - Setting next_dagrun for example_kubernetes_executor to None, run_after=None
[2023-10-04T07:49:05.577+0000] {processor.py:176} INFO - Processing /home/airflow/.local/lib/python3.7/site-packages/airflow/example_dags/example_kubernetes_executor.py took 0.139 seconds
[2023-10-04T07:49:35.943+0000] {processor.py:154} INFO - Started process (PID=954) to work on /home/airflow/.local/lib/python3.7/site-packages/airflow/example_dags/example_kubernetes_executor.py
[2023-10-04T07:49:35.945+0000] {processor.py:756} INFO - Processing file /home/airflow/.local/lib/python3.7/site-packages/airflow/example_dags/example_kubernetes_executor.py for tasks to queue
[2023-10-04T07:49:35.947+0000] {logging_mixin.py:120} INFO - [2023-10-04T07:49:35.946+0000] {dagbag.py:537} INFO - Filling up the DagBag from /home/airflow/.local/lib/python3.7/site-packages/airflow/example_dags/example_kubernetes_executor.py
[2023-10-04T07:49:35.970+0000] {processor.py:766} INFO - DAG(s) dict_keys(['example_kubernetes_executor']) retrieved from /home/airflow/.local/lib/python3.7/site-packages/airflow/example_dags/example_kubernetes_executor.py
[2023-10-04T07:49:36.008+0000] {logging_mixin.py:120} INFO - [2023-10-04T07:49:36.008+0000] {dag.py:2585} INFO - Sync 1 DAGs
[2023-10-04T07:49:36.028+0000] {logging_mixin.py:120} INFO - [2023-10-04T07:49:36.028+0000] {dag.py:3340} INFO - Setting next_dagrun for example_kubernetes_executor to None, run_after=None
[2023-10-04T07:49:36.049+0000] {processor.py:176} INFO - Processing /home/airflow/.local/lib/python3.7/site-packages/airflow/example_dags/example_kubernetes_executor.py took 0.110 seconds
[2023-10-04T07:50:06.408+0000] {processor.py:154} INFO - Started process (PID=1022) to work on /home/airflow/.local/lib/python3.7/site-packages/airflow/example_dags/example_kubernetes_executor.py
[2023-10-04T07:50:06.411+0000] {processor.py:756} INFO - Processing file /home/airflow/.local/lib/python3.7/site-packages/airflow/example_dags/example_kubernetes_executor.py for tasks to queue
[2023-10-04T07:50:06.414+0000] {logging_mixin.py:120} INFO - [2023-10-04T07:50:06.413+0000] {dagbag.py:537} INFO - Filling up the DagBag from /home/airflow/.local/lib/python3.7/site-packages/airflow/example_dags/example_kubernetes_executor.py
[2023-10-04T07:50:06.450+0000] {processor.py:766} INFO - DAG(s) dict_keys(['example_kubernetes_executor']) retrieved from /home/airflow/.local/lib/python3.7/site-packages/airflow/example_dags/example_kubernetes_executor.py
[2023-10-04T07:50:06.490+0000] {logging_mixin.py:120} INFO - [2023-10-04T07:50:06.490+0000] {dag.py:2585} INFO - Sync 1 DAGs
[2023-10-04T07:50:06.511+0000] {logging_mixin.py:120} INFO - [2023-10-04T07:50:06.511+0000] {dag.py:3340} INFO - Setting next_dagrun for example_kubernetes_executor to None, run_after=None
[2023-10-04T07:50:06.533+0000] {processor.py:176} INFO - Processing /home/airflow/.local/lib/python3.7/site-packages/airflow/example_dags/example_kubernetes_executor.py took 0.132 seconds
[2023-10-04T07:50:37.068+0000] {processor.py:154} INFO - Started process (PID=1089) to work on /home/airflow/.local/lib/python3.7/site-packages/airflow/example_dags/example_kubernetes_executor.py
[2023-10-04T07:50:37.070+0000] {processor.py:756} INFO - Processing file /home/airflow/.local/lib/python3.7/site-packages/airflow/example_dags/example_kubernetes_executor.py for tasks to queue
[2023-10-04T07:50:37.071+0000] {logging_mixin.py:120} INFO - [2023-10-04T07:50:37.071+0000] {dagbag.py:537} INFO - Filling up the DagBag from /home/airflow/.local/lib/python3.7/site-packages/airflow/example_dags/example_kubernetes_executor.py
[2023-10-04T07:50:37.093+0000] {processor.py:766} INFO - DAG(s) dict_keys(['example_kubernetes_executor']) retrieved from /home/airflow/.local/lib/python3.7/site-packages/airflow/example_dags/example_kubernetes_executor.py
[2023-10-04T07:50:37.132+0000] {logging_mixin.py:120} INFO - [2023-10-04T07:50:37.132+0000] {dag.py:2585} INFO - Sync 1 DAGs
[2023-10-04T07:50:37.152+0000] {logging_mixin.py:120} INFO - [2023-10-04T07:50:37.152+0000] {dag.py:3340} INFO - Setting next_dagrun for example_kubernetes_executor to None, run_after=None
[2023-10-04T07:50:37.175+0000] {processor.py:176} INFO - Processing /home/airflow/.local/lib/python3.7/site-packages/airflow/example_dags/example_kubernetes_executor.py took 0.110 seconds
[2023-10-04T07:51:07.601+0000] {processor.py:154} INFO - Started process (PID=1148) to work on /home/airflow/.local/lib/python3.7/site-packages/airflow/example_dags/example_kubernetes_executor.py
[2023-10-04T07:51:07.602+0000] {processor.py:756} INFO - Processing file /home/airflow/.local/lib/python3.7/site-packages/airflow/example_dags/example_kubernetes_executor.py for tasks to queue
[2023-10-04T07:51:07.604+0000] {logging_mixin.py:120} INFO - [2023-10-04T07:51:07.604+0000] {dagbag.py:537} INFO - Filling up the DagBag from /home/airflow/.local/lib/python3.7/site-packages/airflow/example_dags/example_kubernetes_executor.py
[2023-10-04T07:51:07.629+0000] {processor.py:766} INFO - DAG(s) dict_keys(['example_kubernetes_executor']) retrieved from /home/airflow/.local/lib/python3.7/site-packages/airflow/example_dags/example_kubernetes_executor.py
[2023-10-04T07:51:07.684+0000] {logging_mixin.py:120} INFO - [2023-10-04T07:51:07.684+0000] {dag.py:2585} INFO - Sync 1 DAGs
[2023-10-04T07:51:07.712+0000] {logging_mixin.py:120} INFO - [2023-10-04T07:51:07.712+0000] {dag.py:3340} INFO - Setting next_dagrun for example_kubernetes_executor to None, run_after=None
[2023-10-04T07:51:07.733+0000] {processor.py:176} INFO - Processing /home/airflow/.local/lib/python3.7/site-packages/airflow/example_dags/example_kubernetes_executor.py took 0.138 seconds
[2023-10-04T07:51:37.909+0000] {processor.py:154} INFO - Started process (PID=1215) to work on /home/airflow/.local/lib/python3.7/site-packages/airflow/example_dags/example_kubernetes_executor.py
[2023-10-04T07:51:37.912+0000] {processor.py:756} INFO - Processing file /home/airflow/.local/lib/python3.7/site-packages/airflow/example_dags/example_kubernetes_executor.py for tasks to queue
[2023-10-04T07:51:37.913+0000] {logging_mixin.py:120} INFO - [2023-10-04T07:51:37.913+0000] {dagbag.py:537} INFO - Filling up the DagBag from /home/airflow/.local/lib/python3.7/site-packages/airflow/example_dags/example_kubernetes_executor.py
[2023-10-04T07:51:37.936+0000] {processor.py:766} INFO - DAG(s) dict_keys(['example_kubernetes_executor']) retrieved from /home/airflow/.local/lib/python3.7/site-packages/airflow/example_dags/example_kubernetes_executor.py
[2023-10-04T07:51:37.972+0000] {logging_mixin.py:120} INFO - [2023-10-04T07:51:37.972+0000] {dag.py:2585} INFO - Sync 1 DAGs
[2023-10-04T07:51:37.993+0000] {logging_mixin.py:120} INFO - [2023-10-04T07:51:37.992+0000] {dag.py:3340} INFO - Setting next_dagrun for example_kubernetes_executor to None, run_after=None
[2023-10-04T07:51:38.014+0000] {processor.py:176} INFO - Processing /home/airflow/.local/lib/python3.7/site-packages/airflow/example_dags/example_kubernetes_executor.py took 0.109 seconds
[2023-10-04T07:52:08.463+0000] {processor.py:154} INFO - Started process (PID=1283) to work on /home/airflow/.local/lib/python3.7/site-packages/airflow/example_dags/example_kubernetes_executor.py
[2023-10-04T07:52:08.465+0000] {processor.py:756} INFO - Processing file /home/airflow/.local/lib/python3.7/site-packages/airflow/example_dags/example_kubernetes_executor.py for tasks to queue
[2023-10-04T07:52:08.466+0000] {logging_mixin.py:120} INFO - [2023-10-04T07:52:08.466+0000] {dagbag.py:537} INFO - Filling up the DagBag from /home/airflow/.local/lib/python3.7/site-packages/airflow/example_dags/example_kubernetes_executor.py
[2023-10-04T07:52:08.504+0000] {processor.py:766} INFO - DAG(s) dict_keys(['example_kubernetes_executor']) retrieved from /home/airflow/.local/lib/python3.7/site-packages/airflow/example_dags/example_kubernetes_executor.py
[2023-10-04T07:52:08.588+0000] {logging_mixin.py:120} INFO - [2023-10-04T07:52:08.587+0000] {dag.py:2585} INFO - Sync 1 DAGs
[2023-10-04T07:52:08.612+0000] {logging_mixin.py:120} INFO - [2023-10-04T07:52:08.612+0000] {dag.py:3340} INFO - Setting next_dagrun for example_kubernetes_executor to None, run_after=None
[2023-10-04T07:52:08.637+0000] {processor.py:176} INFO - Processing /home/airflow/.local/lib/python3.7/site-packages/airflow/example_dags/example_kubernetes_executor.py took 0.177 seconds
[2023-10-04T07:52:39.237+0000] {processor.py:154} INFO - Started process (PID=1350) to work on /home/airflow/.local/lib/python3.7/site-packages/airflow/example_dags/example_kubernetes_executor.py
[2023-10-04T07:52:39.239+0000] {processor.py:756} INFO - Processing file /home/airflow/.local/lib/python3.7/site-packages/airflow/example_dags/example_kubernetes_executor.py for tasks to queue
[2023-10-04T07:52:39.240+0000] {logging_mixin.py:120} INFO - [2023-10-04T07:52:39.240+0000] {dagbag.py:537} INFO - Filling up the DagBag from /home/airflow/.local/lib/python3.7/site-packages/airflow/example_dags/example_kubernetes_executor.py
[2023-10-04T07:52:39.263+0000] {processor.py:766} INFO - DAG(s) dict_keys(['example_kubernetes_executor']) retrieved from /home/airflow/.local/lib/python3.7/site-packages/airflow/example_dags/example_kubernetes_executor.py
[2023-10-04T07:52:39.300+0000] {logging_mixin.py:120} INFO - [2023-10-04T07:52:39.300+0000] {dag.py:2585} INFO - Sync 1 DAGs
[2023-10-04T07:52:39.323+0000] {logging_mixin.py:120} INFO - [2023-10-04T07:52:39.323+0000] {dag.py:3340} INFO - Setting next_dagrun for example_kubernetes_executor to None, run_after=None
[2023-10-04T07:52:39.347+0000] {processor.py:176} INFO - Processing /home/airflow/.local/lib/python3.7/site-packages/airflow/example_dags/example_kubernetes_executor.py took 0.112 seconds
[2023-10-04T07:53:09.587+0000] {processor.py:154} INFO - Started process (PID=1408) to work on /home/airflow/.local/lib/python3.7/site-packages/airflow/example_dags/example_kubernetes_executor.py
[2023-10-04T07:53:09.589+0000] {processor.py:756} INFO - Processing file /home/airflow/.local/lib/python3.7/site-packages/airflow/example_dags/example_kubernetes_executor.py for tasks to queue
[2023-10-04T07:53:09.590+0000] {logging_mixin.py:120} INFO - [2023-10-04T07:53:09.590+0000] {dagbag.py:537} INFO - Filling up the DagBag from /home/airflow/.local/lib/python3.7/site-packages/airflow/example_dags/example_kubernetes_executor.py
[2023-10-04T07:53:09.614+0000] {processor.py:766} INFO - DAG(s) dict_keys(['example_kubernetes_executor']) retrieved from /home/airflow/.local/lib/python3.7/site-packages/airflow/example_dags/example_kubernetes_executor.py
[2023-10-04T07:53:09.653+0000] {logging_mixin.py:120} INFO - [2023-10-04T07:53:09.652+0000] {dag.py:2585} INFO - Sync 1 DAGs
[2023-10-04T07:53:09.677+0000] {logging_mixin.py:120} INFO - [2023-10-04T07:53:09.677+0000] {dag.py:3340} INFO - Setting next_dagrun for example_kubernetes_executor to None, run_after=None
[2023-10-04T07:53:09.700+0000] {processor.py:176} INFO - Processing /home/airflow/.local/lib/python3.7/site-packages/airflow/example_dags/example_kubernetes_executor.py took 0.116 seconds
[2023-10-04T07:53:40.293+0000] {processor.py:154} INFO - Started process (PID=1475) to work on /home/airflow/.local/lib/python3.7/site-packages/airflow/example_dags/example_kubernetes_executor.py
[2023-10-04T07:53:40.295+0000] {processor.py:756} INFO - Processing file /home/airflow/.local/lib/python3.7/site-packages/airflow/example_dags/example_kubernetes_executor.py for tasks to queue
[2023-10-04T07:53:40.296+0000] {logging_mixin.py:120} INFO - [2023-10-04T07:53:40.296+0000] {dagbag.py:537} INFO - Filling up the DagBag from /home/airflow/.local/lib/python3.7/site-packages/airflow/example_dags/example_kubernetes_executor.py
[2023-10-04T07:53:40.322+0000] {processor.py:766} INFO - DAG(s) dict_keys(['example_kubernetes_executor']) retrieved from /home/airflow/.local/lib/python3.7/site-packages/airflow/example_dags/example_kubernetes_executor.py
[2023-10-04T07:53:40.359+0000] {logging_mixin.py:120} INFO - [2023-10-04T07:53:40.359+0000] {dag.py:2585} INFO - Sync 1 DAGs
[2023-10-04T07:53:40.382+0000] {logging_mixin.py:120} INFO - [2023-10-04T07:53:40.381+0000] {dag.py:3340} INFO - Setting next_dagrun for example_kubernetes_executor to None, run_after=None
[2023-10-04T07:53:40.405+0000] {processor.py:176} INFO - Processing /home/airflow/.local/lib/python3.7/site-packages/airflow/example_dags/example_kubernetes_executor.py took 0.116 seconds
[2023-10-04T07:54:10.948+0000] {processor.py:154} INFO - Started process (PID=1542) to work on /home/airflow/.local/lib/python3.7/site-packages/airflow/example_dags/example_kubernetes_executor.py
[2023-10-04T07:54:10.951+0000] {processor.py:756} INFO - Processing file /home/airflow/.local/lib/python3.7/site-packages/airflow/example_dags/example_kubernetes_executor.py for tasks to queue
[2023-10-04T07:54:10.953+0000] {logging_mixin.py:120} INFO - [2023-10-04T07:54:10.952+0000] {dagbag.py:537} INFO - Filling up the DagBag from /home/airflow/.local/lib/python3.7/site-packages/airflow/example_dags/example_kubernetes_executor.py
[2023-10-04T07:54:10.979+0000] {processor.py:766} INFO - DAG(s) dict_keys(['example_kubernetes_executor']) retrieved from /home/airflow/.local/lib/python3.7/site-packages/airflow/example_dags/example_kubernetes_executor.py
[2023-10-04T07:54:11.018+0000] {logging_mixin.py:120} INFO - [2023-10-04T07:54:11.017+0000] {dag.py:2585} INFO - Sync 1 DAGs
[2023-10-04T07:54:11.039+0000] {logging_mixin.py:120} INFO - [2023-10-04T07:54:11.039+0000] {dag.py:3340} INFO - Setting next_dagrun for example_kubernetes_executor to None, run_after=None
[2023-10-04T07:54:11.061+0000] {processor.py:176} INFO - Processing /home/airflow/.local/lib/python3.7/site-packages/airflow/example_dags/example_kubernetes_executor.py took 0.118 seconds
[2023-10-04T07:54:41.822+0000] {processor.py:154} INFO - Started process (PID=1609) to work on /home/airflow/.local/lib/python3.7/site-packages/airflow/example_dags/example_kubernetes_executor.py
[2023-10-04T07:54:41.824+0000] {processor.py:756} INFO - Processing file /home/airflow/.local/lib/python3.7/site-packages/airflow/example_dags/example_kubernetes_executor.py for tasks to queue
[2023-10-04T07:54:41.825+0000] {logging_mixin.py:120} INFO - [2023-10-04T07:54:41.825+0000] {dagbag.py:537} INFO - Filling up the DagBag from /home/airflow/.local/lib/python3.7/site-packages/airflow/example_dags/example_kubernetes_executor.py
[2023-10-04T07:54:41.847+0000] {processor.py:766} INFO - DAG(s) dict_keys(['example_kubernetes_executor']) retrieved from /home/airflow/.local/lib/python3.7/site-packages/airflow/example_dags/example_kubernetes_executor.py
[2023-10-04T07:54:41.886+0000] {logging_mixin.py:120} INFO - [2023-10-04T07:54:41.886+0000] {dag.py:2585} INFO - Sync 1 DAGs
[2023-10-04T07:54:41.907+0000] {logging_mixin.py:120} INFO - [2023-10-04T07:54:41.907+0000] {dag.py:3340} INFO - Setting next_dagrun for example_kubernetes_executor to None, run_after=None
[2023-10-04T07:54:41.930+0000] {processor.py:176} INFO - Processing /home/airflow/.local/lib/python3.7/site-packages/airflow/example_dags/example_kubernetes_executor.py took 0.112 seconds
[2023-10-04T07:55:12.123+0000] {processor.py:154} INFO - Started process (PID=1667) to work on /home/airflow/.local/lib/python3.7/site-packages/airflow/example_dags/example_kubernetes_executor.py
[2023-10-04T07:55:12.125+0000] {processor.py:756} INFO - Processing file /home/airflow/.local/lib/python3.7/site-packages/airflow/example_dags/example_kubernetes_executor.py for tasks to queue
[2023-10-04T07:55:12.126+0000] {logging_mixin.py:120} INFO - [2023-10-04T07:55:12.126+0000] {dagbag.py:537} INFO - Filling up the DagBag from /home/airflow/.local/lib/python3.7/site-packages/airflow/example_dags/example_kubernetes_executor.py
[2023-10-04T07:55:12.150+0000] {processor.py:766} INFO - DAG(s) dict_keys(['example_kubernetes_executor']) retrieved from /home/airflow/.local/lib/python3.7/site-packages/airflow/example_dags/example_kubernetes_executor.py
[2023-10-04T07:55:12.186+0000] {logging_mixin.py:120} INFO - [2023-10-04T07:55:12.186+0000] {dag.py:2585} INFO - Sync 1 DAGs
[2023-10-04T07:55:12.209+0000] {logging_mixin.py:120} INFO - [2023-10-04T07:55:12.209+0000] {dag.py:3340} INFO - Setting next_dagrun for example_kubernetes_executor to None, run_after=None
[2023-10-04T07:55:12.230+0000] {processor.py:176} INFO - Processing /home/airflow/.local/lib/python3.7/site-packages/airflow/example_dags/example_kubernetes_executor.py took 0.110 seconds
[2023-10-04T07:55:42.518+0000] {processor.py:154} INFO - Started process (PID=1734) to work on /home/airflow/.local/lib/python3.7/site-packages/airflow/example_dags/example_kubernetes_executor.py
[2023-10-04T07:55:42.520+0000] {processor.py:756} INFO - Processing file /home/airflow/.local/lib/python3.7/site-packages/airflow/example_dags/example_kubernetes_executor.py for tasks to queue
[2023-10-04T07:55:42.522+0000] {logging_mixin.py:120} INFO - [2023-10-04T07:55:42.522+0000] {dagbag.py:537} INFO - Filling up the DagBag from /home/airflow/.local/lib/python3.7/site-packages/airflow/example_dags/example_kubernetes_executor.py
[2023-10-04T07:55:42.555+0000] {processor.py:766} INFO - DAG(s) dict_keys(['example_kubernetes_executor']) retrieved from /home/airflow/.local/lib/python3.7/site-packages/airflow/example_dags/example_kubernetes_executor.py
[2023-10-04T07:55:42.598+0000] {logging_mixin.py:120} INFO - [2023-10-04T07:55:42.598+0000] {dag.py:2585} INFO - Sync 1 DAGs
[2023-10-04T07:55:42.627+0000] {logging_mixin.py:120} INFO - [2023-10-04T07:55:42.626+0000] {dag.py:3340} INFO - Setting next_dagrun for example_kubernetes_executor to None, run_after=None
[2023-10-04T07:55:42.654+0000] {processor.py:176} INFO - Processing /home/airflow/.local/lib/python3.7/site-packages/airflow/example_dags/example_kubernetes_executor.py took 0.141 seconds
[2023-10-04T07:56:13.200+0000] {processor.py:154} INFO - Started process (PID=1801) to work on /home/airflow/.local/lib/python3.7/site-packages/airflow/example_dags/example_kubernetes_executor.py
[2023-10-04T07:56:13.202+0000] {processor.py:756} INFO - Processing file /home/airflow/.local/lib/python3.7/site-packages/airflow/example_dags/example_kubernetes_executor.py for tasks to queue
[2023-10-04T07:56:13.204+0000] {logging_mixin.py:120} INFO - [2023-10-04T07:56:13.204+0000] {dagbag.py:537} INFO - Filling up the DagBag from /home/airflow/.local/lib/python3.7/site-packages/airflow/example_dags/example_kubernetes_executor.py
[2023-10-04T07:56:13.227+0000] {processor.py:766} INFO - DAG(s) dict_keys(['example_kubernetes_executor']) retrieved from /home/airflow/.local/lib/python3.7/site-packages/airflow/example_dags/example_kubernetes_executor.py
[2023-10-04T07:56:13.265+0000] {logging_mixin.py:120} INFO - [2023-10-04T07:56:13.264+0000] {dag.py:2585} INFO - Sync 1 DAGs
[2023-10-04T07:56:13.285+0000] {logging_mixin.py:120} INFO - [2023-10-04T07:56:13.285+0000] {dag.py:3340} INFO - Setting next_dagrun for example_kubernetes_executor to None, run_after=None
[2023-10-04T07:56:13.306+0000] {processor.py:176} INFO - Processing /home/airflow/.local/lib/python3.7/site-packages/airflow/example_dags/example_kubernetes_executor.py took 0.110 seconds
[2023-10-04T07:56:43.594+0000] {processor.py:154} INFO - Started process (PID=1868) to work on /home/airflow/.local/lib/python3.7/site-packages/airflow/example_dags/example_kubernetes_executor.py
[2023-10-04T07:56:43.596+0000] {processor.py:756} INFO - Processing file /home/airflow/.local/lib/python3.7/site-packages/airflow/example_dags/example_kubernetes_executor.py for tasks to queue
[2023-10-04T07:56:43.598+0000] {logging_mixin.py:120} INFO - [2023-10-04T07:56:43.597+0000] {dagbag.py:537} INFO - Filling up the DagBag from /home/airflow/.local/lib/python3.7/site-packages/airflow/example_dags/example_kubernetes_executor.py
[2023-10-04T07:56:43.628+0000] {processor.py:766} INFO - DAG(s) dict_keys(['example_kubernetes_executor']) retrieved from /home/airflow/.local/lib/python3.7/site-packages/airflow/example_dags/example_kubernetes_executor.py
[2023-10-04T07:56:43.670+0000] {logging_mixin.py:120} INFO - [2023-10-04T07:56:43.669+0000] {dag.py:2585} INFO - Sync 1 DAGs
[2023-10-04T07:56:43.701+0000] {logging_mixin.py:120} INFO - [2023-10-04T07:56:43.701+0000] {dag.py:3340} INFO - Setting next_dagrun for example_kubernetes_executor to None, run_after=None
[2023-10-04T07:56:43.728+0000] {processor.py:176} INFO - Processing /home/airflow/.local/lib/python3.7/site-packages/airflow/example_dags/example_kubernetes_executor.py took 0.137 seconds
[2023-10-04T07:57:14.005+0000] {processor.py:154} INFO - Started process (PID=1926) to work on /home/airflow/.local/lib/python3.7/site-packages/airflow/example_dags/example_kubernetes_executor.py
[2023-10-04T07:57:14.006+0000] {processor.py:756} INFO - Processing file /home/airflow/.local/lib/python3.7/site-packages/airflow/example_dags/example_kubernetes_executor.py for tasks to queue
[2023-10-04T07:57:14.008+0000] {logging_mixin.py:120} INFO - [2023-10-04T07:57:14.008+0000] {dagbag.py:537} INFO - Filling up the DagBag from /home/airflow/.local/lib/python3.7/site-packages/airflow/example_dags/example_kubernetes_executor.py
[2023-10-04T07:57:14.034+0000] {processor.py:766} INFO - DAG(s) dict_keys(['example_kubernetes_executor']) retrieved from /home/airflow/.local/lib/python3.7/site-packages/airflow/example_dags/example_kubernetes_executor.py
[2023-10-04T07:57:14.070+0000] {logging_mixin.py:120} INFO - [2023-10-04T07:57:14.070+0000] {dag.py:2585} INFO - Sync 1 DAGs
[2023-10-04T07:57:14.091+0000] {logging_mixin.py:120} INFO - [2023-10-04T07:57:14.091+0000] {dag.py:3340} INFO - Setting next_dagrun for example_kubernetes_executor to None, run_after=None
[2023-10-04T07:57:14.115+0000] {processor.py:176} INFO - Processing /home/airflow/.local/lib/python3.7/site-packages/airflow/example_dags/example_kubernetes_executor.py took 0.113 seconds
[2023-10-04T07:57:44.502+0000] {processor.py:154} INFO - Started process (PID=1994) to work on /home/airflow/.local/lib/python3.7/site-packages/airflow/example_dags/example_kubernetes_executor.py
[2023-10-04T07:57:44.505+0000] {processor.py:756} INFO - Processing file /home/airflow/.local/lib/python3.7/site-packages/airflow/example_dags/example_kubernetes_executor.py for tasks to queue
[2023-10-04T07:57:44.507+0000] {logging_mixin.py:120} INFO - [2023-10-04T07:57:44.507+0000] {dagbag.py:537} INFO - Filling up the DagBag from /home/airflow/.local/lib/python3.7/site-packages/airflow/example_dags/example_kubernetes_executor.py
[2023-10-04T07:57:44.534+0000] {processor.py:766} INFO - DAG(s) dict_keys(['example_kubernetes_executor']) retrieved from /home/airflow/.local/lib/python3.7/site-packages/airflow/example_dags/example_kubernetes_executor.py
[2023-10-04T07:57:44.569+0000] {logging_mixin.py:120} INFO - [2023-10-04T07:57:44.569+0000] {dag.py:2585} INFO - Sync 1 DAGs
[2023-10-04T07:57:44.589+0000] {logging_mixin.py:120} INFO - [2023-10-04T07:57:44.589+0000] {dag.py:3340} INFO - Setting next_dagrun for example_kubernetes_executor to None, run_after=None
[2023-10-04T07:57:44.612+0000] {processor.py:176} INFO - Processing /home/airflow/.local/lib/python3.7/site-packages/airflow/example_dags/example_kubernetes_executor.py took 0.115 seconds
[2023-10-04T07:58:14.968+0000] {processor.py:154} INFO - Started process (PID=2061) to work on /home/airflow/.local/lib/python3.7/site-packages/airflow/example_dags/example_kubernetes_executor.py
[2023-10-04T07:58:14.970+0000] {processor.py:756} INFO - Processing file /home/airflow/.local/lib/python3.7/site-packages/airflow/example_dags/example_kubernetes_executor.py for tasks to queue
[2023-10-04T07:58:14.972+0000] {logging_mixin.py:120} INFO - [2023-10-04T07:58:14.972+0000] {dagbag.py:537} INFO - Filling up the DagBag from /home/airflow/.local/lib/python3.7/site-packages/airflow/example_dags/example_kubernetes_executor.py
[2023-10-04T07:58:14.995+0000] {processor.py:766} INFO - DAG(s) dict_keys(['example_kubernetes_executor']) retrieved from /home/airflow/.local/lib/python3.7/site-packages/airflow/example_dags/example_kubernetes_executor.py
[2023-10-04T07:58:15.031+0000] {logging_mixin.py:120} INFO - [2023-10-04T07:58:15.031+0000] {dag.py:2585} INFO - Sync 1 DAGs
[2023-10-04T07:58:15.049+0000] {logging_mixin.py:120} INFO - [2023-10-04T07:58:15.049+0000] {dag.py:3340} INFO - Setting next_dagrun for example_kubernetes_executor to None, run_after=None
[2023-10-04T07:58:15.071+0000] {processor.py:176} INFO - Processing /home/airflow/.local/lib/python3.7/site-packages/airflow/example_dags/example_kubernetes_executor.py took 0.108 seconds
[2023-10-04T07:58:45.396+0000] {processor.py:154} INFO - Started process (PID=2119) to work on /home/airflow/.local/lib/python3.7/site-packages/airflow/example_dags/example_kubernetes_executor.py
[2023-10-04T07:58:45.398+0000] {processor.py:756} INFO - Processing file /home/airflow/.local/lib/python3.7/site-packages/airflow/example_dags/example_kubernetes_executor.py for tasks to queue
[2023-10-04T07:58:45.400+0000] {logging_mixin.py:120} INFO - [2023-10-04T07:58:45.400+0000] {dagbag.py:537} INFO - Filling up the DagBag from /home/airflow/.local/lib/python3.7/site-packages/airflow/example_dags/example_kubernetes_executor.py
[2023-10-04T07:58:45.424+0000] {processor.py:766} INFO - DAG(s) dict_keys(['example_kubernetes_executor']) retrieved from /home/airflow/.local/lib/python3.7/site-packages/airflow/example_dags/example_kubernetes_executor.py
[2023-10-04T07:58:45.460+0000] {logging_mixin.py:120} INFO - [2023-10-04T07:58:45.460+0000] {dag.py:2585} INFO - Sync 1 DAGs
[2023-10-04T07:58:45.479+0000] {logging_mixin.py:120} INFO - [2023-10-04T07:58:45.479+0000] {dag.py:3340} INFO - Setting next_dagrun for example_kubernetes_executor to None, run_after=None
[2023-10-04T07:58:45.500+0000] {processor.py:176} INFO - Processing /home/airflow/.local/lib/python3.7/site-packages/airflow/example_dags/example_kubernetes_executor.py took 0.111 seconds
[2023-10-04T07:59:16.060+0000] {processor.py:154} INFO - Started process (PID=2187) to work on /home/airflow/.local/lib/python3.7/site-packages/airflow/example_dags/example_kubernetes_executor.py
[2023-10-04T07:59:16.062+0000] {processor.py:756} INFO - Processing file /home/airflow/.local/lib/python3.7/site-packages/airflow/example_dags/example_kubernetes_executor.py for tasks to queue
[2023-10-04T07:59:16.063+0000] {logging_mixin.py:120} INFO - [2023-10-04T07:59:16.063+0000] {dagbag.py:537} INFO - Filling up the DagBag from /home/airflow/.local/lib/python3.7/site-packages/airflow/example_dags/example_kubernetes_executor.py
[2023-10-04T07:59:16.085+0000] {processor.py:766} INFO - DAG(s) dict_keys(['example_kubernetes_executor']) retrieved from /home/airflow/.local/lib/python3.7/site-packages/airflow/example_dags/example_kubernetes_executor.py
[2023-10-04T07:59:16.122+0000] {logging_mixin.py:120} INFO - [2023-10-04T07:59:16.122+0000] {dag.py:2585} INFO - Sync 1 DAGs
[2023-10-04T07:59:16.147+0000] {logging_mixin.py:120} INFO - [2023-10-04T07:59:16.147+0000] {dag.py:3340} INFO - Setting next_dagrun for example_kubernetes_executor to None, run_after=None
[2023-10-04T07:59:16.170+0000] {processor.py:176} INFO - Processing /home/airflow/.local/lib/python3.7/site-packages/airflow/example_dags/example_kubernetes_executor.py took 0.113 seconds
[2023-10-04T07:59:46.660+0000] {processor.py:154} INFO - Started process (PID=2254) to work on /home/airflow/.local/lib/python3.7/site-packages/airflow/example_dags/example_kubernetes_executor.py
[2023-10-04T07:59:46.661+0000] {processor.py:756} INFO - Processing file /home/airflow/.local/lib/python3.7/site-packages/airflow/example_dags/example_kubernetes_executor.py for tasks to queue
[2023-10-04T07:59:46.662+0000] {logging_mixin.py:120} INFO - [2023-10-04T07:59:46.662+0000] {dagbag.py:537} INFO - Filling up the DagBag from /home/airflow/.local/lib/python3.7/site-packages/airflow/example_dags/example_kubernetes_executor.py
[2023-10-04T07:59:46.687+0000] {processor.py:766} INFO - DAG(s) dict_keys(['example_kubernetes_executor']) retrieved from /home/airflow/.local/lib/python3.7/site-packages/airflow/example_dags/example_kubernetes_executor.py
[2023-10-04T07:59:46.725+0000] {logging_mixin.py:120} INFO - [2023-10-04T07:59:46.725+0000] {dag.py:2585} INFO - Sync 1 DAGs
[2023-10-04T07:59:46.746+0000] {logging_mixin.py:120} INFO - [2023-10-04T07:59:46.746+0000] {dag.py:3340} INFO - Setting next_dagrun for example_kubernetes_executor to None, run_after=None
[2023-10-04T07:59:46.768+0000] {processor.py:176} INFO - Processing /home/airflow/.local/lib/python3.7/site-packages/airflow/example_dags/example_kubernetes_executor.py took 0.112 seconds
[2023-10-04T08:00:17.445+0000] {processor.py:154} INFO - Started process (PID=2321) to work on /home/airflow/.local/lib/python3.7/site-packages/airflow/example_dags/example_kubernetes_executor.py
[2023-10-04T08:00:17.447+0000] {processor.py:756} INFO - Processing file /home/airflow/.local/lib/python3.7/site-packages/airflow/example_dags/example_kubernetes_executor.py for tasks to queue
[2023-10-04T08:00:17.448+0000] {logging_mixin.py:120} INFO - [2023-10-04T08:00:17.448+0000] {dagbag.py:537} INFO - Filling up the DagBag from /home/airflow/.local/lib/python3.7/site-packages/airflow/example_dags/example_kubernetes_executor.py
[2023-10-04T08:00:17.471+0000] {processor.py:766} INFO - DAG(s) dict_keys(['example_kubernetes_executor']) retrieved from /home/airflow/.local/lib/python3.7/site-packages/airflow/example_dags/example_kubernetes_executor.py
[2023-10-04T08:00:17.513+0000] {logging_mixin.py:120} INFO - [2023-10-04T08:00:17.513+0000] {dag.py:2585} INFO - Sync 1 DAGs
[2023-10-04T08:00:17.536+0000] {logging_mixin.py:120} INFO - [2023-10-04T08:00:17.536+0000] {dag.py:3340} INFO - Setting next_dagrun for example_kubernetes_executor to None, run_after=None
[2023-10-04T08:00:17.560+0000] {processor.py:176} INFO - Processing /home/airflow/.local/lib/python3.7/site-packages/airflow/example_dags/example_kubernetes_executor.py took 0.117 seconds
[2023-10-04T08:00:48.230+0000] {processor.py:154} INFO - Started process (PID=2380) to work on /home/airflow/.local/lib/python3.7/site-packages/airflow/example_dags/example_kubernetes_executor.py
[2023-10-04T08:00:48.232+0000] {processor.py:756} INFO - Processing file /home/airflow/.local/lib/python3.7/site-packages/airflow/example_dags/example_kubernetes_executor.py for tasks to queue
[2023-10-04T08:00:48.234+0000] {logging_mixin.py:120} INFO - [2023-10-04T08:00:48.234+0000] {dagbag.py:537} INFO - Filling up the DagBag from /home/airflow/.local/lib/python3.7/site-packages/airflow/example_dags/example_kubernetes_executor.py
[2023-10-04T08:00:48.258+0000] {processor.py:766} INFO - DAG(s) dict_keys(['example_kubernetes_executor']) retrieved from /home/airflow/.local/lib/python3.7/site-packages/airflow/example_dags/example_kubernetes_executor.py
[2023-10-04T08:00:48.297+0000] {logging_mixin.py:120} INFO - [2023-10-04T08:00:48.297+0000] {dag.py:2585} INFO - Sync 1 DAGs
[2023-10-04T08:00:48.318+0000] {logging_mixin.py:120} INFO - [2023-10-04T08:00:48.318+0000] {dag.py:3340} INFO - Setting next_dagrun for example_kubernetes_executor to None, run_after=None
[2023-10-04T08:00:48.339+0000] {processor.py:176} INFO - Processing /home/airflow/.local/lib/python3.7/site-packages/airflow/example_dags/example_kubernetes_executor.py took 0.116 seconds
[2023-10-04T08:01:18.635+0000] {processor.py:154} INFO - Started process (PID=2447) to work on /home/airflow/.local/lib/python3.7/site-packages/airflow/example_dags/example_kubernetes_executor.py
[2023-10-04T08:01:18.636+0000] {processor.py:756} INFO - Processing file /home/airflow/.local/lib/python3.7/site-packages/airflow/example_dags/example_kubernetes_executor.py for tasks to queue
[2023-10-04T08:01:18.637+0000] {logging_mixin.py:120} INFO - [2023-10-04T08:01:18.637+0000] {dagbag.py:537} INFO - Filling up the DagBag from /home/airflow/.local/lib/python3.7/site-packages/airflow/example_dags/example_kubernetes_executor.py
[2023-10-04T08:01:18.662+0000] {processor.py:766} INFO - DAG(s) dict_keys(['example_kubernetes_executor']) retrieved from /home/airflow/.local/lib/python3.7/site-packages/airflow/example_dags/example_kubernetes_executor.py
[2023-10-04T08:01:18.706+0000] {logging_mixin.py:120} INFO - [2023-10-04T08:01:18.706+0000] {dag.py:2585} INFO - Sync 1 DAGs
[2023-10-04T08:01:18.734+0000] {logging_mixin.py:120} INFO - [2023-10-04T08:01:18.733+0000] {dag.py:3340} INFO - Setting next_dagrun for example_kubernetes_executor to None, run_after=None
[2023-10-04T08:01:18.761+0000] {processor.py:176} INFO - Processing /home/airflow/.local/lib/python3.7/site-packages/airflow/example_dags/example_kubernetes_executor.py took 0.130 seconds
[2023-10-04T08:01:49.138+0000] {processor.py:154} INFO - Started process (PID=2514) to work on /home/airflow/.local/lib/python3.7/site-packages/airflow/example_dags/example_kubernetes_executor.py
[2023-10-04T08:01:49.139+0000] {processor.py:756} INFO - Processing file /home/airflow/.local/lib/python3.7/site-packages/airflow/example_dags/example_kubernetes_executor.py for tasks to queue
[2023-10-04T08:01:49.140+0000] {logging_mixin.py:120} INFO - [2023-10-04T08:01:49.140+0000] {dagbag.py:537} INFO - Filling up the DagBag from /home/airflow/.local/lib/python3.7/site-packages/airflow/example_dags/example_kubernetes_executor.py
[2023-10-04T08:01:49.161+0000] {processor.py:766} INFO - DAG(s) dict_keys(['example_kubernetes_executor']) retrieved from /home/airflow/.local/lib/python3.7/site-packages/airflow/example_dags/example_kubernetes_executor.py
[2023-10-04T08:01:49.196+0000] {logging_mixin.py:120} INFO - [2023-10-04T08:01:49.196+0000] {dag.py:2585} INFO - Sync 1 DAGs
[2023-10-04T08:01:49.217+0000] {logging_mixin.py:120} INFO - [2023-10-04T08:01:49.217+0000] {dag.py:3340} INFO - Setting next_dagrun for example_kubernetes_executor to None, run_after=None
[2023-10-04T08:01:49.237+0000] {processor.py:176} INFO - Processing /home/airflow/.local/lib/python3.7/site-packages/airflow/example_dags/example_kubernetes_executor.py took 0.102 seconds
[2023-10-04T08:02:19.652+0000] {processor.py:154} INFO - Started process (PID=2582) to work on /home/airflow/.local/lib/python3.7/site-packages/airflow/example_dags/example_kubernetes_executor.py
[2023-10-04T08:02:19.654+0000] {processor.py:756} INFO - Processing file /home/airflow/.local/lib/python3.7/site-packages/airflow/example_dags/example_kubernetes_executor.py for tasks to queue
[2023-10-04T08:02:19.655+0000] {logging_mixin.py:120} INFO - [2023-10-04T08:02:19.655+0000] {dagbag.py:537} INFO - Filling up the DagBag from /home/airflow/.local/lib/python3.7/site-packages/airflow/example_dags/example_kubernetes_executor.py
[2023-10-04T08:02:19.683+0000] {processor.py:766} INFO - DAG(s) dict_keys(['example_kubernetes_executor']) retrieved from /home/airflow/.local/lib/python3.7/site-packages/airflow/example_dags/example_kubernetes_executor.py
[2023-10-04T08:02:19.734+0000] {logging_mixin.py:120} INFO - [2023-10-04T08:02:19.734+0000] {dag.py:2585} INFO - Sync 1 DAGs
[2023-10-04T08:02:19.763+0000] {logging_mixin.py:120} INFO - [2023-10-04T08:02:19.762+0000] {dag.py:3340} INFO - Setting next_dagrun for example_kubernetes_executor to None, run_after=None
[2023-10-04T08:02:19.793+0000] {processor.py:176} INFO - Processing /home/airflow/.local/lib/python3.7/site-packages/airflow/example_dags/example_kubernetes_executor.py took 0.143 seconds
[2023-10-04T08:02:50.039+0000] {processor.py:154} INFO - Started process (PID=2640) to work on /home/airflow/.local/lib/python3.7/site-packages/airflow/example_dags/example_kubernetes_executor.py
[2023-10-04T08:02:50.041+0000] {processor.py:756} INFO - Processing file /home/airflow/.local/lib/python3.7/site-packages/airflow/example_dags/example_kubernetes_executor.py for tasks to queue
[2023-10-04T08:02:50.043+0000] {logging_mixin.py:120} INFO - [2023-10-04T08:02:50.043+0000] {dagbag.py:537} INFO - Filling up the DagBag from /home/airflow/.local/lib/python3.7/site-packages/airflow/example_dags/example_kubernetes_executor.py
[2023-10-04T08:02:50.073+0000] {processor.py:766} INFO - DAG(s) dict_keys(['example_kubernetes_executor']) retrieved from /home/airflow/.local/lib/python3.7/site-packages/airflow/example_dags/example_kubernetes_executor.py
[2023-10-04T08:02:50.112+0000] {logging_mixin.py:120} INFO - [2023-10-04T08:02:50.112+0000] {dag.py:2585} INFO - Sync 1 DAGs
[2023-10-04T08:02:50.134+0000] {logging_mixin.py:120} INFO - [2023-10-04T08:02:50.134+0000] {dag.py:3340} INFO - Setting next_dagrun for example_kubernetes_executor to None, run_after=None
[2023-10-04T08:02:50.161+0000] {processor.py:176} INFO - Processing /home/airflow/.local/lib/python3.7/site-packages/airflow/example_dags/example_kubernetes_executor.py took 0.130 seconds
[2023-10-04T08:03:20.633+0000] {processor.py:154} INFO - Started process (PID=2707) to work on /home/airflow/.local/lib/python3.7/site-packages/airflow/example_dags/example_kubernetes_executor.py
[2023-10-04T08:03:20.635+0000] {processor.py:756} INFO - Processing file /home/airflow/.local/lib/python3.7/site-packages/airflow/example_dags/example_kubernetes_executor.py for tasks to queue
[2023-10-04T08:03:20.636+0000] {logging_mixin.py:120} INFO - [2023-10-04T08:03:20.636+0000] {dagbag.py:537} INFO - Filling up the DagBag from /home/airflow/.local/lib/python3.7/site-packages/airflow/example_dags/example_kubernetes_executor.py
[2023-10-04T08:03:20.659+0000] {processor.py:766} INFO - DAG(s) dict_keys(['example_kubernetes_executor']) retrieved from /home/airflow/.local/lib/python3.7/site-packages/airflow/example_dags/example_kubernetes_executor.py
[2023-10-04T08:03:20.696+0000] {logging_mixin.py:120} INFO - [2023-10-04T08:03:20.696+0000] {dag.py:2585} INFO - Sync 1 DAGs
[2023-10-04T08:03:20.718+0000] {logging_mixin.py:120} INFO - [2023-10-04T08:03:20.718+0000] {dag.py:3340} INFO - Setting next_dagrun for example_kubernetes_executor to None, run_after=None
[2023-10-04T08:03:20.740+0000] {processor.py:176} INFO - Processing /home/airflow/.local/lib/python3.7/site-packages/airflow/example_dags/example_kubernetes_executor.py took 0.109 seconds
[2023-10-04T08:03:50.987+0000] {processor.py:154} INFO - Started process (PID=2774) to work on /home/airflow/.local/lib/python3.7/site-packages/airflow/example_dags/example_kubernetes_executor.py
[2023-10-04T08:03:50.988+0000] {processor.py:756} INFO - Processing file /home/airflow/.local/lib/python3.7/site-packages/airflow/example_dags/example_kubernetes_executor.py for tasks to queue
[2023-10-04T08:03:50.990+0000] {logging_mixin.py:120} INFO - [2023-10-04T08:03:50.990+0000] {dagbag.py:537} INFO - Filling up the DagBag from /home/airflow/.local/lib/python3.7/site-packages/airflow/example_dags/example_kubernetes_executor.py
[2023-10-04T08:03:51.016+0000] {processor.py:766} INFO - DAG(s) dict_keys(['example_kubernetes_executor']) retrieved from /home/airflow/.local/lib/python3.7/site-packages/airflow/example_dags/example_kubernetes_executor.py
[2023-10-04T08:03:51.050+0000] {logging_mixin.py:120} INFO - [2023-10-04T08:03:51.049+0000] {dag.py:2585} INFO - Sync 1 DAGs
[2023-10-04T08:03:51.070+0000] {logging_mixin.py:120} INFO - [2023-10-04T08:03:51.070+0000] {dag.py:3340} INFO - Setting next_dagrun for example_kubernetes_executor to None, run_after=None
[2023-10-04T08:03:51.092+0000] {processor.py:176} INFO - Processing /home/airflow/.local/lib/python3.7/site-packages/airflow/example_dags/example_kubernetes_executor.py took 0.112 seconds
[2023-10-04T08:04:21.341+0000] {processor.py:154} INFO - Started process (PID=2832) to work on /home/airflow/.local/lib/python3.7/site-packages/airflow/example_dags/example_kubernetes_executor.py
[2023-10-04T08:04:21.344+0000] {processor.py:756} INFO - Processing file /home/airflow/.local/lib/python3.7/site-packages/airflow/example_dags/example_kubernetes_executor.py for tasks to queue
[2023-10-04T08:04:21.345+0000] {logging_mixin.py:120} INFO - [2023-10-04T08:04:21.345+0000] {dagbag.py:537} INFO - Filling up the DagBag from /home/airflow/.local/lib/python3.7/site-packages/airflow/example_dags/example_kubernetes_executor.py
[2023-10-04T08:04:21.369+0000] {processor.py:766} INFO - DAG(s) dict_keys(['example_kubernetes_executor']) retrieved from /home/airflow/.local/lib/python3.7/site-packages/airflow/example_dags/example_kubernetes_executor.py
[2023-10-04T08:04:21.405+0000] {logging_mixin.py:120} INFO - [2023-10-04T08:04:21.405+0000] {dag.py:2585} INFO - Sync 1 DAGs
[2023-10-04T08:04:21.425+0000] {logging_mixin.py:120} INFO - [2023-10-04T08:04:21.425+0000] {dag.py:3340} INFO - Setting next_dagrun for example_kubernetes_executor to None, run_after=None
[2023-10-04T08:04:21.445+0000] {processor.py:176} INFO - Processing /home/airflow/.local/lib/python3.7/site-packages/airflow/example_dags/example_kubernetes_executor.py took 0.110 seconds
[2023-10-04T08:04:51.760+0000] {processor.py:154} INFO - Started process (PID=2899) to work on /home/airflow/.local/lib/python3.7/site-packages/airflow/example_dags/example_kubernetes_executor.py
[2023-10-04T08:04:51.762+0000] {processor.py:756} INFO - Processing file /home/airflow/.local/lib/python3.7/site-packages/airflow/example_dags/example_kubernetes_executor.py for tasks to queue
[2023-10-04T08:04:51.763+0000] {logging_mixin.py:120} INFO - [2023-10-04T08:04:51.763+0000] {dagbag.py:537} INFO - Filling up the DagBag from /home/airflow/.local/lib/python3.7/site-packages/airflow/example_dags/example_kubernetes_executor.py
[2023-10-04T08:04:51.786+0000] {processor.py:766} INFO - DAG(s) dict_keys(['example_kubernetes_executor']) retrieved from /home/airflow/.local/lib/python3.7/site-packages/airflow/example_dags/example_kubernetes_executor.py
[2023-10-04T08:04:51.822+0000] {logging_mixin.py:120} INFO - [2023-10-04T08:04:51.822+0000] {dag.py:2585} INFO - Sync 1 DAGs
[2023-10-04T08:04:51.846+0000] {logging_mixin.py:120} INFO - [2023-10-04T08:04:51.846+0000] {dag.py:3340} INFO - Setting next_dagrun for example_kubernetes_executor to None, run_after=None
[2023-10-04T08:04:51.869+0000] {processor.py:176} INFO - Processing /home/airflow/.local/lib/python3.7/site-packages/airflow/example_dags/example_kubernetes_executor.py took 0.112 seconds
[2023-10-04T08:05:22.773+0000] {processor.py:154} INFO - Started process (PID=2966) to work on /home/airflow/.local/lib/python3.7/site-packages/airflow/example_dags/example_kubernetes_executor.py
[2023-10-04T08:05:22.776+0000] {processor.py:756} INFO - Processing file /home/airflow/.local/lib/python3.7/site-packages/airflow/example_dags/example_kubernetes_executor.py for tasks to queue
[2023-10-04T08:05:22.778+0000] {logging_mixin.py:120} INFO - [2023-10-04T08:05:22.778+0000] {dagbag.py:537} INFO - Filling up the DagBag from /home/airflow/.local/lib/python3.7/site-packages/airflow/example_dags/example_kubernetes_executor.py
[2023-10-04T08:05:22.808+0000] {processor.py:766} INFO - DAG(s) dict_keys(['example_kubernetes_executor']) retrieved from /home/airflow/.local/lib/python3.7/site-packages/airflow/example_dags/example_kubernetes_executor.py
[2023-10-04T08:05:22.848+0000] {logging_mixin.py:120} INFO - [2023-10-04T08:05:22.848+0000] {dag.py:2585} INFO - Sync 1 DAGs
[2023-10-04T08:05:22.873+0000] {logging_mixin.py:120} INFO - [2023-10-04T08:05:22.873+0000] {dag.py:3340} INFO - Setting next_dagrun for example_kubernetes_executor to None, run_after=None
[2023-10-04T08:05:22.896+0000] {processor.py:176} INFO - Processing /home/airflow/.local/lib/python3.7/site-packages/airflow/example_dags/example_kubernetes_executor.py took 0.134 seconds
[2023-10-04T08:05:53.451+0000] {processor.py:154} INFO - Started process (PID=3033) to work on /home/airflow/.local/lib/python3.7/site-packages/airflow/example_dags/example_kubernetes_executor.py
[2023-10-04T08:05:53.453+0000] {processor.py:756} INFO - Processing file /home/airflow/.local/lib/python3.7/site-packages/airflow/example_dags/example_kubernetes_executor.py for tasks to queue
[2023-10-04T08:05:53.454+0000] {logging_mixin.py:120} INFO - [2023-10-04T08:05:53.454+0000] {dagbag.py:537} INFO - Filling up the DagBag from /home/airflow/.local/lib/python3.7/site-packages/airflow/example_dags/example_kubernetes_executor.py
[2023-10-04T08:05:53.483+0000] {processor.py:766} INFO - DAG(s) dict_keys(['example_kubernetes_executor']) retrieved from /home/airflow/.local/lib/python3.7/site-packages/airflow/example_dags/example_kubernetes_executor.py
[2023-10-04T08:05:53.521+0000] {logging_mixin.py:120} INFO - [2023-10-04T08:05:53.520+0000] {dag.py:2585} INFO - Sync 1 DAGs
[2023-10-04T08:05:53.544+0000] {logging_mixin.py:120} INFO - [2023-10-04T08:05:53.544+0000] {dag.py:3340} INFO - Setting next_dagrun for example_kubernetes_executor to None, run_after=None
[2023-10-04T08:05:53.568+0000] {processor.py:176} INFO - Processing /home/airflow/.local/lib/python3.7/site-packages/airflow/example_dags/example_kubernetes_executor.py took 0.120 seconds
[2023-10-04T08:06:24.013+0000] {processor.py:154} INFO - Started process (PID=3091) to work on /home/airflow/.local/lib/python3.7/site-packages/airflow/example_dags/example_kubernetes_executor.py
[2023-10-04T08:06:24.015+0000] {processor.py:756} INFO - Processing file /home/airflow/.local/lib/python3.7/site-packages/airflow/example_dags/example_kubernetes_executor.py for tasks to queue
[2023-10-04T08:06:24.016+0000] {logging_mixin.py:120} INFO - [2023-10-04T08:06:24.016+0000] {dagbag.py:537} INFO - Filling up the DagBag from /home/airflow/.local/lib/python3.7/site-packages/airflow/example_dags/example_kubernetes_executor.py
[2023-10-04T08:06:24.041+0000] {processor.py:766} INFO - DAG(s) dict_keys(['example_kubernetes_executor']) retrieved from /home/airflow/.local/lib/python3.7/site-packages/airflow/example_dags/example_kubernetes_executor.py
[2023-10-04T08:06:24.083+0000] {logging_mixin.py:120} INFO - [2023-10-04T08:06:24.083+0000] {dag.py:2585} INFO - Sync 1 DAGs
[2023-10-04T08:06:24.107+0000] {logging_mixin.py:120} INFO - [2023-10-04T08:06:24.107+0000] {dag.py:3340} INFO - Setting next_dagrun for example_kubernetes_executor to None, run_after=None
[2023-10-04T08:06:24.131+0000] {processor.py:176} INFO - Processing /home/airflow/.local/lib/python3.7/site-packages/airflow/example_dags/example_kubernetes_executor.py took 0.121 seconds
[2023-10-04T08:06:54.595+0000] {processor.py:154} INFO - Started process (PID=3158) to work on /home/airflow/.local/lib/python3.7/site-packages/airflow/example_dags/example_kubernetes_executor.py
[2023-10-04T08:06:54.597+0000] {processor.py:756} INFO - Processing file /home/airflow/.local/lib/python3.7/site-packages/airflow/example_dags/example_kubernetes_executor.py for tasks to queue
[2023-10-04T08:06:54.598+0000] {logging_mixin.py:120} INFO - [2023-10-04T08:06:54.598+0000] {dagbag.py:537} INFO - Filling up the DagBag from /home/airflow/.local/lib/python3.7/site-packages/airflow/example_dags/example_kubernetes_executor.py
[2023-10-04T08:06:54.620+0000] {processor.py:766} INFO - DAG(s) dict_keys(['example_kubernetes_executor']) retrieved from /home/airflow/.local/lib/python3.7/site-packages/airflow/example_dags/example_kubernetes_executor.py
[2023-10-04T08:06:54.657+0000] {logging_mixin.py:120} INFO - [2023-10-04T08:06:54.656+0000] {dag.py:2585} INFO - Sync 1 DAGs
[2023-10-04T08:06:54.679+0000] {logging_mixin.py:120} INFO - [2023-10-04T08:06:54.678+0000] {dag.py:3340} INFO - Setting next_dagrun for example_kubernetes_executor to None, run_after=None
[2023-10-04T08:06:54.701+0000] {processor.py:176} INFO - Processing /home/airflow/.local/lib/python3.7/site-packages/airflow/example_dags/example_kubernetes_executor.py took 0.108 seconds
[2023-10-04T08:07:25.236+0000] {processor.py:154} INFO - Started process (PID=3225) to work on /home/airflow/.local/lib/python3.7/site-packages/airflow/example_dags/example_kubernetes_executor.py
[2023-10-04T08:07:25.239+0000] {processor.py:756} INFO - Processing file /home/airflow/.local/lib/python3.7/site-packages/airflow/example_dags/example_kubernetes_executor.py for tasks to queue
[2023-10-04T08:07:25.242+0000] {logging_mixin.py:120} INFO - [2023-10-04T08:07:25.242+0000] {dagbag.py:537} INFO - Filling up the DagBag from /home/airflow/.local/lib/python3.7/site-packages/airflow/example_dags/example_kubernetes_executor.py
[2023-10-04T08:07:25.272+0000] {processor.py:766} INFO - DAG(s) dict_keys(['example_kubernetes_executor']) retrieved from /home/airflow/.local/lib/python3.7/site-packages/airflow/example_dags/example_kubernetes_executor.py
[2023-10-04T08:07:25.308+0000] {logging_mixin.py:120} INFO - [2023-10-04T08:07:25.307+0000] {dag.py:2585} INFO - Sync 1 DAGs
[2023-10-04T08:07:25.329+0000] {logging_mixin.py:120} INFO - [2023-10-04T08:07:25.329+0000] {dag.py:3340} INFO - Setting next_dagrun for example_kubernetes_executor to None, run_after=None
[2023-10-04T08:07:25.349+0000] {processor.py:176} INFO - Processing /home/airflow/.local/lib/python3.7/site-packages/airflow/example_dags/example_kubernetes_executor.py took 0.119 seconds
[2023-10-04T08:07:55.411+0000] {processor.py:154} INFO - Started process (PID=3292) to work on /home/airflow/.local/lib/python3.7/site-packages/airflow/example_dags/example_kubernetes_executor.py
[2023-10-04T08:07:55.412+0000] {processor.py:756} INFO - Processing file /home/airflow/.local/lib/python3.7/site-packages/airflow/example_dags/example_kubernetes_executor.py for tasks to queue
[2023-10-04T08:07:55.413+0000] {logging_mixin.py:120} INFO - [2023-10-04T08:07:55.413+0000] {dagbag.py:537} INFO - Filling up the DagBag from /home/airflow/.local/lib/python3.7/site-packages/airflow/example_dags/example_kubernetes_executor.py
[2023-10-04T08:07:55.445+0000] {processor.py:766} INFO - DAG(s) dict_keys(['example_kubernetes_executor']) retrieved from /home/airflow/.local/lib/python3.7/site-packages/airflow/example_dags/example_kubernetes_executor.py
[2023-10-04T08:07:55.489+0000] {logging_mixin.py:120} INFO - [2023-10-04T08:07:55.489+0000] {dag.py:2585} INFO - Sync 1 DAGs
[2023-10-04T08:07:55.517+0000] {logging_mixin.py:120} INFO - [2023-10-04T08:07:55.517+0000] {dag.py:3340} INFO - Setting next_dagrun for example_kubernetes_executor to None, run_after=None
[2023-10-04T08:07:55.542+0000] {processor.py:176} INFO - Processing /home/airflow/.local/lib/python3.7/site-packages/airflow/example_dags/example_kubernetes_executor.py took 0.134 seconds
[2023-10-04T08:08:25.683+0000] {processor.py:154} INFO - Started process (PID=3350) to work on /home/airflow/.local/lib/python3.7/site-packages/airflow/example_dags/example_kubernetes_executor.py
[2023-10-04T08:08:25.684+0000] {processor.py:756} INFO - Processing file /home/airflow/.local/lib/python3.7/site-packages/airflow/example_dags/example_kubernetes_executor.py for tasks to queue
[2023-10-04T08:08:25.685+0000] {logging_mixin.py:120} INFO - [2023-10-04T08:08:25.685+0000] {dagbag.py:537} INFO - Filling up the DagBag from /home/airflow/.local/lib/python3.7/site-packages/airflow/example_dags/example_kubernetes_executor.py
[2023-10-04T08:08:25.710+0000] {processor.py:766} INFO - DAG(s) dict_keys(['example_kubernetes_executor']) retrieved from /home/airflow/.local/lib/python3.7/site-packages/airflow/example_dags/example_kubernetes_executor.py
[2023-10-04T08:08:25.757+0000] {logging_mixin.py:120} INFO - [2023-10-04T08:08:25.756+0000] {dag.py:2585} INFO - Sync 1 DAGs
[2023-10-04T08:08:25.800+0000] {logging_mixin.py:120} INFO - [2023-10-04T08:08:25.799+0000] {dag.py:3340} INFO - Setting next_dagrun for example_kubernetes_executor to None, run_after=None
[2023-10-04T08:08:25.827+0000] {processor.py:176} INFO - Processing /home/airflow/.local/lib/python3.7/site-packages/airflow/example_dags/example_kubernetes_executor.py took 0.147 seconds
[2023-10-04T08:08:55.944+0000] {processor.py:154} INFO - Started process (PID=3418) to work on /home/airflow/.local/lib/python3.7/site-packages/airflow/example_dags/example_kubernetes_executor.py
[2023-10-04T08:08:55.946+0000] {processor.py:756} INFO - Processing file /home/airflow/.local/lib/python3.7/site-packages/airflow/example_dags/example_kubernetes_executor.py for tasks to queue
[2023-10-04T08:08:55.948+0000] {logging_mixin.py:120} INFO - [2023-10-04T08:08:55.948+0000] {dagbag.py:537} INFO - Filling up the DagBag from /home/airflow/.local/lib/python3.7/site-packages/airflow/example_dags/example_kubernetes_executor.py
[2023-10-04T08:08:55.974+0000] {processor.py:766} INFO - DAG(s) dict_keys(['example_kubernetes_executor']) retrieved from /home/airflow/.local/lib/python3.7/site-packages/airflow/example_dags/example_kubernetes_executor.py
[2023-10-04T08:08:56.012+0000] {logging_mixin.py:120} INFO - [2023-10-04T08:08:56.012+0000] {dag.py:2585} INFO - Sync 1 DAGs
[2023-10-04T08:08:56.035+0000] {logging_mixin.py:120} INFO - [2023-10-04T08:08:56.035+0000] {dag.py:3340} INFO - Setting next_dagrun for example_kubernetes_executor to None, run_after=None
[2023-10-04T08:08:56.056+0000] {processor.py:176} INFO - Processing /home/airflow/.local/lib/python3.7/site-packages/airflow/example_dags/example_kubernetes_executor.py took 0.115 seconds
[2023-10-04T08:09:26.458+0000] {processor.py:154} INFO - Started process (PID=3485) to work on /home/airflow/.local/lib/python3.7/site-packages/airflow/example_dags/example_kubernetes_executor.py
[2023-10-04T08:09:26.460+0000] {processor.py:756} INFO - Processing file /home/airflow/.local/lib/python3.7/site-packages/airflow/example_dags/example_kubernetes_executor.py for tasks to queue
[2023-10-04T08:09:26.462+0000] {logging_mixin.py:120} INFO - [2023-10-04T08:09:26.462+0000] {dagbag.py:537} INFO - Filling up the DagBag from /home/airflow/.local/lib/python3.7/site-packages/airflow/example_dags/example_kubernetes_executor.py
[2023-10-04T08:09:26.488+0000] {processor.py:766} INFO - DAG(s) dict_keys(['example_kubernetes_executor']) retrieved from /home/airflow/.local/lib/python3.7/site-packages/airflow/example_dags/example_kubernetes_executor.py
[2023-10-04T08:09:26.524+0000] {logging_mixin.py:120} INFO - [2023-10-04T08:09:26.523+0000] {dag.py:2585} INFO - Sync 1 DAGs
[2023-10-04T08:09:26.544+0000] {logging_mixin.py:120} INFO - [2023-10-04T08:09:26.544+0000] {dag.py:3340} INFO - Setting next_dagrun for example_kubernetes_executor to None, run_after=None
[2023-10-04T08:09:26.565+0000] {processor.py:176} INFO - Processing /home/airflow/.local/lib/python3.7/site-packages/airflow/example_dags/example_kubernetes_executor.py took 0.113 seconds
[2023-10-04T08:09:56.938+0000] {processor.py:154} INFO - Started process (PID=3543) to work on /home/airflow/.local/lib/python3.7/site-packages/airflow/example_dags/example_kubernetes_executor.py
[2023-10-04T08:09:56.939+0000] {processor.py:756} INFO - Processing file /home/airflow/.local/lib/python3.7/site-packages/airflow/example_dags/example_kubernetes_executor.py for tasks to queue
[2023-10-04T08:09:56.941+0000] {logging_mixin.py:120} INFO - [2023-10-04T08:09:56.941+0000] {dagbag.py:537} INFO - Filling up the DagBag from /home/airflow/.local/lib/python3.7/site-packages/airflow/example_dags/example_kubernetes_executor.py
[2023-10-04T08:09:56.965+0000] {processor.py:766} INFO - DAG(s) dict_keys(['example_kubernetes_executor']) retrieved from /home/airflow/.local/lib/python3.7/site-packages/airflow/example_dags/example_kubernetes_executor.py
[2023-10-04T08:09:57.005+0000] {logging_mixin.py:120} INFO - [2023-10-04T08:09:57.004+0000] {dag.py:2585} INFO - Sync 1 DAGs
[2023-10-04T08:09:57.028+0000] {logging_mixin.py:120} INFO - [2023-10-04T08:09:57.028+0000] {dag.py:3340} INFO - Setting next_dagrun for example_kubernetes_executor to None, run_after=None
[2023-10-04T08:09:57.052+0000] {processor.py:176} INFO - Processing /home/airflow/.local/lib/python3.7/site-packages/airflow/example_dags/example_kubernetes_executor.py took 0.117 seconds
[2023-10-04T08:11:37.241+0000] {processor.py:154} INFO - Started process (PID=58) to work on /home/airflow/.local/lib/python3.7/site-packages/airflow/example_dags/example_kubernetes_executor.py
[2023-10-04T08:11:37.249+0000] {processor.py:756} INFO - Processing file /home/airflow/.local/lib/python3.7/site-packages/airflow/example_dags/example_kubernetes_executor.py for tasks to queue
[2023-10-04T08:11:37.256+0000] {logging_mixin.py:120} INFO - [2023-10-04T08:11:37.255+0000] {dagbag.py:537} INFO - Filling up the DagBag from /home/airflow/.local/lib/python3.7/site-packages/airflow/example_dags/example_kubernetes_executor.py
[2023-10-04T08:11:37.357+0000] {processor.py:766} INFO - DAG(s) dict_keys(['example_kubernetes_executor']) retrieved from /home/airflow/.local/lib/python3.7/site-packages/airflow/example_dags/example_kubernetes_executor.py
[2023-10-04T08:11:37.496+0000] {logging_mixin.py:120} INFO - [2023-10-04T08:11:37.495+0000] {dag.py:2585} INFO - Sync 1 DAGs
[2023-10-04T08:11:37.569+0000] {logging_mixin.py:120} INFO - [2023-10-04T08:11:37.569+0000] {dag.py:3340} INFO - Setting next_dagrun for example_kubernetes_executor to None, run_after=None
[2023-10-04T08:11:37.638+0000] {processor.py:176} INFO - Processing /home/airflow/.local/lib/python3.7/site-packages/airflow/example_dags/example_kubernetes_executor.py took 0.410 seconds
[2023-10-04T08:12:07.763+0000] {processor.py:154} INFO - Started process (PID=125) to work on /home/airflow/.local/lib/python3.7/site-packages/airflow/example_dags/example_kubernetes_executor.py
[2023-10-04T08:12:07.765+0000] {processor.py:756} INFO - Processing file /home/airflow/.local/lib/python3.7/site-packages/airflow/example_dags/example_kubernetes_executor.py for tasks to queue
[2023-10-04T08:12:07.766+0000] {logging_mixin.py:120} INFO - [2023-10-04T08:12:07.766+0000] {dagbag.py:537} INFO - Filling up the DagBag from /home/airflow/.local/lib/python3.7/site-packages/airflow/example_dags/example_kubernetes_executor.py
[2023-10-04T08:12:07.794+0000] {processor.py:766} INFO - DAG(s) dict_keys(['example_kubernetes_executor']) retrieved from /home/airflow/.local/lib/python3.7/site-packages/airflow/example_dags/example_kubernetes_executor.py
[2023-10-04T08:12:07.840+0000] {logging_mixin.py:120} INFO - [2023-10-04T08:12:07.840+0000] {dag.py:2585} INFO - Sync 1 DAGs
[2023-10-04T08:12:07.867+0000] {logging_mixin.py:120} INFO - [2023-10-04T08:12:07.867+0000] {dag.py:3340} INFO - Setting next_dagrun for example_kubernetes_executor to None, run_after=None
[2023-10-04T08:12:07.892+0000] {processor.py:176} INFO - Processing /home/airflow/.local/lib/python3.7/site-packages/airflow/example_dags/example_kubernetes_executor.py took 0.131 seconds
[2023-10-04T08:12:38.143+0000] {processor.py:154} INFO - Started process (PID=195) to work on /home/airflow/.local/lib/python3.7/site-packages/airflow/example_dags/example_kubernetes_executor.py
[2023-10-04T08:12:38.145+0000] {processor.py:756} INFO - Processing file /home/airflow/.local/lib/python3.7/site-packages/airflow/example_dags/example_kubernetes_executor.py for tasks to queue
[2023-10-04T08:12:38.146+0000] {logging_mixin.py:120} INFO - [2023-10-04T08:12:38.146+0000] {dagbag.py:537} INFO - Filling up the DagBag from /home/airflow/.local/lib/python3.7/site-packages/airflow/example_dags/example_kubernetes_executor.py
[2023-10-04T08:12:38.171+0000] {processor.py:766} INFO - DAG(s) dict_keys(['example_kubernetes_executor']) retrieved from /home/airflow/.local/lib/python3.7/site-packages/airflow/example_dags/example_kubernetes_executor.py
[2023-10-04T08:12:38.207+0000] {logging_mixin.py:120} INFO - [2023-10-04T08:12:38.207+0000] {dag.py:2585} INFO - Sync 1 DAGs
[2023-10-04T08:12:38.228+0000] {logging_mixin.py:120} INFO - [2023-10-04T08:12:38.228+0000] {dag.py:3340} INFO - Setting next_dagrun for example_kubernetes_executor to None, run_after=None
[2023-10-04T08:12:38.250+0000] {processor.py:176} INFO - Processing /home/airflow/.local/lib/python3.7/site-packages/airflow/example_dags/example_kubernetes_executor.py took 0.110 seconds
[2023-10-04T08:13:09.206+0000] {processor.py:154} INFO - Started process (PID=254) to work on /home/airflow/.local/lib/python3.7/site-packages/airflow/example_dags/example_kubernetes_executor.py
[2023-10-04T08:13:09.208+0000] {processor.py:756} INFO - Processing file /home/airflow/.local/lib/python3.7/site-packages/airflow/example_dags/example_kubernetes_executor.py for tasks to queue
[2023-10-04T08:13:09.213+0000] {logging_mixin.py:120} INFO - [2023-10-04T08:13:09.213+0000] {dagbag.py:537} INFO - Filling up the DagBag from /home/airflow/.local/lib/python3.7/site-packages/airflow/example_dags/example_kubernetes_executor.py
[2023-10-04T08:13:09.264+0000] {processor.py:766} INFO - DAG(s) dict_keys(['example_kubernetes_executor']) retrieved from /home/airflow/.local/lib/python3.7/site-packages/airflow/example_dags/example_kubernetes_executor.py
[2023-10-04T08:13:09.359+0000] {logging_mixin.py:120} INFO - [2023-10-04T08:13:09.358+0000] {dag.py:2585} INFO - Sync 1 DAGs
[2023-10-04T08:13:09.402+0000] {logging_mixin.py:120} INFO - [2023-10-04T08:13:09.402+0000] {dag.py:3340} INFO - Setting next_dagrun for example_kubernetes_executor to None, run_after=None
[2023-10-04T08:13:09.442+0000] {processor.py:176} INFO - Processing /home/airflow/.local/lib/python3.7/site-packages/airflow/example_dags/example_kubernetes_executor.py took 0.239 seconds
[2023-10-04T08:13:40.395+0000] {processor.py:154} INFO - Started process (PID=322) to work on /home/airflow/.local/lib/python3.7/site-packages/airflow/example_dags/example_kubernetes_executor.py
[2023-10-04T08:13:40.397+0000] {processor.py:756} INFO - Processing file /home/airflow/.local/lib/python3.7/site-packages/airflow/example_dags/example_kubernetes_executor.py for tasks to queue
[2023-10-04T08:13:40.398+0000] {logging_mixin.py:120} INFO - [2023-10-04T08:13:40.398+0000] {dagbag.py:537} INFO - Filling up the DagBag from /home/airflow/.local/lib/python3.7/site-packages/airflow/example_dags/example_kubernetes_executor.py
[2023-10-04T08:13:40.422+0000] {processor.py:766} INFO - DAG(s) dict_keys(['example_kubernetes_executor']) retrieved from /home/airflow/.local/lib/python3.7/site-packages/airflow/example_dags/example_kubernetes_executor.py
[2023-10-04T08:13:40.462+0000] {logging_mixin.py:120} INFO - [2023-10-04T08:13:40.461+0000] {dag.py:2585} INFO - Sync 1 DAGs
[2023-10-04T08:13:40.488+0000] {logging_mixin.py:120} INFO - [2023-10-04T08:13:40.488+0000] {dag.py:3340} INFO - Setting next_dagrun for example_kubernetes_executor to None, run_after=None
[2023-10-04T08:13:40.509+0000] {processor.py:176} INFO - Processing /home/airflow/.local/lib/python3.7/site-packages/airflow/example_dags/example_kubernetes_executor.py took 0.117 seconds
[2023-10-04T08:14:10.970+0000] {processor.py:154} INFO - Started process (PID=390) to work on /home/airflow/.local/lib/python3.7/site-packages/airflow/example_dags/example_kubernetes_executor.py
[2023-10-04T08:14:10.973+0000] {processor.py:756} INFO - Processing file /home/airflow/.local/lib/python3.7/site-packages/airflow/example_dags/example_kubernetes_executor.py for tasks to queue
[2023-10-04T08:14:10.974+0000] {logging_mixin.py:120} INFO - [2023-10-04T08:14:10.974+0000] {dagbag.py:537} INFO - Filling up the DagBag from /home/airflow/.local/lib/python3.7/site-packages/airflow/example_dags/example_kubernetes_executor.py
[2023-10-04T08:14:11.000+0000] {processor.py:766} INFO - DAG(s) dict_keys(['example_kubernetes_executor']) retrieved from /home/airflow/.local/lib/python3.7/site-packages/airflow/example_dags/example_kubernetes_executor.py
[2023-10-04T08:14:11.035+0000] {logging_mixin.py:120} INFO - [2023-10-04T08:14:11.034+0000] {dag.py:2585} INFO - Sync 1 DAGs
[2023-10-04T08:14:11.056+0000] {logging_mixin.py:120} INFO - [2023-10-04T08:14:11.056+0000] {dag.py:3340} INFO - Setting next_dagrun for example_kubernetes_executor to None, run_after=None
[2023-10-04T08:14:11.077+0000] {processor.py:176} INFO - Processing /home/airflow/.local/lib/python3.7/site-packages/airflow/example_dags/example_kubernetes_executor.py took 0.112 seconds
[2023-10-04T08:14:41.239+0000] {processor.py:154} INFO - Started process (PID=458) to work on /home/airflow/.local/lib/python3.7/site-packages/airflow/example_dags/example_kubernetes_executor.py
[2023-10-04T08:14:41.243+0000] {processor.py:756} INFO - Processing file /home/airflow/.local/lib/python3.7/site-packages/airflow/example_dags/example_kubernetes_executor.py for tasks to queue
[2023-10-04T08:14:41.246+0000] {logging_mixin.py:120} INFO - [2023-10-04T08:14:41.245+0000] {dagbag.py:537} INFO - Filling up the DagBag from /home/airflow/.local/lib/python3.7/site-packages/airflow/example_dags/example_kubernetes_executor.py
[2023-10-04T08:14:41.337+0000] {processor.py:766} INFO - DAG(s) dict_keys(['example_kubernetes_executor']) retrieved from /home/airflow/.local/lib/python3.7/site-packages/airflow/example_dags/example_kubernetes_executor.py
[2023-10-04T08:14:41.391+0000] {logging_mixin.py:120} INFO - [2023-10-04T08:14:41.390+0000] {dag.py:2585} INFO - Sync 1 DAGs
[2023-10-04T08:14:41.416+0000] {logging_mixin.py:120} INFO - [2023-10-04T08:14:41.416+0000] {dag.py:3340} INFO - Setting next_dagrun for example_kubernetes_executor to None, run_after=None
[2023-10-04T08:14:41.441+0000] {processor.py:176} INFO - Processing /home/airflow/.local/lib/python3.7/site-packages/airflow/example_dags/example_kubernetes_executor.py took 0.210 seconds
[2023-10-04T08:15:12.247+0000] {processor.py:154} INFO - Started process (PID=517) to work on /home/airflow/.local/lib/python3.7/site-packages/airflow/example_dags/example_kubernetes_executor.py
[2023-10-04T08:15:12.249+0000] {processor.py:756} INFO - Processing file /home/airflow/.local/lib/python3.7/site-packages/airflow/example_dags/example_kubernetes_executor.py for tasks to queue
[2023-10-04T08:15:12.250+0000] {logging_mixin.py:120} INFO - [2023-10-04T08:15:12.250+0000] {dagbag.py:537} INFO - Filling up the DagBag from /home/airflow/.local/lib/python3.7/site-packages/airflow/example_dags/example_kubernetes_executor.py
[2023-10-04T08:15:12.271+0000] {processor.py:766} INFO - DAG(s) dict_keys(['example_kubernetes_executor']) retrieved from /home/airflow/.local/lib/python3.7/site-packages/airflow/example_dags/example_kubernetes_executor.py
[2023-10-04T08:15:12.308+0000] {logging_mixin.py:120} INFO - [2023-10-04T08:15:12.308+0000] {dag.py:2585} INFO - Sync 1 DAGs
[2023-10-04T08:15:12.329+0000] {logging_mixin.py:120} INFO - [2023-10-04T08:15:12.329+0000] {dag.py:3340} INFO - Setting next_dagrun for example_kubernetes_executor to None, run_after=None
[2023-10-04T08:15:12.348+0000] {processor.py:176} INFO - Processing /home/airflow/.local/lib/python3.7/site-packages/airflow/example_dags/example_kubernetes_executor.py took 0.104 seconds
[2023-10-04T08:15:42.693+0000] {processor.py:154} INFO - Started process (PID=585) to work on /home/airflow/.local/lib/python3.7/site-packages/airflow/example_dags/example_kubernetes_executor.py
[2023-10-04T08:15:42.694+0000] {processor.py:756} INFO - Processing file /home/airflow/.local/lib/python3.7/site-packages/airflow/example_dags/example_kubernetes_executor.py for tasks to queue
[2023-10-04T08:15:42.696+0000] {logging_mixin.py:120} INFO - [2023-10-04T08:15:42.696+0000] {dagbag.py:537} INFO - Filling up the DagBag from /home/airflow/.local/lib/python3.7/site-packages/airflow/example_dags/example_kubernetes_executor.py
[2023-10-04T08:15:42.722+0000] {processor.py:766} INFO - DAG(s) dict_keys(['example_kubernetes_executor']) retrieved from /home/airflow/.local/lib/python3.7/site-packages/airflow/example_dags/example_kubernetes_executor.py
[2023-10-04T08:15:42.761+0000] {logging_mixin.py:120} INFO - [2023-10-04T08:15:42.761+0000] {dag.py:2585} INFO - Sync 1 DAGs
[2023-10-04T08:15:42.785+0000] {logging_mixin.py:120} INFO - [2023-10-04T08:15:42.785+0000] {dag.py:3340} INFO - Setting next_dagrun for example_kubernetes_executor to None, run_after=None
[2023-10-04T08:15:42.809+0000] {processor.py:176} INFO - Processing /home/airflow/.local/lib/python3.7/site-packages/airflow/example_dags/example_kubernetes_executor.py took 0.120 seconds
[2023-10-04T08:16:13.433+0000] {processor.py:154} INFO - Started process (PID=653) to work on /home/airflow/.local/lib/python3.7/site-packages/airflow/example_dags/example_kubernetes_executor.py
[2023-10-04T08:16:13.435+0000] {processor.py:756} INFO - Processing file /home/airflow/.local/lib/python3.7/site-packages/airflow/example_dags/example_kubernetes_executor.py for tasks to queue
[2023-10-04T08:16:13.436+0000] {logging_mixin.py:120} INFO - [2023-10-04T08:16:13.436+0000] {dagbag.py:537} INFO - Filling up the DagBag from /home/airflow/.local/lib/python3.7/site-packages/airflow/example_dags/example_kubernetes_executor.py
[2023-10-04T08:16:13.460+0000] {processor.py:766} INFO - DAG(s) dict_keys(['example_kubernetes_executor']) retrieved from /home/airflow/.local/lib/python3.7/site-packages/airflow/example_dags/example_kubernetes_executor.py
[2023-10-04T08:16:13.497+0000] {logging_mixin.py:120} INFO - [2023-10-04T08:16:13.497+0000] {dag.py:2585} INFO - Sync 1 DAGs
[2023-10-04T08:16:13.519+0000] {logging_mixin.py:120} INFO - [2023-10-04T08:16:13.519+0000] {dag.py:3340} INFO - Setting next_dagrun for example_kubernetes_executor to None, run_after=None
[2023-10-04T08:16:13.541+0000] {processor.py:176} INFO - Processing /home/airflow/.local/lib/python3.7/site-packages/airflow/example_dags/example_kubernetes_executor.py took 0.113 seconds
[2023-10-04T08:16:43.885+0000] {processor.py:154} INFO - Started process (PID=712) to work on /home/airflow/.local/lib/python3.7/site-packages/airflow/example_dags/example_kubernetes_executor.py
[2023-10-04T08:16:43.888+0000] {processor.py:756} INFO - Processing file /home/airflow/.local/lib/python3.7/site-packages/airflow/example_dags/example_kubernetes_executor.py for tasks to queue
[2023-10-04T08:16:43.890+0000] {logging_mixin.py:120} INFO - [2023-10-04T08:16:43.889+0000] {dagbag.py:537} INFO - Filling up the DagBag from /home/airflow/.local/lib/python3.7/site-packages/airflow/example_dags/example_kubernetes_executor.py
[2023-10-04T08:16:43.919+0000] {processor.py:766} INFO - DAG(s) dict_keys(['example_kubernetes_executor']) retrieved from /home/airflow/.local/lib/python3.7/site-packages/airflow/example_dags/example_kubernetes_executor.py
[2023-10-04T08:16:44.036+0000] {logging_mixin.py:120} INFO - [2023-10-04T08:16:44.035+0000] {dag.py:2585} INFO - Sync 1 DAGs
[2023-10-04T08:16:44.066+0000] {logging_mixin.py:120} INFO - [2023-10-04T08:16:44.065+0000] {dag.py:3340} INFO - Setting next_dagrun for example_kubernetes_executor to None, run_after=None
[2023-10-04T08:16:44.093+0000] {processor.py:176} INFO - Processing /home/airflow/.local/lib/python3.7/site-packages/airflow/example_dags/example_kubernetes_executor.py took 0.219 seconds
[2023-10-04T08:17:14.531+0000] {processor.py:154} INFO - Started process (PID=781) to work on /home/airflow/.local/lib/python3.7/site-packages/airflow/example_dags/example_kubernetes_executor.py
[2023-10-04T08:17:14.533+0000] {processor.py:756} INFO - Processing file /home/airflow/.local/lib/python3.7/site-packages/airflow/example_dags/example_kubernetes_executor.py for tasks to queue
[2023-10-04T08:17:14.534+0000] {logging_mixin.py:120} INFO - [2023-10-04T08:17:14.534+0000] {dagbag.py:537} INFO - Filling up the DagBag from /home/airflow/.local/lib/python3.7/site-packages/airflow/example_dags/example_kubernetes_executor.py
[2023-10-04T08:17:14.559+0000] {processor.py:766} INFO - DAG(s) dict_keys(['example_kubernetes_executor']) retrieved from /home/airflow/.local/lib/python3.7/site-packages/airflow/example_dags/example_kubernetes_executor.py
[2023-10-04T08:17:14.615+0000] {logging_mixin.py:120} INFO - [2023-10-04T08:17:14.615+0000] {dag.py:2585} INFO - Sync 1 DAGs
[2023-10-04T08:17:14.647+0000] {logging_mixin.py:120} INFO - [2023-10-04T08:17:14.646+0000] {dag.py:3340} INFO - Setting next_dagrun for example_kubernetes_executor to None, run_after=None
[2023-10-04T08:17:14.678+0000] {processor.py:176} INFO - Processing /home/airflow/.local/lib/python3.7/site-packages/airflow/example_dags/example_kubernetes_executor.py took 0.150 seconds
[2023-10-04T08:17:45.393+0000] {processor.py:154} INFO - Started process (PID=850) to work on /home/airflow/.local/lib/python3.7/site-packages/airflow/example_dags/example_kubernetes_executor.py
[2023-10-04T08:17:45.395+0000] {processor.py:756} INFO - Processing file /home/airflow/.local/lib/python3.7/site-packages/airflow/example_dags/example_kubernetes_executor.py for tasks to queue
[2023-10-04T08:17:45.396+0000] {logging_mixin.py:120} INFO - [2023-10-04T08:17:45.396+0000] {dagbag.py:537} INFO - Filling up the DagBag from /home/airflow/.local/lib/python3.7/site-packages/airflow/example_dags/example_kubernetes_executor.py
[2023-10-04T08:17:45.430+0000] {processor.py:766} INFO - DAG(s) dict_keys(['example_kubernetes_executor']) retrieved from /home/airflow/.local/lib/python3.7/site-packages/airflow/example_dags/example_kubernetes_executor.py
[2023-10-04T08:17:45.476+0000] {logging_mixin.py:120} INFO - [2023-10-04T08:17:45.475+0000] {dag.py:2585} INFO - Sync 1 DAGs
[2023-10-04T08:17:45.498+0000] {logging_mixin.py:120} INFO - [2023-10-04T08:17:45.498+0000] {dag.py:3340} INFO - Setting next_dagrun for example_kubernetes_executor to None, run_after=None
[2023-10-04T08:17:45.528+0000] {processor.py:176} INFO - Processing /home/airflow/.local/lib/python3.7/site-packages/airflow/example_dags/example_kubernetes_executor.py took 0.140 seconds
[2023-10-04T08:18:16.020+0000] {processor.py:154} INFO - Started process (PID=909) to work on /home/airflow/.local/lib/python3.7/site-packages/airflow/example_dags/example_kubernetes_executor.py
[2023-10-04T08:18:16.021+0000] {processor.py:756} INFO - Processing file /home/airflow/.local/lib/python3.7/site-packages/airflow/example_dags/example_kubernetes_executor.py for tasks to queue
[2023-10-04T08:18:16.025+0000] {logging_mixin.py:120} INFO - [2023-10-04T08:18:16.024+0000] {dagbag.py:537} INFO - Filling up the DagBag from /home/airflow/.local/lib/python3.7/site-packages/airflow/example_dags/example_kubernetes_executor.py
[2023-10-04T08:18:16.052+0000] {processor.py:766} INFO - DAG(s) dict_keys(['example_kubernetes_executor']) retrieved from /home/airflow/.local/lib/python3.7/site-packages/airflow/example_dags/example_kubernetes_executor.py
[2023-10-04T08:18:16.103+0000] {logging_mixin.py:120} INFO - [2023-10-04T08:18:16.102+0000] {dag.py:2585} INFO - Sync 1 DAGs
[2023-10-04T08:18:16.129+0000] {logging_mixin.py:120} INFO - [2023-10-04T08:18:16.128+0000] {dag.py:3340} INFO - Setting next_dagrun for example_kubernetes_executor to None, run_after=None
[2023-10-04T08:18:16.154+0000] {processor.py:176} INFO - Processing /home/airflow/.local/lib/python3.7/site-packages/airflow/example_dags/example_kubernetes_executor.py took 0.137 seconds
[2023-10-04T08:18:46.386+0000] {processor.py:154} INFO - Started process (PID=977) to work on /home/airflow/.local/lib/python3.7/site-packages/airflow/example_dags/example_kubernetes_executor.py
[2023-10-04T08:18:46.391+0000] {processor.py:756} INFO - Processing file /home/airflow/.local/lib/python3.7/site-packages/airflow/example_dags/example_kubernetes_executor.py for tasks to queue
[2023-10-04T08:18:46.393+0000] {logging_mixin.py:120} INFO - [2023-10-04T08:18:46.393+0000] {dagbag.py:537} INFO - Filling up the DagBag from /home/airflow/.local/lib/python3.7/site-packages/airflow/example_dags/example_kubernetes_executor.py
[2023-10-04T08:18:46.429+0000] {processor.py:766} INFO - DAG(s) dict_keys(['example_kubernetes_executor']) retrieved from /home/airflow/.local/lib/python3.7/site-packages/airflow/example_dags/example_kubernetes_executor.py
[2023-10-04T08:18:46.487+0000] {logging_mixin.py:120} INFO - [2023-10-04T08:18:46.485+0000] {dag.py:2585} INFO - Sync 1 DAGs
[2023-10-04T08:18:46.570+0000] {logging_mixin.py:120} INFO - [2023-10-04T08:18:46.570+0000] {dag.py:3340} INFO - Setting next_dagrun for example_kubernetes_executor to None, run_after=None
[2023-10-04T08:18:46.624+0000] {processor.py:176} INFO - Processing /home/airflow/.local/lib/python3.7/site-packages/airflow/example_dags/example_kubernetes_executor.py took 0.252 seconds
[2023-10-04T08:19:17.374+0000] {processor.py:154} INFO - Started process (PID=1045) to work on /home/airflow/.local/lib/python3.7/site-packages/airflow/example_dags/example_kubernetes_executor.py
[2023-10-04T08:19:17.376+0000] {processor.py:756} INFO - Processing file /home/airflow/.local/lib/python3.7/site-packages/airflow/example_dags/example_kubernetes_executor.py for tasks to queue
[2023-10-04T08:19:17.377+0000] {logging_mixin.py:120} INFO - [2023-10-04T08:19:17.377+0000] {dagbag.py:537} INFO - Filling up the DagBag from /home/airflow/.local/lib/python3.7/site-packages/airflow/example_dags/example_kubernetes_executor.py
[2023-10-04T08:19:17.408+0000] {processor.py:766} INFO - DAG(s) dict_keys(['example_kubernetes_executor']) retrieved from /home/airflow/.local/lib/python3.7/site-packages/airflow/example_dags/example_kubernetes_executor.py
[2023-10-04T08:19:17.482+0000] {logging_mixin.py:120} INFO - [2023-10-04T08:19:17.481+0000] {dag.py:2585} INFO - Sync 1 DAGs
[2023-10-04T08:19:17.508+0000] {logging_mixin.py:120} INFO - [2023-10-04T08:19:17.508+0000] {dag.py:3340} INFO - Setting next_dagrun for example_kubernetes_executor to None, run_after=None
[2023-10-04T08:19:17.541+0000] {processor.py:176} INFO - Processing /home/airflow/.local/lib/python3.7/site-packages/airflow/example_dags/example_kubernetes_executor.py took 0.180 seconds
[2023-10-04T08:19:47.795+0000] {processor.py:154} INFO - Started process (PID=1104) to work on /home/airflow/.local/lib/python3.7/site-packages/airflow/example_dags/example_kubernetes_executor.py
[2023-10-04T08:19:47.797+0000] {processor.py:756} INFO - Processing file /home/airflow/.local/lib/python3.7/site-packages/airflow/example_dags/example_kubernetes_executor.py for tasks to queue
[2023-10-04T08:19:47.800+0000] {logging_mixin.py:120} INFO - [2023-10-04T08:19:47.799+0000] {dagbag.py:537} INFO - Filling up the DagBag from /home/airflow/.local/lib/python3.7/site-packages/airflow/example_dags/example_kubernetes_executor.py
[2023-10-04T08:19:47.862+0000] {processor.py:766} INFO - DAG(s) dict_keys(['example_kubernetes_executor']) retrieved from /home/airflow/.local/lib/python3.7/site-packages/airflow/example_dags/example_kubernetes_executor.py
[2023-10-04T08:19:47.978+0000] {logging_mixin.py:120} INFO - [2023-10-04T08:19:47.977+0000] {dag.py:2585} INFO - Sync 1 DAGs
[2023-10-04T08:19:48.030+0000] {logging_mixin.py:120} INFO - [2023-10-04T08:19:48.029+0000] {dag.py:3340} INFO - Setting next_dagrun for example_kubernetes_executor to None, run_after=None
[2023-10-04T08:19:48.090+0000] {processor.py:176} INFO - Processing /home/airflow/.local/lib/python3.7/site-packages/airflow/example_dags/example_kubernetes_executor.py took 0.306 seconds
