[2023-10-04T07:42:32.034+0000] {processor.py:154} INFO - Started process (PID=78) to work on /home/airflow/.local/lib/python3.7/site-packages/airflow/example_dags/example_sla_dag.py
[2023-10-04T07:42:32.036+0000] {processor.py:756} INFO - Processing file /home/airflow/.local/lib/python3.7/site-packages/airflow/example_dags/example_sla_dag.py for tasks to queue
[2023-10-04T07:42:32.038+0000] {logging_mixin.py:120} INFO - [2023-10-04T07:42:32.038+0000] {dagbag.py:537} INFO - Filling up the DagBag from /home/airflow/.local/lib/python3.7/site-packages/airflow/example_dags/example_sla_dag.py
[2023-10-04T07:42:32.065+0000] {processor.py:766} INFO - DAG(s) dict_keys(['example_sla_dag']) retrieved from /home/airflow/.local/lib/python3.7/site-packages/airflow/example_dags/example_sla_dag.py
[2023-10-04T07:42:32.148+0000] {logging_mixin.py:120} INFO - [2023-10-04T07:42:32.147+0000] {dag.py:2585} INFO - Sync 1 DAGs
[2023-10-04T07:42:32.191+0000] {logging_mixin.py:120} INFO - [2023-10-04T07:42:32.190+0000] {dag.py:3340} INFO - Setting next_dagrun for example_sla_dag to 2023-10-04T07:40:00+00:00, run_after=2023-10-04T07:42:00+00:00
[2023-10-04T07:42:32.234+0000] {processor.py:176} INFO - Processing /home/airflow/.local/lib/python3.7/site-packages/airflow/example_dags/example_sla_dag.py took 0.203 seconds
[2023-10-04T07:43:02.816+0000] {processor.py:154} INFO - Started process (PID=136) to work on /home/airflow/.local/lib/python3.7/site-packages/airflow/example_dags/example_sla_dag.py
[2023-10-04T07:43:02.819+0000] {processor.py:756} INFO - Processing file /home/airflow/.local/lib/python3.7/site-packages/airflow/example_dags/example_sla_dag.py for tasks to queue
[2023-10-04T07:43:02.822+0000] {logging_mixin.py:120} INFO - [2023-10-04T07:43:02.822+0000] {dagbag.py:537} INFO - Filling up the DagBag from /home/airflow/.local/lib/python3.7/site-packages/airflow/example_dags/example_sla_dag.py
[2023-10-04T07:43:02.868+0000] {processor.py:766} INFO - DAG(s) dict_keys(['example_sla_dag']) retrieved from /home/airflow/.local/lib/python3.7/site-packages/airflow/example_dags/example_sla_dag.py
[2023-10-04T07:43:02.940+0000] {logging_mixin.py:120} INFO - [2023-10-04T07:43:02.940+0000] {dag.py:2585} INFO - Sync 1 DAGs
[2023-10-04T07:43:02.968+0000] {logging_mixin.py:120} INFO - [2023-10-04T07:43:02.968+0000] {dag.py:3340} INFO - Setting next_dagrun for example_sla_dag to 2023-10-04T07:40:00+00:00, run_after=2023-10-04T07:42:00+00:00
[2023-10-04T07:43:02.992+0000] {processor.py:176} INFO - Processing /home/airflow/.local/lib/python3.7/site-packages/airflow/example_dags/example_sla_dag.py took 0.183 seconds
[2023-10-04T07:43:33.099+0000] {processor.py:154} INFO - Started process (PID=204) to work on /home/airflow/.local/lib/python3.7/site-packages/airflow/example_dags/example_sla_dag.py
[2023-10-04T07:43:33.101+0000] {processor.py:756} INFO - Processing file /home/airflow/.local/lib/python3.7/site-packages/airflow/example_dags/example_sla_dag.py for tasks to queue
[2023-10-04T07:43:33.103+0000] {logging_mixin.py:120} INFO - [2023-10-04T07:43:33.103+0000] {dagbag.py:537} INFO - Filling up the DagBag from /home/airflow/.local/lib/python3.7/site-packages/airflow/example_dags/example_sla_dag.py
[2023-10-04T07:43:33.123+0000] {processor.py:766} INFO - DAG(s) dict_keys(['example_sla_dag']) retrieved from /home/airflow/.local/lib/python3.7/site-packages/airflow/example_dags/example_sla_dag.py
[2023-10-04T07:43:33.168+0000] {logging_mixin.py:120} INFO - [2023-10-04T07:43:33.168+0000] {dag.py:2585} INFO - Sync 1 DAGs
[2023-10-04T07:43:33.199+0000] {logging_mixin.py:120} INFO - [2023-10-04T07:43:33.198+0000] {dag.py:3340} INFO - Setting next_dagrun for example_sla_dag to 2023-10-04T07:40:00+00:00, run_after=2023-10-04T07:42:00+00:00
[2023-10-04T07:43:33.229+0000] {processor.py:176} INFO - Processing /home/airflow/.local/lib/python3.7/site-packages/airflow/example_dags/example_sla_dag.py took 0.135 seconds
[2023-10-04T07:44:03.786+0000] {processor.py:154} INFO - Started process (PID=262) to work on /home/airflow/.local/lib/python3.7/site-packages/airflow/example_dags/example_sla_dag.py
[2023-10-04T07:44:03.787+0000] {processor.py:756} INFO - Processing file /home/airflow/.local/lib/python3.7/site-packages/airflow/example_dags/example_sla_dag.py for tasks to queue
[2023-10-04T07:44:03.789+0000] {logging_mixin.py:120} INFO - [2023-10-04T07:44:03.788+0000] {dagbag.py:537} INFO - Filling up the DagBag from /home/airflow/.local/lib/python3.7/site-packages/airflow/example_dags/example_sla_dag.py
[2023-10-04T07:44:03.805+0000] {processor.py:766} INFO - DAG(s) dict_keys(['example_sla_dag']) retrieved from /home/airflow/.local/lib/python3.7/site-packages/airflow/example_dags/example_sla_dag.py
[2023-10-04T07:44:03.839+0000] {logging_mixin.py:120} INFO - [2023-10-04T07:44:03.839+0000] {dag.py:2585} INFO - Sync 1 DAGs
[2023-10-04T07:44:03.863+0000] {logging_mixin.py:120} INFO - [2023-10-04T07:44:03.863+0000] {dag.py:3340} INFO - Setting next_dagrun for example_sla_dag to 2023-10-04T07:42:00+00:00, run_after=2023-10-04T07:44:00+00:00
[2023-10-04T07:44:03.884+0000] {processor.py:176} INFO - Processing /home/airflow/.local/lib/python3.7/site-packages/airflow/example_dags/example_sla_dag.py took 0.101 seconds
[2023-10-04T07:44:34.243+0000] {processor.py:154} INFO - Started process (PID=329) to work on /home/airflow/.local/lib/python3.7/site-packages/airflow/example_dags/example_sla_dag.py
[2023-10-04T07:44:34.245+0000] {processor.py:756} INFO - Processing file /home/airflow/.local/lib/python3.7/site-packages/airflow/example_dags/example_sla_dag.py for tasks to queue
[2023-10-04T07:44:34.246+0000] {logging_mixin.py:120} INFO - [2023-10-04T07:44:34.246+0000] {dagbag.py:537} INFO - Filling up the DagBag from /home/airflow/.local/lib/python3.7/site-packages/airflow/example_dags/example_sla_dag.py
[2023-10-04T07:44:34.266+0000] {processor.py:766} INFO - DAG(s) dict_keys(['example_sla_dag']) retrieved from /home/airflow/.local/lib/python3.7/site-packages/airflow/example_dags/example_sla_dag.py
[2023-10-04T07:44:34.301+0000] {logging_mixin.py:120} INFO - [2023-10-04T07:44:34.301+0000] {dag.py:2585} INFO - Sync 1 DAGs
[2023-10-04T07:44:34.327+0000] {logging_mixin.py:120} INFO - [2023-10-04T07:44:34.327+0000] {dag.py:3340} INFO - Setting next_dagrun for example_sla_dag to 2023-10-04T07:42:00+00:00, run_after=2023-10-04T07:44:00+00:00
[2023-10-04T07:44:34.350+0000] {processor.py:176} INFO - Processing /home/airflow/.local/lib/python3.7/site-packages/airflow/example_dags/example_sla_dag.py took 0.111 seconds
[2023-10-04T07:45:04.768+0000] {processor.py:154} INFO - Started process (PID=396) to work on /home/airflow/.local/lib/python3.7/site-packages/airflow/example_dags/example_sla_dag.py
[2023-10-04T07:45:04.770+0000] {processor.py:756} INFO - Processing file /home/airflow/.local/lib/python3.7/site-packages/airflow/example_dags/example_sla_dag.py for tasks to queue
[2023-10-04T07:45:04.771+0000] {logging_mixin.py:120} INFO - [2023-10-04T07:45:04.771+0000] {dagbag.py:537} INFO - Filling up the DagBag from /home/airflow/.local/lib/python3.7/site-packages/airflow/example_dags/example_sla_dag.py
[2023-10-04T07:45:04.790+0000] {processor.py:766} INFO - DAG(s) dict_keys(['example_sla_dag']) retrieved from /home/airflow/.local/lib/python3.7/site-packages/airflow/example_dags/example_sla_dag.py
[2023-10-04T07:45:04.832+0000] {logging_mixin.py:120} INFO - [2023-10-04T07:45:04.832+0000] {dag.py:2585} INFO - Sync 1 DAGs
[2023-10-04T07:45:04.868+0000] {logging_mixin.py:120} INFO - [2023-10-04T07:45:04.868+0000] {dag.py:3340} INFO - Setting next_dagrun for example_sla_dag to 2023-10-04T07:42:00+00:00, run_after=2023-10-04T07:44:00+00:00
[2023-10-04T07:45:04.902+0000] {processor.py:176} INFO - Processing /home/airflow/.local/lib/python3.7/site-packages/airflow/example_dags/example_sla_dag.py took 0.138 seconds
[2023-10-04T07:45:35.531+0000] {processor.py:154} INFO - Started process (PID=463) to work on /home/airflow/.local/lib/python3.7/site-packages/airflow/example_dags/example_sla_dag.py
[2023-10-04T07:45:35.533+0000] {processor.py:756} INFO - Processing file /home/airflow/.local/lib/python3.7/site-packages/airflow/example_dags/example_sla_dag.py for tasks to queue
[2023-10-04T07:45:35.535+0000] {logging_mixin.py:120} INFO - [2023-10-04T07:45:35.534+0000] {dagbag.py:537} INFO - Filling up the DagBag from /home/airflow/.local/lib/python3.7/site-packages/airflow/example_dags/example_sla_dag.py
[2023-10-04T07:45:35.554+0000] {processor.py:766} INFO - DAG(s) dict_keys(['example_sla_dag']) retrieved from /home/airflow/.local/lib/python3.7/site-packages/airflow/example_dags/example_sla_dag.py
[2023-10-04T07:45:35.591+0000] {logging_mixin.py:120} INFO - [2023-10-04T07:45:35.590+0000] {dag.py:2585} INFO - Sync 1 DAGs
[2023-10-04T07:45:35.616+0000] {logging_mixin.py:120} INFO - [2023-10-04T07:45:35.616+0000] {dag.py:3340} INFO - Setting next_dagrun for example_sla_dag to 2023-10-04T07:42:00+00:00, run_after=2023-10-04T07:44:00+00:00
[2023-10-04T07:45:35.637+0000] {processor.py:176} INFO - Processing /home/airflow/.local/lib/python3.7/site-packages/airflow/example_dags/example_sla_dag.py took 0.109 seconds
[2023-10-04T07:46:05.814+0000] {processor.py:154} INFO - Started process (PID=521) to work on /home/airflow/.local/lib/python3.7/site-packages/airflow/example_dags/example_sla_dag.py
[2023-10-04T07:46:05.815+0000] {processor.py:756} INFO - Processing file /home/airflow/.local/lib/python3.7/site-packages/airflow/example_dags/example_sla_dag.py for tasks to queue
[2023-10-04T07:46:05.817+0000] {logging_mixin.py:120} INFO - [2023-10-04T07:46:05.817+0000] {dagbag.py:537} INFO - Filling up the DagBag from /home/airflow/.local/lib/python3.7/site-packages/airflow/example_dags/example_sla_dag.py
[2023-10-04T07:46:05.836+0000] {processor.py:766} INFO - DAG(s) dict_keys(['example_sla_dag']) retrieved from /home/airflow/.local/lib/python3.7/site-packages/airflow/example_dags/example_sla_dag.py
[2023-10-04T07:46:05.874+0000] {logging_mixin.py:120} INFO - [2023-10-04T07:46:05.874+0000] {dag.py:2585} INFO - Sync 1 DAGs
[2023-10-04T07:46:05.898+0000] {logging_mixin.py:120} INFO - [2023-10-04T07:46:05.898+0000] {dag.py:3340} INFO - Setting next_dagrun for example_sla_dag to 2023-10-04T07:44:00+00:00, run_after=2023-10-04T07:46:00+00:00
[2023-10-04T07:46:05.918+0000] {processor.py:176} INFO - Processing /home/airflow/.local/lib/python3.7/site-packages/airflow/example_dags/example_sla_dag.py took 0.108 seconds
[2023-10-04T07:46:36.123+0000] {processor.py:154} INFO - Started process (PID=587) to work on /home/airflow/.local/lib/python3.7/site-packages/airflow/example_dags/example_sla_dag.py
[2023-10-04T07:46:36.124+0000] {processor.py:756} INFO - Processing file /home/airflow/.local/lib/python3.7/site-packages/airflow/example_dags/example_sla_dag.py for tasks to queue
[2023-10-04T07:46:36.126+0000] {logging_mixin.py:120} INFO - [2023-10-04T07:46:36.125+0000] {dagbag.py:537} INFO - Filling up the DagBag from /home/airflow/.local/lib/python3.7/site-packages/airflow/example_dags/example_sla_dag.py
[2023-10-04T07:46:36.142+0000] {processor.py:766} INFO - DAG(s) dict_keys(['example_sla_dag']) retrieved from /home/airflow/.local/lib/python3.7/site-packages/airflow/example_dags/example_sla_dag.py
[2023-10-04T07:46:36.174+0000] {logging_mixin.py:120} INFO - [2023-10-04T07:46:36.174+0000] {dag.py:2585} INFO - Sync 1 DAGs
[2023-10-04T07:46:36.196+0000] {logging_mixin.py:120} INFO - [2023-10-04T07:46:36.196+0000] {dag.py:3340} INFO - Setting next_dagrun for example_sla_dag to 2023-10-04T07:44:00+00:00, run_after=2023-10-04T07:46:00+00:00
[2023-10-04T07:46:36.215+0000] {processor.py:176} INFO - Processing /home/airflow/.local/lib/python3.7/site-packages/airflow/example_dags/example_sla_dag.py took 0.095 seconds
[2023-10-04T07:47:06.723+0000] {processor.py:154} INFO - Started process (PID=654) to work on /home/airflow/.local/lib/python3.7/site-packages/airflow/example_dags/example_sla_dag.py
[2023-10-04T07:47:06.725+0000] {processor.py:756} INFO - Processing file /home/airflow/.local/lib/python3.7/site-packages/airflow/example_dags/example_sla_dag.py for tasks to queue
[2023-10-04T07:47:06.726+0000] {logging_mixin.py:120} INFO - [2023-10-04T07:47:06.726+0000] {dagbag.py:537} INFO - Filling up the DagBag from /home/airflow/.local/lib/python3.7/site-packages/airflow/example_dags/example_sla_dag.py
[2023-10-04T07:47:06.745+0000] {processor.py:766} INFO - DAG(s) dict_keys(['example_sla_dag']) retrieved from /home/airflow/.local/lib/python3.7/site-packages/airflow/example_dags/example_sla_dag.py
[2023-10-04T07:47:06.781+0000] {logging_mixin.py:120} INFO - [2023-10-04T07:47:06.781+0000] {dag.py:2585} INFO - Sync 1 DAGs
[2023-10-04T07:47:06.807+0000] {logging_mixin.py:120} INFO - [2023-10-04T07:47:06.807+0000] {dag.py:3340} INFO - Setting next_dagrun for example_sla_dag to 2023-10-04T07:44:00+00:00, run_after=2023-10-04T07:46:00+00:00
[2023-10-04T07:47:06.829+0000] {processor.py:176} INFO - Processing /home/airflow/.local/lib/python3.7/site-packages/airflow/example_dags/example_sla_dag.py took 0.108 seconds
[2023-10-04T07:47:37.067+0000] {processor.py:154} INFO - Started process (PID=721) to work on /home/airflow/.local/lib/python3.7/site-packages/airflow/example_dags/example_sla_dag.py
[2023-10-04T07:47:37.069+0000] {processor.py:756} INFO - Processing file /home/airflow/.local/lib/python3.7/site-packages/airflow/example_dags/example_sla_dag.py for tasks to queue
[2023-10-04T07:47:37.070+0000] {logging_mixin.py:120} INFO - [2023-10-04T07:47:37.070+0000] {dagbag.py:537} INFO - Filling up the DagBag from /home/airflow/.local/lib/python3.7/site-packages/airflow/example_dags/example_sla_dag.py
[2023-10-04T07:47:37.090+0000] {processor.py:766} INFO - DAG(s) dict_keys(['example_sla_dag']) retrieved from /home/airflow/.local/lib/python3.7/site-packages/airflow/example_dags/example_sla_dag.py
[2023-10-04T07:47:37.125+0000] {logging_mixin.py:120} INFO - [2023-10-04T07:47:37.125+0000] {dag.py:2585} INFO - Sync 1 DAGs
[2023-10-04T07:47:37.147+0000] {logging_mixin.py:120} INFO - [2023-10-04T07:47:37.147+0000] {dag.py:3340} INFO - Setting next_dagrun for example_sla_dag to 2023-10-04T07:44:00+00:00, run_after=2023-10-04T07:46:00+00:00
[2023-10-04T07:47:37.169+0000] {processor.py:176} INFO - Processing /home/airflow/.local/lib/python3.7/site-packages/airflow/example_dags/example_sla_dag.py took 0.105 seconds
[2023-10-04T07:48:07.687+0000] {processor.py:154} INFO - Started process (PID=780) to work on /home/airflow/.local/lib/python3.7/site-packages/airflow/example_dags/example_sla_dag.py
[2023-10-04T07:48:07.689+0000] {processor.py:756} INFO - Processing file /home/airflow/.local/lib/python3.7/site-packages/airflow/example_dags/example_sla_dag.py for tasks to queue
[2023-10-04T07:48:07.690+0000] {logging_mixin.py:120} INFO - [2023-10-04T07:48:07.690+0000] {dagbag.py:537} INFO - Filling up the DagBag from /home/airflow/.local/lib/python3.7/site-packages/airflow/example_dags/example_sla_dag.py
[2023-10-04T07:48:07.708+0000] {processor.py:766} INFO - DAG(s) dict_keys(['example_sla_dag']) retrieved from /home/airflow/.local/lib/python3.7/site-packages/airflow/example_dags/example_sla_dag.py
[2023-10-04T07:48:07.743+0000] {logging_mixin.py:120} INFO - [2023-10-04T07:48:07.742+0000] {dag.py:2585} INFO - Sync 1 DAGs
[2023-10-04T07:48:07.765+0000] {logging_mixin.py:120} INFO - [2023-10-04T07:48:07.765+0000] {dag.py:3340} INFO - Setting next_dagrun for example_sla_dag to 2023-10-04T07:46:00+00:00, run_after=2023-10-04T07:48:00+00:00
[2023-10-04T07:48:07.781+0000] {processor.py:176} INFO - Processing /home/airflow/.local/lib/python3.7/site-packages/airflow/example_dags/example_sla_dag.py took 0.097 seconds
[2023-10-04T07:48:38.708+0000] {processor.py:154} INFO - Started process (PID=847) to work on /home/airflow/.local/lib/python3.7/site-packages/airflow/example_dags/example_sla_dag.py
[2023-10-04T07:48:38.710+0000] {processor.py:756} INFO - Processing file /home/airflow/.local/lib/python3.7/site-packages/airflow/example_dags/example_sla_dag.py for tasks to queue
[2023-10-04T07:48:38.712+0000] {logging_mixin.py:120} INFO - [2023-10-04T07:48:38.712+0000] {dagbag.py:537} INFO - Filling up the DagBag from /home/airflow/.local/lib/python3.7/site-packages/airflow/example_dags/example_sla_dag.py
[2023-10-04T07:48:38.743+0000] {processor.py:766} INFO - DAG(s) dict_keys(['example_sla_dag']) retrieved from /home/airflow/.local/lib/python3.7/site-packages/airflow/example_dags/example_sla_dag.py
[2023-10-04T07:48:38.814+0000] {logging_mixin.py:120} INFO - [2023-10-04T07:48:38.814+0000] {dag.py:2585} INFO - Sync 1 DAGs
[2023-10-04T07:48:38.851+0000] {logging_mixin.py:120} INFO - [2023-10-04T07:48:38.851+0000] {dag.py:3340} INFO - Setting next_dagrun for example_sla_dag to 2023-10-04T07:46:00+00:00, run_after=2023-10-04T07:48:00+00:00
[2023-10-04T07:48:38.886+0000] {processor.py:176} INFO - Processing /home/airflow/.local/lib/python3.7/site-packages/airflow/example_dags/example_sla_dag.py took 0.182 seconds
[2023-10-04T07:49:09.457+0000] {processor.py:154} INFO - Started process (PID=914) to work on /home/airflow/.local/lib/python3.7/site-packages/airflow/example_dags/example_sla_dag.py
[2023-10-04T07:49:09.459+0000] {processor.py:756} INFO - Processing file /home/airflow/.local/lib/python3.7/site-packages/airflow/example_dags/example_sla_dag.py for tasks to queue
[2023-10-04T07:49:09.460+0000] {logging_mixin.py:120} INFO - [2023-10-04T07:49:09.460+0000] {dagbag.py:537} INFO - Filling up the DagBag from /home/airflow/.local/lib/python3.7/site-packages/airflow/example_dags/example_sla_dag.py
[2023-10-04T07:49:09.489+0000] {processor.py:766} INFO - DAG(s) dict_keys(['example_sla_dag']) retrieved from /home/airflow/.local/lib/python3.7/site-packages/airflow/example_dags/example_sla_dag.py
[2023-10-04T07:49:09.541+0000] {logging_mixin.py:120} INFO - [2023-10-04T07:49:09.541+0000] {dag.py:2585} INFO - Sync 1 DAGs
[2023-10-04T07:49:09.571+0000] {logging_mixin.py:120} INFO - [2023-10-04T07:49:09.571+0000] {dag.py:3340} INFO - Setting next_dagrun for example_sla_dag to 2023-10-04T07:46:00+00:00, run_after=2023-10-04T07:48:00+00:00
[2023-10-04T07:49:09.594+0000] {processor.py:176} INFO - Processing /home/airflow/.local/lib/python3.7/site-packages/airflow/example_dags/example_sla_dag.py took 0.140 seconds
[2023-10-04T07:49:40.150+0000] {processor.py:154} INFO - Started process (PID=981) to work on /home/airflow/.local/lib/python3.7/site-packages/airflow/example_dags/example_sla_dag.py
[2023-10-04T07:49:40.152+0000] {processor.py:756} INFO - Processing file /home/airflow/.local/lib/python3.7/site-packages/airflow/example_dags/example_sla_dag.py for tasks to queue
[2023-10-04T07:49:40.154+0000] {logging_mixin.py:120} INFO - [2023-10-04T07:49:40.153+0000] {dagbag.py:537} INFO - Filling up the DagBag from /home/airflow/.local/lib/python3.7/site-packages/airflow/example_dags/example_sla_dag.py
[2023-10-04T07:49:40.177+0000] {processor.py:766} INFO - DAG(s) dict_keys(['example_sla_dag']) retrieved from /home/airflow/.local/lib/python3.7/site-packages/airflow/example_dags/example_sla_dag.py
[2023-10-04T07:49:40.216+0000] {logging_mixin.py:120} INFO - [2023-10-04T07:49:40.216+0000] {dag.py:2585} INFO - Sync 1 DAGs
[2023-10-04T07:49:40.244+0000] {logging_mixin.py:120} INFO - [2023-10-04T07:49:40.244+0000] {dag.py:3340} INFO - Setting next_dagrun for example_sla_dag to 2023-10-04T07:46:00+00:00, run_after=2023-10-04T07:48:00+00:00
[2023-10-04T07:49:40.266+0000] {processor.py:176} INFO - Processing /home/airflow/.local/lib/python3.7/site-packages/airflow/example_dags/example_sla_dag.py took 0.121 seconds
[2023-10-04T07:50:10.444+0000] {processor.py:154} INFO - Started process (PID=1038) to work on /home/airflow/.local/lib/python3.7/site-packages/airflow/example_dags/example_sla_dag.py
[2023-10-04T07:50:10.446+0000] {processor.py:756} INFO - Processing file /home/airflow/.local/lib/python3.7/site-packages/airflow/example_dags/example_sla_dag.py for tasks to queue
[2023-10-04T07:50:10.447+0000] {logging_mixin.py:120} INFO - [2023-10-04T07:50:10.447+0000] {dagbag.py:537} INFO - Filling up the DagBag from /home/airflow/.local/lib/python3.7/site-packages/airflow/example_dags/example_sla_dag.py
[2023-10-04T07:50:10.471+0000] {processor.py:766} INFO - DAG(s) dict_keys(['example_sla_dag']) retrieved from /home/airflow/.local/lib/python3.7/site-packages/airflow/example_dags/example_sla_dag.py
[2023-10-04T07:50:10.509+0000] {logging_mixin.py:120} INFO - [2023-10-04T07:50:10.508+0000] {dag.py:2585} INFO - Sync 1 DAGs
[2023-10-04T07:50:10.535+0000] {logging_mixin.py:120} INFO - [2023-10-04T07:50:10.535+0000] {dag.py:3340} INFO - Setting next_dagrun for example_sla_dag to 2023-10-04T07:48:00+00:00, run_after=2023-10-04T07:50:00+00:00
[2023-10-04T07:50:10.557+0000] {processor.py:176} INFO - Processing /home/airflow/.local/lib/python3.7/site-packages/airflow/example_dags/example_sla_dag.py took 0.118 seconds
[2023-10-04T07:50:41.078+0000] {processor.py:154} INFO - Started process (PID=1105) to work on /home/airflow/.local/lib/python3.7/site-packages/airflow/example_dags/example_sla_dag.py
[2023-10-04T07:50:41.081+0000] {processor.py:756} INFO - Processing file /home/airflow/.local/lib/python3.7/site-packages/airflow/example_dags/example_sla_dag.py for tasks to queue
[2023-10-04T07:50:41.085+0000] {logging_mixin.py:120} INFO - [2023-10-04T07:50:41.085+0000] {dagbag.py:537} INFO - Filling up the DagBag from /home/airflow/.local/lib/python3.7/site-packages/airflow/example_dags/example_sla_dag.py
[2023-10-04T07:50:41.115+0000] {processor.py:766} INFO - DAG(s) dict_keys(['example_sla_dag']) retrieved from /home/airflow/.local/lib/python3.7/site-packages/airflow/example_dags/example_sla_dag.py
[2023-10-04T07:50:41.151+0000] {logging_mixin.py:120} INFO - [2023-10-04T07:50:41.151+0000] {dag.py:2585} INFO - Sync 1 DAGs
[2023-10-04T07:50:41.175+0000] {logging_mixin.py:120} INFO - [2023-10-04T07:50:41.175+0000] {dag.py:3340} INFO - Setting next_dagrun for example_sla_dag to 2023-10-04T07:48:00+00:00, run_after=2023-10-04T07:50:00+00:00
[2023-10-04T07:50:41.197+0000] {processor.py:176} INFO - Processing /home/airflow/.local/lib/python3.7/site-packages/airflow/example_dags/example_sla_dag.py took 0.126 seconds
[2023-10-04T07:51:11.627+0000] {processor.py:154} INFO - Started process (PID=1173) to work on /home/airflow/.local/lib/python3.7/site-packages/airflow/example_dags/example_sla_dag.py
[2023-10-04T07:51:11.629+0000] {processor.py:756} INFO - Processing file /home/airflow/.local/lib/python3.7/site-packages/airflow/example_dags/example_sla_dag.py for tasks to queue
[2023-10-04T07:51:11.630+0000] {logging_mixin.py:120} INFO - [2023-10-04T07:51:11.630+0000] {dagbag.py:537} INFO - Filling up the DagBag from /home/airflow/.local/lib/python3.7/site-packages/airflow/example_dags/example_sla_dag.py
[2023-10-04T07:51:11.648+0000] {processor.py:766} INFO - DAG(s) dict_keys(['example_sla_dag']) retrieved from /home/airflow/.local/lib/python3.7/site-packages/airflow/example_dags/example_sla_dag.py
[2023-10-04T07:51:11.686+0000] {logging_mixin.py:120} INFO - [2023-10-04T07:51:11.686+0000] {dag.py:2585} INFO - Sync 1 DAGs
[2023-10-04T07:51:11.712+0000] {logging_mixin.py:120} INFO - [2023-10-04T07:51:11.712+0000] {dag.py:3340} INFO - Setting next_dagrun for example_sla_dag to 2023-10-04T07:48:00+00:00, run_after=2023-10-04T07:50:00+00:00
[2023-10-04T07:51:11.733+0000] {processor.py:176} INFO - Processing /home/airflow/.local/lib/python3.7/site-packages/airflow/example_dags/example_sla_dag.py took 0.115 seconds
[2023-10-04T07:51:41.871+0000] {processor.py:154} INFO - Started process (PID=1240) to work on /home/airflow/.local/lib/python3.7/site-packages/airflow/example_dags/example_sla_dag.py
[2023-10-04T07:51:41.873+0000] {processor.py:756} INFO - Processing file /home/airflow/.local/lib/python3.7/site-packages/airflow/example_dags/example_sla_dag.py for tasks to queue
[2023-10-04T07:51:41.874+0000] {logging_mixin.py:120} INFO - [2023-10-04T07:51:41.874+0000] {dagbag.py:537} INFO - Filling up the DagBag from /home/airflow/.local/lib/python3.7/site-packages/airflow/example_dags/example_sla_dag.py
[2023-10-04T07:51:41.899+0000] {processor.py:766} INFO - DAG(s) dict_keys(['example_sla_dag']) retrieved from /home/airflow/.local/lib/python3.7/site-packages/airflow/example_dags/example_sla_dag.py
[2023-10-04T07:51:41.952+0000] {logging_mixin.py:120} INFO - [2023-10-04T07:51:41.952+0000] {dag.py:2585} INFO - Sync 1 DAGs
[2023-10-04T07:51:41.988+0000] {logging_mixin.py:120} INFO - [2023-10-04T07:51:41.988+0000] {dag.py:3340} INFO - Setting next_dagrun for example_sla_dag to 2023-10-04T07:48:00+00:00, run_after=2023-10-04T07:50:00+00:00
[2023-10-04T07:51:42.017+0000] {processor.py:176} INFO - Processing /home/airflow/.local/lib/python3.7/site-packages/airflow/example_dags/example_sla_dag.py took 0.149 seconds
[2023-10-04T07:52:12.673+0000] {processor.py:154} INFO - Started process (PID=1299) to work on /home/airflow/.local/lib/python3.7/site-packages/airflow/example_dags/example_sla_dag.py
[2023-10-04T07:52:12.675+0000] {processor.py:756} INFO - Processing file /home/airflow/.local/lib/python3.7/site-packages/airflow/example_dags/example_sla_dag.py for tasks to queue
[2023-10-04T07:52:12.677+0000] {logging_mixin.py:120} INFO - [2023-10-04T07:52:12.677+0000] {dagbag.py:537} INFO - Filling up the DagBag from /home/airflow/.local/lib/python3.7/site-packages/airflow/example_dags/example_sla_dag.py
[2023-10-04T07:52:12.702+0000] {processor.py:766} INFO - DAG(s) dict_keys(['example_sla_dag']) retrieved from /home/airflow/.local/lib/python3.7/site-packages/airflow/example_dags/example_sla_dag.py
[2023-10-04T07:52:12.741+0000] {logging_mixin.py:120} INFO - [2023-10-04T07:52:12.741+0000] {dag.py:2585} INFO - Sync 1 DAGs
[2023-10-04T07:52:12.767+0000] {logging_mixin.py:120} INFO - [2023-10-04T07:52:12.767+0000] {dag.py:3340} INFO - Setting next_dagrun for example_sla_dag to 2023-10-04T07:50:00+00:00, run_after=2023-10-04T07:52:00+00:00
[2023-10-04T07:52:12.789+0000] {processor.py:176} INFO - Processing /home/airflow/.local/lib/python3.7/site-packages/airflow/example_dags/example_sla_dag.py took 0.121 seconds
[2023-10-04T07:52:43.179+0000] {processor.py:154} INFO - Started process (PID=1366) to work on /home/airflow/.local/lib/python3.7/site-packages/airflow/example_dags/example_sla_dag.py
[2023-10-04T07:52:43.180+0000] {processor.py:756} INFO - Processing file /home/airflow/.local/lib/python3.7/site-packages/airflow/example_dags/example_sla_dag.py for tasks to queue
[2023-10-04T07:52:43.182+0000] {logging_mixin.py:120} INFO - [2023-10-04T07:52:43.181+0000] {dagbag.py:537} INFO - Filling up the DagBag from /home/airflow/.local/lib/python3.7/site-packages/airflow/example_dags/example_sla_dag.py
[2023-10-04T07:52:43.201+0000] {processor.py:766} INFO - DAG(s) dict_keys(['example_sla_dag']) retrieved from /home/airflow/.local/lib/python3.7/site-packages/airflow/example_dags/example_sla_dag.py
[2023-10-04T07:52:43.292+0000] {logging_mixin.py:120} INFO - [2023-10-04T07:52:43.292+0000] {dag.py:2585} INFO - Sync 1 DAGs
[2023-10-04T07:52:43.320+0000] {logging_mixin.py:120} INFO - [2023-10-04T07:52:43.320+0000] {dag.py:3340} INFO - Setting next_dagrun for example_sla_dag to 2023-10-04T07:50:00+00:00, run_after=2023-10-04T07:52:00+00:00
[2023-10-04T07:52:43.344+0000] {processor.py:176} INFO - Processing /home/airflow/.local/lib/python3.7/site-packages/airflow/example_dags/example_sla_dag.py took 0.168 seconds
[2023-10-04T07:53:13.932+0000] {processor.py:154} INFO - Started process (PID=1433) to work on /home/airflow/.local/lib/python3.7/site-packages/airflow/example_dags/example_sla_dag.py
[2023-10-04T07:53:13.935+0000] {processor.py:756} INFO - Processing file /home/airflow/.local/lib/python3.7/site-packages/airflow/example_dags/example_sla_dag.py for tasks to queue
[2023-10-04T07:53:13.938+0000] {logging_mixin.py:120} INFO - [2023-10-04T07:53:13.937+0000] {dagbag.py:537} INFO - Filling up the DagBag from /home/airflow/.local/lib/python3.7/site-packages/airflow/example_dags/example_sla_dag.py
[2023-10-04T07:53:13.970+0000] {processor.py:766} INFO - DAG(s) dict_keys(['example_sla_dag']) retrieved from /home/airflow/.local/lib/python3.7/site-packages/airflow/example_dags/example_sla_dag.py
[2023-10-04T07:53:14.014+0000] {logging_mixin.py:120} INFO - [2023-10-04T07:53:14.014+0000] {dag.py:2585} INFO - Sync 1 DAGs
[2023-10-04T07:53:14.041+0000] {logging_mixin.py:120} INFO - [2023-10-04T07:53:14.041+0000] {dag.py:3340} INFO - Setting next_dagrun for example_sla_dag to 2023-10-04T07:50:00+00:00, run_after=2023-10-04T07:52:00+00:00
[2023-10-04T07:53:14.064+0000] {processor.py:176} INFO - Processing /home/airflow/.local/lib/python3.7/site-packages/airflow/example_dags/example_sla_dag.py took 0.140 seconds
[2023-10-04T07:53:44.331+0000] {processor.py:154} INFO - Started process (PID=1491) to work on /home/airflow/.local/lib/python3.7/site-packages/airflow/example_dags/example_sla_dag.py
[2023-10-04T07:53:44.334+0000] {processor.py:756} INFO - Processing file /home/airflow/.local/lib/python3.7/site-packages/airflow/example_dags/example_sla_dag.py for tasks to queue
[2023-10-04T07:53:44.338+0000] {logging_mixin.py:120} INFO - [2023-10-04T07:53:44.337+0000] {dagbag.py:537} INFO - Filling up the DagBag from /home/airflow/.local/lib/python3.7/site-packages/airflow/example_dags/example_sla_dag.py
[2023-10-04T07:53:44.371+0000] {processor.py:766} INFO - DAG(s) dict_keys(['example_sla_dag']) retrieved from /home/airflow/.local/lib/python3.7/site-packages/airflow/example_dags/example_sla_dag.py
[2023-10-04T07:53:44.446+0000] {logging_mixin.py:120} INFO - [2023-10-04T07:53:44.446+0000] {dag.py:2585} INFO - Sync 1 DAGs
[2023-10-04T07:53:44.477+0000] {logging_mixin.py:120} INFO - [2023-10-04T07:53:44.477+0000] {dag.py:3340} INFO - Setting next_dagrun for example_sla_dag to 2023-10-04T07:50:00+00:00, run_after=2023-10-04T07:52:00+00:00
[2023-10-04T07:53:44.501+0000] {processor.py:176} INFO - Processing /home/airflow/.local/lib/python3.7/site-packages/airflow/example_dags/example_sla_dag.py took 0.183 seconds
[2023-10-04T07:54:15.076+0000] {processor.py:154} INFO - Started process (PID=1558) to work on /home/airflow/.local/lib/python3.7/site-packages/airflow/example_dags/example_sla_dag.py
[2023-10-04T07:54:15.079+0000] {processor.py:756} INFO - Processing file /home/airflow/.local/lib/python3.7/site-packages/airflow/example_dags/example_sla_dag.py for tasks to queue
[2023-10-04T07:54:15.081+0000] {logging_mixin.py:120} INFO - [2023-10-04T07:54:15.081+0000] {dagbag.py:537} INFO - Filling up the DagBag from /home/airflow/.local/lib/python3.7/site-packages/airflow/example_dags/example_sla_dag.py
[2023-10-04T07:54:15.101+0000] {processor.py:766} INFO - DAG(s) dict_keys(['example_sla_dag']) retrieved from /home/airflow/.local/lib/python3.7/site-packages/airflow/example_dags/example_sla_dag.py
[2023-10-04T07:54:15.138+0000] {logging_mixin.py:120} INFO - [2023-10-04T07:54:15.138+0000] {dag.py:2585} INFO - Sync 1 DAGs
[2023-10-04T07:54:15.168+0000] {logging_mixin.py:120} INFO - [2023-10-04T07:54:15.168+0000] {dag.py:3340} INFO - Setting next_dagrun for example_sla_dag to 2023-10-04T07:52:00+00:00, run_after=2023-10-04T07:54:00+00:00
[2023-10-04T07:54:15.193+0000] {processor.py:176} INFO - Processing /home/airflow/.local/lib/python3.7/site-packages/airflow/example_dags/example_sla_dag.py took 0.121 seconds
[2023-10-04T07:54:45.916+0000] {processor.py:154} INFO - Started process (PID=1625) to work on /home/airflow/.local/lib/python3.7/site-packages/airflow/example_dags/example_sla_dag.py
[2023-10-04T07:54:45.918+0000] {processor.py:756} INFO - Processing file /home/airflow/.local/lib/python3.7/site-packages/airflow/example_dags/example_sla_dag.py for tasks to queue
[2023-10-04T07:54:45.919+0000] {logging_mixin.py:120} INFO - [2023-10-04T07:54:45.919+0000] {dagbag.py:537} INFO - Filling up the DagBag from /home/airflow/.local/lib/python3.7/site-packages/airflow/example_dags/example_sla_dag.py
[2023-10-04T07:54:45.946+0000] {processor.py:766} INFO - DAG(s) dict_keys(['example_sla_dag']) retrieved from /home/airflow/.local/lib/python3.7/site-packages/airflow/example_dags/example_sla_dag.py
[2023-10-04T07:54:45.993+0000] {logging_mixin.py:120} INFO - [2023-10-04T07:54:45.993+0000] {dag.py:2585} INFO - Sync 1 DAGs
[2023-10-04T07:54:46.038+0000] {logging_mixin.py:120} INFO - [2023-10-04T07:54:46.037+0000] {dag.py:3340} INFO - Setting next_dagrun for example_sla_dag to 2023-10-04T07:52:00+00:00, run_after=2023-10-04T07:54:00+00:00
[2023-10-04T07:54:46.059+0000] {processor.py:176} INFO - Processing /home/airflow/.local/lib/python3.7/site-packages/airflow/example_dags/example_sla_dag.py took 0.147 seconds
[2023-10-04T07:55:16.139+0000] {processor.py:154} INFO - Started process (PID=1692) to work on /home/airflow/.local/lib/python3.7/site-packages/airflow/example_dags/example_sla_dag.py
[2023-10-04T07:55:16.142+0000] {processor.py:756} INFO - Processing file /home/airflow/.local/lib/python3.7/site-packages/airflow/example_dags/example_sla_dag.py for tasks to queue
[2023-10-04T07:55:16.145+0000] {logging_mixin.py:120} INFO - [2023-10-04T07:55:16.145+0000] {dagbag.py:537} INFO - Filling up the DagBag from /home/airflow/.local/lib/python3.7/site-packages/airflow/example_dags/example_sla_dag.py
[2023-10-04T07:55:16.163+0000] {processor.py:766} INFO - DAG(s) dict_keys(['example_sla_dag']) retrieved from /home/airflow/.local/lib/python3.7/site-packages/airflow/example_dags/example_sla_dag.py
[2023-10-04T07:55:16.199+0000] {logging_mixin.py:120} INFO - [2023-10-04T07:55:16.199+0000] {dag.py:2585} INFO - Sync 1 DAGs
[2023-10-04T07:55:16.224+0000] {logging_mixin.py:120} INFO - [2023-10-04T07:55:16.224+0000] {dag.py:3340} INFO - Setting next_dagrun for example_sla_dag to 2023-10-04T07:52:00+00:00, run_after=2023-10-04T07:54:00+00:00
[2023-10-04T07:55:16.249+0000] {processor.py:176} INFO - Processing /home/airflow/.local/lib/python3.7/site-packages/airflow/example_dags/example_sla_dag.py took 0.118 seconds
[2023-10-04T07:55:46.655+0000] {processor.py:154} INFO - Started process (PID=1750) to work on /home/airflow/.local/lib/python3.7/site-packages/airflow/example_dags/example_sla_dag.py
[2023-10-04T07:55:46.657+0000] {processor.py:756} INFO - Processing file /home/airflow/.local/lib/python3.7/site-packages/airflow/example_dags/example_sla_dag.py for tasks to queue
[2023-10-04T07:55:46.659+0000] {logging_mixin.py:120} INFO - [2023-10-04T07:55:46.659+0000] {dagbag.py:537} INFO - Filling up the DagBag from /home/airflow/.local/lib/python3.7/site-packages/airflow/example_dags/example_sla_dag.py
[2023-10-04T07:55:46.683+0000] {processor.py:766} INFO - DAG(s) dict_keys(['example_sla_dag']) retrieved from /home/airflow/.local/lib/python3.7/site-packages/airflow/example_dags/example_sla_dag.py
[2023-10-04T07:55:46.719+0000] {logging_mixin.py:120} INFO - [2023-10-04T07:55:46.718+0000] {dag.py:2585} INFO - Sync 1 DAGs
[2023-10-04T07:55:46.744+0000] {logging_mixin.py:120} INFO - [2023-10-04T07:55:46.744+0000] {dag.py:3340} INFO - Setting next_dagrun for example_sla_dag to 2023-10-04T07:52:00+00:00, run_after=2023-10-04T07:54:00+00:00
[2023-10-04T07:55:46.769+0000] {processor.py:176} INFO - Processing /home/airflow/.local/lib/python3.7/site-packages/airflow/example_dags/example_sla_dag.py took 0.122 seconds
[2023-10-04T07:56:17.206+0000] {processor.py:154} INFO - Started process (PID=1817) to work on /home/airflow/.local/lib/python3.7/site-packages/airflow/example_dags/example_sla_dag.py
[2023-10-04T07:56:17.207+0000] {processor.py:756} INFO - Processing file /home/airflow/.local/lib/python3.7/site-packages/airflow/example_dags/example_sla_dag.py for tasks to queue
[2023-10-04T07:56:17.209+0000] {logging_mixin.py:120} INFO - [2023-10-04T07:56:17.208+0000] {dagbag.py:537} INFO - Filling up the DagBag from /home/airflow/.local/lib/python3.7/site-packages/airflow/example_dags/example_sla_dag.py
[2023-10-04T07:56:17.227+0000] {processor.py:766} INFO - DAG(s) dict_keys(['example_sla_dag']) retrieved from /home/airflow/.local/lib/python3.7/site-packages/airflow/example_dags/example_sla_dag.py
[2023-10-04T07:56:17.269+0000] {logging_mixin.py:120} INFO - [2023-10-04T07:56:17.268+0000] {dag.py:2585} INFO - Sync 1 DAGs
[2023-10-04T07:56:17.302+0000] {logging_mixin.py:120} INFO - [2023-10-04T07:56:17.302+0000] {dag.py:3340} INFO - Setting next_dagrun for example_sla_dag to 2023-10-04T07:54:00+00:00, run_after=2023-10-04T07:56:00+00:00
[2023-10-04T07:56:17.327+0000] {processor.py:176} INFO - Processing /home/airflow/.local/lib/python3.7/site-packages/airflow/example_dags/example_sla_dag.py took 0.124 seconds
[2023-10-04T07:56:47.620+0000] {processor.py:154} INFO - Started process (PID=1884) to work on /home/airflow/.local/lib/python3.7/site-packages/airflow/example_dags/example_sla_dag.py
[2023-10-04T07:56:47.622+0000] {processor.py:756} INFO - Processing file /home/airflow/.local/lib/python3.7/site-packages/airflow/example_dags/example_sla_dag.py for tasks to queue
[2023-10-04T07:56:47.625+0000] {logging_mixin.py:120} INFO - [2023-10-04T07:56:47.624+0000] {dagbag.py:537} INFO - Filling up the DagBag from /home/airflow/.local/lib/python3.7/site-packages/airflow/example_dags/example_sla_dag.py
[2023-10-04T07:56:47.644+0000] {processor.py:766} INFO - DAG(s) dict_keys(['example_sla_dag']) retrieved from /home/airflow/.local/lib/python3.7/site-packages/airflow/example_dags/example_sla_dag.py
[2023-10-04T07:56:47.680+0000] {logging_mixin.py:120} INFO - [2023-10-04T07:56:47.680+0000] {dag.py:2585} INFO - Sync 1 DAGs
[2023-10-04T07:56:47.703+0000] {logging_mixin.py:120} INFO - [2023-10-04T07:56:47.703+0000] {dag.py:3340} INFO - Setting next_dagrun for example_sla_dag to 2023-10-04T07:54:00+00:00, run_after=2023-10-04T07:56:00+00:00
[2023-10-04T07:56:47.726+0000] {processor.py:176} INFO - Processing /home/airflow/.local/lib/python3.7/site-packages/airflow/example_dags/example_sla_dag.py took 0.111 seconds
[2023-10-04T07:57:18.094+0000] {processor.py:154} INFO - Started process (PID=1951) to work on /home/airflow/.local/lib/python3.7/site-packages/airflow/example_dags/example_sla_dag.py
[2023-10-04T07:57:18.097+0000] {processor.py:756} INFO - Processing file /home/airflow/.local/lib/python3.7/site-packages/airflow/example_dags/example_sla_dag.py for tasks to queue
[2023-10-04T07:57:18.099+0000] {logging_mixin.py:120} INFO - [2023-10-04T07:57:18.099+0000] {dagbag.py:537} INFO - Filling up the DagBag from /home/airflow/.local/lib/python3.7/site-packages/airflow/example_dags/example_sla_dag.py
[2023-10-04T07:57:18.134+0000] {processor.py:766} INFO - DAG(s) dict_keys(['example_sla_dag']) retrieved from /home/airflow/.local/lib/python3.7/site-packages/airflow/example_dags/example_sla_dag.py
[2023-10-04T07:57:18.206+0000] {logging_mixin.py:120} INFO - [2023-10-04T07:57:18.205+0000] {dag.py:2585} INFO - Sync 1 DAGs
[2023-10-04T07:57:18.245+0000] {logging_mixin.py:120} INFO - [2023-10-04T07:57:18.245+0000] {dag.py:3340} INFO - Setting next_dagrun for example_sla_dag to 2023-10-04T07:54:00+00:00, run_after=2023-10-04T07:56:00+00:00
[2023-10-04T07:57:18.272+0000] {processor.py:176} INFO - Processing /home/airflow/.local/lib/python3.7/site-packages/airflow/example_dags/example_sla_dag.py took 0.184 seconds
[2023-10-04T07:57:48.489+0000] {processor.py:154} INFO - Started process (PID=2010) to work on /home/airflow/.local/lib/python3.7/site-packages/airflow/example_dags/example_sla_dag.py
[2023-10-04T07:57:48.492+0000] {processor.py:756} INFO - Processing file /home/airflow/.local/lib/python3.7/site-packages/airflow/example_dags/example_sla_dag.py for tasks to queue
[2023-10-04T07:57:48.494+0000] {logging_mixin.py:120} INFO - [2023-10-04T07:57:48.494+0000] {dagbag.py:537} INFO - Filling up the DagBag from /home/airflow/.local/lib/python3.7/site-packages/airflow/example_dags/example_sla_dag.py
[2023-10-04T07:57:48.513+0000] {processor.py:766} INFO - DAG(s) dict_keys(['example_sla_dag']) retrieved from /home/airflow/.local/lib/python3.7/site-packages/airflow/example_dags/example_sla_dag.py
[2023-10-04T07:57:48.549+0000] {logging_mixin.py:120} INFO - [2023-10-04T07:57:48.549+0000] {dag.py:2585} INFO - Sync 1 DAGs
[2023-10-04T07:57:48.573+0000] {logging_mixin.py:120} INFO - [2023-10-04T07:57:48.573+0000] {dag.py:3340} INFO - Setting next_dagrun for example_sla_dag to 2023-10-04T07:54:00+00:00, run_after=2023-10-04T07:56:00+00:00
[2023-10-04T07:57:48.595+0000] {processor.py:176} INFO - Processing /home/airflow/.local/lib/python3.7/site-packages/airflow/example_dags/example_sla_dag.py took 0.112 seconds
[2023-10-04T07:58:18.933+0000] {processor.py:154} INFO - Started process (PID=2077) to work on /home/airflow/.local/lib/python3.7/site-packages/airflow/example_dags/example_sla_dag.py
[2023-10-04T07:58:18.935+0000] {processor.py:756} INFO - Processing file /home/airflow/.local/lib/python3.7/site-packages/airflow/example_dags/example_sla_dag.py for tasks to queue
[2023-10-04T07:58:18.937+0000] {logging_mixin.py:120} INFO - [2023-10-04T07:58:18.937+0000] {dagbag.py:537} INFO - Filling up the DagBag from /home/airflow/.local/lib/python3.7/site-packages/airflow/example_dags/example_sla_dag.py
[2023-10-04T07:58:18.955+0000] {processor.py:766} INFO - DAG(s) dict_keys(['example_sla_dag']) retrieved from /home/airflow/.local/lib/python3.7/site-packages/airflow/example_dags/example_sla_dag.py
[2023-10-04T07:58:18.993+0000] {logging_mixin.py:120} INFO - [2023-10-04T07:58:18.993+0000] {dag.py:2585} INFO - Sync 1 DAGs
[2023-10-04T07:58:19.017+0000] {logging_mixin.py:120} INFO - [2023-10-04T07:58:19.017+0000] {dag.py:3340} INFO - Setting next_dagrun for example_sla_dag to 2023-10-04T07:56:00+00:00, run_after=2023-10-04T07:58:00+00:00
[2023-10-04T07:58:19.039+0000] {processor.py:176} INFO - Processing /home/airflow/.local/lib/python3.7/site-packages/airflow/example_dags/example_sla_dag.py took 0.112 seconds
[2023-10-04T07:58:49.535+0000] {processor.py:154} INFO - Started process (PID=2144) to work on /home/airflow/.local/lib/python3.7/site-packages/airflow/example_dags/example_sla_dag.py
[2023-10-04T07:58:49.536+0000] {processor.py:756} INFO - Processing file /home/airflow/.local/lib/python3.7/site-packages/airflow/example_dags/example_sla_dag.py for tasks to queue
[2023-10-04T07:58:49.537+0000] {logging_mixin.py:120} INFO - [2023-10-04T07:58:49.537+0000] {dagbag.py:537} INFO - Filling up the DagBag from /home/airflow/.local/lib/python3.7/site-packages/airflow/example_dags/example_sla_dag.py
[2023-10-04T07:58:49.555+0000] {processor.py:766} INFO - DAG(s) dict_keys(['example_sla_dag']) retrieved from /home/airflow/.local/lib/python3.7/site-packages/airflow/example_dags/example_sla_dag.py
[2023-10-04T07:58:49.590+0000] {logging_mixin.py:120} INFO - [2023-10-04T07:58:49.590+0000] {dag.py:2585} INFO - Sync 1 DAGs
[2023-10-04T07:58:49.612+0000] {logging_mixin.py:120} INFO - [2023-10-04T07:58:49.611+0000] {dag.py:3340} INFO - Setting next_dagrun for example_sla_dag to 2023-10-04T07:56:00+00:00, run_after=2023-10-04T07:58:00+00:00
[2023-10-04T07:58:49.633+0000] {processor.py:176} INFO - Processing /home/airflow/.local/lib/python3.7/site-packages/airflow/example_dags/example_sla_dag.py took 0.104 seconds
[2023-10-04T07:59:20.067+0000] {processor.py:154} INFO - Started process (PID=2210) to work on /home/airflow/.local/lib/python3.7/site-packages/airflow/example_dags/example_sla_dag.py
[2023-10-04T07:59:20.069+0000] {processor.py:756} INFO - Processing file /home/airflow/.local/lib/python3.7/site-packages/airflow/example_dags/example_sla_dag.py for tasks to queue
[2023-10-04T07:59:20.071+0000] {logging_mixin.py:120} INFO - [2023-10-04T07:59:20.070+0000] {dagbag.py:537} INFO - Filling up the DagBag from /home/airflow/.local/lib/python3.7/site-packages/airflow/example_dags/example_sla_dag.py
[2023-10-04T07:59:20.095+0000] {processor.py:766} INFO - DAG(s) dict_keys(['example_sla_dag']) retrieved from /home/airflow/.local/lib/python3.7/site-packages/airflow/example_dags/example_sla_dag.py
[2023-10-04T07:59:20.138+0000] {logging_mixin.py:120} INFO - [2023-10-04T07:59:20.138+0000] {dag.py:2585} INFO - Sync 1 DAGs
[2023-10-04T07:59:20.173+0000] {logging_mixin.py:120} INFO - [2023-10-04T07:59:20.172+0000] {dag.py:3340} INFO - Setting next_dagrun for example_sla_dag to 2023-10-04T07:56:00+00:00, run_after=2023-10-04T07:58:00+00:00
[2023-10-04T07:59:20.199+0000] {processor.py:176} INFO - Processing /home/airflow/.local/lib/python3.7/site-packages/airflow/example_dags/example_sla_dag.py took 0.135 seconds
[2023-10-04T07:59:50.681+0000] {processor.py:154} INFO - Started process (PID=2270) to work on /home/airflow/.local/lib/python3.7/site-packages/airflow/example_dags/example_sla_dag.py
[2023-10-04T07:59:50.683+0000] {processor.py:756} INFO - Processing file /home/airflow/.local/lib/python3.7/site-packages/airflow/example_dags/example_sla_dag.py for tasks to queue
[2023-10-04T07:59:50.684+0000] {logging_mixin.py:120} INFO - [2023-10-04T07:59:50.684+0000] {dagbag.py:537} INFO - Filling up the DagBag from /home/airflow/.local/lib/python3.7/site-packages/airflow/example_dags/example_sla_dag.py
[2023-10-04T07:59:50.704+0000] {processor.py:766} INFO - DAG(s) dict_keys(['example_sla_dag']) retrieved from /home/airflow/.local/lib/python3.7/site-packages/airflow/example_dags/example_sla_dag.py
[2023-10-04T07:59:50.746+0000] {logging_mixin.py:120} INFO - [2023-10-04T07:59:50.745+0000] {dag.py:2585} INFO - Sync 1 DAGs
[2023-10-04T07:59:50.773+0000] {logging_mixin.py:120} INFO - [2023-10-04T07:59:50.773+0000] {dag.py:3340} INFO - Setting next_dagrun for example_sla_dag to 2023-10-04T07:56:00+00:00, run_after=2023-10-04T07:58:00+00:00
[2023-10-04T07:59:50.798+0000] {processor.py:176} INFO - Processing /home/airflow/.local/lib/python3.7/site-packages/airflow/example_dags/example_sla_dag.py took 0.121 seconds
[2023-10-04T08:00:21.515+0000] {processor.py:154} INFO - Started process (PID=2337) to work on /home/airflow/.local/lib/python3.7/site-packages/airflow/example_dags/example_sla_dag.py
[2023-10-04T08:00:21.516+0000] {processor.py:756} INFO - Processing file /home/airflow/.local/lib/python3.7/site-packages/airflow/example_dags/example_sla_dag.py for tasks to queue
[2023-10-04T08:00:21.520+0000] {logging_mixin.py:120} INFO - [2023-10-04T08:00:21.519+0000] {dagbag.py:537} INFO - Filling up the DagBag from /home/airflow/.local/lib/python3.7/site-packages/airflow/example_dags/example_sla_dag.py
[2023-10-04T08:00:21.545+0000] {processor.py:766} INFO - DAG(s) dict_keys(['example_sla_dag']) retrieved from /home/airflow/.local/lib/python3.7/site-packages/airflow/example_dags/example_sla_dag.py
[2023-10-04T08:00:21.587+0000] {logging_mixin.py:120} INFO - [2023-10-04T08:00:21.586+0000] {dag.py:2585} INFO - Sync 1 DAGs
[2023-10-04T08:00:21.612+0000] {logging_mixin.py:120} INFO - [2023-10-04T08:00:21.612+0000] {dag.py:3340} INFO - Setting next_dagrun for example_sla_dag to 2023-10-04T07:58:00+00:00, run_after=2023-10-04T08:00:00+00:00
[2023-10-04T08:00:21.635+0000] {processor.py:176} INFO - Processing /home/airflow/.local/lib/python3.7/site-packages/airflow/example_dags/example_sla_dag.py took 0.124 seconds
[2023-10-04T08:00:52.379+0000] {processor.py:154} INFO - Started process (PID=2405) to work on /home/airflow/.local/lib/python3.7/site-packages/airflow/example_dags/example_sla_dag.py
[2023-10-04T08:00:52.381+0000] {processor.py:756} INFO - Processing file /home/airflow/.local/lib/python3.7/site-packages/airflow/example_dags/example_sla_dag.py for tasks to queue
[2023-10-04T08:00:52.383+0000] {logging_mixin.py:120} INFO - [2023-10-04T08:00:52.383+0000] {dagbag.py:537} INFO - Filling up the DagBag from /home/airflow/.local/lib/python3.7/site-packages/airflow/example_dags/example_sla_dag.py
[2023-10-04T08:00:52.403+0000] {processor.py:766} INFO - DAG(s) dict_keys(['example_sla_dag']) retrieved from /home/airflow/.local/lib/python3.7/site-packages/airflow/example_dags/example_sla_dag.py
[2023-10-04T08:00:52.442+0000] {logging_mixin.py:120} INFO - [2023-10-04T08:00:52.441+0000] {dag.py:2585} INFO - Sync 1 DAGs
[2023-10-04T08:00:52.468+0000] {logging_mixin.py:120} INFO - [2023-10-04T08:00:52.468+0000] {dag.py:3340} INFO - Setting next_dagrun for example_sla_dag to 2023-10-04T07:58:00+00:00, run_after=2023-10-04T08:00:00+00:00
[2023-10-04T08:00:52.489+0000] {processor.py:176} INFO - Processing /home/airflow/.local/lib/python3.7/site-packages/airflow/example_dags/example_sla_dag.py took 0.114 seconds
[2023-10-04T08:01:22.662+0000] {processor.py:154} INFO - Started process (PID=2463) to work on /home/airflow/.local/lib/python3.7/site-packages/airflow/example_dags/example_sla_dag.py
[2023-10-04T08:01:22.663+0000] {processor.py:756} INFO - Processing file /home/airflow/.local/lib/python3.7/site-packages/airflow/example_dags/example_sla_dag.py for tasks to queue
[2023-10-04T08:01:22.665+0000] {logging_mixin.py:120} INFO - [2023-10-04T08:01:22.665+0000] {dagbag.py:537} INFO - Filling up the DagBag from /home/airflow/.local/lib/python3.7/site-packages/airflow/example_dags/example_sla_dag.py
[2023-10-04T08:01:22.685+0000] {processor.py:766} INFO - DAG(s) dict_keys(['example_sla_dag']) retrieved from /home/airflow/.local/lib/python3.7/site-packages/airflow/example_dags/example_sla_dag.py
[2023-10-04T08:01:22.722+0000] {logging_mixin.py:120} INFO - [2023-10-04T08:01:22.721+0000] {dag.py:2585} INFO - Sync 1 DAGs
[2023-10-04T08:01:22.746+0000] {logging_mixin.py:120} INFO - [2023-10-04T08:01:22.746+0000] {dag.py:3340} INFO - Setting next_dagrun for example_sla_dag to 2023-10-04T07:58:00+00:00, run_after=2023-10-04T08:00:00+00:00
[2023-10-04T08:01:22.771+0000] {processor.py:176} INFO - Processing /home/airflow/.local/lib/python3.7/site-packages/airflow/example_dags/example_sla_dag.py took 0.113 seconds
[2023-10-04T08:01:53.119+0000] {processor.py:154} INFO - Started process (PID=2530) to work on /home/airflow/.local/lib/python3.7/site-packages/airflow/example_dags/example_sla_dag.py
[2023-10-04T08:01:53.120+0000] {processor.py:756} INFO - Processing file /home/airflow/.local/lib/python3.7/site-packages/airflow/example_dags/example_sla_dag.py for tasks to queue
[2023-10-04T08:01:53.121+0000] {logging_mixin.py:120} INFO - [2023-10-04T08:01:53.121+0000] {dagbag.py:537} INFO - Filling up the DagBag from /home/airflow/.local/lib/python3.7/site-packages/airflow/example_dags/example_sla_dag.py
[2023-10-04T08:01:53.141+0000] {processor.py:766} INFO - DAG(s) dict_keys(['example_sla_dag']) retrieved from /home/airflow/.local/lib/python3.7/site-packages/airflow/example_dags/example_sla_dag.py
[2023-10-04T08:01:53.181+0000] {logging_mixin.py:120} INFO - [2023-10-04T08:01:53.181+0000] {dag.py:2585} INFO - Sync 1 DAGs
[2023-10-04T08:01:53.209+0000] {logging_mixin.py:120} INFO - [2023-10-04T08:01:53.209+0000] {dag.py:3340} INFO - Setting next_dagrun for example_sla_dag to 2023-10-04T07:58:00+00:00, run_after=2023-10-04T08:00:00+00:00
[2023-10-04T08:01:53.227+0000] {processor.py:176} INFO - Processing /home/airflow/.local/lib/python3.7/site-packages/airflow/example_dags/example_sla_dag.py took 0.113 seconds
[2023-10-04T08:02:23.750+0000] {processor.py:154} INFO - Started process (PID=2598) to work on /home/airflow/.local/lib/python3.7/site-packages/airflow/example_dags/example_sla_dag.py
[2023-10-04T08:02:23.752+0000] {processor.py:756} INFO - Processing file /home/airflow/.local/lib/python3.7/site-packages/airflow/example_dags/example_sla_dag.py for tasks to queue
[2023-10-04T08:02:23.753+0000] {logging_mixin.py:120} INFO - [2023-10-04T08:02:23.753+0000] {dagbag.py:537} INFO - Filling up the DagBag from /home/airflow/.local/lib/python3.7/site-packages/airflow/example_dags/example_sla_dag.py
[2023-10-04T08:02:23.771+0000] {processor.py:766} INFO - DAG(s) dict_keys(['example_sla_dag']) retrieved from /home/airflow/.local/lib/python3.7/site-packages/airflow/example_dags/example_sla_dag.py
[2023-10-04T08:02:23.807+0000] {logging_mixin.py:120} INFO - [2023-10-04T08:02:23.807+0000] {dag.py:2585} INFO - Sync 1 DAGs
[2023-10-04T08:02:23.833+0000] {logging_mixin.py:120} INFO - [2023-10-04T08:02:23.833+0000] {dag.py:3340} INFO - Setting next_dagrun for example_sla_dag to 2023-10-04T08:00:00+00:00, run_after=2023-10-04T08:02:00+00:00
[2023-10-04T08:02:23.854+0000] {processor.py:176} INFO - Processing /home/airflow/.local/lib/python3.7/site-packages/airflow/example_dags/example_sla_dag.py took 0.108 seconds
[2023-10-04T08:02:54.092+0000] {processor.py:154} INFO - Started process (PID=2665) to work on /home/airflow/.local/lib/python3.7/site-packages/airflow/example_dags/example_sla_dag.py
[2023-10-04T08:02:54.093+0000] {processor.py:756} INFO - Processing file /home/airflow/.local/lib/python3.7/site-packages/airflow/example_dags/example_sla_dag.py for tasks to queue
[2023-10-04T08:02:54.095+0000] {logging_mixin.py:120} INFO - [2023-10-04T08:02:54.095+0000] {dagbag.py:537} INFO - Filling up the DagBag from /home/airflow/.local/lib/python3.7/site-packages/airflow/example_dags/example_sla_dag.py
[2023-10-04T08:02:54.114+0000] {processor.py:766} INFO - DAG(s) dict_keys(['example_sla_dag']) retrieved from /home/airflow/.local/lib/python3.7/site-packages/airflow/example_dags/example_sla_dag.py
[2023-10-04T08:02:54.155+0000] {logging_mixin.py:120} INFO - [2023-10-04T08:02:54.155+0000] {dag.py:2585} INFO - Sync 1 DAGs
[2023-10-04T08:02:54.181+0000] {logging_mixin.py:120} INFO - [2023-10-04T08:02:54.180+0000] {dag.py:3340} INFO - Setting next_dagrun for example_sla_dag to 2023-10-04T08:00:00+00:00, run_after=2023-10-04T08:02:00+00:00
[2023-10-04T08:02:54.204+0000] {processor.py:176} INFO - Processing /home/airflow/.local/lib/python3.7/site-packages/airflow/example_dags/example_sla_dag.py took 0.115 seconds
[2023-10-04T08:03:24.692+0000] {processor.py:154} INFO - Started process (PID=2723) to work on /home/airflow/.local/lib/python3.7/site-packages/airflow/example_dags/example_sla_dag.py
[2023-10-04T08:03:24.693+0000] {processor.py:756} INFO - Processing file /home/airflow/.local/lib/python3.7/site-packages/airflow/example_dags/example_sla_dag.py for tasks to queue
[2023-10-04T08:03:24.694+0000] {logging_mixin.py:120} INFO - [2023-10-04T08:03:24.694+0000] {dagbag.py:537} INFO - Filling up the DagBag from /home/airflow/.local/lib/python3.7/site-packages/airflow/example_dags/example_sla_dag.py
[2023-10-04T08:03:24.715+0000] {processor.py:766} INFO - DAG(s) dict_keys(['example_sla_dag']) retrieved from /home/airflow/.local/lib/python3.7/site-packages/airflow/example_dags/example_sla_dag.py
[2023-10-04T08:03:24.759+0000] {logging_mixin.py:120} INFO - [2023-10-04T08:03:24.759+0000] {dag.py:2585} INFO - Sync 1 DAGs
[2023-10-04T08:03:24.789+0000] {logging_mixin.py:120} INFO - [2023-10-04T08:03:24.788+0000] {dag.py:3340} INFO - Setting next_dagrun for example_sla_dag to 2023-10-04T08:00:00+00:00, run_after=2023-10-04T08:02:00+00:00
[2023-10-04T08:03:24.817+0000] {processor.py:176} INFO - Processing /home/airflow/.local/lib/python3.7/site-packages/airflow/example_dags/example_sla_dag.py took 0.129 seconds
[2023-10-04T08:03:54.980+0000] {processor.py:154} INFO - Started process (PID=2790) to work on /home/airflow/.local/lib/python3.7/site-packages/airflow/example_dags/example_sla_dag.py
[2023-10-04T08:03:54.982+0000] {processor.py:756} INFO - Processing file /home/airflow/.local/lib/python3.7/site-packages/airflow/example_dags/example_sla_dag.py for tasks to queue
[2023-10-04T08:03:54.983+0000] {logging_mixin.py:120} INFO - [2023-10-04T08:03:54.983+0000] {dagbag.py:537} INFO - Filling up the DagBag from /home/airflow/.local/lib/python3.7/site-packages/airflow/example_dags/example_sla_dag.py
[2023-10-04T08:03:55.003+0000] {processor.py:766} INFO - DAG(s) dict_keys(['example_sla_dag']) retrieved from /home/airflow/.local/lib/python3.7/site-packages/airflow/example_dags/example_sla_dag.py
[2023-10-04T08:03:55.039+0000] {logging_mixin.py:120} INFO - [2023-10-04T08:03:55.038+0000] {dag.py:2585} INFO - Sync 1 DAGs
[2023-10-04T08:03:55.065+0000] {logging_mixin.py:120} INFO - [2023-10-04T08:03:55.065+0000] {dag.py:3340} INFO - Setting next_dagrun for example_sla_dag to 2023-10-04T08:00:00+00:00, run_after=2023-10-04T08:02:00+00:00
[2023-10-04T08:03:55.087+0000] {processor.py:176} INFO - Processing /home/airflow/.local/lib/python3.7/site-packages/airflow/example_dags/example_sla_dag.py took 0.113 seconds
[2023-10-04T08:04:25.409+0000] {processor.py:154} INFO - Started process (PID=2857) to work on /home/airflow/.local/lib/python3.7/site-packages/airflow/example_dags/example_sla_dag.py
[2023-10-04T08:04:25.411+0000] {processor.py:756} INFO - Processing file /home/airflow/.local/lib/python3.7/site-packages/airflow/example_dags/example_sla_dag.py for tasks to queue
[2023-10-04T08:04:25.413+0000] {logging_mixin.py:120} INFO - [2023-10-04T08:04:25.413+0000] {dagbag.py:537} INFO - Filling up the DagBag from /home/airflow/.local/lib/python3.7/site-packages/airflow/example_dags/example_sla_dag.py
[2023-10-04T08:04:25.432+0000] {processor.py:766} INFO - DAG(s) dict_keys(['example_sla_dag']) retrieved from /home/airflow/.local/lib/python3.7/site-packages/airflow/example_dags/example_sla_dag.py
[2023-10-04T08:04:25.468+0000] {logging_mixin.py:120} INFO - [2023-10-04T08:04:25.468+0000] {dag.py:2585} INFO - Sync 1 DAGs
[2023-10-04T08:04:25.495+0000] {logging_mixin.py:120} INFO - [2023-10-04T08:04:25.494+0000] {dag.py:3340} INFO - Setting next_dagrun for example_sla_dag to 2023-10-04T08:02:00+00:00, run_after=2023-10-04T08:04:00+00:00
[2023-10-04T08:04:25.517+0000] {processor.py:176} INFO - Processing /home/airflow/.local/lib/python3.7/site-packages/airflow/example_dags/example_sla_dag.py took 0.114 seconds
[2023-10-04T08:04:55.864+0000] {processor.py:154} INFO - Started process (PID=2922) to work on /home/airflow/.local/lib/python3.7/site-packages/airflow/example_dags/example_sla_dag.py
[2023-10-04T08:04:55.865+0000] {processor.py:756} INFO - Processing file /home/airflow/.local/lib/python3.7/site-packages/airflow/example_dags/example_sla_dag.py for tasks to queue
[2023-10-04T08:04:55.866+0000] {logging_mixin.py:120} INFO - [2023-10-04T08:04:55.866+0000] {dagbag.py:537} INFO - Filling up the DagBag from /home/airflow/.local/lib/python3.7/site-packages/airflow/example_dags/example_sla_dag.py
[2023-10-04T08:04:55.894+0000] {processor.py:766} INFO - DAG(s) dict_keys(['example_sla_dag']) retrieved from /home/airflow/.local/lib/python3.7/site-packages/airflow/example_dags/example_sla_dag.py
[2023-10-04T08:04:55.940+0000] {logging_mixin.py:120} INFO - [2023-10-04T08:04:55.940+0000] {dag.py:2585} INFO - Sync 1 DAGs
[2023-10-04T08:04:55.973+0000] {logging_mixin.py:120} INFO - [2023-10-04T08:04:55.973+0000] {dag.py:3340} INFO - Setting next_dagrun for example_sla_dag to 2023-10-04T08:02:00+00:00, run_after=2023-10-04T08:04:00+00:00
[2023-10-04T08:04:56.000+0000] {processor.py:176} INFO - Processing /home/airflow/.local/lib/python3.7/site-packages/airflow/example_dags/example_sla_dag.py took 0.140 seconds
[2023-10-04T08:05:26.121+0000] {processor.py:154} INFO - Started process (PID=2982) to work on /home/airflow/.local/lib/python3.7/site-packages/airflow/example_dags/example_sla_dag.py
[2023-10-04T08:05:26.123+0000] {processor.py:756} INFO - Processing file /home/airflow/.local/lib/python3.7/site-packages/airflow/example_dags/example_sla_dag.py for tasks to queue
[2023-10-04T08:05:26.124+0000] {logging_mixin.py:120} INFO - [2023-10-04T08:05:26.124+0000] {dagbag.py:537} INFO - Filling up the DagBag from /home/airflow/.local/lib/python3.7/site-packages/airflow/example_dags/example_sla_dag.py
[2023-10-04T08:05:26.158+0000] {processor.py:766} INFO - DAG(s) dict_keys(['example_sla_dag']) retrieved from /home/airflow/.local/lib/python3.7/site-packages/airflow/example_dags/example_sla_dag.py
[2023-10-04T08:05:26.211+0000] {logging_mixin.py:120} INFO - [2023-10-04T08:05:26.210+0000] {dag.py:2585} INFO - Sync 1 DAGs
[2023-10-04T08:05:26.243+0000] {logging_mixin.py:120} INFO - [2023-10-04T08:05:26.243+0000] {dag.py:3340} INFO - Setting next_dagrun for example_sla_dag to 2023-10-04T08:02:00+00:00, run_after=2023-10-04T08:04:00+00:00
[2023-10-04T08:05:26.273+0000] {processor.py:176} INFO - Processing /home/airflow/.local/lib/python3.7/site-packages/airflow/example_dags/example_sla_dag.py took 0.156 seconds
[2023-10-04T08:05:56.756+0000] {processor.py:154} INFO - Started process (PID=3049) to work on /home/airflow/.local/lib/python3.7/site-packages/airflow/example_dags/example_sla_dag.py
[2023-10-04T08:05:56.758+0000] {processor.py:756} INFO - Processing file /home/airflow/.local/lib/python3.7/site-packages/airflow/example_dags/example_sla_dag.py for tasks to queue
[2023-10-04T08:05:56.759+0000] {logging_mixin.py:120} INFO - [2023-10-04T08:05:56.759+0000] {dagbag.py:537} INFO - Filling up the DagBag from /home/airflow/.local/lib/python3.7/site-packages/airflow/example_dags/example_sla_dag.py
[2023-10-04T08:05:56.780+0000] {processor.py:766} INFO - DAG(s) dict_keys(['example_sla_dag']) retrieved from /home/airflow/.local/lib/python3.7/site-packages/airflow/example_dags/example_sla_dag.py
[2023-10-04T08:05:56.815+0000] {logging_mixin.py:120} INFO - [2023-10-04T08:05:56.815+0000] {dag.py:2585} INFO - Sync 1 DAGs
[2023-10-04T08:05:56.841+0000] {logging_mixin.py:120} INFO - [2023-10-04T08:05:56.841+0000] {dag.py:3340} INFO - Setting next_dagrun for example_sla_dag to 2023-10-04T08:02:00+00:00, run_after=2023-10-04T08:04:00+00:00
[2023-10-04T08:05:56.865+0000] {processor.py:176} INFO - Processing /home/airflow/.local/lib/python3.7/site-packages/airflow/example_dags/example_sla_dag.py took 0.112 seconds
[2023-10-04T08:06:27.304+0000] {processor.py:154} INFO - Started process (PID=3116) to work on /home/airflow/.local/lib/python3.7/site-packages/airflow/example_dags/example_sla_dag.py
[2023-10-04T08:06:27.305+0000] {processor.py:756} INFO - Processing file /home/airflow/.local/lib/python3.7/site-packages/airflow/example_dags/example_sla_dag.py for tasks to queue
[2023-10-04T08:06:27.307+0000] {logging_mixin.py:120} INFO - [2023-10-04T08:06:27.307+0000] {dagbag.py:537} INFO - Filling up the DagBag from /home/airflow/.local/lib/python3.7/site-packages/airflow/example_dags/example_sla_dag.py
[2023-10-04T08:06:27.335+0000] {processor.py:766} INFO - DAG(s) dict_keys(['example_sla_dag']) retrieved from /home/airflow/.local/lib/python3.7/site-packages/airflow/example_dags/example_sla_dag.py
[2023-10-04T08:06:27.381+0000] {logging_mixin.py:120} INFO - [2023-10-04T08:06:27.380+0000] {dag.py:2585} INFO - Sync 1 DAGs
[2023-10-04T08:06:27.412+0000] {logging_mixin.py:120} INFO - [2023-10-04T08:06:27.412+0000] {dag.py:3340} INFO - Setting next_dagrun for example_sla_dag to 2023-10-04T08:04:00+00:00, run_after=2023-10-04T08:06:00+00:00
[2023-10-04T08:06:27.436+0000] {processor.py:176} INFO - Processing /home/airflow/.local/lib/python3.7/site-packages/airflow/example_dags/example_sla_dag.py took 0.136 seconds
[2023-10-04T08:06:57.768+0000] {processor.py:154} INFO - Started process (PID=3174) to work on /home/airflow/.local/lib/python3.7/site-packages/airflow/example_dags/example_sla_dag.py
[2023-10-04T08:06:57.769+0000] {processor.py:756} INFO - Processing file /home/airflow/.local/lib/python3.7/site-packages/airflow/example_dags/example_sla_dag.py for tasks to queue
[2023-10-04T08:06:57.771+0000] {logging_mixin.py:120} INFO - [2023-10-04T08:06:57.771+0000] {dagbag.py:537} INFO - Filling up the DagBag from /home/airflow/.local/lib/python3.7/site-packages/airflow/example_dags/example_sla_dag.py
[2023-10-04T08:06:57.789+0000] {processor.py:766} INFO - DAG(s) dict_keys(['example_sla_dag']) retrieved from /home/airflow/.local/lib/python3.7/site-packages/airflow/example_dags/example_sla_dag.py
[2023-10-04T08:06:57.831+0000] {logging_mixin.py:120} INFO - [2023-10-04T08:06:57.831+0000] {dag.py:2585} INFO - Sync 1 DAGs
[2023-10-04T08:06:57.857+0000] {logging_mixin.py:120} INFO - [2023-10-04T08:06:57.856+0000] {dag.py:3340} INFO - Setting next_dagrun for example_sla_dag to 2023-10-04T08:04:00+00:00, run_after=2023-10-04T08:06:00+00:00
[2023-10-04T08:06:57.878+0000] {processor.py:176} INFO - Processing /home/airflow/.local/lib/python3.7/site-packages/airflow/example_dags/example_sla_dag.py took 0.114 seconds
[2023-10-04T08:07:28.498+0000] {processor.py:154} INFO - Started process (PID=3241) to work on /home/airflow/.local/lib/python3.7/site-packages/airflow/example_dags/example_sla_dag.py
[2023-10-04T08:07:28.500+0000] {processor.py:756} INFO - Processing file /home/airflow/.local/lib/python3.7/site-packages/airflow/example_dags/example_sla_dag.py for tasks to queue
[2023-10-04T08:07:28.501+0000] {logging_mixin.py:120} INFO - [2023-10-04T08:07:28.501+0000] {dagbag.py:537} INFO - Filling up the DagBag from /home/airflow/.local/lib/python3.7/site-packages/airflow/example_dags/example_sla_dag.py
[2023-10-04T08:07:28.518+0000] {processor.py:766} INFO - DAG(s) dict_keys(['example_sla_dag']) retrieved from /home/airflow/.local/lib/python3.7/site-packages/airflow/example_dags/example_sla_dag.py
[2023-10-04T08:07:28.552+0000] {logging_mixin.py:120} INFO - [2023-10-04T08:07:28.552+0000] {dag.py:2585} INFO - Sync 1 DAGs
[2023-10-04T08:07:28.577+0000] {logging_mixin.py:120} INFO - [2023-10-04T08:07:28.577+0000] {dag.py:3340} INFO - Setting next_dagrun for example_sla_dag to 2023-10-04T08:04:00+00:00, run_after=2023-10-04T08:06:00+00:00
[2023-10-04T08:07:28.597+0000] {processor.py:176} INFO - Processing /home/airflow/.local/lib/python3.7/site-packages/airflow/example_dags/example_sla_dag.py took 0.101 seconds
[2023-10-04T08:07:58.869+0000] {processor.py:154} INFO - Started process (PID=3308) to work on /home/airflow/.local/lib/python3.7/site-packages/airflow/example_dags/example_sla_dag.py
[2023-10-04T08:07:58.871+0000] {processor.py:756} INFO - Processing file /home/airflow/.local/lib/python3.7/site-packages/airflow/example_dags/example_sla_dag.py for tasks to queue
[2023-10-04T08:07:58.872+0000] {logging_mixin.py:120} INFO - [2023-10-04T08:07:58.872+0000] {dagbag.py:537} INFO - Filling up the DagBag from /home/airflow/.local/lib/python3.7/site-packages/airflow/example_dags/example_sla_dag.py
[2023-10-04T08:07:58.892+0000] {processor.py:766} INFO - DAG(s) dict_keys(['example_sla_dag']) retrieved from /home/airflow/.local/lib/python3.7/site-packages/airflow/example_dags/example_sla_dag.py
[2023-10-04T08:07:58.931+0000] {logging_mixin.py:120} INFO - [2023-10-04T08:07:58.931+0000] {dag.py:2585} INFO - Sync 1 DAGs
[2023-10-04T08:07:58.957+0000] {logging_mixin.py:120} INFO - [2023-10-04T08:07:58.957+0000] {dag.py:3340} INFO - Setting next_dagrun for example_sla_dag to 2023-10-04T08:04:00+00:00, run_after=2023-10-04T08:06:00+00:00
[2023-10-04T08:07:58.982+0000] {processor.py:176} INFO - Processing /home/airflow/.local/lib/python3.7/site-packages/airflow/example_dags/example_sla_dag.py took 0.117 seconds
[2023-10-04T08:08:29.182+0000] {processor.py:154} INFO - Started process (PID=3375) to work on /home/airflow/.local/lib/python3.7/site-packages/airflow/example_dags/example_sla_dag.py
[2023-10-04T08:08:29.183+0000] {processor.py:756} INFO - Processing file /home/airflow/.local/lib/python3.7/site-packages/airflow/example_dags/example_sla_dag.py for tasks to queue
[2023-10-04T08:08:29.184+0000] {logging_mixin.py:120} INFO - [2023-10-04T08:08:29.184+0000] {dagbag.py:537} INFO - Filling up the DagBag from /home/airflow/.local/lib/python3.7/site-packages/airflow/example_dags/example_sla_dag.py
[2023-10-04T08:08:29.207+0000] {processor.py:766} INFO - DAG(s) dict_keys(['example_sla_dag']) retrieved from /home/airflow/.local/lib/python3.7/site-packages/airflow/example_dags/example_sla_dag.py
[2023-10-04T08:08:29.251+0000] {logging_mixin.py:120} INFO - [2023-10-04T08:08:29.251+0000] {dag.py:2585} INFO - Sync 1 DAGs
[2023-10-04T08:08:29.285+0000] {logging_mixin.py:120} INFO - [2023-10-04T08:08:29.285+0000] {dag.py:3340} INFO - Setting next_dagrun for example_sla_dag to 2023-10-04T08:06:00+00:00, run_after=2023-10-04T08:08:00+00:00
[2023-10-04T08:08:29.310+0000] {processor.py:176} INFO - Processing /home/airflow/.local/lib/python3.7/site-packages/airflow/example_dags/example_sla_dag.py took 0.132 seconds
[2023-10-04T08:08:59.390+0000] {processor.py:154} INFO - Started process (PID=3434) to work on /home/airflow/.local/lib/python3.7/site-packages/airflow/example_dags/example_sla_dag.py
[2023-10-04T08:08:59.392+0000] {processor.py:756} INFO - Processing file /home/airflow/.local/lib/python3.7/site-packages/airflow/example_dags/example_sla_dag.py for tasks to queue
[2023-10-04T08:08:59.393+0000] {logging_mixin.py:120} INFO - [2023-10-04T08:08:59.393+0000] {dagbag.py:537} INFO - Filling up the DagBag from /home/airflow/.local/lib/python3.7/site-packages/airflow/example_dags/example_sla_dag.py
[2023-10-04T08:08:59.410+0000] {processor.py:766} INFO - DAG(s) dict_keys(['example_sla_dag']) retrieved from /home/airflow/.local/lib/python3.7/site-packages/airflow/example_dags/example_sla_dag.py
[2023-10-04T08:08:59.446+0000] {logging_mixin.py:120} INFO - [2023-10-04T08:08:59.445+0000] {dag.py:2585} INFO - Sync 1 DAGs
[2023-10-04T08:08:59.471+0000] {logging_mixin.py:120} INFO - [2023-10-04T08:08:59.471+0000] {dag.py:3340} INFO - Setting next_dagrun for example_sla_dag to 2023-10-04T08:06:00+00:00, run_after=2023-10-04T08:08:00+00:00
[2023-10-04T08:08:59.493+0000] {processor.py:176} INFO - Processing /home/airflow/.local/lib/python3.7/site-packages/airflow/example_dags/example_sla_dag.py took 0.107 seconds
[2023-10-04T08:09:29.757+0000] {processor.py:154} INFO - Started process (PID=3501) to work on /home/airflow/.local/lib/python3.7/site-packages/airflow/example_dags/example_sla_dag.py
[2023-10-04T08:09:29.759+0000] {processor.py:756} INFO - Processing file /home/airflow/.local/lib/python3.7/site-packages/airflow/example_dags/example_sla_dag.py for tasks to queue
[2023-10-04T08:09:29.760+0000] {logging_mixin.py:120} INFO - [2023-10-04T08:09:29.760+0000] {dagbag.py:537} INFO - Filling up the DagBag from /home/airflow/.local/lib/python3.7/site-packages/airflow/example_dags/example_sla_dag.py
[2023-10-04T08:09:29.780+0000] {processor.py:766} INFO - DAG(s) dict_keys(['example_sla_dag']) retrieved from /home/airflow/.local/lib/python3.7/site-packages/airflow/example_dags/example_sla_dag.py
[2023-10-04T08:09:29.812+0000] {logging_mixin.py:120} INFO - [2023-10-04T08:09:29.812+0000] {dag.py:2585} INFO - Sync 1 DAGs
[2023-10-04T08:09:29.838+0000] {logging_mixin.py:120} INFO - [2023-10-04T08:09:29.838+0000] {dag.py:3340} INFO - Setting next_dagrun for example_sla_dag to 2023-10-04T08:06:00+00:00, run_after=2023-10-04T08:08:00+00:00
[2023-10-04T08:09:29.859+0000] {processor.py:176} INFO - Processing /home/airflow/.local/lib/python3.7/site-packages/airflow/example_dags/example_sla_dag.py took 0.105 seconds
[2023-10-04T08:10:00.298+0000] {processor.py:154} INFO - Started process (PID=3568) to work on /home/airflow/.local/lib/python3.7/site-packages/airflow/example_dags/example_sla_dag.py
[2023-10-04T08:10:00.299+0000] {processor.py:756} INFO - Processing file /home/airflow/.local/lib/python3.7/site-packages/airflow/example_dags/example_sla_dag.py for tasks to queue
[2023-10-04T08:10:00.301+0000] {logging_mixin.py:120} INFO - [2023-10-04T08:10:00.301+0000] {dagbag.py:537} INFO - Filling up the DagBag from /home/airflow/.local/lib/python3.7/site-packages/airflow/example_dags/example_sla_dag.py
[2023-10-04T08:10:00.324+0000] {processor.py:766} INFO - DAG(s) dict_keys(['example_sla_dag']) retrieved from /home/airflow/.local/lib/python3.7/site-packages/airflow/example_dags/example_sla_dag.py
[2023-10-04T08:10:00.361+0000] {logging_mixin.py:120} INFO - [2023-10-04T08:10:00.361+0000] {dag.py:2585} INFO - Sync 1 DAGs
[2023-10-04T08:10:00.385+0000] {logging_mixin.py:120} INFO - [2023-10-04T08:10:00.385+0000] {dag.py:3340} INFO - Setting next_dagrun for example_sla_dag to 2023-10-04T08:08:00+00:00, run_after=2023-10-04T08:10:00+00:00
[2023-10-04T08:10:00.409+0000] {processor.py:176} INFO - Processing /home/airflow/.local/lib/python3.7/site-packages/airflow/example_dags/example_sla_dag.py took 0.116 seconds
[2023-10-04T08:11:41.936+0000] {processor.py:154} INFO - Started process (PID=84) to work on /home/airflow/.local/lib/python3.7/site-packages/airflow/example_dags/example_sla_dag.py
[2023-10-04T08:11:41.938+0000] {processor.py:756} INFO - Processing file /home/airflow/.local/lib/python3.7/site-packages/airflow/example_dags/example_sla_dag.py for tasks to queue
[2023-10-04T08:11:41.942+0000] {logging_mixin.py:120} INFO - [2023-10-04T08:11:41.941+0000] {dagbag.py:537} INFO - Filling up the DagBag from /home/airflow/.local/lib/python3.7/site-packages/airflow/example_dags/example_sla_dag.py
[2023-10-04T08:11:41.972+0000] {processor.py:766} INFO - DAG(s) dict_keys(['example_sla_dag']) retrieved from /home/airflow/.local/lib/python3.7/site-packages/airflow/example_dags/example_sla_dag.py
[2023-10-04T08:11:42.069+0000] {logging_mixin.py:120} INFO - [2023-10-04T08:11:42.068+0000] {dag.py:2585} INFO - Sync 1 DAGs
[2023-10-04T08:11:42.126+0000] {logging_mixin.py:120} INFO - [2023-10-04T08:11:42.125+0000] {dag.py:3340} INFO - Setting next_dagrun for example_sla_dag to 2023-10-04T08:08:00+00:00, run_after=2023-10-04T08:10:00+00:00
[2023-10-04T08:11:42.217+0000] {processor.py:176} INFO - Processing /home/airflow/.local/lib/python3.7/site-packages/airflow/example_dags/example_sla_dag.py took 0.284 seconds
[2023-10-04T08:12:12.475+0000] {processor.py:154} INFO - Started process (PID=143) to work on /home/airflow/.local/lib/python3.7/site-packages/airflow/example_dags/example_sla_dag.py
[2023-10-04T08:12:12.476+0000] {processor.py:756} INFO - Processing file /home/airflow/.local/lib/python3.7/site-packages/airflow/example_dags/example_sla_dag.py for tasks to queue
[2023-10-04T08:12:12.477+0000] {logging_mixin.py:120} INFO - [2023-10-04T08:12:12.477+0000] {dagbag.py:537} INFO - Filling up the DagBag from /home/airflow/.local/lib/python3.7/site-packages/airflow/example_dags/example_sla_dag.py
[2023-10-04T08:12:12.497+0000] {processor.py:766} INFO - DAG(s) dict_keys(['example_sla_dag']) retrieved from /home/airflow/.local/lib/python3.7/site-packages/airflow/example_dags/example_sla_dag.py
[2023-10-04T08:12:12.532+0000] {logging_mixin.py:120} INFO - [2023-10-04T08:12:12.532+0000] {dag.py:2585} INFO - Sync 1 DAGs
[2023-10-04T08:12:12.559+0000] {logging_mixin.py:120} INFO - [2023-10-04T08:12:12.559+0000] {dag.py:3340} INFO - Setting next_dagrun for example_sla_dag to 2023-10-04T08:10:00+00:00, run_after=2023-10-04T08:12:00+00:00
[2023-10-04T08:12:12.582+0000] {processor.py:176} INFO - Processing /home/airflow/.local/lib/python3.7/site-packages/airflow/example_dags/example_sla_dag.py took 0.109 seconds
[2023-10-04T08:12:43.297+0000] {processor.py:154} INFO - Started process (PID=213) to work on /home/airflow/.local/lib/python3.7/site-packages/airflow/example_dags/example_sla_dag.py
[2023-10-04T08:12:43.299+0000] {processor.py:756} INFO - Processing file /home/airflow/.local/lib/python3.7/site-packages/airflow/example_dags/example_sla_dag.py for tasks to queue
[2023-10-04T08:12:43.301+0000] {logging_mixin.py:120} INFO - [2023-10-04T08:12:43.301+0000] {dagbag.py:537} INFO - Filling up the DagBag from /home/airflow/.local/lib/python3.7/site-packages/airflow/example_dags/example_sla_dag.py
[2023-10-04T08:12:43.324+0000] {processor.py:766} INFO - DAG(s) dict_keys(['example_sla_dag']) retrieved from /home/airflow/.local/lib/python3.7/site-packages/airflow/example_dags/example_sla_dag.py
[2023-10-04T08:12:43.372+0000] {logging_mixin.py:120} INFO - [2023-10-04T08:12:43.372+0000] {dag.py:2585} INFO - Sync 1 DAGs
[2023-10-04T08:12:43.398+0000] {logging_mixin.py:120} INFO - [2023-10-04T08:12:43.398+0000] {dag.py:3340} INFO - Setting next_dagrun for example_sla_dag to 2023-10-04T08:10:00+00:00, run_after=2023-10-04T08:12:00+00:00
[2023-10-04T08:12:43.423+0000] {processor.py:176} INFO - Processing /home/airflow/.local/lib/python3.7/site-packages/airflow/example_dags/example_sla_dag.py took 0.130 seconds
[2023-10-04T08:13:13.779+0000] {processor.py:154} INFO - Started process (PID=281) to work on /home/airflow/.local/lib/python3.7/site-packages/airflow/example_dags/example_sla_dag.py
[2023-10-04T08:13:13.781+0000] {processor.py:756} INFO - Processing file /home/airflow/.local/lib/python3.7/site-packages/airflow/example_dags/example_sla_dag.py for tasks to queue
[2023-10-04T08:13:13.783+0000] {logging_mixin.py:120} INFO - [2023-10-04T08:13:13.783+0000] {dagbag.py:537} INFO - Filling up the DagBag from /home/airflow/.local/lib/python3.7/site-packages/airflow/example_dags/example_sla_dag.py
[2023-10-04T08:13:13.815+0000] {processor.py:766} INFO - DAG(s) dict_keys(['example_sla_dag']) retrieved from /home/airflow/.local/lib/python3.7/site-packages/airflow/example_dags/example_sla_dag.py
[2023-10-04T08:13:13.851+0000] {logging_mixin.py:120} INFO - [2023-10-04T08:13:13.851+0000] {dag.py:2585} INFO - Sync 1 DAGs
[2023-10-04T08:13:13.879+0000] {logging_mixin.py:120} INFO - [2023-10-04T08:13:13.879+0000] {dag.py:3340} INFO - Setting next_dagrun for example_sla_dag to 2023-10-04T08:10:00+00:00, run_after=2023-10-04T08:12:00+00:00
[2023-10-04T08:13:13.900+0000] {processor.py:176} INFO - Processing /home/airflow/.local/lib/python3.7/site-packages/airflow/example_dags/example_sla_dag.py took 0.126 seconds
[2023-10-04T08:13:44.514+0000] {processor.py:154} INFO - Started process (PID=347) to work on /home/airflow/.local/lib/python3.7/site-packages/airflow/example_dags/example_sla_dag.py
[2023-10-04T08:13:44.516+0000] {processor.py:756} INFO - Processing file /home/airflow/.local/lib/python3.7/site-packages/airflow/example_dags/example_sla_dag.py for tasks to queue
[2023-10-04T08:13:44.517+0000] {logging_mixin.py:120} INFO - [2023-10-04T08:13:44.517+0000] {dagbag.py:537} INFO - Filling up the DagBag from /home/airflow/.local/lib/python3.7/site-packages/airflow/example_dags/example_sla_dag.py
[2023-10-04T08:13:44.544+0000] {processor.py:766} INFO - DAG(s) dict_keys(['example_sla_dag']) retrieved from /home/airflow/.local/lib/python3.7/site-packages/airflow/example_dags/example_sla_dag.py
[2023-10-04T08:13:44.592+0000] {logging_mixin.py:120} INFO - [2023-10-04T08:13:44.592+0000] {dag.py:2585} INFO - Sync 1 DAGs
[2023-10-04T08:13:44.627+0000] {logging_mixin.py:120} INFO - [2023-10-04T08:13:44.627+0000] {dag.py:3340} INFO - Setting next_dagrun for example_sla_dag to 2023-10-04T08:10:00+00:00, run_after=2023-10-04T08:12:00+00:00
[2023-10-04T08:13:44.656+0000] {processor.py:176} INFO - Processing /home/airflow/.local/lib/python3.7/site-packages/airflow/example_dags/example_sla_dag.py took 0.145 seconds
[2023-10-04T08:14:14.891+0000] {processor.py:154} INFO - Started process (PID=408) to work on /home/airflow/.local/lib/python3.7/site-packages/airflow/example_dags/example_sla_dag.py
[2023-10-04T08:14:14.893+0000] {processor.py:756} INFO - Processing file /home/airflow/.local/lib/python3.7/site-packages/airflow/example_dags/example_sla_dag.py for tasks to queue
[2023-10-04T08:14:14.894+0000] {logging_mixin.py:120} INFO - [2023-10-04T08:14:14.893+0000] {dagbag.py:537} INFO - Filling up the DagBag from /home/airflow/.local/lib/python3.7/site-packages/airflow/example_dags/example_sla_dag.py
[2023-10-04T08:14:14.911+0000] {processor.py:766} INFO - DAG(s) dict_keys(['example_sla_dag']) retrieved from /home/airflow/.local/lib/python3.7/site-packages/airflow/example_dags/example_sla_dag.py
[2023-10-04T08:14:14.943+0000] {logging_mixin.py:120} INFO - [2023-10-04T08:14:14.943+0000] {dag.py:2585} INFO - Sync 1 DAGs
[2023-10-04T08:14:14.966+0000] {logging_mixin.py:120} INFO - [2023-10-04T08:14:14.966+0000] {dag.py:3340} INFO - Setting next_dagrun for example_sla_dag to 2023-10-04T08:12:00+00:00, run_after=2023-10-04T08:14:00+00:00
[2023-10-04T08:14:14.982+0000] {processor.py:176} INFO - Processing /home/airflow/.local/lib/python3.7/site-packages/airflow/example_dags/example_sla_dag.py took 0.095 seconds
[2023-10-04T08:14:45.206+0000] {processor.py:154} INFO - Started process (PID=476) to work on /home/airflow/.local/lib/python3.7/site-packages/airflow/example_dags/example_sla_dag.py
[2023-10-04T08:14:45.208+0000] {processor.py:756} INFO - Processing file /home/airflow/.local/lib/python3.7/site-packages/airflow/example_dags/example_sla_dag.py for tasks to queue
[2023-10-04T08:14:45.209+0000] {logging_mixin.py:120} INFO - [2023-10-04T08:14:45.209+0000] {dagbag.py:537} INFO - Filling up the DagBag from /home/airflow/.local/lib/python3.7/site-packages/airflow/example_dags/example_sla_dag.py
[2023-10-04T08:14:45.229+0000] {processor.py:766} INFO - DAG(s) dict_keys(['example_sla_dag']) retrieved from /home/airflow/.local/lib/python3.7/site-packages/airflow/example_dags/example_sla_dag.py
[2023-10-04T08:14:45.266+0000] {logging_mixin.py:120} INFO - [2023-10-04T08:14:45.266+0000] {dag.py:2585} INFO - Sync 1 DAGs
[2023-10-04T08:14:45.296+0000] {logging_mixin.py:120} INFO - [2023-10-04T08:14:45.296+0000] {dag.py:3340} INFO - Setting next_dagrun for example_sla_dag to 2023-10-04T08:12:00+00:00, run_after=2023-10-04T08:14:00+00:00
[2023-10-04T08:14:45.320+0000] {processor.py:176} INFO - Processing /home/airflow/.local/lib/python3.7/site-packages/airflow/example_dags/example_sla_dag.py took 0.117 seconds
[2023-10-04T08:15:16.267+0000] {processor.py:154} INFO - Started process (PID=544) to work on /home/airflow/.local/lib/python3.7/site-packages/airflow/example_dags/example_sla_dag.py
[2023-10-04T08:15:16.270+0000] {processor.py:756} INFO - Processing file /home/airflow/.local/lib/python3.7/site-packages/airflow/example_dags/example_sla_dag.py for tasks to queue
[2023-10-04T08:15:16.272+0000] {logging_mixin.py:120} INFO - [2023-10-04T08:15:16.272+0000] {dagbag.py:537} INFO - Filling up the DagBag from /home/airflow/.local/lib/python3.7/site-packages/airflow/example_dags/example_sla_dag.py
[2023-10-04T08:15:16.315+0000] {processor.py:766} INFO - DAG(s) dict_keys(['example_sla_dag']) retrieved from /home/airflow/.local/lib/python3.7/site-packages/airflow/example_dags/example_sla_dag.py
[2023-10-04T08:15:16.355+0000] {logging_mixin.py:120} INFO - [2023-10-04T08:15:16.355+0000] {dag.py:2585} INFO - Sync 1 DAGs
[2023-10-04T08:15:16.380+0000] {logging_mixin.py:120} INFO - [2023-10-04T08:15:16.380+0000] {dag.py:3340} INFO - Setting next_dagrun for example_sla_dag to 2023-10-04T08:12:00+00:00, run_after=2023-10-04T08:14:00+00:00
[2023-10-04T08:15:16.401+0000] {processor.py:176} INFO - Processing /home/airflow/.local/lib/python3.7/site-packages/airflow/example_dags/example_sla_dag.py took 0.142 seconds
[2023-10-04T08:15:47.028+0000] {processor.py:154} INFO - Started process (PID=603) to work on /home/airflow/.local/lib/python3.7/site-packages/airflow/example_dags/example_sla_dag.py
[2023-10-04T08:15:47.031+0000] {processor.py:756} INFO - Processing file /home/airflow/.local/lib/python3.7/site-packages/airflow/example_dags/example_sla_dag.py for tasks to queue
[2023-10-04T08:15:47.035+0000] {logging_mixin.py:120} INFO - [2023-10-04T08:15:47.034+0000] {dagbag.py:537} INFO - Filling up the DagBag from /home/airflow/.local/lib/python3.7/site-packages/airflow/example_dags/example_sla_dag.py
[2023-10-04T08:15:47.099+0000] {processor.py:766} INFO - DAG(s) dict_keys(['example_sla_dag']) retrieved from /home/airflow/.local/lib/python3.7/site-packages/airflow/example_dags/example_sla_dag.py
[2023-10-04T08:15:47.147+0000] {logging_mixin.py:120} INFO - [2023-10-04T08:15:47.147+0000] {dag.py:2585} INFO - Sync 1 DAGs
[2023-10-04T08:15:47.171+0000] {logging_mixin.py:120} INFO - [2023-10-04T08:15:47.171+0000] {dag.py:3340} INFO - Setting next_dagrun for example_sla_dag to 2023-10-04T08:12:00+00:00, run_after=2023-10-04T08:14:00+00:00
[2023-10-04T08:15:47.196+0000] {processor.py:176} INFO - Processing /home/airflow/.local/lib/python3.7/site-packages/airflow/example_dags/example_sla_dag.py took 0.176 seconds
[2023-10-04T08:16:18.029+0000] {processor.py:154} INFO - Started process (PID=671) to work on /home/airflow/.local/lib/python3.7/site-packages/airflow/example_dags/example_sla_dag.py
[2023-10-04T08:16:18.031+0000] {processor.py:756} INFO - Processing file /home/airflow/.local/lib/python3.7/site-packages/airflow/example_dags/example_sla_dag.py for tasks to queue
[2023-10-04T08:16:18.032+0000] {logging_mixin.py:120} INFO - [2023-10-04T08:16:18.032+0000] {dagbag.py:537} INFO - Filling up the DagBag from /home/airflow/.local/lib/python3.7/site-packages/airflow/example_dags/example_sla_dag.py
[2023-10-04T08:16:18.060+0000] {processor.py:766} INFO - DAG(s) dict_keys(['example_sla_dag']) retrieved from /home/airflow/.local/lib/python3.7/site-packages/airflow/example_dags/example_sla_dag.py
[2023-10-04T08:16:18.104+0000] {logging_mixin.py:120} INFO - [2023-10-04T08:16:18.104+0000] {dag.py:2585} INFO - Sync 1 DAGs
[2023-10-04T08:16:18.139+0000] {logging_mixin.py:120} INFO - [2023-10-04T08:16:18.139+0000] {dag.py:3340} INFO - Setting next_dagrun for example_sla_dag to 2023-10-04T08:14:00+00:00, run_after=2023-10-04T08:16:00+00:00
[2023-10-04T08:16:18.162+0000] {processor.py:176} INFO - Processing /home/airflow/.local/lib/python3.7/site-packages/airflow/example_dags/example_sla_dag.py took 0.136 seconds
[2023-10-04T08:16:48.264+0000] {processor.py:154} INFO - Started process (PID=738) to work on /home/airflow/.local/lib/python3.7/site-packages/airflow/example_dags/example_sla_dag.py
[2023-10-04T08:16:48.266+0000] {processor.py:756} INFO - Processing file /home/airflow/.local/lib/python3.7/site-packages/airflow/example_dags/example_sla_dag.py for tasks to queue
[2023-10-04T08:16:48.267+0000] {logging_mixin.py:120} INFO - [2023-10-04T08:16:48.267+0000] {dagbag.py:537} INFO - Filling up the DagBag from /home/airflow/.local/lib/python3.7/site-packages/airflow/example_dags/example_sla_dag.py
[2023-10-04T08:16:48.308+0000] {processor.py:766} INFO - DAG(s) dict_keys(['example_sla_dag']) retrieved from /home/airflow/.local/lib/python3.7/site-packages/airflow/example_dags/example_sla_dag.py
[2023-10-04T08:16:48.386+0000] {logging_mixin.py:120} INFO - [2023-10-04T08:16:48.386+0000] {dag.py:2585} INFO - Sync 1 DAGs
[2023-10-04T08:16:48.418+0000] {logging_mixin.py:120} INFO - [2023-10-04T08:16:48.418+0000] {dag.py:3340} INFO - Setting next_dagrun for example_sla_dag to 2023-10-04T08:14:00+00:00, run_after=2023-10-04T08:16:00+00:00
[2023-10-04T08:16:48.446+0000] {processor.py:176} INFO - Processing /home/airflow/.local/lib/python3.7/site-packages/airflow/example_dags/example_sla_dag.py took 0.185 seconds
[2023-10-04T08:17:18.761+0000] {processor.py:154} INFO - Started process (PID=806) to work on /home/airflow/.local/lib/python3.7/site-packages/airflow/example_dags/example_sla_dag.py
[2023-10-04T08:17:18.763+0000] {processor.py:756} INFO - Processing file /home/airflow/.local/lib/python3.7/site-packages/airflow/example_dags/example_sla_dag.py for tasks to queue
[2023-10-04T08:17:18.766+0000] {logging_mixin.py:120} INFO - [2023-10-04T08:17:18.765+0000] {dagbag.py:537} INFO - Filling up the DagBag from /home/airflow/.local/lib/python3.7/site-packages/airflow/example_dags/example_sla_dag.py
[2023-10-04T08:17:18.824+0000] {processor.py:766} INFO - DAG(s) dict_keys(['example_sla_dag']) retrieved from /home/airflow/.local/lib/python3.7/site-packages/airflow/example_dags/example_sla_dag.py
[2023-10-04T08:17:18.910+0000] {logging_mixin.py:120} INFO - [2023-10-04T08:17:18.909+0000] {dag.py:2585} INFO - Sync 1 DAGs
[2023-10-04T08:17:18.969+0000] {logging_mixin.py:120} INFO - [2023-10-04T08:17:18.968+0000] {dag.py:3340} INFO - Setting next_dagrun for example_sla_dag to 2023-10-04T08:14:00+00:00, run_after=2023-10-04T08:16:00+00:00
[2023-10-04T08:17:19.035+0000] {processor.py:176} INFO - Processing /home/airflow/.local/lib/python3.7/site-packages/airflow/example_dags/example_sla_dag.py took 0.280 seconds
[2023-10-04T08:17:49.209+0000] {processor.py:154} INFO - Started process (PID=866) to work on /home/airflow/.local/lib/python3.7/site-packages/airflow/example_dags/example_sla_dag.py
[2023-10-04T08:17:49.211+0000] {processor.py:756} INFO - Processing file /home/airflow/.local/lib/python3.7/site-packages/airflow/example_dags/example_sla_dag.py for tasks to queue
[2023-10-04T08:17:49.214+0000] {logging_mixin.py:120} INFO - [2023-10-04T08:17:49.213+0000] {dagbag.py:537} INFO - Filling up the DagBag from /home/airflow/.local/lib/python3.7/site-packages/airflow/example_dags/example_sla_dag.py
[2023-10-04T08:17:49.275+0000] {processor.py:766} INFO - DAG(s) dict_keys(['example_sla_dag']) retrieved from /home/airflow/.local/lib/python3.7/site-packages/airflow/example_dags/example_sla_dag.py
[2023-10-04T08:17:49.334+0000] {logging_mixin.py:120} INFO - [2023-10-04T08:17:49.334+0000] {dag.py:2585} INFO - Sync 1 DAGs
[2023-10-04T08:17:49.378+0000] {logging_mixin.py:120} INFO - [2023-10-04T08:17:49.378+0000] {dag.py:3340} INFO - Setting next_dagrun for example_sla_dag to 2023-10-04T08:14:00+00:00, run_after=2023-10-04T08:16:00+00:00
[2023-10-04T08:17:49.437+0000] {processor.py:176} INFO - Processing /home/airflow/.local/lib/python3.7/site-packages/airflow/example_dags/example_sla_dag.py took 0.234 seconds
[2023-10-04T08:18:20.472+0000] {processor.py:154} INFO - Started process (PID=934) to work on /home/airflow/.local/lib/python3.7/site-packages/airflow/example_dags/example_sla_dag.py
[2023-10-04T08:18:20.477+0000] {processor.py:756} INFO - Processing file /home/airflow/.local/lib/python3.7/site-packages/airflow/example_dags/example_sla_dag.py for tasks to queue
[2023-10-04T08:18:20.479+0000] {logging_mixin.py:120} INFO - [2023-10-04T08:18:20.479+0000] {dagbag.py:537} INFO - Filling up the DagBag from /home/airflow/.local/lib/python3.7/site-packages/airflow/example_dags/example_sla_dag.py
[2023-10-04T08:18:20.529+0000] {processor.py:766} INFO - DAG(s) dict_keys(['example_sla_dag']) retrieved from /home/airflow/.local/lib/python3.7/site-packages/airflow/example_dags/example_sla_dag.py
[2023-10-04T08:18:20.595+0000] {logging_mixin.py:120} INFO - [2023-10-04T08:18:20.595+0000] {dag.py:2585} INFO - Sync 1 DAGs
[2023-10-04T08:18:20.630+0000] {logging_mixin.py:120} INFO - [2023-10-04T08:18:20.629+0000] {dag.py:3340} INFO - Setting next_dagrun for example_sla_dag to 2023-10-04T08:16:00+00:00, run_after=2023-10-04T08:18:00+00:00
[2023-10-04T08:18:20.666+0000] {processor.py:176} INFO - Processing /home/airflow/.local/lib/python3.7/site-packages/airflow/example_dags/example_sla_dag.py took 0.203 seconds
[2023-10-04T08:18:51.170+0000] {processor.py:154} INFO - Started process (PID=1000) to work on /home/airflow/.local/lib/python3.7/site-packages/airflow/example_dags/example_sla_dag.py
[2023-10-04T08:18:51.176+0000] {processor.py:756} INFO - Processing file /home/airflow/.local/lib/python3.7/site-packages/airflow/example_dags/example_sla_dag.py for tasks to queue
[2023-10-04T08:18:51.178+0000] {logging_mixin.py:120} INFO - [2023-10-04T08:18:51.177+0000] {dagbag.py:537} INFO - Filling up the DagBag from /home/airflow/.local/lib/python3.7/site-packages/airflow/example_dags/example_sla_dag.py
[2023-10-04T08:18:51.233+0000] {processor.py:766} INFO - DAG(s) dict_keys(['example_sla_dag']) retrieved from /home/airflow/.local/lib/python3.7/site-packages/airflow/example_dags/example_sla_dag.py
[2023-10-04T08:18:51.313+0000] {logging_mixin.py:120} INFO - [2023-10-04T08:18:51.312+0000] {dag.py:2585} INFO - Sync 1 DAGs
[2023-10-04T08:18:51.362+0000] {logging_mixin.py:120} INFO - [2023-10-04T08:18:51.361+0000] {dag.py:3340} INFO - Setting next_dagrun for example_sla_dag to 2023-10-04T08:16:00+00:00, run_after=2023-10-04T08:18:00+00:00
[2023-10-04T08:18:51.400+0000] {processor.py:176} INFO - Processing /home/airflow/.local/lib/python3.7/site-packages/airflow/example_dags/example_sla_dag.py took 0.239 seconds
[2023-10-04T08:19:21.721+0000] {processor.py:154} INFO - Started process (PID=1061) to work on /home/airflow/.local/lib/python3.7/site-packages/airflow/example_dags/example_sla_dag.py
[2023-10-04T08:19:21.724+0000] {processor.py:756} INFO - Processing file /home/airflow/.local/lib/python3.7/site-packages/airflow/example_dags/example_sla_dag.py for tasks to queue
[2023-10-04T08:19:21.729+0000] {logging_mixin.py:120} INFO - [2023-10-04T08:19:21.729+0000] {dagbag.py:537} INFO - Filling up the DagBag from /home/airflow/.local/lib/python3.7/site-packages/airflow/example_dags/example_sla_dag.py
[2023-10-04T08:19:21.778+0000] {processor.py:766} INFO - DAG(s) dict_keys(['example_sla_dag']) retrieved from /home/airflow/.local/lib/python3.7/site-packages/airflow/example_dags/example_sla_dag.py
[2023-10-04T08:19:21.840+0000] {logging_mixin.py:120} INFO - [2023-10-04T08:19:21.839+0000] {dag.py:2585} INFO - Sync 1 DAGs
[2023-10-04T08:19:21.887+0000] {logging_mixin.py:120} INFO - [2023-10-04T08:19:21.887+0000] {dag.py:3340} INFO - Setting next_dagrun for example_sla_dag to 2023-10-04T08:16:00+00:00, run_after=2023-10-04T08:18:00+00:00
[2023-10-04T08:19:21.918+0000] {processor.py:176} INFO - Processing /home/airflow/.local/lib/python3.7/site-packages/airflow/example_dags/example_sla_dag.py took 0.206 seconds
[2023-10-04T08:19:53.166+0000] {processor.py:154} INFO - Started process (PID=1129) to work on /home/airflow/.local/lib/python3.7/site-packages/airflow/example_dags/example_sla_dag.py
[2023-10-04T08:19:53.168+0000] {processor.py:756} INFO - Processing file /home/airflow/.local/lib/python3.7/site-packages/airflow/example_dags/example_sla_dag.py for tasks to queue
[2023-10-04T08:19:53.170+0000] {logging_mixin.py:120} INFO - [2023-10-04T08:19:53.170+0000] {dagbag.py:537} INFO - Filling up the DagBag from /home/airflow/.local/lib/python3.7/site-packages/airflow/example_dags/example_sla_dag.py
[2023-10-04T08:19:53.248+0000] {processor.py:766} INFO - DAG(s) dict_keys(['example_sla_dag']) retrieved from /home/airflow/.local/lib/python3.7/site-packages/airflow/example_dags/example_sla_dag.py
[2023-10-04T08:19:53.304+0000] {logging_mixin.py:120} INFO - [2023-10-04T08:19:53.304+0000] {dag.py:2585} INFO - Sync 1 DAGs
[2023-10-04T08:19:53.336+0000] {logging_mixin.py:120} INFO - [2023-10-04T08:19:53.336+0000] {dag.py:3340} INFO - Setting next_dagrun for example_sla_dag to 2023-10-04T08:16:00+00:00, run_after=2023-10-04T08:18:00+00:00
[2023-10-04T08:19:53.366+0000] {processor.py:176} INFO - Processing /home/airflow/.local/lib/python3.7/site-packages/airflow/example_dags/example_sla_dag.py took 0.209 seconds
