[2023-10-04T07:42:32.146+0000] {processor.py:154} INFO - Started process (PID=79) to work on /home/airflow/.local/lib/python3.7/site-packages/airflow/example_dags/example_branch_operator.py
[2023-10-04T07:42:32.148+0000] {processor.py:756} INFO - Processing file /home/airflow/.local/lib/python3.7/site-packages/airflow/example_dags/example_branch_operator.py for tasks to queue
[2023-10-04T07:42:32.151+0000] {logging_mixin.py:120} INFO - [2023-10-04T07:42:32.150+0000] {dagbag.py:537} INFO - Filling up the DagBag from /home/airflow/.local/lib/python3.7/site-packages/airflow/example_dags/example_branch_operator.py
[2023-10-04T07:42:32.184+0000] {processor.py:766} INFO - DAG(s) dict_keys(['example_branch_operator']) retrieved from /home/airflow/.local/lib/python3.7/site-packages/airflow/example_dags/example_branch_operator.py
[2023-10-04T07:42:32.243+0000] {logging_mixin.py:120} INFO - [2023-10-04T07:42:32.243+0000] {dag.py:2585} INFO - Sync 1 DAGs
[2023-10-04T07:42:32.275+0000] {logging_mixin.py:120} INFO - [2023-10-04T07:42:32.275+0000] {dag.py:3340} INFO - Setting next_dagrun for example_branch_operator to 2023-10-03T00:00:00+00:00, run_after=2023-10-04T00:00:00+00:00
[2023-10-04T07:42:32.311+0000] {processor.py:176} INFO - Processing /home/airflow/.local/lib/python3.7/site-packages/airflow/example_dags/example_branch_operator.py took 0.169 seconds
[2023-10-04T07:43:03.109+0000] {processor.py:154} INFO - Started process (PID=137) to work on /home/airflow/.local/lib/python3.7/site-packages/airflow/example_dags/example_branch_operator.py
[2023-10-04T07:43:03.113+0000] {processor.py:756} INFO - Processing file /home/airflow/.local/lib/python3.7/site-packages/airflow/example_dags/example_branch_operator.py for tasks to queue
[2023-10-04T07:43:03.118+0000] {logging_mixin.py:120} INFO - [2023-10-04T07:43:03.117+0000] {dagbag.py:537} INFO - Filling up the DagBag from /home/airflow/.local/lib/python3.7/site-packages/airflow/example_dags/example_branch_operator.py
[2023-10-04T07:43:03.143+0000] {processor.py:766} INFO - DAG(s) dict_keys(['example_branch_operator']) retrieved from /home/airflow/.local/lib/python3.7/site-packages/airflow/example_dags/example_branch_operator.py
[2023-10-04T07:43:03.187+0000] {logging_mixin.py:120} INFO - [2023-10-04T07:43:03.187+0000] {dag.py:2585} INFO - Sync 1 DAGs
[2023-10-04T07:43:03.215+0000] {logging_mixin.py:120} INFO - [2023-10-04T07:43:03.215+0000] {dag.py:3340} INFO - Setting next_dagrun for example_branch_operator to 2023-10-03T00:00:00+00:00, run_after=2023-10-04T00:00:00+00:00
[2023-10-04T07:43:03.242+0000] {processor.py:176} INFO - Processing /home/airflow/.local/lib/python3.7/site-packages/airflow/example_dags/example_branch_operator.py took 0.141 seconds
[2023-10-04T07:43:34.122+0000] {processor.py:154} INFO - Started process (PID=205) to work on /home/airflow/.local/lib/python3.7/site-packages/airflow/example_dags/example_branch_operator.py
[2023-10-04T07:43:34.124+0000] {processor.py:756} INFO - Processing file /home/airflow/.local/lib/python3.7/site-packages/airflow/example_dags/example_branch_operator.py for tasks to queue
[2023-10-04T07:43:34.127+0000] {logging_mixin.py:120} INFO - [2023-10-04T07:43:34.127+0000] {dagbag.py:537} INFO - Filling up the DagBag from /home/airflow/.local/lib/python3.7/site-packages/airflow/example_dags/example_branch_operator.py
[2023-10-04T07:43:34.155+0000] {processor.py:766} INFO - DAG(s) dict_keys(['example_branch_operator']) retrieved from /home/airflow/.local/lib/python3.7/site-packages/airflow/example_dags/example_branch_operator.py
[2023-10-04T07:43:34.210+0000] {logging_mixin.py:120} INFO - [2023-10-04T07:43:34.209+0000] {dag.py:2585} INFO - Sync 1 DAGs
[2023-10-04T07:43:34.259+0000] {logging_mixin.py:120} INFO - [2023-10-04T07:43:34.259+0000] {dag.py:3340} INFO - Setting next_dagrun for example_branch_operator to 2023-10-03T00:00:00+00:00, run_after=2023-10-04T00:00:00+00:00
[2023-10-04T07:43:34.291+0000] {processor.py:176} INFO - Processing /home/airflow/.local/lib/python3.7/site-packages/airflow/example_dags/example_branch_operator.py took 0.173 seconds
[2023-10-04T07:44:04.798+0000] {processor.py:154} INFO - Started process (PID=272) to work on /home/airflow/.local/lib/python3.7/site-packages/airflow/example_dags/example_branch_operator.py
[2023-10-04T07:44:04.799+0000] {processor.py:756} INFO - Processing file /home/airflow/.local/lib/python3.7/site-packages/airflow/example_dags/example_branch_operator.py for tasks to queue
[2023-10-04T07:44:04.800+0000] {logging_mixin.py:120} INFO - [2023-10-04T07:44:04.800+0000] {dagbag.py:537} INFO - Filling up the DagBag from /home/airflow/.local/lib/python3.7/site-packages/airflow/example_dags/example_branch_operator.py
[2023-10-04T07:44:04.814+0000] {processor.py:766} INFO - DAG(s) dict_keys(['example_branch_operator']) retrieved from /home/airflow/.local/lib/python3.7/site-packages/airflow/example_dags/example_branch_operator.py
[2023-10-04T07:44:04.859+0000] {logging_mixin.py:120} INFO - [2023-10-04T07:44:04.859+0000] {dag.py:2585} INFO - Sync 1 DAGs
[2023-10-04T07:44:04.883+0000] {logging_mixin.py:120} INFO - [2023-10-04T07:44:04.883+0000] {dag.py:3340} INFO - Setting next_dagrun for example_branch_operator to 2023-10-03T00:00:00+00:00, run_after=2023-10-04T00:00:00+00:00
[2023-10-04T07:44:04.908+0000] {processor.py:176} INFO - Processing /home/airflow/.local/lib/python3.7/site-packages/airflow/example_dags/example_branch_operator.py took 0.113 seconds
[2023-10-04T07:44:35.424+0000] {processor.py:154} INFO - Started process (PID=330) to work on /home/airflow/.local/lib/python3.7/site-packages/airflow/example_dags/example_branch_operator.py
[2023-10-04T07:44:35.426+0000] {processor.py:756} INFO - Processing file /home/airflow/.local/lib/python3.7/site-packages/airflow/example_dags/example_branch_operator.py for tasks to queue
[2023-10-04T07:44:35.427+0000] {logging_mixin.py:120} INFO - [2023-10-04T07:44:35.427+0000] {dagbag.py:537} INFO - Filling up the DagBag from /home/airflow/.local/lib/python3.7/site-packages/airflow/example_dags/example_branch_operator.py
[2023-10-04T07:44:35.443+0000] {processor.py:766} INFO - DAG(s) dict_keys(['example_branch_operator']) retrieved from /home/airflow/.local/lib/python3.7/site-packages/airflow/example_dags/example_branch_operator.py
[2023-10-04T07:44:35.480+0000] {logging_mixin.py:120} INFO - [2023-10-04T07:44:35.480+0000] {dag.py:2585} INFO - Sync 1 DAGs
[2023-10-04T07:44:35.503+0000] {logging_mixin.py:120} INFO - [2023-10-04T07:44:35.503+0000] {dag.py:3340} INFO - Setting next_dagrun for example_branch_operator to 2023-10-03T00:00:00+00:00, run_after=2023-10-04T00:00:00+00:00
[2023-10-04T07:44:35.526+0000] {processor.py:176} INFO - Processing /home/airflow/.local/lib/python3.7/site-packages/airflow/example_dags/example_branch_operator.py took 0.107 seconds
[2023-10-04T07:45:05.990+0000] {processor.py:154} INFO - Started process (PID=397) to work on /home/airflow/.local/lib/python3.7/site-packages/airflow/example_dags/example_branch_operator.py
[2023-10-04T07:45:05.992+0000] {processor.py:756} INFO - Processing file /home/airflow/.local/lib/python3.7/site-packages/airflow/example_dags/example_branch_operator.py for tasks to queue
[2023-10-04T07:45:05.993+0000] {logging_mixin.py:120} INFO - [2023-10-04T07:45:05.993+0000] {dagbag.py:537} INFO - Filling up the DagBag from /home/airflow/.local/lib/python3.7/site-packages/airflow/example_dags/example_branch_operator.py
[2023-10-04T07:45:06.008+0000] {processor.py:766} INFO - DAG(s) dict_keys(['example_branch_operator']) retrieved from /home/airflow/.local/lib/python3.7/site-packages/airflow/example_dags/example_branch_operator.py
[2023-10-04T07:45:06.077+0000] {logging_mixin.py:120} INFO - [2023-10-04T07:45:06.077+0000] {dag.py:2585} INFO - Sync 1 DAGs
[2023-10-04T07:45:06.100+0000] {logging_mixin.py:120} INFO - [2023-10-04T07:45:06.099+0000] {dag.py:3340} INFO - Setting next_dagrun for example_branch_operator to 2023-10-03T00:00:00+00:00, run_after=2023-10-04T00:00:00+00:00
[2023-10-04T07:45:06.121+0000] {processor.py:176} INFO - Processing /home/airflow/.local/lib/python3.7/site-packages/airflow/example_dags/example_branch_operator.py took 0.133 seconds
[2023-10-04T07:45:36.693+0000] {processor.py:154} INFO - Started process (PID=464) to work on /home/airflow/.local/lib/python3.7/site-packages/airflow/example_dags/example_branch_operator.py
[2023-10-04T07:45:36.694+0000] {processor.py:756} INFO - Processing file /home/airflow/.local/lib/python3.7/site-packages/airflow/example_dags/example_branch_operator.py for tasks to queue
[2023-10-04T07:45:36.695+0000] {logging_mixin.py:120} INFO - [2023-10-04T07:45:36.695+0000] {dagbag.py:537} INFO - Filling up the DagBag from /home/airflow/.local/lib/python3.7/site-packages/airflow/example_dags/example_branch_operator.py
[2023-10-04T07:45:36.714+0000] {processor.py:766} INFO - DAG(s) dict_keys(['example_branch_operator']) retrieved from /home/airflow/.local/lib/python3.7/site-packages/airflow/example_dags/example_branch_operator.py
[2023-10-04T07:45:36.755+0000] {logging_mixin.py:120} INFO - [2023-10-04T07:45:36.755+0000] {dag.py:2585} INFO - Sync 1 DAGs
[2023-10-04T07:45:36.779+0000] {logging_mixin.py:120} INFO - [2023-10-04T07:45:36.779+0000] {dag.py:3340} INFO - Setting next_dagrun for example_branch_operator to 2023-10-03T00:00:00+00:00, run_after=2023-10-04T00:00:00+00:00
[2023-10-04T07:45:36.804+0000] {processor.py:176} INFO - Processing /home/airflow/.local/lib/python3.7/site-packages/airflow/example_dags/example_branch_operator.py took 0.115 seconds
[2023-10-04T07:46:06.971+0000] {processor.py:154} INFO - Started process (PID=531) to work on /home/airflow/.local/lib/python3.7/site-packages/airflow/example_dags/example_branch_operator.py
[2023-10-04T07:46:06.973+0000] {processor.py:756} INFO - Processing file /home/airflow/.local/lib/python3.7/site-packages/airflow/example_dags/example_branch_operator.py for tasks to queue
[2023-10-04T07:46:06.974+0000] {logging_mixin.py:120} INFO - [2023-10-04T07:46:06.974+0000] {dagbag.py:537} INFO - Filling up the DagBag from /home/airflow/.local/lib/python3.7/site-packages/airflow/example_dags/example_branch_operator.py
[2023-10-04T07:46:06.994+0000] {processor.py:766} INFO - DAG(s) dict_keys(['example_branch_operator']) retrieved from /home/airflow/.local/lib/python3.7/site-packages/airflow/example_dags/example_branch_operator.py
[2023-10-04T07:46:07.042+0000] {logging_mixin.py:120} INFO - [2023-10-04T07:46:07.041+0000] {dag.py:2585} INFO - Sync 1 DAGs
[2023-10-04T07:46:07.067+0000] {logging_mixin.py:120} INFO - [2023-10-04T07:46:07.067+0000] {dag.py:3340} INFO - Setting next_dagrun for example_branch_operator to 2023-10-03T00:00:00+00:00, run_after=2023-10-04T00:00:00+00:00
[2023-10-04T07:46:07.089+0000] {processor.py:176} INFO - Processing /home/airflow/.local/lib/python3.7/site-packages/airflow/example_dags/example_branch_operator.py took 0.121 seconds
[2023-10-04T07:46:37.294+0000] {processor.py:154} INFO - Started process (PID=589) to work on /home/airflow/.local/lib/python3.7/site-packages/airflow/example_dags/example_branch_operator.py
[2023-10-04T07:46:37.296+0000] {processor.py:756} INFO - Processing file /home/airflow/.local/lib/python3.7/site-packages/airflow/example_dags/example_branch_operator.py for tasks to queue
[2023-10-04T07:46:37.297+0000] {logging_mixin.py:120} INFO - [2023-10-04T07:46:37.297+0000] {dagbag.py:537} INFO - Filling up the DagBag from /home/airflow/.local/lib/python3.7/site-packages/airflow/example_dags/example_branch_operator.py
[2023-10-04T07:46:37.313+0000] {processor.py:766} INFO - DAG(s) dict_keys(['example_branch_operator']) retrieved from /home/airflow/.local/lib/python3.7/site-packages/airflow/example_dags/example_branch_operator.py
[2023-10-04T07:46:37.352+0000] {logging_mixin.py:120} INFO - [2023-10-04T07:46:37.351+0000] {dag.py:2585} INFO - Sync 1 DAGs
[2023-10-04T07:46:37.375+0000] {logging_mixin.py:120} INFO - [2023-10-04T07:46:37.375+0000] {dag.py:3340} INFO - Setting next_dagrun for example_branch_operator to 2023-10-03T00:00:00+00:00, run_after=2023-10-04T00:00:00+00:00
[2023-10-04T07:46:37.399+0000] {processor.py:176} INFO - Processing /home/airflow/.local/lib/python3.7/site-packages/airflow/example_dags/example_branch_operator.py took 0.110 seconds
[2023-10-04T07:47:07.918+0000] {processor.py:154} INFO - Started process (PID=656) to work on /home/airflow/.local/lib/python3.7/site-packages/airflow/example_dags/example_branch_operator.py
[2023-10-04T07:47:07.921+0000] {processor.py:756} INFO - Processing file /home/airflow/.local/lib/python3.7/site-packages/airflow/example_dags/example_branch_operator.py for tasks to queue
[2023-10-04T07:47:07.923+0000] {logging_mixin.py:120} INFO - [2023-10-04T07:47:07.923+0000] {dagbag.py:537} INFO - Filling up the DagBag from /home/airflow/.local/lib/python3.7/site-packages/airflow/example_dags/example_branch_operator.py
[2023-10-04T07:47:07.942+0000] {processor.py:766} INFO - DAG(s) dict_keys(['example_branch_operator']) retrieved from /home/airflow/.local/lib/python3.7/site-packages/airflow/example_dags/example_branch_operator.py
[2023-10-04T07:47:07.978+0000] {logging_mixin.py:120} INFO - [2023-10-04T07:47:07.978+0000] {dag.py:2585} INFO - Sync 1 DAGs
[2023-10-04T07:47:08.002+0000] {logging_mixin.py:120} INFO - [2023-10-04T07:47:08.002+0000] {dag.py:3340} INFO - Setting next_dagrun for example_branch_operator to 2023-10-03T00:00:00+00:00, run_after=2023-10-04T00:00:00+00:00
[2023-10-04T07:47:08.023+0000] {processor.py:176} INFO - Processing /home/airflow/.local/lib/python3.7/site-packages/airflow/example_dags/example_branch_operator.py took 0.111 seconds
[2023-10-04T07:47:38.251+0000] {processor.py:154} INFO - Started process (PID=723) to work on /home/airflow/.local/lib/python3.7/site-packages/airflow/example_dags/example_branch_operator.py
[2023-10-04T07:47:38.252+0000] {processor.py:756} INFO - Processing file /home/airflow/.local/lib/python3.7/site-packages/airflow/example_dags/example_branch_operator.py for tasks to queue
[2023-10-04T07:47:38.254+0000] {logging_mixin.py:120} INFO - [2023-10-04T07:47:38.254+0000] {dagbag.py:537} INFO - Filling up the DagBag from /home/airflow/.local/lib/python3.7/site-packages/airflow/example_dags/example_branch_operator.py
[2023-10-04T07:47:38.269+0000] {processor.py:766} INFO - DAG(s) dict_keys(['example_branch_operator']) retrieved from /home/airflow/.local/lib/python3.7/site-packages/airflow/example_dags/example_branch_operator.py
[2023-10-04T07:47:38.306+0000] {logging_mixin.py:120} INFO - [2023-10-04T07:47:38.305+0000] {dag.py:2585} INFO - Sync 1 DAGs
[2023-10-04T07:47:38.328+0000] {logging_mixin.py:120} INFO - [2023-10-04T07:47:38.328+0000] {dag.py:3340} INFO - Setting next_dagrun for example_branch_operator to 2023-10-03T00:00:00+00:00, run_after=2023-10-04T00:00:00+00:00
[2023-10-04T07:47:38.350+0000] {processor.py:176} INFO - Processing /home/airflow/.local/lib/python3.7/site-packages/airflow/example_dags/example_branch_operator.py took 0.104 seconds
[2023-10-04T07:48:08.788+0000] {processor.py:154} INFO - Started process (PID=790) to work on /home/airflow/.local/lib/python3.7/site-packages/airflow/example_dags/example_branch_operator.py
[2023-10-04T07:48:08.790+0000] {processor.py:756} INFO - Processing file /home/airflow/.local/lib/python3.7/site-packages/airflow/example_dags/example_branch_operator.py for tasks to queue
[2023-10-04T07:48:08.791+0000] {logging_mixin.py:120} INFO - [2023-10-04T07:48:08.791+0000] {dagbag.py:537} INFO - Filling up the DagBag from /home/airflow/.local/lib/python3.7/site-packages/airflow/example_dags/example_branch_operator.py
[2023-10-04T07:48:08.809+0000] {processor.py:766} INFO - DAG(s) dict_keys(['example_branch_operator']) retrieved from /home/airflow/.local/lib/python3.7/site-packages/airflow/example_dags/example_branch_operator.py
[2023-10-04T07:48:08.851+0000] {logging_mixin.py:120} INFO - [2023-10-04T07:48:08.851+0000] {dag.py:2585} INFO - Sync 1 DAGs
[2023-10-04T07:48:08.876+0000] {logging_mixin.py:120} INFO - [2023-10-04T07:48:08.876+0000] {dag.py:3340} INFO - Setting next_dagrun for example_branch_operator to 2023-10-03T00:00:00+00:00, run_after=2023-10-04T00:00:00+00:00
[2023-10-04T07:48:08.901+0000] {processor.py:176} INFO - Processing /home/airflow/.local/lib/python3.7/site-packages/airflow/example_dags/example_branch_operator.py took 0.116 seconds
[2023-10-04T07:48:39.927+0000] {processor.py:154} INFO - Started process (PID=848) to work on /home/airflow/.local/lib/python3.7/site-packages/airflow/example_dags/example_branch_operator.py
[2023-10-04T07:48:39.936+0000] {processor.py:756} INFO - Processing file /home/airflow/.local/lib/python3.7/site-packages/airflow/example_dags/example_branch_operator.py for tasks to queue
[2023-10-04T07:48:39.940+0000] {logging_mixin.py:120} INFO - [2023-10-04T07:48:39.939+0000] {dagbag.py:537} INFO - Filling up the DagBag from /home/airflow/.local/lib/python3.7/site-packages/airflow/example_dags/example_branch_operator.py
[2023-10-04T07:48:39.967+0000] {processor.py:766} INFO - DAG(s) dict_keys(['example_branch_operator']) retrieved from /home/airflow/.local/lib/python3.7/site-packages/airflow/example_dags/example_branch_operator.py
[2023-10-04T07:48:40.063+0000] {logging_mixin.py:120} INFO - [2023-10-04T07:48:40.063+0000] {dag.py:2585} INFO - Sync 1 DAGs
[2023-10-04T07:48:40.106+0000] {logging_mixin.py:120} INFO - [2023-10-04T07:48:40.106+0000] {dag.py:3340} INFO - Setting next_dagrun for example_branch_operator to 2023-10-03T00:00:00+00:00, run_after=2023-10-04T00:00:00+00:00
[2023-10-04T07:48:40.151+0000] {processor.py:176} INFO - Processing /home/airflow/.local/lib/python3.7/site-packages/airflow/example_dags/example_branch_operator.py took 0.236 seconds
[2023-10-04T07:49:10.523+0000] {processor.py:154} INFO - Started process (PID=915) to work on /home/airflow/.local/lib/python3.7/site-packages/airflow/example_dags/example_branch_operator.py
[2023-10-04T07:49:10.525+0000] {processor.py:756} INFO - Processing file /home/airflow/.local/lib/python3.7/site-packages/airflow/example_dags/example_branch_operator.py for tasks to queue
[2023-10-04T07:49:10.526+0000] {logging_mixin.py:120} INFO - [2023-10-04T07:49:10.526+0000] {dagbag.py:537} INFO - Filling up the DagBag from /home/airflow/.local/lib/python3.7/site-packages/airflow/example_dags/example_branch_operator.py
[2023-10-04T07:49:10.542+0000] {processor.py:766} INFO - DAG(s) dict_keys(['example_branch_operator']) retrieved from /home/airflow/.local/lib/python3.7/site-packages/airflow/example_dags/example_branch_operator.py
[2023-10-04T07:49:10.583+0000] {logging_mixin.py:120} INFO - [2023-10-04T07:49:10.583+0000] {dag.py:2585} INFO - Sync 1 DAGs
[2023-10-04T07:49:10.612+0000] {logging_mixin.py:120} INFO - [2023-10-04T07:49:10.611+0000] {dag.py:3340} INFO - Setting next_dagrun for example_branch_operator to 2023-10-03T00:00:00+00:00, run_after=2023-10-04T00:00:00+00:00
[2023-10-04T07:49:10.636+0000] {processor.py:176} INFO - Processing /home/airflow/.local/lib/python3.7/site-packages/airflow/example_dags/example_branch_operator.py took 0.116 seconds
[2023-10-04T07:49:41.346+0000] {processor.py:154} INFO - Started process (PID=983) to work on /home/airflow/.local/lib/python3.7/site-packages/airflow/example_dags/example_branch_operator.py
[2023-10-04T07:49:41.348+0000] {processor.py:756} INFO - Processing file /home/airflow/.local/lib/python3.7/site-packages/airflow/example_dags/example_branch_operator.py for tasks to queue
[2023-10-04T07:49:41.350+0000] {logging_mixin.py:120} INFO - [2023-10-04T07:49:41.350+0000] {dagbag.py:537} INFO - Filling up the DagBag from /home/airflow/.local/lib/python3.7/site-packages/airflow/example_dags/example_branch_operator.py
[2023-10-04T07:49:41.366+0000] {processor.py:766} INFO - DAG(s) dict_keys(['example_branch_operator']) retrieved from /home/airflow/.local/lib/python3.7/site-packages/airflow/example_dags/example_branch_operator.py
[2023-10-04T07:49:41.405+0000] {logging_mixin.py:120} INFO - [2023-10-04T07:49:41.405+0000] {dag.py:2585} INFO - Sync 1 DAGs
[2023-10-04T07:49:41.428+0000] {logging_mixin.py:120} INFO - [2023-10-04T07:49:41.428+0000] {dag.py:3340} INFO - Setting next_dagrun for example_branch_operator to 2023-10-03T00:00:00+00:00, run_after=2023-10-04T00:00:00+00:00
[2023-10-04T07:49:41.449+0000] {processor.py:176} INFO - Processing /home/airflow/.local/lib/python3.7/site-packages/airflow/example_dags/example_branch_operator.py took 0.107 seconds
[2023-10-04T07:50:11.675+0000] {processor.py:154} INFO - Started process (PID=1041) to work on /home/airflow/.local/lib/python3.7/site-packages/airflow/example_dags/example_branch_operator.py
[2023-10-04T07:50:11.677+0000] {processor.py:756} INFO - Processing file /home/airflow/.local/lib/python3.7/site-packages/airflow/example_dags/example_branch_operator.py for tasks to queue
[2023-10-04T07:50:11.679+0000] {logging_mixin.py:120} INFO - [2023-10-04T07:50:11.679+0000] {dagbag.py:537} INFO - Filling up the DagBag from /home/airflow/.local/lib/python3.7/site-packages/airflow/example_dags/example_branch_operator.py
[2023-10-04T07:50:11.700+0000] {processor.py:766} INFO - DAG(s) dict_keys(['example_branch_operator']) retrieved from /home/airflow/.local/lib/python3.7/site-packages/airflow/example_dags/example_branch_operator.py
[2023-10-04T07:50:11.756+0000] {logging_mixin.py:120} INFO - [2023-10-04T07:50:11.755+0000] {dag.py:2585} INFO - Sync 1 DAGs
[2023-10-04T07:50:11.785+0000] {logging_mixin.py:120} INFO - [2023-10-04T07:50:11.785+0000] {dag.py:3340} INFO - Setting next_dagrun for example_branch_operator to 2023-10-03T00:00:00+00:00, run_after=2023-10-04T00:00:00+00:00
[2023-10-04T07:50:11.807+0000] {processor.py:176} INFO - Processing /home/airflow/.local/lib/python3.7/site-packages/airflow/example_dags/example_branch_operator.py took 0.139 seconds
[2023-10-04T07:50:42.255+0000] {processor.py:154} INFO - Started process (PID=1108) to work on /home/airflow/.local/lib/python3.7/site-packages/airflow/example_dags/example_branch_operator.py
[2023-10-04T07:50:42.257+0000] {processor.py:756} INFO - Processing file /home/airflow/.local/lib/python3.7/site-packages/airflow/example_dags/example_branch_operator.py for tasks to queue
[2023-10-04T07:50:42.258+0000] {logging_mixin.py:120} INFO - [2023-10-04T07:50:42.258+0000] {dagbag.py:537} INFO - Filling up the DagBag from /home/airflow/.local/lib/python3.7/site-packages/airflow/example_dags/example_branch_operator.py
[2023-10-04T07:50:42.272+0000] {processor.py:766} INFO - DAG(s) dict_keys(['example_branch_operator']) retrieved from /home/airflow/.local/lib/python3.7/site-packages/airflow/example_dags/example_branch_operator.py
[2023-10-04T07:50:42.310+0000] {logging_mixin.py:120} INFO - [2023-10-04T07:50:42.310+0000] {dag.py:2585} INFO - Sync 1 DAGs
[2023-10-04T07:50:42.337+0000] {logging_mixin.py:120} INFO - [2023-10-04T07:50:42.337+0000] {dag.py:3340} INFO - Setting next_dagrun for example_branch_operator to 2023-10-03T00:00:00+00:00, run_after=2023-10-04T00:00:00+00:00
[2023-10-04T07:50:42.362+0000] {processor.py:176} INFO - Processing /home/airflow/.local/lib/python3.7/site-packages/airflow/example_dags/example_branch_operator.py took 0.110 seconds
[2023-10-04T07:51:12.833+0000] {processor.py:154} INFO - Started process (PID=1176) to work on /home/airflow/.local/lib/python3.7/site-packages/airflow/example_dags/example_branch_operator.py
[2023-10-04T07:51:12.834+0000] {processor.py:756} INFO - Processing file /home/airflow/.local/lib/python3.7/site-packages/airflow/example_dags/example_branch_operator.py for tasks to queue
[2023-10-04T07:51:12.836+0000] {logging_mixin.py:120} INFO - [2023-10-04T07:51:12.835+0000] {dagbag.py:537} INFO - Filling up the DagBag from /home/airflow/.local/lib/python3.7/site-packages/airflow/example_dags/example_branch_operator.py
[2023-10-04T07:51:12.858+0000] {processor.py:766} INFO - DAG(s) dict_keys(['example_branch_operator']) retrieved from /home/airflow/.local/lib/python3.7/site-packages/airflow/example_dags/example_branch_operator.py
[2023-10-04T07:51:12.900+0000] {logging_mixin.py:120} INFO - [2023-10-04T07:51:12.899+0000] {dag.py:2585} INFO - Sync 1 DAGs
[2023-10-04T07:51:12.928+0000] {logging_mixin.py:120} INFO - [2023-10-04T07:51:12.927+0000] {dag.py:3340} INFO - Setting next_dagrun for example_branch_operator to 2023-10-03T00:00:00+00:00, run_after=2023-10-04T00:00:00+00:00
[2023-10-04T07:51:12.951+0000] {processor.py:176} INFO - Processing /home/airflow/.local/lib/python3.7/site-packages/airflow/example_dags/example_branch_operator.py took 0.121 seconds
[2023-10-04T07:51:43.066+0000] {processor.py:154} INFO - Started process (PID=1242) to work on /home/airflow/.local/lib/python3.7/site-packages/airflow/example_dags/example_branch_operator.py
[2023-10-04T07:51:43.067+0000] {processor.py:756} INFO - Processing file /home/airflow/.local/lib/python3.7/site-packages/airflow/example_dags/example_branch_operator.py for tasks to queue
[2023-10-04T07:51:43.069+0000] {logging_mixin.py:120} INFO - [2023-10-04T07:51:43.069+0000] {dagbag.py:537} INFO - Filling up the DagBag from /home/airflow/.local/lib/python3.7/site-packages/airflow/example_dags/example_branch_operator.py
[2023-10-04T07:51:43.090+0000] {processor.py:766} INFO - DAG(s) dict_keys(['example_branch_operator']) retrieved from /home/airflow/.local/lib/python3.7/site-packages/airflow/example_dags/example_branch_operator.py
[2023-10-04T07:51:43.133+0000] {logging_mixin.py:120} INFO - [2023-10-04T07:51:43.132+0000] {dag.py:2585} INFO - Sync 1 DAGs
[2023-10-04T07:51:43.158+0000] {logging_mixin.py:120} INFO - [2023-10-04T07:51:43.158+0000] {dag.py:3340} INFO - Setting next_dagrun for example_branch_operator to 2023-10-03T00:00:00+00:00, run_after=2023-10-04T00:00:00+00:00
[2023-10-04T07:51:43.187+0000] {processor.py:176} INFO - Processing /home/airflow/.local/lib/python3.7/site-packages/airflow/example_dags/example_branch_operator.py took 0.126 seconds
[2023-10-04T07:52:13.730+0000] {processor.py:154} INFO - Started process (PID=1301) to work on /home/airflow/.local/lib/python3.7/site-packages/airflow/example_dags/example_branch_operator.py
[2023-10-04T07:52:13.732+0000] {processor.py:756} INFO - Processing file /home/airflow/.local/lib/python3.7/site-packages/airflow/example_dags/example_branch_operator.py for tasks to queue
[2023-10-04T07:52:13.733+0000] {logging_mixin.py:120} INFO - [2023-10-04T07:52:13.733+0000] {dagbag.py:537} INFO - Filling up the DagBag from /home/airflow/.local/lib/python3.7/site-packages/airflow/example_dags/example_branch_operator.py
[2023-10-04T07:52:13.754+0000] {processor.py:766} INFO - DAG(s) dict_keys(['example_branch_operator']) retrieved from /home/airflow/.local/lib/python3.7/site-packages/airflow/example_dags/example_branch_operator.py
[2023-10-04T07:52:13.792+0000] {logging_mixin.py:120} INFO - [2023-10-04T07:52:13.792+0000] {dag.py:2585} INFO - Sync 1 DAGs
[2023-10-04T07:52:13.820+0000] {logging_mixin.py:120} INFO - [2023-10-04T07:52:13.820+0000] {dag.py:3340} INFO - Setting next_dagrun for example_branch_operator to 2023-10-03T00:00:00+00:00, run_after=2023-10-04T00:00:00+00:00
[2023-10-04T07:52:13.844+0000] {processor.py:176} INFO - Processing /home/airflow/.local/lib/python3.7/site-packages/airflow/example_dags/example_branch_operator.py took 0.118 seconds
[2023-10-04T07:52:44.398+0000] {processor.py:154} INFO - Started process (PID=1368) to work on /home/airflow/.local/lib/python3.7/site-packages/airflow/example_dags/example_branch_operator.py
[2023-10-04T07:52:44.400+0000] {processor.py:756} INFO - Processing file /home/airflow/.local/lib/python3.7/site-packages/airflow/example_dags/example_branch_operator.py for tasks to queue
[2023-10-04T07:52:44.401+0000] {logging_mixin.py:120} INFO - [2023-10-04T07:52:44.401+0000] {dagbag.py:537} INFO - Filling up the DagBag from /home/airflow/.local/lib/python3.7/site-packages/airflow/example_dags/example_branch_operator.py
[2023-10-04T07:52:44.422+0000] {processor.py:766} INFO - DAG(s) dict_keys(['example_branch_operator']) retrieved from /home/airflow/.local/lib/python3.7/site-packages/airflow/example_dags/example_branch_operator.py
[2023-10-04T07:52:44.464+0000] {logging_mixin.py:120} INFO - [2023-10-04T07:52:44.464+0000] {dag.py:2585} INFO - Sync 1 DAGs
[2023-10-04T07:52:44.489+0000] {logging_mixin.py:120} INFO - [2023-10-04T07:52:44.489+0000] {dag.py:3340} INFO - Setting next_dagrun for example_branch_operator to 2023-10-03T00:00:00+00:00, run_after=2023-10-04T00:00:00+00:00
[2023-10-04T07:52:44.514+0000] {processor.py:176} INFO - Processing /home/airflow/.local/lib/python3.7/site-packages/airflow/example_dags/example_branch_operator.py took 0.120 seconds
[2023-10-04T07:53:15.157+0000] {processor.py:154} INFO - Started process (PID=1435) to work on /home/airflow/.local/lib/python3.7/site-packages/airflow/example_dags/example_branch_operator.py
[2023-10-04T07:53:15.158+0000] {processor.py:756} INFO - Processing file /home/airflow/.local/lib/python3.7/site-packages/airflow/example_dags/example_branch_operator.py for tasks to queue
[2023-10-04T07:53:15.160+0000] {logging_mixin.py:120} INFO - [2023-10-04T07:53:15.160+0000] {dagbag.py:537} INFO - Filling up the DagBag from /home/airflow/.local/lib/python3.7/site-packages/airflow/example_dags/example_branch_operator.py
[2023-10-04T07:53:15.178+0000] {processor.py:766} INFO - DAG(s) dict_keys(['example_branch_operator']) retrieved from /home/airflow/.local/lib/python3.7/site-packages/airflow/example_dags/example_branch_operator.py
[2023-10-04T07:53:15.220+0000] {logging_mixin.py:120} INFO - [2023-10-04T07:53:15.220+0000] {dag.py:2585} INFO - Sync 1 DAGs
[2023-10-04T07:53:15.243+0000] {logging_mixin.py:120} INFO - [2023-10-04T07:53:15.243+0000] {dag.py:3340} INFO - Setting next_dagrun for example_branch_operator to 2023-10-03T00:00:00+00:00, run_after=2023-10-04T00:00:00+00:00
[2023-10-04T07:53:15.270+0000] {processor.py:176} INFO - Processing /home/airflow/.local/lib/python3.7/site-packages/airflow/example_dags/example_branch_operator.py took 0.116 seconds
[2023-10-04T07:53:45.498+0000] {processor.py:154} INFO - Started process (PID=1501) to work on /home/airflow/.local/lib/python3.7/site-packages/airflow/example_dags/example_branch_operator.py
[2023-10-04T07:53:45.499+0000] {processor.py:756} INFO - Processing file /home/airflow/.local/lib/python3.7/site-packages/airflow/example_dags/example_branch_operator.py for tasks to queue
[2023-10-04T07:53:45.500+0000] {logging_mixin.py:120} INFO - [2023-10-04T07:53:45.500+0000] {dagbag.py:537} INFO - Filling up the DagBag from /home/airflow/.local/lib/python3.7/site-packages/airflow/example_dags/example_branch_operator.py
[2023-10-04T07:53:45.521+0000] {processor.py:766} INFO - DAG(s) dict_keys(['example_branch_operator']) retrieved from /home/airflow/.local/lib/python3.7/site-packages/airflow/example_dags/example_branch_operator.py
[2023-10-04T07:53:45.582+0000] {logging_mixin.py:120} INFO - [2023-10-04T07:53:45.582+0000] {dag.py:2585} INFO - Sync 1 DAGs
[2023-10-04T07:53:45.609+0000] {logging_mixin.py:120} INFO - [2023-10-04T07:53:45.608+0000] {dag.py:3340} INFO - Setting next_dagrun for example_branch_operator to 2023-10-03T00:00:00+00:00, run_after=2023-10-04T00:00:00+00:00
[2023-10-04T07:53:45.628+0000] {processor.py:176} INFO - Processing /home/airflow/.local/lib/python3.7/site-packages/airflow/example_dags/example_branch_operator.py took 0.134 seconds
[2023-10-04T07:54:16.240+0000] {processor.py:154} INFO - Started process (PID=1560) to work on /home/airflow/.local/lib/python3.7/site-packages/airflow/example_dags/example_branch_operator.py
[2023-10-04T07:54:16.241+0000] {processor.py:756} INFO - Processing file /home/airflow/.local/lib/python3.7/site-packages/airflow/example_dags/example_branch_operator.py for tasks to queue
[2023-10-04T07:54:16.244+0000] {logging_mixin.py:120} INFO - [2023-10-04T07:54:16.244+0000] {dagbag.py:537} INFO - Filling up the DagBag from /home/airflow/.local/lib/python3.7/site-packages/airflow/example_dags/example_branch_operator.py
[2023-10-04T07:54:16.259+0000] {processor.py:766} INFO - DAG(s) dict_keys(['example_branch_operator']) retrieved from /home/airflow/.local/lib/python3.7/site-packages/airflow/example_dags/example_branch_operator.py
[2023-10-04T07:54:16.300+0000] {logging_mixin.py:120} INFO - [2023-10-04T07:54:16.300+0000] {dag.py:2585} INFO - Sync 1 DAGs
[2023-10-04T07:54:16.323+0000] {logging_mixin.py:120} INFO - [2023-10-04T07:54:16.323+0000] {dag.py:3340} INFO - Setting next_dagrun for example_branch_operator to 2023-10-03T00:00:00+00:00, run_after=2023-10-04T00:00:00+00:00
[2023-10-04T07:54:16.349+0000] {processor.py:176} INFO - Processing /home/airflow/.local/lib/python3.7/site-packages/airflow/example_dags/example_branch_operator.py took 0.113 seconds
[2023-10-04T07:54:47.128+0000] {processor.py:154} INFO - Started process (PID=1627) to work on /home/airflow/.local/lib/python3.7/site-packages/airflow/example_dags/example_branch_operator.py
[2023-10-04T07:54:47.130+0000] {processor.py:756} INFO - Processing file /home/airflow/.local/lib/python3.7/site-packages/airflow/example_dags/example_branch_operator.py for tasks to queue
[2023-10-04T07:54:47.131+0000] {logging_mixin.py:120} INFO - [2023-10-04T07:54:47.131+0000] {dagbag.py:537} INFO - Filling up the DagBag from /home/airflow/.local/lib/python3.7/site-packages/airflow/example_dags/example_branch_operator.py
[2023-10-04T07:54:47.152+0000] {processor.py:766} INFO - DAG(s) dict_keys(['example_branch_operator']) retrieved from /home/airflow/.local/lib/python3.7/site-packages/airflow/example_dags/example_branch_operator.py
[2023-10-04T07:54:47.202+0000] {logging_mixin.py:120} INFO - [2023-10-04T07:54:47.202+0000] {dag.py:2585} INFO - Sync 1 DAGs
[2023-10-04T07:54:47.231+0000] {logging_mixin.py:120} INFO - [2023-10-04T07:54:47.231+0000] {dag.py:3340} INFO - Setting next_dagrun for example_branch_operator to 2023-10-03T00:00:00+00:00, run_after=2023-10-04T00:00:00+00:00
[2023-10-04T07:54:47.259+0000] {processor.py:176} INFO - Processing /home/airflow/.local/lib/python3.7/site-packages/airflow/example_dags/example_branch_operator.py took 0.134 seconds
[2023-10-04T07:55:17.353+0000] {processor.py:154} INFO - Started process (PID=1693) to work on /home/airflow/.local/lib/python3.7/site-packages/airflow/example_dags/example_branch_operator.py
[2023-10-04T07:55:17.356+0000] {processor.py:756} INFO - Processing file /home/airflow/.local/lib/python3.7/site-packages/airflow/example_dags/example_branch_operator.py for tasks to queue
[2023-10-04T07:55:17.358+0000] {logging_mixin.py:120} INFO - [2023-10-04T07:55:17.358+0000] {dagbag.py:537} INFO - Filling up the DagBag from /home/airflow/.local/lib/python3.7/site-packages/airflow/example_dags/example_branch_operator.py
[2023-10-04T07:55:17.378+0000] {processor.py:766} INFO - DAG(s) dict_keys(['example_branch_operator']) retrieved from /home/airflow/.local/lib/python3.7/site-packages/airflow/example_dags/example_branch_operator.py
[2023-10-04T07:55:17.411+0000] {logging_mixin.py:120} INFO - [2023-10-04T07:55:17.411+0000] {dag.py:2585} INFO - Sync 1 DAGs
[2023-10-04T07:55:17.431+0000] {logging_mixin.py:120} INFO - [2023-10-04T07:55:17.431+0000] {dag.py:3340} INFO - Setting next_dagrun for example_branch_operator to 2023-10-03T00:00:00+00:00, run_after=2023-10-04T00:00:00+00:00
[2023-10-04T07:55:17.454+0000] {processor.py:176} INFO - Processing /home/airflow/.local/lib/python3.7/site-packages/airflow/example_dags/example_branch_operator.py took 0.107 seconds
[2023-10-04T07:55:47.796+0000] {processor.py:154} INFO - Started process (PID=1760) to work on /home/airflow/.local/lib/python3.7/site-packages/airflow/example_dags/example_branch_operator.py
[2023-10-04T07:55:47.797+0000] {processor.py:756} INFO - Processing file /home/airflow/.local/lib/python3.7/site-packages/airflow/example_dags/example_branch_operator.py for tasks to queue
[2023-10-04T07:55:47.798+0000] {logging_mixin.py:120} INFO - [2023-10-04T07:55:47.798+0000] {dagbag.py:537} INFO - Filling up the DagBag from /home/airflow/.local/lib/python3.7/site-packages/airflow/example_dags/example_branch_operator.py
[2023-10-04T07:55:47.818+0000] {processor.py:766} INFO - DAG(s) dict_keys(['example_branch_operator']) retrieved from /home/airflow/.local/lib/python3.7/site-packages/airflow/example_dags/example_branch_operator.py
[2023-10-04T07:55:47.862+0000] {logging_mixin.py:120} INFO - [2023-10-04T07:55:47.862+0000] {dag.py:2585} INFO - Sync 1 DAGs
[2023-10-04T07:55:47.891+0000] {logging_mixin.py:120} INFO - [2023-10-04T07:55:47.891+0000] {dag.py:3340} INFO - Setting next_dagrun for example_branch_operator to 2023-10-03T00:00:00+00:00, run_after=2023-10-04T00:00:00+00:00
[2023-10-04T07:55:47.917+0000] {processor.py:176} INFO - Processing /home/airflow/.local/lib/python3.7/site-packages/airflow/example_dags/example_branch_operator.py took 0.125 seconds
[2023-10-04T07:56:18.239+0000] {processor.py:154} INFO - Started process (PID=1818) to work on /home/airflow/.local/lib/python3.7/site-packages/airflow/example_dags/example_branch_operator.py
[2023-10-04T07:56:18.241+0000] {processor.py:756} INFO - Processing file /home/airflow/.local/lib/python3.7/site-packages/airflow/example_dags/example_branch_operator.py for tasks to queue
[2023-10-04T07:56:18.244+0000] {logging_mixin.py:120} INFO - [2023-10-04T07:56:18.244+0000] {dagbag.py:537} INFO - Filling up the DagBag from /home/airflow/.local/lib/python3.7/site-packages/airflow/example_dags/example_branch_operator.py
[2023-10-04T07:56:18.262+0000] {processor.py:766} INFO - DAG(s) dict_keys(['example_branch_operator']) retrieved from /home/airflow/.local/lib/python3.7/site-packages/airflow/example_dags/example_branch_operator.py
[2023-10-04T07:56:18.304+0000] {logging_mixin.py:120} INFO - [2023-10-04T07:56:18.304+0000] {dag.py:2585} INFO - Sync 1 DAGs
[2023-10-04T07:56:18.328+0000] {logging_mixin.py:120} INFO - [2023-10-04T07:56:18.327+0000] {dag.py:3340} INFO - Setting next_dagrun for example_branch_operator to 2023-10-03T00:00:00+00:00, run_after=2023-10-04T00:00:00+00:00
[2023-10-04T07:56:18.350+0000] {processor.py:176} INFO - Processing /home/airflow/.local/lib/python3.7/site-packages/airflow/example_dags/example_branch_operator.py took 0.116 seconds
[2023-10-04T07:56:48.652+0000] {processor.py:154} INFO - Started process (PID=1885) to work on /home/airflow/.local/lib/python3.7/site-packages/airflow/example_dags/example_branch_operator.py
[2023-10-04T07:56:48.654+0000] {processor.py:756} INFO - Processing file /home/airflow/.local/lib/python3.7/site-packages/airflow/example_dags/example_branch_operator.py for tasks to queue
[2023-10-04T07:56:48.656+0000] {logging_mixin.py:120} INFO - [2023-10-04T07:56:48.656+0000] {dagbag.py:537} INFO - Filling up the DagBag from /home/airflow/.local/lib/python3.7/site-packages/airflow/example_dags/example_branch_operator.py
[2023-10-04T07:56:48.673+0000] {processor.py:766} INFO - DAG(s) dict_keys(['example_branch_operator']) retrieved from /home/airflow/.local/lib/python3.7/site-packages/airflow/example_dags/example_branch_operator.py
[2023-10-04T07:56:48.712+0000] {logging_mixin.py:120} INFO - [2023-10-04T07:56:48.712+0000] {dag.py:2585} INFO - Sync 1 DAGs
[2023-10-04T07:56:48.734+0000] {logging_mixin.py:120} INFO - [2023-10-04T07:56:48.733+0000] {dag.py:3340} INFO - Setting next_dagrun for example_branch_operator to 2023-10-03T00:00:00+00:00, run_after=2023-10-04T00:00:00+00:00
[2023-10-04T07:56:48.755+0000] {processor.py:176} INFO - Processing /home/airflow/.local/lib/python3.7/site-packages/airflow/example_dags/example_branch_operator.py took 0.108 seconds
[2023-10-04T07:57:19.357+0000] {processor.py:154} INFO - Started process (PID=1952) to work on /home/airflow/.local/lib/python3.7/site-packages/airflow/example_dags/example_branch_operator.py
[2023-10-04T07:57:19.361+0000] {processor.py:756} INFO - Processing file /home/airflow/.local/lib/python3.7/site-packages/airflow/example_dags/example_branch_operator.py for tasks to queue
[2023-10-04T07:57:19.365+0000] {logging_mixin.py:120} INFO - [2023-10-04T07:57:19.364+0000] {dagbag.py:537} INFO - Filling up the DagBag from /home/airflow/.local/lib/python3.7/site-packages/airflow/example_dags/example_branch_operator.py
[2023-10-04T07:57:19.394+0000] {processor.py:766} INFO - DAG(s) dict_keys(['example_branch_operator']) retrieved from /home/airflow/.local/lib/python3.7/site-packages/airflow/example_dags/example_branch_operator.py
[2023-10-04T07:57:19.432+0000] {logging_mixin.py:120} INFO - [2023-10-04T07:57:19.431+0000] {dag.py:2585} INFO - Sync 1 DAGs
[2023-10-04T07:57:19.457+0000] {logging_mixin.py:120} INFO - [2023-10-04T07:57:19.457+0000] {dag.py:3340} INFO - Setting next_dagrun for example_branch_operator to 2023-10-03T00:00:00+00:00, run_after=2023-10-04T00:00:00+00:00
[2023-10-04T07:57:19.484+0000] {processor.py:176} INFO - Processing /home/airflow/.local/lib/python3.7/site-packages/airflow/example_dags/example_branch_operator.py took 0.134 seconds
[2023-10-04T07:57:49.645+0000] {processor.py:154} INFO - Started process (PID=2011) to work on /home/airflow/.local/lib/python3.7/site-packages/airflow/example_dags/example_branch_operator.py
[2023-10-04T07:57:49.647+0000] {processor.py:756} INFO - Processing file /home/airflow/.local/lib/python3.7/site-packages/airflow/example_dags/example_branch_operator.py for tasks to queue
[2023-10-04T07:57:49.649+0000] {logging_mixin.py:120} INFO - [2023-10-04T07:57:49.649+0000] {dagbag.py:537} INFO - Filling up the DagBag from /home/airflow/.local/lib/python3.7/site-packages/airflow/example_dags/example_branch_operator.py
[2023-10-04T07:57:49.664+0000] {processor.py:766} INFO - DAG(s) dict_keys(['example_branch_operator']) retrieved from /home/airflow/.local/lib/python3.7/site-packages/airflow/example_dags/example_branch_operator.py
[2023-10-04T07:57:49.700+0000] {logging_mixin.py:120} INFO - [2023-10-04T07:57:49.700+0000] {dag.py:2585} INFO - Sync 1 DAGs
[2023-10-04T07:57:49.724+0000] {logging_mixin.py:120} INFO - [2023-10-04T07:57:49.724+0000] {dag.py:3340} INFO - Setting next_dagrun for example_branch_operator to 2023-10-03T00:00:00+00:00, run_after=2023-10-04T00:00:00+00:00
[2023-10-04T07:57:49.746+0000] {processor.py:176} INFO - Processing /home/airflow/.local/lib/python3.7/site-packages/airflow/example_dags/example_branch_operator.py took 0.105 seconds
[2023-10-04T07:58:20.072+0000] {processor.py:154} INFO - Started process (PID=2078) to work on /home/airflow/.local/lib/python3.7/site-packages/airflow/example_dags/example_branch_operator.py
[2023-10-04T07:58:20.073+0000] {processor.py:756} INFO - Processing file /home/airflow/.local/lib/python3.7/site-packages/airflow/example_dags/example_branch_operator.py for tasks to queue
[2023-10-04T07:58:20.075+0000] {logging_mixin.py:120} INFO - [2023-10-04T07:58:20.074+0000] {dagbag.py:537} INFO - Filling up the DagBag from /home/airflow/.local/lib/python3.7/site-packages/airflow/example_dags/example_branch_operator.py
[2023-10-04T07:58:20.093+0000] {processor.py:766} INFO - DAG(s) dict_keys(['example_branch_operator']) retrieved from /home/airflow/.local/lib/python3.7/site-packages/airflow/example_dags/example_branch_operator.py
[2023-10-04T07:58:20.136+0000] {logging_mixin.py:120} INFO - [2023-10-04T07:58:20.136+0000] {dag.py:2585} INFO - Sync 1 DAGs
[2023-10-04T07:58:20.160+0000] {logging_mixin.py:120} INFO - [2023-10-04T07:58:20.160+0000] {dag.py:3340} INFO - Setting next_dagrun for example_branch_operator to 2023-10-03T00:00:00+00:00, run_after=2023-10-04T00:00:00+00:00
[2023-10-04T07:58:20.183+0000] {processor.py:176} INFO - Processing /home/airflow/.local/lib/python3.7/site-packages/airflow/example_dags/example_branch_operator.py took 0.114 seconds
[2023-10-04T07:58:50.564+0000] {processor.py:154} INFO - Started process (PID=2145) to work on /home/airflow/.local/lib/python3.7/site-packages/airflow/example_dags/example_branch_operator.py
[2023-10-04T07:58:50.566+0000] {processor.py:756} INFO - Processing file /home/airflow/.local/lib/python3.7/site-packages/airflow/example_dags/example_branch_operator.py for tasks to queue
[2023-10-04T07:58:50.568+0000] {logging_mixin.py:120} INFO - [2023-10-04T07:58:50.568+0000] {dagbag.py:537} INFO - Filling up the DagBag from /home/airflow/.local/lib/python3.7/site-packages/airflow/example_dags/example_branch_operator.py
[2023-10-04T07:58:50.584+0000] {processor.py:766} INFO - DAG(s) dict_keys(['example_branch_operator']) retrieved from /home/airflow/.local/lib/python3.7/site-packages/airflow/example_dags/example_branch_operator.py
[2023-10-04T07:58:50.621+0000] {logging_mixin.py:120} INFO - [2023-10-04T07:58:50.621+0000] {dag.py:2585} INFO - Sync 1 DAGs
[2023-10-04T07:58:50.645+0000] {logging_mixin.py:120} INFO - [2023-10-04T07:58:50.645+0000] {dag.py:3340} INFO - Setting next_dagrun for example_branch_operator to 2023-10-03T00:00:00+00:00, run_after=2023-10-04T00:00:00+00:00
[2023-10-04T07:58:50.667+0000] {processor.py:176} INFO - Processing /home/airflow/.local/lib/python3.7/site-packages/airflow/example_dags/example_branch_operator.py took 0.109 seconds
[2023-10-04T07:59:21.261+0000] {processor.py:154} INFO - Started process (PID=2213) to work on /home/airflow/.local/lib/python3.7/site-packages/airflow/example_dags/example_branch_operator.py
[2023-10-04T07:59:21.263+0000] {processor.py:756} INFO - Processing file /home/airflow/.local/lib/python3.7/site-packages/airflow/example_dags/example_branch_operator.py for tasks to queue
[2023-10-04T07:59:21.264+0000] {logging_mixin.py:120} INFO - [2023-10-04T07:59:21.264+0000] {dagbag.py:537} INFO - Filling up the DagBag from /home/airflow/.local/lib/python3.7/site-packages/airflow/example_dags/example_branch_operator.py
[2023-10-04T07:59:21.278+0000] {processor.py:766} INFO - DAG(s) dict_keys(['example_branch_operator']) retrieved from /home/airflow/.local/lib/python3.7/site-packages/airflow/example_dags/example_branch_operator.py
[2023-10-04T07:59:21.317+0000] {logging_mixin.py:120} INFO - [2023-10-04T07:59:21.317+0000] {dag.py:2585} INFO - Sync 1 DAGs
[2023-10-04T07:59:21.341+0000] {logging_mixin.py:120} INFO - [2023-10-04T07:59:21.341+0000] {dag.py:3340} INFO - Setting next_dagrun for example_branch_operator to 2023-10-03T00:00:00+00:00, run_after=2023-10-04T00:00:00+00:00
[2023-10-04T07:59:21.363+0000] {processor.py:176} INFO - Processing /home/airflow/.local/lib/python3.7/site-packages/airflow/example_dags/example_branch_operator.py took 0.106 seconds
[2023-10-04T07:59:51.852+0000] {processor.py:154} INFO - Started process (PID=2271) to work on /home/airflow/.local/lib/python3.7/site-packages/airflow/example_dags/example_branch_operator.py
[2023-10-04T07:59:51.854+0000] {processor.py:756} INFO - Processing file /home/airflow/.local/lib/python3.7/site-packages/airflow/example_dags/example_branch_operator.py for tasks to queue
[2023-10-04T07:59:51.856+0000] {logging_mixin.py:120} INFO - [2023-10-04T07:59:51.856+0000] {dagbag.py:537} INFO - Filling up the DagBag from /home/airflow/.local/lib/python3.7/site-packages/airflow/example_dags/example_branch_operator.py
[2023-10-04T07:59:51.875+0000] {processor.py:766} INFO - DAG(s) dict_keys(['example_branch_operator']) retrieved from /home/airflow/.local/lib/python3.7/site-packages/airflow/example_dags/example_branch_operator.py
[2023-10-04T07:59:51.915+0000] {logging_mixin.py:120} INFO - [2023-10-04T07:59:51.914+0000] {dag.py:2585} INFO - Sync 1 DAGs
[2023-10-04T07:59:51.939+0000] {logging_mixin.py:120} INFO - [2023-10-04T07:59:51.939+0000] {dag.py:3340} INFO - Setting next_dagrun for example_branch_operator to 2023-10-03T00:00:00+00:00, run_after=2023-10-04T00:00:00+00:00
[2023-10-04T07:59:51.960+0000] {processor.py:176} INFO - Processing /home/airflow/.local/lib/python3.7/site-packages/airflow/example_dags/example_branch_operator.py took 0.113 seconds
[2023-10-04T08:00:22.654+0000] {processor.py:154} INFO - Started process (PID=2338) to work on /home/airflow/.local/lib/python3.7/site-packages/airflow/example_dags/example_branch_operator.py
[2023-10-04T08:00:22.656+0000] {processor.py:756} INFO - Processing file /home/airflow/.local/lib/python3.7/site-packages/airflow/example_dags/example_branch_operator.py for tasks to queue
[2023-10-04T08:00:22.657+0000] {logging_mixin.py:120} INFO - [2023-10-04T08:00:22.657+0000] {dagbag.py:537} INFO - Filling up the DagBag from /home/airflow/.local/lib/python3.7/site-packages/airflow/example_dags/example_branch_operator.py
[2023-10-04T08:00:22.676+0000] {processor.py:766} INFO - DAG(s) dict_keys(['example_branch_operator']) retrieved from /home/airflow/.local/lib/python3.7/site-packages/airflow/example_dags/example_branch_operator.py
[2023-10-04T08:00:22.717+0000] {logging_mixin.py:120} INFO - [2023-10-04T08:00:22.717+0000] {dag.py:2585} INFO - Sync 1 DAGs
[2023-10-04T08:00:22.744+0000] {logging_mixin.py:120} INFO - [2023-10-04T08:00:22.744+0000] {dag.py:3340} INFO - Setting next_dagrun for example_branch_operator to 2023-10-03T00:00:00+00:00, run_after=2023-10-04T00:00:00+00:00
[2023-10-04T08:00:22.769+0000] {processor.py:176} INFO - Processing /home/airflow/.local/lib/python3.7/site-packages/airflow/example_dags/example_branch_operator.py took 0.119 seconds
[2023-10-04T08:00:53.520+0000] {processor.py:154} INFO - Started process (PID=2406) to work on /home/airflow/.local/lib/python3.7/site-packages/airflow/example_dags/example_branch_operator.py
[2023-10-04T08:00:53.522+0000] {processor.py:756} INFO - Processing file /home/airflow/.local/lib/python3.7/site-packages/airflow/example_dags/example_branch_operator.py for tasks to queue
[2023-10-04T08:00:53.523+0000] {logging_mixin.py:120} INFO - [2023-10-04T08:00:53.523+0000] {dagbag.py:537} INFO - Filling up the DagBag from /home/airflow/.local/lib/python3.7/site-packages/airflow/example_dags/example_branch_operator.py
[2023-10-04T08:00:53.539+0000] {processor.py:766} INFO - DAG(s) dict_keys(['example_branch_operator']) retrieved from /home/airflow/.local/lib/python3.7/site-packages/airflow/example_dags/example_branch_operator.py
[2023-10-04T08:00:53.579+0000] {logging_mixin.py:120} INFO - [2023-10-04T08:00:53.579+0000] {dag.py:2585} INFO - Sync 1 DAGs
[2023-10-04T08:00:53.603+0000] {logging_mixin.py:120} INFO - [2023-10-04T08:00:53.603+0000] {dag.py:3340} INFO - Setting next_dagrun for example_branch_operator to 2023-10-03T00:00:00+00:00, run_after=2023-10-04T00:00:00+00:00
[2023-10-04T08:00:53.623+0000] {processor.py:176} INFO - Processing /home/airflow/.local/lib/python3.7/site-packages/airflow/example_dags/example_branch_operator.py took 0.106 seconds
[2023-10-04T08:01:23.816+0000] {processor.py:154} INFO - Started process (PID=2473) to work on /home/airflow/.local/lib/python3.7/site-packages/airflow/example_dags/example_branch_operator.py
[2023-10-04T08:01:23.818+0000] {processor.py:756} INFO - Processing file /home/airflow/.local/lib/python3.7/site-packages/airflow/example_dags/example_branch_operator.py for tasks to queue
[2023-10-04T08:01:23.819+0000] {logging_mixin.py:120} INFO - [2023-10-04T08:01:23.819+0000] {dagbag.py:537} INFO - Filling up the DagBag from /home/airflow/.local/lib/python3.7/site-packages/airflow/example_dags/example_branch_operator.py
[2023-10-04T08:01:23.835+0000] {processor.py:766} INFO - DAG(s) dict_keys(['example_branch_operator']) retrieved from /home/airflow/.local/lib/python3.7/site-packages/airflow/example_dags/example_branch_operator.py
[2023-10-04T08:01:23.884+0000] {logging_mixin.py:120} INFO - [2023-10-04T08:01:23.883+0000] {dag.py:2585} INFO - Sync 1 DAGs
[2023-10-04T08:01:23.919+0000] {logging_mixin.py:120} INFO - [2023-10-04T08:01:23.919+0000] {dag.py:3340} INFO - Setting next_dagrun for example_branch_operator to 2023-10-03T00:00:00+00:00, run_after=2023-10-04T00:00:00+00:00
[2023-10-04T08:01:23.950+0000] {processor.py:176} INFO - Processing /home/airflow/.local/lib/python3.7/site-packages/airflow/example_dags/example_branch_operator.py took 0.138 seconds
[2023-10-04T08:01:54.176+0000] {processor.py:154} INFO - Started process (PID=2531) to work on /home/airflow/.local/lib/python3.7/site-packages/airflow/example_dags/example_branch_operator.py
[2023-10-04T08:01:54.178+0000] {processor.py:756} INFO - Processing file /home/airflow/.local/lib/python3.7/site-packages/airflow/example_dags/example_branch_operator.py for tasks to queue
[2023-10-04T08:01:54.180+0000] {logging_mixin.py:120} INFO - [2023-10-04T08:01:54.180+0000] {dagbag.py:537} INFO - Filling up the DagBag from /home/airflow/.local/lib/python3.7/site-packages/airflow/example_dags/example_branch_operator.py
[2023-10-04T08:01:54.201+0000] {processor.py:766} INFO - DAG(s) dict_keys(['example_branch_operator']) retrieved from /home/airflow/.local/lib/python3.7/site-packages/airflow/example_dags/example_branch_operator.py
[2023-10-04T08:01:54.237+0000] {logging_mixin.py:120} INFO - [2023-10-04T08:01:54.237+0000] {dag.py:2585} INFO - Sync 1 DAGs
[2023-10-04T08:01:54.261+0000] {logging_mixin.py:120} INFO - [2023-10-04T08:01:54.261+0000] {dag.py:3340} INFO - Setting next_dagrun for example_branch_operator to 2023-10-03T00:00:00+00:00, run_after=2023-10-04T00:00:00+00:00
[2023-10-04T08:01:54.282+0000] {processor.py:176} INFO - Processing /home/airflow/.local/lib/python3.7/site-packages/airflow/example_dags/example_branch_operator.py took 0.114 seconds
[2023-10-04T08:02:24.792+0000] {processor.py:154} INFO - Started process (PID=2599) to work on /home/airflow/.local/lib/python3.7/site-packages/airflow/example_dags/example_branch_operator.py
[2023-10-04T08:02:24.794+0000] {processor.py:756} INFO - Processing file /home/airflow/.local/lib/python3.7/site-packages/airflow/example_dags/example_branch_operator.py for tasks to queue
[2023-10-04T08:02:24.796+0000] {logging_mixin.py:120} INFO - [2023-10-04T08:02:24.796+0000] {dagbag.py:537} INFO - Filling up the DagBag from /home/airflow/.local/lib/python3.7/site-packages/airflow/example_dags/example_branch_operator.py
[2023-10-04T08:02:24.812+0000] {processor.py:766} INFO - DAG(s) dict_keys(['example_branch_operator']) retrieved from /home/airflow/.local/lib/python3.7/site-packages/airflow/example_dags/example_branch_operator.py
[2023-10-04T08:02:24.851+0000] {logging_mixin.py:120} INFO - [2023-10-04T08:02:24.851+0000] {dag.py:2585} INFO - Sync 1 DAGs
[2023-10-04T08:02:24.874+0000] {logging_mixin.py:120} INFO - [2023-10-04T08:02:24.874+0000] {dag.py:3340} INFO - Setting next_dagrun for example_branch_operator to 2023-10-03T00:00:00+00:00, run_after=2023-10-04T00:00:00+00:00
[2023-10-04T08:02:24.899+0000] {processor.py:176} INFO - Processing /home/airflow/.local/lib/python3.7/site-packages/airflow/example_dags/example_branch_operator.py took 0.111 seconds
[2023-10-04T08:02:55.137+0000] {processor.py:154} INFO - Started process (PID=2666) to work on /home/airflow/.local/lib/python3.7/site-packages/airflow/example_dags/example_branch_operator.py
[2023-10-04T08:02:55.138+0000] {processor.py:756} INFO - Processing file /home/airflow/.local/lib/python3.7/site-packages/airflow/example_dags/example_branch_operator.py for tasks to queue
[2023-10-04T08:02:55.139+0000] {logging_mixin.py:120} INFO - [2023-10-04T08:02:55.139+0000] {dagbag.py:537} INFO - Filling up the DagBag from /home/airflow/.local/lib/python3.7/site-packages/airflow/example_dags/example_branch_operator.py
[2023-10-04T08:02:55.153+0000] {processor.py:766} INFO - DAG(s) dict_keys(['example_branch_operator']) retrieved from /home/airflow/.local/lib/python3.7/site-packages/airflow/example_dags/example_branch_operator.py
[2023-10-04T08:02:55.193+0000] {logging_mixin.py:120} INFO - [2023-10-04T08:02:55.193+0000] {dag.py:2585} INFO - Sync 1 DAGs
[2023-10-04T08:02:55.219+0000] {logging_mixin.py:120} INFO - [2023-10-04T08:02:55.219+0000] {dag.py:3340} INFO - Setting next_dagrun for example_branch_operator to 2023-10-03T00:00:00+00:00, run_after=2023-10-04T00:00:00+00:00
[2023-10-04T08:02:55.244+0000] {processor.py:176} INFO - Processing /home/airflow/.local/lib/python3.7/site-packages/airflow/example_dags/example_branch_operator.py took 0.112 seconds
[2023-10-04T08:03:25.870+0000] {processor.py:154} INFO - Started process (PID=2724) to work on /home/airflow/.local/lib/python3.7/site-packages/airflow/example_dags/example_branch_operator.py
[2023-10-04T08:03:25.871+0000] {processor.py:756} INFO - Processing file /home/airflow/.local/lib/python3.7/site-packages/airflow/example_dags/example_branch_operator.py for tasks to queue
[2023-10-04T08:03:25.874+0000] {logging_mixin.py:120} INFO - [2023-10-04T08:03:25.873+0000] {dagbag.py:537} INFO - Filling up the DagBag from /home/airflow/.local/lib/python3.7/site-packages/airflow/example_dags/example_branch_operator.py
[2023-10-04T08:03:25.892+0000] {processor.py:766} INFO - DAG(s) dict_keys(['example_branch_operator']) retrieved from /home/airflow/.local/lib/python3.7/site-packages/airflow/example_dags/example_branch_operator.py
[2023-10-04T08:03:25.978+0000] {logging_mixin.py:120} INFO - [2023-10-04T08:03:25.978+0000] {dag.py:2585} INFO - Sync 1 DAGs
[2023-10-04T08:03:26.012+0000] {logging_mixin.py:120} INFO - [2023-10-04T08:03:26.012+0000] {dag.py:3340} INFO - Setting next_dagrun for example_branch_operator to 2023-10-03T00:00:00+00:00, run_after=2023-10-04T00:00:00+00:00
[2023-10-04T08:03:26.042+0000] {processor.py:176} INFO - Processing /home/airflow/.local/lib/python3.7/site-packages/airflow/example_dags/example_branch_operator.py took 0.176 seconds
[2023-10-04T08:03:56.124+0000] {processor.py:154} INFO - Started process (PID=2791) to work on /home/airflow/.local/lib/python3.7/site-packages/airflow/example_dags/example_branch_operator.py
[2023-10-04T08:03:56.126+0000] {processor.py:756} INFO - Processing file /home/airflow/.local/lib/python3.7/site-packages/airflow/example_dags/example_branch_operator.py for tasks to queue
[2023-10-04T08:03:56.127+0000] {logging_mixin.py:120} INFO - [2023-10-04T08:03:56.127+0000] {dagbag.py:537} INFO - Filling up the DagBag from /home/airflow/.local/lib/python3.7/site-packages/airflow/example_dags/example_branch_operator.py
[2023-10-04T08:03:56.148+0000] {processor.py:766} INFO - DAG(s) dict_keys(['example_branch_operator']) retrieved from /home/airflow/.local/lib/python3.7/site-packages/airflow/example_dags/example_branch_operator.py
[2023-10-04T08:03:56.251+0000] {logging_mixin.py:120} INFO - [2023-10-04T08:03:56.251+0000] {dag.py:2585} INFO - Sync 1 DAGs
[2023-10-04T08:03:56.281+0000] {logging_mixin.py:120} INFO - [2023-10-04T08:03:56.281+0000] {dag.py:3340} INFO - Setting next_dagrun for example_branch_operator to 2023-10-03T00:00:00+00:00, run_after=2023-10-04T00:00:00+00:00
[2023-10-04T08:03:56.307+0000] {processor.py:176} INFO - Processing /home/airflow/.local/lib/python3.7/site-packages/airflow/example_dags/example_branch_operator.py took 0.187 seconds
[2023-10-04T08:04:26.599+0000] {processor.py:154} INFO - Started process (PID=2858) to work on /home/airflow/.local/lib/python3.7/site-packages/airflow/example_dags/example_branch_operator.py
[2023-10-04T08:04:26.601+0000] {processor.py:756} INFO - Processing file /home/airflow/.local/lib/python3.7/site-packages/airflow/example_dags/example_branch_operator.py for tasks to queue
[2023-10-04T08:04:26.603+0000] {logging_mixin.py:120} INFO - [2023-10-04T08:04:26.603+0000] {dagbag.py:537} INFO - Filling up the DagBag from /home/airflow/.local/lib/python3.7/site-packages/airflow/example_dags/example_branch_operator.py
[2023-10-04T08:04:26.620+0000] {processor.py:766} INFO - DAG(s) dict_keys(['example_branch_operator']) retrieved from /home/airflow/.local/lib/python3.7/site-packages/airflow/example_dags/example_branch_operator.py
[2023-10-04T08:04:26.657+0000] {logging_mixin.py:120} INFO - [2023-10-04T08:04:26.656+0000] {dag.py:2585} INFO - Sync 1 DAGs
[2023-10-04T08:04:26.681+0000] {logging_mixin.py:120} INFO - [2023-10-04T08:04:26.681+0000] {dag.py:3340} INFO - Setting next_dagrun for example_branch_operator to 2023-10-03T00:00:00+00:00, run_after=2023-10-04T00:00:00+00:00
[2023-10-04T08:04:26.704+0000] {processor.py:176} INFO - Processing /home/airflow/.local/lib/python3.7/site-packages/airflow/example_dags/example_branch_operator.py took 0.110 seconds
[2023-10-04T08:04:57.105+0000] {processor.py:154} INFO - Started process (PID=2925) to work on /home/airflow/.local/lib/python3.7/site-packages/airflow/example_dags/example_branch_operator.py
[2023-10-04T08:04:57.107+0000] {processor.py:756} INFO - Processing file /home/airflow/.local/lib/python3.7/site-packages/airflow/example_dags/example_branch_operator.py for tasks to queue
[2023-10-04T08:04:57.108+0000] {logging_mixin.py:120} INFO - [2023-10-04T08:04:57.108+0000] {dagbag.py:537} INFO - Filling up the DagBag from /home/airflow/.local/lib/python3.7/site-packages/airflow/example_dags/example_branch_operator.py
[2023-10-04T08:04:57.125+0000] {processor.py:766} INFO - DAG(s) dict_keys(['example_branch_operator']) retrieved from /home/airflow/.local/lib/python3.7/site-packages/airflow/example_dags/example_branch_operator.py
[2023-10-04T08:04:57.168+0000] {logging_mixin.py:120} INFO - [2023-10-04T08:04:57.168+0000] {dag.py:2585} INFO - Sync 1 DAGs
[2023-10-04T08:04:57.194+0000] {logging_mixin.py:120} INFO - [2023-10-04T08:04:57.194+0000] {dag.py:3340} INFO - Setting next_dagrun for example_branch_operator to 2023-10-03T00:00:00+00:00, run_after=2023-10-04T00:00:00+00:00
[2023-10-04T08:04:57.221+0000] {processor.py:176} INFO - Processing /home/airflow/.local/lib/python3.7/site-packages/airflow/example_dags/example_branch_operator.py took 0.121 seconds
[2023-10-04T08:05:27.331+0000] {processor.py:154} INFO - Started process (PID=2983) to work on /home/airflow/.local/lib/python3.7/site-packages/airflow/example_dags/example_branch_operator.py
[2023-10-04T08:05:27.332+0000] {processor.py:756} INFO - Processing file /home/airflow/.local/lib/python3.7/site-packages/airflow/example_dags/example_branch_operator.py for tasks to queue
[2023-10-04T08:05:27.334+0000] {logging_mixin.py:120} INFO - [2023-10-04T08:05:27.334+0000] {dagbag.py:537} INFO - Filling up the DagBag from /home/airflow/.local/lib/python3.7/site-packages/airflow/example_dags/example_branch_operator.py
[2023-10-04T08:05:27.350+0000] {processor.py:766} INFO - DAG(s) dict_keys(['example_branch_operator']) retrieved from /home/airflow/.local/lib/python3.7/site-packages/airflow/example_dags/example_branch_operator.py
[2023-10-04T08:05:27.395+0000] {logging_mixin.py:120} INFO - [2023-10-04T08:05:27.394+0000] {dag.py:2585} INFO - Sync 1 DAGs
[2023-10-04T08:05:27.422+0000] {logging_mixin.py:120} INFO - [2023-10-04T08:05:27.422+0000] {dag.py:3340} INFO - Setting next_dagrun for example_branch_operator to 2023-10-03T00:00:00+00:00, run_after=2023-10-04T00:00:00+00:00
[2023-10-04T08:05:27.450+0000] {processor.py:176} INFO - Processing /home/airflow/.local/lib/python3.7/site-packages/airflow/example_dags/example_branch_operator.py took 0.122 seconds
[2023-10-04T08:05:57.943+0000] {processor.py:154} INFO - Started process (PID=3050) to work on /home/airflow/.local/lib/python3.7/site-packages/airflow/example_dags/example_branch_operator.py
[2023-10-04T08:05:57.945+0000] {processor.py:756} INFO - Processing file /home/airflow/.local/lib/python3.7/site-packages/airflow/example_dags/example_branch_operator.py for tasks to queue
[2023-10-04T08:05:57.946+0000] {logging_mixin.py:120} INFO - [2023-10-04T08:05:57.946+0000] {dagbag.py:537} INFO - Filling up the DagBag from /home/airflow/.local/lib/python3.7/site-packages/airflow/example_dags/example_branch_operator.py
[2023-10-04T08:05:57.961+0000] {processor.py:766} INFO - DAG(s) dict_keys(['example_branch_operator']) retrieved from /home/airflow/.local/lib/python3.7/site-packages/airflow/example_dags/example_branch_operator.py
[2023-10-04T08:05:57.999+0000] {logging_mixin.py:120} INFO - [2023-10-04T08:05:57.999+0000] {dag.py:2585} INFO - Sync 1 DAGs
[2023-10-04T08:05:58.026+0000] {logging_mixin.py:120} INFO - [2023-10-04T08:05:58.025+0000] {dag.py:3340} INFO - Setting next_dagrun for example_branch_operator to 2023-10-03T00:00:00+00:00, run_after=2023-10-04T00:00:00+00:00
[2023-10-04T08:05:58.050+0000] {processor.py:176} INFO - Processing /home/airflow/.local/lib/python3.7/site-packages/airflow/example_dags/example_branch_operator.py took 0.110 seconds
[2023-10-04T08:06:28.331+0000] {processor.py:154} INFO - Started process (PID=3117) to work on /home/airflow/.local/lib/python3.7/site-packages/airflow/example_dags/example_branch_operator.py
[2023-10-04T08:06:28.332+0000] {processor.py:756} INFO - Processing file /home/airflow/.local/lib/python3.7/site-packages/airflow/example_dags/example_branch_operator.py for tasks to queue
[2023-10-04T08:06:28.334+0000] {logging_mixin.py:120} INFO - [2023-10-04T08:06:28.333+0000] {dagbag.py:537} INFO - Filling up the DagBag from /home/airflow/.local/lib/python3.7/site-packages/airflow/example_dags/example_branch_operator.py
[2023-10-04T08:06:28.349+0000] {processor.py:766} INFO - DAG(s) dict_keys(['example_branch_operator']) retrieved from /home/airflow/.local/lib/python3.7/site-packages/airflow/example_dags/example_branch_operator.py
[2023-10-04T08:06:28.391+0000] {logging_mixin.py:120} INFO - [2023-10-04T08:06:28.391+0000] {dag.py:2585} INFO - Sync 1 DAGs
[2023-10-04T08:06:28.417+0000] {logging_mixin.py:120} INFO - [2023-10-04T08:06:28.417+0000] {dag.py:3340} INFO - Setting next_dagrun for example_branch_operator to 2023-10-03T00:00:00+00:00, run_after=2023-10-04T00:00:00+00:00
[2023-10-04T08:06:28.443+0000] {processor.py:176} INFO - Processing /home/airflow/.local/lib/python3.7/site-packages/airflow/example_dags/example_branch_operator.py took 0.115 seconds
[2023-10-04T08:06:58.840+0000] {processor.py:154} INFO - Started process (PID=3175) to work on /home/airflow/.local/lib/python3.7/site-packages/airflow/example_dags/example_branch_operator.py
[2023-10-04T08:06:58.842+0000] {processor.py:756} INFO - Processing file /home/airflow/.local/lib/python3.7/site-packages/airflow/example_dags/example_branch_operator.py for tasks to queue
[2023-10-04T08:06:58.844+0000] {logging_mixin.py:120} INFO - [2023-10-04T08:06:58.844+0000] {dagbag.py:537} INFO - Filling up the DagBag from /home/airflow/.local/lib/python3.7/site-packages/airflow/example_dags/example_branch_operator.py
[2023-10-04T08:06:58.862+0000] {processor.py:766} INFO - DAG(s) dict_keys(['example_branch_operator']) retrieved from /home/airflow/.local/lib/python3.7/site-packages/airflow/example_dags/example_branch_operator.py
[2023-10-04T08:06:58.903+0000] {logging_mixin.py:120} INFO - [2023-10-04T08:06:58.903+0000] {dag.py:2585} INFO - Sync 1 DAGs
[2023-10-04T08:06:58.927+0000] {logging_mixin.py:120} INFO - [2023-10-04T08:06:58.927+0000] {dag.py:3340} INFO - Setting next_dagrun for example_branch_operator to 2023-10-03T00:00:00+00:00, run_after=2023-10-04T00:00:00+00:00
[2023-10-04T08:06:58.951+0000] {processor.py:176} INFO - Processing /home/airflow/.local/lib/python3.7/site-packages/airflow/example_dags/example_branch_operator.py took 0.119 seconds
[2023-10-04T08:07:29.547+0000] {processor.py:154} INFO - Started process (PID=3242) to work on /home/airflow/.local/lib/python3.7/site-packages/airflow/example_dags/example_branch_operator.py
[2023-10-04T08:07:29.549+0000] {processor.py:756} INFO - Processing file /home/airflow/.local/lib/python3.7/site-packages/airflow/example_dags/example_branch_operator.py for tasks to queue
[2023-10-04T08:07:29.551+0000] {logging_mixin.py:120} INFO - [2023-10-04T08:07:29.551+0000] {dagbag.py:537} INFO - Filling up the DagBag from /home/airflow/.local/lib/python3.7/site-packages/airflow/example_dags/example_branch_operator.py
[2023-10-04T08:07:29.570+0000] {processor.py:766} INFO - DAG(s) dict_keys(['example_branch_operator']) retrieved from /home/airflow/.local/lib/python3.7/site-packages/airflow/example_dags/example_branch_operator.py
[2023-10-04T08:07:29.609+0000] {logging_mixin.py:120} INFO - [2023-10-04T08:07:29.609+0000] {dag.py:2585} INFO - Sync 1 DAGs
[2023-10-04T08:07:29.631+0000] {logging_mixin.py:120} INFO - [2023-10-04T08:07:29.631+0000] {dag.py:3340} INFO - Setting next_dagrun for example_branch_operator to 2023-10-03T00:00:00+00:00, run_after=2023-10-04T00:00:00+00:00
[2023-10-04T08:07:29.651+0000] {processor.py:176} INFO - Processing /home/airflow/.local/lib/python3.7/site-packages/airflow/example_dags/example_branch_operator.py took 0.111 seconds
[2023-10-04T08:07:59.886+0000] {processor.py:154} INFO - Started process (PID=3309) to work on /home/airflow/.local/lib/python3.7/site-packages/airflow/example_dags/example_branch_operator.py
[2023-10-04T08:07:59.888+0000] {processor.py:756} INFO - Processing file /home/airflow/.local/lib/python3.7/site-packages/airflow/example_dags/example_branch_operator.py for tasks to queue
[2023-10-04T08:07:59.889+0000] {logging_mixin.py:120} INFO - [2023-10-04T08:07:59.889+0000] {dagbag.py:537} INFO - Filling up the DagBag from /home/airflow/.local/lib/python3.7/site-packages/airflow/example_dags/example_branch_operator.py
[2023-10-04T08:07:59.909+0000] {processor.py:766} INFO - DAG(s) dict_keys(['example_branch_operator']) retrieved from /home/airflow/.local/lib/python3.7/site-packages/airflow/example_dags/example_branch_operator.py
[2023-10-04T08:07:59.957+0000] {logging_mixin.py:120} INFO - [2023-10-04T08:07:59.957+0000] {dag.py:2585} INFO - Sync 1 DAGs
[2023-10-04T08:07:59.985+0000] {logging_mixin.py:120} INFO - [2023-10-04T08:07:59.985+0000] {dag.py:3340} INFO - Setting next_dagrun for example_branch_operator to 2023-10-03T00:00:00+00:00, run_after=2023-10-04T00:00:00+00:00
[2023-10-04T08:08:00.010+0000] {processor.py:176} INFO - Processing /home/airflow/.local/lib/python3.7/site-packages/airflow/example_dags/example_branch_operator.py took 0.126 seconds
[2023-10-04T08:08:30.214+0000] {processor.py:154} INFO - Started process (PID=3376) to work on /home/airflow/.local/lib/python3.7/site-packages/airflow/example_dags/example_branch_operator.py
[2023-10-04T08:08:30.216+0000] {processor.py:756} INFO - Processing file /home/airflow/.local/lib/python3.7/site-packages/airflow/example_dags/example_branch_operator.py for tasks to queue
[2023-10-04T08:08:30.217+0000] {logging_mixin.py:120} INFO - [2023-10-04T08:08:30.217+0000] {dagbag.py:537} INFO - Filling up the DagBag from /home/airflow/.local/lib/python3.7/site-packages/airflow/example_dags/example_branch_operator.py
[2023-10-04T08:08:30.232+0000] {processor.py:766} INFO - DAG(s) dict_keys(['example_branch_operator']) retrieved from /home/airflow/.local/lib/python3.7/site-packages/airflow/example_dags/example_branch_operator.py
[2023-10-04T08:08:30.271+0000] {logging_mixin.py:120} INFO - [2023-10-04T08:08:30.271+0000] {dag.py:2585} INFO - Sync 1 DAGs
[2023-10-04T08:08:30.292+0000] {logging_mixin.py:120} INFO - [2023-10-04T08:08:30.292+0000] {dag.py:3340} INFO - Setting next_dagrun for example_branch_operator to 2023-10-03T00:00:00+00:00, run_after=2023-10-04T00:00:00+00:00
[2023-10-04T08:08:30.314+0000] {processor.py:176} INFO - Processing /home/airflow/.local/lib/python3.7/site-packages/airflow/example_dags/example_branch_operator.py took 0.104 seconds
[2023-10-04T08:09:00.406+0000] {processor.py:154} INFO - Started process (PID=3435) to work on /home/airflow/.local/lib/python3.7/site-packages/airflow/example_dags/example_branch_operator.py
[2023-10-04T08:09:00.408+0000] {processor.py:756} INFO - Processing file /home/airflow/.local/lib/python3.7/site-packages/airflow/example_dags/example_branch_operator.py for tasks to queue
[2023-10-04T08:09:00.409+0000] {logging_mixin.py:120} INFO - [2023-10-04T08:09:00.409+0000] {dagbag.py:537} INFO - Filling up the DagBag from /home/airflow/.local/lib/python3.7/site-packages/airflow/example_dags/example_branch_operator.py
[2023-10-04T08:09:00.431+0000] {processor.py:766} INFO - DAG(s) dict_keys(['example_branch_operator']) retrieved from /home/airflow/.local/lib/python3.7/site-packages/airflow/example_dags/example_branch_operator.py
[2023-10-04T08:09:00.472+0000] {logging_mixin.py:120} INFO - [2023-10-04T08:09:00.472+0000] {dag.py:2585} INFO - Sync 1 DAGs
[2023-10-04T08:09:00.498+0000] {logging_mixin.py:120} INFO - [2023-10-04T08:09:00.498+0000] {dag.py:3340} INFO - Setting next_dagrun for example_branch_operator to 2023-10-03T00:00:00+00:00, run_after=2023-10-04T00:00:00+00:00
[2023-10-04T08:09:00.523+0000] {processor.py:176} INFO - Processing /home/airflow/.local/lib/python3.7/site-packages/airflow/example_dags/example_branch_operator.py took 0.122 seconds
[2023-10-04T08:09:30.931+0000] {processor.py:154} INFO - Started process (PID=3502) to work on /home/airflow/.local/lib/python3.7/site-packages/airflow/example_dags/example_branch_operator.py
[2023-10-04T08:09:30.933+0000] {processor.py:756} INFO - Processing file /home/airflow/.local/lib/python3.7/site-packages/airflow/example_dags/example_branch_operator.py for tasks to queue
[2023-10-04T08:09:30.935+0000] {logging_mixin.py:120} INFO - [2023-10-04T08:09:30.935+0000] {dagbag.py:537} INFO - Filling up the DagBag from /home/airflow/.local/lib/python3.7/site-packages/airflow/example_dags/example_branch_operator.py
[2023-10-04T08:09:30.952+0000] {processor.py:766} INFO - DAG(s) dict_keys(['example_branch_operator']) retrieved from /home/airflow/.local/lib/python3.7/site-packages/airflow/example_dags/example_branch_operator.py
[2023-10-04T08:09:30.992+0000] {logging_mixin.py:120} INFO - [2023-10-04T08:09:30.992+0000] {dag.py:2585} INFO - Sync 1 DAGs
[2023-10-04T08:09:31.016+0000] {logging_mixin.py:120} INFO - [2023-10-04T08:09:31.015+0000] {dag.py:3340} INFO - Setting next_dagrun for example_branch_operator to 2023-10-03T00:00:00+00:00, run_after=2023-10-04T00:00:00+00:00
[2023-10-04T08:09:31.038+0000] {processor.py:176} INFO - Processing /home/airflow/.local/lib/python3.7/site-packages/airflow/example_dags/example_branch_operator.py took 0.112 seconds
[2023-10-04T08:10:01.338+0000] {processor.py:154} INFO - Started process (PID=3569) to work on /home/airflow/.local/lib/python3.7/site-packages/airflow/example_dags/example_branch_operator.py
[2023-10-04T08:10:01.340+0000] {processor.py:756} INFO - Processing file /home/airflow/.local/lib/python3.7/site-packages/airflow/example_dags/example_branch_operator.py for tasks to queue
[2023-10-04T08:10:01.342+0000] {logging_mixin.py:120} INFO - [2023-10-04T08:10:01.342+0000] {dagbag.py:537} INFO - Filling up the DagBag from /home/airflow/.local/lib/python3.7/site-packages/airflow/example_dags/example_branch_operator.py
[2023-10-04T08:10:01.357+0000] {processor.py:766} INFO - DAG(s) dict_keys(['example_branch_operator']) retrieved from /home/airflow/.local/lib/python3.7/site-packages/airflow/example_dags/example_branch_operator.py
[2023-10-04T08:10:01.393+0000] {logging_mixin.py:120} INFO - [2023-10-04T08:10:01.393+0000] {dag.py:2585} INFO - Sync 1 DAGs
[2023-10-04T08:10:01.415+0000] {logging_mixin.py:120} INFO - [2023-10-04T08:10:01.415+0000] {dag.py:3340} INFO - Setting next_dagrun for example_branch_operator to 2023-10-03T00:00:00+00:00, run_after=2023-10-04T00:00:00+00:00
[2023-10-04T08:10:01.438+0000] {processor.py:176} INFO - Processing /home/airflow/.local/lib/python3.7/site-packages/airflow/example_dags/example_branch_operator.py took 0.106 seconds
[2023-10-04T08:11:41.985+0000] {processor.py:154} INFO - Started process (PID=85) to work on /home/airflow/.local/lib/python3.7/site-packages/airflow/example_dags/example_branch_operator.py
[2023-10-04T08:11:41.987+0000] {processor.py:756} INFO - Processing file /home/airflow/.local/lib/python3.7/site-packages/airflow/example_dags/example_branch_operator.py for tasks to queue
[2023-10-04T08:11:41.991+0000] {logging_mixin.py:120} INFO - [2023-10-04T08:11:41.990+0000] {dagbag.py:537} INFO - Filling up the DagBag from /home/airflow/.local/lib/python3.7/site-packages/airflow/example_dags/example_branch_operator.py
[2023-10-04T08:11:42.015+0000] {processor.py:766} INFO - DAG(s) dict_keys(['example_branch_operator']) retrieved from /home/airflow/.local/lib/python3.7/site-packages/airflow/example_dags/example_branch_operator.py
[2023-10-04T08:11:42.120+0000] {logging_mixin.py:120} INFO - [2023-10-04T08:11:42.119+0000] {dag.py:2585} INFO - Sync 1 DAGs
[2023-10-04T08:11:42.222+0000] {logging_mixin.py:120} INFO - [2023-10-04T08:11:42.221+0000] {dag.py:3340} INFO - Setting next_dagrun for example_branch_operator to 2023-10-03T00:00:00+00:00, run_after=2023-10-04T00:00:00+00:00
[2023-10-04T08:11:42.339+0000] {processor.py:176} INFO - Processing /home/airflow/.local/lib/python3.7/site-packages/airflow/example_dags/example_branch_operator.py took 0.357 seconds
[2023-10-04T08:12:12.477+0000] {processor.py:154} INFO - Started process (PID=144) to work on /home/airflow/.local/lib/python3.7/site-packages/airflow/example_dags/example_branch_operator.py
[2023-10-04T08:12:12.478+0000] {processor.py:756} INFO - Processing file /home/airflow/.local/lib/python3.7/site-packages/airflow/example_dags/example_branch_operator.py for tasks to queue
[2023-10-04T08:12:12.480+0000] {logging_mixin.py:120} INFO - [2023-10-04T08:12:12.480+0000] {dagbag.py:537} INFO - Filling up the DagBag from /home/airflow/.local/lib/python3.7/site-packages/airflow/example_dags/example_branch_operator.py
[2023-10-04T08:12:12.498+0000] {processor.py:766} INFO - DAG(s) dict_keys(['example_branch_operator']) retrieved from /home/airflow/.local/lib/python3.7/site-packages/airflow/example_dags/example_branch_operator.py
[2023-10-04T08:12:12.537+0000] {logging_mixin.py:120} INFO - [2023-10-04T08:12:12.537+0000] {dag.py:2585} INFO - Sync 1 DAGs
[2023-10-04T08:12:12.561+0000] {logging_mixin.py:120} INFO - [2023-10-04T08:12:12.561+0000] {dag.py:3340} INFO - Setting next_dagrun for example_branch_operator to 2023-10-03T00:00:00+00:00, run_after=2023-10-04T00:00:00+00:00
[2023-10-04T08:12:12.584+0000] {processor.py:176} INFO - Processing /home/airflow/.local/lib/python3.7/site-packages/airflow/example_dags/example_branch_operator.py took 0.111 seconds
[2023-10-04T08:12:43.295+0000] {processor.py:154} INFO - Started process (PID=214) to work on /home/airflow/.local/lib/python3.7/site-packages/airflow/example_dags/example_branch_operator.py
[2023-10-04T08:12:43.297+0000] {processor.py:756} INFO - Processing file /home/airflow/.local/lib/python3.7/site-packages/airflow/example_dags/example_branch_operator.py for tasks to queue
[2023-10-04T08:12:43.298+0000] {logging_mixin.py:120} INFO - [2023-10-04T08:12:43.298+0000] {dagbag.py:537} INFO - Filling up the DagBag from /home/airflow/.local/lib/python3.7/site-packages/airflow/example_dags/example_branch_operator.py
[2023-10-04T08:12:43.315+0000] {processor.py:766} INFO - DAG(s) dict_keys(['example_branch_operator']) retrieved from /home/airflow/.local/lib/python3.7/site-packages/airflow/example_dags/example_branch_operator.py
[2023-10-04T08:12:43.360+0000] {logging_mixin.py:120} INFO - [2023-10-04T08:12:43.360+0000] {dag.py:2585} INFO - Sync 1 DAGs
[2023-10-04T08:12:43.391+0000] {logging_mixin.py:120} INFO - [2023-10-04T08:12:43.391+0000] {dag.py:3340} INFO - Setting next_dagrun for example_branch_operator to 2023-10-03T00:00:00+00:00, run_after=2023-10-04T00:00:00+00:00
[2023-10-04T08:12:43.418+0000] {processor.py:176} INFO - Processing /home/airflow/.local/lib/python3.7/site-packages/airflow/example_dags/example_branch_operator.py took 0.126 seconds
[2023-10-04T08:13:13.779+0000] {processor.py:154} INFO - Started process (PID=282) to work on /home/airflow/.local/lib/python3.7/site-packages/airflow/example_dags/example_branch_operator.py
[2023-10-04T08:13:13.781+0000] {processor.py:756} INFO - Processing file /home/airflow/.local/lib/python3.7/site-packages/airflow/example_dags/example_branch_operator.py for tasks to queue
[2023-10-04T08:13:13.783+0000] {logging_mixin.py:120} INFO - [2023-10-04T08:13:13.783+0000] {dagbag.py:537} INFO - Filling up the DagBag from /home/airflow/.local/lib/python3.7/site-packages/airflow/example_dags/example_branch_operator.py
[2023-10-04T08:13:13.810+0000] {processor.py:766} INFO - DAG(s) dict_keys(['example_branch_operator']) retrieved from /home/airflow/.local/lib/python3.7/site-packages/airflow/example_dags/example_branch_operator.py
[2023-10-04T08:13:13.853+0000] {logging_mixin.py:120} INFO - [2023-10-04T08:13:13.853+0000] {dag.py:2585} INFO - Sync 1 DAGs
[2023-10-04T08:13:13.878+0000] {logging_mixin.py:120} INFO - [2023-10-04T08:13:13.878+0000] {dag.py:3340} INFO - Setting next_dagrun for example_branch_operator to 2023-10-03T00:00:00+00:00, run_after=2023-10-04T00:00:00+00:00
[2023-10-04T08:13:13.904+0000] {processor.py:176} INFO - Processing /home/airflow/.local/lib/python3.7/site-packages/airflow/example_dags/example_branch_operator.py took 0.130 seconds
[2023-10-04T08:13:44.524+0000] {processor.py:154} INFO - Started process (PID=348) to work on /home/airflow/.local/lib/python3.7/site-packages/airflow/example_dags/example_branch_operator.py
[2023-10-04T08:13:44.526+0000] {processor.py:756} INFO - Processing file /home/airflow/.local/lib/python3.7/site-packages/airflow/example_dags/example_branch_operator.py for tasks to queue
[2023-10-04T08:13:44.527+0000] {logging_mixin.py:120} INFO - [2023-10-04T08:13:44.527+0000] {dagbag.py:537} INFO - Filling up the DagBag from /home/airflow/.local/lib/python3.7/site-packages/airflow/example_dags/example_branch_operator.py
[2023-10-04T08:13:44.542+0000] {processor.py:766} INFO - DAG(s) dict_keys(['example_branch_operator']) retrieved from /home/airflow/.local/lib/python3.7/site-packages/airflow/example_dags/example_branch_operator.py
[2023-10-04T08:13:44.596+0000] {logging_mixin.py:120} INFO - [2023-10-04T08:13:44.596+0000] {dag.py:2585} INFO - Sync 1 DAGs
[2023-10-04T08:13:44.625+0000] {logging_mixin.py:120} INFO - [2023-10-04T08:13:44.624+0000] {dag.py:3340} INFO - Setting next_dagrun for example_branch_operator to 2023-10-03T00:00:00+00:00, run_after=2023-10-04T00:00:00+00:00
[2023-10-04T08:13:44.654+0000] {processor.py:176} INFO - Processing /home/airflow/.local/lib/python3.7/site-packages/airflow/example_dags/example_branch_operator.py took 0.133 seconds
[2023-10-04T08:14:15.040+0000] {processor.py:154} INFO - Started process (PID=409) to work on /home/airflow/.local/lib/python3.7/site-packages/airflow/example_dags/example_branch_operator.py
[2023-10-04T08:14:15.043+0000] {processor.py:756} INFO - Processing file /home/airflow/.local/lib/python3.7/site-packages/airflow/example_dags/example_branch_operator.py for tasks to queue
[2023-10-04T08:14:15.045+0000] {logging_mixin.py:120} INFO - [2023-10-04T08:14:15.045+0000] {dagbag.py:537} INFO - Filling up the DagBag from /home/airflow/.local/lib/python3.7/site-packages/airflow/example_dags/example_branch_operator.py
[2023-10-04T08:14:15.067+0000] {processor.py:766} INFO - DAG(s) dict_keys(['example_branch_operator']) retrieved from /home/airflow/.local/lib/python3.7/site-packages/airflow/example_dags/example_branch_operator.py
[2023-10-04T08:14:15.117+0000] {logging_mixin.py:120} INFO - [2023-10-04T08:14:15.117+0000] {dag.py:2585} INFO - Sync 1 DAGs
[2023-10-04T08:14:15.141+0000] {logging_mixin.py:120} INFO - [2023-10-04T08:14:15.141+0000] {dag.py:3340} INFO - Setting next_dagrun for example_branch_operator to 2023-10-03T00:00:00+00:00, run_after=2023-10-04T00:00:00+00:00
[2023-10-04T08:14:15.164+0000] {processor.py:176} INFO - Processing /home/airflow/.local/lib/python3.7/site-packages/airflow/example_dags/example_branch_operator.py took 0.129 seconds
[2023-10-04T08:14:45.395+0000] {processor.py:154} INFO - Started process (PID=477) to work on /home/airflow/.local/lib/python3.7/site-packages/airflow/example_dags/example_branch_operator.py
[2023-10-04T08:14:45.398+0000] {processor.py:756} INFO - Processing file /home/airflow/.local/lib/python3.7/site-packages/airflow/example_dags/example_branch_operator.py for tasks to queue
[2023-10-04T08:14:45.400+0000] {logging_mixin.py:120} INFO - [2023-10-04T08:14:45.400+0000] {dagbag.py:537} INFO - Filling up the DagBag from /home/airflow/.local/lib/python3.7/site-packages/airflow/example_dags/example_branch_operator.py
[2023-10-04T08:14:45.441+0000] {processor.py:766} INFO - DAG(s) dict_keys(['example_branch_operator']) retrieved from /home/airflow/.local/lib/python3.7/site-packages/airflow/example_dags/example_branch_operator.py
[2023-10-04T08:14:45.515+0000] {logging_mixin.py:120} INFO - [2023-10-04T08:14:45.515+0000] {dag.py:2585} INFO - Sync 1 DAGs
[2023-10-04T08:14:45.552+0000] {logging_mixin.py:120} INFO - [2023-10-04T08:14:45.551+0000] {dag.py:3340} INFO - Setting next_dagrun for example_branch_operator to 2023-10-03T00:00:00+00:00, run_after=2023-10-04T00:00:00+00:00
[2023-10-04T08:14:45.586+0000] {processor.py:176} INFO - Processing /home/airflow/.local/lib/python3.7/site-packages/airflow/example_dags/example_branch_operator.py took 0.198 seconds
[2023-10-04T08:15:16.268+0000] {processor.py:154} INFO - Started process (PID=545) to work on /home/airflow/.local/lib/python3.7/site-packages/airflow/example_dags/example_branch_operator.py
[2023-10-04T08:15:16.271+0000] {processor.py:756} INFO - Processing file /home/airflow/.local/lib/python3.7/site-packages/airflow/example_dags/example_branch_operator.py for tasks to queue
[2023-10-04T08:15:16.273+0000] {logging_mixin.py:120} INFO - [2023-10-04T08:15:16.273+0000] {dagbag.py:537} INFO - Filling up the DagBag from /home/airflow/.local/lib/python3.7/site-packages/airflow/example_dags/example_branch_operator.py
[2023-10-04T08:15:16.309+0000] {processor.py:766} INFO - DAG(s) dict_keys(['example_branch_operator']) retrieved from /home/airflow/.local/lib/python3.7/site-packages/airflow/example_dags/example_branch_operator.py
[2023-10-04T08:15:16.350+0000] {logging_mixin.py:120} INFO - [2023-10-04T08:15:16.350+0000] {dag.py:2585} INFO - Sync 1 DAGs
[2023-10-04T08:15:16.376+0000] {logging_mixin.py:120} INFO - [2023-10-04T08:15:16.376+0000] {dag.py:3340} INFO - Setting next_dagrun for example_branch_operator to 2023-10-03T00:00:00+00:00, run_after=2023-10-04T00:00:00+00:00
[2023-10-04T08:15:16.397+0000] {processor.py:176} INFO - Processing /home/airflow/.local/lib/python3.7/site-packages/airflow/example_dags/example_branch_operator.py took 0.137 seconds
[2023-10-04T08:15:47.029+0000] {processor.py:154} INFO - Started process (PID=604) to work on /home/airflow/.local/lib/python3.7/site-packages/airflow/example_dags/example_branch_operator.py
[2023-10-04T08:15:47.032+0000] {processor.py:756} INFO - Processing file /home/airflow/.local/lib/python3.7/site-packages/airflow/example_dags/example_branch_operator.py for tasks to queue
[2023-10-04T08:15:47.036+0000] {logging_mixin.py:120} INFO - [2023-10-04T08:15:47.035+0000] {dagbag.py:537} INFO - Filling up the DagBag from /home/airflow/.local/lib/python3.7/site-packages/airflow/example_dags/example_branch_operator.py
[2023-10-04T08:15:47.092+0000] {processor.py:766} INFO - DAG(s) dict_keys(['example_branch_operator']) retrieved from /home/airflow/.local/lib/python3.7/site-packages/airflow/example_dags/example_branch_operator.py
[2023-10-04T08:15:47.147+0000] {logging_mixin.py:120} INFO - [2023-10-04T08:15:47.146+0000] {dag.py:2585} INFO - Sync 1 DAGs
[2023-10-04T08:15:47.175+0000] {logging_mixin.py:120} INFO - [2023-10-04T08:15:47.175+0000] {dag.py:3340} INFO - Setting next_dagrun for example_branch_operator to 2023-10-03T00:00:00+00:00, run_after=2023-10-04T00:00:00+00:00
[2023-10-04T08:15:47.197+0000] {processor.py:176} INFO - Processing /home/airflow/.local/lib/python3.7/site-packages/airflow/example_dags/example_branch_operator.py took 0.175 seconds
[2023-10-04T08:16:18.203+0000] {processor.py:154} INFO - Started process (PID=672) to work on /home/airflow/.local/lib/python3.7/site-packages/airflow/example_dags/example_branch_operator.py
[2023-10-04T08:16:18.204+0000] {processor.py:756} INFO - Processing file /home/airflow/.local/lib/python3.7/site-packages/airflow/example_dags/example_branch_operator.py for tasks to queue
[2023-10-04T08:16:18.205+0000] {logging_mixin.py:120} INFO - [2023-10-04T08:16:18.205+0000] {dagbag.py:537} INFO - Filling up the DagBag from /home/airflow/.local/lib/python3.7/site-packages/airflow/example_dags/example_branch_operator.py
[2023-10-04T08:16:18.225+0000] {processor.py:766} INFO - DAG(s) dict_keys(['example_branch_operator']) retrieved from /home/airflow/.local/lib/python3.7/site-packages/airflow/example_dags/example_branch_operator.py
[2023-10-04T08:16:18.272+0000] {logging_mixin.py:120} INFO - [2023-10-04T08:16:18.271+0000] {dag.py:2585} INFO - Sync 1 DAGs
[2023-10-04T08:16:18.297+0000] {logging_mixin.py:120} INFO - [2023-10-04T08:16:18.297+0000] {dag.py:3340} INFO - Setting next_dagrun for example_branch_operator to 2023-10-03T00:00:00+00:00, run_after=2023-10-04T00:00:00+00:00
[2023-10-04T08:16:18.321+0000] {processor.py:176} INFO - Processing /home/airflow/.local/lib/python3.7/site-packages/airflow/example_dags/example_branch_operator.py took 0.121 seconds
[2023-10-04T08:16:49.282+0000] {processor.py:154} INFO - Started process (PID=741) to work on /home/airflow/.local/lib/python3.7/site-packages/airflow/example_dags/example_branch_operator.py
[2023-10-04T08:16:49.284+0000] {processor.py:756} INFO - Processing file /home/airflow/.local/lib/python3.7/site-packages/airflow/example_dags/example_branch_operator.py for tasks to queue
[2023-10-04T08:16:49.286+0000] {logging_mixin.py:120} INFO - [2023-10-04T08:16:49.285+0000] {dagbag.py:537} INFO - Filling up the DagBag from /home/airflow/.local/lib/python3.7/site-packages/airflow/example_dags/example_branch_operator.py
[2023-10-04T08:16:49.306+0000] {processor.py:766} INFO - DAG(s) dict_keys(['example_branch_operator']) retrieved from /home/airflow/.local/lib/python3.7/site-packages/airflow/example_dags/example_branch_operator.py
[2023-10-04T08:16:49.353+0000] {logging_mixin.py:120} INFO - [2023-10-04T08:16:49.353+0000] {dag.py:2585} INFO - Sync 1 DAGs
[2023-10-04T08:16:49.386+0000] {logging_mixin.py:120} INFO - [2023-10-04T08:16:49.386+0000] {dag.py:3340} INFO - Setting next_dagrun for example_branch_operator to 2023-10-03T00:00:00+00:00, run_after=2023-10-04T00:00:00+00:00
[2023-10-04T08:16:49.415+0000] {processor.py:176} INFO - Processing /home/airflow/.local/lib/python3.7/site-packages/airflow/example_dags/example_branch_operator.py took 0.136 seconds
[2023-10-04T08:17:19.814+0000] {processor.py:154} INFO - Started process (PID=808) to work on /home/airflow/.local/lib/python3.7/site-packages/airflow/example_dags/example_branch_operator.py
[2023-10-04T08:17:19.817+0000] {processor.py:756} INFO - Processing file /home/airflow/.local/lib/python3.7/site-packages/airflow/example_dags/example_branch_operator.py for tasks to queue
[2023-10-04T08:17:19.821+0000] {logging_mixin.py:120} INFO - [2023-10-04T08:17:19.820+0000] {dagbag.py:537} INFO - Filling up the DagBag from /home/airflow/.local/lib/python3.7/site-packages/airflow/example_dags/example_branch_operator.py
[2023-10-04T08:17:19.852+0000] {processor.py:766} INFO - DAG(s) dict_keys(['example_branch_operator']) retrieved from /home/airflow/.local/lib/python3.7/site-packages/airflow/example_dags/example_branch_operator.py
[2023-10-04T08:17:19.921+0000] {logging_mixin.py:120} INFO - [2023-10-04T08:17:19.921+0000] {dag.py:2585} INFO - Sync 1 DAGs
[2023-10-04T08:17:19.948+0000] {logging_mixin.py:120} INFO - [2023-10-04T08:17:19.947+0000] {dag.py:3340} INFO - Setting next_dagrun for example_branch_operator to 2023-10-03T00:00:00+00:00, run_after=2023-10-04T00:00:00+00:00
[2023-10-04T08:17:19.976+0000] {processor.py:176} INFO - Processing /home/airflow/.local/lib/python3.7/site-packages/airflow/example_dags/example_branch_operator.py took 0.167 seconds
[2023-10-04T08:17:50.512+0000] {processor.py:154} INFO - Started process (PID=867) to work on /home/airflow/.local/lib/python3.7/site-packages/airflow/example_dags/example_branch_operator.py
[2023-10-04T08:17:50.516+0000] {processor.py:756} INFO - Processing file /home/airflow/.local/lib/python3.7/site-packages/airflow/example_dags/example_branch_operator.py for tasks to queue
[2023-10-04T08:17:50.520+0000] {logging_mixin.py:120} INFO - [2023-10-04T08:17:50.519+0000] {dagbag.py:537} INFO - Filling up the DagBag from /home/airflow/.local/lib/python3.7/site-packages/airflow/example_dags/example_branch_operator.py
[2023-10-04T08:17:50.548+0000] {processor.py:766} INFO - DAG(s) dict_keys(['example_branch_operator']) retrieved from /home/airflow/.local/lib/python3.7/site-packages/airflow/example_dags/example_branch_operator.py
[2023-10-04T08:17:50.615+0000] {logging_mixin.py:120} INFO - [2023-10-04T08:17:50.614+0000] {dag.py:2585} INFO - Sync 1 DAGs
[2023-10-04T08:17:50.650+0000] {logging_mixin.py:120} INFO - [2023-10-04T08:17:50.650+0000] {dag.py:3340} INFO - Setting next_dagrun for example_branch_operator to 2023-10-03T00:00:00+00:00, run_after=2023-10-04T00:00:00+00:00
[2023-10-04T08:17:50.695+0000] {processor.py:176} INFO - Processing /home/airflow/.local/lib/python3.7/site-packages/airflow/example_dags/example_branch_operator.py took 0.186 seconds
[2023-10-04T08:18:21.483+0000] {processor.py:154} INFO - Started process (PID=935) to work on /home/airflow/.local/lib/python3.7/site-packages/airflow/example_dags/example_branch_operator.py
[2023-10-04T08:18:21.485+0000] {processor.py:756} INFO - Processing file /home/airflow/.local/lib/python3.7/site-packages/airflow/example_dags/example_branch_operator.py for tasks to queue
[2023-10-04T08:18:21.488+0000] {logging_mixin.py:120} INFO - [2023-10-04T08:18:21.487+0000] {dagbag.py:537} INFO - Filling up the DagBag from /home/airflow/.local/lib/python3.7/site-packages/airflow/example_dags/example_branch_operator.py
[2023-10-04T08:18:21.514+0000] {processor.py:766} INFO - DAG(s) dict_keys(['example_branch_operator']) retrieved from /home/airflow/.local/lib/python3.7/site-packages/airflow/example_dags/example_branch_operator.py
[2023-10-04T08:18:21.581+0000] {logging_mixin.py:120} INFO - [2023-10-04T08:18:21.581+0000] {dag.py:2585} INFO - Sync 1 DAGs
[2023-10-04T08:18:21.622+0000] {logging_mixin.py:120} INFO - [2023-10-04T08:18:21.621+0000] {dag.py:3340} INFO - Setting next_dagrun for example_branch_operator to 2023-10-03T00:00:00+00:00, run_after=2023-10-04T00:00:00+00:00
[2023-10-04T08:18:21.656+0000] {processor.py:176} INFO - Processing /home/airflow/.local/lib/python3.7/site-packages/airflow/example_dags/example_branch_operator.py took 0.178 seconds
[2023-10-04T08:18:52.514+0000] {processor.py:154} INFO - Started process (PID=1003) to work on /home/airflow/.local/lib/python3.7/site-packages/airflow/example_dags/example_branch_operator.py
[2023-10-04T08:18:52.516+0000] {processor.py:756} INFO - Processing file /home/airflow/.local/lib/python3.7/site-packages/airflow/example_dags/example_branch_operator.py for tasks to queue
[2023-10-04T08:18:52.519+0000] {logging_mixin.py:120} INFO - [2023-10-04T08:18:52.518+0000] {dagbag.py:537} INFO - Filling up the DagBag from /home/airflow/.local/lib/python3.7/site-packages/airflow/example_dags/example_branch_operator.py
[2023-10-04T08:18:52.548+0000] {processor.py:766} INFO - DAG(s) dict_keys(['example_branch_operator']) retrieved from /home/airflow/.local/lib/python3.7/site-packages/airflow/example_dags/example_branch_operator.py
[2023-10-04T08:18:52.629+0000] {logging_mixin.py:120} INFO - [2023-10-04T08:18:52.628+0000] {dag.py:2585} INFO - Sync 1 DAGs
[2023-10-04T08:18:52.679+0000] {logging_mixin.py:120} INFO - [2023-10-04T08:18:52.679+0000] {dag.py:3340} INFO - Setting next_dagrun for example_branch_operator to 2023-10-03T00:00:00+00:00, run_after=2023-10-04T00:00:00+00:00
[2023-10-04T08:18:52.726+0000] {processor.py:176} INFO - Processing /home/airflow/.local/lib/python3.7/site-packages/airflow/example_dags/example_branch_operator.py took 0.221 seconds
[2023-10-04T08:19:23.063+0000] {processor.py:154} INFO - Started process (PID=1062) to work on /home/airflow/.local/lib/python3.7/site-packages/airflow/example_dags/example_branch_operator.py
[2023-10-04T08:19:23.067+0000] {processor.py:756} INFO - Processing file /home/airflow/.local/lib/python3.7/site-packages/airflow/example_dags/example_branch_operator.py for tasks to queue
[2023-10-04T08:19:23.071+0000] {logging_mixin.py:120} INFO - [2023-10-04T08:19:23.070+0000] {dagbag.py:537} INFO - Filling up the DagBag from /home/airflow/.local/lib/python3.7/site-packages/airflow/example_dags/example_branch_operator.py
[2023-10-04T08:19:23.101+0000] {processor.py:766} INFO - DAG(s) dict_keys(['example_branch_operator']) retrieved from /home/airflow/.local/lib/python3.7/site-packages/airflow/example_dags/example_branch_operator.py
[2023-10-04T08:19:23.167+0000] {logging_mixin.py:120} INFO - [2023-10-04T08:19:23.166+0000] {dag.py:2585} INFO - Sync 1 DAGs
[2023-10-04T08:19:23.208+0000] {logging_mixin.py:120} INFO - [2023-10-04T08:19:23.208+0000] {dag.py:3340} INFO - Setting next_dagrun for example_branch_operator to 2023-10-03T00:00:00+00:00, run_after=2023-10-04T00:00:00+00:00
[2023-10-04T08:19:23.236+0000] {processor.py:176} INFO - Processing /home/airflow/.local/lib/python3.7/site-packages/airflow/example_dags/example_branch_operator.py took 0.178 seconds
[2023-10-04T08:19:53.431+0000] {processor.py:154} INFO - Started process (PID=1130) to work on /home/airflow/.local/lib/python3.7/site-packages/airflow/example_dags/example_branch_operator.py
[2023-10-04T08:19:53.432+0000] {processor.py:756} INFO - Processing file /home/airflow/.local/lib/python3.7/site-packages/airflow/example_dags/example_branch_operator.py for tasks to queue
[2023-10-04T08:19:53.434+0000] {logging_mixin.py:120} INFO - [2023-10-04T08:19:53.434+0000] {dagbag.py:537} INFO - Filling up the DagBag from /home/airflow/.local/lib/python3.7/site-packages/airflow/example_dags/example_branch_operator.py
[2023-10-04T08:19:53.461+0000] {processor.py:766} INFO - DAG(s) dict_keys(['example_branch_operator']) retrieved from /home/airflow/.local/lib/python3.7/site-packages/airflow/example_dags/example_branch_operator.py
[2023-10-04T08:19:53.521+0000] {logging_mixin.py:120} INFO - [2023-10-04T08:19:53.521+0000] {dag.py:2585} INFO - Sync 1 DAGs
[2023-10-04T08:19:53.562+0000] {logging_mixin.py:120} INFO - [2023-10-04T08:19:53.561+0000] {dag.py:3340} INFO - Setting next_dagrun for example_branch_operator to 2023-10-03T00:00:00+00:00, run_after=2023-10-04T00:00:00+00:00
[2023-10-04T08:19:53.597+0000] {processor.py:176} INFO - Processing /home/airflow/.local/lib/python3.7/site-packages/airflow/example_dags/example_branch_operator.py took 0.169 seconds
