[2023-10-04T07:42:30.889+0000] {processor.py:154} INFO - Started process (PID=70) to work on /home/airflow/.local/lib/python3.7/site-packages/airflow/example_dags/example_skip_dag.py
[2023-10-04T07:42:30.897+0000] {processor.py:756} INFO - Processing file /home/airflow/.local/lib/python3.7/site-packages/airflow/example_dags/example_skip_dag.py for tasks to queue
[2023-10-04T07:42:30.902+0000] {logging_mixin.py:120} INFO - [2023-10-04T07:42:30.901+0000] {dagbag.py:537} INFO - Filling up the DagBag from /home/airflow/.local/lib/python3.7/site-packages/airflow/example_dags/example_skip_dag.py
[2023-10-04T07:42:30.928+0000] {processor.py:766} INFO - DAG(s) dict_keys(['example_skip_dag']) retrieved from /home/airflow/.local/lib/python3.7/site-packages/airflow/example_dags/example_skip_dag.py
[2023-10-04T07:42:31.029+0000] {logging_mixin.py:120} INFO - [2023-10-04T07:42:31.029+0000] {dag.py:2585} INFO - Sync 1 DAGs
[2023-10-04T07:42:31.127+0000] {logging_mixin.py:120} INFO - [2023-10-04T07:42:31.125+0000] {dag.py:3340} INFO - Setting next_dagrun for example_skip_dag to 2023-10-03T07:42:31.122935+00:00, run_after=2023-10-04T07:42:31.122935+00:00
[2023-10-04T07:42:31.197+0000] {processor.py:176} INFO - Processing /home/airflow/.local/lib/python3.7/site-packages/airflow/example_dags/example_skip_dag.py took 0.313 seconds
[2023-10-04T07:43:01.480+0000] {processor.py:154} INFO - Started process (PID=128) to work on /home/airflow/.local/lib/python3.7/site-packages/airflow/example_dags/example_skip_dag.py
[2023-10-04T07:43:01.482+0000] {processor.py:756} INFO - Processing file /home/airflow/.local/lib/python3.7/site-packages/airflow/example_dags/example_skip_dag.py for tasks to queue
[2023-10-04T07:43:01.484+0000] {logging_mixin.py:120} INFO - [2023-10-04T07:43:01.484+0000] {dagbag.py:537} INFO - Filling up the DagBag from /home/airflow/.local/lib/python3.7/site-packages/airflow/example_dags/example_skip_dag.py
[2023-10-04T07:43:01.515+0000] {processor.py:766} INFO - DAG(s) dict_keys(['example_skip_dag']) retrieved from /home/airflow/.local/lib/python3.7/site-packages/airflow/example_dags/example_skip_dag.py
[2023-10-04T07:43:01.572+0000] {logging_mixin.py:120} INFO - [2023-10-04T07:43:01.572+0000] {dag.py:2585} INFO - Sync 1 DAGs
[2023-10-04T07:43:01.596+0000] {logging_mixin.py:120} INFO - [2023-10-04T07:43:01.596+0000] {dag.py:3340} INFO - Setting next_dagrun for example_skip_dag to 2023-10-03T07:43:01.596403+00:00, run_after=2023-10-04T07:43:01.596403+00:00
[2023-10-04T07:43:01.629+0000] {processor.py:176} INFO - Processing /home/airflow/.local/lib/python3.7/site-packages/airflow/example_dags/example_skip_dag.py took 0.155 seconds
[2023-10-04T07:43:31.893+0000] {processor.py:154} INFO - Started process (PID=196) to work on /home/airflow/.local/lib/python3.7/site-packages/airflow/example_dags/example_skip_dag.py
[2023-10-04T07:43:31.895+0000] {processor.py:756} INFO - Processing file /home/airflow/.local/lib/python3.7/site-packages/airflow/example_dags/example_skip_dag.py for tasks to queue
[2023-10-04T07:43:31.897+0000] {logging_mixin.py:120} INFO - [2023-10-04T07:43:31.896+0000] {dagbag.py:537} INFO - Filling up the DagBag from /home/airflow/.local/lib/python3.7/site-packages/airflow/example_dags/example_skip_dag.py
[2023-10-04T07:43:31.911+0000] {processor.py:766} INFO - DAG(s) dict_keys(['example_skip_dag']) retrieved from /home/airflow/.local/lib/python3.7/site-packages/airflow/example_dags/example_skip_dag.py
[2023-10-04T07:43:31.951+0000] {logging_mixin.py:120} INFO - [2023-10-04T07:43:31.950+0000] {dag.py:2585} INFO - Sync 1 DAGs
[2023-10-04T07:43:31.974+0000] {logging_mixin.py:120} INFO - [2023-10-04T07:43:31.974+0000] {dag.py:3340} INFO - Setting next_dagrun for example_skip_dag to 2023-10-03T07:43:31.974295+00:00, run_after=2023-10-04T07:43:31.974295+00:00
[2023-10-04T07:43:32.001+0000] {processor.py:176} INFO - Processing /home/airflow/.local/lib/python3.7/site-packages/airflow/example_dags/example_skip_dag.py took 0.110 seconds
[2023-10-04T07:44:02.167+0000] {processor.py:154} INFO - Started process (PID=254) to work on /home/airflow/.local/lib/python3.7/site-packages/airflow/example_dags/example_skip_dag.py
[2023-10-04T07:44:02.168+0000] {processor.py:756} INFO - Processing file /home/airflow/.local/lib/python3.7/site-packages/airflow/example_dags/example_skip_dag.py for tasks to queue
[2023-10-04T07:44:02.169+0000] {logging_mixin.py:120} INFO - [2023-10-04T07:44:02.168+0000] {dagbag.py:537} INFO - Filling up the DagBag from /home/airflow/.local/lib/python3.7/site-packages/airflow/example_dags/example_skip_dag.py
[2023-10-04T07:44:02.179+0000] {processor.py:766} INFO - DAG(s) dict_keys(['example_skip_dag']) retrieved from /home/airflow/.local/lib/python3.7/site-packages/airflow/example_dags/example_skip_dag.py
[2023-10-04T07:44:02.213+0000] {logging_mixin.py:120} INFO - [2023-10-04T07:44:02.213+0000] {dag.py:2585} INFO - Sync 1 DAGs
[2023-10-04T07:44:02.234+0000] {logging_mixin.py:120} INFO - [2023-10-04T07:44:02.234+0000] {dag.py:3340} INFO - Setting next_dagrun for example_skip_dag to 2023-10-03T07:44:02.234013+00:00, run_after=2023-10-04T07:44:02.234013+00:00
[2023-10-04T07:44:02.257+0000] {processor.py:176} INFO - Processing /home/airflow/.local/lib/python3.7/site-packages/airflow/example_dags/example_skip_dag.py took 0.094 seconds
[2023-10-04T07:44:32.309+0000] {processor.py:154} INFO - Started process (PID=319) to work on /home/airflow/.local/lib/python3.7/site-packages/airflow/example_dags/example_skip_dag.py
[2023-10-04T07:44:32.310+0000] {processor.py:756} INFO - Processing file /home/airflow/.local/lib/python3.7/site-packages/airflow/example_dags/example_skip_dag.py for tasks to queue
[2023-10-04T07:44:32.312+0000] {logging_mixin.py:120} INFO - [2023-10-04T07:44:32.312+0000] {dagbag.py:537} INFO - Filling up the DagBag from /home/airflow/.local/lib/python3.7/site-packages/airflow/example_dags/example_skip_dag.py
[2023-10-04T07:44:32.324+0000] {processor.py:766} INFO - DAG(s) dict_keys(['example_skip_dag']) retrieved from /home/airflow/.local/lib/python3.7/site-packages/airflow/example_dags/example_skip_dag.py
[2023-10-04T07:44:32.360+0000] {logging_mixin.py:120} INFO - [2023-10-04T07:44:32.359+0000] {dag.py:2585} INFO - Sync 1 DAGs
[2023-10-04T07:44:32.379+0000] {logging_mixin.py:120} INFO - [2023-10-04T07:44:32.379+0000] {dag.py:3340} INFO - Setting next_dagrun for example_skip_dag to 2023-10-03T07:44:32.378891+00:00, run_after=2023-10-04T07:44:32.378891+00:00
[2023-10-04T07:44:32.403+0000] {processor.py:176} INFO - Processing /home/airflow/.local/lib/python3.7/site-packages/airflow/example_dags/example_skip_dag.py took 0.099 seconds
[2023-10-04T07:45:03.012+0000] {processor.py:154} INFO - Started process (PID=386) to work on /home/airflow/.local/lib/python3.7/site-packages/airflow/example_dags/example_skip_dag.py
[2023-10-04T07:45:03.014+0000] {processor.py:756} INFO - Processing file /home/airflow/.local/lib/python3.7/site-packages/airflow/example_dags/example_skip_dag.py for tasks to queue
[2023-10-04T07:45:03.015+0000] {logging_mixin.py:120} INFO - [2023-10-04T07:45:03.015+0000] {dagbag.py:537} INFO - Filling up the DagBag from /home/airflow/.local/lib/python3.7/site-packages/airflow/example_dags/example_skip_dag.py
[2023-10-04T07:45:03.027+0000] {processor.py:766} INFO - DAG(s) dict_keys(['example_skip_dag']) retrieved from /home/airflow/.local/lib/python3.7/site-packages/airflow/example_dags/example_skip_dag.py
[2023-10-04T07:45:03.066+0000] {logging_mixin.py:120} INFO - [2023-10-04T07:45:03.066+0000] {dag.py:2585} INFO - Sync 1 DAGs
[2023-10-04T07:45:03.089+0000] {logging_mixin.py:120} INFO - [2023-10-04T07:45:03.089+0000] {dag.py:3340} INFO - Setting next_dagrun for example_skip_dag to 2023-10-03T07:45:03.089373+00:00, run_after=2023-10-04T07:45:03.089373+00:00
[2023-10-04T07:45:03.116+0000] {processor.py:176} INFO - Processing /home/airflow/.local/lib/python3.7/site-packages/airflow/example_dags/example_skip_dag.py took 0.107 seconds
[2023-10-04T07:45:33.528+0000] {processor.py:154} INFO - Started process (PID=453) to work on /home/airflow/.local/lib/python3.7/site-packages/airflow/example_dags/example_skip_dag.py
[2023-10-04T07:45:33.529+0000] {processor.py:756} INFO - Processing file /home/airflow/.local/lib/python3.7/site-packages/airflow/example_dags/example_skip_dag.py for tasks to queue
[2023-10-04T07:45:33.531+0000] {logging_mixin.py:120} INFO - [2023-10-04T07:45:33.530+0000] {dagbag.py:537} INFO - Filling up the DagBag from /home/airflow/.local/lib/python3.7/site-packages/airflow/example_dags/example_skip_dag.py
[2023-10-04T07:45:33.544+0000] {processor.py:766} INFO - DAG(s) dict_keys(['example_skip_dag']) retrieved from /home/airflow/.local/lib/python3.7/site-packages/airflow/example_dags/example_skip_dag.py
[2023-10-04T07:45:33.657+0000] {logging_mixin.py:120} INFO - [2023-10-04T07:45:33.657+0000] {dag.py:2585} INFO - Sync 1 DAGs
[2023-10-04T07:45:33.686+0000] {logging_mixin.py:120} INFO - [2023-10-04T07:45:33.686+0000] {dag.py:3340} INFO - Setting next_dagrun for example_skip_dag to 2023-10-03T07:45:33.686470+00:00, run_after=2023-10-04T07:45:33.686470+00:00
[2023-10-04T07:45:33.712+0000] {processor.py:176} INFO - Processing /home/airflow/.local/lib/python3.7/site-packages/airflow/example_dags/example_skip_dag.py took 0.188 seconds
[2023-10-04T07:46:04.082+0000] {processor.py:154} INFO - Started process (PID=511) to work on /home/airflow/.local/lib/python3.7/site-packages/airflow/example_dags/example_skip_dag.py
[2023-10-04T07:46:04.084+0000] {processor.py:756} INFO - Processing file /home/airflow/.local/lib/python3.7/site-packages/airflow/example_dags/example_skip_dag.py for tasks to queue
[2023-10-04T07:46:04.085+0000] {logging_mixin.py:120} INFO - [2023-10-04T07:46:04.085+0000] {dagbag.py:537} INFO - Filling up the DagBag from /home/airflow/.local/lib/python3.7/site-packages/airflow/example_dags/example_skip_dag.py
[2023-10-04T07:46:04.097+0000] {processor.py:766} INFO - DAG(s) dict_keys(['example_skip_dag']) retrieved from /home/airflow/.local/lib/python3.7/site-packages/airflow/example_dags/example_skip_dag.py
[2023-10-04T07:46:04.130+0000] {logging_mixin.py:120} INFO - [2023-10-04T07:46:04.130+0000] {dag.py:2585} INFO - Sync 1 DAGs
[2023-10-04T07:46:04.153+0000] {logging_mixin.py:120} INFO - [2023-10-04T07:46:04.153+0000] {dag.py:3340} INFO - Setting next_dagrun for example_skip_dag to 2023-10-03T07:46:04.153468+00:00, run_after=2023-10-04T07:46:04.153468+00:00
[2023-10-04T07:46:04.176+0000] {processor.py:176} INFO - Processing /home/airflow/.local/lib/python3.7/site-packages/airflow/example_dags/example_skip_dag.py took 0.098 seconds
[2023-10-04T07:46:34.450+0000] {processor.py:154} INFO - Started process (PID=578) to work on /home/airflow/.local/lib/python3.7/site-packages/airflow/example_dags/example_skip_dag.py
[2023-10-04T07:46:34.451+0000] {processor.py:756} INFO - Processing file /home/airflow/.local/lib/python3.7/site-packages/airflow/example_dags/example_skip_dag.py for tasks to queue
[2023-10-04T07:46:34.452+0000] {logging_mixin.py:120} INFO - [2023-10-04T07:46:34.452+0000] {dagbag.py:537} INFO - Filling up the DagBag from /home/airflow/.local/lib/python3.7/site-packages/airflow/example_dags/example_skip_dag.py
[2023-10-04T07:46:34.463+0000] {processor.py:766} INFO - DAG(s) dict_keys(['example_skip_dag']) retrieved from /home/airflow/.local/lib/python3.7/site-packages/airflow/example_dags/example_skip_dag.py
[2023-10-04T07:46:34.498+0000] {logging_mixin.py:120} INFO - [2023-10-04T07:46:34.498+0000] {dag.py:2585} INFO - Sync 1 DAGs
[2023-10-04T07:46:34.518+0000] {logging_mixin.py:120} INFO - [2023-10-04T07:46:34.518+0000] {dag.py:3340} INFO - Setting next_dagrun for example_skip_dag to 2023-10-03T07:46:34.518608+00:00, run_after=2023-10-04T07:46:34.518608+00:00
[2023-10-04T07:46:34.542+0000] {processor.py:176} INFO - Processing /home/airflow/.local/lib/python3.7/site-packages/airflow/example_dags/example_skip_dag.py took 0.095 seconds
[2023-10-04T07:47:04.892+0000] {processor.py:154} INFO - Started process (PID=645) to work on /home/airflow/.local/lib/python3.7/site-packages/airflow/example_dags/example_skip_dag.py
[2023-10-04T07:47:04.893+0000] {processor.py:756} INFO - Processing file /home/airflow/.local/lib/python3.7/site-packages/airflow/example_dags/example_skip_dag.py for tasks to queue
[2023-10-04T07:47:04.895+0000] {logging_mixin.py:120} INFO - [2023-10-04T07:47:04.895+0000] {dagbag.py:537} INFO - Filling up the DagBag from /home/airflow/.local/lib/python3.7/site-packages/airflow/example_dags/example_skip_dag.py
[2023-10-04T07:47:04.919+0000] {processor.py:766} INFO - DAG(s) dict_keys(['example_skip_dag']) retrieved from /home/airflow/.local/lib/python3.7/site-packages/airflow/example_dags/example_skip_dag.py
[2023-10-04T07:47:05.022+0000] {logging_mixin.py:120} INFO - [2023-10-04T07:47:05.022+0000] {dag.py:2585} INFO - Sync 1 DAGs
[2023-10-04T07:47:05.046+0000] {logging_mixin.py:120} INFO - [2023-10-04T07:47:05.045+0000] {dag.py:3340} INFO - Setting next_dagrun for example_skip_dag to 2023-10-03T07:47:05.045753+00:00, run_after=2023-10-04T07:47:05.045753+00:00
[2023-10-04T07:47:05.070+0000] {processor.py:176} INFO - Processing /home/airflow/.local/lib/python3.7/site-packages/airflow/example_dags/example_skip_dag.py took 0.182 seconds
[2023-10-04T07:47:35.155+0000] {processor.py:154} INFO - Started process (PID=710) to work on /home/airflow/.local/lib/python3.7/site-packages/airflow/example_dags/example_skip_dag.py
[2023-10-04T07:47:35.157+0000] {processor.py:756} INFO - Processing file /home/airflow/.local/lib/python3.7/site-packages/airflow/example_dags/example_skip_dag.py for tasks to queue
[2023-10-04T07:47:35.158+0000] {logging_mixin.py:120} INFO - [2023-10-04T07:47:35.158+0000] {dagbag.py:537} INFO - Filling up the DagBag from /home/airflow/.local/lib/python3.7/site-packages/airflow/example_dags/example_skip_dag.py
[2023-10-04T07:47:35.174+0000] {processor.py:766} INFO - DAG(s) dict_keys(['example_skip_dag']) retrieved from /home/airflow/.local/lib/python3.7/site-packages/airflow/example_dags/example_skip_dag.py
[2023-10-04T07:47:35.213+0000] {logging_mixin.py:120} INFO - [2023-10-04T07:47:35.213+0000] {dag.py:2585} INFO - Sync 1 DAGs
[2023-10-04T07:47:35.242+0000] {logging_mixin.py:120} INFO - [2023-10-04T07:47:35.241+0000] {dag.py:3340} INFO - Setting next_dagrun for example_skip_dag to 2023-10-03T07:47:35.241621+00:00, run_after=2023-10-04T07:47:35.241621+00:00
[2023-10-04T07:47:35.269+0000] {processor.py:176} INFO - Processing /home/airflow/.local/lib/python3.7/site-packages/airflow/example_dags/example_skip_dag.py took 0.117 seconds
[2023-10-04T07:48:05.897+0000] {processor.py:154} INFO - Started process (PID=770) to work on /home/airflow/.local/lib/python3.7/site-packages/airflow/example_dags/example_skip_dag.py
[2023-10-04T07:48:05.898+0000] {processor.py:756} INFO - Processing file /home/airflow/.local/lib/python3.7/site-packages/airflow/example_dags/example_skip_dag.py for tasks to queue
[2023-10-04T07:48:05.900+0000] {logging_mixin.py:120} INFO - [2023-10-04T07:48:05.899+0000] {dagbag.py:537} INFO - Filling up the DagBag from /home/airflow/.local/lib/python3.7/site-packages/airflow/example_dags/example_skip_dag.py
[2023-10-04T07:48:05.912+0000] {processor.py:766} INFO - DAG(s) dict_keys(['example_skip_dag']) retrieved from /home/airflow/.local/lib/python3.7/site-packages/airflow/example_dags/example_skip_dag.py
[2023-10-04T07:48:05.947+0000] {logging_mixin.py:120} INFO - [2023-10-04T07:48:05.947+0000] {dag.py:2585} INFO - Sync 1 DAGs
[2023-10-04T07:48:05.969+0000] {logging_mixin.py:120} INFO - [2023-10-04T07:48:05.968+0000] {dag.py:3340} INFO - Setting next_dagrun for example_skip_dag to 2023-10-03T07:48:05.968611+00:00, run_after=2023-10-04T07:48:05.968611+00:00
[2023-10-04T07:48:05.991+0000] {processor.py:176} INFO - Processing /home/airflow/.local/lib/python3.7/site-packages/airflow/example_dags/example_skip_dag.py took 0.097 seconds
[2023-10-04T07:48:36.396+0000] {processor.py:154} INFO - Started process (PID=837) to work on /home/airflow/.local/lib/python3.7/site-packages/airflow/example_dags/example_skip_dag.py
[2023-10-04T07:48:36.398+0000] {processor.py:756} INFO - Processing file /home/airflow/.local/lib/python3.7/site-packages/airflow/example_dags/example_skip_dag.py for tasks to queue
[2023-10-04T07:48:36.400+0000] {logging_mixin.py:120} INFO - [2023-10-04T07:48:36.400+0000] {dagbag.py:537} INFO - Filling up the DagBag from /home/airflow/.local/lib/python3.7/site-packages/airflow/example_dags/example_skip_dag.py
[2023-10-04T07:48:36.414+0000] {processor.py:766} INFO - DAG(s) dict_keys(['example_skip_dag']) retrieved from /home/airflow/.local/lib/python3.7/site-packages/airflow/example_dags/example_skip_dag.py
[2023-10-04T07:48:36.456+0000] {logging_mixin.py:120} INFO - [2023-10-04T07:48:36.456+0000] {dag.py:2585} INFO - Sync 1 DAGs
[2023-10-04T07:48:36.499+0000] {logging_mixin.py:120} INFO - [2023-10-04T07:48:36.498+0000] {dag.py:3340} INFO - Setting next_dagrun for example_skip_dag to 2023-10-03T07:48:36.498621+00:00, run_after=2023-10-04T07:48:36.498621+00:00
[2023-10-04T07:48:36.530+0000] {processor.py:176} INFO - Processing /home/airflow/.local/lib/python3.7/site-packages/airflow/example_dags/example_skip_dag.py took 0.136 seconds
[2023-10-04T07:49:06.999+0000] {processor.py:154} INFO - Started process (PID=904) to work on /home/airflow/.local/lib/python3.7/site-packages/airflow/example_dags/example_skip_dag.py
[2023-10-04T07:49:07.000+0000] {processor.py:756} INFO - Processing file /home/airflow/.local/lib/python3.7/site-packages/airflow/example_dags/example_skip_dag.py for tasks to queue
[2023-10-04T07:49:07.001+0000] {logging_mixin.py:120} INFO - [2023-10-04T07:49:07.001+0000] {dagbag.py:537} INFO - Filling up the DagBag from /home/airflow/.local/lib/python3.7/site-packages/airflow/example_dags/example_skip_dag.py
[2023-10-04T07:49:07.013+0000] {processor.py:766} INFO - DAG(s) dict_keys(['example_skip_dag']) retrieved from /home/airflow/.local/lib/python3.7/site-packages/airflow/example_dags/example_skip_dag.py
[2023-10-04T07:49:07.051+0000] {logging_mixin.py:120} INFO - [2023-10-04T07:49:07.050+0000] {dag.py:2585} INFO - Sync 1 DAGs
[2023-10-04T07:49:07.073+0000] {logging_mixin.py:120} INFO - [2023-10-04T07:49:07.073+0000] {dag.py:3340} INFO - Setting next_dagrun for example_skip_dag to 2023-10-03T07:49:07.072947+00:00, run_after=2023-10-04T07:49:07.072947+00:00
[2023-10-04T07:49:07.099+0000] {processor.py:176} INFO - Processing /home/airflow/.local/lib/python3.7/site-packages/airflow/example_dags/example_skip_dag.py took 0.104 seconds
[2023-10-04T07:49:37.507+0000] {processor.py:154} INFO - Started process (PID=962) to work on /home/airflow/.local/lib/python3.7/site-packages/airflow/example_dags/example_skip_dag.py
[2023-10-04T07:49:37.508+0000] {processor.py:756} INFO - Processing file /home/airflow/.local/lib/python3.7/site-packages/airflow/example_dags/example_skip_dag.py for tasks to queue
[2023-10-04T07:49:37.509+0000] {logging_mixin.py:120} INFO - [2023-10-04T07:49:37.509+0000] {dagbag.py:537} INFO - Filling up the DagBag from /home/airflow/.local/lib/python3.7/site-packages/airflow/example_dags/example_skip_dag.py
[2023-10-04T07:49:37.521+0000] {processor.py:766} INFO - DAG(s) dict_keys(['example_skip_dag']) retrieved from /home/airflow/.local/lib/python3.7/site-packages/airflow/example_dags/example_skip_dag.py
[2023-10-04T07:49:37.559+0000] {logging_mixin.py:120} INFO - [2023-10-04T07:49:37.559+0000] {dag.py:2585} INFO - Sync 1 DAGs
[2023-10-04T07:49:37.582+0000] {logging_mixin.py:120} INFO - [2023-10-04T07:49:37.582+0000] {dag.py:3340} INFO - Setting next_dagrun for example_skip_dag to 2023-10-03T07:49:37.582577+00:00, run_after=2023-10-04T07:49:37.582577+00:00
[2023-10-04T07:49:37.603+0000] {processor.py:176} INFO - Processing /home/airflow/.local/lib/python3.7/site-packages/airflow/example_dags/example_skip_dag.py took 0.100 seconds
[2023-10-04T07:50:07.946+0000] {processor.py:154} INFO - Started process (PID=1030) to work on /home/airflow/.local/lib/python3.7/site-packages/airflow/example_dags/example_skip_dag.py
[2023-10-04T07:50:07.947+0000] {processor.py:756} INFO - Processing file /home/airflow/.local/lib/python3.7/site-packages/airflow/example_dags/example_skip_dag.py for tasks to queue
[2023-10-04T07:50:07.948+0000] {logging_mixin.py:120} INFO - [2023-10-04T07:50:07.948+0000] {dagbag.py:537} INFO - Filling up the DagBag from /home/airflow/.local/lib/python3.7/site-packages/airflow/example_dags/example_skip_dag.py
[2023-10-04T07:50:07.960+0000] {processor.py:766} INFO - DAG(s) dict_keys(['example_skip_dag']) retrieved from /home/airflow/.local/lib/python3.7/site-packages/airflow/example_dags/example_skip_dag.py
[2023-10-04T07:50:08.000+0000] {logging_mixin.py:120} INFO - [2023-10-04T07:50:08.000+0000] {dag.py:2585} INFO - Sync 1 DAGs
[2023-10-04T07:50:08.026+0000] {logging_mixin.py:120} INFO - [2023-10-04T07:50:08.026+0000] {dag.py:3340} INFO - Setting next_dagrun for example_skip_dag to 2023-10-03T07:50:08.026406+00:00, run_after=2023-10-04T07:50:08.026406+00:00
[2023-10-04T07:50:08.048+0000] {processor.py:176} INFO - Processing /home/airflow/.local/lib/python3.7/site-packages/airflow/example_dags/example_skip_dag.py took 0.105 seconds
[2023-10-04T07:50:38.573+0000] {processor.py:154} INFO - Started process (PID=1097) to work on /home/airflow/.local/lib/python3.7/site-packages/airflow/example_dags/example_skip_dag.py
[2023-10-04T07:50:38.575+0000] {processor.py:756} INFO - Processing file /home/airflow/.local/lib/python3.7/site-packages/airflow/example_dags/example_skip_dag.py for tasks to queue
[2023-10-04T07:50:38.576+0000] {logging_mixin.py:120} INFO - [2023-10-04T07:50:38.576+0000] {dagbag.py:537} INFO - Filling up the DagBag from /home/airflow/.local/lib/python3.7/site-packages/airflow/example_dags/example_skip_dag.py
[2023-10-04T07:50:38.591+0000] {processor.py:766} INFO - DAG(s) dict_keys(['example_skip_dag']) retrieved from /home/airflow/.local/lib/python3.7/site-packages/airflow/example_dags/example_skip_dag.py
[2023-10-04T07:50:38.628+0000] {logging_mixin.py:120} INFO - [2023-10-04T07:50:38.628+0000] {dag.py:2585} INFO - Sync 1 DAGs
[2023-10-04T07:50:38.649+0000] {logging_mixin.py:120} INFO - [2023-10-04T07:50:38.649+0000] {dag.py:3340} INFO - Setting next_dagrun for example_skip_dag to 2023-10-03T07:50:38.648821+00:00, run_after=2023-10-04T07:50:38.648821+00:00
[2023-10-04T07:50:38.669+0000] {processor.py:176} INFO - Processing /home/airflow/.local/lib/python3.7/site-packages/airflow/example_dags/example_skip_dag.py took 0.099 seconds
[2023-10-04T07:51:09.176+0000] {processor.py:154} INFO - Started process (PID=1165) to work on /home/airflow/.local/lib/python3.7/site-packages/airflow/example_dags/example_skip_dag.py
[2023-10-04T07:51:09.178+0000] {processor.py:756} INFO - Processing file /home/airflow/.local/lib/python3.7/site-packages/airflow/example_dags/example_skip_dag.py for tasks to queue
[2023-10-04T07:51:09.179+0000] {logging_mixin.py:120} INFO - [2023-10-04T07:51:09.179+0000] {dagbag.py:537} INFO - Filling up the DagBag from /home/airflow/.local/lib/python3.7/site-packages/airflow/example_dags/example_skip_dag.py
[2023-10-04T07:51:09.192+0000] {processor.py:766} INFO - DAG(s) dict_keys(['example_skip_dag']) retrieved from /home/airflow/.local/lib/python3.7/site-packages/airflow/example_dags/example_skip_dag.py
[2023-10-04T07:51:09.226+0000] {logging_mixin.py:120} INFO - [2023-10-04T07:51:09.226+0000] {dag.py:2585} INFO - Sync 1 DAGs
[2023-10-04T07:51:09.246+0000] {logging_mixin.py:120} INFO - [2023-10-04T07:51:09.246+0000] {dag.py:3340} INFO - Setting next_dagrun for example_skip_dag to 2023-10-03T07:51:09.246668+00:00, run_after=2023-10-04T07:51:09.246668+00:00
[2023-10-04T07:51:09.269+0000] {processor.py:176} INFO - Processing /home/airflow/.local/lib/python3.7/site-packages/airflow/example_dags/example_skip_dag.py took 0.096 seconds
[2023-10-04T07:51:39.416+0000] {processor.py:154} INFO - Started process (PID=1223) to work on /home/airflow/.local/lib/python3.7/site-packages/airflow/example_dags/example_skip_dag.py
[2023-10-04T07:51:39.417+0000] {processor.py:756} INFO - Processing file /home/airflow/.local/lib/python3.7/site-packages/airflow/example_dags/example_skip_dag.py for tasks to queue
[2023-10-04T07:51:39.418+0000] {logging_mixin.py:120} INFO - [2023-10-04T07:51:39.418+0000] {dagbag.py:537} INFO - Filling up the DagBag from /home/airflow/.local/lib/python3.7/site-packages/airflow/example_dags/example_skip_dag.py
[2023-10-04T07:51:39.429+0000] {processor.py:766} INFO - DAG(s) dict_keys(['example_skip_dag']) retrieved from /home/airflow/.local/lib/python3.7/site-packages/airflow/example_dags/example_skip_dag.py
[2023-10-04T07:51:39.464+0000] {logging_mixin.py:120} INFO - [2023-10-04T07:51:39.464+0000] {dag.py:2585} INFO - Sync 1 DAGs
[2023-10-04T07:51:39.485+0000] {logging_mixin.py:120} INFO - [2023-10-04T07:51:39.484+0000] {dag.py:3340} INFO - Setting next_dagrun for example_skip_dag to 2023-10-03T07:51:39.484686+00:00, run_after=2023-10-04T07:51:39.484686+00:00
[2023-10-04T07:51:39.504+0000] {processor.py:176} INFO - Processing /home/airflow/.local/lib/python3.7/site-packages/airflow/example_dags/example_skip_dag.py took 0.092 seconds
[2023-10-04T07:52:10.172+0000] {processor.py:154} INFO - Started process (PID=1291) to work on /home/airflow/.local/lib/python3.7/site-packages/airflow/example_dags/example_skip_dag.py
[2023-10-04T07:52:10.174+0000] {processor.py:756} INFO - Processing file /home/airflow/.local/lib/python3.7/site-packages/airflow/example_dags/example_skip_dag.py for tasks to queue
[2023-10-04T07:52:10.178+0000] {logging_mixin.py:120} INFO - [2023-10-04T07:52:10.177+0000] {dagbag.py:537} INFO - Filling up the DagBag from /home/airflow/.local/lib/python3.7/site-packages/airflow/example_dags/example_skip_dag.py
[2023-10-04T07:52:10.197+0000] {processor.py:766} INFO - DAG(s) dict_keys(['example_skip_dag']) retrieved from /home/airflow/.local/lib/python3.7/site-packages/airflow/example_dags/example_skip_dag.py
[2023-10-04T07:52:10.246+0000] {logging_mixin.py:120} INFO - [2023-10-04T07:52:10.246+0000] {dag.py:2585} INFO - Sync 1 DAGs
[2023-10-04T07:52:10.277+0000] {logging_mixin.py:120} INFO - [2023-10-04T07:52:10.276+0000] {dag.py:3340} INFO - Setting next_dagrun for example_skip_dag to 2023-10-03T07:52:10.276668+00:00, run_after=2023-10-04T07:52:10.276668+00:00
[2023-10-04T07:52:10.303+0000] {processor.py:176} INFO - Processing /home/airflow/.local/lib/python3.7/site-packages/airflow/example_dags/example_skip_dag.py took 0.134 seconds
[2023-10-04T07:52:40.743+0000] {processor.py:154} INFO - Started process (PID=1358) to work on /home/airflow/.local/lib/python3.7/site-packages/airflow/example_dags/example_skip_dag.py
[2023-10-04T07:52:40.745+0000] {processor.py:756} INFO - Processing file /home/airflow/.local/lib/python3.7/site-packages/airflow/example_dags/example_skip_dag.py for tasks to queue
[2023-10-04T07:52:40.746+0000] {logging_mixin.py:120} INFO - [2023-10-04T07:52:40.745+0000] {dagbag.py:537} INFO - Filling up the DagBag from /home/airflow/.local/lib/python3.7/site-packages/airflow/example_dags/example_skip_dag.py
[2023-10-04T07:52:40.757+0000] {processor.py:766} INFO - DAG(s) dict_keys(['example_skip_dag']) retrieved from /home/airflow/.local/lib/python3.7/site-packages/airflow/example_dags/example_skip_dag.py
[2023-10-04T07:52:40.792+0000] {logging_mixin.py:120} INFO - [2023-10-04T07:52:40.792+0000] {dag.py:2585} INFO - Sync 1 DAGs
[2023-10-04T07:52:40.813+0000] {logging_mixin.py:120} INFO - [2023-10-04T07:52:40.813+0000] {dag.py:3340} INFO - Setting next_dagrun for example_skip_dag to 2023-10-03T07:52:40.813615+00:00, run_after=2023-10-04T07:52:40.813615+00:00
[2023-10-04T07:52:40.834+0000] {processor.py:176} INFO - Processing /home/airflow/.local/lib/python3.7/site-packages/airflow/example_dags/example_skip_dag.py took 0.093 seconds
[2023-10-04T07:53:11.297+0000] {processor.py:154} INFO - Started process (PID=1425) to work on /home/airflow/.local/lib/python3.7/site-packages/airflow/example_dags/example_skip_dag.py
[2023-10-04T07:53:11.299+0000] {processor.py:756} INFO - Processing file /home/airflow/.local/lib/python3.7/site-packages/airflow/example_dags/example_skip_dag.py for tasks to queue
[2023-10-04T07:53:11.300+0000] {logging_mixin.py:120} INFO - [2023-10-04T07:53:11.300+0000] {dagbag.py:537} INFO - Filling up the DagBag from /home/airflow/.local/lib/python3.7/site-packages/airflow/example_dags/example_skip_dag.py
[2023-10-04T07:53:11.315+0000] {processor.py:766} INFO - DAG(s) dict_keys(['example_skip_dag']) retrieved from /home/airflow/.local/lib/python3.7/site-packages/airflow/example_dags/example_skip_dag.py
[2023-10-04T07:53:11.404+0000] {logging_mixin.py:120} INFO - [2023-10-04T07:53:11.404+0000] {dag.py:2585} INFO - Sync 1 DAGs
[2023-10-04T07:53:11.438+0000] {logging_mixin.py:120} INFO - [2023-10-04T07:53:11.438+0000] {dag.py:3340} INFO - Setting next_dagrun for example_skip_dag to 2023-10-03T07:53:11.437959+00:00, run_after=2023-10-04T07:53:11.437959+00:00
[2023-10-04T07:53:11.470+0000] {processor.py:176} INFO - Processing /home/airflow/.local/lib/python3.7/site-packages/airflow/example_dags/example_skip_dag.py took 0.178 seconds
[2023-10-04T07:53:41.827+0000] {processor.py:154} INFO - Started process (PID=1483) to work on /home/airflow/.local/lib/python3.7/site-packages/airflow/example_dags/example_skip_dag.py
[2023-10-04T07:53:41.829+0000] {processor.py:756} INFO - Processing file /home/airflow/.local/lib/python3.7/site-packages/airflow/example_dags/example_skip_dag.py for tasks to queue
[2023-10-04T07:53:41.830+0000] {logging_mixin.py:120} INFO - [2023-10-04T07:53:41.830+0000] {dagbag.py:537} INFO - Filling up the DagBag from /home/airflow/.local/lib/python3.7/site-packages/airflow/example_dags/example_skip_dag.py
[2023-10-04T07:53:41.843+0000] {processor.py:766} INFO - DAG(s) dict_keys(['example_skip_dag']) retrieved from /home/airflow/.local/lib/python3.7/site-packages/airflow/example_dags/example_skip_dag.py
[2023-10-04T07:53:41.877+0000] {logging_mixin.py:120} INFO - [2023-10-04T07:53:41.877+0000] {dag.py:2585} INFO - Sync 1 DAGs
[2023-10-04T07:53:41.899+0000] {logging_mixin.py:120} INFO - [2023-10-04T07:53:41.899+0000] {dag.py:3340} INFO - Setting next_dagrun for example_skip_dag to 2023-10-03T07:53:41.898918+00:00, run_after=2023-10-04T07:53:41.898918+00:00
[2023-10-04T07:53:41.922+0000] {processor.py:176} INFO - Processing /home/airflow/.local/lib/python3.7/site-packages/airflow/example_dags/example_skip_dag.py took 0.097 seconds
[2023-10-04T07:54:12.568+0000] {processor.py:154} INFO - Started process (PID=1550) to work on /home/airflow/.local/lib/python3.7/site-packages/airflow/example_dags/example_skip_dag.py
[2023-10-04T07:54:12.570+0000] {processor.py:756} INFO - Processing file /home/airflow/.local/lib/python3.7/site-packages/airflow/example_dags/example_skip_dag.py for tasks to queue
[2023-10-04T07:54:12.571+0000] {logging_mixin.py:120} INFO - [2023-10-04T07:54:12.571+0000] {dagbag.py:537} INFO - Filling up the DagBag from /home/airflow/.local/lib/python3.7/site-packages/airflow/example_dags/example_skip_dag.py
[2023-10-04T07:54:12.585+0000] {processor.py:766} INFO - DAG(s) dict_keys(['example_skip_dag']) retrieved from /home/airflow/.local/lib/python3.7/site-packages/airflow/example_dags/example_skip_dag.py
[2023-10-04T07:54:12.624+0000] {logging_mixin.py:120} INFO - [2023-10-04T07:54:12.624+0000] {dag.py:2585} INFO - Sync 1 DAGs
[2023-10-04T07:54:12.648+0000] {logging_mixin.py:120} INFO - [2023-10-04T07:54:12.647+0000] {dag.py:3340} INFO - Setting next_dagrun for example_skip_dag to 2023-10-03T07:54:12.647669+00:00, run_after=2023-10-04T07:54:12.647669+00:00
[2023-10-04T07:54:12.672+0000] {processor.py:176} INFO - Processing /home/airflow/.local/lib/python3.7/site-packages/airflow/example_dags/example_skip_dag.py took 0.107 seconds
[2023-10-04T07:54:43.383+0000] {processor.py:154} INFO - Started process (PID=1617) to work on /home/airflow/.local/lib/python3.7/site-packages/airflow/example_dags/example_skip_dag.py
[2023-10-04T07:54:43.386+0000] {processor.py:756} INFO - Processing file /home/airflow/.local/lib/python3.7/site-packages/airflow/example_dags/example_skip_dag.py for tasks to queue
[2023-10-04T07:54:43.387+0000] {logging_mixin.py:120} INFO - [2023-10-04T07:54:43.387+0000] {dagbag.py:537} INFO - Filling up the DagBag from /home/airflow/.local/lib/python3.7/site-packages/airflow/example_dags/example_skip_dag.py
[2023-10-04T07:54:43.403+0000] {processor.py:766} INFO - DAG(s) dict_keys(['example_skip_dag']) retrieved from /home/airflow/.local/lib/python3.7/site-packages/airflow/example_dags/example_skip_dag.py
[2023-10-04T07:54:43.452+0000] {logging_mixin.py:120} INFO - [2023-10-04T07:54:43.451+0000] {dag.py:2585} INFO - Sync 1 DAGs
[2023-10-04T07:54:43.481+0000] {logging_mixin.py:120} INFO - [2023-10-04T07:54:43.481+0000] {dag.py:3340} INFO - Setting next_dagrun for example_skip_dag to 2023-10-03T07:54:43.481220+00:00, run_after=2023-10-04T07:54:43.481220+00:00
[2023-10-04T07:54:43.511+0000] {processor.py:176} INFO - Processing /home/airflow/.local/lib/python3.7/site-packages/airflow/example_dags/example_skip_dag.py took 0.131 seconds
[2023-10-04T07:55:13.653+0000] {processor.py:154} INFO - Started process (PID=1675) to work on /home/airflow/.local/lib/python3.7/site-packages/airflow/example_dags/example_skip_dag.py
[2023-10-04T07:55:13.654+0000] {processor.py:756} INFO - Processing file /home/airflow/.local/lib/python3.7/site-packages/airflow/example_dags/example_skip_dag.py for tasks to queue
[2023-10-04T07:55:13.656+0000] {logging_mixin.py:120} INFO - [2023-10-04T07:55:13.656+0000] {dagbag.py:537} INFO - Filling up the DagBag from /home/airflow/.local/lib/python3.7/site-packages/airflow/example_dags/example_skip_dag.py
[2023-10-04T07:55:13.669+0000] {processor.py:766} INFO - DAG(s) dict_keys(['example_skip_dag']) retrieved from /home/airflow/.local/lib/python3.7/site-packages/airflow/example_dags/example_skip_dag.py
[2023-10-04T07:55:13.705+0000] {logging_mixin.py:120} INFO - [2023-10-04T07:55:13.705+0000] {dag.py:2585} INFO - Sync 1 DAGs
[2023-10-04T07:55:13.730+0000] {logging_mixin.py:120} INFO - [2023-10-04T07:55:13.730+0000] {dag.py:3340} INFO - Setting next_dagrun for example_skip_dag to 2023-10-03T07:55:13.730249+00:00, run_after=2023-10-04T07:55:13.730249+00:00
[2023-10-04T07:55:13.755+0000] {processor.py:176} INFO - Processing /home/airflow/.local/lib/python3.7/site-packages/airflow/example_dags/example_skip_dag.py took 0.105 seconds
[2023-10-04T07:55:44.129+0000] {processor.py:154} INFO - Started process (PID=1742) to work on /home/airflow/.local/lib/python3.7/site-packages/airflow/example_dags/example_skip_dag.py
[2023-10-04T07:55:44.131+0000] {processor.py:756} INFO - Processing file /home/airflow/.local/lib/python3.7/site-packages/airflow/example_dags/example_skip_dag.py for tasks to queue
[2023-10-04T07:55:44.133+0000] {logging_mixin.py:120} INFO - [2023-10-04T07:55:44.133+0000] {dagbag.py:537} INFO - Filling up the DagBag from /home/airflow/.local/lib/python3.7/site-packages/airflow/example_dags/example_skip_dag.py
[2023-10-04T07:55:44.147+0000] {processor.py:766} INFO - DAG(s) dict_keys(['example_skip_dag']) retrieved from /home/airflow/.local/lib/python3.7/site-packages/airflow/example_dags/example_skip_dag.py
[2023-10-04T07:55:44.198+0000] {logging_mixin.py:120} INFO - [2023-10-04T07:55:44.198+0000] {dag.py:2585} INFO - Sync 1 DAGs
[2023-10-04T07:55:44.225+0000] {logging_mixin.py:120} INFO - [2023-10-04T07:55:44.224+0000] {dag.py:3340} INFO - Setting next_dagrun for example_skip_dag to 2023-10-03T07:55:44.224665+00:00, run_after=2023-10-04T07:55:44.224665+00:00
[2023-10-04T07:55:44.257+0000] {processor.py:176} INFO - Processing /home/airflow/.local/lib/python3.7/site-packages/airflow/example_dags/example_skip_dag.py took 0.130 seconds
[2023-10-04T07:56:14.726+0000] {processor.py:154} INFO - Started process (PID=1809) to work on /home/airflow/.local/lib/python3.7/site-packages/airflow/example_dags/example_skip_dag.py
[2023-10-04T07:56:14.728+0000] {processor.py:756} INFO - Processing file /home/airflow/.local/lib/python3.7/site-packages/airflow/example_dags/example_skip_dag.py for tasks to queue
[2023-10-04T07:56:14.729+0000] {logging_mixin.py:120} INFO - [2023-10-04T07:56:14.729+0000] {dagbag.py:537} INFO - Filling up the DagBag from /home/airflow/.local/lib/python3.7/site-packages/airflow/example_dags/example_skip_dag.py
[2023-10-04T07:56:14.742+0000] {processor.py:766} INFO - DAG(s) dict_keys(['example_skip_dag']) retrieved from /home/airflow/.local/lib/python3.7/site-packages/airflow/example_dags/example_skip_dag.py
[2023-10-04T07:56:14.778+0000] {logging_mixin.py:120} INFO - [2023-10-04T07:56:14.778+0000] {dag.py:2585} INFO - Sync 1 DAGs
[2023-10-04T07:56:14.799+0000] {logging_mixin.py:120} INFO - [2023-10-04T07:56:14.799+0000] {dag.py:3340} INFO - Setting next_dagrun for example_skip_dag to 2023-10-03T07:56:14.799368+00:00, run_after=2023-10-04T07:56:14.799368+00:00
[2023-10-04T07:56:14.823+0000] {processor.py:176} INFO - Processing /home/airflow/.local/lib/python3.7/site-packages/airflow/example_dags/example_skip_dag.py took 0.100 seconds
[2023-10-04T07:56:45.130+0000] {processor.py:154} INFO - Started process (PID=1876) to work on /home/airflow/.local/lib/python3.7/site-packages/airflow/example_dags/example_skip_dag.py
[2023-10-04T07:56:45.131+0000] {processor.py:756} INFO - Processing file /home/airflow/.local/lib/python3.7/site-packages/airflow/example_dags/example_skip_dag.py for tasks to queue
[2023-10-04T07:56:45.132+0000] {logging_mixin.py:120} INFO - [2023-10-04T07:56:45.132+0000] {dagbag.py:537} INFO - Filling up the DagBag from /home/airflow/.local/lib/python3.7/site-packages/airflow/example_dags/example_skip_dag.py
[2023-10-04T07:56:45.143+0000] {processor.py:766} INFO - DAG(s) dict_keys(['example_skip_dag']) retrieved from /home/airflow/.local/lib/python3.7/site-packages/airflow/example_dags/example_skip_dag.py
[2023-10-04T07:56:45.178+0000] {logging_mixin.py:120} INFO - [2023-10-04T07:56:45.178+0000] {dag.py:2585} INFO - Sync 1 DAGs
[2023-10-04T07:56:45.198+0000] {logging_mixin.py:120} INFO - [2023-10-04T07:56:45.198+0000] {dag.py:3340} INFO - Setting next_dagrun for example_skip_dag to 2023-10-03T07:56:45.198380+00:00, run_after=2023-10-04T07:56:45.198380+00:00
[2023-10-04T07:56:45.220+0000] {processor.py:176} INFO - Processing /home/airflow/.local/lib/python3.7/site-packages/airflow/example_dags/example_skip_dag.py took 0.093 seconds
[2023-10-04T07:57:15.560+0000] {processor.py:154} INFO - Started process (PID=1934) to work on /home/airflow/.local/lib/python3.7/site-packages/airflow/example_dags/example_skip_dag.py
[2023-10-04T07:57:15.562+0000] {processor.py:756} INFO - Processing file /home/airflow/.local/lib/python3.7/site-packages/airflow/example_dags/example_skip_dag.py for tasks to queue
[2023-10-04T07:57:15.563+0000] {logging_mixin.py:120} INFO - [2023-10-04T07:57:15.563+0000] {dagbag.py:537} INFO - Filling up the DagBag from /home/airflow/.local/lib/python3.7/site-packages/airflow/example_dags/example_skip_dag.py
[2023-10-04T07:57:15.575+0000] {processor.py:766} INFO - DAG(s) dict_keys(['example_skip_dag']) retrieved from /home/airflow/.local/lib/python3.7/site-packages/airflow/example_dags/example_skip_dag.py
[2023-10-04T07:57:15.621+0000] {logging_mixin.py:120} INFO - [2023-10-04T07:57:15.620+0000] {dag.py:2585} INFO - Sync 1 DAGs
[2023-10-04T07:57:15.646+0000] {logging_mixin.py:120} INFO - [2023-10-04T07:57:15.646+0000] {dag.py:3340} INFO - Setting next_dagrun for example_skip_dag to 2023-10-03T07:57:15.646362+00:00, run_after=2023-10-04T07:57:15.646362+00:00
[2023-10-04T07:57:15.670+0000] {processor.py:176} INFO - Processing /home/airflow/.local/lib/python3.7/site-packages/airflow/example_dags/example_skip_dag.py took 0.114 seconds
[2023-10-04T07:57:46.055+0000] {processor.py:154} INFO - Started process (PID=2002) to work on /home/airflow/.local/lib/python3.7/site-packages/airflow/example_dags/example_skip_dag.py
[2023-10-04T07:57:46.056+0000] {processor.py:756} INFO - Processing file /home/airflow/.local/lib/python3.7/site-packages/airflow/example_dags/example_skip_dag.py for tasks to queue
[2023-10-04T07:57:46.057+0000] {logging_mixin.py:120} INFO - [2023-10-04T07:57:46.057+0000] {dagbag.py:537} INFO - Filling up the DagBag from /home/airflow/.local/lib/python3.7/site-packages/airflow/example_dags/example_skip_dag.py
[2023-10-04T07:57:46.072+0000] {processor.py:766} INFO - DAG(s) dict_keys(['example_skip_dag']) retrieved from /home/airflow/.local/lib/python3.7/site-packages/airflow/example_dags/example_skip_dag.py
[2023-10-04T07:57:46.107+0000] {logging_mixin.py:120} INFO - [2023-10-04T07:57:46.106+0000] {dag.py:2585} INFO - Sync 1 DAGs
[2023-10-04T07:57:46.128+0000] {logging_mixin.py:120} INFO - [2023-10-04T07:57:46.128+0000] {dag.py:3340} INFO - Setting next_dagrun for example_skip_dag to 2023-10-03T07:57:46.128573+00:00, run_after=2023-10-04T07:57:46.128573+00:00
[2023-10-04T07:57:46.149+0000] {processor.py:176} INFO - Processing /home/airflow/.local/lib/python3.7/site-packages/airflow/example_dags/example_skip_dag.py took 0.097 seconds
[2023-10-04T07:58:16.464+0000] {processor.py:154} INFO - Started process (PID=2069) to work on /home/airflow/.local/lib/python3.7/site-packages/airflow/example_dags/example_skip_dag.py
[2023-10-04T07:58:16.465+0000] {processor.py:756} INFO - Processing file /home/airflow/.local/lib/python3.7/site-packages/airflow/example_dags/example_skip_dag.py for tasks to queue
[2023-10-04T07:58:16.466+0000] {logging_mixin.py:120} INFO - [2023-10-04T07:58:16.466+0000] {dagbag.py:537} INFO - Filling up the DagBag from /home/airflow/.local/lib/python3.7/site-packages/airflow/example_dags/example_skip_dag.py
[2023-10-04T07:58:16.478+0000] {processor.py:766} INFO - DAG(s) dict_keys(['example_skip_dag']) retrieved from /home/airflow/.local/lib/python3.7/site-packages/airflow/example_dags/example_skip_dag.py
[2023-10-04T07:58:16.512+0000] {logging_mixin.py:120} INFO - [2023-10-04T07:58:16.512+0000] {dag.py:2585} INFO - Sync 1 DAGs
[2023-10-04T07:58:16.532+0000] {logging_mixin.py:120} INFO - [2023-10-04T07:58:16.532+0000] {dag.py:3340} INFO - Setting next_dagrun for example_skip_dag to 2023-10-03T07:58:16.531992+00:00, run_after=2023-10-04T07:58:16.531992+00:00
[2023-10-04T07:58:16.550+0000] {processor.py:176} INFO - Processing /home/airflow/.local/lib/python3.7/site-packages/airflow/example_dags/example_skip_dag.py took 0.090 seconds
[2023-10-04T07:58:47.036+0000] {processor.py:154} INFO - Started process (PID=2136) to work on /home/airflow/.local/lib/python3.7/site-packages/airflow/example_dags/example_skip_dag.py
[2023-10-04T07:58:47.037+0000] {processor.py:756} INFO - Processing file /home/airflow/.local/lib/python3.7/site-packages/airflow/example_dags/example_skip_dag.py for tasks to queue
[2023-10-04T07:58:47.038+0000] {logging_mixin.py:120} INFO - [2023-10-04T07:58:47.038+0000] {dagbag.py:537} INFO - Filling up the DagBag from /home/airflow/.local/lib/python3.7/site-packages/airflow/example_dags/example_skip_dag.py
[2023-10-04T07:58:47.050+0000] {processor.py:766} INFO - DAG(s) dict_keys(['example_skip_dag']) retrieved from /home/airflow/.local/lib/python3.7/site-packages/airflow/example_dags/example_skip_dag.py
[2023-10-04T07:58:47.093+0000] {logging_mixin.py:120} INFO - [2023-10-04T07:58:47.093+0000] {dag.py:2585} INFO - Sync 1 DAGs
[2023-10-04T07:58:47.117+0000] {logging_mixin.py:120} INFO - [2023-10-04T07:58:47.117+0000] {dag.py:3340} INFO - Setting next_dagrun for example_skip_dag to 2023-10-03T07:58:47.117502+00:00, run_after=2023-10-04T07:58:47.117502+00:00
[2023-10-04T07:58:47.144+0000] {processor.py:176} INFO - Processing /home/airflow/.local/lib/python3.7/site-packages/airflow/example_dags/example_skip_dag.py took 0.111 seconds
[2023-10-04T07:59:17.605+0000] {processor.py:154} INFO - Started process (PID=2195) to work on /home/airflow/.local/lib/python3.7/site-packages/airflow/example_dags/example_skip_dag.py
[2023-10-04T07:59:17.607+0000] {processor.py:756} INFO - Processing file /home/airflow/.local/lib/python3.7/site-packages/airflow/example_dags/example_skip_dag.py for tasks to queue
[2023-10-04T07:59:17.608+0000] {logging_mixin.py:120} INFO - [2023-10-04T07:59:17.608+0000] {dagbag.py:537} INFO - Filling up the DagBag from /home/airflow/.local/lib/python3.7/site-packages/airflow/example_dags/example_skip_dag.py
[2023-10-04T07:59:17.623+0000] {processor.py:766} INFO - DAG(s) dict_keys(['example_skip_dag']) retrieved from /home/airflow/.local/lib/python3.7/site-packages/airflow/example_dags/example_skip_dag.py
[2023-10-04T07:59:17.658+0000] {logging_mixin.py:120} INFO - [2023-10-04T07:59:17.658+0000] {dag.py:2585} INFO - Sync 1 DAGs
[2023-10-04T07:59:17.681+0000] {logging_mixin.py:120} INFO - [2023-10-04T07:59:17.681+0000] {dag.py:3340} INFO - Setting next_dagrun for example_skip_dag to 2023-10-03T07:59:17.681616+00:00, run_after=2023-10-04T07:59:17.681616+00:00
[2023-10-04T07:59:17.704+0000] {processor.py:176} INFO - Processing /home/airflow/.local/lib/python3.7/site-packages/airflow/example_dags/example_skip_dag.py took 0.102 seconds
[2023-10-04T07:59:48.183+0000] {processor.py:154} INFO - Started process (PID=2262) to work on /home/airflow/.local/lib/python3.7/site-packages/airflow/example_dags/example_skip_dag.py
[2023-10-04T07:59:48.184+0000] {processor.py:756} INFO - Processing file /home/airflow/.local/lib/python3.7/site-packages/airflow/example_dags/example_skip_dag.py for tasks to queue
[2023-10-04T07:59:48.186+0000] {logging_mixin.py:120} INFO - [2023-10-04T07:59:48.186+0000] {dagbag.py:537} INFO - Filling up the DagBag from /home/airflow/.local/lib/python3.7/site-packages/airflow/example_dags/example_skip_dag.py
[2023-10-04T07:59:48.198+0000] {processor.py:766} INFO - DAG(s) dict_keys(['example_skip_dag']) retrieved from /home/airflow/.local/lib/python3.7/site-packages/airflow/example_dags/example_skip_dag.py
[2023-10-04T07:59:48.236+0000] {logging_mixin.py:120} INFO - [2023-10-04T07:59:48.235+0000] {dag.py:2585} INFO - Sync 1 DAGs
[2023-10-04T07:59:48.258+0000] {logging_mixin.py:120} INFO - [2023-10-04T07:59:48.258+0000] {dag.py:3340} INFO - Setting next_dagrun for example_skip_dag to 2023-10-03T07:59:48.258313+00:00, run_after=2023-10-04T07:59:48.258313+00:00
[2023-10-04T07:59:48.282+0000] {processor.py:176} INFO - Processing /home/airflow/.local/lib/python3.7/site-packages/airflow/example_dags/example_skip_dag.py took 0.102 seconds
[2023-10-04T08:00:19.007+0000] {processor.py:154} INFO - Started process (PID=2329) to work on /home/airflow/.local/lib/python3.7/site-packages/airflow/example_dags/example_skip_dag.py
[2023-10-04T08:00:19.008+0000] {processor.py:756} INFO - Processing file /home/airflow/.local/lib/python3.7/site-packages/airflow/example_dags/example_skip_dag.py for tasks to queue
[2023-10-04T08:00:19.010+0000] {logging_mixin.py:120} INFO - [2023-10-04T08:00:19.009+0000] {dagbag.py:537} INFO - Filling up the DagBag from /home/airflow/.local/lib/python3.7/site-packages/airflow/example_dags/example_skip_dag.py
[2023-10-04T08:00:19.025+0000] {processor.py:766} INFO - DAG(s) dict_keys(['example_skip_dag']) retrieved from /home/airflow/.local/lib/python3.7/site-packages/airflow/example_dags/example_skip_dag.py
[2023-10-04T08:00:19.068+0000] {logging_mixin.py:120} INFO - [2023-10-04T08:00:19.068+0000] {dag.py:2585} INFO - Sync 1 DAGs
[2023-10-04T08:00:19.093+0000] {logging_mixin.py:120} INFO - [2023-10-04T08:00:19.093+0000] {dag.py:3340} INFO - Setting next_dagrun for example_skip_dag to 2023-10-03T08:00:19.092802+00:00, run_after=2023-10-04T08:00:19.092802+00:00
[2023-10-04T08:00:19.116+0000] {processor.py:176} INFO - Processing /home/airflow/.local/lib/python3.7/site-packages/airflow/example_dags/example_skip_dag.py took 0.113 seconds
[2023-10-04T08:00:49.846+0000] {processor.py:154} INFO - Started process (PID=2397) to work on /home/airflow/.local/lib/python3.7/site-packages/airflow/example_dags/example_skip_dag.py
[2023-10-04T08:00:49.848+0000] {processor.py:756} INFO - Processing file /home/airflow/.local/lib/python3.7/site-packages/airflow/example_dags/example_skip_dag.py for tasks to queue
[2023-10-04T08:00:49.849+0000] {logging_mixin.py:120} INFO - [2023-10-04T08:00:49.849+0000] {dagbag.py:537} INFO - Filling up the DagBag from /home/airflow/.local/lib/python3.7/site-packages/airflow/example_dags/example_skip_dag.py
[2023-10-04T08:00:49.865+0000] {processor.py:766} INFO - DAG(s) dict_keys(['example_skip_dag']) retrieved from /home/airflow/.local/lib/python3.7/site-packages/airflow/example_dags/example_skip_dag.py
[2023-10-04T08:00:49.910+0000] {logging_mixin.py:120} INFO - [2023-10-04T08:00:49.910+0000] {dag.py:2585} INFO - Sync 1 DAGs
[2023-10-04T08:00:49.939+0000] {logging_mixin.py:120} INFO - [2023-10-04T08:00:49.938+0000] {dag.py:3340} INFO - Setting next_dagrun for example_skip_dag to 2023-10-03T08:00:49.938584+00:00, run_after=2023-10-04T08:00:49.938584+00:00
[2023-10-04T08:00:49.968+0000] {processor.py:176} INFO - Processing /home/airflow/.local/lib/python3.7/site-packages/airflow/example_dags/example_skip_dag.py took 0.126 seconds
[2023-10-04T08:01:20.180+0000] {processor.py:154} INFO - Started process (PID=2455) to work on /home/airflow/.local/lib/python3.7/site-packages/airflow/example_dags/example_skip_dag.py
[2023-10-04T08:01:20.182+0000] {processor.py:756} INFO - Processing file /home/airflow/.local/lib/python3.7/site-packages/airflow/example_dags/example_skip_dag.py for tasks to queue
[2023-10-04T08:01:20.183+0000] {logging_mixin.py:120} INFO - [2023-10-04T08:01:20.183+0000] {dagbag.py:537} INFO - Filling up the DagBag from /home/airflow/.local/lib/python3.7/site-packages/airflow/example_dags/example_skip_dag.py
[2023-10-04T08:01:20.195+0000] {processor.py:766} INFO - DAG(s) dict_keys(['example_skip_dag']) retrieved from /home/airflow/.local/lib/python3.7/site-packages/airflow/example_dags/example_skip_dag.py
[2023-10-04T08:01:20.235+0000] {logging_mixin.py:120} INFO - [2023-10-04T08:01:20.235+0000] {dag.py:2585} INFO - Sync 1 DAGs
[2023-10-04T08:01:20.257+0000] {logging_mixin.py:120} INFO - [2023-10-04T08:01:20.257+0000] {dag.py:3340} INFO - Setting next_dagrun for example_skip_dag to 2023-10-03T08:01:20.257045+00:00, run_after=2023-10-04T08:01:20.257045+00:00
[2023-10-04T08:01:20.281+0000] {processor.py:176} INFO - Processing /home/airflow/.local/lib/python3.7/site-packages/airflow/example_dags/example_skip_dag.py took 0.104 seconds
[2023-10-04T08:01:50.650+0000] {processor.py:154} INFO - Started process (PID=2522) to work on /home/airflow/.local/lib/python3.7/site-packages/airflow/example_dags/example_skip_dag.py
[2023-10-04T08:01:50.652+0000] {processor.py:756} INFO - Processing file /home/airflow/.local/lib/python3.7/site-packages/airflow/example_dags/example_skip_dag.py for tasks to queue
[2023-10-04T08:01:50.653+0000] {logging_mixin.py:120} INFO - [2023-10-04T08:01:50.652+0000] {dagbag.py:537} INFO - Filling up the DagBag from /home/airflow/.local/lib/python3.7/site-packages/airflow/example_dags/example_skip_dag.py
[2023-10-04T08:01:50.664+0000] {processor.py:766} INFO - DAG(s) dict_keys(['example_skip_dag']) retrieved from /home/airflow/.local/lib/python3.7/site-packages/airflow/example_dags/example_skip_dag.py
[2023-10-04T08:01:50.697+0000] {logging_mixin.py:120} INFO - [2023-10-04T08:01:50.697+0000] {dag.py:2585} INFO - Sync 1 DAGs
[2023-10-04T08:01:50.719+0000] {logging_mixin.py:120} INFO - [2023-10-04T08:01:50.718+0000] {dag.py:3340} INFO - Setting next_dagrun for example_skip_dag to 2023-10-03T08:01:50.718677+00:00, run_after=2023-10-04T08:01:50.718677+00:00
[2023-10-04T08:01:50.742+0000] {processor.py:176} INFO - Processing /home/airflow/.local/lib/python3.7/site-packages/airflow/example_dags/example_skip_dag.py took 0.094 seconds
[2023-10-04T08:02:21.260+0000] {processor.py:154} INFO - Started process (PID=2590) to work on /home/airflow/.local/lib/python3.7/site-packages/airflow/example_dags/example_skip_dag.py
[2023-10-04T08:02:21.262+0000] {processor.py:756} INFO - Processing file /home/airflow/.local/lib/python3.7/site-packages/airflow/example_dags/example_skip_dag.py for tasks to queue
[2023-10-04T08:02:21.263+0000] {logging_mixin.py:120} INFO - [2023-10-04T08:02:21.263+0000] {dagbag.py:537} INFO - Filling up the DagBag from /home/airflow/.local/lib/python3.7/site-packages/airflow/example_dags/example_skip_dag.py
[2023-10-04T08:02:21.276+0000] {processor.py:766} INFO - DAG(s) dict_keys(['example_skip_dag']) retrieved from /home/airflow/.local/lib/python3.7/site-packages/airflow/example_dags/example_skip_dag.py
[2023-10-04T08:02:21.312+0000] {logging_mixin.py:120} INFO - [2023-10-04T08:02:21.312+0000] {dag.py:2585} INFO - Sync 1 DAGs
[2023-10-04T08:02:21.336+0000] {logging_mixin.py:120} INFO - [2023-10-04T08:02:21.336+0000] {dag.py:3340} INFO - Setting next_dagrun for example_skip_dag to 2023-10-03T08:02:21.336118+00:00, run_after=2023-10-04T08:02:21.336118+00:00
[2023-10-04T08:02:21.360+0000] {processor.py:176} INFO - Processing /home/airflow/.local/lib/python3.7/site-packages/airflow/example_dags/example_skip_dag.py took 0.103 seconds
[2023-10-04T08:02:51.598+0000] {processor.py:154} INFO - Started process (PID=2648) to work on /home/airflow/.local/lib/python3.7/site-packages/airflow/example_dags/example_skip_dag.py
[2023-10-04T08:02:51.600+0000] {processor.py:756} INFO - Processing file /home/airflow/.local/lib/python3.7/site-packages/airflow/example_dags/example_skip_dag.py for tasks to queue
[2023-10-04T08:02:51.601+0000] {logging_mixin.py:120} INFO - [2023-10-04T08:02:51.601+0000] {dagbag.py:537} INFO - Filling up the DagBag from /home/airflow/.local/lib/python3.7/site-packages/airflow/example_dags/example_skip_dag.py
[2023-10-04T08:02:51.614+0000] {processor.py:766} INFO - DAG(s) dict_keys(['example_skip_dag']) retrieved from /home/airflow/.local/lib/python3.7/site-packages/airflow/example_dags/example_skip_dag.py
[2023-10-04T08:02:51.654+0000] {logging_mixin.py:120} INFO - [2023-10-04T08:02:51.654+0000] {dag.py:2585} INFO - Sync 1 DAGs
[2023-10-04T08:02:51.678+0000] {logging_mixin.py:120} INFO - [2023-10-04T08:02:51.678+0000] {dag.py:3340} INFO - Setting next_dagrun for example_skip_dag to 2023-10-03T08:02:51.677894+00:00, run_after=2023-10-04T08:02:51.677894+00:00
[2023-10-04T08:02:51.701+0000] {processor.py:176} INFO - Processing /home/airflow/.local/lib/python3.7/site-packages/airflow/example_dags/example_skip_dag.py took 0.106 seconds
[2023-10-04T08:03:22.196+0000] {processor.py:154} INFO - Started process (PID=2715) to work on /home/airflow/.local/lib/python3.7/site-packages/airflow/example_dags/example_skip_dag.py
[2023-10-04T08:03:22.198+0000] {processor.py:756} INFO - Processing file /home/airflow/.local/lib/python3.7/site-packages/airflow/example_dags/example_skip_dag.py for tasks to queue
[2023-10-04T08:03:22.199+0000] {logging_mixin.py:120} INFO - [2023-10-04T08:03:22.199+0000] {dagbag.py:537} INFO - Filling up the DagBag from /home/airflow/.local/lib/python3.7/site-packages/airflow/example_dags/example_skip_dag.py
[2023-10-04T08:03:22.214+0000] {processor.py:766} INFO - DAG(s) dict_keys(['example_skip_dag']) retrieved from /home/airflow/.local/lib/python3.7/site-packages/airflow/example_dags/example_skip_dag.py
[2023-10-04T08:03:22.252+0000] {logging_mixin.py:120} INFO - [2023-10-04T08:03:22.252+0000] {dag.py:2585} INFO - Sync 1 DAGs
[2023-10-04T08:03:22.280+0000] {logging_mixin.py:120} INFO - [2023-10-04T08:03:22.280+0000] {dag.py:3340} INFO - Setting next_dagrun for example_skip_dag to 2023-10-03T08:03:22.280185+00:00, run_after=2023-10-04T08:03:22.280185+00:00
[2023-10-04T08:03:22.308+0000] {processor.py:176} INFO - Processing /home/airflow/.local/lib/python3.7/site-packages/airflow/example_dags/example_skip_dag.py took 0.115 seconds
[2023-10-04T08:03:52.501+0000] {processor.py:154} INFO - Started process (PID=2782) to work on /home/airflow/.local/lib/python3.7/site-packages/airflow/example_dags/example_skip_dag.py
[2023-10-04T08:03:52.502+0000] {processor.py:756} INFO - Processing file /home/airflow/.local/lib/python3.7/site-packages/airflow/example_dags/example_skip_dag.py for tasks to queue
[2023-10-04T08:03:52.503+0000] {logging_mixin.py:120} INFO - [2023-10-04T08:03:52.503+0000] {dagbag.py:537} INFO - Filling up the DagBag from /home/airflow/.local/lib/python3.7/site-packages/airflow/example_dags/example_skip_dag.py
[2023-10-04T08:03:52.515+0000] {processor.py:766} INFO - DAG(s) dict_keys(['example_skip_dag']) retrieved from /home/airflow/.local/lib/python3.7/site-packages/airflow/example_dags/example_skip_dag.py
[2023-10-04T08:03:52.549+0000] {logging_mixin.py:120} INFO - [2023-10-04T08:03:52.549+0000] {dag.py:2585} INFO - Sync 1 DAGs
[2023-10-04T08:03:52.572+0000] {logging_mixin.py:120} INFO - [2023-10-04T08:03:52.572+0000] {dag.py:3340} INFO - Setting next_dagrun for example_skip_dag to 2023-10-03T08:03:52.571827+00:00, run_after=2023-10-04T08:03:52.571827+00:00
[2023-10-04T08:03:52.596+0000] {processor.py:176} INFO - Processing /home/airflow/.local/lib/python3.7/site-packages/airflow/example_dags/example_skip_dag.py took 0.098 seconds
[2023-10-04T08:04:22.898+0000] {processor.py:154} INFO - Started process (PID=2849) to work on /home/airflow/.local/lib/python3.7/site-packages/airflow/example_dags/example_skip_dag.py
[2023-10-04T08:04:22.900+0000] {processor.py:756} INFO - Processing file /home/airflow/.local/lib/python3.7/site-packages/airflow/example_dags/example_skip_dag.py for tasks to queue
[2023-10-04T08:04:22.901+0000] {logging_mixin.py:120} INFO - [2023-10-04T08:04:22.901+0000] {dagbag.py:537} INFO - Filling up the DagBag from /home/airflow/.local/lib/python3.7/site-packages/airflow/example_dags/example_skip_dag.py
[2023-10-04T08:04:22.920+0000] {processor.py:766} INFO - DAG(s) dict_keys(['example_skip_dag']) retrieved from /home/airflow/.local/lib/python3.7/site-packages/airflow/example_dags/example_skip_dag.py
[2023-10-04T08:04:22.962+0000] {logging_mixin.py:120} INFO - [2023-10-04T08:04:22.962+0000] {dag.py:2585} INFO - Sync 1 DAGs
[2023-10-04T08:04:22.989+0000] {logging_mixin.py:120} INFO - [2023-10-04T08:04:22.989+0000] {dag.py:3340} INFO - Setting next_dagrun for example_skip_dag to 2023-10-03T08:04:22.988762+00:00, run_after=2023-10-04T08:04:22.988762+00:00
[2023-10-04T08:04:23.012+0000] {processor.py:176} INFO - Processing /home/airflow/.local/lib/python3.7/site-packages/airflow/example_dags/example_skip_dag.py took 0.119 seconds
[2023-10-04T08:04:53.376+0000] {processor.py:154} INFO - Started process (PID=2907) to work on /home/airflow/.local/lib/python3.7/site-packages/airflow/example_dags/example_skip_dag.py
[2023-10-04T08:04:53.378+0000] {processor.py:756} INFO - Processing file /home/airflow/.local/lib/python3.7/site-packages/airflow/example_dags/example_skip_dag.py for tasks to queue
[2023-10-04T08:04:53.379+0000] {logging_mixin.py:120} INFO - [2023-10-04T08:04:53.379+0000] {dagbag.py:537} INFO - Filling up the DagBag from /home/airflow/.local/lib/python3.7/site-packages/airflow/example_dags/example_skip_dag.py
[2023-10-04T08:04:53.391+0000] {processor.py:766} INFO - DAG(s) dict_keys(['example_skip_dag']) retrieved from /home/airflow/.local/lib/python3.7/site-packages/airflow/example_dags/example_skip_dag.py
[2023-10-04T08:04:53.427+0000] {logging_mixin.py:120} INFO - [2023-10-04T08:04:53.427+0000] {dag.py:2585} INFO - Sync 1 DAGs
[2023-10-04T08:04:53.450+0000] {logging_mixin.py:120} INFO - [2023-10-04T08:04:53.450+0000] {dag.py:3340} INFO - Setting next_dagrun for example_skip_dag to 2023-10-03T08:04:53.450398+00:00, run_after=2023-10-04T08:04:53.450398+00:00
[2023-10-04T08:04:53.477+0000] {processor.py:176} INFO - Processing /home/airflow/.local/lib/python3.7/site-packages/airflow/example_dags/example_skip_dag.py took 0.104 seconds
[2023-10-04T08:05:24.433+0000] {processor.py:154} INFO - Started process (PID=2974) to work on /home/airflow/.local/lib/python3.7/site-packages/airflow/example_dags/example_skip_dag.py
[2023-10-04T08:05:24.434+0000] {processor.py:756} INFO - Processing file /home/airflow/.local/lib/python3.7/site-packages/airflow/example_dags/example_skip_dag.py for tasks to queue
[2023-10-04T08:05:24.436+0000] {logging_mixin.py:120} INFO - [2023-10-04T08:05:24.436+0000] {dagbag.py:537} INFO - Filling up the DagBag from /home/airflow/.local/lib/python3.7/site-packages/airflow/example_dags/example_skip_dag.py
[2023-10-04T08:05:24.448+0000] {processor.py:766} INFO - DAG(s) dict_keys(['example_skip_dag']) retrieved from /home/airflow/.local/lib/python3.7/site-packages/airflow/example_dags/example_skip_dag.py
[2023-10-04T08:05:24.484+0000] {logging_mixin.py:120} INFO - [2023-10-04T08:05:24.484+0000] {dag.py:2585} INFO - Sync 1 DAGs
[2023-10-04T08:05:24.509+0000] {logging_mixin.py:120} INFO - [2023-10-04T08:05:24.509+0000] {dag.py:3340} INFO - Setting next_dagrun for example_skip_dag to 2023-10-03T08:05:24.508953+00:00, run_after=2023-10-04T08:05:24.508953+00:00
[2023-10-04T08:05:24.537+0000] {processor.py:176} INFO - Processing /home/airflow/.local/lib/python3.7/site-packages/airflow/example_dags/example_skip_dag.py took 0.107 seconds
[2023-10-04T08:05:55.145+0000] {processor.py:154} INFO - Started process (PID=3041) to work on /home/airflow/.local/lib/python3.7/site-packages/airflow/example_dags/example_skip_dag.py
[2023-10-04T08:05:55.147+0000] {processor.py:756} INFO - Processing file /home/airflow/.local/lib/python3.7/site-packages/airflow/example_dags/example_skip_dag.py for tasks to queue
[2023-10-04T08:05:55.148+0000] {logging_mixin.py:120} INFO - [2023-10-04T08:05:55.148+0000] {dagbag.py:537} INFO - Filling up the DagBag from /home/airflow/.local/lib/python3.7/site-packages/airflow/example_dags/example_skip_dag.py
[2023-10-04T08:05:55.161+0000] {processor.py:766} INFO - DAG(s) dict_keys(['example_skip_dag']) retrieved from /home/airflow/.local/lib/python3.7/site-packages/airflow/example_dags/example_skip_dag.py
[2023-10-04T08:05:55.201+0000] {logging_mixin.py:120} INFO - [2023-10-04T08:05:55.200+0000] {dag.py:2585} INFO - Sync 1 DAGs
[2023-10-04T08:05:55.225+0000] {logging_mixin.py:120} INFO - [2023-10-04T08:05:55.225+0000] {dag.py:3340} INFO - Setting next_dagrun for example_skip_dag to 2023-10-03T08:05:55.225100+00:00, run_after=2023-10-04T08:05:55.225100+00:00
[2023-10-04T08:05:55.251+0000] {processor.py:176} INFO - Processing /home/airflow/.local/lib/python3.7/site-packages/airflow/example_dags/example_skip_dag.py took 0.109 seconds
[2023-10-04T08:06:25.574+0000] {processor.py:154} INFO - Started process (PID=3106) to work on /home/airflow/.local/lib/python3.7/site-packages/airflow/example_dags/example_skip_dag.py
[2023-10-04T08:06:25.575+0000] {processor.py:756} INFO - Processing file /home/airflow/.local/lib/python3.7/site-packages/airflow/example_dags/example_skip_dag.py for tasks to queue
[2023-10-04T08:06:25.576+0000] {logging_mixin.py:120} INFO - [2023-10-04T08:06:25.576+0000] {dagbag.py:537} INFO - Filling up the DagBag from /home/airflow/.local/lib/python3.7/site-packages/airflow/example_dags/example_skip_dag.py
[2023-10-04T08:06:25.594+0000] {processor.py:766} INFO - DAG(s) dict_keys(['example_skip_dag']) retrieved from /home/airflow/.local/lib/python3.7/site-packages/airflow/example_dags/example_skip_dag.py
[2023-10-04T08:06:25.637+0000] {logging_mixin.py:120} INFO - [2023-10-04T08:06:25.637+0000] {dag.py:2585} INFO - Sync 1 DAGs
[2023-10-04T08:06:25.670+0000] {logging_mixin.py:120} INFO - [2023-10-04T08:06:25.670+0000] {dag.py:3340} INFO - Setting next_dagrun for example_skip_dag to 2023-10-03T08:06:25.669772+00:00, run_after=2023-10-04T08:06:25.669772+00:00
[2023-10-04T08:06:25.704+0000] {processor.py:176} INFO - Processing /home/airflow/.local/lib/python3.7/site-packages/airflow/example_dags/example_skip_dag.py took 0.133 seconds
[2023-10-04T08:06:56.134+0000] {processor.py:154} INFO - Started process (PID=3166) to work on /home/airflow/.local/lib/python3.7/site-packages/airflow/example_dags/example_skip_dag.py
[2023-10-04T08:06:56.135+0000] {processor.py:756} INFO - Processing file /home/airflow/.local/lib/python3.7/site-packages/airflow/example_dags/example_skip_dag.py for tasks to queue
[2023-10-04T08:06:56.137+0000] {logging_mixin.py:120} INFO - [2023-10-04T08:06:56.137+0000] {dagbag.py:537} INFO - Filling up the DagBag from /home/airflow/.local/lib/python3.7/site-packages/airflow/example_dags/example_skip_dag.py
[2023-10-04T08:06:56.149+0000] {processor.py:766} INFO - DAG(s) dict_keys(['example_skip_dag']) retrieved from /home/airflow/.local/lib/python3.7/site-packages/airflow/example_dags/example_skip_dag.py
[2023-10-04T08:06:56.188+0000] {logging_mixin.py:120} INFO - [2023-10-04T08:06:56.188+0000] {dag.py:2585} INFO - Sync 1 DAGs
[2023-10-04T08:06:56.211+0000] {logging_mixin.py:120} INFO - [2023-10-04T08:06:56.211+0000] {dag.py:3340} INFO - Setting next_dagrun for example_skip_dag to 2023-10-03T08:06:56.211190+00:00, run_after=2023-10-04T08:06:56.211190+00:00
[2023-10-04T08:06:56.237+0000] {processor.py:176} INFO - Processing /home/airflow/.local/lib/python3.7/site-packages/airflow/example_dags/example_skip_dag.py took 0.106 seconds
[2023-10-04T08:07:26.903+0000] {processor.py:154} INFO - Started process (PID=3233) to work on /home/airflow/.local/lib/python3.7/site-packages/airflow/example_dags/example_skip_dag.py
[2023-10-04T08:07:26.904+0000] {processor.py:756} INFO - Processing file /home/airflow/.local/lib/python3.7/site-packages/airflow/example_dags/example_skip_dag.py for tasks to queue
[2023-10-04T08:07:26.906+0000] {logging_mixin.py:120} INFO - [2023-10-04T08:07:26.906+0000] {dagbag.py:537} INFO - Filling up the DagBag from /home/airflow/.local/lib/python3.7/site-packages/airflow/example_dags/example_skip_dag.py
[2023-10-04T08:07:26.918+0000] {processor.py:766} INFO - DAG(s) dict_keys(['example_skip_dag']) retrieved from /home/airflow/.local/lib/python3.7/site-packages/airflow/example_dags/example_skip_dag.py
[2023-10-04T08:07:26.956+0000] {logging_mixin.py:120} INFO - [2023-10-04T08:07:26.956+0000] {dag.py:2585} INFO - Sync 1 DAGs
[2023-10-04T08:07:26.981+0000] {logging_mixin.py:120} INFO - [2023-10-04T08:07:26.980+0000] {dag.py:3340} INFO - Setting next_dagrun for example_skip_dag to 2023-10-03T08:07:26.980584+00:00, run_after=2023-10-04T08:07:26.980584+00:00
[2023-10-04T08:07:27.007+0000] {processor.py:176} INFO - Processing /home/airflow/.local/lib/python3.7/site-packages/airflow/example_dags/example_skip_dag.py took 0.107 seconds
[2023-10-04T08:07:57.218+0000] {processor.py:154} INFO - Started process (PID=3300) to work on /home/airflow/.local/lib/python3.7/site-packages/airflow/example_dags/example_skip_dag.py
[2023-10-04T08:07:57.220+0000] {processor.py:756} INFO - Processing file /home/airflow/.local/lib/python3.7/site-packages/airflow/example_dags/example_skip_dag.py for tasks to queue
[2023-10-04T08:07:57.222+0000] {logging_mixin.py:120} INFO - [2023-10-04T08:07:57.222+0000] {dagbag.py:537} INFO - Filling up the DagBag from /home/airflow/.local/lib/python3.7/site-packages/airflow/example_dags/example_skip_dag.py
[2023-10-04T08:07:57.244+0000] {processor.py:766} INFO - DAG(s) dict_keys(['example_skip_dag']) retrieved from /home/airflow/.local/lib/python3.7/site-packages/airflow/example_dags/example_skip_dag.py
[2023-10-04T08:07:57.294+0000] {logging_mixin.py:120} INFO - [2023-10-04T08:07:57.294+0000] {dag.py:2585} INFO - Sync 1 DAGs
[2023-10-04T08:07:57.323+0000] {logging_mixin.py:120} INFO - [2023-10-04T08:07:57.322+0000] {dag.py:3340} INFO - Setting next_dagrun for example_skip_dag to 2023-10-03T08:07:57.322721+00:00, run_after=2023-10-04T08:07:57.322721+00:00
[2023-10-04T08:07:57.349+0000] {processor.py:176} INFO - Processing /home/airflow/.local/lib/python3.7/site-packages/airflow/example_dags/example_skip_dag.py took 0.139 seconds
[2023-10-04T08:08:27.391+0000] {processor.py:154} INFO - Started process (PID=3358) to work on /home/airflow/.local/lib/python3.7/site-packages/airflow/example_dags/example_skip_dag.py
[2023-10-04T08:08:27.392+0000] {processor.py:756} INFO - Processing file /home/airflow/.local/lib/python3.7/site-packages/airflow/example_dags/example_skip_dag.py for tasks to queue
[2023-10-04T08:08:27.393+0000] {logging_mixin.py:120} INFO - [2023-10-04T08:08:27.393+0000] {dagbag.py:537} INFO - Filling up the DagBag from /home/airflow/.local/lib/python3.7/site-packages/airflow/example_dags/example_skip_dag.py
[2023-10-04T08:08:27.406+0000] {processor.py:766} INFO - DAG(s) dict_keys(['example_skip_dag']) retrieved from /home/airflow/.local/lib/python3.7/site-packages/airflow/example_dags/example_skip_dag.py
[2023-10-04T08:08:27.445+0000] {logging_mixin.py:120} INFO - [2023-10-04T08:08:27.445+0000] {dag.py:2585} INFO - Sync 1 DAGs
[2023-10-04T08:08:27.472+0000] {logging_mixin.py:120} INFO - [2023-10-04T08:08:27.472+0000] {dag.py:3340} INFO - Setting next_dagrun for example_skip_dag to 2023-10-03T08:08:27.472287+00:00, run_after=2023-10-04T08:08:27.472287+00:00
[2023-10-04T08:08:27.497+0000] {processor.py:176} INFO - Processing /home/airflow/.local/lib/python3.7/site-packages/airflow/example_dags/example_skip_dag.py took 0.110 seconds
[2023-10-04T08:08:57.653+0000] {processor.py:154} INFO - Started process (PID=3426) to work on /home/airflow/.local/lib/python3.7/site-packages/airflow/example_dags/example_skip_dag.py
[2023-10-04T08:08:57.654+0000] {processor.py:756} INFO - Processing file /home/airflow/.local/lib/python3.7/site-packages/airflow/example_dags/example_skip_dag.py for tasks to queue
[2023-10-04T08:08:57.656+0000] {logging_mixin.py:120} INFO - [2023-10-04T08:08:57.656+0000] {dagbag.py:537} INFO - Filling up the DagBag from /home/airflow/.local/lib/python3.7/site-packages/airflow/example_dags/example_skip_dag.py
[2023-10-04T08:08:57.667+0000] {processor.py:766} INFO - DAG(s) dict_keys(['example_skip_dag']) retrieved from /home/airflow/.local/lib/python3.7/site-packages/airflow/example_dags/example_skip_dag.py
[2023-10-04T08:08:57.702+0000] {logging_mixin.py:120} INFO - [2023-10-04T08:08:57.702+0000] {dag.py:2585} INFO - Sync 1 DAGs
[2023-10-04T08:08:57.722+0000] {logging_mixin.py:120} INFO - [2023-10-04T08:08:57.722+0000] {dag.py:3340} INFO - Setting next_dagrun for example_skip_dag to 2023-10-03T08:08:57.722381+00:00, run_after=2023-10-04T08:08:57.722381+00:00
[2023-10-04T08:08:57.743+0000] {processor.py:176} INFO - Processing /home/airflow/.local/lib/python3.7/site-packages/airflow/example_dags/example_skip_dag.py took 0.094 seconds
[2023-10-04T08:09:27.970+0000] {processor.py:154} INFO - Started process (PID=3493) to work on /home/airflow/.local/lib/python3.7/site-packages/airflow/example_dags/example_skip_dag.py
[2023-10-04T08:09:27.971+0000] {processor.py:756} INFO - Processing file /home/airflow/.local/lib/python3.7/site-packages/airflow/example_dags/example_skip_dag.py for tasks to queue
[2023-10-04T08:09:27.972+0000] {logging_mixin.py:120} INFO - [2023-10-04T08:09:27.972+0000] {dagbag.py:537} INFO - Filling up the DagBag from /home/airflow/.local/lib/python3.7/site-packages/airflow/example_dags/example_skip_dag.py
[2023-10-04T08:09:27.984+0000] {processor.py:766} INFO - DAG(s) dict_keys(['example_skip_dag']) retrieved from /home/airflow/.local/lib/python3.7/site-packages/airflow/example_dags/example_skip_dag.py
[2023-10-04T08:09:28.021+0000] {logging_mixin.py:120} INFO - [2023-10-04T08:09:28.020+0000] {dag.py:2585} INFO - Sync 1 DAGs
[2023-10-04T08:09:28.044+0000] {logging_mixin.py:120} INFO - [2023-10-04T08:09:28.044+0000] {dag.py:3340} INFO - Setting next_dagrun for example_skip_dag to 2023-10-03T08:09:28.043869+00:00, run_after=2023-10-04T08:09:28.043869+00:00
[2023-10-04T08:09:28.065+0000] {processor.py:176} INFO - Processing /home/airflow/.local/lib/python3.7/site-packages/airflow/example_dags/example_skip_dag.py took 0.098 seconds
[2023-10-04T08:09:58.542+0000] {processor.py:154} INFO - Started process (PID=3560) to work on /home/airflow/.local/lib/python3.7/site-packages/airflow/example_dags/example_skip_dag.py
[2023-10-04T08:09:58.543+0000] {processor.py:756} INFO - Processing file /home/airflow/.local/lib/python3.7/site-packages/airflow/example_dags/example_skip_dag.py for tasks to queue
[2023-10-04T08:09:58.545+0000] {logging_mixin.py:120} INFO - [2023-10-04T08:09:58.544+0000] {dagbag.py:537} INFO - Filling up the DagBag from /home/airflow/.local/lib/python3.7/site-packages/airflow/example_dags/example_skip_dag.py
[2023-10-04T08:09:58.560+0000] {processor.py:766} INFO - DAG(s) dict_keys(['example_skip_dag']) retrieved from /home/airflow/.local/lib/python3.7/site-packages/airflow/example_dags/example_skip_dag.py
[2023-10-04T08:09:58.605+0000] {logging_mixin.py:120} INFO - [2023-10-04T08:09:58.605+0000] {dag.py:2585} INFO - Sync 1 DAGs
[2023-10-04T08:09:58.634+0000] {logging_mixin.py:120} INFO - [2023-10-04T08:09:58.634+0000] {dag.py:3340} INFO - Setting next_dagrun for example_skip_dag to 2023-10-03T08:09:58.633840+00:00, run_after=2023-10-04T08:09:58.633840+00:00
[2023-10-04T08:09:58.665+0000] {processor.py:176} INFO - Processing /home/airflow/.local/lib/python3.7/site-packages/airflow/example_dags/example_skip_dag.py took 0.127 seconds
[2023-10-04T08:11:39.953+0000] {processor.py:154} INFO - Started process (PID=76) to work on /home/airflow/.local/lib/python3.7/site-packages/airflow/example_dags/example_skip_dag.py
[2023-10-04T08:11:39.957+0000] {processor.py:756} INFO - Processing file /home/airflow/.local/lib/python3.7/site-packages/airflow/example_dags/example_skip_dag.py for tasks to queue
[2023-10-04T08:11:39.961+0000] {logging_mixin.py:120} INFO - [2023-10-04T08:11:39.960+0000] {dagbag.py:537} INFO - Filling up the DagBag from /home/airflow/.local/lib/python3.7/site-packages/airflow/example_dags/example_skip_dag.py
[2023-10-04T08:11:39.995+0000] {processor.py:766} INFO - DAG(s) dict_keys(['example_skip_dag']) retrieved from /home/airflow/.local/lib/python3.7/site-packages/airflow/example_dags/example_skip_dag.py
[2023-10-04T08:11:40.171+0000] {logging_mixin.py:120} INFO - [2023-10-04T08:11:40.170+0000] {dag.py:2585} INFO - Sync 1 DAGs
[2023-10-04T08:11:40.254+0000] {logging_mixin.py:120} INFO - [2023-10-04T08:11:40.253+0000] {dag.py:3340} INFO - Setting next_dagrun for example_skip_dag to 2023-10-03T08:11:40.253154+00:00, run_after=2023-10-04T08:11:40.253154+00:00
[2023-10-04T08:11:40.342+0000] {processor.py:176} INFO - Processing /home/airflow/.local/lib/python3.7/site-packages/airflow/example_dags/example_skip_dag.py took 0.404 seconds
[2023-10-04T08:12:10.865+0000] {processor.py:154} INFO - Started process (PID=135) to work on /home/airflow/.local/lib/python3.7/site-packages/airflow/example_dags/example_skip_dag.py
[2023-10-04T08:12:10.866+0000] {processor.py:756} INFO - Processing file /home/airflow/.local/lib/python3.7/site-packages/airflow/example_dags/example_skip_dag.py for tasks to queue
[2023-10-04T08:12:10.867+0000] {logging_mixin.py:120} INFO - [2023-10-04T08:12:10.867+0000] {dagbag.py:537} INFO - Filling up the DagBag from /home/airflow/.local/lib/python3.7/site-packages/airflow/example_dags/example_skip_dag.py
[2023-10-04T08:12:10.881+0000] {processor.py:766} INFO - DAG(s) dict_keys(['example_skip_dag']) retrieved from /home/airflow/.local/lib/python3.7/site-packages/airflow/example_dags/example_skip_dag.py
[2023-10-04T08:12:10.919+0000] {logging_mixin.py:120} INFO - [2023-10-04T08:12:10.919+0000] {dag.py:2585} INFO - Sync 1 DAGs
[2023-10-04T08:12:10.940+0000] {logging_mixin.py:120} INFO - [2023-10-04T08:12:10.940+0000] {dag.py:3340} INFO - Setting next_dagrun for example_skip_dag to 2023-10-03T08:12:10.939971+00:00, run_after=2023-10-04T08:12:10.939971+00:00
[2023-10-04T08:12:10.963+0000] {processor.py:176} INFO - Processing /home/airflow/.local/lib/python3.7/site-packages/airflow/example_dags/example_skip_dag.py took 0.103 seconds
[2023-10-04T08:12:41.364+0000] {processor.py:154} INFO - Started process (PID=205) to work on /home/airflow/.local/lib/python3.7/site-packages/airflow/example_dags/example_skip_dag.py
[2023-10-04T08:12:41.365+0000] {processor.py:756} INFO - Processing file /home/airflow/.local/lib/python3.7/site-packages/airflow/example_dags/example_skip_dag.py for tasks to queue
[2023-10-04T08:12:41.366+0000] {logging_mixin.py:120} INFO - [2023-10-04T08:12:41.366+0000] {dagbag.py:537} INFO - Filling up the DagBag from /home/airflow/.local/lib/python3.7/site-packages/airflow/example_dags/example_skip_dag.py
[2023-10-04T08:12:41.379+0000] {processor.py:766} INFO - DAG(s) dict_keys(['example_skip_dag']) retrieved from /home/airflow/.local/lib/python3.7/site-packages/airflow/example_dags/example_skip_dag.py
[2023-10-04T08:12:41.415+0000] {logging_mixin.py:120} INFO - [2023-10-04T08:12:41.415+0000] {dag.py:2585} INFO - Sync 1 DAGs
[2023-10-04T08:12:41.438+0000] {logging_mixin.py:120} INFO - [2023-10-04T08:12:41.438+0000] {dag.py:3340} INFO - Setting next_dagrun for example_skip_dag to 2023-10-03T08:12:41.437887+00:00, run_after=2023-10-04T08:12:41.437887+00:00
[2023-10-04T08:12:41.460+0000] {processor.py:176} INFO - Processing /home/airflow/.local/lib/python3.7/site-packages/airflow/example_dags/example_skip_dag.py took 0.100 seconds
[2023-10-04T08:13:11.914+0000] {processor.py:154} INFO - Started process (PID=273) to work on /home/airflow/.local/lib/python3.7/site-packages/airflow/example_dags/example_skip_dag.py
[2023-10-04T08:13:11.917+0000] {processor.py:756} INFO - Processing file /home/airflow/.local/lib/python3.7/site-packages/airflow/example_dags/example_skip_dag.py for tasks to queue
[2023-10-04T08:13:11.919+0000] {logging_mixin.py:120} INFO - [2023-10-04T08:13:11.919+0000] {dagbag.py:537} INFO - Filling up the DagBag from /home/airflow/.local/lib/python3.7/site-packages/airflow/example_dags/example_skip_dag.py
[2023-10-04T08:13:11.941+0000] {processor.py:766} INFO - DAG(s) dict_keys(['example_skip_dag']) retrieved from /home/airflow/.local/lib/python3.7/site-packages/airflow/example_dags/example_skip_dag.py
[2023-10-04T08:13:11.994+0000] {logging_mixin.py:120} INFO - [2023-10-04T08:13:11.994+0000] {dag.py:2585} INFO - Sync 1 DAGs
[2023-10-04T08:13:12.027+0000] {logging_mixin.py:120} INFO - [2023-10-04T08:13:12.027+0000] {dag.py:3340} INFO - Setting next_dagrun for example_skip_dag to 2023-10-03T08:13:12.026800+00:00, run_after=2023-10-04T08:13:12.026800+00:00
[2023-10-04T08:13:12.070+0000] {processor.py:176} INFO - Processing /home/airflow/.local/lib/python3.7/site-packages/airflow/example_dags/example_skip_dag.py took 0.159 seconds
[2023-10-04T08:13:42.571+0000] {processor.py:154} INFO - Started process (PID=332) to work on /home/airflow/.local/lib/python3.7/site-packages/airflow/example_dags/example_skip_dag.py
[2023-10-04T08:13:42.572+0000] {processor.py:756} INFO - Processing file /home/airflow/.local/lib/python3.7/site-packages/airflow/example_dags/example_skip_dag.py for tasks to queue
[2023-10-04T08:13:42.573+0000] {logging_mixin.py:120} INFO - [2023-10-04T08:13:42.573+0000] {dagbag.py:537} INFO - Filling up the DagBag from /home/airflow/.local/lib/python3.7/site-packages/airflow/example_dags/example_skip_dag.py
[2023-10-04T08:13:42.587+0000] {processor.py:766} INFO - DAG(s) dict_keys(['example_skip_dag']) retrieved from /home/airflow/.local/lib/python3.7/site-packages/airflow/example_dags/example_skip_dag.py
[2023-10-04T08:13:42.625+0000] {logging_mixin.py:120} INFO - [2023-10-04T08:13:42.625+0000] {dag.py:2585} INFO - Sync 1 DAGs
[2023-10-04T08:13:42.651+0000] {logging_mixin.py:120} INFO - [2023-10-04T08:13:42.651+0000] {dag.py:3340} INFO - Setting next_dagrun for example_skip_dag to 2023-10-03T08:13:42.651002+00:00, run_after=2023-10-04T08:13:42.651002+00:00
[2023-10-04T08:13:42.676+0000] {processor.py:176} INFO - Processing /home/airflow/.local/lib/python3.7/site-packages/airflow/example_dags/example_skip_dag.py took 0.108 seconds
[2023-10-04T08:14:12.881+0000] {processor.py:154} INFO - Started process (PID=399) to work on /home/airflow/.local/lib/python3.7/site-packages/airflow/example_dags/example_skip_dag.py
[2023-10-04T08:14:12.882+0000] {processor.py:756} INFO - Processing file /home/airflow/.local/lib/python3.7/site-packages/airflow/example_dags/example_skip_dag.py for tasks to queue
[2023-10-04T08:14:12.884+0000] {logging_mixin.py:120} INFO - [2023-10-04T08:14:12.884+0000] {dagbag.py:537} INFO - Filling up the DagBag from /home/airflow/.local/lib/python3.7/site-packages/airflow/example_dags/example_skip_dag.py
[2023-10-04T08:14:12.900+0000] {processor.py:766} INFO - DAG(s) dict_keys(['example_skip_dag']) retrieved from /home/airflow/.local/lib/python3.7/site-packages/airflow/example_dags/example_skip_dag.py
[2023-10-04T08:14:12.943+0000] {logging_mixin.py:120} INFO - [2023-10-04T08:14:12.943+0000] {dag.py:2585} INFO - Sync 1 DAGs
[2023-10-04T08:14:12.971+0000] {logging_mixin.py:120} INFO - [2023-10-04T08:14:12.971+0000] {dag.py:3340} INFO - Setting next_dagrun for example_skip_dag to 2023-10-03T08:14:12.970853+00:00, run_after=2023-10-04T08:14:12.970853+00:00
[2023-10-04T08:14:13.005+0000] {processor.py:176} INFO - Processing /home/airflow/.local/lib/python3.7/site-packages/airflow/example_dags/example_skip_dag.py took 0.126 seconds
[2023-10-04T08:14:43.375+0000] {processor.py:154} INFO - Started process (PID=466) to work on /home/airflow/.local/lib/python3.7/site-packages/airflow/example_dags/example_skip_dag.py
[2023-10-04T08:14:43.377+0000] {processor.py:756} INFO - Processing file /home/airflow/.local/lib/python3.7/site-packages/airflow/example_dags/example_skip_dag.py for tasks to queue
[2023-10-04T08:14:43.381+0000] {logging_mixin.py:120} INFO - [2023-10-04T08:14:43.381+0000] {dagbag.py:537} INFO - Filling up the DagBag from /home/airflow/.local/lib/python3.7/site-packages/airflow/example_dags/example_skip_dag.py
[2023-10-04T08:14:43.409+0000] {processor.py:766} INFO - DAG(s) dict_keys(['example_skip_dag']) retrieved from /home/airflow/.local/lib/python3.7/site-packages/airflow/example_dags/example_skip_dag.py
[2023-10-04T08:14:43.475+0000] {logging_mixin.py:120} INFO - [2023-10-04T08:14:43.474+0000] {dag.py:2585} INFO - Sync 1 DAGs
[2023-10-04T08:14:43.504+0000] {logging_mixin.py:120} INFO - [2023-10-04T08:14:43.503+0000] {dag.py:3340} INFO - Setting next_dagrun for example_skip_dag to 2023-10-03T08:14:43.503527+00:00, run_after=2023-10-04T08:14:43.503527+00:00
[2023-10-04T08:14:43.540+0000] {processor.py:176} INFO - Processing /home/airflow/.local/lib/python3.7/site-packages/airflow/example_dags/example_skip_dag.py took 0.171 seconds
[2023-10-04T08:15:14.031+0000] {processor.py:154} INFO - Started process (PID=534) to work on /home/airflow/.local/lib/python3.7/site-packages/airflow/example_dags/example_skip_dag.py
[2023-10-04T08:15:14.033+0000] {processor.py:756} INFO - Processing file /home/airflow/.local/lib/python3.7/site-packages/airflow/example_dags/example_skip_dag.py for tasks to queue
[2023-10-04T08:15:14.034+0000] {logging_mixin.py:120} INFO - [2023-10-04T08:15:14.034+0000] {dagbag.py:537} INFO - Filling up the DagBag from /home/airflow/.local/lib/python3.7/site-packages/airflow/example_dags/example_skip_dag.py
[2023-10-04T08:15:14.055+0000] {processor.py:766} INFO - DAG(s) dict_keys(['example_skip_dag']) retrieved from /home/airflow/.local/lib/python3.7/site-packages/airflow/example_dags/example_skip_dag.py
[2023-10-04T08:15:14.144+0000] {logging_mixin.py:120} INFO - [2023-10-04T08:15:14.144+0000] {dag.py:2585} INFO - Sync 1 DAGs
[2023-10-04T08:15:14.177+0000] {logging_mixin.py:120} INFO - [2023-10-04T08:15:14.176+0000] {dag.py:3340} INFO - Setting next_dagrun for example_skip_dag to 2023-10-03T08:15:14.176706+00:00, run_after=2023-10-04T08:15:14.176706+00:00
[2023-10-04T08:15:14.205+0000] {processor.py:176} INFO - Processing /home/airflow/.local/lib/python3.7/site-packages/airflow/example_dags/example_skip_dag.py took 0.177 seconds
[2023-10-04T08:15:44.714+0000] {processor.py:154} INFO - Started process (PID=593) to work on /home/airflow/.local/lib/python3.7/site-packages/airflow/example_dags/example_skip_dag.py
[2023-10-04T08:15:44.718+0000] {processor.py:756} INFO - Processing file /home/airflow/.local/lib/python3.7/site-packages/airflow/example_dags/example_skip_dag.py for tasks to queue
[2023-10-04T08:15:44.721+0000] {logging_mixin.py:120} INFO - [2023-10-04T08:15:44.721+0000] {dagbag.py:537} INFO - Filling up the DagBag from /home/airflow/.local/lib/python3.7/site-packages/airflow/example_dags/example_skip_dag.py
[2023-10-04T08:15:44.750+0000] {processor.py:766} INFO - DAG(s) dict_keys(['example_skip_dag']) retrieved from /home/airflow/.local/lib/python3.7/site-packages/airflow/example_dags/example_skip_dag.py
[2023-10-04T08:15:44.795+0000] {logging_mixin.py:120} INFO - [2023-10-04T08:15:44.795+0000] {dag.py:2585} INFO - Sync 1 DAGs
[2023-10-04T08:15:44.819+0000] {logging_mixin.py:120} INFO - [2023-10-04T08:15:44.819+0000] {dag.py:3340} INFO - Setting next_dagrun for example_skip_dag to 2023-10-03T08:15:44.818942+00:00, run_after=2023-10-04T08:15:44.818942+00:00
[2023-10-04T08:15:44.843+0000] {processor.py:176} INFO - Processing /home/airflow/.local/lib/python3.7/site-packages/airflow/example_dags/example_skip_dag.py took 0.135 seconds
[2023-10-04T08:16:15.270+0000] {processor.py:154} INFO - Started process (PID=661) to work on /home/airflow/.local/lib/python3.7/site-packages/airflow/example_dags/example_skip_dag.py
[2023-10-04T08:16:15.271+0000] {processor.py:756} INFO - Processing file /home/airflow/.local/lib/python3.7/site-packages/airflow/example_dags/example_skip_dag.py for tasks to queue
[2023-10-04T08:16:15.272+0000] {logging_mixin.py:120} INFO - [2023-10-04T08:16:15.272+0000] {dagbag.py:537} INFO - Filling up the DagBag from /home/airflow/.local/lib/python3.7/site-packages/airflow/example_dags/example_skip_dag.py
[2023-10-04T08:16:15.285+0000] {processor.py:766} INFO - DAG(s) dict_keys(['example_skip_dag']) retrieved from /home/airflow/.local/lib/python3.7/site-packages/airflow/example_dags/example_skip_dag.py
[2023-10-04T08:16:15.319+0000] {logging_mixin.py:120} INFO - [2023-10-04T08:16:15.319+0000] {dag.py:2585} INFO - Sync 1 DAGs
[2023-10-04T08:16:15.340+0000] {logging_mixin.py:120} INFO - [2023-10-04T08:16:15.340+0000] {dag.py:3340} INFO - Setting next_dagrun for example_skip_dag to 2023-10-03T08:16:15.340133+00:00, run_after=2023-10-04T08:16:15.340133+00:00
[2023-10-04T08:16:15.359+0000] {processor.py:176} INFO - Processing /home/airflow/.local/lib/python3.7/site-packages/airflow/example_dags/example_skip_dag.py took 0.092 seconds
[2023-10-04T08:16:46.179+0000] {processor.py:154} INFO - Started process (PID=730) to work on /home/airflow/.local/lib/python3.7/site-packages/airflow/example_dags/example_skip_dag.py
[2023-10-04T08:16:46.181+0000] {processor.py:756} INFO - Processing file /home/airflow/.local/lib/python3.7/site-packages/airflow/example_dags/example_skip_dag.py for tasks to queue
[2023-10-04T08:16:46.183+0000] {logging_mixin.py:120} INFO - [2023-10-04T08:16:46.182+0000] {dagbag.py:537} INFO - Filling up the DagBag from /home/airflow/.local/lib/python3.7/site-packages/airflow/example_dags/example_skip_dag.py
[2023-10-04T08:16:46.199+0000] {processor.py:766} INFO - DAG(s) dict_keys(['example_skip_dag']) retrieved from /home/airflow/.local/lib/python3.7/site-packages/airflow/example_dags/example_skip_dag.py
[2023-10-04T08:16:46.248+0000] {logging_mixin.py:120} INFO - [2023-10-04T08:16:46.247+0000] {dag.py:2585} INFO - Sync 1 DAGs
[2023-10-04T08:16:46.277+0000] {logging_mixin.py:120} INFO - [2023-10-04T08:16:46.277+0000] {dag.py:3340} INFO - Setting next_dagrun for example_skip_dag to 2023-10-03T08:16:46.277362+00:00, run_after=2023-10-04T08:16:46.277362+00:00
[2023-10-04T08:16:46.311+0000] {processor.py:176} INFO - Processing /home/airflow/.local/lib/python3.7/site-packages/airflow/example_dags/example_skip_dag.py took 0.135 seconds
[2023-10-04T08:17:16.559+0000] {processor.py:154} INFO - Started process (PID=789) to work on /home/airflow/.local/lib/python3.7/site-packages/airflow/example_dags/example_skip_dag.py
[2023-10-04T08:17:16.563+0000] {processor.py:756} INFO - Processing file /home/airflow/.local/lib/python3.7/site-packages/airflow/example_dags/example_skip_dag.py for tasks to queue
[2023-10-04T08:17:16.566+0000] {logging_mixin.py:120} INFO - [2023-10-04T08:17:16.565+0000] {dagbag.py:537} INFO - Filling up the DagBag from /home/airflow/.local/lib/python3.7/site-packages/airflow/example_dags/example_skip_dag.py
[2023-10-04T08:17:16.584+0000] {processor.py:766} INFO - DAG(s) dict_keys(['example_skip_dag']) retrieved from /home/airflow/.local/lib/python3.7/site-packages/airflow/example_dags/example_skip_dag.py
[2023-10-04T08:17:16.635+0000] {logging_mixin.py:120} INFO - [2023-10-04T08:17:16.635+0000] {dag.py:2585} INFO - Sync 1 DAGs
[2023-10-04T08:17:16.666+0000] {logging_mixin.py:120} INFO - [2023-10-04T08:17:16.666+0000] {dag.py:3340} INFO - Setting next_dagrun for example_skip_dag to 2023-10-03T08:17:16.666354+00:00, run_after=2023-10-04T08:17:16.666354+00:00
[2023-10-04T08:17:16.702+0000] {processor.py:176} INFO - Processing /home/airflow/.local/lib/python3.7/site-packages/airflow/example_dags/example_skip_dag.py took 0.146 seconds
[2023-10-04T08:17:47.275+0000] {processor.py:154} INFO - Started process (PID=858) to work on /home/airflow/.local/lib/python3.7/site-packages/airflow/example_dags/example_skip_dag.py
[2023-10-04T08:17:47.276+0000] {processor.py:756} INFO - Processing file /home/airflow/.local/lib/python3.7/site-packages/airflow/example_dags/example_skip_dag.py for tasks to queue
[2023-10-04T08:17:47.278+0000] {logging_mixin.py:120} INFO - [2023-10-04T08:17:47.277+0000] {dagbag.py:537} INFO - Filling up the DagBag from /home/airflow/.local/lib/python3.7/site-packages/airflow/example_dags/example_skip_dag.py
[2023-10-04T08:17:47.293+0000] {processor.py:766} INFO - DAG(s) dict_keys(['example_skip_dag']) retrieved from /home/airflow/.local/lib/python3.7/site-packages/airflow/example_dags/example_skip_dag.py
[2023-10-04T08:17:47.338+0000] {logging_mixin.py:120} INFO - [2023-10-04T08:17:47.338+0000] {dag.py:2585} INFO - Sync 1 DAGs
[2023-10-04T08:17:47.364+0000] {logging_mixin.py:120} INFO - [2023-10-04T08:17:47.364+0000] {dag.py:3340} INFO - Setting next_dagrun for example_skip_dag to 2023-10-03T08:17:47.364307+00:00, run_after=2023-10-04T08:17:47.364307+00:00
[2023-10-04T08:17:47.390+0000] {processor.py:176} INFO - Processing /home/airflow/.local/lib/python3.7/site-packages/airflow/example_dags/example_skip_dag.py took 0.118 seconds
[2023-10-04T08:18:18.201+0000] {processor.py:154} INFO - Started process (PID=926) to work on /home/airflow/.local/lib/python3.7/site-packages/airflow/example_dags/example_skip_dag.py
[2023-10-04T08:18:18.203+0000] {processor.py:756} INFO - Processing file /home/airflow/.local/lib/python3.7/site-packages/airflow/example_dags/example_skip_dag.py for tasks to queue
[2023-10-04T08:18:18.205+0000] {logging_mixin.py:120} INFO - [2023-10-04T08:18:18.205+0000] {dagbag.py:537} INFO - Filling up the DagBag from /home/airflow/.local/lib/python3.7/site-packages/airflow/example_dags/example_skip_dag.py
[2023-10-04T08:18:18.228+0000] {processor.py:766} INFO - DAG(s) dict_keys(['example_skip_dag']) retrieved from /home/airflow/.local/lib/python3.7/site-packages/airflow/example_dags/example_skip_dag.py
[2023-10-04T08:18:18.282+0000] {logging_mixin.py:120} INFO - [2023-10-04T08:18:18.281+0000] {dag.py:2585} INFO - Sync 1 DAGs
[2023-10-04T08:18:18.315+0000] {logging_mixin.py:120} INFO - [2023-10-04T08:18:18.314+0000] {dag.py:3340} INFO - Setting next_dagrun for example_skip_dag to 2023-10-03T08:18:18.314593+00:00, run_after=2023-10-04T08:18:18.314593+00:00
[2023-10-04T08:18:18.346+0000] {processor.py:176} INFO - Processing /home/airflow/.local/lib/python3.7/site-packages/airflow/example_dags/example_skip_dag.py took 0.148 seconds
[2023-10-04T08:18:48.879+0000] {processor.py:154} INFO - Started process (PID=985) to work on /home/airflow/.local/lib/python3.7/site-packages/airflow/example_dags/example_skip_dag.py
[2023-10-04T08:18:48.881+0000] {processor.py:756} INFO - Processing file /home/airflow/.local/lib/python3.7/site-packages/airflow/example_dags/example_skip_dag.py for tasks to queue
[2023-10-04T08:18:48.883+0000] {logging_mixin.py:120} INFO - [2023-10-04T08:18:48.883+0000] {dagbag.py:537} INFO - Filling up the DagBag from /home/airflow/.local/lib/python3.7/site-packages/airflow/example_dags/example_skip_dag.py
[2023-10-04T08:18:48.903+0000] {processor.py:766} INFO - DAG(s) dict_keys(['example_skip_dag']) retrieved from /home/airflow/.local/lib/python3.7/site-packages/airflow/example_dags/example_skip_dag.py
[2023-10-04T08:18:48.972+0000] {logging_mixin.py:120} INFO - [2023-10-04T08:18:48.970+0000] {dag.py:2585} INFO - Sync 1 DAGs
[2023-10-04T08:18:49.022+0000] {logging_mixin.py:120} INFO - [2023-10-04T08:18:49.021+0000] {dag.py:3340} INFO - Setting next_dagrun for example_skip_dag to 2023-10-03T08:18:49.020345+00:00, run_after=2023-10-04T08:18:49.020345+00:00
[2023-10-04T08:18:49.069+0000] {processor.py:176} INFO - Processing /home/airflow/.local/lib/python3.7/site-packages/airflow/example_dags/example_skip_dag.py took 0.194 seconds
[2023-10-04T08:19:19.568+0000] {processor.py:154} INFO - Started process (PID=1053) to work on /home/airflow/.local/lib/python3.7/site-packages/airflow/example_dags/example_skip_dag.py
[2023-10-04T08:19:19.570+0000] {processor.py:756} INFO - Processing file /home/airflow/.local/lib/python3.7/site-packages/airflow/example_dags/example_skip_dag.py for tasks to queue
[2023-10-04T08:19:19.574+0000] {logging_mixin.py:120} INFO - [2023-10-04T08:19:19.574+0000] {dagbag.py:537} INFO - Filling up the DagBag from /home/airflow/.local/lib/python3.7/site-packages/airflow/example_dags/example_skip_dag.py
[2023-10-04T08:19:19.592+0000] {processor.py:766} INFO - DAG(s) dict_keys(['example_skip_dag']) retrieved from /home/airflow/.local/lib/python3.7/site-packages/airflow/example_dags/example_skip_dag.py
[2023-10-04T08:19:19.640+0000] {logging_mixin.py:120} INFO - [2023-10-04T08:19:19.640+0000] {dag.py:2585} INFO - Sync 1 DAGs
[2023-10-04T08:19:19.670+0000] {logging_mixin.py:120} INFO - [2023-10-04T08:19:19.670+0000] {dag.py:3340} INFO - Setting next_dagrun for example_skip_dag to 2023-10-03T08:19:19.670503+00:00, run_after=2023-10-04T08:19:19.670503+00:00
[2023-10-04T08:19:19.706+0000] {processor.py:176} INFO - Processing /home/airflow/.local/lib/python3.7/site-packages/airflow/example_dags/example_skip_dag.py took 0.141 seconds
[2023-10-04T08:19:50.359+0000] {processor.py:154} INFO - Started process (PID=1121) to work on /home/airflow/.local/lib/python3.7/site-packages/airflow/example_dags/example_skip_dag.py
[2023-10-04T08:19:50.360+0000] {processor.py:756} INFO - Processing file /home/airflow/.local/lib/python3.7/site-packages/airflow/example_dags/example_skip_dag.py for tasks to queue
[2023-10-04T08:19:50.363+0000] {logging_mixin.py:120} INFO - [2023-10-04T08:19:50.363+0000] {dagbag.py:537} INFO - Filling up the DagBag from /home/airflow/.local/lib/python3.7/site-packages/airflow/example_dags/example_skip_dag.py
[2023-10-04T08:19:50.384+0000] {processor.py:766} INFO - DAG(s) dict_keys(['example_skip_dag']) retrieved from /home/airflow/.local/lib/python3.7/site-packages/airflow/example_dags/example_skip_dag.py
[2023-10-04T08:19:50.473+0000] {logging_mixin.py:120} INFO - [2023-10-04T08:19:50.473+0000] {dag.py:2585} INFO - Sync 1 DAGs
[2023-10-04T08:19:50.512+0000] {logging_mixin.py:120} INFO - [2023-10-04T08:19:50.511+0000] {dag.py:3340} INFO - Setting next_dagrun for example_skip_dag to 2023-10-03T08:19:50.511513+00:00, run_after=2023-10-04T08:19:50.511513+00:00
[2023-10-04T08:19:50.567+0000] {processor.py:176} INFO - Processing /home/airflow/.local/lib/python3.7/site-packages/airflow/example_dags/example_skip_dag.py took 0.215 seconds
