[2023-10-04T07:42:30.078+0000] {processor.py:154} INFO - Started process (PID=67) to work on /home/airflow/.local/lib/python3.7/site-packages/airflow/example_dags/example_task_group.py
[2023-10-04T07:42:30.083+0000] {processor.py:756} INFO - Processing file /home/airflow/.local/lib/python3.7/site-packages/airflow/example_dags/example_task_group.py for tasks to queue
[2023-10-04T07:42:30.087+0000] {logging_mixin.py:120} INFO - [2023-10-04T07:42:30.087+0000] {dagbag.py:537} INFO - Filling up the DagBag from /home/airflow/.local/lib/python3.7/site-packages/airflow/example_dags/example_task_group.py
[2023-10-04T07:42:30.110+0000] {processor.py:766} INFO - DAG(s) dict_keys(['example_task_group']) retrieved from /home/airflow/.local/lib/python3.7/site-packages/airflow/example_dags/example_task_group.py
[2023-10-04T07:42:30.195+0000] {logging_mixin.py:120} INFO - [2023-10-04T07:42:30.194+0000] {dag.py:2585} INFO - Sync 1 DAGs
[2023-10-04T07:42:30.334+0000] {logging_mixin.py:120} INFO - [2023-10-04T07:42:30.334+0000] {dag.py:3340} INFO - Setting next_dagrun for example_task_group to 2023-10-03T07:42:30.333526+00:00, run_after=2023-10-04T07:42:30.333526+00:00
[2023-10-04T07:42:30.414+0000] {processor.py:176} INFO - Processing /home/airflow/.local/lib/python3.7/site-packages/airflow/example_dags/example_task_group.py took 0.343 seconds
[2023-10-04T07:43:00.735+0000] {processor.py:154} INFO - Started process (PID=125) to work on /home/airflow/.local/lib/python3.7/site-packages/airflow/example_dags/example_task_group.py
[2023-10-04T07:43:00.738+0000] {processor.py:756} INFO - Processing file /home/airflow/.local/lib/python3.7/site-packages/airflow/example_dags/example_task_group.py for tasks to queue
[2023-10-04T07:43:00.739+0000] {logging_mixin.py:120} INFO - [2023-10-04T07:43:00.739+0000] {dagbag.py:537} INFO - Filling up the DagBag from /home/airflow/.local/lib/python3.7/site-packages/airflow/example_dags/example_task_group.py
[2023-10-04T07:43:00.758+0000] {processor.py:766} INFO - DAG(s) dict_keys(['example_task_group']) retrieved from /home/airflow/.local/lib/python3.7/site-packages/airflow/example_dags/example_task_group.py
[2023-10-04T07:43:00.809+0000] {logging_mixin.py:120} INFO - [2023-10-04T07:43:00.809+0000] {dag.py:2585} INFO - Sync 1 DAGs
[2023-10-04T07:43:00.836+0000] {logging_mixin.py:120} INFO - [2023-10-04T07:43:00.836+0000] {dag.py:3340} INFO - Setting next_dagrun for example_task_group to 2023-10-03T07:43:00.836392+00:00, run_after=2023-10-04T07:43:00.836392+00:00
[2023-10-04T07:43:00.870+0000] {processor.py:176} INFO - Processing /home/airflow/.local/lib/python3.7/site-packages/airflow/example_dags/example_task_group.py took 0.138 seconds
[2023-10-04T07:43:31.381+0000] {processor.py:154} INFO - Started process (PID=193) to work on /home/airflow/.local/lib/python3.7/site-packages/airflow/example_dags/example_task_group.py
[2023-10-04T07:43:31.384+0000] {processor.py:756} INFO - Processing file /home/airflow/.local/lib/python3.7/site-packages/airflow/example_dags/example_task_group.py for tasks to queue
[2023-10-04T07:43:31.386+0000] {logging_mixin.py:120} INFO - [2023-10-04T07:43:31.386+0000] {dagbag.py:537} INFO - Filling up the DagBag from /home/airflow/.local/lib/python3.7/site-packages/airflow/example_dags/example_task_group.py
[2023-10-04T07:43:31.402+0000] {processor.py:766} INFO - DAG(s) dict_keys(['example_task_group']) retrieved from /home/airflow/.local/lib/python3.7/site-packages/airflow/example_dags/example_task_group.py
[2023-10-04T07:43:31.444+0000] {logging_mixin.py:120} INFO - [2023-10-04T07:43:31.443+0000] {dag.py:2585} INFO - Sync 1 DAGs
[2023-10-04T07:43:31.469+0000] {logging_mixin.py:120} INFO - [2023-10-04T07:43:31.468+0000] {dag.py:3340} INFO - Setting next_dagrun for example_task_group to 2023-10-03T07:43:31.468215+00:00, run_after=2023-10-04T07:43:31.468215+00:00
[2023-10-04T07:43:31.493+0000] {processor.py:176} INFO - Processing /home/airflow/.local/lib/python3.7/site-packages/airflow/example_dags/example_task_group.py took 0.118 seconds
[2023-10-04T07:44:01.658+0000] {processor.py:154} INFO - Started process (PID=249) to work on /home/airflow/.local/lib/python3.7/site-packages/airflow/example_dags/example_task_group.py
[2023-10-04T07:44:01.661+0000] {processor.py:756} INFO - Processing file /home/airflow/.local/lib/python3.7/site-packages/airflow/example_dags/example_task_group.py for tasks to queue
[2023-10-04T07:44:01.663+0000] {logging_mixin.py:120} INFO - [2023-10-04T07:44:01.663+0000] {dagbag.py:537} INFO - Filling up the DagBag from /home/airflow/.local/lib/python3.7/site-packages/airflow/example_dags/example_task_group.py
[2023-10-04T07:44:01.679+0000] {processor.py:766} INFO - DAG(s) dict_keys(['example_task_group']) retrieved from /home/airflow/.local/lib/python3.7/site-packages/airflow/example_dags/example_task_group.py
[2023-10-04T07:44:01.712+0000] {logging_mixin.py:120} INFO - [2023-10-04T07:44:01.712+0000] {dag.py:2585} INFO - Sync 1 DAGs
[2023-10-04T07:44:01.733+0000] {logging_mixin.py:120} INFO - [2023-10-04T07:44:01.733+0000] {dag.py:3340} INFO - Setting next_dagrun for example_task_group to 2023-10-03T07:44:01.733554+00:00, run_after=2023-10-04T07:44:01.733554+00:00
[2023-10-04T07:44:01.755+0000] {processor.py:176} INFO - Processing /home/airflow/.local/lib/python3.7/site-packages/airflow/example_dags/example_task_group.py took 0.103 seconds
[2023-10-04T07:44:31.976+0000] {processor.py:154} INFO - Started process (PID=316) to work on /home/airflow/.local/lib/python3.7/site-packages/airflow/example_dags/example_task_group.py
[2023-10-04T07:44:31.978+0000] {processor.py:756} INFO - Processing file /home/airflow/.local/lib/python3.7/site-packages/airflow/example_dags/example_task_group.py for tasks to queue
[2023-10-04T07:44:31.980+0000] {logging_mixin.py:120} INFO - [2023-10-04T07:44:31.980+0000] {dagbag.py:537} INFO - Filling up the DagBag from /home/airflow/.local/lib/python3.7/site-packages/airflow/example_dags/example_task_group.py
[2023-10-04T07:44:31.997+0000] {processor.py:766} INFO - DAG(s) dict_keys(['example_task_group']) retrieved from /home/airflow/.local/lib/python3.7/site-packages/airflow/example_dags/example_task_group.py
[2023-10-04T07:44:32.029+0000] {logging_mixin.py:120} INFO - [2023-10-04T07:44:32.029+0000] {dag.py:2585} INFO - Sync 1 DAGs
[2023-10-04T07:44:32.049+0000] {logging_mixin.py:120} INFO - [2023-10-04T07:44:32.049+0000] {dag.py:3340} INFO - Setting next_dagrun for example_task_group to 2023-10-03T07:44:32.048908+00:00, run_after=2023-10-04T07:44:32.048908+00:00
[2023-10-04T07:44:32.071+0000] {processor.py:176} INFO - Processing /home/airflow/.local/lib/python3.7/site-packages/airflow/example_dags/example_task_group.py took 0.101 seconds
[2023-10-04T07:45:02.797+0000] {processor.py:154} INFO - Started process (PID=383) to work on /home/airflow/.local/lib/python3.7/site-packages/airflow/example_dags/example_task_group.py
[2023-10-04T07:45:02.798+0000] {processor.py:756} INFO - Processing file /home/airflow/.local/lib/python3.7/site-packages/airflow/example_dags/example_task_group.py for tasks to queue
[2023-10-04T07:45:02.800+0000] {logging_mixin.py:120} INFO - [2023-10-04T07:45:02.800+0000] {dagbag.py:537} INFO - Filling up the DagBag from /home/airflow/.local/lib/python3.7/site-packages/airflow/example_dags/example_task_group.py
[2023-10-04T07:45:02.817+0000] {processor.py:766} INFO - DAG(s) dict_keys(['example_task_group']) retrieved from /home/airflow/.local/lib/python3.7/site-packages/airflow/example_dags/example_task_group.py
[2023-10-04T07:45:02.855+0000] {logging_mixin.py:120} INFO - [2023-10-04T07:45:02.855+0000] {dag.py:2585} INFO - Sync 1 DAGs
[2023-10-04T07:45:02.882+0000] {logging_mixin.py:120} INFO - [2023-10-04T07:45:02.882+0000] {dag.py:3340} INFO - Setting next_dagrun for example_task_group to 2023-10-03T07:45:02.881610+00:00, run_after=2023-10-04T07:45:02.881610+00:00
[2023-10-04T07:45:02.904+0000] {processor.py:176} INFO - Processing /home/airflow/.local/lib/python3.7/site-packages/airflow/example_dags/example_task_group.py took 0.111 seconds
[2023-10-04T07:45:33.318+0000] {processor.py:154} INFO - Started process (PID=450) to work on /home/airflow/.local/lib/python3.7/site-packages/airflow/example_dags/example_task_group.py
[2023-10-04T07:45:33.320+0000] {processor.py:756} INFO - Processing file /home/airflow/.local/lib/python3.7/site-packages/airflow/example_dags/example_task_group.py for tasks to queue
[2023-10-04T07:45:33.321+0000] {logging_mixin.py:120} INFO - [2023-10-04T07:45:33.321+0000] {dagbag.py:537} INFO - Filling up the DagBag from /home/airflow/.local/lib/python3.7/site-packages/airflow/example_dags/example_task_group.py
[2023-10-04T07:45:33.334+0000] {processor.py:766} INFO - DAG(s) dict_keys(['example_task_group']) retrieved from /home/airflow/.local/lib/python3.7/site-packages/airflow/example_dags/example_task_group.py
[2023-10-04T07:45:33.370+0000] {logging_mixin.py:120} INFO - [2023-10-04T07:45:33.370+0000] {dag.py:2585} INFO - Sync 1 DAGs
[2023-10-04T07:45:33.396+0000] {logging_mixin.py:120} INFO - [2023-10-04T07:45:33.395+0000] {dag.py:3340} INFO - Setting next_dagrun for example_task_group to 2023-10-03T07:45:33.395714+00:00, run_after=2023-10-04T07:45:33.395714+00:00
[2023-10-04T07:45:33.421+0000] {processor.py:176} INFO - Processing /home/airflow/.local/lib/python3.7/site-packages/airflow/example_dags/example_task_group.py took 0.106 seconds
[2023-10-04T07:46:03.868+0000] {processor.py:154} INFO - Started process (PID=508) to work on /home/airflow/.local/lib/python3.7/site-packages/airflow/example_dags/example_task_group.py
[2023-10-04T07:46:03.869+0000] {processor.py:756} INFO - Processing file /home/airflow/.local/lib/python3.7/site-packages/airflow/example_dags/example_task_group.py for tasks to queue
[2023-10-04T07:46:03.870+0000] {logging_mixin.py:120} INFO - [2023-10-04T07:46:03.870+0000] {dagbag.py:537} INFO - Filling up the DagBag from /home/airflow/.local/lib/python3.7/site-packages/airflow/example_dags/example_task_group.py
[2023-10-04T07:46:03.886+0000] {processor.py:766} INFO - DAG(s) dict_keys(['example_task_group']) retrieved from /home/airflow/.local/lib/python3.7/site-packages/airflow/example_dags/example_task_group.py
[2023-10-04T07:46:03.921+0000] {logging_mixin.py:120} INFO - [2023-10-04T07:46:03.921+0000] {dag.py:2585} INFO - Sync 1 DAGs
[2023-10-04T07:46:03.941+0000] {logging_mixin.py:120} INFO - [2023-10-04T07:46:03.940+0000] {dag.py:3340} INFO - Setting next_dagrun for example_task_group to 2023-10-03T07:46:03.940743+00:00, run_after=2023-10-04T07:46:03.940743+00:00
[2023-10-04T07:46:03.960+0000] {processor.py:176} INFO - Processing /home/airflow/.local/lib/python3.7/site-packages/airflow/example_dags/example_task_group.py took 0.096 seconds
[2023-10-04T07:46:34.172+0000] {processor.py:154} INFO - Started process (PID=575) to work on /home/airflow/.local/lib/python3.7/site-packages/airflow/example_dags/example_task_group.py
[2023-10-04T07:46:34.173+0000] {processor.py:756} INFO - Processing file /home/airflow/.local/lib/python3.7/site-packages/airflow/example_dags/example_task_group.py for tasks to queue
[2023-10-04T07:46:34.174+0000] {logging_mixin.py:120} INFO - [2023-10-04T07:46:34.174+0000] {dagbag.py:537} INFO - Filling up the DagBag from /home/airflow/.local/lib/python3.7/site-packages/airflow/example_dags/example_task_group.py
[2023-10-04T07:46:34.190+0000] {processor.py:766} INFO - DAG(s) dict_keys(['example_task_group']) retrieved from /home/airflow/.local/lib/python3.7/site-packages/airflow/example_dags/example_task_group.py
[2023-10-04T07:46:34.290+0000] {logging_mixin.py:120} INFO - [2023-10-04T07:46:34.290+0000] {dag.py:2585} INFO - Sync 1 DAGs
[2023-10-04T07:46:34.318+0000] {logging_mixin.py:120} INFO - [2023-10-04T07:46:34.318+0000] {dag.py:3340} INFO - Setting next_dagrun for example_task_group to 2023-10-03T07:46:34.318042+00:00, run_after=2023-10-04T07:46:34.318042+00:00
[2023-10-04T07:46:34.339+0000] {processor.py:176} INFO - Processing /home/airflow/.local/lib/python3.7/site-packages/airflow/example_dags/example_task_group.py took 0.170 seconds
[2023-10-04T07:47:04.408+0000] {processor.py:154} INFO - Started process (PID=642) to work on /home/airflow/.local/lib/python3.7/site-packages/airflow/example_dags/example_task_group.py
[2023-10-04T07:47:04.410+0000] {processor.py:756} INFO - Processing file /home/airflow/.local/lib/python3.7/site-packages/airflow/example_dags/example_task_group.py for tasks to queue
[2023-10-04T07:47:04.411+0000] {logging_mixin.py:120} INFO - [2023-10-04T07:47:04.411+0000] {dagbag.py:537} INFO - Filling up the DagBag from /home/airflow/.local/lib/python3.7/site-packages/airflow/example_dags/example_task_group.py
[2023-10-04T07:47:04.424+0000] {processor.py:766} INFO - DAG(s) dict_keys(['example_task_group']) retrieved from /home/airflow/.local/lib/python3.7/site-packages/airflow/example_dags/example_task_group.py
[2023-10-04T07:47:04.458+0000] {logging_mixin.py:120} INFO - [2023-10-04T07:47:04.458+0000] {dag.py:2585} INFO - Sync 1 DAGs
[2023-10-04T07:47:04.478+0000] {logging_mixin.py:120} INFO - [2023-10-04T07:47:04.478+0000] {dag.py:3340} INFO - Setting next_dagrun for example_task_group to 2023-10-03T07:47:04.478079+00:00, run_after=2023-10-04T07:47:04.478079+00:00
[2023-10-04T07:47:04.501+0000] {processor.py:176} INFO - Processing /home/airflow/.local/lib/python3.7/site-packages/airflow/example_dags/example_task_group.py took 0.096 seconds
[2023-10-04T07:47:34.705+0000] {processor.py:154} INFO - Started process (PID=700) to work on /home/airflow/.local/lib/python3.7/site-packages/airflow/example_dags/example_task_group.py
[2023-10-04T07:47:34.707+0000] {processor.py:756} INFO - Processing file /home/airflow/.local/lib/python3.7/site-packages/airflow/example_dags/example_task_group.py for tasks to queue
[2023-10-04T07:47:34.708+0000] {logging_mixin.py:120} INFO - [2023-10-04T07:47:34.708+0000] {dagbag.py:537} INFO - Filling up the DagBag from /home/airflow/.local/lib/python3.7/site-packages/airflow/example_dags/example_task_group.py
[2023-10-04T07:47:34.721+0000] {processor.py:766} INFO - DAG(s) dict_keys(['example_task_group']) retrieved from /home/airflow/.local/lib/python3.7/site-packages/airflow/example_dags/example_task_group.py
[2023-10-04T07:47:34.756+0000] {logging_mixin.py:120} INFO - [2023-10-04T07:47:34.756+0000] {dag.py:2585} INFO - Sync 1 DAGs
[2023-10-04T07:47:34.779+0000] {logging_mixin.py:120} INFO - [2023-10-04T07:47:34.779+0000] {dag.py:3340} INFO - Setting next_dagrun for example_task_group to 2023-10-03T07:47:34.779210+00:00, run_after=2023-10-04T07:47:34.779210+00:00
[2023-10-04T07:47:34.799+0000] {processor.py:176} INFO - Processing /home/airflow/.local/lib/python3.7/site-packages/airflow/example_dags/example_task_group.py took 0.097 seconds
[2023-10-04T07:48:05.730+0000] {processor.py:154} INFO - Started process (PID=767) to work on /home/airflow/.local/lib/python3.7/site-packages/airflow/example_dags/example_task_group.py
[2023-10-04T07:48:05.731+0000] {processor.py:756} INFO - Processing file /home/airflow/.local/lib/python3.7/site-packages/airflow/example_dags/example_task_group.py for tasks to queue
[2023-10-04T07:48:05.733+0000] {logging_mixin.py:120} INFO - [2023-10-04T07:48:05.733+0000] {dagbag.py:537} INFO - Filling up the DagBag from /home/airflow/.local/lib/python3.7/site-packages/airflow/example_dags/example_task_group.py
[2023-10-04T07:48:05.746+0000] {processor.py:766} INFO - DAG(s) dict_keys(['example_task_group']) retrieved from /home/airflow/.local/lib/python3.7/site-packages/airflow/example_dags/example_task_group.py
[2023-10-04T07:48:05.780+0000] {logging_mixin.py:120} INFO - [2023-10-04T07:48:05.780+0000] {dag.py:2585} INFO - Sync 1 DAGs
[2023-10-04T07:48:05.800+0000] {logging_mixin.py:120} INFO - [2023-10-04T07:48:05.800+0000] {dag.py:3340} INFO - Setting next_dagrun for example_task_group to 2023-10-03T07:48:05.800078+00:00, run_after=2023-10-04T07:48:05.800078+00:00
[2023-10-04T07:48:05.823+0000] {processor.py:176} INFO - Processing /home/airflow/.local/lib/python3.7/site-packages/airflow/example_dags/example_task_group.py took 0.099 seconds
[2023-10-04T07:48:36.145+0000] {processor.py:154} INFO - Started process (PID=834) to work on /home/airflow/.local/lib/python3.7/site-packages/airflow/example_dags/example_task_group.py
[2023-10-04T07:48:36.147+0000] {processor.py:756} INFO - Processing file /home/airflow/.local/lib/python3.7/site-packages/airflow/example_dags/example_task_group.py for tasks to queue
[2023-10-04T07:48:36.149+0000] {logging_mixin.py:120} INFO - [2023-10-04T07:48:36.149+0000] {dagbag.py:537} INFO - Filling up the DagBag from /home/airflow/.local/lib/python3.7/site-packages/airflow/example_dags/example_task_group.py
[2023-10-04T07:48:36.164+0000] {processor.py:766} INFO - DAG(s) dict_keys(['example_task_group']) retrieved from /home/airflow/.local/lib/python3.7/site-packages/airflow/example_dags/example_task_group.py
[2023-10-04T07:48:36.213+0000] {logging_mixin.py:120} INFO - [2023-10-04T07:48:36.213+0000] {dag.py:2585} INFO - Sync 1 DAGs
[2023-10-04T07:48:36.238+0000] {logging_mixin.py:120} INFO - [2023-10-04T07:48:36.238+0000] {dag.py:3340} INFO - Setting next_dagrun for example_task_group to 2023-10-03T07:48:36.237855+00:00, run_after=2023-10-04T07:48:36.237855+00:00
[2023-10-04T07:48:36.268+0000] {processor.py:176} INFO - Processing /home/airflow/.local/lib/python3.7/site-packages/airflow/example_dags/example_task_group.py took 0.126 seconds
[2023-10-04T07:49:06.796+0000] {processor.py:154} INFO - Started process (PID=901) to work on /home/airflow/.local/lib/python3.7/site-packages/airflow/example_dags/example_task_group.py
[2023-10-04T07:49:06.798+0000] {processor.py:756} INFO - Processing file /home/airflow/.local/lib/python3.7/site-packages/airflow/example_dags/example_task_group.py for tasks to queue
[2023-10-04T07:49:06.799+0000] {logging_mixin.py:120} INFO - [2023-10-04T07:49:06.799+0000] {dagbag.py:537} INFO - Filling up the DagBag from /home/airflow/.local/lib/python3.7/site-packages/airflow/example_dags/example_task_group.py
[2023-10-04T07:49:06.812+0000] {processor.py:766} INFO - DAG(s) dict_keys(['example_task_group']) retrieved from /home/airflow/.local/lib/python3.7/site-packages/airflow/example_dags/example_task_group.py
[2023-10-04T07:49:06.849+0000] {logging_mixin.py:120} INFO - [2023-10-04T07:49:06.849+0000] {dag.py:2585} INFO - Sync 1 DAGs
[2023-10-04T07:49:06.871+0000] {logging_mixin.py:120} INFO - [2023-10-04T07:49:06.871+0000] {dag.py:3340} INFO - Setting next_dagrun for example_task_group to 2023-10-03T07:49:06.870861+00:00, run_after=2023-10-04T07:49:06.870861+00:00
[2023-10-04T07:49:06.894+0000] {processor.py:176} INFO - Processing /home/airflow/.local/lib/python3.7/site-packages/airflow/example_dags/example_task_group.py took 0.102 seconds
[2023-10-04T07:49:37.288+0000] {processor.py:154} INFO - Started process (PID=959) to work on /home/airflow/.local/lib/python3.7/site-packages/airflow/example_dags/example_task_group.py
[2023-10-04T07:49:37.290+0000] {processor.py:756} INFO - Processing file /home/airflow/.local/lib/python3.7/site-packages/airflow/example_dags/example_task_group.py for tasks to queue
[2023-10-04T07:49:37.291+0000] {logging_mixin.py:120} INFO - [2023-10-04T07:49:37.291+0000] {dagbag.py:537} INFO - Filling up the DagBag from /home/airflow/.local/lib/python3.7/site-packages/airflow/example_dags/example_task_group.py
[2023-10-04T07:49:37.305+0000] {processor.py:766} INFO - DAG(s) dict_keys(['example_task_group']) retrieved from /home/airflow/.local/lib/python3.7/site-packages/airflow/example_dags/example_task_group.py
[2023-10-04T07:49:37.342+0000] {logging_mixin.py:120} INFO - [2023-10-04T07:49:37.342+0000] {dag.py:2585} INFO - Sync 1 DAGs
[2023-10-04T07:49:37.365+0000] {logging_mixin.py:120} INFO - [2023-10-04T07:49:37.365+0000] {dag.py:3340} INFO - Setting next_dagrun for example_task_group to 2023-10-03T07:49:37.365166+00:00, run_after=2023-10-04T07:49:37.365166+00:00
[2023-10-04T07:49:37.390+0000] {processor.py:176} INFO - Processing /home/airflow/.local/lib/python3.7/site-packages/airflow/example_dags/example_task_group.py took 0.105 seconds
[2023-10-04T07:50:07.717+0000] {processor.py:154} INFO - Started process (PID=1027) to work on /home/airflow/.local/lib/python3.7/site-packages/airflow/example_dags/example_task_group.py
[2023-10-04T07:50:07.718+0000] {processor.py:756} INFO - Processing file /home/airflow/.local/lib/python3.7/site-packages/airflow/example_dags/example_task_group.py for tasks to queue
[2023-10-04T07:50:07.719+0000] {logging_mixin.py:120} INFO - [2023-10-04T07:50:07.719+0000] {dagbag.py:537} INFO - Filling up the DagBag from /home/airflow/.local/lib/python3.7/site-packages/airflow/example_dags/example_task_group.py
[2023-10-04T07:50:07.733+0000] {processor.py:766} INFO - DAG(s) dict_keys(['example_task_group']) retrieved from /home/airflow/.local/lib/python3.7/site-packages/airflow/example_dags/example_task_group.py
[2023-10-04T07:50:07.771+0000] {logging_mixin.py:120} INFO - [2023-10-04T07:50:07.771+0000] {dag.py:2585} INFO - Sync 1 DAGs
[2023-10-04T07:50:07.795+0000] {logging_mixin.py:120} INFO - [2023-10-04T07:50:07.795+0000] {dag.py:3340} INFO - Setting next_dagrun for example_task_group to 2023-10-03T07:50:07.795137+00:00, run_after=2023-10-04T07:50:07.795137+00:00
[2023-10-04T07:50:07.822+0000] {processor.py:176} INFO - Processing /home/airflow/.local/lib/python3.7/site-packages/airflow/example_dags/example_task_group.py took 0.108 seconds
[2023-10-04T07:50:38.366+0000] {processor.py:154} INFO - Started process (PID=1094) to work on /home/airflow/.local/lib/python3.7/site-packages/airflow/example_dags/example_task_group.py
[2023-10-04T07:50:38.367+0000] {processor.py:756} INFO - Processing file /home/airflow/.local/lib/python3.7/site-packages/airflow/example_dags/example_task_group.py for tasks to queue
[2023-10-04T07:50:38.368+0000] {logging_mixin.py:120} INFO - [2023-10-04T07:50:38.368+0000] {dagbag.py:537} INFO - Filling up the DagBag from /home/airflow/.local/lib/python3.7/site-packages/airflow/example_dags/example_task_group.py
[2023-10-04T07:50:38.382+0000] {processor.py:766} INFO - DAG(s) dict_keys(['example_task_group']) retrieved from /home/airflow/.local/lib/python3.7/site-packages/airflow/example_dags/example_task_group.py
[2023-10-04T07:50:38.418+0000] {logging_mixin.py:120} INFO - [2023-10-04T07:50:38.417+0000] {dag.py:2585} INFO - Sync 1 DAGs
[2023-10-04T07:50:38.439+0000] {logging_mixin.py:120} INFO - [2023-10-04T07:50:38.439+0000] {dag.py:3340} INFO - Setting next_dagrun for example_task_group to 2023-10-03T07:50:38.438790+00:00, run_after=2023-10-04T07:50:38.438790+00:00
[2023-10-04T07:50:38.461+0000] {processor.py:176} INFO - Processing /home/airflow/.local/lib/python3.7/site-packages/airflow/example_dags/example_task_group.py took 0.099 seconds
[2023-10-04T07:51:08.957+0000] {processor.py:154} INFO - Started process (PID=1162) to work on /home/airflow/.local/lib/python3.7/site-packages/airflow/example_dags/example_task_group.py
[2023-10-04T07:51:08.959+0000] {processor.py:756} INFO - Processing file /home/airflow/.local/lib/python3.7/site-packages/airflow/example_dags/example_task_group.py for tasks to queue
[2023-10-04T07:51:08.959+0000] {logging_mixin.py:120} INFO - [2023-10-04T07:51:08.959+0000] {dagbag.py:537} INFO - Filling up the DagBag from /home/airflow/.local/lib/python3.7/site-packages/airflow/example_dags/example_task_group.py
[2023-10-04T07:51:08.973+0000] {processor.py:766} INFO - DAG(s) dict_keys(['example_task_group']) retrieved from /home/airflow/.local/lib/python3.7/site-packages/airflow/example_dags/example_task_group.py
[2023-10-04T07:51:09.008+0000] {logging_mixin.py:120} INFO - [2023-10-04T07:51:09.008+0000] {dag.py:2585} INFO - Sync 1 DAGs
[2023-10-04T07:51:09.029+0000] {logging_mixin.py:120} INFO - [2023-10-04T07:51:09.029+0000] {dag.py:3340} INFO - Setting next_dagrun for example_task_group to 2023-10-03T07:51:09.029033+00:00, run_after=2023-10-04T07:51:09.029033+00:00
[2023-10-04T07:51:09.052+0000] {processor.py:176} INFO - Processing /home/airflow/.local/lib/python3.7/site-packages/airflow/example_dags/example_task_group.py took 0.098 seconds
[2023-10-04T07:51:39.225+0000] {processor.py:154} INFO - Started process (PID=1220) to work on /home/airflow/.local/lib/python3.7/site-packages/airflow/example_dags/example_task_group.py
[2023-10-04T07:51:39.226+0000] {processor.py:756} INFO - Processing file /home/airflow/.local/lib/python3.7/site-packages/airflow/example_dags/example_task_group.py for tasks to queue
[2023-10-04T07:51:39.227+0000] {logging_mixin.py:120} INFO - [2023-10-04T07:51:39.227+0000] {dagbag.py:537} INFO - Filling up the DagBag from /home/airflow/.local/lib/python3.7/site-packages/airflow/example_dags/example_task_group.py
[2023-10-04T07:51:39.240+0000] {processor.py:766} INFO - DAG(s) dict_keys(['example_task_group']) retrieved from /home/airflow/.local/lib/python3.7/site-packages/airflow/example_dags/example_task_group.py
[2023-10-04T07:51:39.274+0000] {logging_mixin.py:120} INFO - [2023-10-04T07:51:39.274+0000] {dag.py:2585} INFO - Sync 1 DAGs
[2023-10-04T07:51:39.297+0000] {logging_mixin.py:120} INFO - [2023-10-04T07:51:39.296+0000] {dag.py:3340} INFO - Setting next_dagrun for example_task_group to 2023-10-03T07:51:39.296526+00:00, run_after=2023-10-04T07:51:39.296526+00:00
[2023-10-04T07:51:39.315+0000] {processor.py:176} INFO - Processing /home/airflow/.local/lib/python3.7/site-packages/airflow/example_dags/example_task_group.py took 0.093 seconds
[2023-10-04T07:52:09.926+0000] {processor.py:154} INFO - Started process (PID=1288) to work on /home/airflow/.local/lib/python3.7/site-packages/airflow/example_dags/example_task_group.py
[2023-10-04T07:52:09.929+0000] {processor.py:756} INFO - Processing file /home/airflow/.local/lib/python3.7/site-packages/airflow/example_dags/example_task_group.py for tasks to queue
[2023-10-04T07:52:09.930+0000] {logging_mixin.py:120} INFO - [2023-10-04T07:52:09.930+0000] {dagbag.py:537} INFO - Filling up the DagBag from /home/airflow/.local/lib/python3.7/site-packages/airflow/example_dags/example_task_group.py
[2023-10-04T07:52:09.947+0000] {processor.py:766} INFO - DAG(s) dict_keys(['example_task_group']) retrieved from /home/airflow/.local/lib/python3.7/site-packages/airflow/example_dags/example_task_group.py
[2023-10-04T07:52:09.988+0000] {logging_mixin.py:120} INFO - [2023-10-04T07:52:09.988+0000] {dag.py:2585} INFO - Sync 1 DAGs
[2023-10-04T07:52:10.011+0000] {logging_mixin.py:120} INFO - [2023-10-04T07:52:10.011+0000] {dag.py:3340} INFO - Setting next_dagrun for example_task_group to 2023-10-03T07:52:10.010940+00:00, run_after=2023-10-04T07:52:10.010940+00:00
[2023-10-04T07:52:10.033+0000] {processor.py:176} INFO - Processing /home/airflow/.local/lib/python3.7/site-packages/airflow/example_dags/example_task_group.py took 0.113 seconds
[2023-10-04T07:52:40.550+0000] {processor.py:154} INFO - Started process (PID=1355) to work on /home/airflow/.local/lib/python3.7/site-packages/airflow/example_dags/example_task_group.py
[2023-10-04T07:52:40.552+0000] {processor.py:756} INFO - Processing file /home/airflow/.local/lib/python3.7/site-packages/airflow/example_dags/example_task_group.py for tasks to queue
[2023-10-04T07:52:40.553+0000] {logging_mixin.py:120} INFO - [2023-10-04T07:52:40.553+0000] {dagbag.py:537} INFO - Filling up the DagBag from /home/airflow/.local/lib/python3.7/site-packages/airflow/example_dags/example_task_group.py
[2023-10-04T07:52:40.568+0000] {processor.py:766} INFO - DAG(s) dict_keys(['example_task_group']) retrieved from /home/airflow/.local/lib/python3.7/site-packages/airflow/example_dags/example_task_group.py
[2023-10-04T07:52:40.603+0000] {logging_mixin.py:120} INFO - [2023-10-04T07:52:40.602+0000] {dag.py:2585} INFO - Sync 1 DAGs
[2023-10-04T07:52:40.624+0000] {logging_mixin.py:120} INFO - [2023-10-04T07:52:40.624+0000] {dag.py:3340} INFO - Setting next_dagrun for example_task_group to 2023-10-03T07:52:40.624313+00:00, run_after=2023-10-04T07:52:40.624313+00:00
[2023-10-04T07:52:40.645+0000] {processor.py:176} INFO - Processing /home/airflow/.local/lib/python3.7/site-packages/airflow/example_dags/example_task_group.py took 0.098 seconds
[2023-10-04T07:53:10.960+0000] {processor.py:154} INFO - Started process (PID=1419) to work on /home/airflow/.local/lib/python3.7/site-packages/airflow/example_dags/example_task_group.py
[2023-10-04T07:53:10.962+0000] {processor.py:756} INFO - Processing file /home/airflow/.local/lib/python3.7/site-packages/airflow/example_dags/example_task_group.py for tasks to queue
[2023-10-04T07:53:10.963+0000] {logging_mixin.py:120} INFO - [2023-10-04T07:53:10.963+0000] {dagbag.py:537} INFO - Filling up the DagBag from /home/airflow/.local/lib/python3.7/site-packages/airflow/example_dags/example_task_group.py
[2023-10-04T07:53:10.978+0000] {processor.py:766} INFO - DAG(s) dict_keys(['example_task_group']) retrieved from /home/airflow/.local/lib/python3.7/site-packages/airflow/example_dags/example_task_group.py
[2023-10-04T07:53:11.023+0000] {logging_mixin.py:120} INFO - [2023-10-04T07:53:11.022+0000] {dag.py:2585} INFO - Sync 1 DAGs
[2023-10-04T07:53:11.050+0000] {logging_mixin.py:120} INFO - [2023-10-04T07:53:11.050+0000] {dag.py:3340} INFO - Setting next_dagrun for example_task_group to 2023-10-03T07:53:11.049765+00:00, run_after=2023-10-04T07:53:11.049765+00:00
[2023-10-04T07:53:11.077+0000] {processor.py:176} INFO - Processing /home/airflow/.local/lib/python3.7/site-packages/airflow/example_dags/example_task_group.py took 0.120 seconds
[2023-10-04T07:53:41.613+0000] {processor.py:154} INFO - Started process (PID=1480) to work on /home/airflow/.local/lib/python3.7/site-packages/airflow/example_dags/example_task_group.py
[2023-10-04T07:53:41.615+0000] {processor.py:756} INFO - Processing file /home/airflow/.local/lib/python3.7/site-packages/airflow/example_dags/example_task_group.py for tasks to queue
[2023-10-04T07:53:41.616+0000] {logging_mixin.py:120} INFO - [2023-10-04T07:53:41.616+0000] {dagbag.py:537} INFO - Filling up the DagBag from /home/airflow/.local/lib/python3.7/site-packages/airflow/example_dags/example_task_group.py
[2023-10-04T07:53:41.630+0000] {processor.py:766} INFO - DAG(s) dict_keys(['example_task_group']) retrieved from /home/airflow/.local/lib/python3.7/site-packages/airflow/example_dags/example_task_group.py
[2023-10-04T07:53:41.669+0000] {logging_mixin.py:120} INFO - [2023-10-04T07:53:41.669+0000] {dag.py:2585} INFO - Sync 1 DAGs
[2023-10-04T07:53:41.696+0000] {logging_mixin.py:120} INFO - [2023-10-04T07:53:41.696+0000] {dag.py:3340} INFO - Setting next_dagrun for example_task_group to 2023-10-03T07:53:41.696231+00:00, run_after=2023-10-04T07:53:41.696231+00:00
[2023-10-04T07:53:41.717+0000] {processor.py:176} INFO - Processing /home/airflow/.local/lib/python3.7/site-packages/airflow/example_dags/example_task_group.py took 0.107 seconds
[2023-10-04T07:54:12.339+0000] {processor.py:154} INFO - Started process (PID=1547) to work on /home/airflow/.local/lib/python3.7/site-packages/airflow/example_dags/example_task_group.py
[2023-10-04T07:54:12.341+0000] {processor.py:756} INFO - Processing file /home/airflow/.local/lib/python3.7/site-packages/airflow/example_dags/example_task_group.py for tasks to queue
[2023-10-04T07:54:12.342+0000] {logging_mixin.py:120} INFO - [2023-10-04T07:54:12.341+0000] {dagbag.py:537} INFO - Filling up the DagBag from /home/airflow/.local/lib/python3.7/site-packages/airflow/example_dags/example_task_group.py
[2023-10-04T07:54:12.358+0000] {processor.py:766} INFO - DAG(s) dict_keys(['example_task_group']) retrieved from /home/airflow/.local/lib/python3.7/site-packages/airflow/example_dags/example_task_group.py
[2023-10-04T07:54:12.403+0000] {logging_mixin.py:120} INFO - [2023-10-04T07:54:12.402+0000] {dag.py:2585} INFO - Sync 1 DAGs
[2023-10-04T07:54:12.427+0000] {logging_mixin.py:120} INFO - [2023-10-04T07:54:12.426+0000] {dag.py:3340} INFO - Setting next_dagrun for example_task_group to 2023-10-03T07:54:12.426538+00:00, run_after=2023-10-04T07:54:12.426538+00:00
[2023-10-04T07:54:12.454+0000] {processor.py:176} INFO - Processing /home/airflow/.local/lib/python3.7/site-packages/airflow/example_dags/example_task_group.py took 0.118 seconds
[2023-10-04T07:54:43.141+0000] {processor.py:154} INFO - Started process (PID=1614) to work on /home/airflow/.local/lib/python3.7/site-packages/airflow/example_dags/example_task_group.py
[2023-10-04T07:54:43.142+0000] {processor.py:756} INFO - Processing file /home/airflow/.local/lib/python3.7/site-packages/airflow/example_dags/example_task_group.py for tasks to queue
[2023-10-04T07:54:43.143+0000] {logging_mixin.py:120} INFO - [2023-10-04T07:54:43.143+0000] {dagbag.py:537} INFO - Filling up the DagBag from /home/airflow/.local/lib/python3.7/site-packages/airflow/example_dags/example_task_group.py
[2023-10-04T07:54:43.158+0000] {processor.py:766} INFO - DAG(s) dict_keys(['example_task_group']) retrieved from /home/airflow/.local/lib/python3.7/site-packages/airflow/example_dags/example_task_group.py
[2023-10-04T07:54:43.196+0000] {logging_mixin.py:120} INFO - [2023-10-04T07:54:43.196+0000] {dag.py:2585} INFO - Sync 1 DAGs
[2023-10-04T07:54:43.218+0000] {logging_mixin.py:120} INFO - [2023-10-04T07:54:43.218+0000] {dag.py:3340} INFO - Setting next_dagrun for example_task_group to 2023-10-03T07:54:43.218251+00:00, run_after=2023-10-04T07:54:43.218251+00:00
[2023-10-04T07:54:43.240+0000] {processor.py:176} INFO - Processing /home/airflow/.local/lib/python3.7/site-packages/airflow/example_dags/example_task_group.py took 0.102 seconds
[2023-10-04T07:55:13.428+0000] {processor.py:154} INFO - Started process (PID=1672) to work on /home/airflow/.local/lib/python3.7/site-packages/airflow/example_dags/example_task_group.py
[2023-10-04T07:55:13.430+0000] {processor.py:756} INFO - Processing file /home/airflow/.local/lib/python3.7/site-packages/airflow/example_dags/example_task_group.py for tasks to queue
[2023-10-04T07:55:13.431+0000] {logging_mixin.py:120} INFO - [2023-10-04T07:55:13.431+0000] {dagbag.py:537} INFO - Filling up the DagBag from /home/airflow/.local/lib/python3.7/site-packages/airflow/example_dags/example_task_group.py
[2023-10-04T07:55:13.447+0000] {processor.py:766} INFO - DAG(s) dict_keys(['example_task_group']) retrieved from /home/airflow/.local/lib/python3.7/site-packages/airflow/example_dags/example_task_group.py
[2023-10-04T07:55:13.485+0000] {logging_mixin.py:120} INFO - [2023-10-04T07:55:13.485+0000] {dag.py:2585} INFO - Sync 1 DAGs
[2023-10-04T07:55:13.512+0000] {logging_mixin.py:120} INFO - [2023-10-04T07:55:13.512+0000] {dag.py:3340} INFO - Setting next_dagrun for example_task_group to 2023-10-03T07:55:13.512006+00:00, run_after=2023-10-04T07:55:13.512006+00:00
[2023-10-04T07:55:13.537+0000] {processor.py:176} INFO - Processing /home/airflow/.local/lib/python3.7/site-packages/airflow/example_dags/example_task_group.py took 0.112 seconds
[2023-10-04T07:55:43.872+0000] {processor.py:154} INFO - Started process (PID=1739) to work on /home/airflow/.local/lib/python3.7/site-packages/airflow/example_dags/example_task_group.py
[2023-10-04T07:55:43.874+0000] {processor.py:756} INFO - Processing file /home/airflow/.local/lib/python3.7/site-packages/airflow/example_dags/example_task_group.py for tasks to queue
[2023-10-04T07:55:43.875+0000] {logging_mixin.py:120} INFO - [2023-10-04T07:55:43.875+0000] {dagbag.py:537} INFO - Filling up the DagBag from /home/airflow/.local/lib/python3.7/site-packages/airflow/example_dags/example_task_group.py
[2023-10-04T07:55:43.891+0000] {processor.py:766} INFO - DAG(s) dict_keys(['example_task_group']) retrieved from /home/airflow/.local/lib/python3.7/site-packages/airflow/example_dags/example_task_group.py
[2023-10-04T07:55:43.931+0000] {logging_mixin.py:120} INFO - [2023-10-04T07:55:43.931+0000] {dag.py:2585} INFO - Sync 1 DAGs
[2023-10-04T07:55:43.959+0000] {logging_mixin.py:120} INFO - [2023-10-04T07:55:43.959+0000] {dag.py:3340} INFO - Setting next_dagrun for example_task_group to 2023-10-03T07:55:43.958852+00:00, run_after=2023-10-04T07:55:43.958852+00:00
[2023-10-04T07:55:43.990+0000] {processor.py:176} INFO - Processing /home/airflow/.local/lib/python3.7/site-packages/airflow/example_dags/example_task_group.py took 0.121 seconds
[2023-10-04T07:56:14.520+0000] {processor.py:154} INFO - Started process (PID=1806) to work on /home/airflow/.local/lib/python3.7/site-packages/airflow/example_dags/example_task_group.py
[2023-10-04T07:56:14.521+0000] {processor.py:756} INFO - Processing file /home/airflow/.local/lib/python3.7/site-packages/airflow/example_dags/example_task_group.py for tasks to queue
[2023-10-04T07:56:14.522+0000] {logging_mixin.py:120} INFO - [2023-10-04T07:56:14.522+0000] {dagbag.py:537} INFO - Filling up the DagBag from /home/airflow/.local/lib/python3.7/site-packages/airflow/example_dags/example_task_group.py
[2023-10-04T07:56:14.536+0000] {processor.py:766} INFO - DAG(s) dict_keys(['example_task_group']) retrieved from /home/airflow/.local/lib/python3.7/site-packages/airflow/example_dags/example_task_group.py
[2023-10-04T07:56:14.570+0000] {logging_mixin.py:120} INFO - [2023-10-04T07:56:14.570+0000] {dag.py:2585} INFO - Sync 1 DAGs
[2023-10-04T07:56:14.592+0000] {logging_mixin.py:120} INFO - [2023-10-04T07:56:14.592+0000] {dag.py:3340} INFO - Setting next_dagrun for example_task_group to 2023-10-03T07:56:14.592217+00:00, run_after=2023-10-04T07:56:14.592217+00:00
[2023-10-04T07:56:14.616+0000] {processor.py:176} INFO - Processing /home/airflow/.local/lib/python3.7/site-packages/airflow/example_dags/example_task_group.py took 0.099 seconds
[2023-10-04T07:56:44.931+0000] {processor.py:154} INFO - Started process (PID=1873) to work on /home/airflow/.local/lib/python3.7/site-packages/airflow/example_dags/example_task_group.py
[2023-10-04T07:56:44.932+0000] {processor.py:756} INFO - Processing file /home/airflow/.local/lib/python3.7/site-packages/airflow/example_dags/example_task_group.py for tasks to queue
[2023-10-04T07:56:44.933+0000] {logging_mixin.py:120} INFO - [2023-10-04T07:56:44.933+0000] {dagbag.py:537} INFO - Filling up the DagBag from /home/airflow/.local/lib/python3.7/site-packages/airflow/example_dags/example_task_group.py
[2023-10-04T07:56:44.947+0000] {processor.py:766} INFO - DAG(s) dict_keys(['example_task_group']) retrieved from /home/airflow/.local/lib/python3.7/site-packages/airflow/example_dags/example_task_group.py
[2023-10-04T07:56:44.980+0000] {logging_mixin.py:120} INFO - [2023-10-04T07:56:44.979+0000] {dag.py:2585} INFO - Sync 1 DAGs
[2023-10-04T07:56:45.001+0000] {logging_mixin.py:120} INFO - [2023-10-04T07:56:45.000+0000] {dag.py:3340} INFO - Setting next_dagrun for example_task_group to 2023-10-03T07:56:45.000765+00:00, run_after=2023-10-04T07:56:45.000765+00:00
[2023-10-04T07:56:45.024+0000] {processor.py:176} INFO - Processing /home/airflow/.local/lib/python3.7/site-packages/airflow/example_dags/example_task_group.py took 0.096 seconds
[2023-10-04T07:57:15.347+0000] {processor.py:154} INFO - Started process (PID=1931) to work on /home/airflow/.local/lib/python3.7/site-packages/airflow/example_dags/example_task_group.py
[2023-10-04T07:57:15.349+0000] {processor.py:756} INFO - Processing file /home/airflow/.local/lib/python3.7/site-packages/airflow/example_dags/example_task_group.py for tasks to queue
[2023-10-04T07:57:15.350+0000] {logging_mixin.py:120} INFO - [2023-10-04T07:57:15.349+0000] {dagbag.py:537} INFO - Filling up the DagBag from /home/airflow/.local/lib/python3.7/site-packages/airflow/example_dags/example_task_group.py
[2023-10-04T07:57:15.363+0000] {processor.py:766} INFO - DAG(s) dict_keys(['example_task_group']) retrieved from /home/airflow/.local/lib/python3.7/site-packages/airflow/example_dags/example_task_group.py
[2023-10-04T07:57:15.401+0000] {logging_mixin.py:120} INFO - [2023-10-04T07:57:15.401+0000] {dag.py:2585} INFO - Sync 1 DAGs
[2023-10-04T07:57:15.423+0000] {logging_mixin.py:120} INFO - [2023-10-04T07:57:15.423+0000] {dag.py:3340} INFO - Setting next_dagrun for example_task_group to 2023-10-03T07:57:15.422922+00:00, run_after=2023-10-04T07:57:15.422922+00:00
[2023-10-04T07:57:15.445+0000] {processor.py:176} INFO - Processing /home/airflow/.local/lib/python3.7/site-packages/airflow/example_dags/example_task_group.py took 0.101 seconds
[2023-10-04T07:57:45.813+0000] {processor.py:154} INFO - Started process (PID=1999) to work on /home/airflow/.local/lib/python3.7/site-packages/airflow/example_dags/example_task_group.py
[2023-10-04T07:57:45.814+0000] {processor.py:756} INFO - Processing file /home/airflow/.local/lib/python3.7/site-packages/airflow/example_dags/example_task_group.py for tasks to queue
[2023-10-04T07:57:45.815+0000] {logging_mixin.py:120} INFO - [2023-10-04T07:57:45.815+0000] {dagbag.py:537} INFO - Filling up the DagBag from /home/airflow/.local/lib/python3.7/site-packages/airflow/example_dags/example_task_group.py
[2023-10-04T07:57:45.829+0000] {processor.py:766} INFO - DAG(s) dict_keys(['example_task_group']) retrieved from /home/airflow/.local/lib/python3.7/site-packages/airflow/example_dags/example_task_group.py
[2023-10-04T07:57:45.864+0000] {logging_mixin.py:120} INFO - [2023-10-04T07:57:45.864+0000] {dag.py:2585} INFO - Sync 1 DAGs
[2023-10-04T07:57:45.887+0000] {logging_mixin.py:120} INFO - [2023-10-04T07:57:45.887+0000] {dag.py:3340} INFO - Setting next_dagrun for example_task_group to 2023-10-03T07:57:45.886877+00:00, run_after=2023-10-04T07:57:45.886877+00:00
[2023-10-04T07:57:45.911+0000] {processor.py:176} INFO - Processing /home/airflow/.local/lib/python3.7/site-packages/airflow/example_dags/example_task_group.py took 0.101 seconds
[2023-10-04T07:58:16.275+0000] {processor.py:154} INFO - Started process (PID=2066) to work on /home/airflow/.local/lib/python3.7/site-packages/airflow/example_dags/example_task_group.py
[2023-10-04T07:58:16.277+0000] {processor.py:756} INFO - Processing file /home/airflow/.local/lib/python3.7/site-packages/airflow/example_dags/example_task_group.py for tasks to queue
[2023-10-04T07:58:16.279+0000] {logging_mixin.py:120} INFO - [2023-10-04T07:58:16.278+0000] {dagbag.py:537} INFO - Filling up the DagBag from /home/airflow/.local/lib/python3.7/site-packages/airflow/example_dags/example_task_group.py
[2023-10-04T07:58:16.293+0000] {processor.py:766} INFO - DAG(s) dict_keys(['example_task_group']) retrieved from /home/airflow/.local/lib/python3.7/site-packages/airflow/example_dags/example_task_group.py
[2023-10-04T07:58:16.327+0000] {logging_mixin.py:120} INFO - [2023-10-04T07:58:16.327+0000] {dag.py:2585} INFO - Sync 1 DAGs
[2023-10-04T07:58:16.348+0000] {logging_mixin.py:120} INFO - [2023-10-04T07:58:16.348+0000] {dag.py:3340} INFO - Setting next_dagrun for example_task_group to 2023-10-03T07:58:16.347971+00:00, run_after=2023-10-04T07:58:16.347971+00:00
[2023-10-04T07:58:16.368+0000] {processor.py:176} INFO - Processing /home/airflow/.local/lib/python3.7/site-packages/airflow/example_dags/example_task_group.py took 0.095 seconds
[2023-10-04T07:58:46.789+0000] {processor.py:154} INFO - Started process (PID=2133) to work on /home/airflow/.local/lib/python3.7/site-packages/airflow/example_dags/example_task_group.py
[2023-10-04T07:58:46.791+0000] {processor.py:756} INFO - Processing file /home/airflow/.local/lib/python3.7/site-packages/airflow/example_dags/example_task_group.py for tasks to queue
[2023-10-04T07:58:46.792+0000] {logging_mixin.py:120} INFO - [2023-10-04T07:58:46.792+0000] {dagbag.py:537} INFO - Filling up the DagBag from /home/airflow/.local/lib/python3.7/site-packages/airflow/example_dags/example_task_group.py
[2023-10-04T07:58:46.806+0000] {processor.py:766} INFO - DAG(s) dict_keys(['example_task_group']) retrieved from /home/airflow/.local/lib/python3.7/site-packages/airflow/example_dags/example_task_group.py
[2023-10-04T07:58:46.845+0000] {logging_mixin.py:120} INFO - [2023-10-04T07:58:46.844+0000] {dag.py:2585} INFO - Sync 1 DAGs
[2023-10-04T07:58:46.873+0000] {logging_mixin.py:120} INFO - [2023-10-04T07:58:46.873+0000] {dag.py:3340} INFO - Setting next_dagrun for example_task_group to 2023-10-03T07:58:46.873575+00:00, run_after=2023-10-04T07:58:46.873575+00:00
[2023-10-04T07:58:46.898+0000] {processor.py:176} INFO - Processing /home/airflow/.local/lib/python3.7/site-packages/airflow/example_dags/example_task_group.py took 0.112 seconds
[2023-10-04T07:59:17.389+0000] {processor.py:154} INFO - Started process (PID=2192) to work on /home/airflow/.local/lib/python3.7/site-packages/airflow/example_dags/example_task_group.py
[2023-10-04T07:59:17.391+0000] {processor.py:756} INFO - Processing file /home/airflow/.local/lib/python3.7/site-packages/airflow/example_dags/example_task_group.py for tasks to queue
[2023-10-04T07:59:17.392+0000] {logging_mixin.py:120} INFO - [2023-10-04T07:59:17.392+0000] {dagbag.py:537} INFO - Filling up the DagBag from /home/airflow/.local/lib/python3.7/site-packages/airflow/example_dags/example_task_group.py
[2023-10-04T07:59:17.408+0000] {processor.py:766} INFO - DAG(s) dict_keys(['example_task_group']) retrieved from /home/airflow/.local/lib/python3.7/site-packages/airflow/example_dags/example_task_group.py
[2023-10-04T07:59:17.447+0000] {logging_mixin.py:120} INFO - [2023-10-04T07:59:17.447+0000] {dag.py:2585} INFO - Sync 1 DAGs
[2023-10-04T07:59:17.468+0000] {logging_mixin.py:120} INFO - [2023-10-04T07:59:17.468+0000] {dag.py:3340} INFO - Setting next_dagrun for example_task_group to 2023-10-03T07:59:17.468208+00:00, run_after=2023-10-04T07:59:17.468208+00:00
[2023-10-04T07:59:17.492+0000] {processor.py:176} INFO - Processing /home/airflow/.local/lib/python3.7/site-packages/airflow/example_dags/example_task_group.py took 0.106 seconds
[2023-10-04T07:59:47.973+0000] {processor.py:154} INFO - Started process (PID=2259) to work on /home/airflow/.local/lib/python3.7/site-packages/airflow/example_dags/example_task_group.py
[2023-10-04T07:59:47.975+0000] {processor.py:756} INFO - Processing file /home/airflow/.local/lib/python3.7/site-packages/airflow/example_dags/example_task_group.py for tasks to queue
[2023-10-04T07:59:47.976+0000] {logging_mixin.py:120} INFO - [2023-10-04T07:59:47.975+0000] {dagbag.py:537} INFO - Filling up the DagBag from /home/airflow/.local/lib/python3.7/site-packages/airflow/example_dags/example_task_group.py
[2023-10-04T07:59:47.990+0000] {processor.py:766} INFO - DAG(s) dict_keys(['example_task_group']) retrieved from /home/airflow/.local/lib/python3.7/site-packages/airflow/example_dags/example_task_group.py
[2023-10-04T07:59:48.027+0000] {logging_mixin.py:120} INFO - [2023-10-04T07:59:48.027+0000] {dag.py:2585} INFO - Sync 1 DAGs
[2023-10-04T07:59:48.050+0000] {logging_mixin.py:120} INFO - [2023-10-04T07:59:48.050+0000] {dag.py:3340} INFO - Setting next_dagrun for example_task_group to 2023-10-03T07:59:48.049837+00:00, run_after=2023-10-04T07:59:48.049837+00:00
[2023-10-04T07:59:48.072+0000] {processor.py:176} INFO - Processing /home/airflow/.local/lib/python3.7/site-packages/airflow/example_dags/example_task_group.py took 0.101 seconds
[2023-10-04T08:00:18.782+0000] {processor.py:154} INFO - Started process (PID=2326) to work on /home/airflow/.local/lib/python3.7/site-packages/airflow/example_dags/example_task_group.py
[2023-10-04T08:00:18.783+0000] {processor.py:756} INFO - Processing file /home/airflow/.local/lib/python3.7/site-packages/airflow/example_dags/example_task_group.py for tasks to queue
[2023-10-04T08:00:18.785+0000] {logging_mixin.py:120} INFO - [2023-10-04T08:00:18.785+0000] {dagbag.py:537} INFO - Filling up the DagBag from /home/airflow/.local/lib/python3.7/site-packages/airflow/example_dags/example_task_group.py
[2023-10-04T08:00:18.799+0000] {processor.py:766} INFO - DAG(s) dict_keys(['example_task_group']) retrieved from /home/airflow/.local/lib/python3.7/site-packages/airflow/example_dags/example_task_group.py
[2023-10-04T08:00:18.836+0000] {logging_mixin.py:120} INFO - [2023-10-04T08:00:18.836+0000] {dag.py:2585} INFO - Sync 1 DAGs
[2023-10-04T08:00:18.859+0000] {logging_mixin.py:120} INFO - [2023-10-04T08:00:18.859+0000] {dag.py:3340} INFO - Setting next_dagrun for example_task_group to 2023-10-03T08:00:18.859294+00:00, run_after=2023-10-04T08:00:18.859294+00:00
[2023-10-04T08:00:18.882+0000] {processor.py:176} INFO - Processing /home/airflow/.local/lib/python3.7/site-packages/airflow/example_dags/example_task_group.py took 0.103 seconds
[2023-10-04T08:00:49.599+0000] {processor.py:154} INFO - Started process (PID=2392) to work on /home/airflow/.local/lib/python3.7/site-packages/airflow/example_dags/example_task_group.py
[2023-10-04T08:00:49.600+0000] {processor.py:756} INFO - Processing file /home/airflow/.local/lib/python3.7/site-packages/airflow/example_dags/example_task_group.py for tasks to queue
[2023-10-04T08:00:49.602+0000] {logging_mixin.py:120} INFO - [2023-10-04T08:00:49.602+0000] {dagbag.py:537} INFO - Filling up the DagBag from /home/airflow/.local/lib/python3.7/site-packages/airflow/example_dags/example_task_group.py
[2023-10-04T08:00:49.620+0000] {processor.py:766} INFO - DAG(s) dict_keys(['example_task_group']) retrieved from /home/airflow/.local/lib/python3.7/site-packages/airflow/example_dags/example_task_group.py
[2023-10-04T08:00:49.670+0000] {logging_mixin.py:120} INFO - [2023-10-04T08:00:49.670+0000] {dag.py:2585} INFO - Sync 1 DAGs
[2023-10-04T08:00:49.699+0000] {logging_mixin.py:120} INFO - [2023-10-04T08:00:49.698+0000] {dag.py:3340} INFO - Setting next_dagrun for example_task_group to 2023-10-03T08:00:49.698672+00:00, run_after=2023-10-04T08:00:49.698672+00:00
[2023-10-04T08:00:49.727+0000] {processor.py:176} INFO - Processing /home/airflow/.local/lib/python3.7/site-packages/airflow/example_dags/example_task_group.py took 0.130 seconds
[2023-10-04T08:01:19.972+0000] {processor.py:154} INFO - Started process (PID=2452) to work on /home/airflow/.local/lib/python3.7/site-packages/airflow/example_dags/example_task_group.py
[2023-10-04T08:01:19.974+0000] {processor.py:756} INFO - Processing file /home/airflow/.local/lib/python3.7/site-packages/airflow/example_dags/example_task_group.py for tasks to queue
[2023-10-04T08:01:19.975+0000] {logging_mixin.py:120} INFO - [2023-10-04T08:01:19.975+0000] {dagbag.py:537} INFO - Filling up the DagBag from /home/airflow/.local/lib/python3.7/site-packages/airflow/example_dags/example_task_group.py
[2023-10-04T08:01:19.989+0000] {processor.py:766} INFO - DAG(s) dict_keys(['example_task_group']) retrieved from /home/airflow/.local/lib/python3.7/site-packages/airflow/example_dags/example_task_group.py
[2023-10-04T08:01:20.024+0000] {logging_mixin.py:120} INFO - [2023-10-04T08:01:20.024+0000] {dag.py:2585} INFO - Sync 1 DAGs
[2023-10-04T08:01:20.046+0000] {logging_mixin.py:120} INFO - [2023-10-04T08:01:20.046+0000] {dag.py:3340} INFO - Setting next_dagrun for example_task_group to 2023-10-03T08:01:20.046232+00:00, run_after=2023-10-04T08:01:20.046232+00:00
[2023-10-04T08:01:20.069+0000] {processor.py:176} INFO - Processing /home/airflow/.local/lib/python3.7/site-packages/airflow/example_dags/example_task_group.py took 0.100 seconds
[2023-10-04T08:01:50.439+0000] {processor.py:154} INFO - Started process (PID=2519) to work on /home/airflow/.local/lib/python3.7/site-packages/airflow/example_dags/example_task_group.py
[2023-10-04T08:01:50.441+0000] {processor.py:756} INFO - Processing file /home/airflow/.local/lib/python3.7/site-packages/airflow/example_dags/example_task_group.py for tasks to queue
[2023-10-04T08:01:50.442+0000] {logging_mixin.py:120} INFO - [2023-10-04T08:01:50.442+0000] {dagbag.py:537} INFO - Filling up the DagBag from /home/airflow/.local/lib/python3.7/site-packages/airflow/example_dags/example_task_group.py
[2023-10-04T08:01:50.455+0000] {processor.py:766} INFO - DAG(s) dict_keys(['example_task_group']) retrieved from /home/airflow/.local/lib/python3.7/site-packages/airflow/example_dags/example_task_group.py
[2023-10-04T08:01:50.489+0000] {logging_mixin.py:120} INFO - [2023-10-04T08:01:50.489+0000] {dag.py:2585} INFO - Sync 1 DAGs
[2023-10-04T08:01:50.513+0000] {logging_mixin.py:120} INFO - [2023-10-04T08:01:50.513+0000] {dag.py:3340} INFO - Setting next_dagrun for example_task_group to 2023-10-03T08:01:50.513291+00:00, run_after=2023-10-04T08:01:50.513291+00:00
[2023-10-04T08:01:50.541+0000] {processor.py:176} INFO - Processing /home/airflow/.local/lib/python3.7/site-packages/airflow/example_dags/example_task_group.py took 0.105 seconds
[2023-10-04T08:02:21.020+0000] {processor.py:154} INFO - Started process (PID=2587) to work on /home/airflow/.local/lib/python3.7/site-packages/airflow/example_dags/example_task_group.py
[2023-10-04T08:02:21.021+0000] {processor.py:756} INFO - Processing file /home/airflow/.local/lib/python3.7/site-packages/airflow/example_dags/example_task_group.py for tasks to queue
[2023-10-04T08:02:21.022+0000] {logging_mixin.py:120} INFO - [2023-10-04T08:02:21.022+0000] {dagbag.py:537} INFO - Filling up the DagBag from /home/airflow/.local/lib/python3.7/site-packages/airflow/example_dags/example_task_group.py
[2023-10-04T08:02:21.036+0000] {processor.py:766} INFO - DAG(s) dict_keys(['example_task_group']) retrieved from /home/airflow/.local/lib/python3.7/site-packages/airflow/example_dags/example_task_group.py
[2023-10-04T08:02:21.076+0000] {logging_mixin.py:120} INFO - [2023-10-04T08:02:21.076+0000] {dag.py:2585} INFO - Sync 1 DAGs
[2023-10-04T08:02:21.100+0000] {logging_mixin.py:120} INFO - [2023-10-04T08:02:21.100+0000] {dag.py:3340} INFO - Setting next_dagrun for example_task_group to 2023-10-03T08:02:21.099915+00:00, run_after=2023-10-04T08:02:21.099915+00:00
[2023-10-04T08:02:21.127+0000] {processor.py:176} INFO - Processing /home/airflow/.local/lib/python3.7/site-packages/airflow/example_dags/example_task_group.py took 0.110 seconds
[2023-10-04T08:02:51.389+0000] {processor.py:154} INFO - Started process (PID=2645) to work on /home/airflow/.local/lib/python3.7/site-packages/airflow/example_dags/example_task_group.py
[2023-10-04T08:02:51.390+0000] {processor.py:756} INFO - Processing file /home/airflow/.local/lib/python3.7/site-packages/airflow/example_dags/example_task_group.py for tasks to queue
[2023-10-04T08:02:51.391+0000] {logging_mixin.py:120} INFO - [2023-10-04T08:02:51.391+0000] {dagbag.py:537} INFO - Filling up the DagBag from /home/airflow/.local/lib/python3.7/site-packages/airflow/example_dags/example_task_group.py
[2023-10-04T08:02:51.407+0000] {processor.py:766} INFO - DAG(s) dict_keys(['example_task_group']) retrieved from /home/airflow/.local/lib/python3.7/site-packages/airflow/example_dags/example_task_group.py
[2023-10-04T08:02:51.441+0000] {logging_mixin.py:120} INFO - [2023-10-04T08:02:51.440+0000] {dag.py:2585} INFO - Sync 1 DAGs
[2023-10-04T08:02:51.463+0000] {logging_mixin.py:120} INFO - [2023-10-04T08:02:51.463+0000] {dag.py:3340} INFO - Setting next_dagrun for example_task_group to 2023-10-03T08:02:51.463481+00:00, run_after=2023-10-04T08:02:51.463481+00:00
[2023-10-04T08:02:51.483+0000] {processor.py:176} INFO - Processing /home/airflow/.local/lib/python3.7/site-packages/airflow/example_dags/example_task_group.py took 0.099 seconds
[2023-10-04T08:03:21.969+0000] {processor.py:154} INFO - Started process (PID=2712) to work on /home/airflow/.local/lib/python3.7/site-packages/airflow/example_dags/example_task_group.py
[2023-10-04T08:03:21.971+0000] {processor.py:756} INFO - Processing file /home/airflow/.local/lib/python3.7/site-packages/airflow/example_dags/example_task_group.py for tasks to queue
[2023-10-04T08:03:21.972+0000] {logging_mixin.py:120} INFO - [2023-10-04T08:03:21.972+0000] {dagbag.py:537} INFO - Filling up the DagBag from /home/airflow/.local/lib/python3.7/site-packages/airflow/example_dags/example_task_group.py
[2023-10-04T08:03:21.987+0000] {processor.py:766} INFO - DAG(s) dict_keys(['example_task_group']) retrieved from /home/airflow/.local/lib/python3.7/site-packages/airflow/example_dags/example_task_group.py
[2023-10-04T08:03:22.026+0000] {logging_mixin.py:120} INFO - [2023-10-04T08:03:22.026+0000] {dag.py:2585} INFO - Sync 1 DAGs
[2023-10-04T08:03:22.051+0000] {logging_mixin.py:120} INFO - [2023-10-04T08:03:22.051+0000] {dag.py:3340} INFO - Setting next_dagrun for example_task_group to 2023-10-03T08:03:22.050829+00:00, run_after=2023-10-04T08:03:22.050829+00:00
[2023-10-04T08:03:22.079+0000] {processor.py:176} INFO - Processing /home/airflow/.local/lib/python3.7/site-packages/airflow/example_dags/example_task_group.py took 0.112 seconds
[2023-10-04T08:03:52.294+0000] {processor.py:154} INFO - Started process (PID=2779) to work on /home/airflow/.local/lib/python3.7/site-packages/airflow/example_dags/example_task_group.py
[2023-10-04T08:03:52.296+0000] {processor.py:756} INFO - Processing file /home/airflow/.local/lib/python3.7/site-packages/airflow/example_dags/example_task_group.py for tasks to queue
[2023-10-04T08:03:52.297+0000] {logging_mixin.py:120} INFO - [2023-10-04T08:03:52.297+0000] {dagbag.py:537} INFO - Filling up the DagBag from /home/airflow/.local/lib/python3.7/site-packages/airflow/example_dags/example_task_group.py
[2023-10-04T08:03:52.311+0000] {processor.py:766} INFO - DAG(s) dict_keys(['example_task_group']) retrieved from /home/airflow/.local/lib/python3.7/site-packages/airflow/example_dags/example_task_group.py
[2023-10-04T08:03:52.344+0000] {logging_mixin.py:120} INFO - [2023-10-04T08:03:52.344+0000] {dag.py:2585} INFO - Sync 1 DAGs
[2023-10-04T08:03:52.367+0000] {logging_mixin.py:120} INFO - [2023-10-04T08:03:52.366+0000] {dag.py:3340} INFO - Setting next_dagrun for example_task_group to 2023-10-03T08:03:52.366763+00:00, run_after=2023-10-04T08:03:52.366763+00:00
[2023-10-04T08:03:52.389+0000] {processor.py:176} INFO - Processing /home/airflow/.local/lib/python3.7/site-packages/airflow/example_dags/example_task_group.py took 0.098 seconds
[2023-10-04T08:04:22.654+0000] {processor.py:154} INFO - Started process (PID=2846) to work on /home/airflow/.local/lib/python3.7/site-packages/airflow/example_dags/example_task_group.py
[2023-10-04T08:04:22.655+0000] {processor.py:756} INFO - Processing file /home/airflow/.local/lib/python3.7/site-packages/airflow/example_dags/example_task_group.py for tasks to queue
[2023-10-04T08:04:22.657+0000] {logging_mixin.py:120} INFO - [2023-10-04T08:04:22.656+0000] {dagbag.py:537} INFO - Filling up the DagBag from /home/airflow/.local/lib/python3.7/site-packages/airflow/example_dags/example_task_group.py
[2023-10-04T08:04:22.672+0000] {processor.py:766} INFO - DAG(s) dict_keys(['example_task_group']) retrieved from /home/airflow/.local/lib/python3.7/site-packages/airflow/example_dags/example_task_group.py
[2023-10-04T08:04:22.712+0000] {logging_mixin.py:120} INFO - [2023-10-04T08:04:22.712+0000] {dag.py:2585} INFO - Sync 1 DAGs
[2023-10-04T08:04:22.736+0000] {logging_mixin.py:120} INFO - [2023-10-04T08:04:22.736+0000] {dag.py:3340} INFO - Setting next_dagrun for example_task_group to 2023-10-03T08:04:22.735813+00:00, run_after=2023-10-04T08:04:22.735813+00:00
[2023-10-04T08:04:22.761+0000] {processor.py:176} INFO - Processing /home/airflow/.local/lib/python3.7/site-packages/airflow/example_dags/example_task_group.py took 0.110 seconds
[2023-10-04T08:04:53.147+0000] {processor.py:154} INFO - Started process (PID=2904) to work on /home/airflow/.local/lib/python3.7/site-packages/airflow/example_dags/example_task_group.py
[2023-10-04T08:04:53.149+0000] {processor.py:756} INFO - Processing file /home/airflow/.local/lib/python3.7/site-packages/airflow/example_dags/example_task_group.py for tasks to queue
[2023-10-04T08:04:53.150+0000] {logging_mixin.py:120} INFO - [2023-10-04T08:04:53.150+0000] {dagbag.py:537} INFO - Filling up the DagBag from /home/airflow/.local/lib/python3.7/site-packages/airflow/example_dags/example_task_group.py
[2023-10-04T08:04:53.165+0000] {processor.py:766} INFO - DAG(s) dict_keys(['example_task_group']) retrieved from /home/airflow/.local/lib/python3.7/site-packages/airflow/example_dags/example_task_group.py
[2023-10-04T08:04:53.207+0000] {logging_mixin.py:120} INFO - [2023-10-04T08:04:53.206+0000] {dag.py:2585} INFO - Sync 1 DAGs
[2023-10-04T08:04:53.234+0000] {logging_mixin.py:120} INFO - [2023-10-04T08:04:53.234+0000] {dag.py:3340} INFO - Setting next_dagrun for example_task_group to 2023-10-03T08:04:53.234135+00:00, run_after=2023-10-04T08:04:53.234135+00:00
[2023-10-04T08:04:53.261+0000] {processor.py:176} INFO - Processing /home/airflow/.local/lib/python3.7/site-packages/airflow/example_dags/example_task_group.py took 0.118 seconds
[2023-10-04T08:05:24.176+0000] {processor.py:154} INFO - Started process (PID=2971) to work on /home/airflow/.local/lib/python3.7/site-packages/airflow/example_dags/example_task_group.py
[2023-10-04T08:05:24.178+0000] {processor.py:756} INFO - Processing file /home/airflow/.local/lib/python3.7/site-packages/airflow/example_dags/example_task_group.py for tasks to queue
[2023-10-04T08:05:24.179+0000] {logging_mixin.py:120} INFO - [2023-10-04T08:05:24.179+0000] {dagbag.py:537} INFO - Filling up the DagBag from /home/airflow/.local/lib/python3.7/site-packages/airflow/example_dags/example_task_group.py
[2023-10-04T08:05:24.196+0000] {processor.py:766} INFO - DAG(s) dict_keys(['example_task_group']) retrieved from /home/airflow/.local/lib/python3.7/site-packages/airflow/example_dags/example_task_group.py
[2023-10-04T08:05:24.233+0000] {logging_mixin.py:120} INFO - [2023-10-04T08:05:24.233+0000] {dag.py:2585} INFO - Sync 1 DAGs
[2023-10-04T08:05:24.256+0000] {logging_mixin.py:120} INFO - [2023-10-04T08:05:24.255+0000] {dag.py:3340} INFO - Setting next_dagrun for example_task_group to 2023-10-03T08:05:24.255653+00:00, run_after=2023-10-04T08:05:24.255653+00:00
[2023-10-04T08:05:24.278+0000] {processor.py:176} INFO - Processing /home/airflow/.local/lib/python3.7/site-packages/airflow/example_dags/example_task_group.py took 0.105 seconds
[2023-10-04T08:05:54.858+0000] {processor.py:154} INFO - Started process (PID=3038) to work on /home/airflow/.local/lib/python3.7/site-packages/airflow/example_dags/example_task_group.py
[2023-10-04T08:05:54.860+0000] {processor.py:756} INFO - Processing file /home/airflow/.local/lib/python3.7/site-packages/airflow/example_dags/example_task_group.py for tasks to queue
[2023-10-04T08:05:54.861+0000] {logging_mixin.py:120} INFO - [2023-10-04T08:05:54.861+0000] {dagbag.py:537} INFO - Filling up the DagBag from /home/airflow/.local/lib/python3.7/site-packages/airflow/example_dags/example_task_group.py
[2023-10-04T08:05:54.874+0000] {processor.py:766} INFO - DAG(s) dict_keys(['example_task_group']) retrieved from /home/airflow/.local/lib/python3.7/site-packages/airflow/example_dags/example_task_group.py
[2023-10-04T08:05:54.910+0000] {logging_mixin.py:120} INFO - [2023-10-04T08:05:54.910+0000] {dag.py:2585} INFO - Sync 1 DAGs
[2023-10-04T08:05:54.932+0000] {logging_mixin.py:120} INFO - [2023-10-04T08:05:54.932+0000] {dag.py:3340} INFO - Setting next_dagrun for example_task_group to 2023-10-03T08:05:54.932339+00:00, run_after=2023-10-04T08:05:54.932339+00:00
[2023-10-04T08:05:54.954+0000] {processor.py:176} INFO - Processing /home/airflow/.local/lib/python3.7/site-packages/airflow/example_dags/example_task_group.py took 0.099 seconds
[2023-10-04T08:06:25.348+0000] {processor.py:154} INFO - Started process (PID=3096) to work on /home/airflow/.local/lib/python3.7/site-packages/airflow/example_dags/example_task_group.py
[2023-10-04T08:06:25.349+0000] {processor.py:756} INFO - Processing file /home/airflow/.local/lib/python3.7/site-packages/airflow/example_dags/example_task_group.py for tasks to queue
[2023-10-04T08:06:25.350+0000] {logging_mixin.py:120} INFO - [2023-10-04T08:06:25.350+0000] {dagbag.py:537} INFO - Filling up the DagBag from /home/airflow/.local/lib/python3.7/site-packages/airflow/example_dags/example_task_group.py
[2023-10-04T08:06:25.365+0000] {processor.py:766} INFO - DAG(s) dict_keys(['example_task_group']) retrieved from /home/airflow/.local/lib/python3.7/site-packages/airflow/example_dags/example_task_group.py
[2023-10-04T08:06:25.403+0000] {logging_mixin.py:120} INFO - [2023-10-04T08:06:25.403+0000] {dag.py:2585} INFO - Sync 1 DAGs
[2023-10-04T08:06:25.432+0000] {logging_mixin.py:120} INFO - [2023-10-04T08:06:25.431+0000] {dag.py:3340} INFO - Setting next_dagrun for example_task_group to 2023-10-03T08:06:25.431759+00:00, run_after=2023-10-04T08:06:25.431759+00:00
[2023-10-04T08:06:25.455+0000] {processor.py:176} INFO - Processing /home/airflow/.local/lib/python3.7/site-packages/airflow/example_dags/example_task_group.py took 0.110 seconds
[2023-10-04T08:06:55.927+0000] {processor.py:154} INFO - Started process (PID=3163) to work on /home/airflow/.local/lib/python3.7/site-packages/airflow/example_dags/example_task_group.py
[2023-10-04T08:06:55.928+0000] {processor.py:756} INFO - Processing file /home/airflow/.local/lib/python3.7/site-packages/airflow/example_dags/example_task_group.py for tasks to queue
[2023-10-04T08:06:55.929+0000] {logging_mixin.py:120} INFO - [2023-10-04T08:06:55.929+0000] {dagbag.py:537} INFO - Filling up the DagBag from /home/airflow/.local/lib/python3.7/site-packages/airflow/example_dags/example_task_group.py
[2023-10-04T08:06:55.945+0000] {processor.py:766} INFO - DAG(s) dict_keys(['example_task_group']) retrieved from /home/airflow/.local/lib/python3.7/site-packages/airflow/example_dags/example_task_group.py
[2023-10-04T08:06:55.983+0000] {logging_mixin.py:120} INFO - [2023-10-04T08:06:55.983+0000] {dag.py:2585} INFO - Sync 1 DAGs
[2023-10-04T08:06:56.008+0000] {logging_mixin.py:120} INFO - [2023-10-04T08:06:56.008+0000] {dag.py:3340} INFO - Setting next_dagrun for example_task_group to 2023-10-03T08:06:56.007801+00:00, run_after=2023-10-04T08:06:56.007801+00:00
[2023-10-04T08:06:56.029+0000] {processor.py:176} INFO - Processing /home/airflow/.local/lib/python3.7/site-packages/airflow/example_dags/example_task_group.py took 0.106 seconds
[2023-10-04T08:07:26.717+0000] {processor.py:154} INFO - Started process (PID=3230) to work on /home/airflow/.local/lib/python3.7/site-packages/airflow/example_dags/example_task_group.py
[2023-10-04T08:07:26.718+0000] {processor.py:756} INFO - Processing file /home/airflow/.local/lib/python3.7/site-packages/airflow/example_dags/example_task_group.py for tasks to queue
[2023-10-04T08:07:26.719+0000] {logging_mixin.py:120} INFO - [2023-10-04T08:07:26.719+0000] {dagbag.py:537} INFO - Filling up the DagBag from /home/airflow/.local/lib/python3.7/site-packages/airflow/example_dags/example_task_group.py
[2023-10-04T08:07:26.733+0000] {processor.py:766} INFO - DAG(s) dict_keys(['example_task_group']) retrieved from /home/airflow/.local/lib/python3.7/site-packages/airflow/example_dags/example_task_group.py
[2023-10-04T08:07:26.765+0000] {logging_mixin.py:120} INFO - [2023-10-04T08:07:26.765+0000] {dag.py:2585} INFO - Sync 1 DAGs
[2023-10-04T08:07:26.787+0000] {logging_mixin.py:120} INFO - [2023-10-04T08:07:26.787+0000] {dag.py:3340} INFO - Setting next_dagrun for example_task_group to 2023-10-03T08:07:26.787271+00:00, run_after=2023-10-04T08:07:26.787271+00:00
[2023-10-04T08:07:26.811+0000] {processor.py:176} INFO - Processing /home/airflow/.local/lib/python3.7/site-packages/airflow/example_dags/example_task_group.py took 0.097 seconds
[2023-10-04T08:07:56.940+0000] {processor.py:154} INFO - Started process (PID=3297) to work on /home/airflow/.local/lib/python3.7/site-packages/airflow/example_dags/example_task_group.py
[2023-10-04T08:07:56.941+0000] {processor.py:756} INFO - Processing file /home/airflow/.local/lib/python3.7/site-packages/airflow/example_dags/example_task_group.py for tasks to queue
[2023-10-04T08:07:56.942+0000] {logging_mixin.py:120} INFO - [2023-10-04T08:07:56.942+0000] {dagbag.py:537} INFO - Filling up the DagBag from /home/airflow/.local/lib/python3.7/site-packages/airflow/example_dags/example_task_group.py
[2023-10-04T08:07:56.956+0000] {processor.py:766} INFO - DAG(s) dict_keys(['example_task_group']) retrieved from /home/airflow/.local/lib/python3.7/site-packages/airflow/example_dags/example_task_group.py
[2023-10-04T08:07:56.991+0000] {logging_mixin.py:120} INFO - [2023-10-04T08:07:56.991+0000] {dag.py:2585} INFO - Sync 1 DAGs
[2023-10-04T08:07:57.015+0000] {logging_mixin.py:120} INFO - [2023-10-04T08:07:57.015+0000] {dag.py:3340} INFO - Setting next_dagrun for example_task_group to 2023-10-03T08:07:57.014917+00:00, run_after=2023-10-04T08:07:57.014917+00:00
[2023-10-04T08:07:57.035+0000] {processor.py:176} INFO - Processing /home/airflow/.local/lib/python3.7/site-packages/airflow/example_dags/example_task_group.py took 0.098 seconds
[2023-10-04T08:08:27.169+0000] {processor.py:154} INFO - Started process (PID=3355) to work on /home/airflow/.local/lib/python3.7/site-packages/airflow/example_dags/example_task_group.py
[2023-10-04T08:08:27.171+0000] {processor.py:756} INFO - Processing file /home/airflow/.local/lib/python3.7/site-packages/airflow/example_dags/example_task_group.py for tasks to queue
[2023-10-04T08:08:27.173+0000] {logging_mixin.py:120} INFO - [2023-10-04T08:08:27.172+0000] {dagbag.py:537} INFO - Filling up the DagBag from /home/airflow/.local/lib/python3.7/site-packages/airflow/example_dags/example_task_group.py
[2023-10-04T08:08:27.190+0000] {processor.py:766} INFO - DAG(s) dict_keys(['example_task_group']) retrieved from /home/airflow/.local/lib/python3.7/site-packages/airflow/example_dags/example_task_group.py
[2023-10-04T08:08:27.231+0000] {logging_mixin.py:120} INFO - [2023-10-04T08:08:27.231+0000] {dag.py:2585} INFO - Sync 1 DAGs
[2023-10-04T08:08:27.256+0000] {logging_mixin.py:120} INFO - [2023-10-04T08:08:27.256+0000] {dag.py:3340} INFO - Setting next_dagrun for example_task_group to 2023-10-03T08:08:27.255693+00:00, run_after=2023-10-04T08:08:27.255693+00:00
[2023-10-04T08:08:27.280+0000] {processor.py:176} INFO - Processing /home/airflow/.local/lib/python3.7/site-packages/airflow/example_dags/example_task_group.py took 0.114 seconds
[2023-10-04T08:08:57.461+0000] {processor.py:154} INFO - Started process (PID=3423) to work on /home/airflow/.local/lib/python3.7/site-packages/airflow/example_dags/example_task_group.py
[2023-10-04T08:08:57.463+0000] {processor.py:756} INFO - Processing file /home/airflow/.local/lib/python3.7/site-packages/airflow/example_dags/example_task_group.py for tasks to queue
[2023-10-04T08:08:57.464+0000] {logging_mixin.py:120} INFO - [2023-10-04T08:08:57.464+0000] {dagbag.py:537} INFO - Filling up the DagBag from /home/airflow/.local/lib/python3.7/site-packages/airflow/example_dags/example_task_group.py
[2023-10-04T08:08:57.477+0000] {processor.py:766} INFO - DAG(s) dict_keys(['example_task_group']) retrieved from /home/airflow/.local/lib/python3.7/site-packages/airflow/example_dags/example_task_group.py
[2023-10-04T08:08:57.511+0000] {logging_mixin.py:120} INFO - [2023-10-04T08:08:57.510+0000] {dag.py:2585} INFO - Sync 1 DAGs
[2023-10-04T08:08:57.531+0000] {logging_mixin.py:120} INFO - [2023-10-04T08:08:57.531+0000] {dag.py:3340} INFO - Setting next_dagrun for example_task_group to 2023-10-03T08:08:57.530857+00:00, run_after=2023-10-04T08:08:57.530857+00:00
[2023-10-04T08:08:57.552+0000] {processor.py:176} INFO - Processing /home/airflow/.local/lib/python3.7/site-packages/airflow/example_dags/example_task_group.py took 0.094 seconds
[2023-10-04T08:09:27.776+0000] {processor.py:154} INFO - Started process (PID=3490) to work on /home/airflow/.local/lib/python3.7/site-packages/airflow/example_dags/example_task_group.py
[2023-10-04T08:09:27.777+0000] {processor.py:756} INFO - Processing file /home/airflow/.local/lib/python3.7/site-packages/airflow/example_dags/example_task_group.py for tasks to queue
[2023-10-04T08:09:27.778+0000] {logging_mixin.py:120} INFO - [2023-10-04T08:09:27.778+0000] {dagbag.py:537} INFO - Filling up the DagBag from /home/airflow/.local/lib/python3.7/site-packages/airflow/example_dags/example_task_group.py
[2023-10-04T08:09:27.792+0000] {processor.py:766} INFO - DAG(s) dict_keys(['example_task_group']) retrieved from /home/airflow/.local/lib/python3.7/site-packages/airflow/example_dags/example_task_group.py
[2023-10-04T08:09:27.829+0000] {logging_mixin.py:120} INFO - [2023-10-04T08:09:27.829+0000] {dag.py:2585} INFO - Sync 1 DAGs
[2023-10-04T08:09:27.852+0000] {logging_mixin.py:120} INFO - [2023-10-04T08:09:27.852+0000] {dag.py:3340} INFO - Setting next_dagrun for example_task_group to 2023-10-03T08:09:27.852259+00:00, run_after=2023-10-04T08:09:27.852259+00:00
[2023-10-04T08:09:27.871+0000] {processor.py:176} INFO - Processing /home/airflow/.local/lib/python3.7/site-packages/airflow/example_dags/example_task_group.py took 0.098 seconds
[2023-10-04T08:09:58.292+0000] {processor.py:154} INFO - Started process (PID=3557) to work on /home/airflow/.local/lib/python3.7/site-packages/airflow/example_dags/example_task_group.py
[2023-10-04T08:09:58.294+0000] {processor.py:756} INFO - Processing file /home/airflow/.local/lib/python3.7/site-packages/airflow/example_dags/example_task_group.py for tasks to queue
[2023-10-04T08:09:58.295+0000] {logging_mixin.py:120} INFO - [2023-10-04T08:09:58.295+0000] {dagbag.py:537} INFO - Filling up the DagBag from /home/airflow/.local/lib/python3.7/site-packages/airflow/example_dags/example_task_group.py
[2023-10-04T08:09:58.313+0000] {processor.py:766} INFO - DAG(s) dict_keys(['example_task_group']) retrieved from /home/airflow/.local/lib/python3.7/site-packages/airflow/example_dags/example_task_group.py
[2023-10-04T08:09:58.360+0000] {logging_mixin.py:120} INFO - [2023-10-04T08:09:58.359+0000] {dag.py:2585} INFO - Sync 1 DAGs
[2023-10-04T08:09:58.389+0000] {logging_mixin.py:120} INFO - [2023-10-04T08:09:58.388+0000] {dag.py:3340} INFO - Setting next_dagrun for example_task_group to 2023-10-03T08:09:58.388607+00:00, run_after=2023-10-04T08:09:58.388607+00:00
[2023-10-04T08:09:58.416+0000] {processor.py:176} INFO - Processing /home/airflow/.local/lib/python3.7/site-packages/airflow/example_dags/example_task_group.py took 0.127 seconds
[2023-10-04T08:11:39.079+0000] {processor.py:154} INFO - Started process (PID=71) to work on /home/airflow/.local/lib/python3.7/site-packages/airflow/example_dags/example_task_group.py
[2023-10-04T08:11:39.082+0000] {processor.py:756} INFO - Processing file /home/airflow/.local/lib/python3.7/site-packages/airflow/example_dags/example_task_group.py for tasks to queue
[2023-10-04T08:11:39.085+0000] {logging_mixin.py:120} INFO - [2023-10-04T08:11:39.085+0000] {dagbag.py:537} INFO - Filling up the DagBag from /home/airflow/.local/lib/python3.7/site-packages/airflow/example_dags/example_task_group.py
[2023-10-04T08:11:39.159+0000] {processor.py:766} INFO - DAG(s) dict_keys(['example_task_group']) retrieved from /home/airflow/.local/lib/python3.7/site-packages/airflow/example_dags/example_task_group.py
[2023-10-04T08:11:39.289+0000] {logging_mixin.py:120} INFO - [2023-10-04T08:11:39.288+0000] {dag.py:2585} INFO - Sync 1 DAGs
[2023-10-04T08:11:39.359+0000] {logging_mixin.py:120} INFO - [2023-10-04T08:11:39.359+0000] {dag.py:3340} INFO - Setting next_dagrun for example_task_group to 2023-10-03T08:11:39.358708+00:00, run_after=2023-10-04T08:11:39.358708+00:00
[2023-10-04T08:11:39.434+0000] {processor.py:176} INFO - Processing /home/airflow/.local/lib/python3.7/site-packages/airflow/example_dags/example_task_group.py took 0.371 seconds
[2023-10-04T08:12:09.615+0000] {processor.py:154} INFO - Started process (PID=132) to work on /home/airflow/.local/lib/python3.7/site-packages/airflow/example_dags/example_task_group.py
[2023-10-04T08:12:09.616+0000] {processor.py:756} INFO - Processing file /home/airflow/.local/lib/python3.7/site-packages/airflow/example_dags/example_task_group.py for tasks to queue
[2023-10-04T08:12:09.618+0000] {logging_mixin.py:120} INFO - [2023-10-04T08:12:09.618+0000] {dagbag.py:537} INFO - Filling up the DagBag from /home/airflow/.local/lib/python3.7/site-packages/airflow/example_dags/example_task_group.py
[2023-10-04T08:12:09.633+0000] {processor.py:766} INFO - DAG(s) dict_keys(['example_task_group']) retrieved from /home/airflow/.local/lib/python3.7/site-packages/airflow/example_dags/example_task_group.py
[2023-10-04T08:12:09.670+0000] {logging_mixin.py:120} INFO - [2023-10-04T08:12:09.670+0000] {dag.py:2585} INFO - Sync 1 DAGs
[2023-10-04T08:12:09.691+0000] {logging_mixin.py:120} INFO - [2023-10-04T08:12:09.691+0000] {dag.py:3340} INFO - Setting next_dagrun for example_task_group to 2023-10-03T08:12:09.691455+00:00, run_after=2023-10-04T08:12:09.691455+00:00
[2023-10-04T08:12:09.712+0000] {processor.py:176} INFO - Processing /home/airflow/.local/lib/python3.7/site-packages/airflow/example_dags/example_task_group.py took 0.101 seconds
[2023-10-04T08:12:40.029+0000] {processor.py:154} INFO - Started process (PID=202) to work on /home/airflow/.local/lib/python3.7/site-packages/airflow/example_dags/example_task_group.py
[2023-10-04T08:12:40.030+0000] {processor.py:756} INFO - Processing file /home/airflow/.local/lib/python3.7/site-packages/airflow/example_dags/example_task_group.py for tasks to queue
[2023-10-04T08:12:40.031+0000] {logging_mixin.py:120} INFO - [2023-10-04T08:12:40.031+0000] {dagbag.py:537} INFO - Filling up the DagBag from /home/airflow/.local/lib/python3.7/site-packages/airflow/example_dags/example_task_group.py
[2023-10-04T08:12:40.045+0000] {processor.py:766} INFO - DAG(s) dict_keys(['example_task_group']) retrieved from /home/airflow/.local/lib/python3.7/site-packages/airflow/example_dags/example_task_group.py
[2023-10-04T08:12:40.080+0000] {logging_mixin.py:120} INFO - [2023-10-04T08:12:40.080+0000] {dag.py:2585} INFO - Sync 1 DAGs
[2023-10-04T08:12:40.104+0000] {logging_mixin.py:120} INFO - [2023-10-04T08:12:40.104+0000] {dag.py:3340} INFO - Setting next_dagrun for example_task_group to 2023-10-03T08:12:40.104238+00:00, run_after=2023-10-04T08:12:40.104238+00:00
[2023-10-04T08:12:40.129+0000] {processor.py:176} INFO - Processing /home/airflow/.local/lib/python3.7/site-packages/airflow/example_dags/example_task_group.py took 0.103 seconds
[2023-10-04T08:13:10.428+0000] {processor.py:154} INFO - Started process (PID=266) to work on /home/airflow/.local/lib/python3.7/site-packages/airflow/example_dags/example_task_group.py
[2023-10-04T08:13:10.430+0000] {processor.py:756} INFO - Processing file /home/airflow/.local/lib/python3.7/site-packages/airflow/example_dags/example_task_group.py for tasks to queue
[2023-10-04T08:13:10.433+0000] {logging_mixin.py:120} INFO - [2023-10-04T08:13:10.433+0000] {dagbag.py:537} INFO - Filling up the DagBag from /home/airflow/.local/lib/python3.7/site-packages/airflow/example_dags/example_task_group.py
[2023-10-04T08:13:10.466+0000] {processor.py:766} INFO - DAG(s) dict_keys(['example_task_group']) retrieved from /home/airflow/.local/lib/python3.7/site-packages/airflow/example_dags/example_task_group.py
[2023-10-04T08:13:10.559+0000] {logging_mixin.py:120} INFO - [2023-10-04T08:13:10.559+0000] {dag.py:2585} INFO - Sync 1 DAGs
[2023-10-04T08:13:10.604+0000] {logging_mixin.py:120} INFO - [2023-10-04T08:13:10.604+0000] {dag.py:3340} INFO - Setting next_dagrun for example_task_group to 2023-10-03T08:13:10.603580+00:00, run_after=2023-10-04T08:13:10.603580+00:00
[2023-10-04T08:13:10.645+0000] {processor.py:176} INFO - Processing /home/airflow/.local/lib/python3.7/site-packages/airflow/example_dags/example_task_group.py took 0.222 seconds
[2023-10-04T08:13:41.043+0000] {processor.py:154} INFO - Started process (PID=327) to work on /home/airflow/.local/lib/python3.7/site-packages/airflow/example_dags/example_task_group.py
[2023-10-04T08:13:41.045+0000] {processor.py:756} INFO - Processing file /home/airflow/.local/lib/python3.7/site-packages/airflow/example_dags/example_task_group.py for tasks to queue
[2023-10-04T08:13:41.045+0000] {logging_mixin.py:120} INFO - [2023-10-04T08:13:41.045+0000] {dagbag.py:537} INFO - Filling up the DagBag from /home/airflow/.local/lib/python3.7/site-packages/airflow/example_dags/example_task_group.py
[2023-10-04T08:13:41.060+0000] {processor.py:766} INFO - DAG(s) dict_keys(['example_task_group']) retrieved from /home/airflow/.local/lib/python3.7/site-packages/airflow/example_dags/example_task_group.py
[2023-10-04T08:13:41.096+0000] {logging_mixin.py:120} INFO - [2023-10-04T08:13:41.096+0000] {dag.py:2585} INFO - Sync 1 DAGs
[2023-10-04T08:13:41.118+0000] {logging_mixin.py:120} INFO - [2023-10-04T08:13:41.118+0000] {dag.py:3340} INFO - Setting next_dagrun for example_task_group to 2023-10-03T08:13:41.117999+00:00, run_after=2023-10-04T08:13:41.117999+00:00
[2023-10-04T08:13:41.140+0000] {processor.py:176} INFO - Processing /home/airflow/.local/lib/python3.7/site-packages/airflow/example_dags/example_task_group.py took 0.100 seconds
[2023-10-04T08:14:11.561+0000] {processor.py:154} INFO - Started process (PID=395) to work on /home/airflow/.local/lib/python3.7/site-packages/airflow/example_dags/example_task_group.py
[2023-10-04T08:14:11.562+0000] {processor.py:756} INFO - Processing file /home/airflow/.local/lib/python3.7/site-packages/airflow/example_dags/example_task_group.py for tasks to queue
[2023-10-04T08:14:11.563+0000] {logging_mixin.py:120} INFO - [2023-10-04T08:14:11.563+0000] {dagbag.py:537} INFO - Filling up the DagBag from /home/airflow/.local/lib/python3.7/site-packages/airflow/example_dags/example_task_group.py
[2023-10-04T08:14:11.577+0000] {processor.py:766} INFO - DAG(s) dict_keys(['example_task_group']) retrieved from /home/airflow/.local/lib/python3.7/site-packages/airflow/example_dags/example_task_group.py
[2023-10-04T08:14:11.607+0000] {logging_mixin.py:120} INFO - [2023-10-04T08:14:11.607+0000] {dag.py:2585} INFO - Sync 1 DAGs
[2023-10-04T08:14:11.626+0000] {logging_mixin.py:120} INFO - [2023-10-04T08:14:11.626+0000] {dag.py:3340} INFO - Setting next_dagrun for example_task_group to 2023-10-03T08:14:11.626336+00:00, run_after=2023-10-04T08:14:11.626336+00:00
[2023-10-04T08:14:11.645+0000] {processor.py:176} INFO - Processing /home/airflow/.local/lib/python3.7/site-packages/airflow/example_dags/example_task_group.py took 0.087 seconds
[2023-10-04T08:14:41.801+0000] {processor.py:154} INFO - Started process (PID=463) to work on /home/airflow/.local/lib/python3.7/site-packages/airflow/example_dags/example_task_group.py
[2023-10-04T08:14:41.802+0000] {processor.py:756} INFO - Processing file /home/airflow/.local/lib/python3.7/site-packages/airflow/example_dags/example_task_group.py for tasks to queue
[2023-10-04T08:14:41.804+0000] {logging_mixin.py:120} INFO - [2023-10-04T08:14:41.804+0000] {dagbag.py:537} INFO - Filling up the DagBag from /home/airflow/.local/lib/python3.7/site-packages/airflow/example_dags/example_task_group.py
[2023-10-04T08:14:41.822+0000] {processor.py:766} INFO - DAG(s) dict_keys(['example_task_group']) retrieved from /home/airflow/.local/lib/python3.7/site-packages/airflow/example_dags/example_task_group.py
[2023-10-04T08:14:41.870+0000] {logging_mixin.py:120} INFO - [2023-10-04T08:14:41.870+0000] {dag.py:2585} INFO - Sync 1 DAGs
[2023-10-04T08:14:41.899+0000] {logging_mixin.py:120} INFO - [2023-10-04T08:14:41.898+0000] {dag.py:3340} INFO - Setting next_dagrun for example_task_group to 2023-10-03T08:14:41.898427+00:00, run_after=2023-10-04T08:14:41.898427+00:00
[2023-10-04T08:14:41.919+0000] {processor.py:176} INFO - Processing /home/airflow/.local/lib/python3.7/site-packages/airflow/example_dags/example_task_group.py took 0.122 seconds
[2023-10-04T08:15:12.686+0000] {processor.py:154} INFO - Started process (PID=522) to work on /home/airflow/.local/lib/python3.7/site-packages/airflow/example_dags/example_task_group.py
[2023-10-04T08:15:12.687+0000] {processor.py:756} INFO - Processing file /home/airflow/.local/lib/python3.7/site-packages/airflow/example_dags/example_task_group.py for tasks to queue
[2023-10-04T08:15:12.689+0000] {logging_mixin.py:120} INFO - [2023-10-04T08:15:12.689+0000] {dagbag.py:537} INFO - Filling up the DagBag from /home/airflow/.local/lib/python3.7/site-packages/airflow/example_dags/example_task_group.py
[2023-10-04T08:15:12.705+0000] {processor.py:766} INFO - DAG(s) dict_keys(['example_task_group']) retrieved from /home/airflow/.local/lib/python3.7/site-packages/airflow/example_dags/example_task_group.py
[2023-10-04T08:15:12.745+0000] {logging_mixin.py:120} INFO - [2023-10-04T08:15:12.745+0000] {dag.py:2585} INFO - Sync 1 DAGs
[2023-10-04T08:15:12.771+0000] {logging_mixin.py:120} INFO - [2023-10-04T08:15:12.771+0000] {dag.py:3340} INFO - Setting next_dagrun for example_task_group to 2023-10-03T08:15:12.770949+00:00, run_after=2023-10-04T08:15:12.770949+00:00
[2023-10-04T08:15:12.796+0000] {processor.py:176} INFO - Processing /home/airflow/.local/lib/python3.7/site-packages/airflow/example_dags/example_task_group.py took 0.114 seconds
[2023-10-04T08:15:43.271+0000] {processor.py:154} INFO - Started process (PID=590) to work on /home/airflow/.local/lib/python3.7/site-packages/airflow/example_dags/example_task_group.py
[2023-10-04T08:15:43.272+0000] {processor.py:756} INFO - Processing file /home/airflow/.local/lib/python3.7/site-packages/airflow/example_dags/example_task_group.py for tasks to queue
[2023-10-04T08:15:43.274+0000] {logging_mixin.py:120} INFO - [2023-10-04T08:15:43.274+0000] {dagbag.py:537} INFO - Filling up the DagBag from /home/airflow/.local/lib/python3.7/site-packages/airflow/example_dags/example_task_group.py
[2023-10-04T08:15:43.290+0000] {processor.py:766} INFO - DAG(s) dict_keys(['example_task_group']) retrieved from /home/airflow/.local/lib/python3.7/site-packages/airflow/example_dags/example_task_group.py
[2023-10-04T08:15:43.332+0000] {logging_mixin.py:120} INFO - [2023-10-04T08:15:43.332+0000] {dag.py:2585} INFO - Sync 1 DAGs
[2023-10-04T08:15:43.358+0000] {logging_mixin.py:120} INFO - [2023-10-04T08:15:43.357+0000] {dag.py:3340} INFO - Setting next_dagrun for example_task_group to 2023-10-03T08:15:43.357766+00:00, run_after=2023-10-04T08:15:43.357766+00:00
[2023-10-04T08:15:43.385+0000] {processor.py:176} INFO - Processing /home/airflow/.local/lib/python3.7/site-packages/airflow/example_dags/example_task_group.py took 0.118 seconds
[2023-10-04T08:16:14.121+0000] {processor.py:154} INFO - Started process (PID=658) to work on /home/airflow/.local/lib/python3.7/site-packages/airflow/example_dags/example_task_group.py
[2023-10-04T08:16:14.124+0000] {processor.py:756} INFO - Processing file /home/airflow/.local/lib/python3.7/site-packages/airflow/example_dags/example_task_group.py for tasks to queue
[2023-10-04T08:16:14.126+0000] {logging_mixin.py:120} INFO - [2023-10-04T08:16:14.126+0000] {dagbag.py:537} INFO - Filling up the DagBag from /home/airflow/.local/lib/python3.7/site-packages/airflow/example_dags/example_task_group.py
[2023-10-04T08:16:14.160+0000] {processor.py:766} INFO - DAG(s) dict_keys(['example_task_group']) retrieved from /home/airflow/.local/lib/python3.7/site-packages/airflow/example_dags/example_task_group.py
[2023-10-04T08:16:14.210+0000] {logging_mixin.py:120} INFO - [2023-10-04T08:16:14.210+0000] {dag.py:2585} INFO - Sync 1 DAGs
[2023-10-04T08:16:14.230+0000] {logging_mixin.py:120} INFO - [2023-10-04T08:16:14.230+0000] {dag.py:3340} INFO - Setting next_dagrun for example_task_group to 2023-10-03T08:16:14.229944+00:00, run_after=2023-10-04T08:16:14.229944+00:00
[2023-10-04T08:16:14.248+0000] {processor.py:176} INFO - Processing /home/airflow/.local/lib/python3.7/site-packages/airflow/example_dags/example_task_group.py took 0.134 seconds
[2023-10-04T08:16:44.906+0000] {processor.py:154} INFO - Started process (PID=727) to work on /home/airflow/.local/lib/python3.7/site-packages/airflow/example_dags/example_task_group.py
[2023-10-04T08:16:44.909+0000] {processor.py:756} INFO - Processing file /home/airflow/.local/lib/python3.7/site-packages/airflow/example_dags/example_task_group.py for tasks to queue
[2023-10-04T08:16:44.912+0000] {logging_mixin.py:120} INFO - [2023-10-04T08:16:44.911+0000] {dagbag.py:537} INFO - Filling up the DagBag from /home/airflow/.local/lib/python3.7/site-packages/airflow/example_dags/example_task_group.py
[2023-10-04T08:16:44.932+0000] {processor.py:766} INFO - DAG(s) dict_keys(['example_task_group']) retrieved from /home/airflow/.local/lib/python3.7/site-packages/airflow/example_dags/example_task_group.py
[2023-10-04T08:16:45.007+0000] {logging_mixin.py:120} INFO - [2023-10-04T08:16:45.007+0000] {dag.py:2585} INFO - Sync 1 DAGs
[2023-10-04T08:16:45.058+0000] {logging_mixin.py:120} INFO - [2023-10-04T08:16:45.058+0000] {dag.py:3340} INFO - Setting next_dagrun for example_task_group to 2023-10-03T08:16:45.057328+00:00, run_after=2023-10-04T08:16:45.057328+00:00
[2023-10-04T08:16:45.106+0000] {processor.py:176} INFO - Processing /home/airflow/.local/lib/python3.7/site-packages/airflow/example_dags/example_task_group.py took 0.205 seconds
[2023-10-04T08:17:15.314+0000] {processor.py:154} INFO - Started process (PID=786) to work on /home/airflow/.local/lib/python3.7/site-packages/airflow/example_dags/example_task_group.py
[2023-10-04T08:17:15.316+0000] {processor.py:756} INFO - Processing file /home/airflow/.local/lib/python3.7/site-packages/airflow/example_dags/example_task_group.py for tasks to queue
[2023-10-04T08:17:15.317+0000] {logging_mixin.py:120} INFO - [2023-10-04T08:17:15.317+0000] {dagbag.py:537} INFO - Filling up the DagBag from /home/airflow/.local/lib/python3.7/site-packages/airflow/example_dags/example_task_group.py
[2023-10-04T08:17:15.333+0000] {processor.py:766} INFO - DAG(s) dict_keys(['example_task_group']) retrieved from /home/airflow/.local/lib/python3.7/site-packages/airflow/example_dags/example_task_group.py
[2023-10-04T08:17:15.375+0000] {logging_mixin.py:120} INFO - [2023-10-04T08:17:15.374+0000] {dag.py:2585} INFO - Sync 1 DAGs
[2023-10-04T08:17:15.400+0000] {logging_mixin.py:120} INFO - [2023-10-04T08:17:15.400+0000] {dag.py:3340} INFO - Setting next_dagrun for example_task_group to 2023-10-03T08:17:15.400042+00:00, run_after=2023-10-04T08:17:15.400042+00:00
[2023-10-04T08:17:15.422+0000] {processor.py:176} INFO - Processing /home/airflow/.local/lib/python3.7/site-packages/airflow/example_dags/example_task_group.py took 0.111 seconds
[2023-10-04T08:17:45.948+0000] {processor.py:154} INFO - Started process (PID=855) to work on /home/airflow/.local/lib/python3.7/site-packages/airflow/example_dags/example_task_group.py
[2023-10-04T08:17:45.950+0000] {processor.py:756} INFO - Processing file /home/airflow/.local/lib/python3.7/site-packages/airflow/example_dags/example_task_group.py for tasks to queue
[2023-10-04T08:17:45.951+0000] {logging_mixin.py:120} INFO - [2023-10-04T08:17:45.951+0000] {dagbag.py:537} INFO - Filling up the DagBag from /home/airflow/.local/lib/python3.7/site-packages/airflow/example_dags/example_task_group.py
[2023-10-04T08:17:45.969+0000] {processor.py:766} INFO - DAG(s) dict_keys(['example_task_group']) retrieved from /home/airflow/.local/lib/python3.7/site-packages/airflow/example_dags/example_task_group.py
[2023-10-04T08:17:46.013+0000] {logging_mixin.py:120} INFO - [2023-10-04T08:17:46.013+0000] {dag.py:2585} INFO - Sync 1 DAGs
[2023-10-04T08:17:46.040+0000] {logging_mixin.py:120} INFO - [2023-10-04T08:17:46.040+0000] {dag.py:3340} INFO - Setting next_dagrun for example_task_group to 2023-10-03T08:17:46.040341+00:00, run_after=2023-10-04T08:17:46.040341+00:00
[2023-10-04T08:17:46.062+0000] {processor.py:176} INFO - Processing /home/airflow/.local/lib/python3.7/site-packages/airflow/example_dags/example_task_group.py took 0.117 seconds
[2023-10-04T08:18:16.673+0000] {processor.py:154} INFO - Started process (PID=923) to work on /home/airflow/.local/lib/python3.7/site-packages/airflow/example_dags/example_task_group.py
[2023-10-04T08:18:16.675+0000] {processor.py:756} INFO - Processing file /home/airflow/.local/lib/python3.7/site-packages/airflow/example_dags/example_task_group.py for tasks to queue
[2023-10-04T08:18:16.676+0000] {logging_mixin.py:120} INFO - [2023-10-04T08:18:16.676+0000] {dagbag.py:537} INFO - Filling up the DagBag from /home/airflow/.local/lib/python3.7/site-packages/airflow/example_dags/example_task_group.py
[2023-10-04T08:18:16.703+0000] {processor.py:766} INFO - DAG(s) dict_keys(['example_task_group']) retrieved from /home/airflow/.local/lib/python3.7/site-packages/airflow/example_dags/example_task_group.py
[2023-10-04T08:18:16.769+0000] {logging_mixin.py:120} INFO - [2023-10-04T08:18:16.769+0000] {dag.py:2585} INFO - Sync 1 DAGs
[2023-10-04T08:18:16.810+0000] {logging_mixin.py:120} INFO - [2023-10-04T08:18:16.809+0000] {dag.py:3340} INFO - Setting next_dagrun for example_task_group to 2023-10-03T08:18:16.809728+00:00, run_after=2023-10-04T08:18:16.809728+00:00
[2023-10-04T08:18:16.850+0000] {processor.py:176} INFO - Processing /home/airflow/.local/lib/python3.7/site-packages/airflow/example_dags/example_task_group.py took 0.181 seconds
[2023-10-04T08:18:47.330+0000] {processor.py:154} INFO - Started process (PID=982) to work on /home/airflow/.local/lib/python3.7/site-packages/airflow/example_dags/example_task_group.py
[2023-10-04T08:18:47.332+0000] {processor.py:756} INFO - Processing file /home/airflow/.local/lib/python3.7/site-packages/airflow/example_dags/example_task_group.py for tasks to queue
[2023-10-04T08:18:47.334+0000] {logging_mixin.py:120} INFO - [2023-10-04T08:18:47.334+0000] {dagbag.py:537} INFO - Filling up the DagBag from /home/airflow/.local/lib/python3.7/site-packages/airflow/example_dags/example_task_group.py
[2023-10-04T08:18:47.361+0000] {processor.py:766} INFO - DAG(s) dict_keys(['example_task_group']) retrieved from /home/airflow/.local/lib/python3.7/site-packages/airflow/example_dags/example_task_group.py
[2023-10-04T08:18:47.426+0000] {logging_mixin.py:120} INFO - [2023-10-04T08:18:47.426+0000] {dag.py:2585} INFO - Sync 1 DAGs
[2023-10-04T08:18:47.483+0000] {logging_mixin.py:120} INFO - [2023-10-04T08:18:47.482+0000] {dag.py:3340} INFO - Setting next_dagrun for example_task_group to 2023-10-03T08:18:47.481215+00:00, run_after=2023-10-04T08:18:47.481215+00:00
[2023-10-04T08:18:47.531+0000] {processor.py:176} INFO - Processing /home/airflow/.local/lib/python3.7/site-packages/airflow/example_dags/example_task_group.py took 0.210 seconds
[2023-10-04T08:19:18.059+0000] {processor.py:154} INFO - Started process (PID=1050) to work on /home/airflow/.local/lib/python3.7/site-packages/airflow/example_dags/example_task_group.py
[2023-10-04T08:19:18.062+0000] {processor.py:756} INFO - Processing file /home/airflow/.local/lib/python3.7/site-packages/airflow/example_dags/example_task_group.py for tasks to queue
[2023-10-04T08:19:18.067+0000] {logging_mixin.py:120} INFO - [2023-10-04T08:19:18.065+0000] {dagbag.py:537} INFO - Filling up the DagBag from /home/airflow/.local/lib/python3.7/site-packages/airflow/example_dags/example_task_group.py
[2023-10-04T08:19:18.098+0000] {processor.py:766} INFO - DAG(s) dict_keys(['example_task_group']) retrieved from /home/airflow/.local/lib/python3.7/site-packages/airflow/example_dags/example_task_group.py
[2023-10-04T08:19:18.171+0000] {logging_mixin.py:120} INFO - [2023-10-04T08:19:18.171+0000] {dag.py:2585} INFO - Sync 1 DAGs
[2023-10-04T08:19:18.207+0000] {logging_mixin.py:120} INFO - [2023-10-04T08:19:18.206+0000] {dag.py:3340} INFO - Setting next_dagrun for example_task_group to 2023-10-03T08:19:18.206608+00:00, run_after=2023-10-04T08:19:18.206608+00:00
[2023-10-04T08:19:18.242+0000] {processor.py:176} INFO - Processing /home/airflow/.local/lib/python3.7/site-packages/airflow/example_dags/example_task_group.py took 0.191 seconds
[2023-10-04T08:19:48.699+0000] {processor.py:154} INFO - Started process (PID=1109) to work on /home/airflow/.local/lib/python3.7/site-packages/airflow/example_dags/example_task_group.py
[2023-10-04T08:19:48.702+0000] {processor.py:756} INFO - Processing file /home/airflow/.local/lib/python3.7/site-packages/airflow/example_dags/example_task_group.py for tasks to queue
[2023-10-04T08:19:48.705+0000] {logging_mixin.py:120} INFO - [2023-10-04T08:19:48.705+0000] {dagbag.py:537} INFO - Filling up the DagBag from /home/airflow/.local/lib/python3.7/site-packages/airflow/example_dags/example_task_group.py
[2023-10-04T08:19:48.731+0000] {processor.py:766} INFO - DAG(s) dict_keys(['example_task_group']) retrieved from /home/airflow/.local/lib/python3.7/site-packages/airflow/example_dags/example_task_group.py
[2023-10-04T08:19:48.826+0000] {logging_mixin.py:120} INFO - [2023-10-04T08:19:48.826+0000] {dag.py:2585} INFO - Sync 1 DAGs
[2023-10-04T08:19:48.879+0000] {logging_mixin.py:120} INFO - [2023-10-04T08:19:48.879+0000] {dag.py:3340} INFO - Setting next_dagrun for example_task_group to 2023-10-03T08:19:48.879432+00:00, run_after=2023-10-04T08:19:48.879432+00:00
[2023-10-04T08:19:48.941+0000] {processor.py:176} INFO - Processing /home/airflow/.local/lib/python3.7/site-packages/airflow/example_dags/example_task_group.py took 0.245 seconds
