[2023-10-04T07:42:31.824+0000] {processor.py:154} INFO - Started process (PID=76) to work on /home/airflow/.local/lib/python3.7/site-packages/airflow/example_dags/example_latest_only.py
[2023-10-04T07:42:31.826+0000] {processor.py:756} INFO - Processing file /home/airflow/.local/lib/python3.7/site-packages/airflow/example_dags/example_latest_only.py for tasks to queue
[2023-10-04T07:42:31.828+0000] {logging_mixin.py:120} INFO - [2023-10-04T07:42:31.828+0000] {dagbag.py:537} INFO - Filling up the DagBag from /home/airflow/.local/lib/python3.7/site-packages/airflow/example_dags/example_latest_only.py
[2023-10-04T07:42:31.849+0000] {processor.py:766} INFO - DAG(s) dict_keys(['latest_only']) retrieved from /home/airflow/.local/lib/python3.7/site-packages/airflow/example_dags/example_latest_only.py
[2023-10-04T07:42:31.904+0000] {logging_mixin.py:120} INFO - [2023-10-04T07:42:31.903+0000] {dag.py:2585} INFO - Sync 1 DAGs
[2023-10-04T07:42:31.931+0000] {logging_mixin.py:120} INFO - [2023-10-04T07:42:31.931+0000] {dag.py:3340} INFO - Setting next_dagrun for latest_only to 2023-10-04T03:42:31.931361+00:00, run_after=2023-10-04T07:42:31.931361+00:00
[2023-10-04T07:42:31.974+0000] {processor.py:176} INFO - Processing /home/airflow/.local/lib/python3.7/site-packages/airflow/example_dags/example_latest_only.py took 0.153 seconds
[2023-10-04T07:43:02.362+0000] {processor.py:154} INFO - Started process (PID=134) to work on /home/airflow/.local/lib/python3.7/site-packages/airflow/example_dags/example_latest_only.py
[2023-10-04T07:43:02.366+0000] {processor.py:756} INFO - Processing file /home/airflow/.local/lib/python3.7/site-packages/airflow/example_dags/example_latest_only.py for tasks to queue
[2023-10-04T07:43:02.368+0000] {logging_mixin.py:120} INFO - [2023-10-04T07:43:02.368+0000] {dagbag.py:537} INFO - Filling up the DagBag from /home/airflow/.local/lib/python3.7/site-packages/airflow/example_dags/example_latest_only.py
[2023-10-04T07:43:02.390+0000] {processor.py:766} INFO - DAG(s) dict_keys(['latest_only']) retrieved from /home/airflow/.local/lib/python3.7/site-packages/airflow/example_dags/example_latest_only.py
[2023-10-04T07:43:02.436+0000] {logging_mixin.py:120} INFO - [2023-10-04T07:43:02.436+0000] {dag.py:2585} INFO - Sync 1 DAGs
[2023-10-04T07:43:02.470+0000] {logging_mixin.py:120} INFO - [2023-10-04T07:43:02.470+0000] {dag.py:3340} INFO - Setting next_dagrun for latest_only to 2023-10-04T03:43:02.469810+00:00, run_after=2023-10-04T07:43:02.469810+00:00
[2023-10-04T07:43:02.503+0000] {processor.py:176} INFO - Processing /home/airflow/.local/lib/python3.7/site-packages/airflow/example_dags/example_latest_only.py took 0.147 seconds
[2023-10-04T07:43:32.648+0000] {processor.py:154} INFO - Started process (PID=202) to work on /home/airflow/.local/lib/python3.7/site-packages/airflow/example_dags/example_latest_only.py
[2023-10-04T07:43:32.651+0000] {processor.py:756} INFO - Processing file /home/airflow/.local/lib/python3.7/site-packages/airflow/example_dags/example_latest_only.py for tasks to queue
[2023-10-04T07:43:32.652+0000] {logging_mixin.py:120} INFO - [2023-10-04T07:43:32.652+0000] {dagbag.py:537} INFO - Filling up the DagBag from /home/airflow/.local/lib/python3.7/site-packages/airflow/example_dags/example_latest_only.py
[2023-10-04T07:43:32.669+0000] {processor.py:766} INFO - DAG(s) dict_keys(['latest_only']) retrieved from /home/airflow/.local/lib/python3.7/site-packages/airflow/example_dags/example_latest_only.py
[2023-10-04T07:43:32.728+0000] {logging_mixin.py:120} INFO - [2023-10-04T07:43:32.727+0000] {dag.py:2585} INFO - Sync 1 DAGs
[2023-10-04T07:43:32.769+0000] {logging_mixin.py:120} INFO - [2023-10-04T07:43:32.769+0000] {dag.py:3340} INFO - Setting next_dagrun for latest_only to 2023-10-04T03:43:32.769478+00:00, run_after=2023-10-04T07:43:32.769478+00:00
[2023-10-04T07:43:32.810+0000] {processor.py:176} INFO - Processing /home/airflow/.local/lib/python3.7/site-packages/airflow/example_dags/example_latest_only.py took 0.165 seconds
[2023-10-04T07:44:03.651+0000] {processor.py:154} INFO - Started process (PID=260) to work on /home/airflow/.local/lib/python3.7/site-packages/airflow/example_dags/example_latest_only.py
[2023-10-04T07:44:03.653+0000] {processor.py:756} INFO - Processing file /home/airflow/.local/lib/python3.7/site-packages/airflow/example_dags/example_latest_only.py for tasks to queue
[2023-10-04T07:44:03.655+0000] {logging_mixin.py:120} INFO - [2023-10-04T07:44:03.655+0000] {dagbag.py:537} INFO - Filling up the DagBag from /home/airflow/.local/lib/python3.7/site-packages/airflow/example_dags/example_latest_only.py
[2023-10-04T07:44:03.670+0000] {processor.py:766} INFO - DAG(s) dict_keys(['latest_only']) retrieved from /home/airflow/.local/lib/python3.7/site-packages/airflow/example_dags/example_latest_only.py
[2023-10-04T07:44:03.703+0000] {logging_mixin.py:120} INFO - [2023-10-04T07:44:03.703+0000] {dag.py:2585} INFO - Sync 1 DAGs
[2023-10-04T07:44:03.724+0000] {logging_mixin.py:120} INFO - [2023-10-04T07:44:03.724+0000] {dag.py:3340} INFO - Setting next_dagrun for latest_only to 2023-10-04T03:44:03.723931+00:00, run_after=2023-10-04T07:44:03.723931+00:00
[2023-10-04T07:44:03.745+0000] {processor.py:176} INFO - Processing /home/airflow/.local/lib/python3.7/site-packages/airflow/example_dags/example_latest_only.py took 0.100 seconds
[2023-10-04T07:44:34.095+0000] {processor.py:154} INFO - Started process (PID=327) to work on /home/airflow/.local/lib/python3.7/site-packages/airflow/example_dags/example_latest_only.py
[2023-10-04T07:44:34.097+0000] {processor.py:756} INFO - Processing file /home/airflow/.local/lib/python3.7/site-packages/airflow/example_dags/example_latest_only.py for tasks to queue
[2023-10-04T07:44:34.099+0000] {logging_mixin.py:120} INFO - [2023-10-04T07:44:34.099+0000] {dagbag.py:537} INFO - Filling up the DagBag from /home/airflow/.local/lib/python3.7/site-packages/airflow/example_dags/example_latest_only.py
[2023-10-04T07:44:34.114+0000] {processor.py:766} INFO - DAG(s) dict_keys(['latest_only']) retrieved from /home/airflow/.local/lib/python3.7/site-packages/airflow/example_dags/example_latest_only.py
[2023-10-04T07:44:34.149+0000] {logging_mixin.py:120} INFO - [2023-10-04T07:44:34.149+0000] {dag.py:2585} INFO - Sync 1 DAGs
[2023-10-04T07:44:34.169+0000] {logging_mixin.py:120} INFO - [2023-10-04T07:44:34.169+0000] {dag.py:3340} INFO - Setting next_dagrun for latest_only to 2023-10-04T03:44:34.169489+00:00, run_after=2023-10-04T07:44:34.169489+00:00
[2023-10-04T07:44:34.191+0000] {processor.py:176} INFO - Processing /home/airflow/.local/lib/python3.7/site-packages/airflow/example_dags/example_latest_only.py took 0.101 seconds
[2023-10-04T07:45:04.643+0000] {processor.py:154} INFO - Started process (PID=394) to work on /home/airflow/.local/lib/python3.7/site-packages/airflow/example_dags/example_latest_only.py
[2023-10-04T07:45:04.644+0000] {processor.py:756} INFO - Processing file /home/airflow/.local/lib/python3.7/site-packages/airflow/example_dags/example_latest_only.py for tasks to queue
[2023-10-04T07:45:04.645+0000] {logging_mixin.py:120} INFO - [2023-10-04T07:45:04.645+0000] {dagbag.py:537} INFO - Filling up the DagBag from /home/airflow/.local/lib/python3.7/site-packages/airflow/example_dags/example_latest_only.py
[2023-10-04T07:45:04.655+0000] {processor.py:766} INFO - DAG(s) dict_keys(['latest_only']) retrieved from /home/airflow/.local/lib/python3.7/site-packages/airflow/example_dags/example_latest_only.py
[2023-10-04T07:45:04.689+0000] {logging_mixin.py:120} INFO - [2023-10-04T07:45:04.689+0000] {dag.py:2585} INFO - Sync 1 DAGs
[2023-10-04T07:45:04.709+0000] {logging_mixin.py:120} INFO - [2023-10-04T07:45:04.709+0000] {dag.py:3340} INFO - Setting next_dagrun for latest_only to 2023-10-04T03:45:04.709450+00:00, run_after=2023-10-04T07:45:04.709450+00:00
[2023-10-04T07:45:04.730+0000] {processor.py:176} INFO - Processing /home/airflow/.local/lib/python3.7/site-packages/airflow/example_dags/example_latest_only.py took 0.090 seconds
[2023-10-04T07:45:35.398+0000] {processor.py:154} INFO - Started process (PID=461) to work on /home/airflow/.local/lib/python3.7/site-packages/airflow/example_dags/example_latest_only.py
[2023-10-04T07:45:35.400+0000] {processor.py:756} INFO - Processing file /home/airflow/.local/lib/python3.7/site-packages/airflow/example_dags/example_latest_only.py for tasks to queue
[2023-10-04T07:45:35.401+0000] {logging_mixin.py:120} INFO - [2023-10-04T07:45:35.401+0000] {dagbag.py:537} INFO - Filling up the DagBag from /home/airflow/.local/lib/python3.7/site-packages/airflow/example_dags/example_latest_only.py
[2023-10-04T07:45:35.413+0000] {processor.py:766} INFO - DAG(s) dict_keys(['latest_only']) retrieved from /home/airflow/.local/lib/python3.7/site-packages/airflow/example_dags/example_latest_only.py
[2023-10-04T07:45:35.449+0000] {logging_mixin.py:120} INFO - [2023-10-04T07:45:35.449+0000] {dag.py:2585} INFO - Sync 1 DAGs
[2023-10-04T07:45:35.468+0000] {logging_mixin.py:120} INFO - [2023-10-04T07:45:35.468+0000] {dag.py:3340} INFO - Setting next_dagrun for latest_only to 2023-10-04T03:45:35.468416+00:00, run_after=2023-10-04T07:45:35.468416+00:00
[2023-10-04T07:45:35.490+0000] {processor.py:176} INFO - Processing /home/airflow/.local/lib/python3.7/site-packages/airflow/example_dags/example_latest_only.py took 0.095 seconds
[2023-10-04T07:46:05.685+0000] {processor.py:154} INFO - Started process (PID=519) to work on /home/airflow/.local/lib/python3.7/site-packages/airflow/example_dags/example_latest_only.py
[2023-10-04T07:46:05.687+0000] {processor.py:756} INFO - Processing file /home/airflow/.local/lib/python3.7/site-packages/airflow/example_dags/example_latest_only.py for tasks to queue
[2023-10-04T07:46:05.688+0000] {logging_mixin.py:120} INFO - [2023-10-04T07:46:05.688+0000] {dagbag.py:537} INFO - Filling up the DagBag from /home/airflow/.local/lib/python3.7/site-packages/airflow/example_dags/example_latest_only.py
[2023-10-04T07:46:05.700+0000] {processor.py:766} INFO - DAG(s) dict_keys(['latest_only']) retrieved from /home/airflow/.local/lib/python3.7/site-packages/airflow/example_dags/example_latest_only.py
[2023-10-04T07:46:05.733+0000] {logging_mixin.py:120} INFO - [2023-10-04T07:46:05.732+0000] {dag.py:2585} INFO - Sync 1 DAGs
[2023-10-04T07:46:05.752+0000] {logging_mixin.py:120} INFO - [2023-10-04T07:46:05.751+0000] {dag.py:3340} INFO - Setting next_dagrun for latest_only to 2023-10-04T03:46:05.751748+00:00, run_after=2023-10-04T07:46:05.751748+00:00
[2023-10-04T07:46:05.771+0000] {processor.py:176} INFO - Processing /home/airflow/.local/lib/python3.7/site-packages/airflow/example_dags/example_latest_only.py took 0.089 seconds
[2023-10-04T07:46:35.982+0000] {processor.py:154} INFO - Started process (PID=586) to work on /home/airflow/.local/lib/python3.7/site-packages/airflow/example_dags/example_latest_only.py
[2023-10-04T07:46:35.984+0000] {processor.py:756} INFO - Processing file /home/airflow/.local/lib/python3.7/site-packages/airflow/example_dags/example_latest_only.py for tasks to queue
[2023-10-04T07:46:35.985+0000] {logging_mixin.py:120} INFO - [2023-10-04T07:46:35.985+0000] {dagbag.py:537} INFO - Filling up the DagBag from /home/airflow/.local/lib/python3.7/site-packages/airflow/example_dags/example_latest_only.py
[2023-10-04T07:46:35.995+0000] {processor.py:766} INFO - DAG(s) dict_keys(['latest_only']) retrieved from /home/airflow/.local/lib/python3.7/site-packages/airflow/example_dags/example_latest_only.py
[2023-10-04T07:46:36.028+0000] {logging_mixin.py:120} INFO - [2023-10-04T07:46:36.027+0000] {dag.py:2585} INFO - Sync 1 DAGs
[2023-10-04T07:46:36.047+0000] {logging_mixin.py:120} INFO - [2023-10-04T07:46:36.047+0000] {dag.py:3340} INFO - Setting next_dagrun for latest_only to 2023-10-04T03:46:36.047547+00:00, run_after=2023-10-04T07:46:36.047547+00:00
[2023-10-04T07:46:36.066+0000] {processor.py:176} INFO - Processing /home/airflow/.local/lib/python3.7/site-packages/airflow/example_dags/example_latest_only.py took 0.088 seconds
[2023-10-04T07:47:06.576+0000] {processor.py:154} INFO - Started process (PID=653) to work on /home/airflow/.local/lib/python3.7/site-packages/airflow/example_dags/example_latest_only.py
[2023-10-04T07:47:06.577+0000] {processor.py:756} INFO - Processing file /home/airflow/.local/lib/python3.7/site-packages/airflow/example_dags/example_latest_only.py for tasks to queue
[2023-10-04T07:47:06.579+0000] {logging_mixin.py:120} INFO - [2023-10-04T07:47:06.578+0000] {dagbag.py:537} INFO - Filling up the DagBag from /home/airflow/.local/lib/python3.7/site-packages/airflow/example_dags/example_latest_only.py
[2023-10-04T07:47:06.590+0000] {processor.py:766} INFO - DAG(s) dict_keys(['latest_only']) retrieved from /home/airflow/.local/lib/python3.7/site-packages/airflow/example_dags/example_latest_only.py
[2023-10-04T07:47:06.626+0000] {logging_mixin.py:120} INFO - [2023-10-04T07:47:06.626+0000] {dag.py:2585} INFO - Sync 1 DAGs
[2023-10-04T07:47:06.648+0000] {logging_mixin.py:120} INFO - [2023-10-04T07:47:06.648+0000] {dag.py:3340} INFO - Setting next_dagrun for latest_only to 2023-10-04T03:47:06.648107+00:00, run_after=2023-10-04T07:47:06.648107+00:00
[2023-10-04T07:47:06.671+0000] {processor.py:176} INFO - Processing /home/airflow/.local/lib/python3.7/site-packages/airflow/example_dags/example_latest_only.py took 0.098 seconds
[2023-10-04T07:47:36.979+0000] {processor.py:154} INFO - Started process (PID=720) to work on /home/airflow/.local/lib/python3.7/site-packages/airflow/example_dags/example_latest_only.py
[2023-10-04T07:47:36.980+0000] {processor.py:756} INFO - Processing file /home/airflow/.local/lib/python3.7/site-packages/airflow/example_dags/example_latest_only.py for tasks to queue
[2023-10-04T07:47:36.982+0000] {logging_mixin.py:120} INFO - [2023-10-04T07:47:36.981+0000] {dagbag.py:537} INFO - Filling up the DagBag from /home/airflow/.local/lib/python3.7/site-packages/airflow/example_dags/example_latest_only.py
[2023-10-04T07:47:36.993+0000] {processor.py:766} INFO - DAG(s) dict_keys(['latest_only']) retrieved from /home/airflow/.local/lib/python3.7/site-packages/airflow/example_dags/example_latest_only.py
[2023-10-04T07:47:37.029+0000] {logging_mixin.py:120} INFO - [2023-10-04T07:47:37.029+0000] {dag.py:2585} INFO - Sync 1 DAGs
[2023-10-04T07:47:37.052+0000] {logging_mixin.py:120} INFO - [2023-10-04T07:47:37.052+0000] {dag.py:3340} INFO - Setting next_dagrun for latest_only to 2023-10-04T03:47:37.051873+00:00, run_after=2023-10-04T07:47:37.051873+00:00
[2023-10-04T07:47:37.075+0000] {processor.py:176} INFO - Processing /home/airflow/.local/lib/python3.7/site-packages/airflow/example_dags/example_latest_only.py took 0.099 seconds
[2023-10-04T07:48:07.497+0000] {processor.py:154} INFO - Started process (PID=778) to work on /home/airflow/.local/lib/python3.7/site-packages/airflow/example_dags/example_latest_only.py
[2023-10-04T07:48:07.498+0000] {processor.py:756} INFO - Processing file /home/airflow/.local/lib/python3.7/site-packages/airflow/example_dags/example_latest_only.py for tasks to queue
[2023-10-04T07:48:07.499+0000] {logging_mixin.py:120} INFO - [2023-10-04T07:48:07.499+0000] {dagbag.py:537} INFO - Filling up the DagBag from /home/airflow/.local/lib/python3.7/site-packages/airflow/example_dags/example_latest_only.py
[2023-10-04T07:48:07.511+0000] {processor.py:766} INFO - DAG(s) dict_keys(['latest_only']) retrieved from /home/airflow/.local/lib/python3.7/site-packages/airflow/example_dags/example_latest_only.py
[2023-10-04T07:48:07.544+0000] {logging_mixin.py:120} INFO - [2023-10-04T07:48:07.543+0000] {dag.py:2585} INFO - Sync 1 DAGs
[2023-10-04T07:48:07.565+0000] {logging_mixin.py:120} INFO - [2023-10-04T07:48:07.565+0000] {dag.py:3340} INFO - Setting next_dagrun for latest_only to 2023-10-04T03:48:07.565330+00:00, run_after=2023-10-04T07:48:07.565330+00:00
[2023-10-04T07:48:07.586+0000] {processor.py:176} INFO - Processing /home/airflow/.local/lib/python3.7/site-packages/airflow/example_dags/example_latest_only.py took 0.093 seconds
[2023-10-04T07:48:38.418+0000] {processor.py:154} INFO - Started process (PID=845) to work on /home/airflow/.local/lib/python3.7/site-packages/airflow/example_dags/example_latest_only.py
[2023-10-04T07:48:38.420+0000] {processor.py:756} INFO - Processing file /home/airflow/.local/lib/python3.7/site-packages/airflow/example_dags/example_latest_only.py for tasks to queue
[2023-10-04T07:48:38.422+0000] {logging_mixin.py:120} INFO - [2023-10-04T07:48:38.422+0000] {dagbag.py:537} INFO - Filling up the DagBag from /home/airflow/.local/lib/python3.7/site-packages/airflow/example_dags/example_latest_only.py
[2023-10-04T07:48:38.448+0000] {processor.py:766} INFO - DAG(s) dict_keys(['latest_only']) retrieved from /home/airflow/.local/lib/python3.7/site-packages/airflow/example_dags/example_latest_only.py
[2023-10-04T07:48:38.505+0000] {logging_mixin.py:120} INFO - [2023-10-04T07:48:38.505+0000] {dag.py:2585} INFO - Sync 1 DAGs
[2023-10-04T07:48:38.535+0000] {logging_mixin.py:120} INFO - [2023-10-04T07:48:38.534+0000] {dag.py:3340} INFO - Setting next_dagrun for latest_only to 2023-10-04T03:48:38.534603+00:00, run_after=2023-10-04T07:48:38.534603+00:00
[2023-10-04T07:48:38.565+0000] {processor.py:176} INFO - Processing /home/airflow/.local/lib/python3.7/site-packages/airflow/example_dags/example_latest_only.py took 0.149 seconds
[2023-10-04T07:49:08.685+0000] {processor.py:154} INFO - Started process (PID=910) to work on /home/airflow/.local/lib/python3.7/site-packages/airflow/example_dags/example_latest_only.py
[2023-10-04T07:49:08.687+0000] {processor.py:756} INFO - Processing file /home/airflow/.local/lib/python3.7/site-packages/airflow/example_dags/example_latest_only.py for tasks to queue
[2023-10-04T07:49:08.688+0000] {logging_mixin.py:120} INFO - [2023-10-04T07:49:08.688+0000] {dagbag.py:537} INFO - Filling up the DagBag from /home/airflow/.local/lib/python3.7/site-packages/airflow/example_dags/example_latest_only.py
[2023-10-04T07:49:08.700+0000] {processor.py:766} INFO - DAG(s) dict_keys(['latest_only']) retrieved from /home/airflow/.local/lib/python3.7/site-packages/airflow/example_dags/example_latest_only.py
[2023-10-04T07:49:08.734+0000] {logging_mixin.py:120} INFO - [2023-10-04T07:49:08.734+0000] {dag.py:2585} INFO - Sync 1 DAGs
[2023-10-04T07:49:08.755+0000] {logging_mixin.py:120} INFO - [2023-10-04T07:49:08.755+0000] {dag.py:3340} INFO - Setting next_dagrun for latest_only to 2023-10-04T03:49:08.754933+00:00, run_after=2023-10-04T07:49:08.754933+00:00
[2023-10-04T07:49:08.780+0000] {processor.py:176} INFO - Processing /home/airflow/.local/lib/python3.7/site-packages/airflow/example_dags/example_latest_only.py took 0.099 seconds
[2023-10-04T07:49:38.962+0000] {processor.py:154} INFO - Started process (PID=978) to work on /home/airflow/.local/lib/python3.7/site-packages/airflow/example_dags/example_latest_only.py
[2023-10-04T07:49:38.963+0000] {processor.py:756} INFO - Processing file /home/airflow/.local/lib/python3.7/site-packages/airflow/example_dags/example_latest_only.py for tasks to queue
[2023-10-04T07:49:38.965+0000] {logging_mixin.py:120} INFO - [2023-10-04T07:49:38.964+0000] {dagbag.py:537} INFO - Filling up the DagBag from /home/airflow/.local/lib/python3.7/site-packages/airflow/example_dags/example_latest_only.py
[2023-10-04T07:49:38.981+0000] {processor.py:766} INFO - DAG(s) dict_keys(['latest_only']) retrieved from /home/airflow/.local/lib/python3.7/site-packages/airflow/example_dags/example_latest_only.py
[2023-10-04T07:49:39.023+0000] {logging_mixin.py:120} INFO - [2023-10-04T07:49:39.023+0000] {dag.py:2585} INFO - Sync 1 DAGs
[2023-10-04T07:49:39.051+0000] {logging_mixin.py:120} INFO - [2023-10-04T07:49:39.051+0000] {dag.py:3340} INFO - Setting next_dagrun for latest_only to 2023-10-04T03:49:39.050845+00:00, run_after=2023-10-04T07:49:39.050845+00:00
[2023-10-04T07:49:39.078+0000] {processor.py:176} INFO - Processing /home/airflow/.local/lib/python3.7/site-packages/airflow/example_dags/example_latest_only.py took 0.118 seconds
[2023-10-04T07:50:09.432+0000] {processor.py:154} INFO - Started process (PID=1036) to work on /home/airflow/.local/lib/python3.7/site-packages/airflow/example_dags/example_latest_only.py
[2023-10-04T07:50:09.434+0000] {processor.py:756} INFO - Processing file /home/airflow/.local/lib/python3.7/site-packages/airflow/example_dags/example_latest_only.py for tasks to queue
[2023-10-04T07:50:09.435+0000] {logging_mixin.py:120} INFO - [2023-10-04T07:50:09.435+0000] {dagbag.py:537} INFO - Filling up the DagBag from /home/airflow/.local/lib/python3.7/site-packages/airflow/example_dags/example_latest_only.py
[2023-10-04T07:50:09.447+0000] {processor.py:766} INFO - DAG(s) dict_keys(['latest_only']) retrieved from /home/airflow/.local/lib/python3.7/site-packages/airflow/example_dags/example_latest_only.py
[2023-10-04T07:50:09.482+0000] {logging_mixin.py:120} INFO - [2023-10-04T07:50:09.482+0000] {dag.py:2585} INFO - Sync 1 DAGs
[2023-10-04T07:50:09.501+0000] {logging_mixin.py:120} INFO - [2023-10-04T07:50:09.501+0000] {dag.py:3340} INFO - Setting next_dagrun for latest_only to 2023-10-04T03:50:09.501601+00:00, run_after=2023-10-04T07:50:09.501601+00:00
[2023-10-04T07:50:09.525+0000] {processor.py:176} INFO - Processing /home/airflow/.local/lib/python3.7/site-packages/airflow/example_dags/example_latest_only.py took 0.096 seconds
[2023-10-04T07:50:40.035+0000] {processor.py:154} INFO - Started process (PID=1103) to work on /home/airflow/.local/lib/python3.7/site-packages/airflow/example_dags/example_latest_only.py
[2023-10-04T07:50:40.036+0000] {processor.py:756} INFO - Processing file /home/airflow/.local/lib/python3.7/site-packages/airflow/example_dags/example_latest_only.py for tasks to queue
[2023-10-04T07:50:40.037+0000] {logging_mixin.py:120} INFO - [2023-10-04T07:50:40.037+0000] {dagbag.py:537} INFO - Filling up the DagBag from /home/airflow/.local/lib/python3.7/site-packages/airflow/example_dags/example_latest_only.py
[2023-10-04T07:50:40.049+0000] {processor.py:766} INFO - DAG(s) dict_keys(['latest_only']) retrieved from /home/airflow/.local/lib/python3.7/site-packages/airflow/example_dags/example_latest_only.py
[2023-10-04T07:50:40.086+0000] {logging_mixin.py:120} INFO - [2023-10-04T07:50:40.086+0000] {dag.py:2585} INFO - Sync 1 DAGs
[2023-10-04T07:50:40.113+0000] {logging_mixin.py:120} INFO - [2023-10-04T07:50:40.113+0000] {dag.py:3340} INFO - Setting next_dagrun for latest_only to 2023-10-04T03:50:40.112872+00:00, run_after=2023-10-04T07:50:40.112872+00:00
[2023-10-04T07:50:40.139+0000] {processor.py:176} INFO - Processing /home/airflow/.local/lib/python3.7/site-packages/airflow/example_dags/example_latest_only.py took 0.107 seconds
[2023-10-04T07:51:10.616+0000] {processor.py:154} INFO - Started process (PID=1171) to work on /home/airflow/.local/lib/python3.7/site-packages/airflow/example_dags/example_latest_only.py
[2023-10-04T07:51:10.618+0000] {processor.py:756} INFO - Processing file /home/airflow/.local/lib/python3.7/site-packages/airflow/example_dags/example_latest_only.py for tasks to queue
[2023-10-04T07:51:10.619+0000] {logging_mixin.py:120} INFO - [2023-10-04T07:51:10.619+0000] {dagbag.py:537} INFO - Filling up the DagBag from /home/airflow/.local/lib/python3.7/site-packages/airflow/example_dags/example_latest_only.py
[2023-10-04T07:51:10.636+0000] {processor.py:766} INFO - DAG(s) dict_keys(['latest_only']) retrieved from /home/airflow/.local/lib/python3.7/site-packages/airflow/example_dags/example_latest_only.py
[2023-10-04T07:51:10.670+0000] {logging_mixin.py:120} INFO - [2023-10-04T07:51:10.669+0000] {dag.py:2585} INFO - Sync 1 DAGs
[2023-10-04T07:51:10.702+0000] {logging_mixin.py:120} INFO - [2023-10-04T07:51:10.702+0000] {dag.py:3340} INFO - Setting next_dagrun for latest_only to 2023-10-04T03:51:10.702349+00:00, run_after=2023-10-04T07:51:10.702349+00:00
[2023-10-04T07:51:10.724+0000] {processor.py:176} INFO - Processing /home/airflow/.local/lib/python3.7/site-packages/airflow/example_dags/example_latest_only.py took 0.112 seconds
[2023-10-04T07:51:40.865+0000] {processor.py:154} INFO - Started process (PID=1229) to work on /home/airflow/.local/lib/python3.7/site-packages/airflow/example_dags/example_latest_only.py
[2023-10-04T07:51:40.867+0000] {processor.py:756} INFO - Processing file /home/airflow/.local/lib/python3.7/site-packages/airflow/example_dags/example_latest_only.py for tasks to queue
[2023-10-04T07:51:40.869+0000] {logging_mixin.py:120} INFO - [2023-10-04T07:51:40.869+0000] {dagbag.py:537} INFO - Filling up the DagBag from /home/airflow/.local/lib/python3.7/site-packages/airflow/example_dags/example_latest_only.py
[2023-10-04T07:51:40.886+0000] {processor.py:766} INFO - DAG(s) dict_keys(['latest_only']) retrieved from /home/airflow/.local/lib/python3.7/site-packages/airflow/example_dags/example_latest_only.py
[2023-10-04T07:51:40.920+0000] {logging_mixin.py:120} INFO - [2023-10-04T07:51:40.920+0000] {dag.py:2585} INFO - Sync 1 DAGs
[2023-10-04T07:51:40.939+0000] {logging_mixin.py:120} INFO - [2023-10-04T07:51:40.939+0000] {dag.py:3340} INFO - Setting next_dagrun for latest_only to 2023-10-04T03:51:40.939166+00:00, run_after=2023-10-04T07:51:40.939166+00:00
[2023-10-04T07:51:40.959+0000] {processor.py:176} INFO - Processing /home/airflow/.local/lib/python3.7/site-packages/airflow/example_dags/example_latest_only.py took 0.099 seconds
[2023-10-04T07:52:11.655+0000] {processor.py:154} INFO - Started process (PID=1297) to work on /home/airflow/.local/lib/python3.7/site-packages/airflow/example_dags/example_latest_only.py
[2023-10-04T07:52:11.658+0000] {processor.py:756} INFO - Processing file /home/airflow/.local/lib/python3.7/site-packages/airflow/example_dags/example_latest_only.py for tasks to queue
[2023-10-04T07:52:11.660+0000] {logging_mixin.py:120} INFO - [2023-10-04T07:52:11.659+0000] {dagbag.py:537} INFO - Filling up the DagBag from /home/airflow/.local/lib/python3.7/site-packages/airflow/example_dags/example_latest_only.py
[2023-10-04T07:52:11.689+0000] {processor.py:766} INFO - DAG(s) dict_keys(['latest_only']) retrieved from /home/airflow/.local/lib/python3.7/site-packages/airflow/example_dags/example_latest_only.py
[2023-10-04T07:52:11.734+0000] {logging_mixin.py:120} INFO - [2023-10-04T07:52:11.734+0000] {dag.py:2585} INFO - Sync 1 DAGs
[2023-10-04T07:52:11.757+0000] {logging_mixin.py:120} INFO - [2023-10-04T07:52:11.756+0000] {dag.py:3340} INFO - Setting next_dagrun for latest_only to 2023-10-04T03:52:11.756749+00:00, run_after=2023-10-04T07:52:11.756749+00:00
[2023-10-04T07:52:11.776+0000] {processor.py:176} INFO - Processing /home/airflow/.local/lib/python3.7/site-packages/airflow/example_dags/example_latest_only.py took 0.128 seconds
[2023-10-04T07:52:42.187+0000] {processor.py:154} INFO - Started process (PID=1364) to work on /home/airflow/.local/lib/python3.7/site-packages/airflow/example_dags/example_latest_only.py
[2023-10-04T07:52:42.189+0000] {processor.py:756} INFO - Processing file /home/airflow/.local/lib/python3.7/site-packages/airflow/example_dags/example_latest_only.py for tasks to queue
[2023-10-04T07:52:42.192+0000] {logging_mixin.py:120} INFO - [2023-10-04T07:52:42.191+0000] {dagbag.py:537} INFO - Filling up the DagBag from /home/airflow/.local/lib/python3.7/site-packages/airflow/example_dags/example_latest_only.py
[2023-10-04T07:52:42.207+0000] {processor.py:766} INFO - DAG(s) dict_keys(['latest_only']) retrieved from /home/airflow/.local/lib/python3.7/site-packages/airflow/example_dags/example_latest_only.py
[2023-10-04T07:52:42.239+0000] {logging_mixin.py:120} INFO - [2023-10-04T07:52:42.239+0000] {dag.py:2585} INFO - Sync 1 DAGs
[2023-10-04T07:52:42.259+0000] {logging_mixin.py:120} INFO - [2023-10-04T07:52:42.258+0000] {dag.py:3340} INFO - Setting next_dagrun for latest_only to 2023-10-04T03:52:42.258658+00:00, run_after=2023-10-04T07:52:42.258658+00:00
[2023-10-04T07:52:42.282+0000] {processor.py:176} INFO - Processing /home/airflow/.local/lib/python3.7/site-packages/airflow/example_dags/example_latest_only.py took 0.100 seconds
[2023-10-04T07:53:12.877+0000] {processor.py:154} INFO - Started process (PID=1431) to work on /home/airflow/.local/lib/python3.7/site-packages/airflow/example_dags/example_latest_only.py
[2023-10-04T07:53:12.879+0000] {processor.py:756} INFO - Processing file /home/airflow/.local/lib/python3.7/site-packages/airflow/example_dags/example_latest_only.py for tasks to queue
[2023-10-04T07:53:12.880+0000] {logging_mixin.py:120} INFO - [2023-10-04T07:53:12.880+0000] {dagbag.py:537} INFO - Filling up the DagBag from /home/airflow/.local/lib/python3.7/site-packages/airflow/example_dags/example_latest_only.py
[2023-10-04T07:53:12.892+0000] {processor.py:766} INFO - DAG(s) dict_keys(['latest_only']) retrieved from /home/airflow/.local/lib/python3.7/site-packages/airflow/example_dags/example_latest_only.py
[2023-10-04T07:53:12.927+0000] {logging_mixin.py:120} INFO - [2023-10-04T07:53:12.926+0000] {dag.py:2585} INFO - Sync 1 DAGs
[2023-10-04T07:53:12.947+0000] {logging_mixin.py:120} INFO - [2023-10-04T07:53:12.946+0000] {dag.py:3340} INFO - Setting next_dagrun for latest_only to 2023-10-04T03:53:12.946676+00:00, run_after=2023-10-04T07:53:12.946676+00:00
[2023-10-04T07:53:12.971+0000] {processor.py:176} INFO - Processing /home/airflow/.local/lib/python3.7/site-packages/airflow/example_dags/example_latest_only.py took 0.099 seconds
[2023-10-04T07:53:43.301+0000] {processor.py:154} INFO - Started process (PID=1489) to work on /home/airflow/.local/lib/python3.7/site-packages/airflow/example_dags/example_latest_only.py
[2023-10-04T07:53:43.304+0000] {processor.py:756} INFO - Processing file /home/airflow/.local/lib/python3.7/site-packages/airflow/example_dags/example_latest_only.py for tasks to queue
[2023-10-04T07:53:43.307+0000] {logging_mixin.py:120} INFO - [2023-10-04T07:53:43.307+0000] {dagbag.py:537} INFO - Filling up the DagBag from /home/airflow/.local/lib/python3.7/site-packages/airflow/example_dags/example_latest_only.py
[2023-10-04T07:53:43.325+0000] {processor.py:766} INFO - DAG(s) dict_keys(['latest_only']) retrieved from /home/airflow/.local/lib/python3.7/site-packages/airflow/example_dags/example_latest_only.py
[2023-10-04T07:53:43.360+0000] {logging_mixin.py:120} INFO - [2023-10-04T07:53:43.360+0000] {dag.py:2585} INFO - Sync 1 DAGs
[2023-10-04T07:53:43.385+0000] {logging_mixin.py:120} INFO - [2023-10-04T07:53:43.385+0000] {dag.py:3340} INFO - Setting next_dagrun for latest_only to 2023-10-04T03:53:43.385008+00:00, run_after=2023-10-04T07:53:43.385008+00:00
[2023-10-04T07:53:43.413+0000] {processor.py:176} INFO - Processing /home/airflow/.local/lib/python3.7/site-packages/airflow/example_dags/example_latest_only.py took 0.118 seconds
[2023-10-04T07:54:14.045+0000] {processor.py:154} INFO - Started process (PID=1556) to work on /home/airflow/.local/lib/python3.7/site-packages/airflow/example_dags/example_latest_only.py
[2023-10-04T07:54:14.047+0000] {processor.py:756} INFO - Processing file /home/airflow/.local/lib/python3.7/site-packages/airflow/example_dags/example_latest_only.py for tasks to queue
[2023-10-04T07:54:14.049+0000] {logging_mixin.py:120} INFO - [2023-10-04T07:54:14.049+0000] {dagbag.py:537} INFO - Filling up the DagBag from /home/airflow/.local/lib/python3.7/site-packages/airflow/example_dags/example_latest_only.py
[2023-10-04T07:54:14.061+0000] {processor.py:766} INFO - DAG(s) dict_keys(['latest_only']) retrieved from /home/airflow/.local/lib/python3.7/site-packages/airflow/example_dags/example_latest_only.py
[2023-10-04T07:54:14.098+0000] {logging_mixin.py:120} INFO - [2023-10-04T07:54:14.098+0000] {dag.py:2585} INFO - Sync 1 DAGs
[2023-10-04T07:54:14.119+0000] {logging_mixin.py:120} INFO - [2023-10-04T07:54:14.119+0000] {dag.py:3340} INFO - Setting next_dagrun for latest_only to 2023-10-04T03:54:14.119259+00:00, run_after=2023-10-04T07:54:14.119259+00:00
[2023-10-04T07:54:14.141+0000] {processor.py:176} INFO - Processing /home/airflow/.local/lib/python3.7/site-packages/airflow/example_dags/example_latest_only.py took 0.100 seconds
[2023-10-04T07:54:44.909+0000] {processor.py:154} INFO - Started process (PID=1623) to work on /home/airflow/.local/lib/python3.7/site-packages/airflow/example_dags/example_latest_only.py
[2023-10-04T07:54:44.911+0000] {processor.py:756} INFO - Processing file /home/airflow/.local/lib/python3.7/site-packages/airflow/example_dags/example_latest_only.py for tasks to queue
[2023-10-04T07:54:44.913+0000] {logging_mixin.py:120} INFO - [2023-10-04T07:54:44.913+0000] {dagbag.py:537} INFO - Filling up the DagBag from /home/airflow/.local/lib/python3.7/site-packages/airflow/example_dags/example_latest_only.py
[2023-10-04T07:54:44.928+0000] {processor.py:766} INFO - DAG(s) dict_keys(['latest_only']) retrieved from /home/airflow/.local/lib/python3.7/site-packages/airflow/example_dags/example_latest_only.py
[2023-10-04T07:54:44.963+0000] {logging_mixin.py:120} INFO - [2023-10-04T07:54:44.963+0000] {dag.py:2585} INFO - Sync 1 DAGs
[2023-10-04T07:54:44.980+0000] {logging_mixin.py:120} INFO - [2023-10-04T07:54:44.980+0000] {dag.py:3340} INFO - Setting next_dagrun for latest_only to 2023-10-04T03:54:44.980666+00:00, run_after=2023-10-04T07:54:44.980666+00:00
[2023-10-04T07:54:45.002+0000] {processor.py:176} INFO - Processing /home/airflow/.local/lib/python3.7/site-packages/airflow/example_dags/example_latest_only.py took 0.098 seconds
[2023-10-04T07:55:15.099+0000] {processor.py:154} INFO - Started process (PID=1690) to work on /home/airflow/.local/lib/python3.7/site-packages/airflow/example_dags/example_latest_only.py
[2023-10-04T07:55:15.100+0000] {processor.py:756} INFO - Processing file /home/airflow/.local/lib/python3.7/site-packages/airflow/example_dags/example_latest_only.py for tasks to queue
[2023-10-04T07:55:15.101+0000] {logging_mixin.py:120} INFO - [2023-10-04T07:55:15.101+0000] {dagbag.py:537} INFO - Filling up the DagBag from /home/airflow/.local/lib/python3.7/site-packages/airflow/example_dags/example_latest_only.py
[2023-10-04T07:55:15.113+0000] {processor.py:766} INFO - DAG(s) dict_keys(['latest_only']) retrieved from /home/airflow/.local/lib/python3.7/site-packages/airflow/example_dags/example_latest_only.py
[2023-10-04T07:55:15.145+0000] {logging_mixin.py:120} INFO - [2023-10-04T07:55:15.145+0000] {dag.py:2585} INFO - Sync 1 DAGs
[2023-10-04T07:55:15.168+0000] {logging_mixin.py:120} INFO - [2023-10-04T07:55:15.168+0000] {dag.py:3340} INFO - Setting next_dagrun for latest_only to 2023-10-04T03:55:15.168294+00:00, run_after=2023-10-04T07:55:15.168294+00:00
[2023-10-04T07:55:15.188+0000] {processor.py:176} INFO - Processing /home/airflow/.local/lib/python3.7/site-packages/airflow/example_dags/example_latest_only.py took 0.092 seconds
[2023-10-04T07:55:45.626+0000] {processor.py:154} INFO - Started process (PID=1748) to work on /home/airflow/.local/lib/python3.7/site-packages/airflow/example_dags/example_latest_only.py
[2023-10-04T07:55:45.629+0000] {processor.py:756} INFO - Processing file /home/airflow/.local/lib/python3.7/site-packages/airflow/example_dags/example_latest_only.py for tasks to queue
[2023-10-04T07:55:45.631+0000] {logging_mixin.py:120} INFO - [2023-10-04T07:55:45.631+0000] {dagbag.py:537} INFO - Filling up the DagBag from /home/airflow/.local/lib/python3.7/site-packages/airflow/example_dags/example_latest_only.py
[2023-10-04T07:55:45.648+0000] {processor.py:766} INFO - DAG(s) dict_keys(['latest_only']) retrieved from /home/airflow/.local/lib/python3.7/site-packages/airflow/example_dags/example_latest_only.py
[2023-10-04T07:55:45.683+0000] {logging_mixin.py:120} INFO - [2023-10-04T07:55:45.683+0000] {dag.py:2585} INFO - Sync 1 DAGs
[2023-10-04T07:55:45.708+0000] {logging_mixin.py:120} INFO - [2023-10-04T07:55:45.708+0000] {dag.py:3340} INFO - Setting next_dagrun for latest_only to 2023-10-04T03:55:45.707878+00:00, run_after=2023-10-04T07:55:45.707878+00:00
[2023-10-04T07:55:45.727+0000] {processor.py:176} INFO - Processing /home/airflow/.local/lib/python3.7/site-packages/airflow/example_dags/example_latest_only.py took 0.106 seconds
[2023-10-04T07:56:16.202+0000] {processor.py:154} INFO - Started process (PID=1815) to work on /home/airflow/.local/lib/python3.7/site-packages/airflow/example_dags/example_latest_only.py
[2023-10-04T07:56:16.205+0000] {processor.py:756} INFO - Processing file /home/airflow/.local/lib/python3.7/site-packages/airflow/example_dags/example_latest_only.py for tasks to queue
[2023-10-04T07:56:16.207+0000] {logging_mixin.py:120} INFO - [2023-10-04T07:56:16.206+0000] {dagbag.py:537} INFO - Filling up the DagBag from /home/airflow/.local/lib/python3.7/site-packages/airflow/example_dags/example_latest_only.py
[2023-10-04T07:56:16.221+0000] {processor.py:766} INFO - DAG(s) dict_keys(['latest_only']) retrieved from /home/airflow/.local/lib/python3.7/site-packages/airflow/example_dags/example_latest_only.py
[2023-10-04T07:56:16.273+0000] {logging_mixin.py:120} INFO - [2023-10-04T07:56:16.273+0000] {dag.py:2585} INFO - Sync 1 DAGs
[2023-10-04T07:56:16.296+0000] {logging_mixin.py:120} INFO - [2023-10-04T07:56:16.296+0000] {dag.py:3340} INFO - Setting next_dagrun for latest_only to 2023-10-04T03:56:16.295938+00:00, run_after=2023-10-04T07:56:16.295938+00:00
[2023-10-04T07:56:16.319+0000] {processor.py:176} INFO - Processing /home/airflow/.local/lib/python3.7/site-packages/airflow/example_dags/example_latest_only.py took 0.122 seconds
[2023-10-04T07:56:46.600+0000] {processor.py:154} INFO - Started process (PID=1882) to work on /home/airflow/.local/lib/python3.7/site-packages/airflow/example_dags/example_latest_only.py
[2023-10-04T07:56:46.602+0000] {processor.py:756} INFO - Processing file /home/airflow/.local/lib/python3.7/site-packages/airflow/example_dags/example_latest_only.py for tasks to queue
[2023-10-04T07:56:46.604+0000] {logging_mixin.py:120} INFO - [2023-10-04T07:56:46.604+0000] {dagbag.py:537} INFO - Filling up the DagBag from /home/airflow/.local/lib/python3.7/site-packages/airflow/example_dags/example_latest_only.py
[2023-10-04T07:56:46.621+0000] {processor.py:766} INFO - DAG(s) dict_keys(['latest_only']) retrieved from /home/airflow/.local/lib/python3.7/site-packages/airflow/example_dags/example_latest_only.py
[2023-10-04T07:56:46.665+0000] {logging_mixin.py:120} INFO - [2023-10-04T07:56:46.665+0000] {dag.py:2585} INFO - Sync 1 DAGs
[2023-10-04T07:56:46.686+0000] {logging_mixin.py:120} INFO - [2023-10-04T07:56:46.686+0000] {dag.py:3340} INFO - Setting next_dagrun for latest_only to 2023-10-04T03:56:46.686178+00:00, run_after=2023-10-04T07:56:46.686178+00:00
[2023-10-04T07:56:46.708+0000] {processor.py:176} INFO - Processing /home/airflow/.local/lib/python3.7/site-packages/airflow/example_dags/example_latest_only.py took 0.113 seconds
[2023-10-04T07:57:17.067+0000] {processor.py:154} INFO - Started process (PID=1949) to work on /home/airflow/.local/lib/python3.7/site-packages/airflow/example_dags/example_latest_only.py
[2023-10-04T07:57:17.069+0000] {processor.py:756} INFO - Processing file /home/airflow/.local/lib/python3.7/site-packages/airflow/example_dags/example_latest_only.py for tasks to queue
[2023-10-04T07:57:17.070+0000] {logging_mixin.py:120} INFO - [2023-10-04T07:57:17.070+0000] {dagbag.py:537} INFO - Filling up the DagBag from /home/airflow/.local/lib/python3.7/site-packages/airflow/example_dags/example_latest_only.py
[2023-10-04T07:57:17.089+0000] {processor.py:766} INFO - DAG(s) dict_keys(['latest_only']) retrieved from /home/airflow/.local/lib/python3.7/site-packages/airflow/example_dags/example_latest_only.py
[2023-10-04T07:57:17.140+0000] {logging_mixin.py:120} INFO - [2023-10-04T07:57:17.140+0000] {dag.py:2585} INFO - Sync 1 DAGs
[2023-10-04T07:57:17.178+0000] {logging_mixin.py:120} INFO - [2023-10-04T07:57:17.177+0000] {dag.py:3340} INFO - Setting next_dagrun for latest_only to 2023-10-04T03:57:17.177557+00:00, run_after=2023-10-04T07:57:17.177557+00:00
[2023-10-04T07:57:17.235+0000] {processor.py:176} INFO - Processing /home/airflow/.local/lib/python3.7/site-packages/airflow/example_dags/example_latest_only.py took 0.172 seconds
[2023-10-04T07:57:47.458+0000] {processor.py:154} INFO - Started process (PID=2008) to work on /home/airflow/.local/lib/python3.7/site-packages/airflow/example_dags/example_latest_only.py
[2023-10-04T07:57:47.459+0000] {processor.py:756} INFO - Processing file /home/airflow/.local/lib/python3.7/site-packages/airflow/example_dags/example_latest_only.py for tasks to queue
[2023-10-04T07:57:47.460+0000] {logging_mixin.py:120} INFO - [2023-10-04T07:57:47.460+0000] {dagbag.py:537} INFO - Filling up the DagBag from /home/airflow/.local/lib/python3.7/site-packages/airflow/example_dags/example_latest_only.py
[2023-10-04T07:57:47.474+0000] {processor.py:766} INFO - DAG(s) dict_keys(['latest_only']) retrieved from /home/airflow/.local/lib/python3.7/site-packages/airflow/example_dags/example_latest_only.py
[2023-10-04T07:57:47.507+0000] {logging_mixin.py:120} INFO - [2023-10-04T07:57:47.507+0000] {dag.py:2585} INFO - Sync 1 DAGs
[2023-10-04T07:57:47.528+0000] {logging_mixin.py:120} INFO - [2023-10-04T07:57:47.528+0000] {dag.py:3340} INFO - Setting next_dagrun for latest_only to 2023-10-04T03:57:47.528323+00:00, run_after=2023-10-04T07:57:47.528323+00:00
[2023-10-04T07:57:47.550+0000] {processor.py:176} INFO - Processing /home/airflow/.local/lib/python3.7/site-packages/airflow/example_dags/example_latest_only.py took 0.098 seconds
[2023-10-04T07:58:17.906+0000] {processor.py:154} INFO - Started process (PID=2075) to work on /home/airflow/.local/lib/python3.7/site-packages/airflow/example_dags/example_latest_only.py
[2023-10-04T07:58:17.908+0000] {processor.py:756} INFO - Processing file /home/airflow/.local/lib/python3.7/site-packages/airflow/example_dags/example_latest_only.py for tasks to queue
[2023-10-04T07:58:17.909+0000] {logging_mixin.py:120} INFO - [2023-10-04T07:58:17.909+0000] {dagbag.py:537} INFO - Filling up the DagBag from /home/airflow/.local/lib/python3.7/site-packages/airflow/example_dags/example_latest_only.py
[2023-10-04T07:58:17.924+0000] {processor.py:766} INFO - DAG(s) dict_keys(['latest_only']) retrieved from /home/airflow/.local/lib/python3.7/site-packages/airflow/example_dags/example_latest_only.py
[2023-10-04T07:58:17.961+0000] {logging_mixin.py:120} INFO - [2023-10-04T07:58:17.961+0000] {dag.py:2585} INFO - Sync 1 DAGs
[2023-10-04T07:58:17.980+0000] {logging_mixin.py:120} INFO - [2023-10-04T07:58:17.980+0000] {dag.py:3340} INFO - Setting next_dagrun for latest_only to 2023-10-04T03:58:17.980249+00:00, run_after=2023-10-04T07:58:17.980249+00:00
[2023-10-04T07:58:18.000+0000] {processor.py:176} INFO - Processing /home/airflow/.local/lib/python3.7/site-packages/airflow/example_dags/example_latest_only.py took 0.099 seconds
[2023-10-04T07:58:48.518+0000] {processor.py:154} INFO - Started process (PID=2142) to work on /home/airflow/.local/lib/python3.7/site-packages/airflow/example_dags/example_latest_only.py
[2023-10-04T07:58:48.521+0000] {processor.py:756} INFO - Processing file /home/airflow/.local/lib/python3.7/site-packages/airflow/example_dags/example_latest_only.py for tasks to queue
[2023-10-04T07:58:48.523+0000] {logging_mixin.py:120} INFO - [2023-10-04T07:58:48.523+0000] {dagbag.py:537} INFO - Filling up the DagBag from /home/airflow/.local/lib/python3.7/site-packages/airflow/example_dags/example_latest_only.py
[2023-10-04T07:58:48.535+0000] {processor.py:766} INFO - DAG(s) dict_keys(['latest_only']) retrieved from /home/airflow/.local/lib/python3.7/site-packages/airflow/example_dags/example_latest_only.py
[2023-10-04T07:58:48.568+0000] {logging_mixin.py:120} INFO - [2023-10-04T07:58:48.568+0000] {dag.py:2585} INFO - Sync 1 DAGs
[2023-10-04T07:58:48.587+0000] {logging_mixin.py:120} INFO - [2023-10-04T07:58:48.587+0000] {dag.py:3340} INFO - Setting next_dagrun for latest_only to 2023-10-04T03:58:48.587619+00:00, run_after=2023-10-04T07:58:48.587619+00:00
[2023-10-04T07:58:48.608+0000] {processor.py:176} INFO - Processing /home/airflow/.local/lib/python3.7/site-packages/airflow/example_dags/example_latest_only.py took 0.095 seconds
[2023-10-04T07:59:19.070+0000] {processor.py:154} INFO - Started process (PID=2201) to work on /home/airflow/.local/lib/python3.7/site-packages/airflow/example_dags/example_latest_only.py
[2023-10-04T07:59:19.072+0000] {processor.py:756} INFO - Processing file /home/airflow/.local/lib/python3.7/site-packages/airflow/example_dags/example_latest_only.py for tasks to queue
[2023-10-04T07:59:19.074+0000] {logging_mixin.py:120} INFO - [2023-10-04T07:59:19.073+0000] {dagbag.py:537} INFO - Filling up the DagBag from /home/airflow/.local/lib/python3.7/site-packages/airflow/example_dags/example_latest_only.py
[2023-10-04T07:59:19.087+0000] {processor.py:766} INFO - DAG(s) dict_keys(['latest_only']) retrieved from /home/airflow/.local/lib/python3.7/site-packages/airflow/example_dags/example_latest_only.py
[2023-10-04T07:59:19.121+0000] {logging_mixin.py:120} INFO - [2023-10-04T07:59:19.121+0000] {dag.py:2585} INFO - Sync 1 DAGs
[2023-10-04T07:59:19.141+0000] {logging_mixin.py:120} INFO - [2023-10-04T07:59:19.141+0000] {dag.py:3340} INFO - Setting next_dagrun for latest_only to 2023-10-04T03:59:19.141028+00:00, run_after=2023-10-04T07:59:19.141028+00:00
[2023-10-04T07:59:19.162+0000] {processor.py:176} INFO - Processing /home/airflow/.local/lib/python3.7/site-packages/airflow/example_dags/example_latest_only.py took 0.096 seconds
[2023-10-04T07:59:49.651+0000] {processor.py:154} INFO - Started process (PID=2268) to work on /home/airflow/.local/lib/python3.7/site-packages/airflow/example_dags/example_latest_only.py
[2023-10-04T07:59:49.652+0000] {processor.py:756} INFO - Processing file /home/airflow/.local/lib/python3.7/site-packages/airflow/example_dags/example_latest_only.py for tasks to queue
[2023-10-04T07:59:49.653+0000] {logging_mixin.py:120} INFO - [2023-10-04T07:59:49.653+0000] {dagbag.py:537} INFO - Filling up the DagBag from /home/airflow/.local/lib/python3.7/site-packages/airflow/example_dags/example_latest_only.py
[2023-10-04T07:59:49.667+0000] {processor.py:766} INFO - DAG(s) dict_keys(['latest_only']) retrieved from /home/airflow/.local/lib/python3.7/site-packages/airflow/example_dags/example_latest_only.py
[2023-10-04T07:59:49.707+0000] {logging_mixin.py:120} INFO - [2023-10-04T07:59:49.707+0000] {dag.py:2585} INFO - Sync 1 DAGs
[2023-10-04T07:59:49.733+0000] {logging_mixin.py:120} INFO - [2023-10-04T07:59:49.733+0000] {dag.py:3340} INFO - Setting next_dagrun for latest_only to 2023-10-04T03:59:49.733281+00:00, run_after=2023-10-04T07:59:49.733281+00:00
[2023-10-04T07:59:49.756+0000] {processor.py:176} INFO - Processing /home/airflow/.local/lib/python3.7/site-packages/airflow/example_dags/example_latest_only.py took 0.108 seconds
[2023-10-04T08:00:20.487+0000] {processor.py:154} INFO - Started process (PID=2335) to work on /home/airflow/.local/lib/python3.7/site-packages/airflow/example_dags/example_latest_only.py
[2023-10-04T08:00:20.489+0000] {processor.py:756} INFO - Processing file /home/airflow/.local/lib/python3.7/site-packages/airflow/example_dags/example_latest_only.py for tasks to queue
[2023-10-04T08:00:20.491+0000] {logging_mixin.py:120} INFO - [2023-10-04T08:00:20.491+0000] {dagbag.py:537} INFO - Filling up the DagBag from /home/airflow/.local/lib/python3.7/site-packages/airflow/example_dags/example_latest_only.py
[2023-10-04T08:00:20.504+0000] {processor.py:766} INFO - DAG(s) dict_keys(['latest_only']) retrieved from /home/airflow/.local/lib/python3.7/site-packages/airflow/example_dags/example_latest_only.py
[2023-10-04T08:00:20.542+0000] {logging_mixin.py:120} INFO - [2023-10-04T08:00:20.542+0000] {dag.py:2585} INFO - Sync 1 DAGs
[2023-10-04T08:00:20.563+0000] {logging_mixin.py:120} INFO - [2023-10-04T08:00:20.563+0000] {dag.py:3340} INFO - Setting next_dagrun for latest_only to 2023-10-04T04:00:20.563491+00:00, run_after=2023-10-04T08:00:20.563491+00:00
[2023-10-04T08:00:20.584+0000] {processor.py:176} INFO - Processing /home/airflow/.local/lib/python3.7/site-packages/airflow/example_dags/example_latest_only.py took 0.101 seconds
[2023-10-04T08:00:51.349+0000] {processor.py:154} INFO - Started process (PID=2403) to work on /home/airflow/.local/lib/python3.7/site-packages/airflow/example_dags/example_latest_only.py
[2023-10-04T08:00:51.350+0000] {processor.py:756} INFO - Processing file /home/airflow/.local/lib/python3.7/site-packages/airflow/example_dags/example_latest_only.py for tasks to queue
[2023-10-04T08:00:51.351+0000] {logging_mixin.py:120} INFO - [2023-10-04T08:00:51.351+0000] {dagbag.py:537} INFO - Filling up the DagBag from /home/airflow/.local/lib/python3.7/site-packages/airflow/example_dags/example_latest_only.py
[2023-10-04T08:00:51.364+0000] {processor.py:766} INFO - DAG(s) dict_keys(['latest_only']) retrieved from /home/airflow/.local/lib/python3.7/site-packages/airflow/example_dags/example_latest_only.py
[2023-10-04T08:00:51.397+0000] {logging_mixin.py:120} INFO - [2023-10-04T08:00:51.397+0000] {dag.py:2585} INFO - Sync 1 DAGs
[2023-10-04T08:00:51.418+0000] {logging_mixin.py:120} INFO - [2023-10-04T08:00:51.418+0000] {dag.py:3340} INFO - Setting next_dagrun for latest_only to 2023-10-04T04:00:51.418298+00:00, run_after=2023-10-04T08:00:51.418298+00:00
[2023-10-04T08:00:51.440+0000] {processor.py:176} INFO - Processing /home/airflow/.local/lib/python3.7/site-packages/airflow/example_dags/example_latest_only.py took 0.094 seconds
[2023-10-04T08:01:21.651+0000] {processor.py:154} INFO - Started process (PID=2461) to work on /home/airflow/.local/lib/python3.7/site-packages/airflow/example_dags/example_latest_only.py
[2023-10-04T08:01:21.654+0000] {processor.py:756} INFO - Processing file /home/airflow/.local/lib/python3.7/site-packages/airflow/example_dags/example_latest_only.py for tasks to queue
[2023-10-04T08:01:21.656+0000] {logging_mixin.py:120} INFO - [2023-10-04T08:01:21.655+0000] {dagbag.py:537} INFO - Filling up the DagBag from /home/airflow/.local/lib/python3.7/site-packages/airflow/example_dags/example_latest_only.py
[2023-10-04T08:01:21.668+0000] {processor.py:766} INFO - DAG(s) dict_keys(['latest_only']) retrieved from /home/airflow/.local/lib/python3.7/site-packages/airflow/example_dags/example_latest_only.py
[2023-10-04T08:01:21.702+0000] {logging_mixin.py:120} INFO - [2023-10-04T08:01:21.702+0000] {dag.py:2585} INFO - Sync 1 DAGs
[2023-10-04T08:01:21.723+0000] {logging_mixin.py:120} INFO - [2023-10-04T08:01:21.723+0000] {dag.py:3340} INFO - Setting next_dagrun for latest_only to 2023-10-04T04:01:21.722911+00:00, run_after=2023-10-04T08:01:21.722911+00:00
[2023-10-04T08:01:21.747+0000] {processor.py:176} INFO - Processing /home/airflow/.local/lib/python3.7/site-packages/airflow/example_dags/example_latest_only.py took 0.100 seconds
[2023-10-04T08:01:52.117+0000] {processor.py:154} INFO - Started process (PID=2528) to work on /home/airflow/.local/lib/python3.7/site-packages/airflow/example_dags/example_latest_only.py
[2023-10-04T08:01:52.118+0000] {processor.py:756} INFO - Processing file /home/airflow/.local/lib/python3.7/site-packages/airflow/example_dags/example_latest_only.py for tasks to queue
[2023-10-04T08:01:52.119+0000] {logging_mixin.py:120} INFO - [2023-10-04T08:01:52.119+0000] {dagbag.py:537} INFO - Filling up the DagBag from /home/airflow/.local/lib/python3.7/site-packages/airflow/example_dags/example_latest_only.py
[2023-10-04T08:01:52.132+0000] {processor.py:766} INFO - DAG(s) dict_keys(['latest_only']) retrieved from /home/airflow/.local/lib/python3.7/site-packages/airflow/example_dags/example_latest_only.py
[2023-10-04T08:01:52.176+0000] {logging_mixin.py:120} INFO - [2023-10-04T08:01:52.175+0000] {dag.py:2585} INFO - Sync 1 DAGs
[2023-10-04T08:01:52.197+0000] {logging_mixin.py:120} INFO - [2023-10-04T08:01:52.197+0000] {dag.py:3340} INFO - Setting next_dagrun for latest_only to 2023-10-04T04:01:52.197136+00:00, run_after=2023-10-04T08:01:52.197136+00:00
[2023-10-04T08:01:52.222+0000] {processor.py:176} INFO - Processing /home/airflow/.local/lib/python3.7/site-packages/airflow/example_dags/example_latest_only.py took 0.108 seconds
[2023-10-04T08:02:22.731+0000] {processor.py:154} INFO - Started process (PID=2596) to work on /home/airflow/.local/lib/python3.7/site-packages/airflow/example_dags/example_latest_only.py
[2023-10-04T08:02:22.733+0000] {processor.py:756} INFO - Processing file /home/airflow/.local/lib/python3.7/site-packages/airflow/example_dags/example_latest_only.py for tasks to queue
[2023-10-04T08:02:22.736+0000] {logging_mixin.py:120} INFO - [2023-10-04T08:02:22.735+0000] {dagbag.py:537} INFO - Filling up the DagBag from /home/airflow/.local/lib/python3.7/site-packages/airflow/example_dags/example_latest_only.py
[2023-10-04T08:02:22.750+0000] {processor.py:766} INFO - DAG(s) dict_keys(['latest_only']) retrieved from /home/airflow/.local/lib/python3.7/site-packages/airflow/example_dags/example_latest_only.py
[2023-10-04T08:02:22.851+0000] {logging_mixin.py:120} INFO - [2023-10-04T08:02:22.851+0000] {dag.py:2585} INFO - Sync 1 DAGs
[2023-10-04T08:02:22.874+0000] {logging_mixin.py:120} INFO - [2023-10-04T08:02:22.874+0000] {dag.py:3340} INFO - Setting next_dagrun for latest_only to 2023-10-04T04:02:22.874146+00:00, run_after=2023-10-04T08:02:22.874146+00:00
[2023-10-04T08:02:22.896+0000] {processor.py:176} INFO - Processing /home/airflow/.local/lib/python3.7/site-packages/airflow/example_dags/example_latest_only.py took 0.170 seconds
[2023-10-04T08:02:53.060+0000] {processor.py:154} INFO - Started process (PID=2663) to work on /home/airflow/.local/lib/python3.7/site-packages/airflow/example_dags/example_latest_only.py
[2023-10-04T08:02:53.062+0000] {processor.py:756} INFO - Processing file /home/airflow/.local/lib/python3.7/site-packages/airflow/example_dags/example_latest_only.py for tasks to queue
[2023-10-04T08:02:53.063+0000] {logging_mixin.py:120} INFO - [2023-10-04T08:02:53.062+0000] {dagbag.py:537} INFO - Filling up the DagBag from /home/airflow/.local/lib/python3.7/site-packages/airflow/example_dags/example_latest_only.py
[2023-10-04T08:02:53.078+0000] {processor.py:766} INFO - DAG(s) dict_keys(['latest_only']) retrieved from /home/airflow/.local/lib/python3.7/site-packages/airflow/example_dags/example_latest_only.py
[2023-10-04T08:02:53.120+0000] {logging_mixin.py:120} INFO - [2023-10-04T08:02:53.120+0000] {dag.py:2585} INFO - Sync 1 DAGs
[2023-10-04T08:02:53.151+0000] {logging_mixin.py:120} INFO - [2023-10-04T08:02:53.151+0000] {dag.py:3340} INFO - Setting next_dagrun for latest_only to 2023-10-04T04:02:53.151164+00:00, run_after=2023-10-04T08:02:53.151164+00:00
[2023-10-04T08:02:53.187+0000] {processor.py:176} INFO - Processing /home/airflow/.local/lib/python3.7/site-packages/airflow/example_dags/example_latest_only.py took 0.130 seconds
[2023-10-04T08:03:23.687+0000] {processor.py:154} INFO - Started process (PID=2721) to work on /home/airflow/.local/lib/python3.7/site-packages/airflow/example_dags/example_latest_only.py
[2023-10-04T08:03:23.688+0000] {processor.py:756} INFO - Processing file /home/airflow/.local/lib/python3.7/site-packages/airflow/example_dags/example_latest_only.py for tasks to queue
[2023-10-04T08:03:23.689+0000] {logging_mixin.py:120} INFO - [2023-10-04T08:03:23.689+0000] {dagbag.py:537} INFO - Filling up the DagBag from /home/airflow/.local/lib/python3.7/site-packages/airflow/example_dags/example_latest_only.py
[2023-10-04T08:03:23.701+0000] {processor.py:766} INFO - DAG(s) dict_keys(['latest_only']) retrieved from /home/airflow/.local/lib/python3.7/site-packages/airflow/example_dags/example_latest_only.py
[2023-10-04T08:03:23.742+0000] {logging_mixin.py:120} INFO - [2023-10-04T08:03:23.742+0000] {dag.py:2585} INFO - Sync 1 DAGs
[2023-10-04T08:03:23.765+0000] {logging_mixin.py:120} INFO - [2023-10-04T08:03:23.765+0000] {dag.py:3340} INFO - Setting next_dagrun for latest_only to 2023-10-04T04:03:23.764895+00:00, run_after=2023-10-04T08:03:23.764895+00:00
[2023-10-04T08:03:23.791+0000] {processor.py:176} INFO - Processing /home/airflow/.local/lib/python3.7/site-packages/airflow/example_dags/example_latest_only.py took 0.107 seconds
[2023-10-04T08:03:53.943+0000] {processor.py:154} INFO - Started process (PID=2788) to work on /home/airflow/.local/lib/python3.7/site-packages/airflow/example_dags/example_latest_only.py
[2023-10-04T08:03:53.944+0000] {processor.py:756} INFO - Processing file /home/airflow/.local/lib/python3.7/site-packages/airflow/example_dags/example_latest_only.py for tasks to queue
[2023-10-04T08:03:53.945+0000] {logging_mixin.py:120} INFO - [2023-10-04T08:03:53.945+0000] {dagbag.py:537} INFO - Filling up the DagBag from /home/airflow/.local/lib/python3.7/site-packages/airflow/example_dags/example_latest_only.py
[2023-10-04T08:03:53.957+0000] {processor.py:766} INFO - DAG(s) dict_keys(['latest_only']) retrieved from /home/airflow/.local/lib/python3.7/site-packages/airflow/example_dags/example_latest_only.py
[2023-10-04T08:03:53.990+0000] {logging_mixin.py:120} INFO - [2023-10-04T08:03:53.990+0000] {dag.py:2585} INFO - Sync 1 DAGs
[2023-10-04T08:03:54.013+0000] {logging_mixin.py:120} INFO - [2023-10-04T08:03:54.013+0000] {dag.py:3340} INFO - Setting next_dagrun for latest_only to 2023-10-04T04:03:54.013417+00:00, run_after=2023-10-04T08:03:54.013417+00:00
[2023-10-04T08:03:54.035+0000] {processor.py:176} INFO - Processing /home/airflow/.local/lib/python3.7/site-packages/airflow/example_dags/example_latest_only.py took 0.095 seconds
[2023-10-04T08:04:24.383+0000] {processor.py:154} INFO - Started process (PID=2855) to work on /home/airflow/.local/lib/python3.7/site-packages/airflow/example_dags/example_latest_only.py
[2023-10-04T08:04:24.384+0000] {processor.py:756} INFO - Processing file /home/airflow/.local/lib/python3.7/site-packages/airflow/example_dags/example_latest_only.py for tasks to queue
[2023-10-04T08:04:24.386+0000] {logging_mixin.py:120} INFO - [2023-10-04T08:04:24.386+0000] {dagbag.py:537} INFO - Filling up the DagBag from /home/airflow/.local/lib/python3.7/site-packages/airflow/example_dags/example_latest_only.py
[2023-10-04T08:04:24.400+0000] {processor.py:766} INFO - DAG(s) dict_keys(['latest_only']) retrieved from /home/airflow/.local/lib/python3.7/site-packages/airflow/example_dags/example_latest_only.py
[2023-10-04T08:04:24.439+0000] {logging_mixin.py:120} INFO - [2023-10-04T08:04:24.439+0000] {dag.py:2585} INFO - Sync 1 DAGs
[2023-10-04T08:04:24.458+0000] {logging_mixin.py:120} INFO - [2023-10-04T08:04:24.458+0000] {dag.py:3340} INFO - Setting next_dagrun for latest_only to 2023-10-04T04:04:24.458558+00:00, run_after=2023-10-04T08:04:24.458558+00:00
[2023-10-04T08:04:24.479+0000] {processor.py:176} INFO - Processing /home/airflow/.local/lib/python3.7/site-packages/airflow/example_dags/example_latest_only.py took 0.101 seconds
[2023-10-04T08:04:54.870+0000] {processor.py:154} INFO - Started process (PID=2913) to work on /home/airflow/.local/lib/python3.7/site-packages/airflow/example_dags/example_latest_only.py
[2023-10-04T08:04:54.872+0000] {processor.py:756} INFO - Processing file /home/airflow/.local/lib/python3.7/site-packages/airflow/example_dags/example_latest_only.py for tasks to queue
[2023-10-04T08:04:54.873+0000] {logging_mixin.py:120} INFO - [2023-10-04T08:04:54.873+0000] {dagbag.py:537} INFO - Filling up the DagBag from /home/airflow/.local/lib/python3.7/site-packages/airflow/example_dags/example_latest_only.py
[2023-10-04T08:04:54.891+0000] {processor.py:766} INFO - DAG(s) dict_keys(['latest_only']) retrieved from /home/airflow/.local/lib/python3.7/site-packages/airflow/example_dags/example_latest_only.py
[2023-10-04T08:04:54.931+0000] {logging_mixin.py:120} INFO - [2023-10-04T08:04:54.930+0000] {dag.py:2585} INFO - Sync 1 DAGs
[2023-10-04T08:04:54.955+0000] {logging_mixin.py:120} INFO - [2023-10-04T08:04:54.955+0000] {dag.py:3340} INFO - Setting next_dagrun for latest_only to 2023-10-04T04:04:54.954812+00:00, run_after=2023-10-04T08:04:54.954812+00:00
[2023-10-04T08:04:54.978+0000] {processor.py:176} INFO - Processing /home/airflow/.local/lib/python3.7/site-packages/airflow/example_dags/example_latest_only.py took 0.112 seconds
[2023-10-04T08:05:25.946+0000] {processor.py:154} INFO - Started process (PID=2980) to work on /home/airflow/.local/lib/python3.7/site-packages/airflow/example_dags/example_latest_only.py
[2023-10-04T08:05:25.948+0000] {processor.py:756} INFO - Processing file /home/airflow/.local/lib/python3.7/site-packages/airflow/example_dags/example_latest_only.py for tasks to queue
[2023-10-04T08:05:25.949+0000] {logging_mixin.py:120} INFO - [2023-10-04T08:05:25.949+0000] {dagbag.py:537} INFO - Filling up the DagBag from /home/airflow/.local/lib/python3.7/site-packages/airflow/example_dags/example_latest_only.py
[2023-10-04T08:05:25.963+0000] {processor.py:766} INFO - DAG(s) dict_keys(['latest_only']) retrieved from /home/airflow/.local/lib/python3.7/site-packages/airflow/example_dags/example_latest_only.py
[2023-10-04T08:05:26.005+0000] {logging_mixin.py:120} INFO - [2023-10-04T08:05:26.005+0000] {dag.py:2585} INFO - Sync 1 DAGs
[2023-10-04T08:05:26.043+0000] {logging_mixin.py:120} INFO - [2023-10-04T08:05:26.043+0000] {dag.py:3340} INFO - Setting next_dagrun for latest_only to 2023-10-04T04:05:26.043261+00:00, run_after=2023-10-04T08:05:26.043261+00:00
[2023-10-04T08:05:26.074+0000] {processor.py:176} INFO - Processing /home/airflow/.local/lib/python3.7/site-packages/airflow/example_dags/example_latest_only.py took 0.131 seconds
[2023-10-04T08:05:56.624+0000] {processor.py:154} INFO - Started process (PID=3047) to work on /home/airflow/.local/lib/python3.7/site-packages/airflow/example_dags/example_latest_only.py
[2023-10-04T08:05:56.625+0000] {processor.py:756} INFO - Processing file /home/airflow/.local/lib/python3.7/site-packages/airflow/example_dags/example_latest_only.py for tasks to queue
[2023-10-04T08:05:56.626+0000] {logging_mixin.py:120} INFO - [2023-10-04T08:05:56.626+0000] {dagbag.py:537} INFO - Filling up the DagBag from /home/airflow/.local/lib/python3.7/site-packages/airflow/example_dags/example_latest_only.py
[2023-10-04T08:05:56.639+0000] {processor.py:766} INFO - DAG(s) dict_keys(['latest_only']) retrieved from /home/airflow/.local/lib/python3.7/site-packages/airflow/example_dags/example_latest_only.py
[2023-10-04T08:05:56.674+0000] {logging_mixin.py:120} INFO - [2023-10-04T08:05:56.674+0000] {dag.py:2585} INFO - Sync 1 DAGs
[2023-10-04T08:05:56.696+0000] {logging_mixin.py:120} INFO - [2023-10-04T08:05:56.695+0000] {dag.py:3340} INFO - Setting next_dagrun for latest_only to 2023-10-04T04:05:56.695738+00:00, run_after=2023-10-04T08:05:56.695738+00:00
[2023-10-04T08:05:56.715+0000] {processor.py:176} INFO - Processing /home/airflow/.local/lib/python3.7/site-packages/airflow/example_dags/example_latest_only.py took 0.095 seconds
[2023-10-04T08:06:27.148+0000] {processor.py:154} INFO - Started process (PID=3114) to work on /home/airflow/.local/lib/python3.7/site-packages/airflow/example_dags/example_latest_only.py
[2023-10-04T08:06:27.149+0000] {processor.py:756} INFO - Processing file /home/airflow/.local/lib/python3.7/site-packages/airflow/example_dags/example_latest_only.py for tasks to queue
[2023-10-04T08:06:27.151+0000] {logging_mixin.py:120} INFO - [2023-10-04T08:06:27.150+0000] {dagbag.py:537} INFO - Filling up the DagBag from /home/airflow/.local/lib/python3.7/site-packages/airflow/example_dags/example_latest_only.py
[2023-10-04T08:06:27.163+0000] {processor.py:766} INFO - DAG(s) dict_keys(['latest_only']) retrieved from /home/airflow/.local/lib/python3.7/site-packages/airflow/example_dags/example_latest_only.py
[2023-10-04T08:06:27.208+0000] {logging_mixin.py:120} INFO - [2023-10-04T08:06:27.208+0000] {dag.py:2585} INFO - Sync 1 DAGs
[2023-10-04T08:06:27.240+0000] {logging_mixin.py:120} INFO - [2023-10-04T08:06:27.239+0000] {dag.py:3340} INFO - Setting next_dagrun for latest_only to 2023-10-04T04:06:27.239453+00:00, run_after=2023-10-04T08:06:27.239453+00:00
[2023-10-04T08:06:27.262+0000] {processor.py:176} INFO - Processing /home/airflow/.local/lib/python3.7/site-packages/airflow/example_dags/example_latest_only.py took 0.118 seconds
[2023-10-04T08:06:57.610+0000] {processor.py:154} INFO - Started process (PID=3172) to work on /home/airflow/.local/lib/python3.7/site-packages/airflow/example_dags/example_latest_only.py
[2023-10-04T08:06:57.612+0000] {processor.py:756} INFO - Processing file /home/airflow/.local/lib/python3.7/site-packages/airflow/example_dags/example_latest_only.py for tasks to queue
[2023-10-04T08:06:57.613+0000] {logging_mixin.py:120} INFO - [2023-10-04T08:06:57.613+0000] {dagbag.py:537} INFO - Filling up the DagBag from /home/airflow/.local/lib/python3.7/site-packages/airflow/example_dags/example_latest_only.py
[2023-10-04T08:06:57.634+0000] {processor.py:766} INFO - DAG(s) dict_keys(['latest_only']) retrieved from /home/airflow/.local/lib/python3.7/site-packages/airflow/example_dags/example_latest_only.py
[2023-10-04T08:06:57.679+0000] {logging_mixin.py:120} INFO - [2023-10-04T08:06:57.679+0000] {dag.py:2585} INFO - Sync 1 DAGs
[2023-10-04T08:06:57.708+0000] {logging_mixin.py:120} INFO - [2023-10-04T08:06:57.708+0000] {dag.py:3340} INFO - Setting next_dagrun for latest_only to 2023-10-04T04:06:57.708228+00:00, run_after=2023-10-04T08:06:57.708228+00:00
[2023-10-04T08:06:57.733+0000] {processor.py:176} INFO - Processing /home/airflow/.local/lib/python3.7/site-packages/airflow/example_dags/example_latest_only.py took 0.128 seconds
[2023-10-04T08:07:28.378+0000] {processor.py:154} INFO - Started process (PID=3239) to work on /home/airflow/.local/lib/python3.7/site-packages/airflow/example_dags/example_latest_only.py
[2023-10-04T08:07:28.381+0000] {processor.py:756} INFO - Processing file /home/airflow/.local/lib/python3.7/site-packages/airflow/example_dags/example_latest_only.py for tasks to queue
[2023-10-04T08:07:28.382+0000] {logging_mixin.py:120} INFO - [2023-10-04T08:07:28.382+0000] {dagbag.py:537} INFO - Filling up the DagBag from /home/airflow/.local/lib/python3.7/site-packages/airflow/example_dags/example_latest_only.py
[2023-10-04T08:07:28.397+0000] {processor.py:766} INFO - DAG(s) dict_keys(['latest_only']) retrieved from /home/airflow/.local/lib/python3.7/site-packages/airflow/example_dags/example_latest_only.py
[2023-10-04T08:07:28.429+0000] {logging_mixin.py:120} INFO - [2023-10-04T08:07:28.429+0000] {dag.py:2585} INFO - Sync 1 DAGs
[2023-10-04T08:07:28.448+0000] {logging_mixin.py:120} INFO - [2023-10-04T08:07:28.447+0000] {dag.py:3340} INFO - Setting next_dagrun for latest_only to 2023-10-04T04:07:28.447680+00:00, run_after=2023-10-04T08:07:28.447680+00:00
[2023-10-04T08:07:28.466+0000] {processor.py:176} INFO - Processing /home/airflow/.local/lib/python3.7/site-packages/airflow/example_dags/example_latest_only.py took 0.093 seconds
[2023-10-04T08:07:58.711+0000] {processor.py:154} INFO - Started process (PID=3306) to work on /home/airflow/.local/lib/python3.7/site-packages/airflow/example_dags/example_latest_only.py
[2023-10-04T08:07:58.713+0000] {processor.py:756} INFO - Processing file /home/airflow/.local/lib/python3.7/site-packages/airflow/example_dags/example_latest_only.py for tasks to queue
[2023-10-04T08:07:58.714+0000] {logging_mixin.py:120} INFO - [2023-10-04T08:07:58.714+0000] {dagbag.py:537} INFO - Filling up the DagBag from /home/airflow/.local/lib/python3.7/site-packages/airflow/example_dags/example_latest_only.py
[2023-10-04T08:07:58.726+0000] {processor.py:766} INFO - DAG(s) dict_keys(['latest_only']) retrieved from /home/airflow/.local/lib/python3.7/site-packages/airflow/example_dags/example_latest_only.py
[2023-10-04T08:07:58.761+0000] {logging_mixin.py:120} INFO - [2023-10-04T08:07:58.761+0000] {dag.py:2585} INFO - Sync 1 DAGs
[2023-10-04T08:07:58.786+0000] {logging_mixin.py:120} INFO - [2023-10-04T08:07:58.786+0000] {dag.py:3340} INFO - Setting next_dagrun for latest_only to 2023-10-04T04:07:58.785829+00:00, run_after=2023-10-04T08:07:58.785829+00:00
[2023-10-04T08:07:58.808+0000] {processor.py:176} INFO - Processing /home/airflow/.local/lib/python3.7/site-packages/airflow/example_dags/example_latest_only.py took 0.100 seconds
[2023-10-04T08:08:29.009+0000] {processor.py:154} INFO - Started process (PID=3373) to work on /home/airflow/.local/lib/python3.7/site-packages/airflow/example_dags/example_latest_only.py
[2023-10-04T08:08:29.010+0000] {processor.py:756} INFO - Processing file /home/airflow/.local/lib/python3.7/site-packages/airflow/example_dags/example_latest_only.py for tasks to queue
[2023-10-04T08:08:29.011+0000] {logging_mixin.py:120} INFO - [2023-10-04T08:08:29.011+0000] {dagbag.py:537} INFO - Filling up the DagBag from /home/airflow/.local/lib/python3.7/site-packages/airflow/example_dags/example_latest_only.py
[2023-10-04T08:08:29.027+0000] {processor.py:766} INFO - DAG(s) dict_keys(['latest_only']) retrieved from /home/airflow/.local/lib/python3.7/site-packages/airflow/example_dags/example_latest_only.py
[2023-10-04T08:08:29.074+0000] {logging_mixin.py:120} INFO - [2023-10-04T08:08:29.074+0000] {dag.py:2585} INFO - Sync 1 DAGs
[2023-10-04T08:08:29.104+0000] {logging_mixin.py:120} INFO - [2023-10-04T08:08:29.104+0000] {dag.py:3340} INFO - Setting next_dagrun for latest_only to 2023-10-04T04:08:29.103891+00:00, run_after=2023-10-04T08:08:29.103891+00:00
[2023-10-04T08:08:29.131+0000] {processor.py:176} INFO - Processing /home/airflow/.local/lib/python3.7/site-packages/airflow/example_dags/example_latest_only.py took 0.126 seconds
[2023-10-04T08:08:59.249+0000] {processor.py:154} INFO - Started process (PID=3432) to work on /home/airflow/.local/lib/python3.7/site-packages/airflow/example_dags/example_latest_only.py
[2023-10-04T08:08:59.251+0000] {processor.py:756} INFO - Processing file /home/airflow/.local/lib/python3.7/site-packages/airflow/example_dags/example_latest_only.py for tasks to queue
[2023-10-04T08:08:59.253+0000] {logging_mixin.py:120} INFO - [2023-10-04T08:08:59.252+0000] {dagbag.py:537} INFO - Filling up the DagBag from /home/airflow/.local/lib/python3.7/site-packages/airflow/example_dags/example_latest_only.py
[2023-10-04T08:08:59.266+0000] {processor.py:766} INFO - DAG(s) dict_keys(['latest_only']) retrieved from /home/airflow/.local/lib/python3.7/site-packages/airflow/example_dags/example_latest_only.py
[2023-10-04T08:08:59.298+0000] {logging_mixin.py:120} INFO - [2023-10-04T08:08:59.298+0000] {dag.py:2585} INFO - Sync 1 DAGs
[2023-10-04T08:08:59.316+0000] {logging_mixin.py:120} INFO - [2023-10-04T08:08:59.316+0000] {dag.py:3340} INFO - Setting next_dagrun for latest_only to 2023-10-04T04:08:59.316318+00:00, run_after=2023-10-04T08:08:59.316318+00:00
[2023-10-04T08:08:59.335+0000] {processor.py:176} INFO - Processing /home/airflow/.local/lib/python3.7/site-packages/airflow/example_dags/example_latest_only.py took 0.090 seconds
[2023-10-04T08:09:29.535+0000] {processor.py:154} INFO - Started process (PID=3499) to work on /home/airflow/.local/lib/python3.7/site-packages/airflow/example_dags/example_latest_only.py
[2023-10-04T08:09:29.537+0000] {processor.py:756} INFO - Processing file /home/airflow/.local/lib/python3.7/site-packages/airflow/example_dags/example_latest_only.py for tasks to queue
[2023-10-04T08:09:29.540+0000] {logging_mixin.py:120} INFO - [2023-10-04T08:09:29.539+0000] {dagbag.py:537} INFO - Filling up the DagBag from /home/airflow/.local/lib/python3.7/site-packages/airflow/example_dags/example_latest_only.py
[2023-10-04T08:09:29.554+0000] {processor.py:766} INFO - DAG(s) dict_keys(['latest_only']) retrieved from /home/airflow/.local/lib/python3.7/site-packages/airflow/example_dags/example_latest_only.py
[2023-10-04T08:09:29.588+0000] {logging_mixin.py:120} INFO - [2023-10-04T08:09:29.588+0000] {dag.py:2585} INFO - Sync 1 DAGs
[2023-10-04T08:09:29.609+0000] {logging_mixin.py:120} INFO - [2023-10-04T08:09:29.608+0000] {dag.py:3340} INFO - Setting next_dagrun for latest_only to 2023-10-04T04:09:29.608742+00:00, run_after=2023-10-04T08:09:29.608742+00:00
[2023-10-04T08:09:29.633+0000] {processor.py:176} INFO - Processing /home/airflow/.local/lib/python3.7/site-packages/airflow/example_dags/example_latest_only.py took 0.105 seconds
[2023-10-04T08:10:00.164+0000] {processor.py:154} INFO - Started process (PID=3566) to work on /home/airflow/.local/lib/python3.7/site-packages/airflow/example_dags/example_latest_only.py
[2023-10-04T08:10:00.166+0000] {processor.py:756} INFO - Processing file /home/airflow/.local/lib/python3.7/site-packages/airflow/example_dags/example_latest_only.py for tasks to queue
[2023-10-04T08:10:00.167+0000] {logging_mixin.py:120} INFO - [2023-10-04T08:10:00.167+0000] {dagbag.py:537} INFO - Filling up the DagBag from /home/airflow/.local/lib/python3.7/site-packages/airflow/example_dags/example_latest_only.py
[2023-10-04T08:10:00.178+0000] {processor.py:766} INFO - DAG(s) dict_keys(['latest_only']) retrieved from /home/airflow/.local/lib/python3.7/site-packages/airflow/example_dags/example_latest_only.py
[2023-10-04T08:10:00.211+0000] {logging_mixin.py:120} INFO - [2023-10-04T08:10:00.211+0000] {dag.py:2585} INFO - Sync 1 DAGs
[2023-10-04T08:10:00.232+0000] {logging_mixin.py:120} INFO - [2023-10-04T08:10:00.232+0000] {dag.py:3340} INFO - Setting next_dagrun for latest_only to 2023-10-04T04:10:00.232165+00:00, run_after=2023-10-04T08:10:00.232165+00:00
[2023-10-04T08:10:00.250+0000] {processor.py:176} INFO - Processing /home/airflow/.local/lib/python3.7/site-packages/airflow/example_dags/example_latest_only.py took 0.089 seconds
[2023-10-04T08:11:41.672+0000] {processor.py:154} INFO - Started process (PID=82) to work on /home/airflow/.local/lib/python3.7/site-packages/airflow/example_dags/example_latest_only.py
[2023-10-04T08:11:41.675+0000] {processor.py:756} INFO - Processing file /home/airflow/.local/lib/python3.7/site-packages/airflow/example_dags/example_latest_only.py for tasks to queue
[2023-10-04T08:11:41.678+0000] {logging_mixin.py:120} INFO - [2023-10-04T08:11:41.678+0000] {dagbag.py:537} INFO - Filling up the DagBag from /home/airflow/.local/lib/python3.7/site-packages/airflow/example_dags/example_latest_only.py
[2023-10-04T08:11:41.695+0000] {processor.py:766} INFO - DAG(s) dict_keys(['latest_only']) retrieved from /home/airflow/.local/lib/python3.7/site-packages/airflow/example_dags/example_latest_only.py
[2023-10-04T08:11:41.777+0000] {logging_mixin.py:120} INFO - [2023-10-04T08:11:41.777+0000] {dag.py:2585} INFO - Sync 1 DAGs
[2023-10-04T08:11:41.829+0000] {logging_mixin.py:120} INFO - [2023-10-04T08:11:41.828+0000] {dag.py:3340} INFO - Setting next_dagrun for latest_only to 2023-10-04T04:11:41.825628+00:00, run_after=2023-10-04T08:11:41.825628+00:00
[2023-10-04T08:11:41.882+0000] {processor.py:176} INFO - Processing /home/airflow/.local/lib/python3.7/site-packages/airflow/example_dags/example_latest_only.py took 0.215 seconds
[2023-10-04T08:12:12.336+0000] {processor.py:154} INFO - Started process (PID=141) to work on /home/airflow/.local/lib/python3.7/site-packages/airflow/example_dags/example_latest_only.py
[2023-10-04T08:12:12.337+0000] {processor.py:756} INFO - Processing file /home/airflow/.local/lib/python3.7/site-packages/airflow/example_dags/example_latest_only.py for tasks to queue
[2023-10-04T08:12:12.338+0000] {logging_mixin.py:120} INFO - [2023-10-04T08:12:12.338+0000] {dagbag.py:537} INFO - Filling up the DagBag from /home/airflow/.local/lib/python3.7/site-packages/airflow/example_dags/example_latest_only.py
[2023-10-04T08:12:12.351+0000] {processor.py:766} INFO - DAG(s) dict_keys(['latest_only']) retrieved from /home/airflow/.local/lib/python3.7/site-packages/airflow/example_dags/example_latest_only.py
[2023-10-04T08:12:12.387+0000] {logging_mixin.py:120} INFO - [2023-10-04T08:12:12.387+0000] {dag.py:2585} INFO - Sync 1 DAGs
[2023-10-04T08:12:12.408+0000] {logging_mixin.py:120} INFO - [2023-10-04T08:12:12.408+0000] {dag.py:3340} INFO - Setting next_dagrun for latest_only to 2023-10-04T04:12:12.408212+00:00, run_after=2023-10-04T08:12:12.408212+00:00
[2023-10-04T08:12:12.432+0000] {processor.py:176} INFO - Processing /home/airflow/.local/lib/python3.7/site-packages/airflow/example_dags/example_latest_only.py took 0.100 seconds
[2023-10-04T08:12:42.825+0000] {processor.py:154} INFO - Started process (PID=211) to work on /home/airflow/.local/lib/python3.7/site-packages/airflow/example_dags/example_latest_only.py
[2023-10-04T08:12:42.828+0000] {processor.py:756} INFO - Processing file /home/airflow/.local/lib/python3.7/site-packages/airflow/example_dags/example_latest_only.py for tasks to queue
[2023-10-04T08:12:42.831+0000] {logging_mixin.py:120} INFO - [2023-10-04T08:12:42.830+0000] {dagbag.py:537} INFO - Filling up the DagBag from /home/airflow/.local/lib/python3.7/site-packages/airflow/example_dags/example_latest_only.py
[2023-10-04T08:12:42.855+0000] {processor.py:766} INFO - DAG(s) dict_keys(['latest_only']) retrieved from /home/airflow/.local/lib/python3.7/site-packages/airflow/example_dags/example_latest_only.py
[2023-10-04T08:12:42.919+0000] {logging_mixin.py:120} INFO - [2023-10-04T08:12:42.918+0000] {dag.py:2585} INFO - Sync 1 DAGs
[2023-10-04T08:12:42.980+0000] {logging_mixin.py:120} INFO - [2023-10-04T08:12:42.980+0000] {dag.py:3340} INFO - Setting next_dagrun for latest_only to 2023-10-04T04:12:42.980265+00:00, run_after=2023-10-04T08:12:42.980265+00:00
[2023-10-04T08:12:43.021+0000] {processor.py:176} INFO - Processing /home/airflow/.local/lib/python3.7/site-packages/airflow/example_dags/example_latest_only.py took 0.202 seconds
[2023-10-04T08:13:13.392+0000] {processor.py:154} INFO - Started process (PID=279) to work on /home/airflow/.local/lib/python3.7/site-packages/airflow/example_dags/example_latest_only.py
[2023-10-04T08:13:13.394+0000] {processor.py:756} INFO - Processing file /home/airflow/.local/lib/python3.7/site-packages/airflow/example_dags/example_latest_only.py for tasks to queue
[2023-10-04T08:13:13.396+0000] {logging_mixin.py:120} INFO - [2023-10-04T08:13:13.395+0000] {dagbag.py:537} INFO - Filling up the DagBag from /home/airflow/.local/lib/python3.7/site-packages/airflow/example_dags/example_latest_only.py
[2023-10-04T08:13:13.408+0000] {processor.py:766} INFO - DAG(s) dict_keys(['latest_only']) retrieved from /home/airflow/.local/lib/python3.7/site-packages/airflow/example_dags/example_latest_only.py
[2023-10-04T08:13:13.468+0000] {logging_mixin.py:120} INFO - [2023-10-04T08:13:13.467+0000] {dag.py:2585} INFO - Sync 1 DAGs
[2023-10-04T08:13:13.502+0000] {logging_mixin.py:120} INFO - [2023-10-04T08:13:13.502+0000] {dag.py:3340} INFO - Setting next_dagrun for latest_only to 2023-10-04T04:13:13.502022+00:00, run_after=2023-10-04T08:13:13.502022+00:00
[2023-10-04T08:13:13.539+0000] {processor.py:176} INFO - Processing /home/airflow/.local/lib/python3.7/site-packages/airflow/example_dags/example_latest_only.py took 0.152 seconds
[2023-10-04T08:13:44.344+0000] {processor.py:154} INFO - Started process (PID=344) to work on /home/airflow/.local/lib/python3.7/site-packages/airflow/example_dags/example_latest_only.py
[2023-10-04T08:13:44.346+0000] {processor.py:756} INFO - Processing file /home/airflow/.local/lib/python3.7/site-packages/airflow/example_dags/example_latest_only.py for tasks to queue
[2023-10-04T08:13:44.347+0000] {logging_mixin.py:120} INFO - [2023-10-04T08:13:44.347+0000] {dagbag.py:537} INFO - Filling up the DagBag from /home/airflow/.local/lib/python3.7/site-packages/airflow/example_dags/example_latest_only.py
[2023-10-04T08:13:44.359+0000] {processor.py:766} INFO - DAG(s) dict_keys(['latest_only']) retrieved from /home/airflow/.local/lib/python3.7/site-packages/airflow/example_dags/example_latest_only.py
[2023-10-04T08:13:44.410+0000] {logging_mixin.py:120} INFO - [2023-10-04T08:13:44.410+0000] {dag.py:2585} INFO - Sync 1 DAGs
[2023-10-04T08:13:44.440+0000] {logging_mixin.py:120} INFO - [2023-10-04T08:13:44.440+0000] {dag.py:3340} INFO - Setting next_dagrun for latest_only to 2023-10-04T04:13:44.440111+00:00, run_after=2023-10-04T08:13:44.440111+00:00
[2023-10-04T08:13:44.471+0000] {processor.py:176} INFO - Processing /home/airflow/.local/lib/python3.7/site-packages/airflow/example_dags/example_latest_only.py took 0.130 seconds
[2023-10-04T08:14:14.745+0000] {processor.py:154} INFO - Started process (PID=406) to work on /home/airflow/.local/lib/python3.7/site-packages/airflow/example_dags/example_latest_only.py
[2023-10-04T08:14:14.747+0000] {processor.py:756} INFO - Processing file /home/airflow/.local/lib/python3.7/site-packages/airflow/example_dags/example_latest_only.py for tasks to queue
[2023-10-04T08:14:14.748+0000] {logging_mixin.py:120} INFO - [2023-10-04T08:14:14.748+0000] {dagbag.py:537} INFO - Filling up the DagBag from /home/airflow/.local/lib/python3.7/site-packages/airflow/example_dags/example_latest_only.py
[2023-10-04T08:14:14.762+0000] {processor.py:766} INFO - DAG(s) dict_keys(['latest_only']) retrieved from /home/airflow/.local/lib/python3.7/site-packages/airflow/example_dags/example_latest_only.py
[2023-10-04T08:14:14.801+0000] {logging_mixin.py:120} INFO - [2023-10-04T08:14:14.800+0000] {dag.py:2585} INFO - Sync 1 DAGs
[2023-10-04T08:14:14.821+0000] {logging_mixin.py:120} INFO - [2023-10-04T08:14:14.821+0000] {dag.py:3340} INFO - Setting next_dagrun for latest_only to 2023-10-04T04:14:14.821637+00:00, run_after=2023-10-04T08:14:14.821637+00:00
[2023-10-04T08:14:14.845+0000] {processor.py:176} INFO - Processing /home/airflow/.local/lib/python3.7/site-packages/airflow/example_dags/example_latest_only.py took 0.105 seconds
[2023-10-04T08:14:45.048+0000] {processor.py:154} INFO - Started process (PID=474) to work on /home/airflow/.local/lib/python3.7/site-packages/airflow/example_dags/example_latest_only.py
[2023-10-04T08:14:45.050+0000] {processor.py:756} INFO - Processing file /home/airflow/.local/lib/python3.7/site-packages/airflow/example_dags/example_latest_only.py for tasks to queue
[2023-10-04T08:14:45.052+0000] {logging_mixin.py:120} INFO - [2023-10-04T08:14:45.052+0000] {dagbag.py:537} INFO - Filling up the DagBag from /home/airflow/.local/lib/python3.7/site-packages/airflow/example_dags/example_latest_only.py
[2023-10-04T08:14:45.068+0000] {processor.py:766} INFO - DAG(s) dict_keys(['latest_only']) retrieved from /home/airflow/.local/lib/python3.7/site-packages/airflow/example_dags/example_latest_only.py
[2023-10-04T08:14:45.114+0000] {logging_mixin.py:120} INFO - [2023-10-04T08:14:45.114+0000] {dag.py:2585} INFO - Sync 1 DAGs
[2023-10-04T08:14:45.144+0000] {logging_mixin.py:120} INFO - [2023-10-04T08:14:45.144+0000] {dag.py:3340} INFO - Setting next_dagrun for latest_only to 2023-10-04T04:14:45.143919+00:00, run_after=2023-10-04T08:14:45.143919+00:00
[2023-10-04T08:14:45.169+0000] {processor.py:176} INFO - Processing /home/airflow/.local/lib/python3.7/site-packages/airflow/example_dags/example_latest_only.py took 0.124 seconds
[2023-10-04T08:15:15.833+0000] {processor.py:154} INFO - Started process (PID=542) to work on /home/airflow/.local/lib/python3.7/site-packages/airflow/example_dags/example_latest_only.py
[2023-10-04T08:15:15.834+0000] {processor.py:756} INFO - Processing file /home/airflow/.local/lib/python3.7/site-packages/airflow/example_dags/example_latest_only.py for tasks to queue
[2023-10-04T08:15:15.835+0000] {logging_mixin.py:120} INFO - [2023-10-04T08:15:15.835+0000] {dagbag.py:537} INFO - Filling up the DagBag from /home/airflow/.local/lib/python3.7/site-packages/airflow/example_dags/example_latest_only.py
[2023-10-04T08:15:15.848+0000] {processor.py:766} INFO - DAG(s) dict_keys(['latest_only']) retrieved from /home/airflow/.local/lib/python3.7/site-packages/airflow/example_dags/example_latest_only.py
[2023-10-04T08:15:15.887+0000] {logging_mixin.py:120} INFO - [2023-10-04T08:15:15.887+0000] {dag.py:2585} INFO - Sync 1 DAGs
[2023-10-04T08:15:15.909+0000] {logging_mixin.py:120} INFO - [2023-10-04T08:15:15.909+0000] {dag.py:3340} INFO - Setting next_dagrun for latest_only to 2023-10-04T04:15:15.909523+00:00, run_after=2023-10-04T08:15:15.909523+00:00
[2023-10-04T08:15:15.937+0000] {processor.py:176} INFO - Processing /home/airflow/.local/lib/python3.7/site-packages/airflow/example_dags/example_latest_only.py took 0.109 seconds
[2023-10-04T08:15:46.659+0000] {processor.py:154} INFO - Started process (PID=601) to work on /home/airflow/.local/lib/python3.7/site-packages/airflow/example_dags/example_latest_only.py
[2023-10-04T08:15:46.662+0000] {processor.py:756} INFO - Processing file /home/airflow/.local/lib/python3.7/site-packages/airflow/example_dags/example_latest_only.py for tasks to queue
[2023-10-04T08:15:46.664+0000] {logging_mixin.py:120} INFO - [2023-10-04T08:15:46.663+0000] {dagbag.py:537} INFO - Filling up the DagBag from /home/airflow/.local/lib/python3.7/site-packages/airflow/example_dags/example_latest_only.py
[2023-10-04T08:15:46.682+0000] {processor.py:766} INFO - DAG(s) dict_keys(['latest_only']) retrieved from /home/airflow/.local/lib/python3.7/site-packages/airflow/example_dags/example_latest_only.py
[2023-10-04T08:15:46.724+0000] {logging_mixin.py:120} INFO - [2023-10-04T08:15:46.724+0000] {dag.py:2585} INFO - Sync 1 DAGs
[2023-10-04T08:15:46.748+0000] {logging_mixin.py:120} INFO - [2023-10-04T08:15:46.748+0000] {dag.py:3340} INFO - Setting next_dagrun for latest_only to 2023-10-04T04:15:46.747998+00:00, run_after=2023-10-04T08:15:46.747998+00:00
[2023-10-04T08:15:46.777+0000] {processor.py:176} INFO - Processing /home/airflow/.local/lib/python3.7/site-packages/airflow/example_dags/example_latest_only.py took 0.125 seconds
[2023-10-04T08:16:17.706+0000] {processor.py:154} INFO - Started process (PID=668) to work on /home/airflow/.local/lib/python3.7/site-packages/airflow/example_dags/example_latest_only.py
[2023-10-04T08:16:17.708+0000] {processor.py:756} INFO - Processing file /home/airflow/.local/lib/python3.7/site-packages/airflow/example_dags/example_latest_only.py for tasks to queue
[2023-10-04T08:16:17.709+0000] {logging_mixin.py:120} INFO - [2023-10-04T08:16:17.709+0000] {dagbag.py:537} INFO - Filling up the DagBag from /home/airflow/.local/lib/python3.7/site-packages/airflow/example_dags/example_latest_only.py
[2023-10-04T08:16:17.721+0000] {processor.py:766} INFO - DAG(s) dict_keys(['latest_only']) retrieved from /home/airflow/.local/lib/python3.7/site-packages/airflow/example_dags/example_latest_only.py
[2023-10-04T08:16:17.763+0000] {logging_mixin.py:120} INFO - [2023-10-04T08:16:17.763+0000] {dag.py:2585} INFO - Sync 1 DAGs
[2023-10-04T08:16:17.789+0000] {logging_mixin.py:120} INFO - [2023-10-04T08:16:17.789+0000] {dag.py:3340} INFO - Setting next_dagrun for latest_only to 2023-10-04T04:16:17.789129+00:00, run_after=2023-10-04T08:16:17.789129+00:00
[2023-10-04T08:16:17.817+0000] {processor.py:176} INFO - Processing /home/airflow/.local/lib/python3.7/site-packages/airflow/example_dags/example_latest_only.py took 0.114 seconds
[2023-10-04T08:16:47.997+0000] {processor.py:154} INFO - Started process (PID=736) to work on /home/airflow/.local/lib/python3.7/site-packages/airflow/example_dags/example_latest_only.py
[2023-10-04T08:16:48.000+0000] {processor.py:756} INFO - Processing file /home/airflow/.local/lib/python3.7/site-packages/airflow/example_dags/example_latest_only.py for tasks to queue
[2023-10-04T08:16:48.002+0000] {logging_mixin.py:120} INFO - [2023-10-04T08:16:48.002+0000] {dagbag.py:537} INFO - Filling up the DagBag from /home/airflow/.local/lib/python3.7/site-packages/airflow/example_dags/example_latest_only.py
[2023-10-04T08:16:48.037+0000] {processor.py:766} INFO - DAG(s) dict_keys(['latest_only']) retrieved from /home/airflow/.local/lib/python3.7/site-packages/airflow/example_dags/example_latest_only.py
[2023-10-04T08:16:48.111+0000] {logging_mixin.py:120} INFO - [2023-10-04T08:16:48.110+0000] {dag.py:2585} INFO - Sync 1 DAGs
[2023-10-04T08:16:48.139+0000] {logging_mixin.py:120} INFO - [2023-10-04T08:16:48.139+0000] {dag.py:3340} INFO - Setting next_dagrun for latest_only to 2023-10-04T04:16:48.138847+00:00, run_after=2023-10-04T08:16:48.138847+00:00
[2023-10-04T08:16:48.165+0000] {processor.py:176} INFO - Processing /home/airflow/.local/lib/python3.7/site-packages/airflow/example_dags/example_latest_only.py took 0.179 seconds
[2023-10-04T08:17:18.436+0000] {processor.py:154} INFO - Started process (PID=802) to work on /home/airflow/.local/lib/python3.7/site-packages/airflow/example_dags/example_latest_only.py
[2023-10-04T08:17:18.439+0000] {processor.py:756} INFO - Processing file /home/airflow/.local/lib/python3.7/site-packages/airflow/example_dags/example_latest_only.py for tasks to queue
[2023-10-04T08:17:18.443+0000] {logging_mixin.py:120} INFO - [2023-10-04T08:17:18.442+0000] {dagbag.py:537} INFO - Filling up the DagBag from /home/airflow/.local/lib/python3.7/site-packages/airflow/example_dags/example_latest_only.py
[2023-10-04T08:17:18.470+0000] {processor.py:766} INFO - DAG(s) dict_keys(['latest_only']) retrieved from /home/airflow/.local/lib/python3.7/site-packages/airflow/example_dags/example_latest_only.py
[2023-10-04T08:17:18.563+0000] {logging_mixin.py:120} INFO - [2023-10-04T08:17:18.563+0000] {dag.py:2585} INFO - Sync 1 DAGs
[2023-10-04T08:17:18.612+0000] {logging_mixin.py:120} INFO - [2023-10-04T08:17:18.612+0000] {dag.py:3340} INFO - Setting next_dagrun for latest_only to 2023-10-04T04:17:18.612225+00:00, run_after=2023-10-04T08:17:18.612225+00:00
[2023-10-04T08:17:18.669+0000] {processor.py:176} INFO - Processing /home/airflow/.local/lib/python3.7/site-packages/airflow/example_dags/example_latest_only.py took 0.239 seconds
[2023-10-04T08:17:48.991+0000] {processor.py:154} INFO - Started process (PID=864) to work on /home/airflow/.local/lib/python3.7/site-packages/airflow/example_dags/example_latest_only.py
[2023-10-04T08:17:48.994+0000] {processor.py:756} INFO - Processing file /home/airflow/.local/lib/python3.7/site-packages/airflow/example_dags/example_latest_only.py for tasks to queue
[2023-10-04T08:17:48.996+0000] {logging_mixin.py:120} INFO - [2023-10-04T08:17:48.996+0000] {dagbag.py:537} INFO - Filling up the DagBag from /home/airflow/.local/lib/python3.7/site-packages/airflow/example_dags/example_latest_only.py
[2023-10-04T08:17:49.016+0000] {processor.py:766} INFO - DAG(s) dict_keys(['latest_only']) retrieved from /home/airflow/.local/lib/python3.7/site-packages/airflow/example_dags/example_latest_only.py
[2023-10-04T08:17:49.070+0000] {logging_mixin.py:120} INFO - [2023-10-04T08:17:49.070+0000] {dag.py:2585} INFO - Sync 1 DAGs
[2023-10-04T08:17:49.113+0000] {logging_mixin.py:120} INFO - [2023-10-04T08:17:49.113+0000] {dag.py:3340} INFO - Setting next_dagrun for latest_only to 2023-10-04T04:17:49.112870+00:00, run_after=2023-10-04T08:17:49.112870+00:00
[2023-10-04T08:17:49.155+0000] {processor.py:176} INFO - Processing /home/airflow/.local/lib/python3.7/site-packages/airflow/example_dags/example_latest_only.py took 0.172 seconds
[2023-10-04T08:18:19.941+0000] {processor.py:154} INFO - Started process (PID=932) to work on /home/airflow/.local/lib/python3.7/site-packages/airflow/example_dags/example_latest_only.py
[2023-10-04T08:18:19.943+0000] {processor.py:756} INFO - Processing file /home/airflow/.local/lib/python3.7/site-packages/airflow/example_dags/example_latest_only.py for tasks to queue
[2023-10-04T08:18:19.946+0000] {logging_mixin.py:120} INFO - [2023-10-04T08:18:19.945+0000] {dagbag.py:537} INFO - Filling up the DagBag from /home/airflow/.local/lib/python3.7/site-packages/airflow/example_dags/example_latest_only.py
[2023-10-04T08:18:19.968+0000] {processor.py:766} INFO - DAG(s) dict_keys(['latest_only']) retrieved from /home/airflow/.local/lib/python3.7/site-packages/airflow/example_dags/example_latest_only.py
[2023-10-04T08:18:20.022+0000] {logging_mixin.py:120} INFO - [2023-10-04T08:18:20.022+0000] {dag.py:2585} INFO - Sync 1 DAGs
[2023-10-04T08:18:20.052+0000] {logging_mixin.py:120} INFO - [2023-10-04T08:18:20.052+0000] {dag.py:3340} INFO - Setting next_dagrun for latest_only to 2023-10-04T04:18:20.051979+00:00, run_after=2023-10-04T08:18:20.051979+00:00
[2023-10-04T08:18:20.078+0000] {processor.py:176} INFO - Processing /home/airflow/.local/lib/python3.7/site-packages/airflow/example_dags/example_latest_only.py took 0.141 seconds
[2023-10-04T08:18:50.824+0000] {processor.py:154} INFO - Started process (PID=991) to work on /home/airflow/.local/lib/python3.7/site-packages/airflow/example_dags/example_latest_only.py
[2023-10-04T08:18:50.829+0000] {processor.py:756} INFO - Processing file /home/airflow/.local/lib/python3.7/site-packages/airflow/example_dags/example_latest_only.py for tasks to queue
[2023-10-04T08:18:50.834+0000] {logging_mixin.py:120} INFO - [2023-10-04T08:18:50.833+0000] {dagbag.py:537} INFO - Filling up the DagBag from /home/airflow/.local/lib/python3.7/site-packages/airflow/example_dags/example_latest_only.py
[2023-10-04T08:18:50.874+0000] {processor.py:766} INFO - DAG(s) dict_keys(['latest_only']) retrieved from /home/airflow/.local/lib/python3.7/site-packages/airflow/example_dags/example_latest_only.py
[2023-10-04T08:18:50.973+0000] {logging_mixin.py:120} INFO - [2023-10-04T08:18:50.973+0000] {dag.py:2585} INFO - Sync 1 DAGs
[2023-10-04T08:18:51.036+0000] {logging_mixin.py:120} INFO - [2023-10-04T08:18:51.036+0000] {dag.py:3340} INFO - Setting next_dagrun for latest_only to 2023-10-04T04:18:51.035900+00:00, run_after=2023-10-04T08:18:51.035900+00:00
[2023-10-04T08:18:51.079+0000] {processor.py:176} INFO - Processing /home/airflow/.local/lib/python3.7/site-packages/airflow/example_dags/example_latest_only.py took 0.270 seconds
[2023-10-04T08:19:21.447+0000] {processor.py:154} INFO - Started process (PID=1059) to work on /home/airflow/.local/lib/python3.7/site-packages/airflow/example_dags/example_latest_only.py
[2023-10-04T08:19:21.452+0000] {processor.py:756} INFO - Processing file /home/airflow/.local/lib/python3.7/site-packages/airflow/example_dags/example_latest_only.py for tasks to queue
[2023-10-04T08:19:21.458+0000] {logging_mixin.py:120} INFO - [2023-10-04T08:19:21.457+0000] {dagbag.py:537} INFO - Filling up the DagBag from /home/airflow/.local/lib/python3.7/site-packages/airflow/example_dags/example_latest_only.py
[2023-10-04T08:19:21.499+0000] {processor.py:766} INFO - DAG(s) dict_keys(['latest_only']) retrieved from /home/airflow/.local/lib/python3.7/site-packages/airflow/example_dags/example_latest_only.py
[2023-10-04T08:19:21.557+0000] {logging_mixin.py:120} INFO - [2023-10-04T08:19:21.556+0000] {dag.py:2585} INFO - Sync 1 DAGs
[2023-10-04T08:19:21.596+0000] {logging_mixin.py:120} INFO - [2023-10-04T08:19:21.596+0000] {dag.py:3340} INFO - Setting next_dagrun for latest_only to 2023-10-04T04:19:21.596244+00:00, run_after=2023-10-04T08:19:21.596244+00:00
[2023-10-04T08:19:21.628+0000] {processor.py:176} INFO - Processing /home/airflow/.local/lib/python3.7/site-packages/airflow/example_dags/example_latest_only.py took 0.192 seconds
[2023-10-04T08:19:52.813+0000] {processor.py:154} INFO - Started process (PID=1127) to work on /home/airflow/.local/lib/python3.7/site-packages/airflow/example_dags/example_latest_only.py
[2023-10-04T08:19:52.817+0000] {processor.py:756} INFO - Processing file /home/airflow/.local/lib/python3.7/site-packages/airflow/example_dags/example_latest_only.py for tasks to queue
[2023-10-04T08:19:52.822+0000] {logging_mixin.py:120} INFO - [2023-10-04T08:19:52.821+0000] {dagbag.py:537} INFO - Filling up the DagBag from /home/airflow/.local/lib/python3.7/site-packages/airflow/example_dags/example_latest_only.py
[2023-10-04T08:19:52.876+0000] {processor.py:766} INFO - DAG(s) dict_keys(['latest_only']) retrieved from /home/airflow/.local/lib/python3.7/site-packages/airflow/example_dags/example_latest_only.py
[2023-10-04T08:19:52.929+0000] {logging_mixin.py:120} INFO - [2023-10-04T08:19:52.929+0000] {dag.py:2585} INFO - Sync 1 DAGs
[2023-10-04T08:19:52.972+0000] {logging_mixin.py:120} INFO - [2023-10-04T08:19:52.971+0000] {dag.py:3340} INFO - Setting next_dagrun for latest_only to 2023-10-04T04:19:52.971067+00:00, run_after=2023-10-04T08:19:52.971067+00:00
[2023-10-04T08:19:53.019+0000] {processor.py:176} INFO - Processing /home/airflow/.local/lib/python3.7/site-packages/airflow/example_dags/example_latest_only.py took 0.218 seconds
