[2023-10-04T07:42:26.751+0000] {processor.py:154} INFO - Started process (PID=61) to work on /home/airflow/.local/lib/python3.7/site-packages/airflow/example_dags/example_xcom.py
[2023-10-04T07:42:26.753+0000] {processor.py:756} INFO - Processing file /home/airflow/.local/lib/python3.7/site-packages/airflow/example_dags/example_xcom.py for tasks to queue
[2023-10-04T07:42:26.755+0000] {logging_mixin.py:120} INFO - [2023-10-04T07:42:26.754+0000] {dagbag.py:537} INFO - Filling up the DagBag from /home/airflow/.local/lib/python3.7/site-packages/airflow/example_dags/example_xcom.py
[2023-10-04T07:42:26.809+0000] {processor.py:766} INFO - DAG(s) dict_keys(['example_xcom']) retrieved from /home/airflow/.local/lib/python3.7/site-packages/airflow/example_dags/example_xcom.py
[2023-10-04T07:42:26.897+0000] {logging_mixin.py:120} INFO - [2023-10-04T07:42:26.897+0000] {dag.py:2585} INFO - Sync 1 DAGs
[2023-10-04T07:42:26.968+0000] {logging_mixin.py:120} INFO - [2023-10-04T07:42:26.968+0000] {dag.py:3340} INFO - Setting next_dagrun for example_xcom to 2021-01-01T00:00:00+00:00, run_after=2021-01-01T00:00:00+00:00
[2023-10-04T07:42:27.045+0000] {processor.py:176} INFO - Processing /home/airflow/.local/lib/python3.7/site-packages/airflow/example_dags/example_xcom.py took 0.300 seconds
[2023-10-04T07:42:57.587+0000] {processor.py:154} INFO - Started process (PID=117) to work on /home/airflow/.local/lib/python3.7/site-packages/airflow/example_dags/example_xcom.py
[2023-10-04T07:42:57.590+0000] {processor.py:756} INFO - Processing file /home/airflow/.local/lib/python3.7/site-packages/airflow/example_dags/example_xcom.py for tasks to queue
[2023-10-04T07:42:57.611+0000] {logging_mixin.py:120} INFO - [2023-10-04T07:42:57.611+0000] {dagbag.py:537} INFO - Filling up the DagBag from /home/airflow/.local/lib/python3.7/site-packages/airflow/example_dags/example_xcom.py
[2023-10-04T07:42:57.680+0000] {processor.py:766} INFO - DAG(s) dict_keys(['example_xcom']) retrieved from /home/airflow/.local/lib/python3.7/site-packages/airflow/example_dags/example_xcom.py
[2023-10-04T07:42:57.811+0000] {logging_mixin.py:120} INFO - [2023-10-04T07:42:57.810+0000] {dag.py:2585} INFO - Sync 1 DAGs
[2023-10-04T07:42:57.879+0000] {logging_mixin.py:120} INFO - [2023-10-04T07:42:57.879+0000] {dag.py:3340} INFO - Setting next_dagrun for example_xcom to 2021-01-01T00:00:00+00:00, run_after=2021-01-01T00:00:00+00:00
[2023-10-04T07:42:57.934+0000] {processor.py:176} INFO - Processing /home/airflow/.local/lib/python3.7/site-packages/airflow/example_dags/example_xcom.py took 0.355 seconds
[2023-10-04T07:43:28.514+0000] {processor.py:154} INFO - Started process (PID=176) to work on /home/airflow/.local/lib/python3.7/site-packages/airflow/example_dags/example_xcom.py
[2023-10-04T07:43:28.519+0000] {processor.py:756} INFO - Processing file /home/airflow/.local/lib/python3.7/site-packages/airflow/example_dags/example_xcom.py for tasks to queue
[2023-10-04T07:43:28.522+0000] {logging_mixin.py:120} INFO - [2023-10-04T07:43:28.522+0000] {dagbag.py:537} INFO - Filling up the DagBag from /home/airflow/.local/lib/python3.7/site-packages/airflow/example_dags/example_xcom.py
[2023-10-04T07:43:28.544+0000] {processor.py:766} INFO - DAG(s) dict_keys(['example_xcom']) retrieved from /home/airflow/.local/lib/python3.7/site-packages/airflow/example_dags/example_xcom.py
[2023-10-04T07:43:28.589+0000] {logging_mixin.py:120} INFO - [2023-10-04T07:43:28.589+0000] {dag.py:2585} INFO - Sync 1 DAGs
[2023-10-04T07:43:28.610+0000] {logging_mixin.py:120} INFO - [2023-10-04T07:43:28.610+0000] {dag.py:3340} INFO - Setting next_dagrun for example_xcom to 2021-01-01T00:00:00+00:00, run_after=2021-01-01T00:00:00+00:00
[2023-10-04T07:43:28.636+0000] {processor.py:176} INFO - Processing /home/airflow/.local/lib/python3.7/site-packages/airflow/example_dags/example_xcom.py took 0.136 seconds
[2023-10-04T07:43:58.913+0000] {processor.py:154} INFO - Started process (PID=243) to work on /home/airflow/.local/lib/python3.7/site-packages/airflow/example_dags/example_xcom.py
[2023-10-04T07:43:58.915+0000] {processor.py:756} INFO - Processing file /home/airflow/.local/lib/python3.7/site-packages/airflow/example_dags/example_xcom.py for tasks to queue
[2023-10-04T07:43:58.916+0000] {logging_mixin.py:120} INFO - [2023-10-04T07:43:58.916+0000] {dagbag.py:537} INFO - Filling up the DagBag from /home/airflow/.local/lib/python3.7/site-packages/airflow/example_dags/example_xcom.py
[2023-10-04T07:43:58.937+0000] {processor.py:766} INFO - DAG(s) dict_keys(['example_xcom']) retrieved from /home/airflow/.local/lib/python3.7/site-packages/airflow/example_dags/example_xcom.py
[2023-10-04T07:43:58.971+0000] {logging_mixin.py:120} INFO - [2023-10-04T07:43:58.971+0000] {dag.py:2585} INFO - Sync 1 DAGs
[2023-10-04T07:43:58.992+0000] {logging_mixin.py:120} INFO - [2023-10-04T07:43:58.992+0000] {dag.py:3340} INFO - Setting next_dagrun for example_xcom to 2021-01-01T00:00:00+00:00, run_after=2021-01-01T00:00:00+00:00
[2023-10-04T07:43:59.012+0000] {processor.py:176} INFO - Processing /home/airflow/.local/lib/python3.7/site-packages/airflow/example_dags/example_xcom.py took 0.104 seconds
[2023-10-04T07:44:29.207+0000] {processor.py:154} INFO - Started process (PID=310) to work on /home/airflow/.local/lib/python3.7/site-packages/airflow/example_dags/example_xcom.py
[2023-10-04T07:44:29.209+0000] {processor.py:756} INFO - Processing file /home/airflow/.local/lib/python3.7/site-packages/airflow/example_dags/example_xcom.py for tasks to queue
[2023-10-04T07:44:29.211+0000] {logging_mixin.py:120} INFO - [2023-10-04T07:44:29.211+0000] {dagbag.py:537} INFO - Filling up the DagBag from /home/airflow/.local/lib/python3.7/site-packages/airflow/example_dags/example_xcom.py
[2023-10-04T07:44:29.232+0000] {processor.py:766} INFO - DAG(s) dict_keys(['example_xcom']) retrieved from /home/airflow/.local/lib/python3.7/site-packages/airflow/example_dags/example_xcom.py
[2023-10-04T07:44:29.271+0000] {logging_mixin.py:120} INFO - [2023-10-04T07:44:29.271+0000] {dag.py:2585} INFO - Sync 1 DAGs
[2023-10-04T07:44:29.297+0000] {logging_mixin.py:120} INFO - [2023-10-04T07:44:29.296+0000] {dag.py:3340} INFO - Setting next_dagrun for example_xcom to 2021-01-01T00:00:00+00:00, run_after=2021-01-01T00:00:00+00:00
[2023-10-04T07:44:29.318+0000] {processor.py:176} INFO - Processing /home/airflow/.local/lib/python3.7/site-packages/airflow/example_dags/example_xcom.py took 0.115 seconds
[2023-10-04T07:44:59.512+0000] {processor.py:154} INFO - Started process (PID=368) to work on /home/airflow/.local/lib/python3.7/site-packages/airflow/example_dags/example_xcom.py
[2023-10-04T07:44:59.514+0000] {processor.py:756} INFO - Processing file /home/airflow/.local/lib/python3.7/site-packages/airflow/example_dags/example_xcom.py for tasks to queue
[2023-10-04T07:44:59.515+0000] {logging_mixin.py:120} INFO - [2023-10-04T07:44:59.515+0000] {dagbag.py:537} INFO - Filling up the DagBag from /home/airflow/.local/lib/python3.7/site-packages/airflow/example_dags/example_xcom.py
[2023-10-04T07:44:59.532+0000] {processor.py:766} INFO - DAG(s) dict_keys(['example_xcom']) retrieved from /home/airflow/.local/lib/python3.7/site-packages/airflow/example_dags/example_xcom.py
[2023-10-04T07:44:59.567+0000] {logging_mixin.py:120} INFO - [2023-10-04T07:44:59.567+0000] {dag.py:2585} INFO - Sync 1 DAGs
[2023-10-04T07:44:59.590+0000] {logging_mixin.py:120} INFO - [2023-10-04T07:44:59.590+0000] {dag.py:3340} INFO - Setting next_dagrun for example_xcom to 2021-01-01T00:00:00+00:00, run_after=2021-01-01T00:00:00+00:00
[2023-10-04T07:44:59.611+0000] {processor.py:176} INFO - Processing /home/airflow/.local/lib/python3.7/site-packages/airflow/example_dags/example_xcom.py took 0.102 seconds
[2023-10-04T07:45:29.919+0000] {processor.py:154} INFO - Started process (PID=435) to work on /home/airflow/.local/lib/python3.7/site-packages/airflow/example_dags/example_xcom.py
[2023-10-04T07:45:29.920+0000] {processor.py:756} INFO - Processing file /home/airflow/.local/lib/python3.7/site-packages/airflow/example_dags/example_xcom.py for tasks to queue
[2023-10-04T07:45:29.921+0000] {logging_mixin.py:120} INFO - [2023-10-04T07:45:29.921+0000] {dagbag.py:537} INFO - Filling up the DagBag from /home/airflow/.local/lib/python3.7/site-packages/airflow/example_dags/example_xcom.py
[2023-10-04T07:45:29.939+0000] {processor.py:766} INFO - DAG(s) dict_keys(['example_xcom']) retrieved from /home/airflow/.local/lib/python3.7/site-packages/airflow/example_dags/example_xcom.py
[2023-10-04T07:45:29.972+0000] {logging_mixin.py:120} INFO - [2023-10-04T07:45:29.972+0000] {dag.py:2585} INFO - Sync 1 DAGs
[2023-10-04T07:45:29.992+0000] {logging_mixin.py:120} INFO - [2023-10-04T07:45:29.992+0000] {dag.py:3340} INFO - Setting next_dagrun for example_xcom to 2021-01-01T00:00:00+00:00, run_after=2021-01-01T00:00:00+00:00
[2023-10-04T07:45:30.012+0000] {processor.py:176} INFO - Processing /home/airflow/.local/lib/python3.7/site-packages/airflow/example_dags/example_xcom.py took 0.097 seconds
[2023-10-04T07:46:00.512+0000] {processor.py:154} INFO - Started process (PID=502) to work on /home/airflow/.local/lib/python3.7/site-packages/airflow/example_dags/example_xcom.py
[2023-10-04T07:46:00.514+0000] {processor.py:756} INFO - Processing file /home/airflow/.local/lib/python3.7/site-packages/airflow/example_dags/example_xcom.py for tasks to queue
[2023-10-04T07:46:00.516+0000] {logging_mixin.py:120} INFO - [2023-10-04T07:46:00.515+0000] {dagbag.py:537} INFO - Filling up the DagBag from /home/airflow/.local/lib/python3.7/site-packages/airflow/example_dags/example_xcom.py
[2023-10-04T07:46:00.538+0000] {processor.py:766} INFO - DAG(s) dict_keys(['example_xcom']) retrieved from /home/airflow/.local/lib/python3.7/site-packages/airflow/example_dags/example_xcom.py
[2023-10-04T07:46:00.577+0000] {logging_mixin.py:120} INFO - [2023-10-04T07:46:00.576+0000] {dag.py:2585} INFO - Sync 1 DAGs
[2023-10-04T07:46:00.598+0000] {logging_mixin.py:120} INFO - [2023-10-04T07:46:00.598+0000] {dag.py:3340} INFO - Setting next_dagrun for example_xcom to 2021-01-01T00:00:00+00:00, run_after=2021-01-01T00:00:00+00:00
[2023-10-04T07:46:00.623+0000] {processor.py:176} INFO - Processing /home/airflow/.local/lib/python3.7/site-packages/airflow/example_dags/example_xcom.py took 0.118 seconds
[2023-10-04T07:46:30.693+0000] {processor.py:154} INFO - Started process (PID=569) to work on /home/airflow/.local/lib/python3.7/site-packages/airflow/example_dags/example_xcom.py
[2023-10-04T07:46:30.694+0000] {processor.py:756} INFO - Processing file /home/airflow/.local/lib/python3.7/site-packages/airflow/example_dags/example_xcom.py for tasks to queue
[2023-10-04T07:46:30.696+0000] {logging_mixin.py:120} INFO - [2023-10-04T07:46:30.696+0000] {dagbag.py:537} INFO - Filling up the DagBag from /home/airflow/.local/lib/python3.7/site-packages/airflow/example_dags/example_xcom.py
[2023-10-04T07:46:30.716+0000] {processor.py:766} INFO - DAG(s) dict_keys(['example_xcom']) retrieved from /home/airflow/.local/lib/python3.7/site-packages/airflow/example_dags/example_xcom.py
[2023-10-04T07:46:30.754+0000] {logging_mixin.py:120} INFO - [2023-10-04T07:46:30.753+0000] {dag.py:2585} INFO - Sync 1 DAGs
[2023-10-04T07:46:30.775+0000] {logging_mixin.py:120} INFO - [2023-10-04T07:46:30.775+0000] {dag.py:3340} INFO - Setting next_dagrun for example_xcom to 2021-01-01T00:00:00+00:00, run_after=2021-01-01T00:00:00+00:00
[2023-10-04T07:46:30.797+0000] {processor.py:176} INFO - Processing /home/airflow/.local/lib/python3.7/site-packages/airflow/example_dags/example_xcom.py took 0.109 seconds
[2023-10-04T07:47:01.014+0000] {processor.py:154} INFO - Started process (PID=627) to work on /home/airflow/.local/lib/python3.7/site-packages/airflow/example_dags/example_xcom.py
[2023-10-04T07:47:01.016+0000] {processor.py:756} INFO - Processing file /home/airflow/.local/lib/python3.7/site-packages/airflow/example_dags/example_xcom.py for tasks to queue
[2023-10-04T07:47:01.017+0000] {logging_mixin.py:120} INFO - [2023-10-04T07:47:01.017+0000] {dagbag.py:537} INFO - Filling up the DagBag from /home/airflow/.local/lib/python3.7/site-packages/airflow/example_dags/example_xcom.py
[2023-10-04T07:47:01.034+0000] {processor.py:766} INFO - DAG(s) dict_keys(['example_xcom']) retrieved from /home/airflow/.local/lib/python3.7/site-packages/airflow/example_dags/example_xcom.py
[2023-10-04T07:47:01.067+0000] {logging_mixin.py:120} INFO - [2023-10-04T07:47:01.067+0000] {dag.py:2585} INFO - Sync 1 DAGs
[2023-10-04T07:47:01.087+0000] {logging_mixin.py:120} INFO - [2023-10-04T07:47:01.087+0000] {dag.py:3340} INFO - Setting next_dagrun for example_xcom to 2021-01-01T00:00:00+00:00, run_after=2021-01-01T00:00:00+00:00
[2023-10-04T07:47:01.108+0000] {processor.py:176} INFO - Processing /home/airflow/.local/lib/python3.7/site-packages/airflow/example_dags/example_xcom.py took 0.097 seconds
[2023-10-04T07:47:32.167+0000] {processor.py:154} INFO - Started process (PID=694) to work on /home/airflow/.local/lib/python3.7/site-packages/airflow/example_dags/example_xcom.py
[2023-10-04T07:47:32.168+0000] {processor.py:756} INFO - Processing file /home/airflow/.local/lib/python3.7/site-packages/airflow/example_dags/example_xcom.py for tasks to queue
[2023-10-04T07:47:32.171+0000] {logging_mixin.py:120} INFO - [2023-10-04T07:47:32.171+0000] {dagbag.py:537} INFO - Filling up the DagBag from /home/airflow/.local/lib/python3.7/site-packages/airflow/example_dags/example_xcom.py
[2023-10-04T07:47:32.199+0000] {processor.py:766} INFO - DAG(s) dict_keys(['example_xcom']) retrieved from /home/airflow/.local/lib/python3.7/site-packages/airflow/example_dags/example_xcom.py
[2023-10-04T07:47:32.239+0000] {logging_mixin.py:120} INFO - [2023-10-04T07:47:32.238+0000] {dag.py:2585} INFO - Sync 1 DAGs
[2023-10-04T07:47:32.260+0000] {logging_mixin.py:120} INFO - [2023-10-04T07:47:32.260+0000] {dag.py:3340} INFO - Setting next_dagrun for example_xcom to 2021-01-01T00:00:00+00:00, run_after=2021-01-01T00:00:00+00:00
[2023-10-04T07:47:32.283+0000] {processor.py:176} INFO - Processing /home/airflow/.local/lib/python3.7/site-packages/airflow/example_dags/example_xcom.py took 0.120 seconds
[2023-10-04T07:48:03.319+0000] {processor.py:154} INFO - Started process (PID=761) to work on /home/airflow/.local/lib/python3.7/site-packages/airflow/example_dags/example_xcom.py
[2023-10-04T07:48:03.323+0000] {processor.py:756} INFO - Processing file /home/airflow/.local/lib/python3.7/site-packages/airflow/example_dags/example_xcom.py for tasks to queue
[2023-10-04T07:48:03.326+0000] {logging_mixin.py:120} INFO - [2023-10-04T07:48:03.325+0000] {dagbag.py:537} INFO - Filling up the DagBag from /home/airflow/.local/lib/python3.7/site-packages/airflow/example_dags/example_xcom.py
[2023-10-04T07:48:03.346+0000] {processor.py:766} INFO - DAG(s) dict_keys(['example_xcom']) retrieved from /home/airflow/.local/lib/python3.7/site-packages/airflow/example_dags/example_xcom.py
[2023-10-04T07:48:03.380+0000] {logging_mixin.py:120} INFO - [2023-10-04T07:48:03.380+0000] {dag.py:2585} INFO - Sync 1 DAGs
[2023-10-04T07:48:03.400+0000] {logging_mixin.py:120} INFO - [2023-10-04T07:48:03.400+0000] {dag.py:3340} INFO - Setting next_dagrun for example_xcom to 2021-01-01T00:00:00+00:00, run_after=2021-01-01T00:00:00+00:00
[2023-10-04T07:48:03.420+0000] {processor.py:176} INFO - Processing /home/airflow/.local/lib/python3.7/site-packages/airflow/example_dags/example_xcom.py took 0.104 seconds
[2023-10-04T07:48:33.732+0000] {processor.py:154} INFO - Started process (PID=828) to work on /home/airflow/.local/lib/python3.7/site-packages/airflow/example_dags/example_xcom.py
[2023-10-04T07:48:33.734+0000] {processor.py:756} INFO - Processing file /home/airflow/.local/lib/python3.7/site-packages/airflow/example_dags/example_xcom.py for tasks to queue
[2023-10-04T07:48:33.736+0000] {logging_mixin.py:120} INFO - [2023-10-04T07:48:33.736+0000] {dagbag.py:537} INFO - Filling up the DagBag from /home/airflow/.local/lib/python3.7/site-packages/airflow/example_dags/example_xcom.py
[2023-10-04T07:48:33.759+0000] {processor.py:766} INFO - DAG(s) dict_keys(['example_xcom']) retrieved from /home/airflow/.local/lib/python3.7/site-packages/airflow/example_dags/example_xcom.py
[2023-10-04T07:48:33.794+0000] {logging_mixin.py:120} INFO - [2023-10-04T07:48:33.794+0000] {dag.py:2585} INFO - Sync 1 DAGs
[2023-10-04T07:48:33.815+0000] {logging_mixin.py:120} INFO - [2023-10-04T07:48:33.815+0000] {dag.py:3340} INFO - Setting next_dagrun for example_xcom to 2021-01-01T00:00:00+00:00, run_after=2021-01-01T00:00:00+00:00
[2023-10-04T07:48:33.839+0000] {processor.py:176} INFO - Processing /home/airflow/.local/lib/python3.7/site-packages/airflow/example_dags/example_xcom.py took 0.112 seconds
[2023-10-04T07:49:04.423+0000] {processor.py:154} INFO - Started process (PID=886) to work on /home/airflow/.local/lib/python3.7/site-packages/airflow/example_dags/example_xcom.py
[2023-10-04T07:49:04.425+0000] {processor.py:756} INFO - Processing file /home/airflow/.local/lib/python3.7/site-packages/airflow/example_dags/example_xcom.py for tasks to queue
[2023-10-04T07:49:04.426+0000] {logging_mixin.py:120} INFO - [2023-10-04T07:49:04.426+0000] {dagbag.py:537} INFO - Filling up the DagBag from /home/airflow/.local/lib/python3.7/site-packages/airflow/example_dags/example_xcom.py
[2023-10-04T07:49:04.446+0000] {processor.py:766} INFO - DAG(s) dict_keys(['example_xcom']) retrieved from /home/airflow/.local/lib/python3.7/site-packages/airflow/example_dags/example_xcom.py
[2023-10-04T07:49:04.486+0000] {logging_mixin.py:120} INFO - [2023-10-04T07:49:04.486+0000] {dag.py:2585} INFO - Sync 1 DAGs
[2023-10-04T07:49:04.508+0000] {logging_mixin.py:120} INFO - [2023-10-04T07:49:04.508+0000] {dag.py:3340} INFO - Setting next_dagrun for example_xcom to 2021-01-01T00:00:00+00:00, run_after=2021-01-01T00:00:00+00:00
[2023-10-04T07:49:04.534+0000] {processor.py:176} INFO - Processing /home/airflow/.local/lib/python3.7/site-packages/airflow/example_dags/example_xcom.py took 0.115 seconds
[2023-10-04T07:49:34.926+0000] {processor.py:154} INFO - Started process (PID=953) to work on /home/airflow/.local/lib/python3.7/site-packages/airflow/example_dags/example_xcom.py
[2023-10-04T07:49:34.928+0000] {processor.py:756} INFO - Processing file /home/airflow/.local/lib/python3.7/site-packages/airflow/example_dags/example_xcom.py for tasks to queue
[2023-10-04T07:49:34.929+0000] {logging_mixin.py:120} INFO - [2023-10-04T07:49:34.929+0000] {dagbag.py:537} INFO - Filling up the DagBag from /home/airflow/.local/lib/python3.7/site-packages/airflow/example_dags/example_xcom.py
[2023-10-04T07:49:34.952+0000] {processor.py:766} INFO - DAG(s) dict_keys(['example_xcom']) retrieved from /home/airflow/.local/lib/python3.7/site-packages/airflow/example_dags/example_xcom.py
[2023-10-04T07:49:34.989+0000] {logging_mixin.py:120} INFO - [2023-10-04T07:49:34.989+0000] {dag.py:2585} INFO - Sync 1 DAGs
[2023-10-04T07:49:35.009+0000] {logging_mixin.py:120} INFO - [2023-10-04T07:49:35.009+0000] {dag.py:3340} INFO - Setting next_dagrun for example_xcom to 2021-01-01T00:00:00+00:00, run_after=2021-01-01T00:00:00+00:00
[2023-10-04T07:49:35.031+0000] {processor.py:176} INFO - Processing /home/airflow/.local/lib/python3.7/site-packages/airflow/example_dags/example_xcom.py took 0.114 seconds
[2023-10-04T07:50:05.364+0000] {processor.py:154} INFO - Started process (PID=1021) to work on /home/airflow/.local/lib/python3.7/site-packages/airflow/example_dags/example_xcom.py
[2023-10-04T07:50:05.365+0000] {processor.py:756} INFO - Processing file /home/airflow/.local/lib/python3.7/site-packages/airflow/example_dags/example_xcom.py for tasks to queue
[2023-10-04T07:50:05.366+0000] {logging_mixin.py:120} INFO - [2023-10-04T07:50:05.366+0000] {dagbag.py:537} INFO - Filling up the DagBag from /home/airflow/.local/lib/python3.7/site-packages/airflow/example_dags/example_xcom.py
[2023-10-04T07:50:05.387+0000] {processor.py:766} INFO - DAG(s) dict_keys(['example_xcom']) retrieved from /home/airflow/.local/lib/python3.7/site-packages/airflow/example_dags/example_xcom.py
[2023-10-04T07:50:05.429+0000] {logging_mixin.py:120} INFO - [2023-10-04T07:50:05.428+0000] {dag.py:2585} INFO - Sync 1 DAGs
[2023-10-04T07:50:05.454+0000] {logging_mixin.py:120} INFO - [2023-10-04T07:50:05.454+0000] {dag.py:3340} INFO - Setting next_dagrun for example_xcom to 2021-01-01T00:00:00+00:00, run_after=2021-01-01T00:00:00+00:00
[2023-10-04T07:50:05.477+0000] {processor.py:176} INFO - Processing /home/airflow/.local/lib/python3.7/site-packages/airflow/example_dags/example_xcom.py took 0.116 seconds
[2023-10-04T07:50:36.025+0000] {processor.py:154} INFO - Started process (PID=1088) to work on /home/airflow/.local/lib/python3.7/site-packages/airflow/example_dags/example_xcom.py
[2023-10-04T07:50:36.027+0000] {processor.py:756} INFO - Processing file /home/airflow/.local/lib/python3.7/site-packages/airflow/example_dags/example_xcom.py for tasks to queue
[2023-10-04T07:50:36.028+0000] {logging_mixin.py:120} INFO - [2023-10-04T07:50:36.028+0000] {dagbag.py:537} INFO - Filling up the DagBag from /home/airflow/.local/lib/python3.7/site-packages/airflow/example_dags/example_xcom.py
[2023-10-04T07:50:36.048+0000] {processor.py:766} INFO - DAG(s) dict_keys(['example_xcom']) retrieved from /home/airflow/.local/lib/python3.7/site-packages/airflow/example_dags/example_xcom.py
[2023-10-04T07:50:36.087+0000] {logging_mixin.py:120} INFO - [2023-10-04T07:50:36.087+0000] {dag.py:2585} INFO - Sync 1 DAGs
[2023-10-04T07:50:36.108+0000] {logging_mixin.py:120} INFO - [2023-10-04T07:50:36.107+0000] {dag.py:3340} INFO - Setting next_dagrun for example_xcom to 2021-01-01T00:00:00+00:00, run_after=2021-01-01T00:00:00+00:00
[2023-10-04T07:50:36.130+0000] {processor.py:176} INFO - Processing /home/airflow/.local/lib/python3.7/site-packages/airflow/example_dags/example_xcom.py took 0.109 seconds
[2023-10-04T07:51:06.530+0000] {processor.py:154} INFO - Started process (PID=1147) to work on /home/airflow/.local/lib/python3.7/site-packages/airflow/example_dags/example_xcom.py
[2023-10-04T07:51:06.532+0000] {processor.py:756} INFO - Processing file /home/airflow/.local/lib/python3.7/site-packages/airflow/example_dags/example_xcom.py for tasks to queue
[2023-10-04T07:51:06.533+0000] {logging_mixin.py:120} INFO - [2023-10-04T07:51:06.533+0000] {dagbag.py:537} INFO - Filling up the DagBag from /home/airflow/.local/lib/python3.7/site-packages/airflow/example_dags/example_xcom.py
[2023-10-04T07:51:06.551+0000] {processor.py:766} INFO - DAG(s) dict_keys(['example_xcom']) retrieved from /home/airflow/.local/lib/python3.7/site-packages/airflow/example_dags/example_xcom.py
[2023-10-04T07:51:06.584+0000] {logging_mixin.py:120} INFO - [2023-10-04T07:51:06.584+0000] {dag.py:2585} INFO - Sync 1 DAGs
[2023-10-04T07:51:06.602+0000] {logging_mixin.py:120} INFO - [2023-10-04T07:51:06.602+0000] {dag.py:3340} INFO - Setting next_dagrun for example_xcom to 2021-01-01T00:00:00+00:00, run_after=2021-01-01T00:00:00+00:00
[2023-10-04T07:51:06.620+0000] {processor.py:176} INFO - Processing /home/airflow/.local/lib/python3.7/site-packages/airflow/example_dags/example_xcom.py took 0.093 seconds
[2023-10-04T07:51:36.861+0000] {processor.py:154} INFO - Started process (PID=1214) to work on /home/airflow/.local/lib/python3.7/site-packages/airflow/example_dags/example_xcom.py
[2023-10-04T07:51:36.863+0000] {processor.py:756} INFO - Processing file /home/airflow/.local/lib/python3.7/site-packages/airflow/example_dags/example_xcom.py for tasks to queue
[2023-10-04T07:51:36.864+0000] {logging_mixin.py:120} INFO - [2023-10-04T07:51:36.864+0000] {dagbag.py:537} INFO - Filling up the DagBag from /home/airflow/.local/lib/python3.7/site-packages/airflow/example_dags/example_xcom.py
[2023-10-04T07:51:36.882+0000] {processor.py:766} INFO - DAG(s) dict_keys(['example_xcom']) retrieved from /home/airflow/.local/lib/python3.7/site-packages/airflow/example_dags/example_xcom.py
[2023-10-04T07:51:36.919+0000] {logging_mixin.py:120} INFO - [2023-10-04T07:51:36.919+0000] {dag.py:2585} INFO - Sync 1 DAGs
[2023-10-04T07:51:36.942+0000] {logging_mixin.py:120} INFO - [2023-10-04T07:51:36.941+0000] {dag.py:3340} INFO - Setting next_dagrun for example_xcom to 2021-01-01T00:00:00+00:00, run_after=2021-01-01T00:00:00+00:00
[2023-10-04T07:51:36.967+0000] {processor.py:176} INFO - Processing /home/airflow/.local/lib/python3.7/site-packages/airflow/example_dags/example_xcom.py took 0.109 seconds
[2023-10-04T07:52:07.457+0000] {processor.py:154} INFO - Started process (PID=1282) to work on /home/airflow/.local/lib/python3.7/site-packages/airflow/example_dags/example_xcom.py
[2023-10-04T07:52:07.459+0000] {processor.py:756} INFO - Processing file /home/airflow/.local/lib/python3.7/site-packages/airflow/example_dags/example_xcom.py for tasks to queue
[2023-10-04T07:52:07.460+0000] {logging_mixin.py:120} INFO - [2023-10-04T07:52:07.460+0000] {dagbag.py:537} INFO - Filling up the DagBag from /home/airflow/.local/lib/python3.7/site-packages/airflow/example_dags/example_xcom.py
[2023-10-04T07:52:07.521+0000] {processor.py:766} INFO - DAG(s) dict_keys(['example_xcom']) retrieved from /home/airflow/.local/lib/python3.7/site-packages/airflow/example_dags/example_xcom.py
[2023-10-04T07:52:07.575+0000] {logging_mixin.py:120} INFO - [2023-10-04T07:52:07.575+0000] {dag.py:2585} INFO - Sync 1 DAGs
[2023-10-04T07:52:07.597+0000] {logging_mixin.py:120} INFO - [2023-10-04T07:52:07.597+0000] {dag.py:3340} INFO - Setting next_dagrun for example_xcom to 2021-01-01T00:00:00+00:00, run_after=2021-01-01T00:00:00+00:00
[2023-10-04T07:52:07.617+0000] {processor.py:176} INFO - Processing /home/airflow/.local/lib/python3.7/site-packages/airflow/example_dags/example_xcom.py took 0.166 seconds
[2023-10-04T07:52:38.200+0000] {processor.py:154} INFO - Started process (PID=1349) to work on /home/airflow/.local/lib/python3.7/site-packages/airflow/example_dags/example_xcom.py
[2023-10-04T07:52:38.201+0000] {processor.py:756} INFO - Processing file /home/airflow/.local/lib/python3.7/site-packages/airflow/example_dags/example_xcom.py for tasks to queue
[2023-10-04T07:52:38.202+0000] {logging_mixin.py:120} INFO - [2023-10-04T07:52:38.202+0000] {dagbag.py:537} INFO - Filling up the DagBag from /home/airflow/.local/lib/python3.7/site-packages/airflow/example_dags/example_xcom.py
[2023-10-04T07:52:38.227+0000] {processor.py:766} INFO - DAG(s) dict_keys(['example_xcom']) retrieved from /home/airflow/.local/lib/python3.7/site-packages/airflow/example_dags/example_xcom.py
[2023-10-04T07:52:38.275+0000] {logging_mixin.py:120} INFO - [2023-10-04T07:52:38.275+0000] {dag.py:2585} INFO - Sync 1 DAGs
[2023-10-04T07:52:38.301+0000] {logging_mixin.py:120} INFO - [2023-10-04T07:52:38.301+0000] {dag.py:3340} INFO - Setting next_dagrun for example_xcom to 2021-01-01T00:00:00+00:00, run_after=2021-01-01T00:00:00+00:00
[2023-10-04T07:52:38.324+0000] {processor.py:176} INFO - Processing /home/airflow/.local/lib/python3.7/site-packages/airflow/example_dags/example_xcom.py took 0.128 seconds
[2023-10-04T07:53:08.552+0000] {processor.py:154} INFO - Started process (PID=1407) to work on /home/airflow/.local/lib/python3.7/site-packages/airflow/example_dags/example_xcom.py
[2023-10-04T07:53:08.554+0000] {processor.py:756} INFO - Processing file /home/airflow/.local/lib/python3.7/site-packages/airflow/example_dags/example_xcom.py for tasks to queue
[2023-10-04T07:53:08.555+0000] {logging_mixin.py:120} INFO - [2023-10-04T07:53:08.555+0000] {dagbag.py:537} INFO - Filling up the DagBag from /home/airflow/.local/lib/python3.7/site-packages/airflow/example_dags/example_xcom.py
[2023-10-04T07:53:08.576+0000] {processor.py:766} INFO - DAG(s) dict_keys(['example_xcom']) retrieved from /home/airflow/.local/lib/python3.7/site-packages/airflow/example_dags/example_xcom.py
[2023-10-04T07:53:08.616+0000] {logging_mixin.py:120} INFO - [2023-10-04T07:53:08.616+0000] {dag.py:2585} INFO - Sync 1 DAGs
[2023-10-04T07:53:08.640+0000] {logging_mixin.py:120} INFO - [2023-10-04T07:53:08.639+0000] {dag.py:3340} INFO - Setting next_dagrun for example_xcom to 2021-01-01T00:00:00+00:00, run_after=2021-01-01T00:00:00+00:00
[2023-10-04T07:53:08.662+0000] {processor.py:176} INFO - Processing /home/airflow/.local/lib/python3.7/site-packages/airflow/example_dags/example_xcom.py took 0.115 seconds
[2023-10-04T07:53:39.260+0000] {processor.py:154} INFO - Started process (PID=1474) to work on /home/airflow/.local/lib/python3.7/site-packages/airflow/example_dags/example_xcom.py
[2023-10-04T07:53:39.261+0000] {processor.py:756} INFO - Processing file /home/airflow/.local/lib/python3.7/site-packages/airflow/example_dags/example_xcom.py for tasks to queue
[2023-10-04T07:53:39.262+0000] {logging_mixin.py:120} INFO - [2023-10-04T07:53:39.262+0000] {dagbag.py:537} INFO - Filling up the DagBag from /home/airflow/.local/lib/python3.7/site-packages/airflow/example_dags/example_xcom.py
[2023-10-04T07:53:39.281+0000] {processor.py:766} INFO - DAG(s) dict_keys(['example_xcom']) retrieved from /home/airflow/.local/lib/python3.7/site-packages/airflow/example_dags/example_xcom.py
[2023-10-04T07:53:39.318+0000] {logging_mixin.py:120} INFO - [2023-10-04T07:53:39.318+0000] {dag.py:2585} INFO - Sync 1 DAGs
[2023-10-04T07:53:39.344+0000] {logging_mixin.py:120} INFO - [2023-10-04T07:53:39.344+0000] {dag.py:3340} INFO - Setting next_dagrun for example_xcom to 2021-01-01T00:00:00+00:00, run_after=2021-01-01T00:00:00+00:00
[2023-10-04T07:53:39.366+0000] {processor.py:176} INFO - Processing /home/airflow/.local/lib/python3.7/site-packages/airflow/example_dags/example_xcom.py took 0.110 seconds
[2023-10-04T07:54:09.902+0000] {processor.py:154} INFO - Started process (PID=1541) to work on /home/airflow/.local/lib/python3.7/site-packages/airflow/example_dags/example_xcom.py
[2023-10-04T07:54:09.904+0000] {processor.py:756} INFO - Processing file /home/airflow/.local/lib/python3.7/site-packages/airflow/example_dags/example_xcom.py for tasks to queue
[2023-10-04T07:54:09.905+0000] {logging_mixin.py:120} INFO - [2023-10-04T07:54:09.905+0000] {dagbag.py:537} INFO - Filling up the DagBag from /home/airflow/.local/lib/python3.7/site-packages/airflow/example_dags/example_xcom.py
[2023-10-04T07:54:09.923+0000] {processor.py:766} INFO - DAG(s) dict_keys(['example_xcom']) retrieved from /home/airflow/.local/lib/python3.7/site-packages/airflow/example_dags/example_xcom.py
[2023-10-04T07:54:09.960+0000] {logging_mixin.py:120} INFO - [2023-10-04T07:54:09.959+0000] {dag.py:2585} INFO - Sync 1 DAGs
[2023-10-04T07:54:09.981+0000] {logging_mixin.py:120} INFO - [2023-10-04T07:54:09.981+0000] {dag.py:3340} INFO - Setting next_dagrun for example_xcom to 2021-01-01T00:00:00+00:00, run_after=2021-01-01T00:00:00+00:00
[2023-10-04T07:54:10.003+0000] {processor.py:176} INFO - Processing /home/airflow/.local/lib/python3.7/site-packages/airflow/example_dags/example_xcom.py took 0.103 seconds
[2023-10-04T07:54:40.808+0000] {processor.py:154} INFO - Started process (PID=1608) to work on /home/airflow/.local/lib/python3.7/site-packages/airflow/example_dags/example_xcom.py
[2023-10-04T07:54:40.809+0000] {processor.py:756} INFO - Processing file /home/airflow/.local/lib/python3.7/site-packages/airflow/example_dags/example_xcom.py for tasks to queue
[2023-10-04T07:54:40.811+0000] {logging_mixin.py:120} INFO - [2023-10-04T07:54:40.810+0000] {dagbag.py:537} INFO - Filling up the DagBag from /home/airflow/.local/lib/python3.7/site-packages/airflow/example_dags/example_xcom.py
[2023-10-04T07:54:40.829+0000] {processor.py:766} INFO - DAG(s) dict_keys(['example_xcom']) retrieved from /home/airflow/.local/lib/python3.7/site-packages/airflow/example_dags/example_xcom.py
[2023-10-04T07:54:40.874+0000] {logging_mixin.py:120} INFO - [2023-10-04T07:54:40.874+0000] {dag.py:2585} INFO - Sync 1 DAGs
[2023-10-04T07:54:40.908+0000] {logging_mixin.py:120} INFO - [2023-10-04T07:54:40.907+0000] {dag.py:3340} INFO - Setting next_dagrun for example_xcom to 2021-01-01T00:00:00+00:00, run_after=2021-01-01T00:00:00+00:00
[2023-10-04T07:54:40.934+0000] {processor.py:176} INFO - Processing /home/airflow/.local/lib/python3.7/site-packages/airflow/example_dags/example_xcom.py took 0.130 seconds
[2023-10-04T07:55:11.003+0000] {processor.py:154} INFO - Started process (PID=1666) to work on /home/airflow/.local/lib/python3.7/site-packages/airflow/example_dags/example_xcom.py
[2023-10-04T07:55:11.005+0000] {processor.py:756} INFO - Processing file /home/airflow/.local/lib/python3.7/site-packages/airflow/example_dags/example_xcom.py for tasks to queue
[2023-10-04T07:55:11.006+0000] {logging_mixin.py:120} INFO - [2023-10-04T07:55:11.006+0000] {dagbag.py:537} INFO - Filling up the DagBag from /home/airflow/.local/lib/python3.7/site-packages/airflow/example_dags/example_xcom.py
[2023-10-04T07:55:11.023+0000] {processor.py:766} INFO - DAG(s) dict_keys(['example_xcom']) retrieved from /home/airflow/.local/lib/python3.7/site-packages/airflow/example_dags/example_xcom.py
[2023-10-04T07:55:11.057+0000] {logging_mixin.py:120} INFO - [2023-10-04T07:55:11.057+0000] {dag.py:2585} INFO - Sync 1 DAGs
[2023-10-04T07:55:11.078+0000] {logging_mixin.py:120} INFO - [2023-10-04T07:55:11.078+0000] {dag.py:3340} INFO - Setting next_dagrun for example_xcom to 2021-01-01T00:00:00+00:00, run_after=2021-01-01T00:00:00+00:00
[2023-10-04T07:55:11.094+0000] {processor.py:176} INFO - Processing /home/airflow/.local/lib/python3.7/site-packages/airflow/example_dags/example_xcom.py took 0.093 seconds
[2023-10-04T07:55:41.490+0000] {processor.py:154} INFO - Started process (PID=1733) to work on /home/airflow/.local/lib/python3.7/site-packages/airflow/example_dags/example_xcom.py
[2023-10-04T07:55:41.491+0000] {processor.py:756} INFO - Processing file /home/airflow/.local/lib/python3.7/site-packages/airflow/example_dags/example_xcom.py for tasks to queue
[2023-10-04T07:55:41.493+0000] {logging_mixin.py:120} INFO - [2023-10-04T07:55:41.493+0000] {dagbag.py:537} INFO - Filling up the DagBag from /home/airflow/.local/lib/python3.7/site-packages/airflow/example_dags/example_xcom.py
[2023-10-04T07:55:41.510+0000] {processor.py:766} INFO - DAG(s) dict_keys(['example_xcom']) retrieved from /home/airflow/.local/lib/python3.7/site-packages/airflow/example_dags/example_xcom.py
[2023-10-04T07:55:41.547+0000] {logging_mixin.py:120} INFO - [2023-10-04T07:55:41.547+0000] {dag.py:2585} INFO - Sync 1 DAGs
[2023-10-04T07:55:41.569+0000] {logging_mixin.py:120} INFO - [2023-10-04T07:55:41.569+0000] {dag.py:3340} INFO - Setting next_dagrun for example_xcom to 2021-01-01T00:00:00+00:00, run_after=2021-01-01T00:00:00+00:00
[2023-10-04T07:55:41.590+0000] {processor.py:176} INFO - Processing /home/airflow/.local/lib/python3.7/site-packages/airflow/example_dags/example_xcom.py took 0.102 seconds
[2023-10-04T07:56:12.162+0000] {processor.py:154} INFO - Started process (PID=1800) to work on /home/airflow/.local/lib/python3.7/site-packages/airflow/example_dags/example_xcom.py
[2023-10-04T07:56:12.163+0000] {processor.py:756} INFO - Processing file /home/airflow/.local/lib/python3.7/site-packages/airflow/example_dags/example_xcom.py for tasks to queue
[2023-10-04T07:56:12.165+0000] {logging_mixin.py:120} INFO - [2023-10-04T07:56:12.164+0000] {dagbag.py:537} INFO - Filling up the DagBag from /home/airflow/.local/lib/python3.7/site-packages/airflow/example_dags/example_xcom.py
[2023-10-04T07:56:12.185+0000] {processor.py:766} INFO - DAG(s) dict_keys(['example_xcom']) retrieved from /home/airflow/.local/lib/python3.7/site-packages/airflow/example_dags/example_xcom.py
[2023-10-04T07:56:12.225+0000] {logging_mixin.py:120} INFO - [2023-10-04T07:56:12.225+0000] {dag.py:2585} INFO - Sync 1 DAGs
[2023-10-04T07:56:12.247+0000] {logging_mixin.py:120} INFO - [2023-10-04T07:56:12.247+0000] {dag.py:3340} INFO - Setting next_dagrun for example_xcom to 2021-01-01T00:00:00+00:00, run_after=2021-01-01T00:00:00+00:00
[2023-10-04T07:56:12.273+0000] {processor.py:176} INFO - Processing /home/airflow/.local/lib/python3.7/site-packages/airflow/example_dags/example_xcom.py took 0.114 seconds
[2023-10-04T07:56:42.578+0000] {processor.py:154} INFO - Started process (PID=1858) to work on /home/airflow/.local/lib/python3.7/site-packages/airflow/example_dags/example_xcom.py
[2023-10-04T07:56:42.579+0000] {processor.py:756} INFO - Processing file /home/airflow/.local/lib/python3.7/site-packages/airflow/example_dags/example_xcom.py for tasks to queue
[2023-10-04T07:56:42.581+0000] {logging_mixin.py:120} INFO - [2023-10-04T07:56:42.581+0000] {dagbag.py:537} INFO - Filling up the DagBag from /home/airflow/.local/lib/python3.7/site-packages/airflow/example_dags/example_xcom.py
[2023-10-04T07:56:42.598+0000] {processor.py:766} INFO - DAG(s) dict_keys(['example_xcom']) retrieved from /home/airflow/.local/lib/python3.7/site-packages/airflow/example_dags/example_xcom.py
[2023-10-04T07:56:42.634+0000] {logging_mixin.py:120} INFO - [2023-10-04T07:56:42.634+0000] {dag.py:2585} INFO - Sync 1 DAGs
[2023-10-04T07:56:42.655+0000] {logging_mixin.py:120} INFO - [2023-10-04T07:56:42.655+0000] {dag.py:3340} INFO - Setting next_dagrun for example_xcom to 2021-01-01T00:00:00+00:00, run_after=2021-01-01T00:00:00+00:00
[2023-10-04T07:56:42.679+0000] {processor.py:176} INFO - Processing /home/airflow/.local/lib/python3.7/site-packages/airflow/example_dags/example_xcom.py took 0.107 seconds
[2023-10-04T07:57:12.970+0000] {processor.py:154} INFO - Started process (PID=1925) to work on /home/airflow/.local/lib/python3.7/site-packages/airflow/example_dags/example_xcom.py
[2023-10-04T07:57:12.972+0000] {processor.py:756} INFO - Processing file /home/airflow/.local/lib/python3.7/site-packages/airflow/example_dags/example_xcom.py for tasks to queue
[2023-10-04T07:57:12.973+0000] {logging_mixin.py:120} INFO - [2023-10-04T07:57:12.973+0000] {dagbag.py:537} INFO - Filling up the DagBag from /home/airflow/.local/lib/python3.7/site-packages/airflow/example_dags/example_xcom.py
[2023-10-04T07:57:12.995+0000] {processor.py:766} INFO - DAG(s) dict_keys(['example_xcom']) retrieved from /home/airflow/.local/lib/python3.7/site-packages/airflow/example_dags/example_xcom.py
[2023-10-04T07:57:13.036+0000] {logging_mixin.py:120} INFO - [2023-10-04T07:57:13.035+0000] {dag.py:2585} INFO - Sync 1 DAGs
[2023-10-04T07:57:13.059+0000] {logging_mixin.py:120} INFO - [2023-10-04T07:57:13.058+0000] {dag.py:3340} INFO - Setting next_dagrun for example_xcom to 2021-01-01T00:00:00+00:00, run_after=2021-01-01T00:00:00+00:00
[2023-10-04T07:57:13.081+0000] {processor.py:176} INFO - Processing /home/airflow/.local/lib/python3.7/site-packages/airflow/example_dags/example_xcom.py took 0.114 seconds
[2023-10-04T07:57:43.466+0000] {processor.py:154} INFO - Started process (PID=1993) to work on /home/airflow/.local/lib/python3.7/site-packages/airflow/example_dags/example_xcom.py
[2023-10-04T07:57:43.468+0000] {processor.py:756} INFO - Processing file /home/airflow/.local/lib/python3.7/site-packages/airflow/example_dags/example_xcom.py for tasks to queue
[2023-10-04T07:57:43.471+0000] {logging_mixin.py:120} INFO - [2023-10-04T07:57:43.470+0000] {dagbag.py:537} INFO - Filling up the DagBag from /home/airflow/.local/lib/python3.7/site-packages/airflow/example_dags/example_xcom.py
[2023-10-04T07:57:43.494+0000] {processor.py:766} INFO - DAG(s) dict_keys(['example_xcom']) retrieved from /home/airflow/.local/lib/python3.7/site-packages/airflow/example_dags/example_xcom.py
[2023-10-04T07:57:43.534+0000] {logging_mixin.py:120} INFO - [2023-10-04T07:57:43.534+0000] {dag.py:2585} INFO - Sync 1 DAGs
[2023-10-04T07:57:43.556+0000] {logging_mixin.py:120} INFO - [2023-10-04T07:57:43.555+0000] {dag.py:3340} INFO - Setting next_dagrun for example_xcom to 2021-01-01T00:00:00+00:00, run_after=2021-01-01T00:00:00+00:00
[2023-10-04T07:57:43.586+0000] {processor.py:176} INFO - Processing /home/airflow/.local/lib/python3.7/site-packages/airflow/example_dags/example_xcom.py took 0.126 seconds
[2023-10-04T07:58:13.780+0000] {processor.py:154} INFO - Started process (PID=2060) to work on /home/airflow/.local/lib/python3.7/site-packages/airflow/example_dags/example_xcom.py
[2023-10-04T07:58:13.781+0000] {processor.py:756} INFO - Processing file /home/airflow/.local/lib/python3.7/site-packages/airflow/example_dags/example_xcom.py for tasks to queue
[2023-10-04T07:58:13.783+0000] {logging_mixin.py:120} INFO - [2023-10-04T07:58:13.782+0000] {dagbag.py:537} INFO - Filling up the DagBag from /home/airflow/.local/lib/python3.7/site-packages/airflow/example_dags/example_xcom.py
[2023-10-04T07:58:13.804+0000] {processor.py:766} INFO - DAG(s) dict_keys(['example_xcom']) retrieved from /home/airflow/.local/lib/python3.7/site-packages/airflow/example_dags/example_xcom.py
[2023-10-04T07:58:13.848+0000] {logging_mixin.py:120} INFO - [2023-10-04T07:58:13.848+0000] {dag.py:2585} INFO - Sync 1 DAGs
[2023-10-04T07:58:13.877+0000] {logging_mixin.py:120} INFO - [2023-10-04T07:58:13.876+0000] {dag.py:3340} INFO - Setting next_dagrun for example_xcom to 2021-01-01T00:00:00+00:00, run_after=2021-01-01T00:00:00+00:00
[2023-10-04T07:58:13.903+0000] {processor.py:176} INFO - Processing /home/airflow/.local/lib/python3.7/site-packages/airflow/example_dags/example_xcom.py took 0.127 seconds
[2023-10-04T07:58:44.355+0000] {processor.py:154} INFO - Started process (PID=2118) to work on /home/airflow/.local/lib/python3.7/site-packages/airflow/example_dags/example_xcom.py
[2023-10-04T07:58:44.357+0000] {processor.py:756} INFO - Processing file /home/airflow/.local/lib/python3.7/site-packages/airflow/example_dags/example_xcom.py for tasks to queue
[2023-10-04T07:58:44.358+0000] {logging_mixin.py:120} INFO - [2023-10-04T07:58:44.358+0000] {dagbag.py:537} INFO - Filling up the DagBag from /home/airflow/.local/lib/python3.7/site-packages/airflow/example_dags/example_xcom.py
[2023-10-04T07:58:44.375+0000] {processor.py:766} INFO - DAG(s) dict_keys(['example_xcom']) retrieved from /home/airflow/.local/lib/python3.7/site-packages/airflow/example_dags/example_xcom.py
[2023-10-04T07:58:44.412+0000] {logging_mixin.py:120} INFO - [2023-10-04T07:58:44.412+0000] {dag.py:2585} INFO - Sync 1 DAGs
[2023-10-04T07:58:44.432+0000] {logging_mixin.py:120} INFO - [2023-10-04T07:58:44.432+0000] {dag.py:3340} INFO - Setting next_dagrun for example_xcom to 2021-01-01T00:00:00+00:00, run_after=2021-01-01T00:00:00+00:00
[2023-10-04T07:58:44.452+0000] {processor.py:176} INFO - Processing /home/airflow/.local/lib/python3.7/site-packages/airflow/example_dags/example_xcom.py took 0.100 seconds
[2023-10-04T07:59:15.068+0000] {processor.py:154} INFO - Started process (PID=2186) to work on /home/airflow/.local/lib/python3.7/site-packages/airflow/example_dags/example_xcom.py
[2023-10-04T07:59:15.070+0000] {processor.py:756} INFO - Processing file /home/airflow/.local/lib/python3.7/site-packages/airflow/example_dags/example_xcom.py for tasks to queue
[2023-10-04T07:59:15.072+0000] {logging_mixin.py:120} INFO - [2023-10-04T07:59:15.072+0000] {dagbag.py:537} INFO - Filling up the DagBag from /home/airflow/.local/lib/python3.7/site-packages/airflow/example_dags/example_xcom.py
[2023-10-04T07:59:15.093+0000] {processor.py:766} INFO - DAG(s) dict_keys(['example_xcom']) retrieved from /home/airflow/.local/lib/python3.7/site-packages/airflow/example_dags/example_xcom.py
[2023-10-04T07:59:15.129+0000] {logging_mixin.py:120} INFO - [2023-10-04T07:59:15.129+0000] {dag.py:2585} INFO - Sync 1 DAGs
[2023-10-04T07:59:15.150+0000] {logging_mixin.py:120} INFO - [2023-10-04T07:59:15.150+0000] {dag.py:3340} INFO - Setting next_dagrun for example_xcom to 2021-01-01T00:00:00+00:00, run_after=2021-01-01T00:00:00+00:00
[2023-10-04T07:59:15.170+0000] {processor.py:176} INFO - Processing /home/airflow/.local/lib/python3.7/site-packages/airflow/example_dags/example_xcom.py took 0.105 seconds
[2023-10-04T07:59:45.637+0000] {processor.py:154} INFO - Started process (PID=2253) to work on /home/airflow/.local/lib/python3.7/site-packages/airflow/example_dags/example_xcom.py
[2023-10-04T07:59:45.639+0000] {processor.py:756} INFO - Processing file /home/airflow/.local/lib/python3.7/site-packages/airflow/example_dags/example_xcom.py for tasks to queue
[2023-10-04T07:59:45.640+0000] {logging_mixin.py:120} INFO - [2023-10-04T07:59:45.640+0000] {dagbag.py:537} INFO - Filling up the DagBag from /home/airflow/.local/lib/python3.7/site-packages/airflow/example_dags/example_xcom.py
[2023-10-04T07:59:45.659+0000] {processor.py:766} INFO - DAG(s) dict_keys(['example_xcom']) retrieved from /home/airflow/.local/lib/python3.7/site-packages/airflow/example_dags/example_xcom.py
[2023-10-04T07:59:45.697+0000] {logging_mixin.py:120} INFO - [2023-10-04T07:59:45.697+0000] {dag.py:2585} INFO - Sync 1 DAGs
[2023-10-04T07:59:45.719+0000] {logging_mixin.py:120} INFO - [2023-10-04T07:59:45.719+0000] {dag.py:3340} INFO - Setting next_dagrun for example_xcom to 2021-01-01T00:00:00+00:00, run_after=2021-01-01T00:00:00+00:00
[2023-10-04T07:59:45.739+0000] {processor.py:176} INFO - Processing /home/airflow/.local/lib/python3.7/site-packages/airflow/example_dags/example_xcom.py took 0.106 seconds
[2023-10-04T08:00:16.425+0000] {processor.py:154} INFO - Started process (PID=2320) to work on /home/airflow/.local/lib/python3.7/site-packages/airflow/example_dags/example_xcom.py
[2023-10-04T08:00:16.426+0000] {processor.py:756} INFO - Processing file /home/airflow/.local/lib/python3.7/site-packages/airflow/example_dags/example_xcom.py for tasks to queue
[2023-10-04T08:00:16.428+0000] {logging_mixin.py:120} INFO - [2023-10-04T08:00:16.428+0000] {dagbag.py:537} INFO - Filling up the DagBag from /home/airflow/.local/lib/python3.7/site-packages/airflow/example_dags/example_xcom.py
[2023-10-04T08:00:16.453+0000] {processor.py:766} INFO - DAG(s) dict_keys(['example_xcom']) retrieved from /home/airflow/.local/lib/python3.7/site-packages/airflow/example_dags/example_xcom.py
[2023-10-04T08:00:16.494+0000] {logging_mixin.py:120} INFO - [2023-10-04T08:00:16.493+0000] {dag.py:2585} INFO - Sync 1 DAGs
[2023-10-04T08:00:16.517+0000] {logging_mixin.py:120} INFO - [2023-10-04T08:00:16.517+0000] {dag.py:3340} INFO - Setting next_dagrun for example_xcom to 2021-01-01T00:00:00+00:00, run_after=2021-01-01T00:00:00+00:00
[2023-10-04T08:00:16.544+0000] {processor.py:176} INFO - Processing /home/airflow/.local/lib/python3.7/site-packages/airflow/example_dags/example_xcom.py took 0.123 seconds
[2023-10-04T08:00:47.196+0000] {processor.py:154} INFO - Started process (PID=2379) to work on /home/airflow/.local/lib/python3.7/site-packages/airflow/example_dags/example_xcom.py
[2023-10-04T08:00:47.198+0000] {processor.py:756} INFO - Processing file /home/airflow/.local/lib/python3.7/site-packages/airflow/example_dags/example_xcom.py for tasks to queue
[2023-10-04T08:00:47.199+0000] {logging_mixin.py:120} INFO - [2023-10-04T08:00:47.199+0000] {dagbag.py:537} INFO - Filling up the DagBag from /home/airflow/.local/lib/python3.7/site-packages/airflow/example_dags/example_xcom.py
[2023-10-04T08:00:47.218+0000] {processor.py:766} INFO - DAG(s) dict_keys(['example_xcom']) retrieved from /home/airflow/.local/lib/python3.7/site-packages/airflow/example_dags/example_xcom.py
[2023-10-04T08:00:47.254+0000] {logging_mixin.py:120} INFO - [2023-10-04T08:00:47.254+0000] {dag.py:2585} INFO - Sync 1 DAGs
[2023-10-04T08:00:47.275+0000] {logging_mixin.py:120} INFO - [2023-10-04T08:00:47.274+0000] {dag.py:3340} INFO - Setting next_dagrun for example_xcom to 2021-01-01T00:00:00+00:00, run_after=2021-01-01T00:00:00+00:00
[2023-10-04T08:00:47.299+0000] {processor.py:176} INFO - Processing /home/airflow/.local/lib/python3.7/site-packages/airflow/example_dags/example_xcom.py took 0.108 seconds
[2023-10-04T08:01:17.615+0000] {processor.py:154} INFO - Started process (PID=2446) to work on /home/airflow/.local/lib/python3.7/site-packages/airflow/example_dags/example_xcom.py
[2023-10-04T08:01:17.616+0000] {processor.py:756} INFO - Processing file /home/airflow/.local/lib/python3.7/site-packages/airflow/example_dags/example_xcom.py for tasks to queue
[2023-10-04T08:01:17.619+0000] {logging_mixin.py:120} INFO - [2023-10-04T08:01:17.618+0000] {dagbag.py:537} INFO - Filling up the DagBag from /home/airflow/.local/lib/python3.7/site-packages/airflow/example_dags/example_xcom.py
[2023-10-04T08:01:17.639+0000] {processor.py:766} INFO - DAG(s) dict_keys(['example_xcom']) retrieved from /home/airflow/.local/lib/python3.7/site-packages/airflow/example_dags/example_xcom.py
[2023-10-04T08:01:17.674+0000] {logging_mixin.py:120} INFO - [2023-10-04T08:01:17.674+0000] {dag.py:2585} INFO - Sync 1 DAGs
[2023-10-04T08:01:17.696+0000] {logging_mixin.py:120} INFO - [2023-10-04T08:01:17.696+0000] {dag.py:3340} INFO - Setting next_dagrun for example_xcom to 2021-01-01T00:00:00+00:00, run_after=2021-01-01T00:00:00+00:00
[2023-10-04T08:01:17.717+0000] {processor.py:176} INFO - Processing /home/airflow/.local/lib/python3.7/site-packages/airflow/example_dags/example_xcom.py took 0.106 seconds
[2023-10-04T08:01:48.110+0000] {processor.py:154} INFO - Started process (PID=2513) to work on /home/airflow/.local/lib/python3.7/site-packages/airflow/example_dags/example_xcom.py
[2023-10-04T08:01:48.112+0000] {processor.py:756} INFO - Processing file /home/airflow/.local/lib/python3.7/site-packages/airflow/example_dags/example_xcom.py for tasks to queue
[2023-10-04T08:01:48.113+0000] {logging_mixin.py:120} INFO - [2023-10-04T08:01:48.113+0000] {dagbag.py:537} INFO - Filling up the DagBag from /home/airflow/.local/lib/python3.7/site-packages/airflow/example_dags/example_xcom.py
[2023-10-04T08:01:48.130+0000] {processor.py:766} INFO - DAG(s) dict_keys(['example_xcom']) retrieved from /home/airflow/.local/lib/python3.7/site-packages/airflow/example_dags/example_xcom.py
[2023-10-04T08:01:48.166+0000] {logging_mixin.py:120} INFO - [2023-10-04T08:01:48.166+0000] {dag.py:2585} INFO - Sync 1 DAGs
[2023-10-04T08:01:48.187+0000] {logging_mixin.py:120} INFO - [2023-10-04T08:01:48.187+0000] {dag.py:3340} INFO - Setting next_dagrun for example_xcom to 2021-01-01T00:00:00+00:00, run_after=2021-01-01T00:00:00+00:00
[2023-10-04T08:01:48.207+0000] {processor.py:176} INFO - Processing /home/airflow/.local/lib/python3.7/site-packages/airflow/example_dags/example_xcom.py took 0.099 seconds
[2023-10-04T08:02:18.682+0000] {processor.py:154} INFO - Started process (PID=2571) to work on /home/airflow/.local/lib/python3.7/site-packages/airflow/example_dags/example_xcom.py
[2023-10-04T08:02:18.688+0000] {processor.py:756} INFO - Processing file /home/airflow/.local/lib/python3.7/site-packages/airflow/example_dags/example_xcom.py for tasks to queue
[2023-10-04T08:02:18.692+0000] {logging_mixin.py:120} INFO - [2023-10-04T08:02:18.691+0000] {dagbag.py:537} INFO - Filling up the DagBag from /home/airflow/.local/lib/python3.7/site-packages/airflow/example_dags/example_xcom.py
[2023-10-04T08:02:18.728+0000] {processor.py:766} INFO - DAG(s) dict_keys(['example_xcom']) retrieved from /home/airflow/.local/lib/python3.7/site-packages/airflow/example_dags/example_xcom.py
[2023-10-04T08:02:18.843+0000] {logging_mixin.py:120} INFO - [2023-10-04T08:02:18.842+0000] {dag.py:2585} INFO - Sync 1 DAGs
[2023-10-04T08:02:18.876+0000] {logging_mixin.py:120} INFO - [2023-10-04T08:02:18.875+0000] {dag.py:3340} INFO - Setting next_dagrun for example_xcom to 2021-01-01T00:00:00+00:00, run_after=2021-01-01T00:00:00+00:00
[2023-10-04T08:02:18.902+0000] {processor.py:176} INFO - Processing /home/airflow/.local/lib/python3.7/site-packages/airflow/example_dags/example_xcom.py took 0.234 seconds
[2023-10-04T08:02:49.004+0000] {processor.py:154} INFO - Started process (PID=2639) to work on /home/airflow/.local/lib/python3.7/site-packages/airflow/example_dags/example_xcom.py
[2023-10-04T08:02:49.005+0000] {processor.py:756} INFO - Processing file /home/airflow/.local/lib/python3.7/site-packages/airflow/example_dags/example_xcom.py for tasks to queue
[2023-10-04T08:02:49.006+0000] {logging_mixin.py:120} INFO - [2023-10-04T08:02:49.006+0000] {dagbag.py:537} INFO - Filling up the DagBag from /home/airflow/.local/lib/python3.7/site-packages/airflow/example_dags/example_xcom.py
[2023-10-04T08:02:49.026+0000] {processor.py:766} INFO - DAG(s) dict_keys(['example_xcom']) retrieved from /home/airflow/.local/lib/python3.7/site-packages/airflow/example_dags/example_xcom.py
[2023-10-04T08:02:49.065+0000] {logging_mixin.py:120} INFO - [2023-10-04T08:02:49.065+0000] {dag.py:2585} INFO - Sync 1 DAGs
[2023-10-04T08:02:49.088+0000] {logging_mixin.py:120} INFO - [2023-10-04T08:02:49.088+0000] {dag.py:3340} INFO - Setting next_dagrun for example_xcom to 2021-01-01T00:00:00+00:00, run_after=2021-01-01T00:00:00+00:00
[2023-10-04T08:02:49.109+0000] {processor.py:176} INFO - Processing /home/airflow/.local/lib/python3.7/site-packages/airflow/example_dags/example_xcom.py took 0.109 seconds
[2023-10-04T08:03:19.618+0000] {processor.py:154} INFO - Started process (PID=2706) to work on /home/airflow/.local/lib/python3.7/site-packages/airflow/example_dags/example_xcom.py
[2023-10-04T08:03:19.620+0000] {processor.py:756} INFO - Processing file /home/airflow/.local/lib/python3.7/site-packages/airflow/example_dags/example_xcom.py for tasks to queue
[2023-10-04T08:03:19.621+0000] {logging_mixin.py:120} INFO - [2023-10-04T08:03:19.621+0000] {dagbag.py:537} INFO - Filling up the DagBag from /home/airflow/.local/lib/python3.7/site-packages/airflow/example_dags/example_xcom.py
[2023-10-04T08:03:19.642+0000] {processor.py:766} INFO - DAG(s) dict_keys(['example_xcom']) retrieved from /home/airflow/.local/lib/python3.7/site-packages/airflow/example_dags/example_xcom.py
[2023-10-04T08:03:19.678+0000] {logging_mixin.py:120} INFO - [2023-10-04T08:03:19.678+0000] {dag.py:2585} INFO - Sync 1 DAGs
[2023-10-04T08:03:19.703+0000] {logging_mixin.py:120} INFO - [2023-10-04T08:03:19.703+0000] {dag.py:3340} INFO - Setting next_dagrun for example_xcom to 2021-01-01T00:00:00+00:00, run_after=2021-01-01T00:00:00+00:00
[2023-10-04T08:03:19.724+0000] {processor.py:176} INFO - Processing /home/airflow/.local/lib/python3.7/site-packages/airflow/example_dags/example_xcom.py took 0.110 seconds
[2023-10-04T08:03:49.947+0000] {processor.py:154} INFO - Started process (PID=2773) to work on /home/airflow/.local/lib/python3.7/site-packages/airflow/example_dags/example_xcom.py
[2023-10-04T08:03:49.949+0000] {processor.py:756} INFO - Processing file /home/airflow/.local/lib/python3.7/site-packages/airflow/example_dags/example_xcom.py for tasks to queue
[2023-10-04T08:03:49.951+0000] {logging_mixin.py:120} INFO - [2023-10-04T08:03:49.950+0000] {dagbag.py:537} INFO - Filling up the DagBag from /home/airflow/.local/lib/python3.7/site-packages/airflow/example_dags/example_xcom.py
[2023-10-04T08:03:49.970+0000] {processor.py:766} INFO - DAG(s) dict_keys(['example_xcom']) retrieved from /home/airflow/.local/lib/python3.7/site-packages/airflow/example_dags/example_xcom.py
[2023-10-04T08:03:50.005+0000] {logging_mixin.py:120} INFO - [2023-10-04T08:03:50.005+0000] {dag.py:2585} INFO - Sync 1 DAGs
[2023-10-04T08:03:50.026+0000] {logging_mixin.py:120} INFO - [2023-10-04T08:03:50.026+0000] {dag.py:3340} INFO - Setting next_dagrun for example_xcom to 2021-01-01T00:00:00+00:00, run_after=2021-01-01T00:00:00+00:00
[2023-10-04T08:03:50.047+0000] {processor.py:176} INFO - Processing /home/airflow/.local/lib/python3.7/site-packages/airflow/example_dags/example_xcom.py took 0.104 seconds
[2023-10-04T08:04:20.302+0000] {processor.py:154} INFO - Started process (PID=2831) to work on /home/airflow/.local/lib/python3.7/site-packages/airflow/example_dags/example_xcom.py
[2023-10-04T08:04:20.303+0000] {processor.py:756} INFO - Processing file /home/airflow/.local/lib/python3.7/site-packages/airflow/example_dags/example_xcom.py for tasks to queue
[2023-10-04T08:04:20.305+0000] {logging_mixin.py:120} INFO - [2023-10-04T08:04:20.304+0000] {dagbag.py:537} INFO - Filling up the DagBag from /home/airflow/.local/lib/python3.7/site-packages/airflow/example_dags/example_xcom.py
[2023-10-04T08:04:20.322+0000] {processor.py:766} INFO - DAG(s) dict_keys(['example_xcom']) retrieved from /home/airflow/.local/lib/python3.7/site-packages/airflow/example_dags/example_xcom.py
[2023-10-04T08:04:20.359+0000] {logging_mixin.py:120} INFO - [2023-10-04T08:04:20.359+0000] {dag.py:2585} INFO - Sync 1 DAGs
[2023-10-04T08:04:20.379+0000] {logging_mixin.py:120} INFO - [2023-10-04T08:04:20.379+0000] {dag.py:3340} INFO - Setting next_dagrun for example_xcom to 2021-01-01T00:00:00+00:00, run_after=2021-01-01T00:00:00+00:00
[2023-10-04T08:04:20.400+0000] {processor.py:176} INFO - Processing /home/airflow/.local/lib/python3.7/site-packages/airflow/example_dags/example_xcom.py took 0.102 seconds
[2023-10-04T08:04:50.721+0000] {processor.py:154} INFO - Started process (PID=2898) to work on /home/airflow/.local/lib/python3.7/site-packages/airflow/example_dags/example_xcom.py
[2023-10-04T08:04:50.723+0000] {processor.py:756} INFO - Processing file /home/airflow/.local/lib/python3.7/site-packages/airflow/example_dags/example_xcom.py for tasks to queue
[2023-10-04T08:04:50.724+0000] {logging_mixin.py:120} INFO - [2023-10-04T08:04:50.724+0000] {dagbag.py:537} INFO - Filling up the DagBag from /home/airflow/.local/lib/python3.7/site-packages/airflow/example_dags/example_xcom.py
[2023-10-04T08:04:50.742+0000] {processor.py:766} INFO - DAG(s) dict_keys(['example_xcom']) retrieved from /home/airflow/.local/lib/python3.7/site-packages/airflow/example_dags/example_xcom.py
[2023-10-04T08:04:50.781+0000] {logging_mixin.py:120} INFO - [2023-10-04T08:04:50.781+0000] {dag.py:2585} INFO - Sync 1 DAGs
[2023-10-04T08:04:50.805+0000] {logging_mixin.py:120} INFO - [2023-10-04T08:04:50.805+0000] {dag.py:3340} INFO - Setting next_dagrun for example_xcom to 2021-01-01T00:00:00+00:00, run_after=2021-01-01T00:00:00+00:00
[2023-10-04T08:04:50.827+0000] {processor.py:176} INFO - Processing /home/airflow/.local/lib/python3.7/site-packages/airflow/example_dags/example_xcom.py took 0.109 seconds
[2023-10-04T08:05:21.705+0000] {processor.py:154} INFO - Started process (PID=2965) to work on /home/airflow/.local/lib/python3.7/site-packages/airflow/example_dags/example_xcom.py
[2023-10-04T08:05:21.706+0000] {processor.py:756} INFO - Processing file /home/airflow/.local/lib/python3.7/site-packages/airflow/example_dags/example_xcom.py for tasks to queue
[2023-10-04T08:05:21.708+0000] {logging_mixin.py:120} INFO - [2023-10-04T08:05:21.708+0000] {dagbag.py:537} INFO - Filling up the DagBag from /home/airflow/.local/lib/python3.7/site-packages/airflow/example_dags/example_xcom.py
[2023-10-04T08:05:21.730+0000] {processor.py:766} INFO - DAG(s) dict_keys(['example_xcom']) retrieved from /home/airflow/.local/lib/python3.7/site-packages/airflow/example_dags/example_xcom.py
[2023-10-04T08:05:21.767+0000] {logging_mixin.py:120} INFO - [2023-10-04T08:05:21.767+0000] {dag.py:2585} INFO - Sync 1 DAGs
[2023-10-04T08:05:21.790+0000] {logging_mixin.py:120} INFO - [2023-10-04T08:05:21.790+0000] {dag.py:3340} INFO - Setting next_dagrun for example_xcom to 2021-01-01T00:00:00+00:00, run_after=2021-01-01T00:00:00+00:00
[2023-10-04T08:05:21.811+0000] {processor.py:176} INFO - Processing /home/airflow/.local/lib/python3.7/site-packages/airflow/example_dags/example_xcom.py took 0.112 seconds
[2023-10-04T08:05:52.427+0000] {processor.py:154} INFO - Started process (PID=3032) to work on /home/airflow/.local/lib/python3.7/site-packages/airflow/example_dags/example_xcom.py
[2023-10-04T08:05:52.429+0000] {processor.py:756} INFO - Processing file /home/airflow/.local/lib/python3.7/site-packages/airflow/example_dags/example_xcom.py for tasks to queue
[2023-10-04T08:05:52.430+0000] {logging_mixin.py:120} INFO - [2023-10-04T08:05:52.430+0000] {dagbag.py:537} INFO - Filling up the DagBag from /home/airflow/.local/lib/python3.7/site-packages/airflow/example_dags/example_xcom.py
[2023-10-04T08:05:52.451+0000] {processor.py:766} INFO - DAG(s) dict_keys(['example_xcom']) retrieved from /home/airflow/.local/lib/python3.7/site-packages/airflow/example_dags/example_xcom.py
[2023-10-04T08:05:52.499+0000] {logging_mixin.py:120} INFO - [2023-10-04T08:05:52.499+0000] {dag.py:2585} INFO - Sync 1 DAGs
[2023-10-04T08:05:52.528+0000] {logging_mixin.py:120} INFO - [2023-10-04T08:05:52.528+0000] {dag.py:3340} INFO - Setting next_dagrun for example_xcom to 2021-01-01T00:00:00+00:00, run_after=2021-01-01T00:00:00+00:00
[2023-10-04T08:05:52.555+0000] {processor.py:176} INFO - Processing /home/airflow/.local/lib/python3.7/site-packages/airflow/example_dags/example_xcom.py took 0.132 seconds
[2023-10-04T08:06:22.964+0000] {processor.py:154} INFO - Started process (PID=3090) to work on /home/airflow/.local/lib/python3.7/site-packages/airflow/example_dags/example_xcom.py
[2023-10-04T08:06:22.966+0000] {processor.py:756} INFO - Processing file /home/airflow/.local/lib/python3.7/site-packages/airflow/example_dags/example_xcom.py for tasks to queue
[2023-10-04T08:06:22.967+0000] {logging_mixin.py:120} INFO - [2023-10-04T08:06:22.967+0000] {dagbag.py:537} INFO - Filling up the DagBag from /home/airflow/.local/lib/python3.7/site-packages/airflow/example_dags/example_xcom.py
[2023-10-04T08:06:22.986+0000] {processor.py:766} INFO - DAG(s) dict_keys(['example_xcom']) retrieved from /home/airflow/.local/lib/python3.7/site-packages/airflow/example_dags/example_xcom.py
[2023-10-04T08:06:23.024+0000] {logging_mixin.py:120} INFO - [2023-10-04T08:06:23.024+0000] {dag.py:2585} INFO - Sync 1 DAGs
[2023-10-04T08:06:23.049+0000] {logging_mixin.py:120} INFO - [2023-10-04T08:06:23.049+0000] {dag.py:3340} INFO - Setting next_dagrun for example_xcom to 2021-01-01T00:00:00+00:00, run_after=2021-01-01T00:00:00+00:00
[2023-10-04T08:06:23.074+0000] {processor.py:176} INFO - Processing /home/airflow/.local/lib/python3.7/site-packages/airflow/example_dags/example_xcom.py took 0.112 seconds
[2023-10-04T08:06:53.571+0000] {processor.py:154} INFO - Started process (PID=3157) to work on /home/airflow/.local/lib/python3.7/site-packages/airflow/example_dags/example_xcom.py
[2023-10-04T08:06:53.572+0000] {processor.py:756} INFO - Processing file /home/airflow/.local/lib/python3.7/site-packages/airflow/example_dags/example_xcom.py for tasks to queue
[2023-10-04T08:06:53.574+0000] {logging_mixin.py:120} INFO - [2023-10-04T08:06:53.574+0000] {dagbag.py:537} INFO - Filling up the DagBag from /home/airflow/.local/lib/python3.7/site-packages/airflow/example_dags/example_xcom.py
[2023-10-04T08:06:53.594+0000] {processor.py:766} INFO - DAG(s) dict_keys(['example_xcom']) retrieved from /home/airflow/.local/lib/python3.7/site-packages/airflow/example_dags/example_xcom.py
[2023-10-04T08:06:53.634+0000] {logging_mixin.py:120} INFO - [2023-10-04T08:06:53.634+0000] {dag.py:2585} INFO - Sync 1 DAGs
[2023-10-04T08:06:53.655+0000] {logging_mixin.py:120} INFO - [2023-10-04T08:06:53.655+0000] {dag.py:3340} INFO - Setting next_dagrun for example_xcom to 2021-01-01T00:00:00+00:00, run_after=2021-01-01T00:00:00+00:00
[2023-10-04T08:06:53.678+0000] {processor.py:176} INFO - Processing /home/airflow/.local/lib/python3.7/site-packages/airflow/example_dags/example_xcom.py took 0.111 seconds
[2023-10-04T08:07:24.187+0000] {processor.py:154} INFO - Started process (PID=3224) to work on /home/airflow/.local/lib/python3.7/site-packages/airflow/example_dags/example_xcom.py
[2023-10-04T08:07:24.189+0000] {processor.py:756} INFO - Processing file /home/airflow/.local/lib/python3.7/site-packages/airflow/example_dags/example_xcom.py for tasks to queue
[2023-10-04T08:07:24.190+0000] {logging_mixin.py:120} INFO - [2023-10-04T08:07:24.190+0000] {dagbag.py:537} INFO - Filling up the DagBag from /home/airflow/.local/lib/python3.7/site-packages/airflow/example_dags/example_xcom.py
[2023-10-04T08:07:24.208+0000] {processor.py:766} INFO - DAG(s) dict_keys(['example_xcom']) retrieved from /home/airflow/.local/lib/python3.7/site-packages/airflow/example_dags/example_xcom.py
[2023-10-04T08:07:24.244+0000] {logging_mixin.py:120} INFO - [2023-10-04T08:07:24.244+0000] {dag.py:2585} INFO - Sync 1 DAGs
[2023-10-04T08:07:24.264+0000] {logging_mixin.py:120} INFO - [2023-10-04T08:07:24.264+0000] {dag.py:3340} INFO - Setting next_dagrun for example_xcom to 2021-01-01T00:00:00+00:00, run_after=2021-01-01T00:00:00+00:00
[2023-10-04T08:07:24.285+0000] {processor.py:176} INFO - Processing /home/airflow/.local/lib/python3.7/site-packages/airflow/example_dags/example_xcom.py took 0.101 seconds
[2023-10-04T08:07:54.395+0000] {processor.py:154} INFO - Started process (PID=3282) to work on /home/airflow/.local/lib/python3.7/site-packages/airflow/example_dags/example_xcom.py
[2023-10-04T08:07:54.396+0000] {processor.py:756} INFO - Processing file /home/airflow/.local/lib/python3.7/site-packages/airflow/example_dags/example_xcom.py for tasks to queue
[2023-10-04T08:07:54.397+0000] {logging_mixin.py:120} INFO - [2023-10-04T08:07:54.397+0000] {dagbag.py:537} INFO - Filling up the DagBag from /home/airflow/.local/lib/python3.7/site-packages/airflow/example_dags/example_xcom.py
[2023-10-04T08:07:54.415+0000] {processor.py:766} INFO - DAG(s) dict_keys(['example_xcom']) retrieved from /home/airflow/.local/lib/python3.7/site-packages/airflow/example_dags/example_xcom.py
[2023-10-04T08:07:54.446+0000] {logging_mixin.py:120} INFO - [2023-10-04T08:07:54.446+0000] {dag.py:2585} INFO - Sync 1 DAGs
[2023-10-04T08:07:54.467+0000] {logging_mixin.py:120} INFO - [2023-10-04T08:07:54.467+0000] {dag.py:3340} INFO - Setting next_dagrun for example_xcom to 2021-01-01T00:00:00+00:00, run_after=2021-01-01T00:00:00+00:00
[2023-10-04T08:07:54.488+0000] {processor.py:176} INFO - Processing /home/airflow/.local/lib/python3.7/site-packages/airflow/example_dags/example_xcom.py took 0.096 seconds
[2023-10-04T08:08:24.653+0000] {processor.py:154} INFO - Started process (PID=3349) to work on /home/airflow/.local/lib/python3.7/site-packages/airflow/example_dags/example_xcom.py
[2023-10-04T08:08:24.655+0000] {processor.py:756} INFO - Processing file /home/airflow/.local/lib/python3.7/site-packages/airflow/example_dags/example_xcom.py for tasks to queue
[2023-10-04T08:08:24.657+0000] {logging_mixin.py:120} INFO - [2023-10-04T08:08:24.657+0000] {dagbag.py:537} INFO - Filling up the DagBag from /home/airflow/.local/lib/python3.7/site-packages/airflow/example_dags/example_xcom.py
[2023-10-04T08:08:24.676+0000] {processor.py:766} INFO - DAG(s) dict_keys(['example_xcom']) retrieved from /home/airflow/.local/lib/python3.7/site-packages/airflow/example_dags/example_xcom.py
[2023-10-04T08:08:24.712+0000] {logging_mixin.py:120} INFO - [2023-10-04T08:08:24.712+0000] {dag.py:2585} INFO - Sync 1 DAGs
[2023-10-04T08:08:24.733+0000] {logging_mixin.py:120} INFO - [2023-10-04T08:08:24.733+0000] {dag.py:3340} INFO - Setting next_dagrun for example_xcom to 2021-01-01T00:00:00+00:00, run_after=2021-01-01T00:00:00+00:00
[2023-10-04T08:08:24.755+0000] {processor.py:176} INFO - Processing /home/airflow/.local/lib/python3.7/site-packages/airflow/example_dags/example_xcom.py took 0.105 seconds
[2023-10-04T08:08:54.903+0000] {processor.py:154} INFO - Started process (PID=3417) to work on /home/airflow/.local/lib/python3.7/site-packages/airflow/example_dags/example_xcom.py
[2023-10-04T08:08:54.905+0000] {processor.py:756} INFO - Processing file /home/airflow/.local/lib/python3.7/site-packages/airflow/example_dags/example_xcom.py for tasks to queue
[2023-10-04T08:08:54.906+0000] {logging_mixin.py:120} INFO - [2023-10-04T08:08:54.906+0000] {dagbag.py:537} INFO - Filling up the DagBag from /home/airflow/.local/lib/python3.7/site-packages/airflow/example_dags/example_xcom.py
[2023-10-04T08:08:54.925+0000] {processor.py:766} INFO - DAG(s) dict_keys(['example_xcom']) retrieved from /home/airflow/.local/lib/python3.7/site-packages/airflow/example_dags/example_xcom.py
[2023-10-04T08:08:54.960+0000] {logging_mixin.py:120} INFO - [2023-10-04T08:08:54.960+0000] {dag.py:2585} INFO - Sync 1 DAGs
[2023-10-04T08:08:54.982+0000] {logging_mixin.py:120} INFO - [2023-10-04T08:08:54.982+0000] {dag.py:3340} INFO - Setting next_dagrun for example_xcom to 2021-01-01T00:00:00+00:00, run_after=2021-01-01T00:00:00+00:00
[2023-10-04T08:08:55.004+0000] {processor.py:176} INFO - Processing /home/airflow/.local/lib/python3.7/site-packages/airflow/example_dags/example_xcom.py took 0.105 seconds
[2023-10-04T08:09:25.413+0000] {processor.py:154} INFO - Started process (PID=3484) to work on /home/airflow/.local/lib/python3.7/site-packages/airflow/example_dags/example_xcom.py
[2023-10-04T08:09:25.415+0000] {processor.py:756} INFO - Processing file /home/airflow/.local/lib/python3.7/site-packages/airflow/example_dags/example_xcom.py for tasks to queue
[2023-10-04T08:09:25.416+0000] {logging_mixin.py:120} INFO - [2023-10-04T08:09:25.416+0000] {dagbag.py:537} INFO - Filling up the DagBag from /home/airflow/.local/lib/python3.7/site-packages/airflow/example_dags/example_xcom.py
[2023-10-04T08:09:25.433+0000] {processor.py:766} INFO - DAG(s) dict_keys(['example_xcom']) retrieved from /home/airflow/.local/lib/python3.7/site-packages/airflow/example_dags/example_xcom.py
[2023-10-04T08:09:25.468+0000] {logging_mixin.py:120} INFO - [2023-10-04T08:09:25.468+0000] {dag.py:2585} INFO - Sync 1 DAGs
[2023-10-04T08:09:25.488+0000] {logging_mixin.py:120} INFO - [2023-10-04T08:09:25.488+0000] {dag.py:3340} INFO - Setting next_dagrun for example_xcom to 2021-01-01T00:00:00+00:00, run_after=2021-01-01T00:00:00+00:00
[2023-10-04T08:09:25.507+0000] {processor.py:176} INFO - Processing /home/airflow/.local/lib/python3.7/site-packages/airflow/example_dags/example_xcom.py took 0.097 seconds
[2023-10-04T08:09:55.897+0000] {processor.py:154} INFO - Started process (PID=3542) to work on /home/airflow/.local/lib/python3.7/site-packages/airflow/example_dags/example_xcom.py
[2023-10-04T08:09:55.898+0000] {processor.py:756} INFO - Processing file /home/airflow/.local/lib/python3.7/site-packages/airflow/example_dags/example_xcom.py for tasks to queue
[2023-10-04T08:09:55.900+0000] {logging_mixin.py:120} INFO - [2023-10-04T08:09:55.900+0000] {dagbag.py:537} INFO - Filling up the DagBag from /home/airflow/.local/lib/python3.7/site-packages/airflow/example_dags/example_xcom.py
[2023-10-04T08:09:55.921+0000] {processor.py:766} INFO - DAG(s) dict_keys(['example_xcom']) retrieved from /home/airflow/.local/lib/python3.7/site-packages/airflow/example_dags/example_xcom.py
[2023-10-04T08:09:55.958+0000] {logging_mixin.py:120} INFO - [2023-10-04T08:09:55.958+0000] {dag.py:2585} INFO - Sync 1 DAGs
[2023-10-04T08:09:55.985+0000] {logging_mixin.py:120} INFO - [2023-10-04T08:09:55.985+0000] {dag.py:3340} INFO - Setting next_dagrun for example_xcom to 2021-01-01T00:00:00+00:00, run_after=2021-01-01T00:00:00+00:00
[2023-10-04T08:09:56.009+0000] {processor.py:176} INFO - Processing /home/airflow/.local/lib/python3.7/site-packages/airflow/example_dags/example_xcom.py took 0.115 seconds
[2023-10-04T08:11:36.766+0000] {processor.py:154} INFO - Started process (PID=57) to work on /home/airflow/.local/lib/python3.7/site-packages/airflow/example_dags/example_xcom.py
[2023-10-04T08:11:36.768+0000] {processor.py:756} INFO - Processing file /home/airflow/.local/lib/python3.7/site-packages/airflow/example_dags/example_xcom.py for tasks to queue
[2023-10-04T08:11:36.772+0000] {logging_mixin.py:120} INFO - [2023-10-04T08:11:36.771+0000] {dagbag.py:537} INFO - Filling up the DagBag from /home/airflow/.local/lib/python3.7/site-packages/airflow/example_dags/example_xcom.py
[2023-10-04T08:11:36.830+0000] {processor.py:766} INFO - DAG(s) dict_keys(['example_xcom']) retrieved from /home/airflow/.local/lib/python3.7/site-packages/airflow/example_dags/example_xcom.py
[2023-10-04T08:11:36.987+0000] {logging_mixin.py:120} INFO - [2023-10-04T08:11:36.987+0000] {dag.py:2585} INFO - Sync 1 DAGs
[2023-10-04T08:11:37.040+0000] {logging_mixin.py:120} INFO - [2023-10-04T08:11:37.040+0000] {dag.py:3340} INFO - Setting next_dagrun for example_xcom to 2021-01-01T00:00:00+00:00, run_after=2021-01-01T00:00:00+00:00
[2023-10-04T08:11:37.117+0000] {processor.py:176} INFO - Processing /home/airflow/.local/lib/python3.7/site-packages/airflow/example_dags/example_xcom.py took 0.359 seconds
[2023-10-04T08:12:07.765+0000] {processor.py:154} INFO - Started process (PID=124) to work on /home/airflow/.local/lib/python3.7/site-packages/airflow/example_dags/example_xcom.py
[2023-10-04T08:12:07.766+0000] {processor.py:756} INFO - Processing file /home/airflow/.local/lib/python3.7/site-packages/airflow/example_dags/example_xcom.py for tasks to queue
[2023-10-04T08:12:07.768+0000] {logging_mixin.py:120} INFO - [2023-10-04T08:12:07.767+0000] {dagbag.py:537} INFO - Filling up the DagBag from /home/airflow/.local/lib/python3.7/site-packages/airflow/example_dags/example_xcom.py
[2023-10-04T08:12:07.790+0000] {processor.py:766} INFO - DAG(s) dict_keys(['example_xcom']) retrieved from /home/airflow/.local/lib/python3.7/site-packages/airflow/example_dags/example_xcom.py
[2023-10-04T08:12:07.829+0000] {logging_mixin.py:120} INFO - [2023-10-04T08:12:07.829+0000] {dag.py:2585} INFO - Sync 1 DAGs
[2023-10-04T08:12:07.857+0000] {logging_mixin.py:120} INFO - [2023-10-04T08:12:07.857+0000] {dag.py:3340} INFO - Setting next_dagrun for example_xcom to 2021-01-01T00:00:00+00:00, run_after=2021-01-01T00:00:00+00:00
[2023-10-04T08:12:07.883+0000] {processor.py:176} INFO - Processing /home/airflow/.local/lib/python3.7/site-packages/airflow/example_dags/example_xcom.py took 0.122 seconds
[2023-10-04T08:12:38.143+0000] {processor.py:154} INFO - Started process (PID=194) to work on /home/airflow/.local/lib/python3.7/site-packages/airflow/example_dags/example_xcom.py
[2023-10-04T08:12:38.145+0000] {processor.py:756} INFO - Processing file /home/airflow/.local/lib/python3.7/site-packages/airflow/example_dags/example_xcom.py for tasks to queue
[2023-10-04T08:12:38.146+0000] {logging_mixin.py:120} INFO - [2023-10-04T08:12:38.146+0000] {dagbag.py:537} INFO - Filling up the DagBag from /home/airflow/.local/lib/python3.7/site-packages/airflow/example_dags/example_xcom.py
[2023-10-04T08:12:38.166+0000] {processor.py:766} INFO - DAG(s) dict_keys(['example_xcom']) retrieved from /home/airflow/.local/lib/python3.7/site-packages/airflow/example_dags/example_xcom.py
[2023-10-04T08:12:38.206+0000] {logging_mixin.py:120} INFO - [2023-10-04T08:12:38.206+0000] {dag.py:2585} INFO - Sync 1 DAGs
[2023-10-04T08:12:38.227+0000] {logging_mixin.py:120} INFO - [2023-10-04T08:12:38.227+0000] {dag.py:3340} INFO - Setting next_dagrun for example_xcom to 2021-01-01T00:00:00+00:00, run_after=2021-01-01T00:00:00+00:00
[2023-10-04T08:12:38.250+0000] {processor.py:176} INFO - Processing /home/airflow/.local/lib/python3.7/site-packages/airflow/example_dags/example_xcom.py took 0.110 seconds
[2023-10-04T08:13:09.200+0000] {processor.py:154} INFO - Started process (PID=253) to work on /home/airflow/.local/lib/python3.7/site-packages/airflow/example_dags/example_xcom.py
[2023-10-04T08:13:09.226+0000] {processor.py:756} INFO - Processing file /home/airflow/.local/lib/python3.7/site-packages/airflow/example_dags/example_xcom.py for tasks to queue
[2023-10-04T08:13:09.235+0000] {logging_mixin.py:120} INFO - [2023-10-04T08:13:09.235+0000] {dagbag.py:537} INFO - Filling up the DagBag from /home/airflow/.local/lib/python3.7/site-packages/airflow/example_dags/example_xcom.py
[2023-10-04T08:13:09.284+0000] {processor.py:766} INFO - DAG(s) dict_keys(['example_xcom']) retrieved from /home/airflow/.local/lib/python3.7/site-packages/airflow/example_dags/example_xcom.py
[2023-10-04T08:13:09.385+0000] {logging_mixin.py:120} INFO - [2023-10-04T08:13:09.385+0000] {dag.py:2585} INFO - Sync 1 DAGs
[2023-10-04T08:13:09.431+0000] {logging_mixin.py:120} INFO - [2023-10-04T08:13:09.431+0000] {dag.py:3340} INFO - Setting next_dagrun for example_xcom to 2021-01-01T00:00:00+00:00, run_after=2021-01-01T00:00:00+00:00
[2023-10-04T08:13:09.472+0000] {processor.py:176} INFO - Processing /home/airflow/.local/lib/python3.7/site-packages/airflow/example_dags/example_xcom.py took 0.276 seconds
[2023-10-04T08:13:40.396+0000] {processor.py:154} INFO - Started process (PID=321) to work on /home/airflow/.local/lib/python3.7/site-packages/airflow/example_dags/example_xcom.py
[2023-10-04T08:13:40.398+0000] {processor.py:756} INFO - Processing file /home/airflow/.local/lib/python3.7/site-packages/airflow/example_dags/example_xcom.py for tasks to queue
[2023-10-04T08:13:40.399+0000] {logging_mixin.py:120} INFO - [2023-10-04T08:13:40.399+0000] {dagbag.py:537} INFO - Filling up the DagBag from /home/airflow/.local/lib/python3.7/site-packages/airflow/example_dags/example_xcom.py
[2023-10-04T08:13:40.419+0000] {processor.py:766} INFO - DAG(s) dict_keys(['example_xcom']) retrieved from /home/airflow/.local/lib/python3.7/site-packages/airflow/example_dags/example_xcom.py
[2023-10-04T08:13:40.458+0000] {logging_mixin.py:120} INFO - [2023-10-04T08:13:40.458+0000] {dag.py:2585} INFO - Sync 1 DAGs
[2023-10-04T08:13:40.480+0000] {logging_mixin.py:120} INFO - [2023-10-04T08:13:40.480+0000] {dag.py:3340} INFO - Setting next_dagrun for example_xcom to 2021-01-01T00:00:00+00:00, run_after=2021-01-01T00:00:00+00:00
[2023-10-04T08:13:40.506+0000] {processor.py:176} INFO - Processing /home/airflow/.local/lib/python3.7/site-packages/airflow/example_dags/example_xcom.py took 0.113 seconds
[2023-10-04T08:14:10.969+0000] {processor.py:154} INFO - Started process (PID=389) to work on /home/airflow/.local/lib/python3.7/site-packages/airflow/example_dags/example_xcom.py
[2023-10-04T08:14:10.971+0000] {processor.py:756} INFO - Processing file /home/airflow/.local/lib/python3.7/site-packages/airflow/example_dags/example_xcom.py for tasks to queue
[2023-10-04T08:14:10.974+0000] {logging_mixin.py:120} INFO - [2023-10-04T08:14:10.973+0000] {dagbag.py:537} INFO - Filling up the DagBag from /home/airflow/.local/lib/python3.7/site-packages/airflow/example_dags/example_xcom.py
[2023-10-04T08:14:10.996+0000] {processor.py:766} INFO - DAG(s) dict_keys(['example_xcom']) retrieved from /home/airflow/.local/lib/python3.7/site-packages/airflow/example_dags/example_xcom.py
[2023-10-04T08:14:11.033+0000] {logging_mixin.py:120} INFO - [2023-10-04T08:14:11.032+0000] {dag.py:2585} INFO - Sync 1 DAGs
[2023-10-04T08:14:11.054+0000] {logging_mixin.py:120} INFO - [2023-10-04T08:14:11.054+0000] {dag.py:3340} INFO - Setting next_dagrun for example_xcom to 2021-01-01T00:00:00+00:00, run_after=2021-01-01T00:00:00+00:00
[2023-10-04T08:14:11.074+0000] {processor.py:176} INFO - Processing /home/airflow/.local/lib/python3.7/site-packages/airflow/example_dags/example_xcom.py took 0.111 seconds
[2023-10-04T08:14:41.241+0000] {processor.py:154} INFO - Started process (PID=457) to work on /home/airflow/.local/lib/python3.7/site-packages/airflow/example_dags/example_xcom.py
[2023-10-04T08:14:41.244+0000] {processor.py:756} INFO - Processing file /home/airflow/.local/lib/python3.7/site-packages/airflow/example_dags/example_xcom.py for tasks to queue
[2023-10-04T08:14:41.247+0000] {logging_mixin.py:120} INFO - [2023-10-04T08:14:41.246+0000] {dagbag.py:537} INFO - Filling up the DagBag from /home/airflow/.local/lib/python3.7/site-packages/airflow/example_dags/example_xcom.py
[2023-10-04T08:14:41.270+0000] {processor.py:766} INFO - DAG(s) dict_keys(['example_xcom']) retrieved from /home/airflow/.local/lib/python3.7/site-packages/airflow/example_dags/example_xcom.py
[2023-10-04T08:14:41.350+0000] {logging_mixin.py:120} INFO - [2023-10-04T08:14:41.350+0000] {dag.py:2585} INFO - Sync 1 DAGs
[2023-10-04T08:14:41.379+0000] {logging_mixin.py:120} INFO - [2023-10-04T08:14:41.379+0000] {dag.py:3340} INFO - Setting next_dagrun for example_xcom to 2021-01-01T00:00:00+00:00, run_after=2021-01-01T00:00:00+00:00
[2023-10-04T08:14:41.407+0000] {processor.py:176} INFO - Processing /home/airflow/.local/lib/python3.7/site-packages/airflow/example_dags/example_xcom.py took 0.177 seconds
[2023-10-04T08:15:12.247+0000] {processor.py:154} INFO - Started process (PID=516) to work on /home/airflow/.local/lib/python3.7/site-packages/airflow/example_dags/example_xcom.py
[2023-10-04T08:15:12.249+0000] {processor.py:756} INFO - Processing file /home/airflow/.local/lib/python3.7/site-packages/airflow/example_dags/example_xcom.py for tasks to queue
[2023-10-04T08:15:12.250+0000] {logging_mixin.py:120} INFO - [2023-10-04T08:15:12.250+0000] {dagbag.py:537} INFO - Filling up the DagBag from /home/airflow/.local/lib/python3.7/site-packages/airflow/example_dags/example_xcom.py
[2023-10-04T08:15:12.267+0000] {processor.py:766} INFO - DAG(s) dict_keys(['example_xcom']) retrieved from /home/airflow/.local/lib/python3.7/site-packages/airflow/example_dags/example_xcom.py
[2023-10-04T08:15:12.304+0000] {logging_mixin.py:120} INFO - [2023-10-04T08:15:12.304+0000] {dag.py:2585} INFO - Sync 1 DAGs
[2023-10-04T08:15:12.327+0000] {logging_mixin.py:120} INFO - [2023-10-04T08:15:12.326+0000] {dag.py:3340} INFO - Setting next_dagrun for example_xcom to 2021-01-01T00:00:00+00:00, run_after=2021-01-01T00:00:00+00:00
[2023-10-04T08:15:12.348+0000] {processor.py:176} INFO - Processing /home/airflow/.local/lib/python3.7/site-packages/airflow/example_dags/example_xcom.py took 0.104 seconds
[2023-10-04T08:15:42.693+0000] {processor.py:154} INFO - Started process (PID=584) to work on /home/airflow/.local/lib/python3.7/site-packages/airflow/example_dags/example_xcom.py
[2023-10-04T08:15:42.695+0000] {processor.py:756} INFO - Processing file /home/airflow/.local/lib/python3.7/site-packages/airflow/example_dags/example_xcom.py for tasks to queue
[2023-10-04T08:15:42.696+0000] {logging_mixin.py:120} INFO - [2023-10-04T08:15:42.696+0000] {dagbag.py:537} INFO - Filling up the DagBag from /home/airflow/.local/lib/python3.7/site-packages/airflow/example_dags/example_xcom.py
[2023-10-04T08:15:42.718+0000] {processor.py:766} INFO - DAG(s) dict_keys(['example_xcom']) retrieved from /home/airflow/.local/lib/python3.7/site-packages/airflow/example_dags/example_xcom.py
[2023-10-04T08:15:42.758+0000] {logging_mixin.py:120} INFO - [2023-10-04T08:15:42.758+0000] {dag.py:2585} INFO - Sync 1 DAGs
[2023-10-04T08:15:42.782+0000] {logging_mixin.py:120} INFO - [2023-10-04T08:15:42.782+0000] {dag.py:3340} INFO - Setting next_dagrun for example_xcom to 2021-01-01T00:00:00+00:00, run_after=2021-01-01T00:00:00+00:00
[2023-10-04T08:15:42.805+0000] {processor.py:176} INFO - Processing /home/airflow/.local/lib/python3.7/site-packages/airflow/example_dags/example_xcom.py took 0.115 seconds
[2023-10-04T08:16:13.433+0000] {processor.py:154} INFO - Started process (PID=652) to work on /home/airflow/.local/lib/python3.7/site-packages/airflow/example_dags/example_xcom.py
[2023-10-04T08:16:13.435+0000] {processor.py:756} INFO - Processing file /home/airflow/.local/lib/python3.7/site-packages/airflow/example_dags/example_xcom.py for tasks to queue
[2023-10-04T08:16:13.437+0000] {logging_mixin.py:120} INFO - [2023-10-04T08:16:13.437+0000] {dagbag.py:537} INFO - Filling up the DagBag from /home/airflow/.local/lib/python3.7/site-packages/airflow/example_dags/example_xcom.py
[2023-10-04T08:16:13.456+0000] {processor.py:766} INFO - DAG(s) dict_keys(['example_xcom']) retrieved from /home/airflow/.local/lib/python3.7/site-packages/airflow/example_dags/example_xcom.py
[2023-10-04T08:16:13.494+0000] {logging_mixin.py:120} INFO - [2023-10-04T08:16:13.494+0000] {dag.py:2585} INFO - Sync 1 DAGs
[2023-10-04T08:16:13.515+0000] {logging_mixin.py:120} INFO - [2023-10-04T08:16:13.515+0000] {dag.py:3340} INFO - Setting next_dagrun for example_xcom to 2021-01-01T00:00:00+00:00, run_after=2021-01-01T00:00:00+00:00
[2023-10-04T08:16:13.536+0000] {processor.py:176} INFO - Processing /home/airflow/.local/lib/python3.7/site-packages/airflow/example_dags/example_xcom.py took 0.108 seconds
[2023-10-04T08:16:43.883+0000] {processor.py:154} INFO - Started process (PID=711) to work on /home/airflow/.local/lib/python3.7/site-packages/airflow/example_dags/example_xcom.py
[2023-10-04T08:16:43.885+0000] {processor.py:756} INFO - Processing file /home/airflow/.local/lib/python3.7/site-packages/airflow/example_dags/example_xcom.py for tasks to queue
[2023-10-04T08:16:43.887+0000] {logging_mixin.py:120} INFO - [2023-10-04T08:16:43.887+0000] {dagbag.py:537} INFO - Filling up the DagBag from /home/airflow/.local/lib/python3.7/site-packages/airflow/example_dags/example_xcom.py
[2023-10-04T08:16:43.912+0000] {processor.py:766} INFO - DAG(s) dict_keys(['example_xcom']) retrieved from /home/airflow/.local/lib/python3.7/site-packages/airflow/example_dags/example_xcom.py
[2023-10-04T08:16:44.031+0000] {logging_mixin.py:120} INFO - [2023-10-04T08:16:44.031+0000] {dag.py:2585} INFO - Sync 1 DAGs
[2023-10-04T08:16:44.063+0000] {logging_mixin.py:120} INFO - [2023-10-04T08:16:44.063+0000] {dag.py:3340} INFO - Setting next_dagrun for example_xcom to 2021-01-01T00:00:00+00:00, run_after=2021-01-01T00:00:00+00:00
[2023-10-04T08:16:44.092+0000] {processor.py:176} INFO - Processing /home/airflow/.local/lib/python3.7/site-packages/airflow/example_dags/example_xcom.py took 0.218 seconds
[2023-10-04T08:17:14.532+0000] {processor.py:154} INFO - Started process (PID=780) to work on /home/airflow/.local/lib/python3.7/site-packages/airflow/example_dags/example_xcom.py
[2023-10-04T08:17:14.533+0000] {processor.py:756} INFO - Processing file /home/airflow/.local/lib/python3.7/site-packages/airflow/example_dags/example_xcom.py for tasks to queue
[2023-10-04T08:17:14.535+0000] {logging_mixin.py:120} INFO - [2023-10-04T08:17:14.534+0000] {dagbag.py:537} INFO - Filling up the DagBag from /home/airflow/.local/lib/python3.7/site-packages/airflow/example_dags/example_xcom.py
[2023-10-04T08:17:14.561+0000] {processor.py:766} INFO - DAG(s) dict_keys(['example_xcom']) retrieved from /home/airflow/.local/lib/python3.7/site-packages/airflow/example_dags/example_xcom.py
[2023-10-04T08:17:14.605+0000] {logging_mixin.py:120} INFO - [2023-10-04T08:17:14.605+0000] {dag.py:2585} INFO - Sync 1 DAGs
[2023-10-04T08:17:14.636+0000] {logging_mixin.py:120} INFO - [2023-10-04T08:17:14.636+0000] {dag.py:3340} INFO - Setting next_dagrun for example_xcom to 2021-01-01T00:00:00+00:00, run_after=2021-01-01T00:00:00+00:00
[2023-10-04T08:17:14.668+0000] {processor.py:176} INFO - Processing /home/airflow/.local/lib/python3.7/site-packages/airflow/example_dags/example_xcom.py took 0.140 seconds
[2023-10-04T08:17:45.361+0000] {processor.py:154} INFO - Started process (PID=849) to work on /home/airflow/.local/lib/python3.7/site-packages/airflow/example_dags/example_xcom.py
[2023-10-04T08:17:45.362+0000] {processor.py:756} INFO - Processing file /home/airflow/.local/lib/python3.7/site-packages/airflow/example_dags/example_xcom.py for tasks to queue
[2023-10-04T08:17:45.363+0000] {logging_mixin.py:120} INFO - [2023-10-04T08:17:45.363+0000] {dagbag.py:537} INFO - Filling up the DagBag from /home/airflow/.local/lib/python3.7/site-packages/airflow/example_dags/example_xcom.py
[2023-10-04T08:17:45.397+0000] {processor.py:766} INFO - DAG(s) dict_keys(['example_xcom']) retrieved from /home/airflow/.local/lib/python3.7/site-packages/airflow/example_dags/example_xcom.py
[2023-10-04T08:17:45.454+0000] {logging_mixin.py:120} INFO - [2023-10-04T08:17:45.454+0000] {dag.py:2585} INFO - Sync 1 DAGs
[2023-10-04T08:17:45.479+0000] {logging_mixin.py:120} INFO - [2023-10-04T08:17:45.479+0000] {dag.py:3340} INFO - Setting next_dagrun for example_xcom to 2021-01-01T00:00:00+00:00, run_after=2021-01-01T00:00:00+00:00
[2023-10-04T08:17:45.507+0000] {processor.py:176} INFO - Processing /home/airflow/.local/lib/python3.7/site-packages/airflow/example_dags/example_xcom.py took 0.149 seconds
[2023-10-04T08:18:16.019+0000] {processor.py:154} INFO - Started process (PID=908) to work on /home/airflow/.local/lib/python3.7/site-packages/airflow/example_dags/example_xcom.py
[2023-10-04T08:18:16.020+0000] {processor.py:756} INFO - Processing file /home/airflow/.local/lib/python3.7/site-packages/airflow/example_dags/example_xcom.py for tasks to queue
[2023-10-04T08:18:16.022+0000] {logging_mixin.py:120} INFO - [2023-10-04T08:18:16.022+0000] {dagbag.py:537} INFO - Filling up the DagBag from /home/airflow/.local/lib/python3.7/site-packages/airflow/example_dags/example_xcom.py
[2023-10-04T08:18:16.049+0000] {processor.py:766} INFO - DAG(s) dict_keys(['example_xcom']) retrieved from /home/airflow/.local/lib/python3.7/site-packages/airflow/example_dags/example_xcom.py
[2023-10-04T08:18:16.099+0000] {logging_mixin.py:120} INFO - [2023-10-04T08:18:16.099+0000] {dag.py:2585} INFO - Sync 1 DAGs
[2023-10-04T08:18:16.126+0000] {logging_mixin.py:120} INFO - [2023-10-04T08:18:16.126+0000] {dag.py:3340} INFO - Setting next_dagrun for example_xcom to 2021-01-01T00:00:00+00:00, run_after=2021-01-01T00:00:00+00:00
[2023-10-04T08:18:16.154+0000] {processor.py:176} INFO - Processing /home/airflow/.local/lib/python3.7/site-packages/airflow/example_dags/example_xcom.py took 0.139 seconds
[2023-10-04T08:18:46.387+0000] {processor.py:154} INFO - Started process (PID=976) to work on /home/airflow/.local/lib/python3.7/site-packages/airflow/example_dags/example_xcom.py
[2023-10-04T08:18:46.391+0000] {processor.py:756} INFO - Processing file /home/airflow/.local/lib/python3.7/site-packages/airflow/example_dags/example_xcom.py for tasks to queue
[2023-10-04T08:18:46.394+0000] {logging_mixin.py:120} INFO - [2023-10-04T08:18:46.393+0000] {dagbag.py:537} INFO - Filling up the DagBag from /home/airflow/.local/lib/python3.7/site-packages/airflow/example_dags/example_xcom.py
[2023-10-04T08:18:46.425+0000] {processor.py:766} INFO - DAG(s) dict_keys(['example_xcom']) retrieved from /home/airflow/.local/lib/python3.7/site-packages/airflow/example_dags/example_xcom.py
[2023-10-04T08:18:46.502+0000] {logging_mixin.py:120} INFO - [2023-10-04T08:18:46.502+0000] {dag.py:2585} INFO - Sync 1 DAGs
[2023-10-04T08:18:46.588+0000] {logging_mixin.py:120} INFO - [2023-10-04T08:18:46.588+0000] {dag.py:3340} INFO - Setting next_dagrun for example_xcom to 2021-01-01T00:00:00+00:00, run_after=2021-01-01T00:00:00+00:00
[2023-10-04T08:18:46.643+0000] {processor.py:176} INFO - Processing /home/airflow/.local/lib/python3.7/site-packages/airflow/example_dags/example_xcom.py took 0.271 seconds
[2023-10-04T08:19:17.367+0000] {processor.py:154} INFO - Started process (PID=1044) to work on /home/airflow/.local/lib/python3.7/site-packages/airflow/example_dags/example_xcom.py
[2023-10-04T08:19:17.370+0000] {processor.py:756} INFO - Processing file /home/airflow/.local/lib/python3.7/site-packages/airflow/example_dags/example_xcom.py for tasks to queue
[2023-10-04T08:19:17.373+0000] {logging_mixin.py:120} INFO - [2023-10-04T08:19:17.372+0000] {dagbag.py:537} INFO - Filling up the DagBag from /home/airflow/.local/lib/python3.7/site-packages/airflow/example_dags/example_xcom.py
[2023-10-04T08:19:17.398+0000] {processor.py:766} INFO - DAG(s) dict_keys(['example_xcom']) retrieved from /home/airflow/.local/lib/python3.7/site-packages/airflow/example_dags/example_xcom.py
[2023-10-04T08:19:17.465+0000] {logging_mixin.py:120} INFO - [2023-10-04T08:19:17.464+0000] {dag.py:2585} INFO - Sync 1 DAGs
[2023-10-04T08:19:17.496+0000] {logging_mixin.py:120} INFO - [2023-10-04T08:19:17.496+0000] {dag.py:3340} INFO - Setting next_dagrun for example_xcom to 2021-01-01T00:00:00+00:00, run_after=2021-01-01T00:00:00+00:00
[2023-10-04T08:19:17.525+0000] {processor.py:176} INFO - Processing /home/airflow/.local/lib/python3.7/site-packages/airflow/example_dags/example_xcom.py took 0.166 seconds
[2023-10-04T08:19:47.794+0000] {processor.py:154} INFO - Started process (PID=1103) to work on /home/airflow/.local/lib/python3.7/site-packages/airflow/example_dags/example_xcom.py
[2023-10-04T08:19:47.797+0000] {processor.py:756} INFO - Processing file /home/airflow/.local/lib/python3.7/site-packages/airflow/example_dags/example_xcom.py for tasks to queue
[2023-10-04T08:19:47.798+0000] {logging_mixin.py:120} INFO - [2023-10-04T08:19:47.798+0000] {dagbag.py:537} INFO - Filling up the DagBag from /home/airflow/.local/lib/python3.7/site-packages/airflow/example_dags/example_xcom.py
[2023-10-04T08:19:47.849+0000] {processor.py:766} INFO - DAG(s) dict_keys(['example_xcom']) retrieved from /home/airflow/.local/lib/python3.7/site-packages/airflow/example_dags/example_xcom.py
[2023-10-04T08:19:47.954+0000] {logging_mixin.py:120} INFO - [2023-10-04T08:19:47.953+0000] {dag.py:2585} INFO - Sync 1 DAGs
[2023-10-04T08:19:48.008+0000] {logging_mixin.py:120} INFO - [2023-10-04T08:19:48.007+0000] {dag.py:3340} INFO - Setting next_dagrun for example_xcom to 2021-01-01T00:00:00+00:00, run_after=2021-01-01T00:00:00+00:00
[2023-10-04T08:19:48.061+0000] {processor.py:176} INFO - Processing /home/airflow/.local/lib/python3.7/site-packages/airflow/example_dags/example_xcom.py took 0.284 seconds
