[2023-10-04T07:42:32.706+0000] {processor.py:154} INFO - Started process (PID=82) to work on /home/airflow/.local/lib/python3.7/site-packages/airflow/example_dags/example_bash_operator.py
[2023-10-04T07:42:32.718+0000] {processor.py:756} INFO - Processing file /home/airflow/.local/lib/python3.7/site-packages/airflow/example_dags/example_bash_operator.py for tasks to queue
[2023-10-04T07:42:32.728+0000] {logging_mixin.py:120} INFO - [2023-10-04T07:42:32.728+0000] {dagbag.py:537} INFO - Filling up the DagBag from /home/airflow/.local/lib/python3.7/site-packages/airflow/example_dags/example_bash_operator.py
[2023-10-04T07:42:32.789+0000] {processor.py:766} INFO - DAG(s) dict_keys(['example_bash_operator']) retrieved from /home/airflow/.local/lib/python3.7/site-packages/airflow/example_dags/example_bash_operator.py
[2023-10-04T07:42:32.955+0000] {logging_mixin.py:120} INFO - [2023-10-04T07:42:32.953+0000] {dag.py:2585} INFO - Sync 1 DAGs
[2023-10-04T07:42:33.043+0000] {logging_mixin.py:120} INFO - [2023-10-04T07:42:33.043+0000] {dag.py:3340} INFO - Setting next_dagrun for example_bash_operator to 2023-10-03T00:00:00+00:00, run_after=2023-10-04T00:00:00+00:00
[2023-10-04T07:42:33.207+0000] {processor.py:176} INFO - Processing /home/airflow/.local/lib/python3.7/site-packages/airflow/example_dags/example_bash_operator.py took 0.516 seconds
[2023-10-04T07:43:03.668+0000] {processor.py:154} INFO - Started process (PID=140) to work on /home/airflow/.local/lib/python3.7/site-packages/airflow/example_dags/example_bash_operator.py
[2023-10-04T07:43:03.673+0000] {processor.py:756} INFO - Processing file /home/airflow/.local/lib/python3.7/site-packages/airflow/example_dags/example_bash_operator.py for tasks to queue
[2023-10-04T07:43:03.676+0000] {logging_mixin.py:120} INFO - [2023-10-04T07:43:03.675+0000] {dagbag.py:537} INFO - Filling up the DagBag from /home/airflow/.local/lib/python3.7/site-packages/airflow/example_dags/example_bash_operator.py
[2023-10-04T07:43:03.724+0000] {processor.py:766} INFO - DAG(s) dict_keys(['example_bash_operator']) retrieved from /home/airflow/.local/lib/python3.7/site-packages/airflow/example_dags/example_bash_operator.py
[2023-10-04T07:43:03.799+0000] {logging_mixin.py:120} INFO - [2023-10-04T07:43:03.799+0000] {dag.py:2585} INFO - Sync 1 DAGs
[2023-10-04T07:43:03.824+0000] {logging_mixin.py:120} INFO - [2023-10-04T07:43:03.824+0000] {dag.py:3340} INFO - Setting next_dagrun for example_bash_operator to 2023-10-03T00:00:00+00:00, run_after=2023-10-04T00:00:00+00:00
[2023-10-04T07:43:03.844+0000] {processor.py:176} INFO - Processing /home/airflow/.local/lib/python3.7/site-packages/airflow/example_dags/example_bash_operator.py took 0.183 seconds
[2023-10-04T07:43:34.636+0000] {processor.py:154} INFO - Started process (PID=208) to work on /home/airflow/.local/lib/python3.7/site-packages/airflow/example_dags/example_bash_operator.py
[2023-10-04T07:43:34.638+0000] {processor.py:756} INFO - Processing file /home/airflow/.local/lib/python3.7/site-packages/airflow/example_dags/example_bash_operator.py for tasks to queue
[2023-10-04T07:43:34.640+0000] {logging_mixin.py:120} INFO - [2023-10-04T07:43:34.640+0000] {dagbag.py:537} INFO - Filling up the DagBag from /home/airflow/.local/lib/python3.7/site-packages/airflow/example_dags/example_bash_operator.py
[2023-10-04T07:43:34.662+0000] {processor.py:766} INFO - DAG(s) dict_keys(['example_bash_operator']) retrieved from /home/airflow/.local/lib/python3.7/site-packages/airflow/example_dags/example_bash_operator.py
[2023-10-04T07:43:34.707+0000] {logging_mixin.py:120} INFO - [2023-10-04T07:43:34.707+0000] {dag.py:2585} INFO - Sync 1 DAGs
[2023-10-04T07:43:34.730+0000] {logging_mixin.py:120} INFO - [2023-10-04T07:43:34.730+0000] {dag.py:3340} INFO - Setting next_dagrun for example_bash_operator to 2023-10-03T00:00:00+00:00, run_after=2023-10-04T00:00:00+00:00
[2023-10-04T07:43:34.755+0000] {processor.py:176} INFO - Processing /home/airflow/.local/lib/python3.7/site-packages/airflow/example_dags/example_bash_operator.py took 0.123 seconds
[2023-10-04T07:44:05.237+0000] {processor.py:154} INFO - Started process (PID=275) to work on /home/airflow/.local/lib/python3.7/site-packages/airflow/example_dags/example_bash_operator.py
[2023-10-04T07:44:05.239+0000] {processor.py:756} INFO - Processing file /home/airflow/.local/lib/python3.7/site-packages/airflow/example_dags/example_bash_operator.py for tasks to queue
[2023-10-04T07:44:05.240+0000] {logging_mixin.py:120} INFO - [2023-10-04T07:44:05.240+0000] {dagbag.py:537} INFO - Filling up the DagBag from /home/airflow/.local/lib/python3.7/site-packages/airflow/example_dags/example_bash_operator.py
[2023-10-04T07:44:05.262+0000] {processor.py:766} INFO - DAG(s) dict_keys(['example_bash_operator']) retrieved from /home/airflow/.local/lib/python3.7/site-packages/airflow/example_dags/example_bash_operator.py
[2023-10-04T07:44:05.315+0000] {logging_mixin.py:120} INFO - [2023-10-04T07:44:05.315+0000] {dag.py:2585} INFO - Sync 1 DAGs
[2023-10-04T07:44:05.341+0000] {logging_mixin.py:120} INFO - [2023-10-04T07:44:05.341+0000] {dag.py:3340} INFO - Setting next_dagrun for example_bash_operator to 2023-10-03T00:00:00+00:00, run_after=2023-10-04T00:00:00+00:00
[2023-10-04T07:44:05.366+0000] {processor.py:176} INFO - Processing /home/airflow/.local/lib/python3.7/site-packages/airflow/example_dags/example_bash_operator.py took 0.134 seconds
[2023-10-04T07:44:35.868+0000] {processor.py:154} INFO - Started process (PID=333) to work on /home/airflow/.local/lib/python3.7/site-packages/airflow/example_dags/example_bash_operator.py
[2023-10-04T07:44:35.870+0000] {processor.py:756} INFO - Processing file /home/airflow/.local/lib/python3.7/site-packages/airflow/example_dags/example_bash_operator.py for tasks to queue
[2023-10-04T07:44:35.872+0000] {logging_mixin.py:120} INFO - [2023-10-04T07:44:35.871+0000] {dagbag.py:537} INFO - Filling up the DagBag from /home/airflow/.local/lib/python3.7/site-packages/airflow/example_dags/example_bash_operator.py
[2023-10-04T07:44:35.892+0000] {processor.py:766} INFO - DAG(s) dict_keys(['example_bash_operator']) retrieved from /home/airflow/.local/lib/python3.7/site-packages/airflow/example_dags/example_bash_operator.py
[2023-10-04T07:44:35.928+0000] {logging_mixin.py:120} INFO - [2023-10-04T07:44:35.928+0000] {dag.py:2585} INFO - Sync 1 DAGs
[2023-10-04T07:44:35.949+0000] {logging_mixin.py:120} INFO - [2023-10-04T07:44:35.949+0000] {dag.py:3340} INFO - Setting next_dagrun for example_bash_operator to 2023-10-03T00:00:00+00:00, run_after=2023-10-04T00:00:00+00:00
[2023-10-04T07:44:35.966+0000] {processor.py:176} INFO - Processing /home/airflow/.local/lib/python3.7/site-packages/airflow/example_dags/example_bash_operator.py took 0.104 seconds
[2023-10-04T07:45:06.418+0000] {processor.py:154} INFO - Started process (PID=400) to work on /home/airflow/.local/lib/python3.7/site-packages/airflow/example_dags/example_bash_operator.py
[2023-10-04T07:45:06.420+0000] {processor.py:756} INFO - Processing file /home/airflow/.local/lib/python3.7/site-packages/airflow/example_dags/example_bash_operator.py for tasks to queue
[2023-10-04T07:45:06.422+0000] {logging_mixin.py:120} INFO - [2023-10-04T07:45:06.421+0000] {dagbag.py:537} INFO - Filling up the DagBag from /home/airflow/.local/lib/python3.7/site-packages/airflow/example_dags/example_bash_operator.py
[2023-10-04T07:45:06.443+0000] {processor.py:766} INFO - DAG(s) dict_keys(['example_bash_operator']) retrieved from /home/airflow/.local/lib/python3.7/site-packages/airflow/example_dags/example_bash_operator.py
[2023-10-04T07:45:06.491+0000] {logging_mixin.py:120} INFO - [2023-10-04T07:45:06.491+0000] {dag.py:2585} INFO - Sync 1 DAGs
[2023-10-04T07:45:06.516+0000] {logging_mixin.py:120} INFO - [2023-10-04T07:45:06.516+0000] {dag.py:3340} INFO - Setting next_dagrun for example_bash_operator to 2023-10-03T00:00:00+00:00, run_after=2023-10-04T00:00:00+00:00
[2023-10-04T07:45:06.538+0000] {processor.py:176} INFO - Processing /home/airflow/.local/lib/python3.7/site-packages/airflow/example_dags/example_bash_operator.py took 0.125 seconds
[2023-10-04T07:45:37.140+0000] {processor.py:154} INFO - Started process (PID=467) to work on /home/airflow/.local/lib/python3.7/site-packages/airflow/example_dags/example_bash_operator.py
[2023-10-04T07:45:37.142+0000] {processor.py:756} INFO - Processing file /home/airflow/.local/lib/python3.7/site-packages/airflow/example_dags/example_bash_operator.py for tasks to queue
[2023-10-04T07:45:37.143+0000] {logging_mixin.py:120} INFO - [2023-10-04T07:45:37.143+0000] {dagbag.py:537} INFO - Filling up the DagBag from /home/airflow/.local/lib/python3.7/site-packages/airflow/example_dags/example_bash_operator.py
[2023-10-04T07:45:37.168+0000] {processor.py:766} INFO - DAG(s) dict_keys(['example_bash_operator']) retrieved from /home/airflow/.local/lib/python3.7/site-packages/airflow/example_dags/example_bash_operator.py
[2023-10-04T07:45:37.223+0000] {logging_mixin.py:120} INFO - [2023-10-04T07:45:37.222+0000] {dag.py:2585} INFO - Sync 1 DAGs
[2023-10-04T07:45:37.252+0000] {logging_mixin.py:120} INFO - [2023-10-04T07:45:37.252+0000] {dag.py:3340} INFO - Setting next_dagrun for example_bash_operator to 2023-10-03T00:00:00+00:00, run_after=2023-10-04T00:00:00+00:00
[2023-10-04T07:45:37.276+0000] {processor.py:176} INFO - Processing /home/airflow/.local/lib/python3.7/site-packages/airflow/example_dags/example_bash_operator.py took 0.139 seconds
[2023-10-04T07:46:08.005+0000] {processor.py:154} INFO - Started process (PID=534) to work on /home/airflow/.local/lib/python3.7/site-packages/airflow/example_dags/example_bash_operator.py
[2023-10-04T07:46:08.006+0000] {processor.py:756} INFO - Processing file /home/airflow/.local/lib/python3.7/site-packages/airflow/example_dags/example_bash_operator.py for tasks to queue
[2023-10-04T07:46:08.007+0000] {logging_mixin.py:120} INFO - [2023-10-04T07:46:08.007+0000] {dagbag.py:537} INFO - Filling up the DagBag from /home/airflow/.local/lib/python3.7/site-packages/airflow/example_dags/example_bash_operator.py
[2023-10-04T07:46:08.023+0000] {processor.py:766} INFO - DAG(s) dict_keys(['example_bash_operator']) retrieved from /home/airflow/.local/lib/python3.7/site-packages/airflow/example_dags/example_bash_operator.py
[2023-10-04T07:46:08.063+0000] {logging_mixin.py:120} INFO - [2023-10-04T07:46:08.062+0000] {dag.py:2585} INFO - Sync 1 DAGs
[2023-10-04T07:46:08.087+0000] {logging_mixin.py:120} INFO - [2023-10-04T07:46:08.087+0000] {dag.py:3340} INFO - Setting next_dagrun for example_bash_operator to 2023-10-03T00:00:00+00:00, run_after=2023-10-04T00:00:00+00:00
[2023-10-04T07:46:08.110+0000] {processor.py:176} INFO - Processing /home/airflow/.local/lib/python3.7/site-packages/airflow/example_dags/example_bash_operator.py took 0.112 seconds
[2023-10-04T07:46:38.316+0000] {processor.py:154} INFO - Started process (PID=592) to work on /home/airflow/.local/lib/python3.7/site-packages/airflow/example_dags/example_bash_operator.py
[2023-10-04T07:46:38.317+0000] {processor.py:756} INFO - Processing file /home/airflow/.local/lib/python3.7/site-packages/airflow/example_dags/example_bash_operator.py for tasks to queue
[2023-10-04T07:46:38.319+0000] {logging_mixin.py:120} INFO - [2023-10-04T07:46:38.319+0000] {dagbag.py:537} INFO - Filling up the DagBag from /home/airflow/.local/lib/python3.7/site-packages/airflow/example_dags/example_bash_operator.py
[2023-10-04T07:46:38.337+0000] {processor.py:766} INFO - DAG(s) dict_keys(['example_bash_operator']) retrieved from /home/airflow/.local/lib/python3.7/site-packages/airflow/example_dags/example_bash_operator.py
[2023-10-04T07:46:38.463+0000] {logging_mixin.py:120} INFO - [2023-10-04T07:46:38.462+0000] {dag.py:2585} INFO - Sync 1 DAGs
[2023-10-04T07:46:38.487+0000] {logging_mixin.py:120} INFO - [2023-10-04T07:46:38.487+0000] {dag.py:3340} INFO - Setting next_dagrun for example_bash_operator to 2023-10-03T00:00:00+00:00, run_after=2023-10-04T00:00:00+00:00
[2023-10-04T07:46:38.509+0000] {processor.py:176} INFO - Processing /home/airflow/.local/lib/python3.7/site-packages/airflow/example_dags/example_bash_operator.py took 0.197 seconds
[2023-10-04T07:47:09.073+0000] {processor.py:154} INFO - Started process (PID=659) to work on /home/airflow/.local/lib/python3.7/site-packages/airflow/example_dags/example_bash_operator.py
[2023-10-04T07:47:09.077+0000] {processor.py:756} INFO - Processing file /home/airflow/.local/lib/python3.7/site-packages/airflow/example_dags/example_bash_operator.py for tasks to queue
[2023-10-04T07:47:09.080+0000] {logging_mixin.py:120} INFO - [2023-10-04T07:47:09.079+0000] {dagbag.py:537} INFO - Filling up the DagBag from /home/airflow/.local/lib/python3.7/site-packages/airflow/example_dags/example_bash_operator.py
[2023-10-04T07:47:09.130+0000] {processor.py:766} INFO - DAG(s) dict_keys(['example_bash_operator']) retrieved from /home/airflow/.local/lib/python3.7/site-packages/airflow/example_dags/example_bash_operator.py
[2023-10-04T07:47:09.249+0000] {logging_mixin.py:120} INFO - [2023-10-04T07:47:09.249+0000] {dag.py:2585} INFO - Sync 1 DAGs
[2023-10-04T07:47:09.274+0000] {logging_mixin.py:120} INFO - [2023-10-04T07:47:09.274+0000] {dag.py:3340} INFO - Setting next_dagrun for example_bash_operator to 2023-10-03T00:00:00+00:00, run_after=2023-10-04T00:00:00+00:00
[2023-10-04T07:47:09.302+0000] {processor.py:176} INFO - Processing /home/airflow/.local/lib/python3.7/site-packages/airflow/example_dags/example_bash_operator.py took 0.239 seconds
[2023-10-04T07:47:39.420+0000] {processor.py:154} INFO - Started process (PID=725) to work on /home/airflow/.local/lib/python3.7/site-packages/airflow/example_dags/example_bash_operator.py
[2023-10-04T07:47:39.422+0000] {processor.py:756} INFO - Processing file /home/airflow/.local/lib/python3.7/site-packages/airflow/example_dags/example_bash_operator.py for tasks to queue
[2023-10-04T07:47:39.423+0000] {logging_mixin.py:120} INFO - [2023-10-04T07:47:39.423+0000] {dagbag.py:537} INFO - Filling up the DagBag from /home/airflow/.local/lib/python3.7/site-packages/airflow/example_dags/example_bash_operator.py
[2023-10-04T07:47:39.440+0000] {processor.py:766} INFO - DAG(s) dict_keys(['example_bash_operator']) retrieved from /home/airflow/.local/lib/python3.7/site-packages/airflow/example_dags/example_bash_operator.py
[2023-10-04T07:47:39.482+0000] {logging_mixin.py:120} INFO - [2023-10-04T07:47:39.482+0000] {dag.py:2585} INFO - Sync 1 DAGs
[2023-10-04T07:47:39.506+0000] {logging_mixin.py:120} INFO - [2023-10-04T07:47:39.506+0000] {dag.py:3340} INFO - Setting next_dagrun for example_bash_operator to 2023-10-03T00:00:00+00:00, run_after=2023-10-04T00:00:00+00:00
[2023-10-04T07:47:39.528+0000] {processor.py:176} INFO - Processing /home/airflow/.local/lib/python3.7/site-packages/airflow/example_dags/example_bash_operator.py took 0.110 seconds
[2023-10-04T07:48:09.860+0000] {processor.py:154} INFO - Started process (PID=793) to work on /home/airflow/.local/lib/python3.7/site-packages/airflow/example_dags/example_bash_operator.py
[2023-10-04T07:48:09.861+0000] {processor.py:756} INFO - Processing file /home/airflow/.local/lib/python3.7/site-packages/airflow/example_dags/example_bash_operator.py for tasks to queue
[2023-10-04T07:48:09.863+0000] {logging_mixin.py:120} INFO - [2023-10-04T07:48:09.863+0000] {dagbag.py:537} INFO - Filling up the DagBag from /home/airflow/.local/lib/python3.7/site-packages/airflow/example_dags/example_bash_operator.py
[2023-10-04T07:48:09.880+0000] {processor.py:766} INFO - DAG(s) dict_keys(['example_bash_operator']) retrieved from /home/airflow/.local/lib/python3.7/site-packages/airflow/example_dags/example_bash_operator.py
[2023-10-04T07:48:09.922+0000] {logging_mixin.py:120} INFO - [2023-10-04T07:48:09.921+0000] {dag.py:2585} INFO - Sync 1 DAGs
[2023-10-04T07:48:09.946+0000] {logging_mixin.py:120} INFO - [2023-10-04T07:48:09.945+0000] {dag.py:3340} INFO - Setting next_dagrun for example_bash_operator to 2023-10-03T00:00:00+00:00, run_after=2023-10-04T00:00:00+00:00
[2023-10-04T07:48:09.966+0000] {processor.py:176} INFO - Processing /home/airflow/.local/lib/python3.7/site-packages/airflow/example_dags/example_bash_operator.py took 0.110 seconds
[2023-10-04T07:48:40.643+0000] {processor.py:154} INFO - Started process (PID=851) to work on /home/airflow/.local/lib/python3.7/site-packages/airflow/example_dags/example_bash_operator.py
[2023-10-04T07:48:40.645+0000] {processor.py:756} INFO - Processing file /home/airflow/.local/lib/python3.7/site-packages/airflow/example_dags/example_bash_operator.py for tasks to queue
[2023-10-04T07:48:40.647+0000] {logging_mixin.py:120} INFO - [2023-10-04T07:48:40.647+0000] {dagbag.py:537} INFO - Filling up the DagBag from /home/airflow/.local/lib/python3.7/site-packages/airflow/example_dags/example_bash_operator.py
[2023-10-04T07:48:40.674+0000] {processor.py:766} INFO - DAG(s) dict_keys(['example_bash_operator']) retrieved from /home/airflow/.local/lib/python3.7/site-packages/airflow/example_dags/example_bash_operator.py
[2023-10-04T07:48:40.731+0000] {logging_mixin.py:120} INFO - [2023-10-04T07:48:40.730+0000] {dag.py:2585} INFO - Sync 1 DAGs
[2023-10-04T07:48:40.759+0000] {logging_mixin.py:120} INFO - [2023-10-04T07:48:40.759+0000] {dag.py:3340} INFO - Setting next_dagrun for example_bash_operator to 2023-10-03T00:00:00+00:00, run_after=2023-10-04T00:00:00+00:00
[2023-10-04T07:48:40.786+0000] {processor.py:176} INFO - Processing /home/airflow/.local/lib/python3.7/site-packages/airflow/example_dags/example_bash_operator.py took 0.148 seconds
[2023-10-04T07:49:10.966+0000] {processor.py:154} INFO - Started process (PID=918) to work on /home/airflow/.local/lib/python3.7/site-packages/airflow/example_dags/example_bash_operator.py
[2023-10-04T07:49:10.968+0000] {processor.py:756} INFO - Processing file /home/airflow/.local/lib/python3.7/site-packages/airflow/example_dags/example_bash_operator.py for tasks to queue
[2023-10-04T07:49:10.969+0000] {logging_mixin.py:120} INFO - [2023-10-04T07:49:10.969+0000] {dagbag.py:537} INFO - Filling up the DagBag from /home/airflow/.local/lib/python3.7/site-packages/airflow/example_dags/example_bash_operator.py
[2023-10-04T07:49:10.992+0000] {processor.py:766} INFO - DAG(s) dict_keys(['example_bash_operator']) retrieved from /home/airflow/.local/lib/python3.7/site-packages/airflow/example_dags/example_bash_operator.py
[2023-10-04T07:49:11.034+0000] {logging_mixin.py:120} INFO - [2023-10-04T07:49:11.034+0000] {dag.py:2585} INFO - Sync 1 DAGs
[2023-10-04T07:49:11.063+0000] {logging_mixin.py:120} INFO - [2023-10-04T07:49:11.062+0000] {dag.py:3340} INFO - Setting next_dagrun for example_bash_operator to 2023-10-03T00:00:00+00:00, run_after=2023-10-04T00:00:00+00:00
[2023-10-04T07:49:11.095+0000] {processor.py:176} INFO - Processing /home/airflow/.local/lib/python3.7/site-packages/airflow/example_dags/example_bash_operator.py took 0.135 seconds
[2023-10-04T07:49:41.739+0000] {processor.py:154} INFO - Started process (PID=986) to work on /home/airflow/.local/lib/python3.7/site-packages/airflow/example_dags/example_bash_operator.py
[2023-10-04T07:49:41.741+0000] {processor.py:756} INFO - Processing file /home/airflow/.local/lib/python3.7/site-packages/airflow/example_dags/example_bash_operator.py for tasks to queue
[2023-10-04T07:49:41.742+0000] {logging_mixin.py:120} INFO - [2023-10-04T07:49:41.742+0000] {dagbag.py:537} INFO - Filling up the DagBag from /home/airflow/.local/lib/python3.7/site-packages/airflow/example_dags/example_bash_operator.py
[2023-10-04T07:49:41.760+0000] {processor.py:766} INFO - DAG(s) dict_keys(['example_bash_operator']) retrieved from /home/airflow/.local/lib/python3.7/site-packages/airflow/example_dags/example_bash_operator.py
[2023-10-04T07:49:41.802+0000] {logging_mixin.py:120} INFO - [2023-10-04T07:49:41.802+0000] {dag.py:2585} INFO - Sync 1 DAGs
[2023-10-04T07:49:41.830+0000] {logging_mixin.py:120} INFO - [2023-10-04T07:49:41.830+0000] {dag.py:3340} INFO - Setting next_dagrun for example_bash_operator to 2023-10-03T00:00:00+00:00, run_after=2023-10-04T00:00:00+00:00
[2023-10-04T07:49:41.853+0000] {processor.py:176} INFO - Processing /home/airflow/.local/lib/python3.7/site-packages/airflow/example_dags/example_bash_operator.py took 0.120 seconds
[2023-10-04T07:50:11.981+0000] {processor.py:154} INFO - Started process (PID=1051) to work on /home/airflow/.local/lib/python3.7/site-packages/airflow/example_dags/example_bash_operator.py
[2023-10-04T07:50:11.982+0000] {processor.py:756} INFO - Processing file /home/airflow/.local/lib/python3.7/site-packages/airflow/example_dags/example_bash_operator.py for tasks to queue
[2023-10-04T07:50:11.983+0000] {logging_mixin.py:120} INFO - [2023-10-04T07:50:11.983+0000] {dagbag.py:537} INFO - Filling up the DagBag from /home/airflow/.local/lib/python3.7/site-packages/airflow/example_dags/example_bash_operator.py
[2023-10-04T07:50:12.009+0000] {processor.py:766} INFO - DAG(s) dict_keys(['example_bash_operator']) retrieved from /home/airflow/.local/lib/python3.7/site-packages/airflow/example_dags/example_bash_operator.py
[2023-10-04T07:50:12.062+0000] {logging_mixin.py:120} INFO - [2023-10-04T07:50:12.062+0000] {dag.py:2585} INFO - Sync 1 DAGs
[2023-10-04T07:50:12.093+0000] {logging_mixin.py:120} INFO - [2023-10-04T07:50:12.093+0000] {dag.py:3340} INFO - Setting next_dagrun for example_bash_operator to 2023-10-03T00:00:00+00:00, run_after=2023-10-04T00:00:00+00:00
[2023-10-04T07:50:12.120+0000] {processor.py:176} INFO - Processing /home/airflow/.local/lib/python3.7/site-packages/airflow/example_dags/example_bash_operator.py took 0.143 seconds
[2023-10-04T07:50:42.654+0000] {processor.py:154} INFO - Started process (PID=1111) to work on /home/airflow/.local/lib/python3.7/site-packages/airflow/example_dags/example_bash_operator.py
[2023-10-04T07:50:42.656+0000] {processor.py:756} INFO - Processing file /home/airflow/.local/lib/python3.7/site-packages/airflow/example_dags/example_bash_operator.py for tasks to queue
[2023-10-04T07:50:42.658+0000] {logging_mixin.py:120} INFO - [2023-10-04T07:50:42.657+0000] {dagbag.py:537} INFO - Filling up the DagBag from /home/airflow/.local/lib/python3.7/site-packages/airflow/example_dags/example_bash_operator.py
[2023-10-04T07:50:42.675+0000] {processor.py:766} INFO - DAG(s) dict_keys(['example_bash_operator']) retrieved from /home/airflow/.local/lib/python3.7/site-packages/airflow/example_dags/example_bash_operator.py
[2023-10-04T07:50:42.716+0000] {logging_mixin.py:120} INFO - [2023-10-04T07:50:42.715+0000] {dag.py:2585} INFO - Sync 1 DAGs
[2023-10-04T07:50:42.739+0000] {logging_mixin.py:120} INFO - [2023-10-04T07:50:42.739+0000] {dag.py:3340} INFO - Setting next_dagrun for example_bash_operator to 2023-10-03T00:00:00+00:00, run_after=2023-10-04T00:00:00+00:00
[2023-10-04T07:50:42.760+0000] {processor.py:176} INFO - Processing /home/airflow/.local/lib/python3.7/site-packages/airflow/example_dags/example_bash_operator.py took 0.109 seconds
[2023-10-04T07:51:13.257+0000] {processor.py:154} INFO - Started process (PID=1179) to work on /home/airflow/.local/lib/python3.7/site-packages/airflow/example_dags/example_bash_operator.py
[2023-10-04T07:51:13.259+0000] {processor.py:756} INFO - Processing file /home/airflow/.local/lib/python3.7/site-packages/airflow/example_dags/example_bash_operator.py for tasks to queue
[2023-10-04T07:51:13.260+0000] {logging_mixin.py:120} INFO - [2023-10-04T07:51:13.260+0000] {dagbag.py:537} INFO - Filling up the DagBag from /home/airflow/.local/lib/python3.7/site-packages/airflow/example_dags/example_bash_operator.py
[2023-10-04T07:51:13.280+0000] {processor.py:766} INFO - DAG(s) dict_keys(['example_bash_operator']) retrieved from /home/airflow/.local/lib/python3.7/site-packages/airflow/example_dags/example_bash_operator.py
[2023-10-04T07:51:13.327+0000] {logging_mixin.py:120} INFO - [2023-10-04T07:51:13.327+0000] {dag.py:2585} INFO - Sync 1 DAGs
[2023-10-04T07:51:13.354+0000] {logging_mixin.py:120} INFO - [2023-10-04T07:51:13.354+0000] {dag.py:3340} INFO - Setting next_dagrun for example_bash_operator to 2023-10-03T00:00:00+00:00, run_after=2023-10-04T00:00:00+00:00
[2023-10-04T07:51:13.376+0000] {processor.py:176} INFO - Processing /home/airflow/.local/lib/python3.7/site-packages/airflow/example_dags/example_bash_operator.py took 0.122 seconds
[2023-10-04T07:51:43.572+0000] {processor.py:154} INFO - Started process (PID=1246) to work on /home/airflow/.local/lib/python3.7/site-packages/airflow/example_dags/example_bash_operator.py
[2023-10-04T07:51:43.574+0000] {processor.py:756} INFO - Processing file /home/airflow/.local/lib/python3.7/site-packages/airflow/example_dags/example_bash_operator.py for tasks to queue
[2023-10-04T07:51:43.575+0000] {logging_mixin.py:120} INFO - [2023-10-04T07:51:43.575+0000] {dagbag.py:537} INFO - Filling up the DagBag from /home/airflow/.local/lib/python3.7/site-packages/airflow/example_dags/example_bash_operator.py
[2023-10-04T07:51:43.594+0000] {processor.py:766} INFO - DAG(s) dict_keys(['example_bash_operator']) retrieved from /home/airflow/.local/lib/python3.7/site-packages/airflow/example_dags/example_bash_operator.py
[2023-10-04T07:51:43.643+0000] {logging_mixin.py:120} INFO - [2023-10-04T07:51:43.643+0000] {dag.py:2585} INFO - Sync 1 DAGs
[2023-10-04T07:51:43.682+0000] {logging_mixin.py:120} INFO - [2023-10-04T07:51:43.682+0000] {dag.py:3340} INFO - Setting next_dagrun for example_bash_operator to 2023-10-03T00:00:00+00:00, run_after=2023-10-04T00:00:00+00:00
[2023-10-04T07:51:43.734+0000] {processor.py:176} INFO - Processing /home/airflow/.local/lib/python3.7/site-packages/airflow/example_dags/example_bash_operator.py took 0.165 seconds
[2023-10-04T07:52:14.278+0000] {processor.py:154} INFO - Started process (PID=1305) to work on /home/airflow/.local/lib/python3.7/site-packages/airflow/example_dags/example_bash_operator.py
[2023-10-04T07:52:14.279+0000] {processor.py:756} INFO - Processing file /home/airflow/.local/lib/python3.7/site-packages/airflow/example_dags/example_bash_operator.py for tasks to queue
[2023-10-04T07:52:14.280+0000] {logging_mixin.py:120} INFO - [2023-10-04T07:52:14.280+0000] {dagbag.py:537} INFO - Filling up the DagBag from /home/airflow/.local/lib/python3.7/site-packages/airflow/example_dags/example_bash_operator.py
[2023-10-04T07:52:14.300+0000] {processor.py:766} INFO - DAG(s) dict_keys(['example_bash_operator']) retrieved from /home/airflow/.local/lib/python3.7/site-packages/airflow/example_dags/example_bash_operator.py
[2023-10-04T07:52:14.342+0000] {logging_mixin.py:120} INFO - [2023-10-04T07:52:14.342+0000] {dag.py:2585} INFO - Sync 1 DAGs
[2023-10-04T07:52:14.369+0000] {logging_mixin.py:120} INFO - [2023-10-04T07:52:14.369+0000] {dag.py:3340} INFO - Setting next_dagrun for example_bash_operator to 2023-10-03T00:00:00+00:00, run_after=2023-10-04T00:00:00+00:00
[2023-10-04T07:52:14.391+0000] {processor.py:176} INFO - Processing /home/airflow/.local/lib/python3.7/site-packages/airflow/example_dags/example_bash_operator.py took 0.117 seconds
[2023-10-04T07:52:44.887+0000] {processor.py:154} INFO - Started process (PID=1372) to work on /home/airflow/.local/lib/python3.7/site-packages/airflow/example_dags/example_bash_operator.py
[2023-10-04T07:52:44.888+0000] {processor.py:756} INFO - Processing file /home/airflow/.local/lib/python3.7/site-packages/airflow/example_dags/example_bash_operator.py for tasks to queue
[2023-10-04T07:52:44.889+0000] {logging_mixin.py:120} INFO - [2023-10-04T07:52:44.889+0000] {dagbag.py:537} INFO - Filling up the DagBag from /home/airflow/.local/lib/python3.7/site-packages/airflow/example_dags/example_bash_operator.py
[2023-10-04T07:52:44.907+0000] {processor.py:766} INFO - DAG(s) dict_keys(['example_bash_operator']) retrieved from /home/airflow/.local/lib/python3.7/site-packages/airflow/example_dags/example_bash_operator.py
[2023-10-04T07:52:44.946+0000] {logging_mixin.py:120} INFO - [2023-10-04T07:52:44.946+0000] {dag.py:2585} INFO - Sync 1 DAGs
[2023-10-04T07:52:44.968+0000] {logging_mixin.py:120} INFO - [2023-10-04T07:52:44.967+0000] {dag.py:3340} INFO - Setting next_dagrun for example_bash_operator to 2023-10-03T00:00:00+00:00, run_after=2023-10-04T00:00:00+00:00
[2023-10-04T07:52:44.988+0000] {processor.py:176} INFO - Processing /home/airflow/.local/lib/python3.7/site-packages/airflow/example_dags/example_bash_operator.py took 0.104 seconds
[2023-10-04T07:53:15.650+0000] {processor.py:154} INFO - Started process (PID=1439) to work on /home/airflow/.local/lib/python3.7/site-packages/airflow/example_dags/example_bash_operator.py
[2023-10-04T07:53:15.652+0000] {processor.py:756} INFO - Processing file /home/airflow/.local/lib/python3.7/site-packages/airflow/example_dags/example_bash_operator.py for tasks to queue
[2023-10-04T07:53:15.653+0000] {logging_mixin.py:120} INFO - [2023-10-04T07:53:15.653+0000] {dagbag.py:537} INFO - Filling up the DagBag from /home/airflow/.local/lib/python3.7/site-packages/airflow/example_dags/example_bash_operator.py
[2023-10-04T07:53:15.671+0000] {processor.py:766} INFO - DAG(s) dict_keys(['example_bash_operator']) retrieved from /home/airflow/.local/lib/python3.7/site-packages/airflow/example_dags/example_bash_operator.py
[2023-10-04T07:53:15.713+0000] {logging_mixin.py:120} INFO - [2023-10-04T07:53:15.713+0000] {dag.py:2585} INFO - Sync 1 DAGs
[2023-10-04T07:53:15.739+0000] {logging_mixin.py:120} INFO - [2023-10-04T07:53:15.739+0000] {dag.py:3340} INFO - Setting next_dagrun for example_bash_operator to 2023-10-03T00:00:00+00:00, run_after=2023-10-04T00:00:00+00:00
[2023-10-04T07:53:15.762+0000] {processor.py:176} INFO - Processing /home/airflow/.local/lib/python3.7/site-packages/airflow/example_dags/example_bash_operator.py took 0.115 seconds
[2023-10-04T07:53:46.210+0000] {processor.py:154} INFO - Started process (PID=1506) to work on /home/airflow/.local/lib/python3.7/site-packages/airflow/example_dags/example_bash_operator.py
[2023-10-04T07:53:46.212+0000] {processor.py:756} INFO - Processing file /home/airflow/.local/lib/python3.7/site-packages/airflow/example_dags/example_bash_operator.py for tasks to queue
[2023-10-04T07:53:46.214+0000] {logging_mixin.py:120} INFO - [2023-10-04T07:53:46.214+0000] {dagbag.py:537} INFO - Filling up the DagBag from /home/airflow/.local/lib/python3.7/site-packages/airflow/example_dags/example_bash_operator.py
[2023-10-04T07:53:46.232+0000] {processor.py:766} INFO - DAG(s) dict_keys(['example_bash_operator']) retrieved from /home/airflow/.local/lib/python3.7/site-packages/airflow/example_dags/example_bash_operator.py
[2023-10-04T07:53:46.275+0000] {logging_mixin.py:120} INFO - [2023-10-04T07:53:46.274+0000] {dag.py:2585} INFO - Sync 1 DAGs
[2023-10-04T07:53:46.299+0000] {logging_mixin.py:120} INFO - [2023-10-04T07:53:46.299+0000] {dag.py:3340} INFO - Setting next_dagrun for example_bash_operator to 2023-10-03T00:00:00+00:00, run_after=2023-10-04T00:00:00+00:00
[2023-10-04T07:53:46.325+0000] {processor.py:176} INFO - Processing /home/airflow/.local/lib/python3.7/site-packages/airflow/example_dags/example_bash_operator.py took 0.119 seconds
[2023-10-04T07:54:16.747+0000] {processor.py:154} INFO - Started process (PID=1564) to work on /home/airflow/.local/lib/python3.7/site-packages/airflow/example_dags/example_bash_operator.py
[2023-10-04T07:54:16.749+0000] {processor.py:756} INFO - Processing file /home/airflow/.local/lib/python3.7/site-packages/airflow/example_dags/example_bash_operator.py for tasks to queue
[2023-10-04T07:54:16.750+0000] {logging_mixin.py:120} INFO - [2023-10-04T07:54:16.750+0000] {dagbag.py:537} INFO - Filling up the DagBag from /home/airflow/.local/lib/python3.7/site-packages/airflow/example_dags/example_bash_operator.py
[2023-10-04T07:54:16.769+0000] {processor.py:766} INFO - DAG(s) dict_keys(['example_bash_operator']) retrieved from /home/airflow/.local/lib/python3.7/site-packages/airflow/example_dags/example_bash_operator.py
[2023-10-04T07:54:16.812+0000] {logging_mixin.py:120} INFO - [2023-10-04T07:54:16.811+0000] {dag.py:2585} INFO - Sync 1 DAGs
[2023-10-04T07:54:16.836+0000] {logging_mixin.py:120} INFO - [2023-10-04T07:54:16.836+0000] {dag.py:3340} INFO - Setting next_dagrun for example_bash_operator to 2023-10-03T00:00:00+00:00, run_after=2023-10-04T00:00:00+00:00
[2023-10-04T07:54:16.858+0000] {processor.py:176} INFO - Processing /home/airflow/.local/lib/python3.7/site-packages/airflow/example_dags/example_bash_operator.py took 0.113 seconds
[2023-10-04T07:54:47.817+0000] {processor.py:154} INFO - Started process (PID=1631) to work on /home/airflow/.local/lib/python3.7/site-packages/airflow/example_dags/example_bash_operator.py
[2023-10-04T07:54:47.825+0000] {processor.py:756} INFO - Processing file /home/airflow/.local/lib/python3.7/site-packages/airflow/example_dags/example_bash_operator.py for tasks to queue
[2023-10-04T07:54:47.834+0000] {logging_mixin.py:120} INFO - [2023-10-04T07:54:47.832+0000] {dagbag.py:537} INFO - Filling up the DagBag from /home/airflow/.local/lib/python3.7/site-packages/airflow/example_dags/example_bash_operator.py
[2023-10-04T07:54:47.879+0000] {processor.py:766} INFO - DAG(s) dict_keys(['example_bash_operator']) retrieved from /home/airflow/.local/lib/python3.7/site-packages/airflow/example_dags/example_bash_operator.py
[2023-10-04T07:54:47.974+0000] {logging_mixin.py:120} INFO - [2023-10-04T07:54:47.974+0000] {dag.py:2585} INFO - Sync 1 DAGs
[2023-10-04T07:54:48.025+0000] {logging_mixin.py:120} INFO - [2023-10-04T07:54:48.025+0000] {dag.py:3340} INFO - Setting next_dagrun for example_bash_operator to 2023-10-03T00:00:00+00:00, run_after=2023-10-04T00:00:00+00:00
[2023-10-04T07:54:48.083+0000] {processor.py:176} INFO - Processing /home/airflow/.local/lib/python3.7/site-packages/airflow/example_dags/example_bash_operator.py took 0.274 seconds
[2023-10-04T07:55:18.811+0000] {processor.py:154} INFO - Started process (PID=1698) to work on /home/airflow/.local/lib/python3.7/site-packages/airflow/example_dags/example_bash_operator.py
[2023-10-04T07:55:18.813+0000] {processor.py:756} INFO - Processing file /home/airflow/.local/lib/python3.7/site-packages/airflow/example_dags/example_bash_operator.py for tasks to queue
[2023-10-04T07:55:18.814+0000] {logging_mixin.py:120} INFO - [2023-10-04T07:55:18.814+0000] {dagbag.py:537} INFO - Filling up the DagBag from /home/airflow/.local/lib/python3.7/site-packages/airflow/example_dags/example_bash_operator.py
[2023-10-04T07:55:18.832+0000] {processor.py:766} INFO - DAG(s) dict_keys(['example_bash_operator']) retrieved from /home/airflow/.local/lib/python3.7/site-packages/airflow/example_dags/example_bash_operator.py
[2023-10-04T07:55:18.873+0000] {logging_mixin.py:120} INFO - [2023-10-04T07:55:18.872+0000] {dag.py:2585} INFO - Sync 1 DAGs
[2023-10-04T07:55:18.896+0000] {logging_mixin.py:120} INFO - [2023-10-04T07:55:18.896+0000] {dag.py:3340} INFO - Setting next_dagrun for example_bash_operator to 2023-10-03T00:00:00+00:00, run_after=2023-10-04T00:00:00+00:00
[2023-10-04T07:55:18.925+0000] {processor.py:176} INFO - Processing /home/airflow/.local/lib/python3.7/site-packages/airflow/example_dags/example_bash_operator.py took 0.116 seconds
[2023-10-04T07:55:48.966+0000] {processor.py:154} INFO - Started process (PID=1763) to work on /home/airflow/.local/lib/python3.7/site-packages/airflow/example_dags/example_bash_operator.py
[2023-10-04T07:55:48.968+0000] {processor.py:756} INFO - Processing file /home/airflow/.local/lib/python3.7/site-packages/airflow/example_dags/example_bash_operator.py for tasks to queue
[2023-10-04T07:55:48.970+0000] {logging_mixin.py:120} INFO - [2023-10-04T07:55:48.969+0000] {dagbag.py:537} INFO - Filling up the DagBag from /home/airflow/.local/lib/python3.7/site-packages/airflow/example_dags/example_bash_operator.py
[2023-10-04T07:55:48.986+0000] {processor.py:766} INFO - DAG(s) dict_keys(['example_bash_operator']) retrieved from /home/airflow/.local/lib/python3.7/site-packages/airflow/example_dags/example_bash_operator.py
[2023-10-04T07:55:49.024+0000] {logging_mixin.py:120} INFO - [2023-10-04T07:55:49.024+0000] {dag.py:2585} INFO - Sync 1 DAGs
[2023-10-04T07:55:49.046+0000] {logging_mixin.py:120} INFO - [2023-10-04T07:55:49.046+0000] {dag.py:3340} INFO - Setting next_dagrun for example_bash_operator to 2023-10-03T00:00:00+00:00, run_after=2023-10-04T00:00:00+00:00
[2023-10-04T07:55:49.069+0000] {processor.py:176} INFO - Processing /home/airflow/.local/lib/python3.7/site-packages/airflow/example_dags/example_bash_operator.py took 0.106 seconds
[2023-10-04T07:56:19.420+0000] {processor.py:154} INFO - Started process (PID=1821) to work on /home/airflow/.local/lib/python3.7/site-packages/airflow/example_dags/example_bash_operator.py
[2023-10-04T07:56:19.422+0000] {processor.py:756} INFO - Processing file /home/airflow/.local/lib/python3.7/site-packages/airflow/example_dags/example_bash_operator.py for tasks to queue
[2023-10-04T07:56:19.424+0000] {logging_mixin.py:120} INFO - [2023-10-04T07:56:19.424+0000] {dagbag.py:537} INFO - Filling up the DagBag from /home/airflow/.local/lib/python3.7/site-packages/airflow/example_dags/example_bash_operator.py
[2023-10-04T07:56:19.442+0000] {processor.py:766} INFO - DAG(s) dict_keys(['example_bash_operator']) retrieved from /home/airflow/.local/lib/python3.7/site-packages/airflow/example_dags/example_bash_operator.py
[2023-10-04T07:56:19.485+0000] {logging_mixin.py:120} INFO - [2023-10-04T07:56:19.485+0000] {dag.py:2585} INFO - Sync 1 DAGs
[2023-10-04T07:56:19.507+0000] {logging_mixin.py:120} INFO - [2023-10-04T07:56:19.507+0000] {dag.py:3340} INFO - Setting next_dagrun for example_bash_operator to 2023-10-03T00:00:00+00:00, run_after=2023-10-04T00:00:00+00:00
[2023-10-04T07:56:19.529+0000] {processor.py:176} INFO - Processing /home/airflow/.local/lib/python3.7/site-packages/airflow/example_dags/example_bash_operator.py took 0.114 seconds
[2023-10-04T07:56:49.810+0000] {processor.py:154} INFO - Started process (PID=1888) to work on /home/airflow/.local/lib/python3.7/site-packages/airflow/example_dags/example_bash_operator.py
[2023-10-04T07:56:49.812+0000] {processor.py:756} INFO - Processing file /home/airflow/.local/lib/python3.7/site-packages/airflow/example_dags/example_bash_operator.py for tasks to queue
[2023-10-04T07:56:49.814+0000] {logging_mixin.py:120} INFO - [2023-10-04T07:56:49.814+0000] {dagbag.py:537} INFO - Filling up the DagBag from /home/airflow/.local/lib/python3.7/site-packages/airflow/example_dags/example_bash_operator.py
[2023-10-04T07:56:49.833+0000] {processor.py:766} INFO - DAG(s) dict_keys(['example_bash_operator']) retrieved from /home/airflow/.local/lib/python3.7/site-packages/airflow/example_dags/example_bash_operator.py
[2023-10-04T07:56:49.874+0000] {logging_mixin.py:120} INFO - [2023-10-04T07:56:49.874+0000] {dag.py:2585} INFO - Sync 1 DAGs
[2023-10-04T07:56:49.896+0000] {logging_mixin.py:120} INFO - [2023-10-04T07:56:49.896+0000] {dag.py:3340} INFO - Setting next_dagrun for example_bash_operator to 2023-10-03T00:00:00+00:00, run_after=2023-10-04T00:00:00+00:00
[2023-10-04T07:56:49.918+0000] {processor.py:176} INFO - Processing /home/airflow/.local/lib/python3.7/site-packages/airflow/example_dags/example_bash_operator.py took 0.111 seconds
[2023-10-04T07:57:20.413+0000] {processor.py:154} INFO - Started process (PID=1955) to work on /home/airflow/.local/lib/python3.7/site-packages/airflow/example_dags/example_bash_operator.py
[2023-10-04T07:57:20.417+0000] {processor.py:756} INFO - Processing file /home/airflow/.local/lib/python3.7/site-packages/airflow/example_dags/example_bash_operator.py for tasks to queue
[2023-10-04T07:57:20.419+0000] {logging_mixin.py:120} INFO - [2023-10-04T07:57:20.419+0000] {dagbag.py:537} INFO - Filling up the DagBag from /home/airflow/.local/lib/python3.7/site-packages/airflow/example_dags/example_bash_operator.py
[2023-10-04T07:57:20.441+0000] {processor.py:766} INFO - DAG(s) dict_keys(['example_bash_operator']) retrieved from /home/airflow/.local/lib/python3.7/site-packages/airflow/example_dags/example_bash_operator.py
[2023-10-04T07:57:20.485+0000] {logging_mixin.py:120} INFO - [2023-10-04T07:57:20.485+0000] {dag.py:2585} INFO - Sync 1 DAGs
[2023-10-04T07:57:20.509+0000] {logging_mixin.py:120} INFO - [2023-10-04T07:57:20.508+0000] {dag.py:3340} INFO - Setting next_dagrun for example_bash_operator to 2023-10-03T00:00:00+00:00, run_after=2023-10-04T00:00:00+00:00
[2023-10-04T07:57:20.529+0000] {processor.py:176} INFO - Processing /home/airflow/.local/lib/python3.7/site-packages/airflow/example_dags/example_bash_operator.py took 0.124 seconds
[2023-10-04T07:57:50.708+0000] {processor.py:154} INFO - Started process (PID=2014) to work on /home/airflow/.local/lib/python3.7/site-packages/airflow/example_dags/example_bash_operator.py
[2023-10-04T07:57:50.711+0000] {processor.py:756} INFO - Processing file /home/airflow/.local/lib/python3.7/site-packages/airflow/example_dags/example_bash_operator.py for tasks to queue
[2023-10-04T07:57:50.713+0000] {logging_mixin.py:120} INFO - [2023-10-04T07:57:50.713+0000] {dagbag.py:537} INFO - Filling up the DagBag from /home/airflow/.local/lib/python3.7/site-packages/airflow/example_dags/example_bash_operator.py
[2023-10-04T07:57:50.741+0000] {processor.py:766} INFO - DAG(s) dict_keys(['example_bash_operator']) retrieved from /home/airflow/.local/lib/python3.7/site-packages/airflow/example_dags/example_bash_operator.py
[2023-10-04T07:57:50.842+0000] {logging_mixin.py:120} INFO - [2023-10-04T07:57:50.841+0000] {dag.py:2585} INFO - Sync 1 DAGs
[2023-10-04T07:57:50.872+0000] {logging_mixin.py:120} INFO - [2023-10-04T07:57:50.872+0000] {dag.py:3340} INFO - Setting next_dagrun for example_bash_operator to 2023-10-03T00:00:00+00:00, run_after=2023-10-04T00:00:00+00:00
[2023-10-04T07:57:50.898+0000] {processor.py:176} INFO - Processing /home/airflow/.local/lib/python3.7/site-packages/airflow/example_dags/example_bash_operator.py took 0.201 seconds
[2023-10-04T07:58:21.113+0000] {processor.py:154} INFO - Started process (PID=2081) to work on /home/airflow/.local/lib/python3.7/site-packages/airflow/example_dags/example_bash_operator.py
[2023-10-04T07:58:21.115+0000] {processor.py:756} INFO - Processing file /home/airflow/.local/lib/python3.7/site-packages/airflow/example_dags/example_bash_operator.py for tasks to queue
[2023-10-04T07:58:21.116+0000] {logging_mixin.py:120} INFO - [2023-10-04T07:58:21.116+0000] {dagbag.py:537} INFO - Filling up the DagBag from /home/airflow/.local/lib/python3.7/site-packages/airflow/example_dags/example_bash_operator.py
[2023-10-04T07:58:21.133+0000] {processor.py:766} INFO - DAG(s) dict_keys(['example_bash_operator']) retrieved from /home/airflow/.local/lib/python3.7/site-packages/airflow/example_dags/example_bash_operator.py
[2023-10-04T07:58:21.178+0000] {logging_mixin.py:120} INFO - [2023-10-04T07:58:21.178+0000] {dag.py:2585} INFO - Sync 1 DAGs
[2023-10-04T07:58:21.206+0000] {logging_mixin.py:120} INFO - [2023-10-04T07:58:21.206+0000] {dag.py:3340} INFO - Setting next_dagrun for example_bash_operator to 2023-10-03T00:00:00+00:00, run_after=2023-10-04T00:00:00+00:00
[2023-10-04T07:58:21.230+0000] {processor.py:176} INFO - Processing /home/airflow/.local/lib/python3.7/site-packages/airflow/example_dags/example_bash_operator.py took 0.122 seconds
[2023-10-04T07:58:51.724+0000] {processor.py:154} INFO - Started process (PID=2148) to work on /home/airflow/.local/lib/python3.7/site-packages/airflow/example_dags/example_bash_operator.py
[2023-10-04T07:58:51.727+0000] {processor.py:756} INFO - Processing file /home/airflow/.local/lib/python3.7/site-packages/airflow/example_dags/example_bash_operator.py for tasks to queue
[2023-10-04T07:58:51.728+0000] {logging_mixin.py:120} INFO - [2023-10-04T07:58:51.728+0000] {dagbag.py:537} INFO - Filling up the DagBag from /home/airflow/.local/lib/python3.7/site-packages/airflow/example_dags/example_bash_operator.py
[2023-10-04T07:58:51.750+0000] {processor.py:766} INFO - DAG(s) dict_keys(['example_bash_operator']) retrieved from /home/airflow/.local/lib/python3.7/site-packages/airflow/example_dags/example_bash_operator.py
[2023-10-04T07:58:51.844+0000] {logging_mixin.py:120} INFO - [2023-10-04T07:58:51.843+0000] {dag.py:2585} INFO - Sync 1 DAGs
[2023-10-04T07:58:51.871+0000] {logging_mixin.py:120} INFO - [2023-10-04T07:58:51.871+0000] {dag.py:3340} INFO - Setting next_dagrun for example_bash_operator to 2023-10-03T00:00:00+00:00, run_after=2023-10-04T00:00:00+00:00
[2023-10-04T07:58:51.894+0000] {processor.py:176} INFO - Processing /home/airflow/.local/lib/python3.7/site-packages/airflow/example_dags/example_bash_operator.py took 0.176 seconds
[2023-10-04T07:59:22.312+0000] {processor.py:154} INFO - Started process (PID=2216) to work on /home/airflow/.local/lib/python3.7/site-packages/airflow/example_dags/example_bash_operator.py
[2023-10-04T07:59:22.314+0000] {processor.py:756} INFO - Processing file /home/airflow/.local/lib/python3.7/site-packages/airflow/example_dags/example_bash_operator.py for tasks to queue
[2023-10-04T07:59:22.315+0000] {logging_mixin.py:120} INFO - [2023-10-04T07:59:22.315+0000] {dagbag.py:537} INFO - Filling up the DagBag from /home/airflow/.local/lib/python3.7/site-packages/airflow/example_dags/example_bash_operator.py
[2023-10-04T07:59:22.338+0000] {processor.py:766} INFO - DAG(s) dict_keys(['example_bash_operator']) retrieved from /home/airflow/.local/lib/python3.7/site-packages/airflow/example_dags/example_bash_operator.py
[2023-10-04T07:59:22.380+0000] {logging_mixin.py:120} INFO - [2023-10-04T07:59:22.380+0000] {dag.py:2585} INFO - Sync 1 DAGs
[2023-10-04T07:59:22.403+0000] {logging_mixin.py:120} INFO - [2023-10-04T07:59:22.403+0000] {dag.py:3340} INFO - Setting next_dagrun for example_bash_operator to 2023-10-03T00:00:00+00:00, run_after=2023-10-04T00:00:00+00:00
[2023-10-04T07:59:22.427+0000] {processor.py:176} INFO - Processing /home/airflow/.local/lib/python3.7/site-packages/airflow/example_dags/example_bash_operator.py took 0.118 seconds
[2023-10-04T07:59:52.905+0000] {processor.py:154} INFO - Started process (PID=2274) to work on /home/airflow/.local/lib/python3.7/site-packages/airflow/example_dags/example_bash_operator.py
[2023-10-04T07:59:52.906+0000] {processor.py:756} INFO - Processing file /home/airflow/.local/lib/python3.7/site-packages/airflow/example_dags/example_bash_operator.py for tasks to queue
[2023-10-04T07:59:52.908+0000] {logging_mixin.py:120} INFO - [2023-10-04T07:59:52.908+0000] {dagbag.py:537} INFO - Filling up the DagBag from /home/airflow/.local/lib/python3.7/site-packages/airflow/example_dags/example_bash_operator.py
[2023-10-04T07:59:52.925+0000] {processor.py:766} INFO - DAG(s) dict_keys(['example_bash_operator']) retrieved from /home/airflow/.local/lib/python3.7/site-packages/airflow/example_dags/example_bash_operator.py
[2023-10-04T07:59:52.967+0000] {logging_mixin.py:120} INFO - [2023-10-04T07:59:52.967+0000] {dag.py:2585} INFO - Sync 1 DAGs
[2023-10-04T07:59:52.992+0000] {logging_mixin.py:120} INFO - [2023-10-04T07:59:52.992+0000] {dag.py:3340} INFO - Setting next_dagrun for example_bash_operator to 2023-10-03T00:00:00+00:00, run_after=2023-10-04T00:00:00+00:00
[2023-10-04T07:59:53.014+0000] {processor.py:176} INFO - Processing /home/airflow/.local/lib/python3.7/site-packages/airflow/example_dags/example_bash_operator.py took 0.113 seconds
[2023-10-04T08:00:23.703+0000] {processor.py:154} INFO - Started process (PID=2341) to work on /home/airflow/.local/lib/python3.7/site-packages/airflow/example_dags/example_bash_operator.py
[2023-10-04T08:00:23.705+0000] {processor.py:756} INFO - Processing file /home/airflow/.local/lib/python3.7/site-packages/airflow/example_dags/example_bash_operator.py for tasks to queue
[2023-10-04T08:00:23.706+0000] {logging_mixin.py:120} INFO - [2023-10-04T08:00:23.705+0000] {dagbag.py:537} INFO - Filling up the DagBag from /home/airflow/.local/lib/python3.7/site-packages/airflow/example_dags/example_bash_operator.py
[2023-10-04T08:00:23.724+0000] {processor.py:766} INFO - DAG(s) dict_keys(['example_bash_operator']) retrieved from /home/airflow/.local/lib/python3.7/site-packages/airflow/example_dags/example_bash_operator.py
[2023-10-04T08:00:23.765+0000] {logging_mixin.py:120} INFO - [2023-10-04T08:00:23.765+0000] {dag.py:2585} INFO - Sync 1 DAGs
[2023-10-04T08:00:23.790+0000] {logging_mixin.py:120} INFO - [2023-10-04T08:00:23.789+0000] {dag.py:3340} INFO - Setting next_dagrun for example_bash_operator to 2023-10-03T00:00:00+00:00, run_after=2023-10-04T00:00:00+00:00
[2023-10-04T08:00:23.811+0000] {processor.py:176} INFO - Processing /home/airflow/.local/lib/python3.7/site-packages/airflow/example_dags/example_bash_operator.py took 0.111 seconds
[2023-10-04T08:00:54.582+0000] {processor.py:154} INFO - Started process (PID=2409) to work on /home/airflow/.local/lib/python3.7/site-packages/airflow/example_dags/example_bash_operator.py
[2023-10-04T08:00:54.584+0000] {processor.py:756} INFO - Processing file /home/airflow/.local/lib/python3.7/site-packages/airflow/example_dags/example_bash_operator.py for tasks to queue
[2023-10-04T08:00:54.586+0000] {logging_mixin.py:120} INFO - [2023-10-04T08:00:54.586+0000] {dagbag.py:537} INFO - Filling up the DagBag from /home/airflow/.local/lib/python3.7/site-packages/airflow/example_dags/example_bash_operator.py
[2023-10-04T08:00:54.609+0000] {processor.py:766} INFO - DAG(s) dict_keys(['example_bash_operator']) retrieved from /home/airflow/.local/lib/python3.7/site-packages/airflow/example_dags/example_bash_operator.py
[2023-10-04T08:00:54.650+0000] {logging_mixin.py:120} INFO - [2023-10-04T08:00:54.650+0000] {dag.py:2585} INFO - Sync 1 DAGs
[2023-10-04T08:00:54.674+0000] {logging_mixin.py:120} INFO - [2023-10-04T08:00:54.673+0000] {dag.py:3340} INFO - Setting next_dagrun for example_bash_operator to 2023-10-03T00:00:00+00:00, run_after=2023-10-04T00:00:00+00:00
[2023-10-04T08:00:54.696+0000] {processor.py:176} INFO - Processing /home/airflow/.local/lib/python3.7/site-packages/airflow/example_dags/example_bash_operator.py took 0.118 seconds
[2023-10-04T08:01:25.024+0000] {processor.py:154} INFO - Started process (PID=2476) to work on /home/airflow/.local/lib/python3.7/site-packages/airflow/example_dags/example_bash_operator.py
[2023-10-04T08:01:25.025+0000] {processor.py:756} INFO - Processing file /home/airflow/.local/lib/python3.7/site-packages/airflow/example_dags/example_bash_operator.py for tasks to queue
[2023-10-04T08:01:25.027+0000] {logging_mixin.py:120} INFO - [2023-10-04T08:01:25.027+0000] {dagbag.py:537} INFO - Filling up the DagBag from /home/airflow/.local/lib/python3.7/site-packages/airflow/example_dags/example_bash_operator.py
[2023-10-04T08:01:25.045+0000] {processor.py:766} INFO - DAG(s) dict_keys(['example_bash_operator']) retrieved from /home/airflow/.local/lib/python3.7/site-packages/airflow/example_dags/example_bash_operator.py
[2023-10-04T08:01:25.087+0000] {logging_mixin.py:120} INFO - [2023-10-04T08:01:25.086+0000] {dag.py:2585} INFO - Sync 1 DAGs
[2023-10-04T08:01:25.111+0000] {logging_mixin.py:120} INFO - [2023-10-04T08:01:25.111+0000] {dag.py:3340} INFO - Setting next_dagrun for example_bash_operator to 2023-10-03T00:00:00+00:00, run_after=2023-10-04T00:00:00+00:00
[2023-10-04T08:01:25.135+0000] {processor.py:176} INFO - Processing /home/airflow/.local/lib/python3.7/site-packages/airflow/example_dags/example_bash_operator.py took 0.114 seconds
[2023-10-04T08:01:55.319+0000] {processor.py:154} INFO - Started process (PID=2534) to work on /home/airflow/.local/lib/python3.7/site-packages/airflow/example_dags/example_bash_operator.py
[2023-10-04T08:01:55.321+0000] {processor.py:756} INFO - Processing file /home/airflow/.local/lib/python3.7/site-packages/airflow/example_dags/example_bash_operator.py for tasks to queue
[2023-10-04T08:01:55.323+0000] {logging_mixin.py:120} INFO - [2023-10-04T08:01:55.323+0000] {dagbag.py:537} INFO - Filling up the DagBag from /home/airflow/.local/lib/python3.7/site-packages/airflow/example_dags/example_bash_operator.py
[2023-10-04T08:01:55.345+0000] {processor.py:766} INFO - DAG(s) dict_keys(['example_bash_operator']) retrieved from /home/airflow/.local/lib/python3.7/site-packages/airflow/example_dags/example_bash_operator.py
[2023-10-04T08:01:55.385+0000] {logging_mixin.py:120} INFO - [2023-10-04T08:01:55.385+0000] {dag.py:2585} INFO - Sync 1 DAGs
[2023-10-04T08:01:55.409+0000] {logging_mixin.py:120} INFO - [2023-10-04T08:01:55.409+0000] {dag.py:3340} INFO - Setting next_dagrun for example_bash_operator to 2023-10-03T00:00:00+00:00, run_after=2023-10-04T00:00:00+00:00
[2023-10-04T08:01:55.429+0000] {processor.py:176} INFO - Processing /home/airflow/.local/lib/python3.7/site-packages/airflow/example_dags/example_bash_operator.py took 0.115 seconds
[2023-10-04T08:02:26.022+0000] {processor.py:154} INFO - Started process (PID=2602) to work on /home/airflow/.local/lib/python3.7/site-packages/airflow/example_dags/example_bash_operator.py
[2023-10-04T08:02:26.024+0000] {processor.py:756} INFO - Processing file /home/airflow/.local/lib/python3.7/site-packages/airflow/example_dags/example_bash_operator.py for tasks to queue
[2023-10-04T08:02:26.025+0000] {logging_mixin.py:120} INFO - [2023-10-04T08:02:26.025+0000] {dagbag.py:537} INFO - Filling up the DagBag from /home/airflow/.local/lib/python3.7/site-packages/airflow/example_dags/example_bash_operator.py
[2023-10-04T08:02:26.049+0000] {processor.py:766} INFO - DAG(s) dict_keys(['example_bash_operator']) retrieved from /home/airflow/.local/lib/python3.7/site-packages/airflow/example_dags/example_bash_operator.py
[2023-10-04T08:02:26.101+0000] {logging_mixin.py:120} INFO - [2023-10-04T08:02:26.101+0000] {dag.py:2585} INFO - Sync 1 DAGs
[2023-10-04T08:02:26.134+0000] {logging_mixin.py:120} INFO - [2023-10-04T08:02:26.134+0000] {dag.py:3340} INFO - Setting next_dagrun for example_bash_operator to 2023-10-03T00:00:00+00:00, run_after=2023-10-04T00:00:00+00:00
[2023-10-04T08:02:26.161+0000] {processor.py:176} INFO - Processing /home/airflow/.local/lib/python3.7/site-packages/airflow/example_dags/example_bash_operator.py took 0.142 seconds
[2023-10-04T08:02:56.312+0000] {processor.py:154} INFO - Started process (PID=2668) to work on /home/airflow/.local/lib/python3.7/site-packages/airflow/example_dags/example_bash_operator.py
[2023-10-04T08:02:56.314+0000] {processor.py:756} INFO - Processing file /home/airflow/.local/lib/python3.7/site-packages/airflow/example_dags/example_bash_operator.py for tasks to queue
[2023-10-04T08:02:56.316+0000] {logging_mixin.py:120} INFO - [2023-10-04T08:02:56.316+0000] {dagbag.py:537} INFO - Filling up the DagBag from /home/airflow/.local/lib/python3.7/site-packages/airflow/example_dags/example_bash_operator.py
[2023-10-04T08:02:56.337+0000] {processor.py:766} INFO - DAG(s) dict_keys(['example_bash_operator']) retrieved from /home/airflow/.local/lib/python3.7/site-packages/airflow/example_dags/example_bash_operator.py
[2023-10-04T08:02:56.378+0000] {logging_mixin.py:120} INFO - [2023-10-04T08:02:56.378+0000] {dag.py:2585} INFO - Sync 1 DAGs
[2023-10-04T08:02:56.402+0000] {logging_mixin.py:120} INFO - [2023-10-04T08:02:56.402+0000] {dag.py:3340} INFO - Setting next_dagrun for example_bash_operator to 2023-10-03T00:00:00+00:00, run_after=2023-10-04T00:00:00+00:00
[2023-10-04T08:02:56.426+0000] {processor.py:176} INFO - Processing /home/airflow/.local/lib/python3.7/site-packages/airflow/example_dags/example_bash_operator.py took 0.119 seconds
[2023-10-04T08:03:26.935+0000] {processor.py:154} INFO - Started process (PID=2736) to work on /home/airflow/.local/lib/python3.7/site-packages/airflow/example_dags/example_bash_operator.py
[2023-10-04T08:03:26.938+0000] {processor.py:756} INFO - Processing file /home/airflow/.local/lib/python3.7/site-packages/airflow/example_dags/example_bash_operator.py for tasks to queue
[2023-10-04T08:03:26.941+0000] {logging_mixin.py:120} INFO - [2023-10-04T08:03:26.940+0000] {dagbag.py:537} INFO - Filling up the DagBag from /home/airflow/.local/lib/python3.7/site-packages/airflow/example_dags/example_bash_operator.py
[2023-10-04T08:03:26.988+0000] {processor.py:766} INFO - DAG(s) dict_keys(['example_bash_operator']) retrieved from /home/airflow/.local/lib/python3.7/site-packages/airflow/example_dags/example_bash_operator.py
[2023-10-04T08:03:27.068+0000] {logging_mixin.py:120} INFO - [2023-10-04T08:03:27.068+0000] {dag.py:2585} INFO - Sync 1 DAGs
[2023-10-04T08:03:27.117+0000] {logging_mixin.py:120} INFO - [2023-10-04T08:03:27.117+0000] {dag.py:3340} INFO - Setting next_dagrun for example_bash_operator to 2023-10-03T00:00:00+00:00, run_after=2023-10-04T00:00:00+00:00
[2023-10-04T08:03:27.171+0000] {processor.py:176} INFO - Processing /home/airflow/.local/lib/python3.7/site-packages/airflow/example_dags/example_bash_operator.py took 0.238 seconds
[2023-10-04T08:03:57.396+0000] {processor.py:154} INFO - Started process (PID=2793) to work on /home/airflow/.local/lib/python3.7/site-packages/airflow/example_dags/example_bash_operator.py
[2023-10-04T08:03:57.399+0000] {processor.py:756} INFO - Processing file /home/airflow/.local/lib/python3.7/site-packages/airflow/example_dags/example_bash_operator.py for tasks to queue
[2023-10-04T08:03:57.401+0000] {logging_mixin.py:120} INFO - [2023-10-04T08:03:57.400+0000] {dagbag.py:537} INFO - Filling up the DagBag from /home/airflow/.local/lib/python3.7/site-packages/airflow/example_dags/example_bash_operator.py
[2023-10-04T08:03:57.424+0000] {processor.py:766} INFO - DAG(s) dict_keys(['example_bash_operator']) retrieved from /home/airflow/.local/lib/python3.7/site-packages/airflow/example_dags/example_bash_operator.py
[2023-10-04T08:03:57.462+0000] {logging_mixin.py:120} INFO - [2023-10-04T08:03:57.462+0000] {dag.py:2585} INFO - Sync 1 DAGs
[2023-10-04T08:03:57.482+0000] {logging_mixin.py:120} INFO - [2023-10-04T08:03:57.482+0000] {dag.py:3340} INFO - Setting next_dagrun for example_bash_operator to 2023-10-03T00:00:00+00:00, run_after=2023-10-04T00:00:00+00:00
[2023-10-04T08:03:57.502+0000] {processor.py:176} INFO - Processing /home/airflow/.local/lib/python3.7/site-packages/airflow/example_dags/example_bash_operator.py took 0.112 seconds
[2023-10-04T08:04:27.677+0000] {processor.py:154} INFO - Started process (PID=2860) to work on /home/airflow/.local/lib/python3.7/site-packages/airflow/example_dags/example_bash_operator.py
[2023-10-04T08:04:27.680+0000] {processor.py:756} INFO - Processing file /home/airflow/.local/lib/python3.7/site-packages/airflow/example_dags/example_bash_operator.py for tasks to queue
[2023-10-04T08:04:27.682+0000] {logging_mixin.py:120} INFO - [2023-10-04T08:04:27.682+0000] {dagbag.py:537} INFO - Filling up the DagBag from /home/airflow/.local/lib/python3.7/site-packages/airflow/example_dags/example_bash_operator.py
[2023-10-04T08:04:27.706+0000] {processor.py:766} INFO - DAG(s) dict_keys(['example_bash_operator']) retrieved from /home/airflow/.local/lib/python3.7/site-packages/airflow/example_dags/example_bash_operator.py
[2023-10-04T08:04:27.751+0000] {logging_mixin.py:120} INFO - [2023-10-04T08:04:27.751+0000] {dag.py:2585} INFO - Sync 1 DAGs
[2023-10-04T08:04:27.777+0000] {logging_mixin.py:120} INFO - [2023-10-04T08:04:27.777+0000] {dag.py:3340} INFO - Setting next_dagrun for example_bash_operator to 2023-10-03T00:00:00+00:00, run_after=2023-10-04T00:00:00+00:00
[2023-10-04T08:04:27.798+0000] {processor.py:176} INFO - Processing /home/airflow/.local/lib/python3.7/site-packages/airflow/example_dags/example_bash_operator.py took 0.131 seconds
[2023-10-04T08:04:58.320+0000] {processor.py:154} INFO - Started process (PID=2928) to work on /home/airflow/.local/lib/python3.7/site-packages/airflow/example_dags/example_bash_operator.py
[2023-10-04T08:04:58.323+0000] {processor.py:756} INFO - Processing file /home/airflow/.local/lib/python3.7/site-packages/airflow/example_dags/example_bash_operator.py for tasks to queue
[2023-10-04T08:04:58.325+0000] {logging_mixin.py:120} INFO - [2023-10-04T08:04:58.325+0000] {dagbag.py:537} INFO - Filling up the DagBag from /home/airflow/.local/lib/python3.7/site-packages/airflow/example_dags/example_bash_operator.py
[2023-10-04T08:04:58.353+0000] {processor.py:766} INFO - DAG(s) dict_keys(['example_bash_operator']) retrieved from /home/airflow/.local/lib/python3.7/site-packages/airflow/example_dags/example_bash_operator.py
[2023-10-04T08:04:58.401+0000] {logging_mixin.py:120} INFO - [2023-10-04T08:04:58.401+0000] {dag.py:2585} INFO - Sync 1 DAGs
[2023-10-04T08:04:58.432+0000] {logging_mixin.py:120} INFO - [2023-10-04T08:04:58.432+0000] {dag.py:3340} INFO - Setting next_dagrun for example_bash_operator to 2023-10-03T00:00:00+00:00, run_after=2023-10-04T00:00:00+00:00
[2023-10-04T08:04:58.466+0000] {processor.py:176} INFO - Processing /home/airflow/.local/lib/python3.7/site-packages/airflow/example_dags/example_bash_operator.py took 0.152 seconds
[2023-10-04T08:05:28.574+0000] {processor.py:154} INFO - Started process (PID=2985) to work on /home/airflow/.local/lib/python3.7/site-packages/airflow/example_dags/example_bash_operator.py
[2023-10-04T08:05:28.578+0000] {processor.py:756} INFO - Processing file /home/airflow/.local/lib/python3.7/site-packages/airflow/example_dags/example_bash_operator.py for tasks to queue
[2023-10-04T08:05:28.582+0000] {logging_mixin.py:120} INFO - [2023-10-04T08:05:28.581+0000] {dagbag.py:537} INFO - Filling up the DagBag from /home/airflow/.local/lib/python3.7/site-packages/airflow/example_dags/example_bash_operator.py
[2023-10-04T08:05:28.645+0000] {processor.py:766} INFO - DAG(s) dict_keys(['example_bash_operator']) retrieved from /home/airflow/.local/lib/python3.7/site-packages/airflow/example_dags/example_bash_operator.py
[2023-10-04T08:05:28.722+0000] {logging_mixin.py:120} INFO - [2023-10-04T08:05:28.722+0000] {dag.py:2585} INFO - Sync 1 DAGs
[2023-10-04T08:05:28.750+0000] {logging_mixin.py:120} INFO - [2023-10-04T08:05:28.750+0000] {dag.py:3340} INFO - Setting next_dagrun for example_bash_operator to 2023-10-03T00:00:00+00:00, run_after=2023-10-04T00:00:00+00:00
[2023-10-04T08:05:28.773+0000] {processor.py:176} INFO - Processing /home/airflow/.local/lib/python3.7/site-packages/airflow/example_dags/example_bash_operator.py took 0.212 seconds
[2023-10-04T08:05:58.994+0000] {processor.py:154} INFO - Started process (PID=3052) to work on /home/airflow/.local/lib/python3.7/site-packages/airflow/example_dags/example_bash_operator.py
[2023-10-04T08:05:58.995+0000] {processor.py:756} INFO - Processing file /home/airflow/.local/lib/python3.7/site-packages/airflow/example_dags/example_bash_operator.py for tasks to queue
[2023-10-04T08:05:58.997+0000] {logging_mixin.py:120} INFO - [2023-10-04T08:05:58.996+0000] {dagbag.py:537} INFO - Filling up the DagBag from /home/airflow/.local/lib/python3.7/site-packages/airflow/example_dags/example_bash_operator.py
[2023-10-04T08:05:59.017+0000] {processor.py:766} INFO - DAG(s) dict_keys(['example_bash_operator']) retrieved from /home/airflow/.local/lib/python3.7/site-packages/airflow/example_dags/example_bash_operator.py
[2023-10-04T08:05:59.058+0000] {logging_mixin.py:120} INFO - [2023-10-04T08:05:59.058+0000] {dag.py:2585} INFO - Sync 1 DAGs
[2023-10-04T08:05:59.083+0000] {logging_mixin.py:120} INFO - [2023-10-04T08:05:59.083+0000] {dag.py:3340} INFO - Setting next_dagrun for example_bash_operator to 2023-10-03T00:00:00+00:00, run_after=2023-10-04T00:00:00+00:00
[2023-10-04T08:05:59.109+0000] {processor.py:176} INFO - Processing /home/airflow/.local/lib/python3.7/site-packages/airflow/example_dags/example_bash_operator.py took 0.118 seconds
[2023-10-04T08:06:29.367+0000] {processor.py:154} INFO - Started process (PID=3119) to work on /home/airflow/.local/lib/python3.7/site-packages/airflow/example_dags/example_bash_operator.py
[2023-10-04T08:06:29.369+0000] {processor.py:756} INFO - Processing file /home/airflow/.local/lib/python3.7/site-packages/airflow/example_dags/example_bash_operator.py for tasks to queue
[2023-10-04T08:06:29.370+0000] {logging_mixin.py:120} INFO - [2023-10-04T08:06:29.370+0000] {dagbag.py:537} INFO - Filling up the DagBag from /home/airflow/.local/lib/python3.7/site-packages/airflow/example_dags/example_bash_operator.py
[2023-10-04T08:06:29.391+0000] {processor.py:766} INFO - DAG(s) dict_keys(['example_bash_operator']) retrieved from /home/airflow/.local/lib/python3.7/site-packages/airflow/example_dags/example_bash_operator.py
[2023-10-04T08:06:29.442+0000] {logging_mixin.py:120} INFO - [2023-10-04T08:06:29.442+0000] {dag.py:2585} INFO - Sync 1 DAGs
[2023-10-04T08:06:29.473+0000] {logging_mixin.py:120} INFO - [2023-10-04T08:06:29.472+0000] {dag.py:3340} INFO - Setting next_dagrun for example_bash_operator to 2023-10-03T00:00:00+00:00, run_after=2023-10-04T00:00:00+00:00
[2023-10-04T08:06:29.501+0000] {processor.py:176} INFO - Processing /home/airflow/.local/lib/python3.7/site-packages/airflow/example_dags/example_bash_operator.py took 0.142 seconds
[2023-10-04T08:06:59.951+0000] {processor.py:154} INFO - Started process (PID=3187) to work on /home/airflow/.local/lib/python3.7/site-packages/airflow/example_dags/example_bash_operator.py
[2023-10-04T08:06:59.952+0000] {processor.py:756} INFO - Processing file /home/airflow/.local/lib/python3.7/site-packages/airflow/example_dags/example_bash_operator.py for tasks to queue
[2023-10-04T08:06:59.954+0000] {logging_mixin.py:120} INFO - [2023-10-04T08:06:59.953+0000] {dagbag.py:537} INFO - Filling up the DagBag from /home/airflow/.local/lib/python3.7/site-packages/airflow/example_dags/example_bash_operator.py
[2023-10-04T08:06:59.978+0000] {processor.py:766} INFO - DAG(s) dict_keys(['example_bash_operator']) retrieved from /home/airflow/.local/lib/python3.7/site-packages/airflow/example_dags/example_bash_operator.py
[2023-10-04T08:07:00.038+0000] {logging_mixin.py:120} INFO - [2023-10-04T08:07:00.038+0000] {dag.py:2585} INFO - Sync 1 DAGs
[2023-10-04T08:07:00.068+0000] {logging_mixin.py:120} INFO - [2023-10-04T08:07:00.067+0000] {dag.py:3340} INFO - Setting next_dagrun for example_bash_operator to 2023-10-03T00:00:00+00:00, run_after=2023-10-04T00:00:00+00:00
[2023-10-04T08:07:00.096+0000] {processor.py:176} INFO - Processing /home/airflow/.local/lib/python3.7/site-packages/airflow/example_dags/example_bash_operator.py took 0.149 seconds
[2023-10-04T08:07:30.659+0000] {processor.py:154} INFO - Started process (PID=3245) to work on /home/airflow/.local/lib/python3.7/site-packages/airflow/example_dags/example_bash_operator.py
[2023-10-04T08:07:30.661+0000] {processor.py:756} INFO - Processing file /home/airflow/.local/lib/python3.7/site-packages/airflow/example_dags/example_bash_operator.py for tasks to queue
[2023-10-04T08:07:30.662+0000] {logging_mixin.py:120} INFO - [2023-10-04T08:07:30.662+0000] {dagbag.py:537} INFO - Filling up the DagBag from /home/airflow/.local/lib/python3.7/site-packages/airflow/example_dags/example_bash_operator.py
[2023-10-04T08:07:30.680+0000] {processor.py:766} INFO - DAG(s) dict_keys(['example_bash_operator']) retrieved from /home/airflow/.local/lib/python3.7/site-packages/airflow/example_dags/example_bash_operator.py
[2023-10-04T08:07:30.725+0000] {logging_mixin.py:120} INFO - [2023-10-04T08:07:30.724+0000] {dag.py:2585} INFO - Sync 1 DAGs
[2023-10-04T08:07:30.749+0000] {logging_mixin.py:120} INFO - [2023-10-04T08:07:30.749+0000] {dag.py:3340} INFO - Setting next_dagrun for example_bash_operator to 2023-10-03T00:00:00+00:00, run_after=2023-10-04T00:00:00+00:00
[2023-10-04T08:07:30.777+0000] {processor.py:176} INFO - Processing /home/airflow/.local/lib/python3.7/site-packages/airflow/example_dags/example_bash_operator.py took 0.121 seconds
[2023-10-04T08:08:01.087+0000] {processor.py:154} INFO - Started process (PID=3312) to work on /home/airflow/.local/lib/python3.7/site-packages/airflow/example_dags/example_bash_operator.py
[2023-10-04T08:08:01.088+0000] {processor.py:756} INFO - Processing file /home/airflow/.local/lib/python3.7/site-packages/airflow/example_dags/example_bash_operator.py for tasks to queue
[2023-10-04T08:08:01.090+0000] {logging_mixin.py:120} INFO - [2023-10-04T08:08:01.090+0000] {dagbag.py:537} INFO - Filling up the DagBag from /home/airflow/.local/lib/python3.7/site-packages/airflow/example_dags/example_bash_operator.py
[2023-10-04T08:08:01.112+0000] {processor.py:766} INFO - DAG(s) dict_keys(['example_bash_operator']) retrieved from /home/airflow/.local/lib/python3.7/site-packages/airflow/example_dags/example_bash_operator.py
[2023-10-04T08:08:01.153+0000] {logging_mixin.py:120} INFO - [2023-10-04T08:08:01.153+0000] {dag.py:2585} INFO - Sync 1 DAGs
[2023-10-04T08:08:01.176+0000] {logging_mixin.py:120} INFO - [2023-10-04T08:08:01.176+0000] {dag.py:3340} INFO - Setting next_dagrun for example_bash_operator to 2023-10-03T00:00:00+00:00, run_after=2023-10-04T00:00:00+00:00
[2023-10-04T08:08:01.202+0000] {processor.py:176} INFO - Processing /home/airflow/.local/lib/python3.7/site-packages/airflow/example_dags/example_bash_operator.py took 0.118 seconds
[2023-10-04T08:08:31.390+0000] {processor.py:154} INFO - Started process (PID=3379) to work on /home/airflow/.local/lib/python3.7/site-packages/airflow/example_dags/example_bash_operator.py
[2023-10-04T08:08:31.392+0000] {processor.py:756} INFO - Processing file /home/airflow/.local/lib/python3.7/site-packages/airflow/example_dags/example_bash_operator.py for tasks to queue
[2023-10-04T08:08:31.394+0000] {logging_mixin.py:120} INFO - [2023-10-04T08:08:31.394+0000] {dagbag.py:537} INFO - Filling up the DagBag from /home/airflow/.local/lib/python3.7/site-packages/airflow/example_dags/example_bash_operator.py
[2023-10-04T08:08:31.412+0000] {processor.py:766} INFO - DAG(s) dict_keys(['example_bash_operator']) retrieved from /home/airflow/.local/lib/python3.7/site-packages/airflow/example_dags/example_bash_operator.py
[2023-10-04T08:08:31.451+0000] {logging_mixin.py:120} INFO - [2023-10-04T08:08:31.451+0000] {dag.py:2585} INFO - Sync 1 DAGs
[2023-10-04T08:08:31.473+0000] {logging_mixin.py:120} INFO - [2023-10-04T08:08:31.473+0000] {dag.py:3340} INFO - Setting next_dagrun for example_bash_operator to 2023-10-03T00:00:00+00:00, run_after=2023-10-04T00:00:00+00:00
[2023-10-04T08:08:31.496+0000] {processor.py:176} INFO - Processing /home/airflow/.local/lib/python3.7/site-packages/airflow/example_dags/example_bash_operator.py took 0.111 seconds
[2023-10-04T08:09:01.616+0000] {processor.py:154} INFO - Started process (PID=3437) to work on /home/airflow/.local/lib/python3.7/site-packages/airflow/example_dags/example_bash_operator.py
[2023-10-04T08:09:01.618+0000] {processor.py:756} INFO - Processing file /home/airflow/.local/lib/python3.7/site-packages/airflow/example_dags/example_bash_operator.py for tasks to queue
[2023-10-04T08:09:01.620+0000] {logging_mixin.py:120} INFO - [2023-10-04T08:09:01.620+0000] {dagbag.py:537} INFO - Filling up the DagBag from /home/airflow/.local/lib/python3.7/site-packages/airflow/example_dags/example_bash_operator.py
[2023-10-04T08:09:01.644+0000] {processor.py:766} INFO - DAG(s) dict_keys(['example_bash_operator']) retrieved from /home/airflow/.local/lib/python3.7/site-packages/airflow/example_dags/example_bash_operator.py
[2023-10-04T08:09:01.679+0000] {logging_mixin.py:120} INFO - [2023-10-04T08:09:01.679+0000] {dag.py:2585} INFO - Sync 1 DAGs
[2023-10-04T08:09:01.698+0000] {logging_mixin.py:120} INFO - [2023-10-04T08:09:01.698+0000] {dag.py:3340} INFO - Setting next_dagrun for example_bash_operator to 2023-10-03T00:00:00+00:00, run_after=2023-10-04T00:00:00+00:00
[2023-10-04T08:09:01.717+0000] {processor.py:176} INFO - Processing /home/airflow/.local/lib/python3.7/site-packages/airflow/example_dags/example_bash_operator.py took 0.108 seconds
[2023-10-04T08:09:31.988+0000] {processor.py:154} INFO - Started process (PID=3504) to work on /home/airflow/.local/lib/python3.7/site-packages/airflow/example_dags/example_bash_operator.py
[2023-10-04T08:09:31.991+0000] {processor.py:756} INFO - Processing file /home/airflow/.local/lib/python3.7/site-packages/airflow/example_dags/example_bash_operator.py for tasks to queue
[2023-10-04T08:09:31.993+0000] {logging_mixin.py:120} INFO - [2023-10-04T08:09:31.993+0000] {dagbag.py:537} INFO - Filling up the DagBag from /home/airflow/.local/lib/python3.7/site-packages/airflow/example_dags/example_bash_operator.py
[2023-10-04T08:09:32.015+0000] {processor.py:766} INFO - DAG(s) dict_keys(['example_bash_operator']) retrieved from /home/airflow/.local/lib/python3.7/site-packages/airflow/example_dags/example_bash_operator.py
[2023-10-04T08:09:32.053+0000] {logging_mixin.py:120} INFO - [2023-10-04T08:09:32.053+0000] {dag.py:2585} INFO - Sync 1 DAGs
[2023-10-04T08:09:32.076+0000] {logging_mixin.py:120} INFO - [2023-10-04T08:09:32.076+0000] {dag.py:3340} INFO - Setting next_dagrun for example_bash_operator to 2023-10-03T00:00:00+00:00, run_after=2023-10-04T00:00:00+00:00
[2023-10-04T08:09:32.101+0000] {processor.py:176} INFO - Processing /home/airflow/.local/lib/python3.7/site-packages/airflow/example_dags/example_bash_operator.py took 0.119 seconds
[2023-10-04T08:10:02.377+0000] {processor.py:154} INFO - Started process (PID=3571) to work on /home/airflow/.local/lib/python3.7/site-packages/airflow/example_dags/example_bash_operator.py
[2023-10-04T08:10:02.378+0000] {processor.py:756} INFO - Processing file /home/airflow/.local/lib/python3.7/site-packages/airflow/example_dags/example_bash_operator.py for tasks to queue
[2023-10-04T08:10:02.380+0000] {logging_mixin.py:120} INFO - [2023-10-04T08:10:02.380+0000] {dagbag.py:537} INFO - Filling up the DagBag from /home/airflow/.local/lib/python3.7/site-packages/airflow/example_dags/example_bash_operator.py
[2023-10-04T08:10:02.397+0000] {processor.py:766} INFO - DAG(s) dict_keys(['example_bash_operator']) retrieved from /home/airflow/.local/lib/python3.7/site-packages/airflow/example_dags/example_bash_operator.py
[2023-10-04T08:10:02.438+0000] {logging_mixin.py:120} INFO - [2023-10-04T08:10:02.438+0000] {dag.py:2585} INFO - Sync 1 DAGs
[2023-10-04T08:10:02.461+0000] {logging_mixin.py:120} INFO - [2023-10-04T08:10:02.461+0000] {dag.py:3340} INFO - Setting next_dagrun for example_bash_operator to 2023-10-03T00:00:00+00:00, run_after=2023-10-04T00:00:00+00:00
[2023-10-04T08:10:02.485+0000] {processor.py:176} INFO - Processing /home/airflow/.local/lib/python3.7/site-packages/airflow/example_dags/example_bash_operator.py took 0.116 seconds
[2023-10-04T08:11:42.870+0000] {processor.py:154} INFO - Started process (PID=88) to work on /home/airflow/.local/lib/python3.7/site-packages/airflow/example_dags/example_bash_operator.py
[2023-10-04T08:11:42.874+0000] {processor.py:756} INFO - Processing file /home/airflow/.local/lib/python3.7/site-packages/airflow/example_dags/example_bash_operator.py for tasks to queue
[2023-10-04T08:11:42.876+0000] {logging_mixin.py:120} INFO - [2023-10-04T08:11:42.876+0000] {dagbag.py:537} INFO - Filling up the DagBag from /home/airflow/.local/lib/python3.7/site-packages/airflow/example_dags/example_bash_operator.py
[2023-10-04T08:11:42.930+0000] {processor.py:766} INFO - DAG(s) dict_keys(['example_bash_operator']) retrieved from /home/airflow/.local/lib/python3.7/site-packages/airflow/example_dags/example_bash_operator.py
[2023-10-04T08:11:43.191+0000] {logging_mixin.py:120} INFO - [2023-10-04T08:11:43.190+0000] {dag.py:2585} INFO - Sync 1 DAGs
[2023-10-04T08:11:43.308+0000] {logging_mixin.py:120} INFO - [2023-10-04T08:11:43.308+0000] {dag.py:3340} INFO - Setting next_dagrun for example_bash_operator to 2023-10-03T00:00:00+00:00, run_after=2023-10-04T00:00:00+00:00
[2023-10-04T08:11:43.405+0000] {processor.py:176} INFO - Processing /home/airflow/.local/lib/python3.7/site-packages/airflow/example_dags/example_bash_operator.py took 0.539 seconds
[2023-10-04T08:12:13.668+0000] {processor.py:154} INFO - Started process (PID=147) to work on /home/airflow/.local/lib/python3.7/site-packages/airflow/example_dags/example_bash_operator.py
[2023-10-04T08:12:13.670+0000] {processor.py:756} INFO - Processing file /home/airflow/.local/lib/python3.7/site-packages/airflow/example_dags/example_bash_operator.py for tasks to queue
[2023-10-04T08:12:13.671+0000] {logging_mixin.py:120} INFO - [2023-10-04T08:12:13.671+0000] {dagbag.py:537} INFO - Filling up the DagBag from /home/airflow/.local/lib/python3.7/site-packages/airflow/example_dags/example_bash_operator.py
[2023-10-04T08:12:13.692+0000] {processor.py:766} INFO - DAG(s) dict_keys(['example_bash_operator']) retrieved from /home/airflow/.local/lib/python3.7/site-packages/airflow/example_dags/example_bash_operator.py
[2023-10-04T08:12:13.734+0000] {logging_mixin.py:120} INFO - [2023-10-04T08:12:13.734+0000] {dag.py:2585} INFO - Sync 1 DAGs
[2023-10-04T08:12:13.762+0000] {logging_mixin.py:120} INFO - [2023-10-04T08:12:13.762+0000] {dag.py:3340} INFO - Setting next_dagrun for example_bash_operator to 2023-10-03T00:00:00+00:00, run_after=2023-10-04T00:00:00+00:00
[2023-10-04T08:12:13.785+0000] {processor.py:176} INFO - Processing /home/airflow/.local/lib/python3.7/site-packages/airflow/example_dags/example_bash_operator.py took 0.120 seconds
[2023-10-04T08:12:44.550+0000] {processor.py:154} INFO - Started process (PID=217) to work on /home/airflow/.local/lib/python3.7/site-packages/airflow/example_dags/example_bash_operator.py
[2023-10-04T08:12:44.557+0000] {processor.py:756} INFO - Processing file /home/airflow/.local/lib/python3.7/site-packages/airflow/example_dags/example_bash_operator.py for tasks to queue
[2023-10-04T08:12:44.559+0000] {logging_mixin.py:120} INFO - [2023-10-04T08:12:44.558+0000] {dagbag.py:537} INFO - Filling up the DagBag from /home/airflow/.local/lib/python3.7/site-packages/airflow/example_dags/example_bash_operator.py
[2023-10-04T08:12:44.579+0000] {processor.py:766} INFO - DAG(s) dict_keys(['example_bash_operator']) retrieved from /home/airflow/.local/lib/python3.7/site-packages/airflow/example_dags/example_bash_operator.py
[2023-10-04T08:12:44.628+0000] {logging_mixin.py:120} INFO - [2023-10-04T08:12:44.628+0000] {dag.py:2585} INFO - Sync 1 DAGs
[2023-10-04T08:12:44.657+0000] {logging_mixin.py:120} INFO - [2023-10-04T08:12:44.657+0000] {dag.py:3340} INFO - Setting next_dagrun for example_bash_operator to 2023-10-03T00:00:00+00:00, run_after=2023-10-04T00:00:00+00:00
[2023-10-04T08:12:44.680+0000] {processor.py:176} INFO - Processing /home/airflow/.local/lib/python3.7/site-packages/airflow/example_dags/example_bash_operator.py took 0.134 seconds
[2023-10-04T08:13:15.016+0000] {processor.py:154} INFO - Started process (PID=285) to work on /home/airflow/.local/lib/python3.7/site-packages/airflow/example_dags/example_bash_operator.py
[2023-10-04T08:13:15.019+0000] {processor.py:756} INFO - Processing file /home/airflow/.local/lib/python3.7/site-packages/airflow/example_dags/example_bash_operator.py for tasks to queue
[2023-10-04T08:13:15.021+0000] {logging_mixin.py:120} INFO - [2023-10-04T08:13:15.021+0000] {dagbag.py:537} INFO - Filling up the DagBag from /home/airflow/.local/lib/python3.7/site-packages/airflow/example_dags/example_bash_operator.py
[2023-10-04T08:13:15.046+0000] {processor.py:766} INFO - DAG(s) dict_keys(['example_bash_operator']) retrieved from /home/airflow/.local/lib/python3.7/site-packages/airflow/example_dags/example_bash_operator.py
[2023-10-04T08:13:15.094+0000] {logging_mixin.py:120} INFO - [2023-10-04T08:13:15.094+0000] {dag.py:2585} INFO - Sync 1 DAGs
[2023-10-04T08:13:15.119+0000] {logging_mixin.py:120} INFO - [2023-10-04T08:13:15.119+0000] {dag.py:3340} INFO - Setting next_dagrun for example_bash_operator to 2023-10-03T00:00:00+00:00, run_after=2023-10-04T00:00:00+00:00
[2023-10-04T08:13:15.137+0000] {processor.py:176} INFO - Processing /home/airflow/.local/lib/python3.7/site-packages/airflow/example_dags/example_bash_operator.py took 0.128 seconds
[2023-10-04T08:13:45.727+0000] {processor.py:154} INFO - Started process (PID=353) to work on /home/airflow/.local/lib/python3.7/site-packages/airflow/example_dags/example_bash_operator.py
[2023-10-04T08:13:45.728+0000] {processor.py:756} INFO - Processing file /home/airflow/.local/lib/python3.7/site-packages/airflow/example_dags/example_bash_operator.py for tasks to queue
[2023-10-04T08:13:45.730+0000] {logging_mixin.py:120} INFO - [2023-10-04T08:13:45.730+0000] {dagbag.py:537} INFO - Filling up the DagBag from /home/airflow/.local/lib/python3.7/site-packages/airflow/example_dags/example_bash_operator.py
[2023-10-04T08:13:45.750+0000] {processor.py:766} INFO - DAG(s) dict_keys(['example_bash_operator']) retrieved from /home/airflow/.local/lib/python3.7/site-packages/airflow/example_dags/example_bash_operator.py
[2023-10-04T08:13:45.792+0000] {logging_mixin.py:120} INFO - [2023-10-04T08:13:45.791+0000] {dag.py:2585} INFO - Sync 1 DAGs
[2023-10-04T08:13:45.815+0000] {logging_mixin.py:120} INFO - [2023-10-04T08:13:45.815+0000] {dag.py:3340} INFO - Setting next_dagrun for example_bash_operator to 2023-10-03T00:00:00+00:00, run_after=2023-10-04T00:00:00+00:00
[2023-10-04T08:13:45.835+0000] {processor.py:176} INFO - Processing /home/airflow/.local/lib/python3.7/site-packages/airflow/example_dags/example_bash_operator.py took 0.111 seconds
[2023-10-04T08:14:16.191+0000] {processor.py:154} INFO - Started process (PID=412) to work on /home/airflow/.local/lib/python3.7/site-packages/airflow/example_dags/example_bash_operator.py
[2023-10-04T08:14:16.192+0000] {processor.py:756} INFO - Processing file /home/airflow/.local/lib/python3.7/site-packages/airflow/example_dags/example_bash_operator.py for tasks to queue
[2023-10-04T08:14:16.194+0000] {logging_mixin.py:120} INFO - [2023-10-04T08:14:16.193+0000] {dagbag.py:537} INFO - Filling up the DagBag from /home/airflow/.local/lib/python3.7/site-packages/airflow/example_dags/example_bash_operator.py
[2023-10-04T08:14:16.211+0000] {processor.py:766} INFO - DAG(s) dict_keys(['example_bash_operator']) retrieved from /home/airflow/.local/lib/python3.7/site-packages/airflow/example_dags/example_bash_operator.py
[2023-10-04T08:14:16.253+0000] {logging_mixin.py:120} INFO - [2023-10-04T08:14:16.253+0000] {dag.py:2585} INFO - Sync 1 DAGs
[2023-10-04T08:14:16.276+0000] {logging_mixin.py:120} INFO - [2023-10-04T08:14:16.276+0000] {dag.py:3340} INFO - Setting next_dagrun for example_bash_operator to 2023-10-03T00:00:00+00:00, run_after=2023-10-04T00:00:00+00:00
[2023-10-04T08:14:16.294+0000] {processor.py:176} INFO - Processing /home/airflow/.local/lib/python3.7/site-packages/airflow/example_dags/example_bash_operator.py took 0.106 seconds
[2023-10-04T08:14:46.694+0000] {processor.py:154} INFO - Started process (PID=480) to work on /home/airflow/.local/lib/python3.7/site-packages/airflow/example_dags/example_bash_operator.py
[2023-10-04T08:14:46.696+0000] {processor.py:756} INFO - Processing file /home/airflow/.local/lib/python3.7/site-packages/airflow/example_dags/example_bash_operator.py for tasks to queue
[2023-10-04T08:14:46.698+0000] {logging_mixin.py:120} INFO - [2023-10-04T08:14:46.698+0000] {dagbag.py:537} INFO - Filling up the DagBag from /home/airflow/.local/lib/python3.7/site-packages/airflow/example_dags/example_bash_operator.py
[2023-10-04T08:14:46.728+0000] {processor.py:766} INFO - DAG(s) dict_keys(['example_bash_operator']) retrieved from /home/airflow/.local/lib/python3.7/site-packages/airflow/example_dags/example_bash_operator.py
[2023-10-04T08:14:46.780+0000] {logging_mixin.py:120} INFO - [2023-10-04T08:14:46.780+0000] {dag.py:2585} INFO - Sync 1 DAGs
[2023-10-04T08:14:46.809+0000] {logging_mixin.py:120} INFO - [2023-10-04T08:14:46.809+0000] {dag.py:3340} INFO - Setting next_dagrun for example_bash_operator to 2023-10-03T00:00:00+00:00, run_after=2023-10-04T00:00:00+00:00
[2023-10-04T08:14:46.839+0000] {processor.py:176} INFO - Processing /home/airflow/.local/lib/python3.7/site-packages/airflow/example_dags/example_bash_operator.py took 0.150 seconds
[2023-10-04T08:15:17.516+0000] {processor.py:154} INFO - Started process (PID=548) to work on /home/airflow/.local/lib/python3.7/site-packages/airflow/example_dags/example_bash_operator.py
[2023-10-04T08:15:17.518+0000] {processor.py:756} INFO - Processing file /home/airflow/.local/lib/python3.7/site-packages/airflow/example_dags/example_bash_operator.py for tasks to queue
[2023-10-04T08:15:17.521+0000] {logging_mixin.py:120} INFO - [2023-10-04T08:15:17.520+0000] {dagbag.py:537} INFO - Filling up the DagBag from /home/airflow/.local/lib/python3.7/site-packages/airflow/example_dags/example_bash_operator.py
[2023-10-04T08:15:17.546+0000] {processor.py:766} INFO - DAG(s) dict_keys(['example_bash_operator']) retrieved from /home/airflow/.local/lib/python3.7/site-packages/airflow/example_dags/example_bash_operator.py
[2023-10-04T08:15:17.594+0000] {logging_mixin.py:120} INFO - [2023-10-04T08:15:17.594+0000] {dag.py:2585} INFO - Sync 1 DAGs
[2023-10-04T08:15:17.623+0000] {logging_mixin.py:120} INFO - [2023-10-04T08:15:17.623+0000] {dag.py:3340} INFO - Setting next_dagrun for example_bash_operator to 2023-10-03T00:00:00+00:00, run_after=2023-10-04T00:00:00+00:00
[2023-10-04T08:15:17.651+0000] {processor.py:176} INFO - Processing /home/airflow/.local/lib/python3.7/site-packages/airflow/example_dags/example_bash_operator.py took 0.139 seconds
[2023-10-04T08:15:48.307+0000] {processor.py:154} INFO - Started process (PID=616) to work on /home/airflow/.local/lib/python3.7/site-packages/airflow/example_dags/example_bash_operator.py
[2023-10-04T08:15:48.309+0000] {processor.py:756} INFO - Processing file /home/airflow/.local/lib/python3.7/site-packages/airflow/example_dags/example_bash_operator.py for tasks to queue
[2023-10-04T08:15:48.311+0000] {logging_mixin.py:120} INFO - [2023-10-04T08:15:48.311+0000] {dagbag.py:537} INFO - Filling up the DagBag from /home/airflow/.local/lib/python3.7/site-packages/airflow/example_dags/example_bash_operator.py
[2023-10-04T08:15:48.343+0000] {processor.py:766} INFO - DAG(s) dict_keys(['example_bash_operator']) retrieved from /home/airflow/.local/lib/python3.7/site-packages/airflow/example_dags/example_bash_operator.py
[2023-10-04T08:15:48.399+0000] {logging_mixin.py:120} INFO - [2023-10-04T08:15:48.398+0000] {dag.py:2585} INFO - Sync 1 DAGs
[2023-10-04T08:15:48.434+0000] {logging_mixin.py:120} INFO - [2023-10-04T08:15:48.434+0000] {dag.py:3340} INFO - Setting next_dagrun for example_bash_operator to 2023-10-03T00:00:00+00:00, run_after=2023-10-04T00:00:00+00:00
[2023-10-04T08:15:48.480+0000] {processor.py:176} INFO - Processing /home/airflow/.local/lib/python3.7/site-packages/airflow/example_dags/example_bash_operator.py took 0.178 seconds
[2023-10-04T08:16:18.536+0000] {processor.py:154} INFO - Started process (PID=675) to work on /home/airflow/.local/lib/python3.7/site-packages/airflow/example_dags/example_bash_operator.py
[2023-10-04T08:16:18.537+0000] {processor.py:756} INFO - Processing file /home/airflow/.local/lib/python3.7/site-packages/airflow/example_dags/example_bash_operator.py for tasks to queue
[2023-10-04T08:16:18.538+0000] {logging_mixin.py:120} INFO - [2023-10-04T08:16:18.538+0000] {dagbag.py:537} INFO - Filling up the DagBag from /home/airflow/.local/lib/python3.7/site-packages/airflow/example_dags/example_bash_operator.py
[2023-10-04T08:16:18.556+0000] {processor.py:766} INFO - DAG(s) dict_keys(['example_bash_operator']) retrieved from /home/airflow/.local/lib/python3.7/site-packages/airflow/example_dags/example_bash_operator.py
[2023-10-04T08:16:18.596+0000] {logging_mixin.py:120} INFO - [2023-10-04T08:16:18.595+0000] {dag.py:2585} INFO - Sync 1 DAGs
[2023-10-04T08:16:18.618+0000] {logging_mixin.py:120} INFO - [2023-10-04T08:16:18.618+0000] {dag.py:3340} INFO - Setting next_dagrun for example_bash_operator to 2023-10-03T00:00:00+00:00, run_after=2023-10-04T00:00:00+00:00
[2023-10-04T08:16:18.642+0000] {processor.py:176} INFO - Processing /home/airflow/.local/lib/python3.7/site-packages/airflow/example_dags/example_bash_operator.py took 0.109 seconds
[2023-10-04T08:16:49.564+0000] {processor.py:154} INFO - Started process (PID=744) to work on /home/airflow/.local/lib/python3.7/site-packages/airflow/example_dags/example_bash_operator.py
[2023-10-04T08:16:49.565+0000] {processor.py:756} INFO - Processing file /home/airflow/.local/lib/python3.7/site-packages/airflow/example_dags/example_bash_operator.py for tasks to queue
[2023-10-04T08:16:49.567+0000] {logging_mixin.py:120} INFO - [2023-10-04T08:16:49.566+0000] {dagbag.py:537} INFO - Filling up the DagBag from /home/airflow/.local/lib/python3.7/site-packages/airflow/example_dags/example_bash_operator.py
[2023-10-04T08:16:49.590+0000] {processor.py:766} INFO - DAG(s) dict_keys(['example_bash_operator']) retrieved from /home/airflow/.local/lib/python3.7/site-packages/airflow/example_dags/example_bash_operator.py
[2023-10-04T08:16:49.649+0000] {logging_mixin.py:120} INFO - [2023-10-04T08:16:49.649+0000] {dag.py:2585} INFO - Sync 1 DAGs
[2023-10-04T08:16:49.685+0000] {logging_mixin.py:120} INFO - [2023-10-04T08:16:49.685+0000] {dag.py:3340} INFO - Setting next_dagrun for example_bash_operator to 2023-10-03T00:00:00+00:00, run_after=2023-10-04T00:00:00+00:00
[2023-10-04T08:16:49.717+0000] {processor.py:176} INFO - Processing /home/airflow/.local/lib/python3.7/site-packages/airflow/example_dags/example_bash_operator.py took 0.157 seconds
[2023-10-04T08:17:20.227+0000] {processor.py:154} INFO - Started process (PID=811) to work on /home/airflow/.local/lib/python3.7/site-packages/airflow/example_dags/example_bash_operator.py
[2023-10-04T08:17:20.229+0000] {processor.py:756} INFO - Processing file /home/airflow/.local/lib/python3.7/site-packages/airflow/example_dags/example_bash_operator.py for tasks to queue
[2023-10-04T08:17:20.232+0000] {logging_mixin.py:120} INFO - [2023-10-04T08:17:20.231+0000] {dagbag.py:537} INFO - Filling up the DagBag from /home/airflow/.local/lib/python3.7/site-packages/airflow/example_dags/example_bash_operator.py
[2023-10-04T08:17:20.255+0000] {processor.py:766} INFO - DAG(s) dict_keys(['example_bash_operator']) retrieved from /home/airflow/.local/lib/python3.7/site-packages/airflow/example_dags/example_bash_operator.py
[2023-10-04T08:17:20.310+0000] {logging_mixin.py:120} INFO - [2023-10-04T08:17:20.309+0000] {dag.py:2585} INFO - Sync 1 DAGs
[2023-10-04T08:17:20.342+0000] {logging_mixin.py:120} INFO - [2023-10-04T08:17:20.341+0000] {dag.py:3340} INFO - Setting next_dagrun for example_bash_operator to 2023-10-03T00:00:00+00:00, run_after=2023-10-04T00:00:00+00:00
[2023-10-04T08:17:20.371+0000] {processor.py:176} INFO - Processing /home/airflow/.local/lib/python3.7/site-packages/airflow/example_dags/example_bash_operator.py took 0.148 seconds
[2023-10-04T08:17:50.743+0000] {processor.py:154} INFO - Started process (PID=869) to work on /home/airflow/.local/lib/python3.7/site-packages/airflow/example_dags/example_bash_operator.py
[2023-10-04T08:17:50.746+0000] {processor.py:756} INFO - Processing file /home/airflow/.local/lib/python3.7/site-packages/airflow/example_dags/example_bash_operator.py for tasks to queue
[2023-10-04T08:17:50.747+0000] {logging_mixin.py:120} INFO - [2023-10-04T08:17:50.747+0000] {dagbag.py:537} INFO - Filling up the DagBag from /home/airflow/.local/lib/python3.7/site-packages/airflow/example_dags/example_bash_operator.py
[2023-10-04T08:17:50.770+0000] {processor.py:766} INFO - DAG(s) dict_keys(['example_bash_operator']) retrieved from /home/airflow/.local/lib/python3.7/site-packages/airflow/example_dags/example_bash_operator.py
[2023-10-04T08:17:50.845+0000] {logging_mixin.py:120} INFO - [2023-10-04T08:17:50.845+0000] {dag.py:2585} INFO - Sync 1 DAGs
[2023-10-04T08:17:50.887+0000] {logging_mixin.py:120} INFO - [2023-10-04T08:17:50.886+0000] {dag.py:3340} INFO - Setting next_dagrun for example_bash_operator to 2023-10-03T00:00:00+00:00, run_after=2023-10-04T00:00:00+00:00
[2023-10-04T08:17:50.931+0000] {processor.py:176} INFO - Processing /home/airflow/.local/lib/python3.7/site-packages/airflow/example_dags/example_bash_operator.py took 0.192 seconds
[2023-10-04T08:18:21.721+0000] {processor.py:154} INFO - Started process (PID=938) to work on /home/airflow/.local/lib/python3.7/site-packages/airflow/example_dags/example_bash_operator.py
[2023-10-04T08:18:21.723+0000] {processor.py:756} INFO - Processing file /home/airflow/.local/lib/python3.7/site-packages/airflow/example_dags/example_bash_operator.py for tasks to queue
[2023-10-04T08:18:21.725+0000] {logging_mixin.py:120} INFO - [2023-10-04T08:18:21.725+0000] {dagbag.py:537} INFO - Filling up the DagBag from /home/airflow/.local/lib/python3.7/site-packages/airflow/example_dags/example_bash_operator.py
[2023-10-04T08:18:21.757+0000] {processor.py:766} INFO - DAG(s) dict_keys(['example_bash_operator']) retrieved from /home/airflow/.local/lib/python3.7/site-packages/airflow/example_dags/example_bash_operator.py
[2023-10-04T08:18:21.814+0000] {logging_mixin.py:120} INFO - [2023-10-04T08:18:21.813+0000] {dag.py:2585} INFO - Sync 1 DAGs
[2023-10-04T08:18:21.850+0000] {logging_mixin.py:120} INFO - [2023-10-04T08:18:21.850+0000] {dag.py:3340} INFO - Setting next_dagrun for example_bash_operator to 2023-10-03T00:00:00+00:00, run_after=2023-10-04T00:00:00+00:00
[2023-10-04T08:18:21.893+0000] {processor.py:176} INFO - Processing /home/airflow/.local/lib/python3.7/site-packages/airflow/example_dags/example_bash_operator.py took 0.178 seconds
[2023-10-04T08:18:53.265+0000] {processor.py:154} INFO - Started process (PID=1006) to work on /home/airflow/.local/lib/python3.7/site-packages/airflow/example_dags/example_bash_operator.py
[2023-10-04T08:18:53.269+0000] {processor.py:756} INFO - Processing file /home/airflow/.local/lib/python3.7/site-packages/airflow/example_dags/example_bash_operator.py for tasks to queue
[2023-10-04T08:18:53.270+0000] {logging_mixin.py:120} INFO - [2023-10-04T08:18:53.270+0000] {dagbag.py:537} INFO - Filling up the DagBag from /home/airflow/.local/lib/python3.7/site-packages/airflow/example_dags/example_bash_operator.py
[2023-10-04T08:18:53.306+0000] {processor.py:766} INFO - DAG(s) dict_keys(['example_bash_operator']) retrieved from /home/airflow/.local/lib/python3.7/site-packages/airflow/example_dags/example_bash_operator.py
[2023-10-04T08:18:53.400+0000] {logging_mixin.py:120} INFO - [2023-10-04T08:18:53.400+0000] {dag.py:2585} INFO - Sync 1 DAGs
[2023-10-04T08:18:53.433+0000] {logging_mixin.py:120} INFO - [2023-10-04T08:18:53.433+0000] {dag.py:3340} INFO - Setting next_dagrun for example_bash_operator to 2023-10-03T00:00:00+00:00, run_after=2023-10-04T00:00:00+00:00
[2023-10-04T08:18:53.465+0000] {processor.py:176} INFO - Processing /home/airflow/.local/lib/python3.7/site-packages/airflow/example_dags/example_bash_operator.py took 0.212 seconds
[2023-10-04T08:19:23.727+0000] {processor.py:154} INFO - Started process (PID=1065) to work on /home/airflow/.local/lib/python3.7/site-packages/airflow/example_dags/example_bash_operator.py
[2023-10-04T08:19:23.730+0000] {processor.py:756} INFO - Processing file /home/airflow/.local/lib/python3.7/site-packages/airflow/example_dags/example_bash_operator.py for tasks to queue
[2023-10-04T08:19:23.736+0000] {logging_mixin.py:120} INFO - [2023-10-04T08:19:23.735+0000] {dagbag.py:537} INFO - Filling up the DagBag from /home/airflow/.local/lib/python3.7/site-packages/airflow/example_dags/example_bash_operator.py
[2023-10-04T08:19:23.810+0000] {processor.py:766} INFO - DAG(s) dict_keys(['example_bash_operator']) retrieved from /home/airflow/.local/lib/python3.7/site-packages/airflow/example_dags/example_bash_operator.py
[2023-10-04T08:19:23.894+0000] {logging_mixin.py:120} INFO - [2023-10-04T08:19:23.893+0000] {dag.py:2585} INFO - Sync 1 DAGs
[2023-10-04T08:19:23.930+0000] {logging_mixin.py:120} INFO - [2023-10-04T08:19:23.930+0000] {dag.py:3340} INFO - Setting next_dagrun for example_bash_operator to 2023-10-03T00:00:00+00:00, run_after=2023-10-04T00:00:00+00:00
[2023-10-04T08:19:23.967+0000] {processor.py:176} INFO - Processing /home/airflow/.local/lib/python3.7/site-packages/airflow/example_dags/example_bash_operator.py took 0.245 seconds
[2023-10-04T08:19:54.706+0000] {processor.py:154} INFO - Started process (PID=1133) to work on /home/airflow/.local/lib/python3.7/site-packages/airflow/example_dags/example_bash_operator.py
[2023-10-04T08:19:54.710+0000] {processor.py:756} INFO - Processing file /home/airflow/.local/lib/python3.7/site-packages/airflow/example_dags/example_bash_operator.py for tasks to queue
[2023-10-04T08:19:54.713+0000] {logging_mixin.py:120} INFO - [2023-10-04T08:19:54.712+0000] {dagbag.py:537} INFO - Filling up the DagBag from /home/airflow/.local/lib/python3.7/site-packages/airflow/example_dags/example_bash_operator.py
[2023-10-04T08:19:54.744+0000] {processor.py:766} INFO - DAG(s) dict_keys(['example_bash_operator']) retrieved from /home/airflow/.local/lib/python3.7/site-packages/airflow/example_dags/example_bash_operator.py
[2023-10-04T08:19:54.799+0000] {logging_mixin.py:120} INFO - [2023-10-04T08:19:54.799+0000] {dag.py:2585} INFO - Sync 1 DAGs
[2023-10-04T08:19:54.835+0000] {logging_mixin.py:120} INFO - [2023-10-04T08:19:54.835+0000] {dag.py:3340} INFO - Setting next_dagrun for example_bash_operator to 2023-10-03T00:00:00+00:00, run_after=2023-10-04T00:00:00+00:00
[2023-10-04T08:19:54.879+0000] {processor.py:176} INFO - Processing /home/airflow/.local/lib/python3.7/site-packages/airflow/example_dags/example_bash_operator.py took 0.178 seconds
