[2023-10-04T07:42:32.290+0000] {processor.py:154} INFO - Started process (PID=80) to work on /home/airflow/.local/lib/python3.7/site-packages/airflow/example_dags/example_nested_branch_dag.py
[2023-10-04T07:42:32.293+0000] {processor.py:756} INFO - Processing file /home/airflow/.local/lib/python3.7/site-packages/airflow/example_dags/example_nested_branch_dag.py for tasks to queue
[2023-10-04T07:42:32.294+0000] {logging_mixin.py:120} INFO - [2023-10-04T07:42:32.294+0000] {dagbag.py:537} INFO - Filling up the DagBag from /home/airflow/.local/lib/python3.7/site-packages/airflow/example_dags/example_nested_branch_dag.py
[2023-10-04T07:42:32.324+0000] {processor.py:766} INFO - DAG(s) dict_keys(['example_nested_branch_dag']) retrieved from /home/airflow/.local/lib/python3.7/site-packages/airflow/example_dags/example_nested_branch_dag.py
[2023-10-04T07:42:32.393+0000] {logging_mixin.py:120} INFO - [2023-10-04T07:42:32.393+0000] {dag.py:2585} INFO - Sync 1 DAGs
[2023-10-04T07:42:32.445+0000] {logging_mixin.py:120} INFO - [2023-10-04T07:42:32.444+0000] {dag.py:3340} INFO - Setting next_dagrun for example_nested_branch_dag to 2023-10-03T00:00:00+00:00, run_after=2023-10-04T00:00:00+00:00
[2023-10-04T07:42:32.546+0000] {processor.py:176} INFO - Processing /home/airflow/.local/lib/python3.7/site-packages/airflow/example_dags/example_nested_branch_dag.py took 0.259 seconds
[2023-10-04T07:43:03.106+0000] {processor.py:154} INFO - Started process (PID=138) to work on /home/airflow/.local/lib/python3.7/site-packages/airflow/example_dags/example_nested_branch_dag.py
[2023-10-04T07:43:03.110+0000] {processor.py:756} INFO - Processing file /home/airflow/.local/lib/python3.7/site-packages/airflow/example_dags/example_nested_branch_dag.py for tasks to queue
[2023-10-04T07:43:03.113+0000] {logging_mixin.py:120} INFO - [2023-10-04T07:43:03.113+0000] {dagbag.py:537} INFO - Filling up the DagBag from /home/airflow/.local/lib/python3.7/site-packages/airflow/example_dags/example_nested_branch_dag.py
[2023-10-04T07:43:03.150+0000] {processor.py:766} INFO - DAG(s) dict_keys(['example_nested_branch_dag']) retrieved from /home/airflow/.local/lib/python3.7/site-packages/airflow/example_dags/example_nested_branch_dag.py
[2023-10-04T07:43:03.195+0000] {logging_mixin.py:120} INFO - [2023-10-04T07:43:03.195+0000] {dag.py:2585} INFO - Sync 1 DAGs
[2023-10-04T07:43:03.221+0000] {logging_mixin.py:120} INFO - [2023-10-04T07:43:03.221+0000] {dag.py:3340} INFO - Setting next_dagrun for example_nested_branch_dag to 2023-10-03T00:00:00+00:00, run_after=2023-10-04T00:00:00+00:00
[2023-10-04T07:43:03.249+0000] {processor.py:176} INFO - Processing /home/airflow/.local/lib/python3.7/site-packages/airflow/example_dags/example_nested_branch_dag.py took 0.149 seconds
[2023-10-04T07:43:34.125+0000] {processor.py:154} INFO - Started process (PID=206) to work on /home/airflow/.local/lib/python3.7/site-packages/airflow/example_dags/example_nested_branch_dag.py
[2023-10-04T07:43:34.128+0000] {processor.py:756} INFO - Processing file /home/airflow/.local/lib/python3.7/site-packages/airflow/example_dags/example_nested_branch_dag.py for tasks to queue
[2023-10-04T07:43:34.130+0000] {logging_mixin.py:120} INFO - [2023-10-04T07:43:34.130+0000] {dagbag.py:537} INFO - Filling up the DagBag from /home/airflow/.local/lib/python3.7/site-packages/airflow/example_dags/example_nested_branch_dag.py
[2023-10-04T07:43:34.170+0000] {processor.py:766} INFO - DAG(s) dict_keys(['example_nested_branch_dag']) retrieved from /home/airflow/.local/lib/python3.7/site-packages/airflow/example_dags/example_nested_branch_dag.py
[2023-10-04T07:43:34.235+0000] {logging_mixin.py:120} INFO - [2023-10-04T07:43:34.234+0000] {dag.py:2585} INFO - Sync 1 DAGs
[2023-10-04T07:43:34.260+0000] {logging_mixin.py:120} INFO - [2023-10-04T07:43:34.260+0000] {dag.py:3340} INFO - Setting next_dagrun for example_nested_branch_dag to 2023-10-03T00:00:00+00:00, run_after=2023-10-04T00:00:00+00:00
[2023-10-04T07:43:34.299+0000] {processor.py:176} INFO - Processing /home/airflow/.local/lib/python3.7/site-packages/airflow/example_dags/example_nested_branch_dag.py took 0.179 seconds
[2023-10-04T07:44:04.799+0000] {processor.py:154} INFO - Started process (PID=273) to work on /home/airflow/.local/lib/python3.7/site-packages/airflow/example_dags/example_nested_branch_dag.py
[2023-10-04T07:44:04.800+0000] {processor.py:756} INFO - Processing file /home/airflow/.local/lib/python3.7/site-packages/airflow/example_dags/example_nested_branch_dag.py for tasks to queue
[2023-10-04T07:44:04.801+0000] {logging_mixin.py:120} INFO - [2023-10-04T07:44:04.801+0000] {dagbag.py:537} INFO - Filling up the DagBag from /home/airflow/.local/lib/python3.7/site-packages/airflow/example_dags/example_nested_branch_dag.py
[2023-10-04T07:44:04.824+0000] {processor.py:766} INFO - DAG(s) dict_keys(['example_nested_branch_dag']) retrieved from /home/airflow/.local/lib/python3.7/site-packages/airflow/example_dags/example_nested_branch_dag.py
[2023-10-04T07:44:04.862+0000] {logging_mixin.py:120} INFO - [2023-10-04T07:44:04.861+0000] {dag.py:2585} INFO - Sync 1 DAGs
[2023-10-04T07:44:04.887+0000] {logging_mixin.py:120} INFO - [2023-10-04T07:44:04.887+0000] {dag.py:3340} INFO - Setting next_dagrun for example_nested_branch_dag to 2023-10-03T00:00:00+00:00, run_after=2023-10-04T00:00:00+00:00
[2023-10-04T07:44:04.910+0000] {processor.py:176} INFO - Processing /home/airflow/.local/lib/python3.7/site-packages/airflow/example_dags/example_nested_branch_dag.py took 0.114 seconds
[2023-10-04T07:44:35.425+0000] {processor.py:154} INFO - Started process (PID=331) to work on /home/airflow/.local/lib/python3.7/site-packages/airflow/example_dags/example_nested_branch_dag.py
[2023-10-04T07:44:35.427+0000] {processor.py:756} INFO - Processing file /home/airflow/.local/lib/python3.7/site-packages/airflow/example_dags/example_nested_branch_dag.py for tasks to queue
[2023-10-04T07:44:35.428+0000] {logging_mixin.py:120} INFO - [2023-10-04T07:44:35.428+0000] {dagbag.py:537} INFO - Filling up the DagBag from /home/airflow/.local/lib/python3.7/site-packages/airflow/example_dags/example_nested_branch_dag.py
[2023-10-04T07:44:35.450+0000] {processor.py:766} INFO - DAG(s) dict_keys(['example_nested_branch_dag']) retrieved from /home/airflow/.local/lib/python3.7/site-packages/airflow/example_dags/example_nested_branch_dag.py
[2023-10-04T07:44:35.487+0000] {logging_mixin.py:120} INFO - [2023-10-04T07:44:35.487+0000] {dag.py:2585} INFO - Sync 1 DAGs
[2023-10-04T07:44:35.509+0000] {logging_mixin.py:120} INFO - [2023-10-04T07:44:35.508+0000] {dag.py:3340} INFO - Setting next_dagrun for example_nested_branch_dag to 2023-10-03T00:00:00+00:00, run_after=2023-10-04T00:00:00+00:00
[2023-10-04T07:44:35.531+0000] {processor.py:176} INFO - Processing /home/airflow/.local/lib/python3.7/site-packages/airflow/example_dags/example_nested_branch_dag.py took 0.111 seconds
[2023-10-04T07:45:05.990+0000] {processor.py:154} INFO - Started process (PID=398) to work on /home/airflow/.local/lib/python3.7/site-packages/airflow/example_dags/example_nested_branch_dag.py
[2023-10-04T07:45:05.992+0000] {processor.py:756} INFO - Processing file /home/airflow/.local/lib/python3.7/site-packages/airflow/example_dags/example_nested_branch_dag.py for tasks to queue
[2023-10-04T07:45:05.993+0000] {logging_mixin.py:120} INFO - [2023-10-04T07:45:05.993+0000] {dagbag.py:537} INFO - Filling up the DagBag from /home/airflow/.local/lib/python3.7/site-packages/airflow/example_dags/example_nested_branch_dag.py
[2023-10-04T07:45:06.013+0000] {processor.py:766} INFO - DAG(s) dict_keys(['example_nested_branch_dag']) retrieved from /home/airflow/.local/lib/python3.7/site-packages/airflow/example_dags/example_nested_branch_dag.py
[2023-10-04T07:45:06.077+0000] {logging_mixin.py:120} INFO - [2023-10-04T07:45:06.077+0000] {dag.py:2585} INFO - Sync 1 DAGs
[2023-10-04T07:45:06.101+0000] {logging_mixin.py:120} INFO - [2023-10-04T07:45:06.101+0000] {dag.py:3340} INFO - Setting next_dagrun for example_nested_branch_dag to 2023-10-03T00:00:00+00:00, run_after=2023-10-04T00:00:00+00:00
[2023-10-04T07:45:06.122+0000] {processor.py:176} INFO - Processing /home/airflow/.local/lib/python3.7/site-packages/airflow/example_dags/example_nested_branch_dag.py took 0.134 seconds
[2023-10-04T07:45:36.693+0000] {processor.py:154} INFO - Started process (PID=465) to work on /home/airflow/.local/lib/python3.7/site-packages/airflow/example_dags/example_nested_branch_dag.py
[2023-10-04T07:45:36.694+0000] {processor.py:756} INFO - Processing file /home/airflow/.local/lib/python3.7/site-packages/airflow/example_dags/example_nested_branch_dag.py for tasks to queue
[2023-10-04T07:45:36.696+0000] {logging_mixin.py:120} INFO - [2023-10-04T07:45:36.695+0000] {dagbag.py:537} INFO - Filling up the DagBag from /home/airflow/.local/lib/python3.7/site-packages/airflow/example_dags/example_nested_branch_dag.py
[2023-10-04T07:45:36.715+0000] {processor.py:766} INFO - DAG(s) dict_keys(['example_nested_branch_dag']) retrieved from /home/airflow/.local/lib/python3.7/site-packages/airflow/example_dags/example_nested_branch_dag.py
[2023-10-04T07:45:36.759+0000] {logging_mixin.py:120} INFO - [2023-10-04T07:45:36.759+0000] {dag.py:2585} INFO - Sync 1 DAGs
[2023-10-04T07:45:36.784+0000] {logging_mixin.py:120} INFO - [2023-10-04T07:45:36.784+0000] {dag.py:3340} INFO - Setting next_dagrun for example_nested_branch_dag to 2023-10-03T00:00:00+00:00, run_after=2023-10-04T00:00:00+00:00
[2023-10-04T07:45:36.807+0000] {processor.py:176} INFO - Processing /home/airflow/.local/lib/python3.7/site-packages/airflow/example_dags/example_nested_branch_dag.py took 0.117 seconds
[2023-10-04T07:46:06.971+0000] {processor.py:154} INFO - Started process (PID=532) to work on /home/airflow/.local/lib/python3.7/site-packages/airflow/example_dags/example_nested_branch_dag.py
[2023-10-04T07:46:06.973+0000] {processor.py:756} INFO - Processing file /home/airflow/.local/lib/python3.7/site-packages/airflow/example_dags/example_nested_branch_dag.py for tasks to queue
[2023-10-04T07:46:06.974+0000] {logging_mixin.py:120} INFO - [2023-10-04T07:46:06.974+0000] {dagbag.py:537} INFO - Filling up the DagBag from /home/airflow/.local/lib/python3.7/site-packages/airflow/example_dags/example_nested_branch_dag.py
[2023-10-04T07:46:07.002+0000] {processor.py:766} INFO - DAG(s) dict_keys(['example_nested_branch_dag']) retrieved from /home/airflow/.local/lib/python3.7/site-packages/airflow/example_dags/example_nested_branch_dag.py
[2023-10-04T07:46:07.051+0000] {logging_mixin.py:120} INFO - [2023-10-04T07:46:07.051+0000] {dag.py:2585} INFO - Sync 1 DAGs
[2023-10-04T07:46:07.074+0000] {logging_mixin.py:120} INFO - [2023-10-04T07:46:07.074+0000] {dag.py:3340} INFO - Setting next_dagrun for example_nested_branch_dag to 2023-10-03T00:00:00+00:00, run_after=2023-10-04T00:00:00+00:00
[2023-10-04T07:46:07.097+0000] {processor.py:176} INFO - Processing /home/airflow/.local/lib/python3.7/site-packages/airflow/example_dags/example_nested_branch_dag.py took 0.129 seconds
[2023-10-04T07:46:37.296+0000] {processor.py:154} INFO - Started process (PID=590) to work on /home/airflow/.local/lib/python3.7/site-packages/airflow/example_dags/example_nested_branch_dag.py
[2023-10-04T07:46:37.297+0000] {processor.py:756} INFO - Processing file /home/airflow/.local/lib/python3.7/site-packages/airflow/example_dags/example_nested_branch_dag.py for tasks to queue
[2023-10-04T07:46:37.299+0000] {logging_mixin.py:120} INFO - [2023-10-04T07:46:37.298+0000] {dagbag.py:537} INFO - Filling up the DagBag from /home/airflow/.local/lib/python3.7/site-packages/airflow/example_dags/example_nested_branch_dag.py
[2023-10-04T07:46:37.320+0000] {processor.py:766} INFO - DAG(s) dict_keys(['example_nested_branch_dag']) retrieved from /home/airflow/.local/lib/python3.7/site-packages/airflow/example_dags/example_nested_branch_dag.py
[2023-10-04T07:46:37.357+0000] {logging_mixin.py:120} INFO - [2023-10-04T07:46:37.357+0000] {dag.py:2585} INFO - Sync 1 DAGs
[2023-10-04T07:46:37.379+0000] {logging_mixin.py:120} INFO - [2023-10-04T07:46:37.379+0000] {dag.py:3340} INFO - Setting next_dagrun for example_nested_branch_dag to 2023-10-03T00:00:00+00:00, run_after=2023-10-04T00:00:00+00:00
[2023-10-04T07:46:37.402+0000] {processor.py:176} INFO - Processing /home/airflow/.local/lib/python3.7/site-packages/airflow/example_dags/example_nested_branch_dag.py took 0.110 seconds
[2023-10-04T07:47:07.920+0000] {processor.py:154} INFO - Started process (PID=657) to work on /home/airflow/.local/lib/python3.7/site-packages/airflow/example_dags/example_nested_branch_dag.py
[2023-10-04T07:47:07.922+0000] {processor.py:756} INFO - Processing file /home/airflow/.local/lib/python3.7/site-packages/airflow/example_dags/example_nested_branch_dag.py for tasks to queue
[2023-10-04T07:47:07.924+0000] {logging_mixin.py:120} INFO - [2023-10-04T07:47:07.924+0000] {dagbag.py:537} INFO - Filling up the DagBag from /home/airflow/.local/lib/python3.7/site-packages/airflow/example_dags/example_nested_branch_dag.py
[2023-10-04T07:47:07.947+0000] {processor.py:766} INFO - DAG(s) dict_keys(['example_nested_branch_dag']) retrieved from /home/airflow/.local/lib/python3.7/site-packages/airflow/example_dags/example_nested_branch_dag.py
[2023-10-04T07:47:07.983+0000] {logging_mixin.py:120} INFO - [2023-10-04T07:47:07.983+0000] {dag.py:2585} INFO - Sync 1 DAGs
[2023-10-04T07:47:08.007+0000] {logging_mixin.py:120} INFO - [2023-10-04T07:47:08.007+0000] {dag.py:3340} INFO - Setting next_dagrun for example_nested_branch_dag to 2023-10-03T00:00:00+00:00, run_after=2023-10-04T00:00:00+00:00
[2023-10-04T07:47:08.027+0000] {processor.py:176} INFO - Processing /home/airflow/.local/lib/python3.7/site-packages/airflow/example_dags/example_nested_branch_dag.py took 0.114 seconds
[2023-10-04T07:47:38.251+0000] {processor.py:154} INFO - Started process (PID=724) to work on /home/airflow/.local/lib/python3.7/site-packages/airflow/example_dags/example_nested_branch_dag.py
[2023-10-04T07:47:38.253+0000] {processor.py:756} INFO - Processing file /home/airflow/.local/lib/python3.7/site-packages/airflow/example_dags/example_nested_branch_dag.py for tasks to queue
[2023-10-04T07:47:38.254+0000] {logging_mixin.py:120} INFO - [2023-10-04T07:47:38.254+0000] {dagbag.py:537} INFO - Filling up the DagBag from /home/airflow/.local/lib/python3.7/site-packages/airflow/example_dags/example_nested_branch_dag.py
[2023-10-04T07:47:38.274+0000] {processor.py:766} INFO - DAG(s) dict_keys(['example_nested_branch_dag']) retrieved from /home/airflow/.local/lib/python3.7/site-packages/airflow/example_dags/example_nested_branch_dag.py
[2023-10-04T07:47:38.308+0000] {logging_mixin.py:120} INFO - [2023-10-04T07:47:38.308+0000] {dag.py:2585} INFO - Sync 1 DAGs
[2023-10-04T07:47:38.329+0000] {logging_mixin.py:120} INFO - [2023-10-04T07:47:38.329+0000] {dag.py:3340} INFO - Setting next_dagrun for example_nested_branch_dag to 2023-10-03T00:00:00+00:00, run_after=2023-10-04T00:00:00+00:00
[2023-10-04T07:47:38.353+0000] {processor.py:176} INFO - Processing /home/airflow/.local/lib/python3.7/site-packages/airflow/example_dags/example_nested_branch_dag.py took 0.106 seconds
[2023-10-04T07:48:08.788+0000] {processor.py:154} INFO - Started process (PID=791) to work on /home/airflow/.local/lib/python3.7/site-packages/airflow/example_dags/example_nested_branch_dag.py
[2023-10-04T07:48:08.790+0000] {processor.py:756} INFO - Processing file /home/airflow/.local/lib/python3.7/site-packages/airflow/example_dags/example_nested_branch_dag.py for tasks to queue
[2023-10-04T07:48:08.791+0000] {logging_mixin.py:120} INFO - [2023-10-04T07:48:08.791+0000] {dagbag.py:537} INFO - Filling up the DagBag from /home/airflow/.local/lib/python3.7/site-packages/airflow/example_dags/example_nested_branch_dag.py
[2023-10-04T07:48:08.817+0000] {processor.py:766} INFO - DAG(s) dict_keys(['example_nested_branch_dag']) retrieved from /home/airflow/.local/lib/python3.7/site-packages/airflow/example_dags/example_nested_branch_dag.py
[2023-10-04T07:48:08.856+0000] {logging_mixin.py:120} INFO - [2023-10-04T07:48:08.856+0000] {dag.py:2585} INFO - Sync 1 DAGs
[2023-10-04T07:48:08.882+0000] {logging_mixin.py:120} INFO - [2023-10-04T07:48:08.882+0000] {dag.py:3340} INFO - Setting next_dagrun for example_nested_branch_dag to 2023-10-03T00:00:00+00:00, run_after=2023-10-04T00:00:00+00:00
[2023-10-04T07:48:08.907+0000] {processor.py:176} INFO - Processing /home/airflow/.local/lib/python3.7/site-packages/airflow/example_dags/example_nested_branch_dag.py took 0.121 seconds
[2023-10-04T07:48:39.930+0000] {processor.py:154} INFO - Started process (PID=849) to work on /home/airflow/.local/lib/python3.7/site-packages/airflow/example_dags/example_nested_branch_dag.py
[2023-10-04T07:48:39.935+0000] {processor.py:756} INFO - Processing file /home/airflow/.local/lib/python3.7/site-packages/airflow/example_dags/example_nested_branch_dag.py for tasks to queue
[2023-10-04T07:48:39.940+0000] {logging_mixin.py:120} INFO - [2023-10-04T07:48:39.939+0000] {dagbag.py:537} INFO - Filling up the DagBag from /home/airflow/.local/lib/python3.7/site-packages/airflow/example_dags/example_nested_branch_dag.py
[2023-10-04T07:48:39.985+0000] {processor.py:766} INFO - DAG(s) dict_keys(['example_nested_branch_dag']) retrieved from /home/airflow/.local/lib/python3.7/site-packages/airflow/example_dags/example_nested_branch_dag.py
[2023-10-04T07:48:40.052+0000] {logging_mixin.py:120} INFO - [2023-10-04T07:48:40.051+0000] {dag.py:2585} INFO - Sync 1 DAGs
[2023-10-04T07:48:40.102+0000] {logging_mixin.py:120} INFO - [2023-10-04T07:48:40.102+0000] {dag.py:3340} INFO - Setting next_dagrun for example_nested_branch_dag to 2023-10-03T00:00:00+00:00, run_after=2023-10-04T00:00:00+00:00
[2023-10-04T07:48:40.144+0000] {processor.py:176} INFO - Processing /home/airflow/.local/lib/python3.7/site-packages/airflow/example_dags/example_nested_branch_dag.py took 0.227 seconds
[2023-10-04T07:49:10.522+0000] {processor.py:154} INFO - Started process (PID=916) to work on /home/airflow/.local/lib/python3.7/site-packages/airflow/example_dags/example_nested_branch_dag.py
[2023-10-04T07:49:10.524+0000] {processor.py:756} INFO - Processing file /home/airflow/.local/lib/python3.7/site-packages/airflow/example_dags/example_nested_branch_dag.py for tasks to queue
[2023-10-04T07:49:10.525+0000] {logging_mixin.py:120} INFO - [2023-10-04T07:49:10.525+0000] {dagbag.py:537} INFO - Filling up the DagBag from /home/airflow/.local/lib/python3.7/site-packages/airflow/example_dags/example_nested_branch_dag.py
[2023-10-04T07:49:10.548+0000] {processor.py:766} INFO - DAG(s) dict_keys(['example_nested_branch_dag']) retrieved from /home/airflow/.local/lib/python3.7/site-packages/airflow/example_dags/example_nested_branch_dag.py
[2023-10-04T07:49:10.590+0000] {logging_mixin.py:120} INFO - [2023-10-04T07:49:10.590+0000] {dag.py:2585} INFO - Sync 1 DAGs
[2023-10-04T07:49:10.617+0000] {logging_mixin.py:120} INFO - [2023-10-04T07:49:10.617+0000] {dag.py:3340} INFO - Setting next_dagrun for example_nested_branch_dag to 2023-10-03T00:00:00+00:00, run_after=2023-10-04T00:00:00+00:00
[2023-10-04T07:49:10.639+0000] {processor.py:176} INFO - Processing /home/airflow/.local/lib/python3.7/site-packages/airflow/example_dags/example_nested_branch_dag.py took 0.120 seconds
[2023-10-04T07:49:41.349+0000] {processor.py:154} INFO - Started process (PID=984) to work on /home/airflow/.local/lib/python3.7/site-packages/airflow/example_dags/example_nested_branch_dag.py
[2023-10-04T07:49:41.351+0000] {processor.py:756} INFO - Processing file /home/airflow/.local/lib/python3.7/site-packages/airflow/example_dags/example_nested_branch_dag.py for tasks to queue
[2023-10-04T07:49:41.353+0000] {logging_mixin.py:120} INFO - [2023-10-04T07:49:41.352+0000] {dagbag.py:537} INFO - Filling up the DagBag from /home/airflow/.local/lib/python3.7/site-packages/airflow/example_dags/example_nested_branch_dag.py
[2023-10-04T07:49:41.372+0000] {processor.py:766} INFO - DAG(s) dict_keys(['example_nested_branch_dag']) retrieved from /home/airflow/.local/lib/python3.7/site-packages/airflow/example_dags/example_nested_branch_dag.py
[2023-10-04T07:49:41.410+0000] {logging_mixin.py:120} INFO - [2023-10-04T07:49:41.410+0000] {dag.py:2585} INFO - Sync 1 DAGs
[2023-10-04T07:49:41.432+0000] {logging_mixin.py:120} INFO - [2023-10-04T07:49:41.432+0000] {dag.py:3340} INFO - Setting next_dagrun for example_nested_branch_dag to 2023-10-03T00:00:00+00:00, run_after=2023-10-04T00:00:00+00:00
[2023-10-04T07:49:41.453+0000] {processor.py:176} INFO - Processing /home/airflow/.local/lib/python3.7/site-packages/airflow/example_dags/example_nested_branch_dag.py took 0.110 seconds
[2023-10-04T07:50:11.679+0000] {processor.py:154} INFO - Started process (PID=1042) to work on /home/airflow/.local/lib/python3.7/site-packages/airflow/example_dags/example_nested_branch_dag.py
[2023-10-04T07:50:11.680+0000] {processor.py:756} INFO - Processing file /home/airflow/.local/lib/python3.7/site-packages/airflow/example_dags/example_nested_branch_dag.py for tasks to queue
[2023-10-04T07:50:11.682+0000] {logging_mixin.py:120} INFO - [2023-10-04T07:50:11.682+0000] {dagbag.py:537} INFO - Filling up the DagBag from /home/airflow/.local/lib/python3.7/site-packages/airflow/example_dags/example_nested_branch_dag.py
[2023-10-04T07:50:11.715+0000] {processor.py:766} INFO - DAG(s) dict_keys(['example_nested_branch_dag']) retrieved from /home/airflow/.local/lib/python3.7/site-packages/airflow/example_dags/example_nested_branch_dag.py
[2023-10-04T07:50:11.897+0000] {logging_mixin.py:120} INFO - [2023-10-04T07:50:11.896+0000] {dag.py:2585} INFO - Sync 1 DAGs
[2023-10-04T07:50:11.926+0000] {logging_mixin.py:120} INFO - [2023-10-04T07:50:11.926+0000] {dag.py:3340} INFO - Setting next_dagrun for example_nested_branch_dag to 2023-10-03T00:00:00+00:00, run_after=2023-10-04T00:00:00+00:00
[2023-10-04T07:50:11.951+0000] {processor.py:176} INFO - Processing /home/airflow/.local/lib/python3.7/site-packages/airflow/example_dags/example_nested_branch_dag.py took 0.280 seconds
[2023-10-04T07:50:42.254+0000] {processor.py:154} INFO - Started process (PID=1109) to work on /home/airflow/.local/lib/python3.7/site-packages/airflow/example_dags/example_nested_branch_dag.py
[2023-10-04T07:50:42.256+0000] {processor.py:756} INFO - Processing file /home/airflow/.local/lib/python3.7/site-packages/airflow/example_dags/example_nested_branch_dag.py for tasks to queue
[2023-10-04T07:50:42.257+0000] {logging_mixin.py:120} INFO - [2023-10-04T07:50:42.257+0000] {dagbag.py:537} INFO - Filling up the DagBag from /home/airflow/.local/lib/python3.7/site-packages/airflow/example_dags/example_nested_branch_dag.py
[2023-10-04T07:50:42.276+0000] {processor.py:766} INFO - DAG(s) dict_keys(['example_nested_branch_dag']) retrieved from /home/airflow/.local/lib/python3.7/site-packages/airflow/example_dags/example_nested_branch_dag.py
[2023-10-04T07:50:42.312+0000] {logging_mixin.py:120} INFO - [2023-10-04T07:50:42.312+0000] {dag.py:2585} INFO - Sync 1 DAGs
[2023-10-04T07:50:42.339+0000] {logging_mixin.py:120} INFO - [2023-10-04T07:50:42.339+0000] {dag.py:3340} INFO - Setting next_dagrun for example_nested_branch_dag to 2023-10-03T00:00:00+00:00, run_after=2023-10-04T00:00:00+00:00
[2023-10-04T07:50:42.365+0000] {processor.py:176} INFO - Processing /home/airflow/.local/lib/python3.7/site-packages/airflow/example_dags/example_nested_branch_dag.py took 0.114 seconds
[2023-10-04T07:51:12.833+0000] {processor.py:154} INFO - Started process (PID=1177) to work on /home/airflow/.local/lib/python3.7/site-packages/airflow/example_dags/example_nested_branch_dag.py
[2023-10-04T07:51:12.834+0000] {processor.py:756} INFO - Processing file /home/airflow/.local/lib/python3.7/site-packages/airflow/example_dags/example_nested_branch_dag.py for tasks to queue
[2023-10-04T07:51:12.835+0000] {logging_mixin.py:120} INFO - [2023-10-04T07:51:12.835+0000] {dagbag.py:537} INFO - Filling up the DagBag from /home/airflow/.local/lib/python3.7/site-packages/airflow/example_dags/example_nested_branch_dag.py
[2023-10-04T07:51:12.863+0000] {processor.py:766} INFO - DAG(s) dict_keys(['example_nested_branch_dag']) retrieved from /home/airflow/.local/lib/python3.7/site-packages/airflow/example_dags/example_nested_branch_dag.py
[2023-10-04T07:51:12.907+0000] {logging_mixin.py:120} INFO - [2023-10-04T07:51:12.907+0000] {dag.py:2585} INFO - Sync 1 DAGs
[2023-10-04T07:51:12.932+0000] {logging_mixin.py:120} INFO - [2023-10-04T07:51:12.932+0000] {dag.py:3340} INFO - Setting next_dagrun for example_nested_branch_dag to 2023-10-03T00:00:00+00:00, run_after=2023-10-04T00:00:00+00:00
[2023-10-04T07:51:12.956+0000] {processor.py:176} INFO - Processing /home/airflow/.local/lib/python3.7/site-packages/airflow/example_dags/example_nested_branch_dag.py took 0.127 seconds
[2023-10-04T07:51:43.234+0000] {processor.py:154} INFO - Started process (PID=1244) to work on /home/airflow/.local/lib/python3.7/site-packages/airflow/example_dags/example_nested_branch_dag.py
[2023-10-04T07:51:43.235+0000] {processor.py:756} INFO - Processing file /home/airflow/.local/lib/python3.7/site-packages/airflow/example_dags/example_nested_branch_dag.py for tasks to queue
[2023-10-04T07:51:43.236+0000] {logging_mixin.py:120} INFO - [2023-10-04T07:51:43.236+0000] {dagbag.py:537} INFO - Filling up the DagBag from /home/airflow/.local/lib/python3.7/site-packages/airflow/example_dags/example_nested_branch_dag.py
[2023-10-04T07:51:43.257+0000] {processor.py:766} INFO - DAG(s) dict_keys(['example_nested_branch_dag']) retrieved from /home/airflow/.local/lib/python3.7/site-packages/airflow/example_dags/example_nested_branch_dag.py
[2023-10-04T07:51:43.295+0000] {logging_mixin.py:120} INFO - [2023-10-04T07:51:43.295+0000] {dag.py:2585} INFO - Sync 1 DAGs
[2023-10-04T07:51:43.317+0000] {logging_mixin.py:120} INFO - [2023-10-04T07:51:43.316+0000] {dag.py:3340} INFO - Setting next_dagrun for example_nested_branch_dag to 2023-10-03T00:00:00+00:00, run_after=2023-10-04T00:00:00+00:00
[2023-10-04T07:51:43.337+0000] {processor.py:176} INFO - Processing /home/airflow/.local/lib/python3.7/site-packages/airflow/example_dags/example_nested_branch_dag.py took 0.106 seconds
[2023-10-04T07:52:13.884+0000] {processor.py:154} INFO - Started process (PID=1303) to work on /home/airflow/.local/lib/python3.7/site-packages/airflow/example_dags/example_nested_branch_dag.py
[2023-10-04T07:52:13.886+0000] {processor.py:756} INFO - Processing file /home/airflow/.local/lib/python3.7/site-packages/airflow/example_dags/example_nested_branch_dag.py for tasks to queue
[2023-10-04T07:52:13.887+0000] {logging_mixin.py:120} INFO - [2023-10-04T07:52:13.887+0000] {dagbag.py:537} INFO - Filling up the DagBag from /home/airflow/.local/lib/python3.7/site-packages/airflow/example_dags/example_nested_branch_dag.py
[2023-10-04T07:52:13.915+0000] {processor.py:766} INFO - DAG(s) dict_keys(['example_nested_branch_dag']) retrieved from /home/airflow/.local/lib/python3.7/site-packages/airflow/example_dags/example_nested_branch_dag.py
[2023-10-04T07:52:13.964+0000] {logging_mixin.py:120} INFO - [2023-10-04T07:52:13.963+0000] {dag.py:2585} INFO - Sync 1 DAGs
[2023-10-04T07:52:13.993+0000] {logging_mixin.py:120} INFO - [2023-10-04T07:52:13.993+0000] {dag.py:3340} INFO - Setting next_dagrun for example_nested_branch_dag to 2023-10-03T00:00:00+00:00, run_after=2023-10-04T00:00:00+00:00
[2023-10-04T07:52:14.021+0000] {processor.py:176} INFO - Processing /home/airflow/.local/lib/python3.7/site-packages/airflow/example_dags/example_nested_branch_dag.py took 0.141 seconds
[2023-10-04T07:52:44.549+0000] {processor.py:154} INFO - Started process (PID=1370) to work on /home/airflow/.local/lib/python3.7/site-packages/airflow/example_dags/example_nested_branch_dag.py
[2023-10-04T07:52:44.550+0000] {processor.py:756} INFO - Processing file /home/airflow/.local/lib/python3.7/site-packages/airflow/example_dags/example_nested_branch_dag.py for tasks to queue
[2023-10-04T07:52:44.551+0000] {logging_mixin.py:120} INFO - [2023-10-04T07:52:44.551+0000] {dagbag.py:537} INFO - Filling up the DagBag from /home/airflow/.local/lib/python3.7/site-packages/airflow/example_dags/example_nested_branch_dag.py
[2023-10-04T07:52:44.572+0000] {processor.py:766} INFO - DAG(s) dict_keys(['example_nested_branch_dag']) retrieved from /home/airflow/.local/lib/python3.7/site-packages/airflow/example_dags/example_nested_branch_dag.py
[2023-10-04T07:52:44.612+0000] {logging_mixin.py:120} INFO - [2023-10-04T07:52:44.612+0000] {dag.py:2585} INFO - Sync 1 DAGs
[2023-10-04T07:52:44.634+0000] {logging_mixin.py:120} INFO - [2023-10-04T07:52:44.633+0000] {dag.py:3340} INFO - Setting next_dagrun for example_nested_branch_dag to 2023-10-03T00:00:00+00:00, run_after=2023-10-04T00:00:00+00:00
[2023-10-04T07:52:44.656+0000] {processor.py:176} INFO - Processing /home/airflow/.local/lib/python3.7/site-packages/airflow/example_dags/example_nested_branch_dag.py took 0.109 seconds
[2023-10-04T07:53:15.312+0000] {processor.py:154} INFO - Started process (PID=1437) to work on /home/airflow/.local/lib/python3.7/site-packages/airflow/example_dags/example_nested_branch_dag.py
[2023-10-04T07:53:15.313+0000] {processor.py:756} INFO - Processing file /home/airflow/.local/lib/python3.7/site-packages/airflow/example_dags/example_nested_branch_dag.py for tasks to queue
[2023-10-04T07:53:15.315+0000] {logging_mixin.py:120} INFO - [2023-10-04T07:53:15.315+0000] {dagbag.py:537} INFO - Filling up the DagBag from /home/airflow/.local/lib/python3.7/site-packages/airflow/example_dags/example_nested_branch_dag.py
[2023-10-04T07:53:15.334+0000] {processor.py:766} INFO - DAG(s) dict_keys(['example_nested_branch_dag']) retrieved from /home/airflow/.local/lib/python3.7/site-packages/airflow/example_dags/example_nested_branch_dag.py
[2023-10-04T07:53:15.373+0000] {logging_mixin.py:120} INFO - [2023-10-04T07:53:15.372+0000] {dag.py:2585} INFO - Sync 1 DAGs
[2023-10-04T07:53:15.401+0000] {logging_mixin.py:120} INFO - [2023-10-04T07:53:15.401+0000] {dag.py:3340} INFO - Setting next_dagrun for example_nested_branch_dag to 2023-10-03T00:00:00+00:00, run_after=2023-10-04T00:00:00+00:00
[2023-10-04T07:53:15.425+0000] {processor.py:176} INFO - Processing /home/airflow/.local/lib/python3.7/site-packages/airflow/example_dags/example_nested_branch_dag.py took 0.117 seconds
[2023-10-04T07:53:45.497+0000] {processor.py:154} INFO - Started process (PID=1502) to work on /home/airflow/.local/lib/python3.7/site-packages/airflow/example_dags/example_nested_branch_dag.py
[2023-10-04T07:53:45.499+0000] {processor.py:756} INFO - Processing file /home/airflow/.local/lib/python3.7/site-packages/airflow/example_dags/example_nested_branch_dag.py for tasks to queue
[2023-10-04T07:53:45.500+0000] {logging_mixin.py:120} INFO - [2023-10-04T07:53:45.500+0000] {dagbag.py:537} INFO - Filling up the DagBag from /home/airflow/.local/lib/python3.7/site-packages/airflow/example_dags/example_nested_branch_dag.py
[2023-10-04T07:53:45.532+0000] {processor.py:766} INFO - DAG(s) dict_keys(['example_nested_branch_dag']) retrieved from /home/airflow/.local/lib/python3.7/site-packages/airflow/example_dags/example_nested_branch_dag.py
[2023-10-04T07:53:45.578+0000] {logging_mixin.py:120} INFO - [2023-10-04T07:53:45.578+0000] {dag.py:2585} INFO - Sync 1 DAGs
[2023-10-04T07:53:45.608+0000] {logging_mixin.py:120} INFO - [2023-10-04T07:53:45.607+0000] {dag.py:3340} INFO - Setting next_dagrun for example_nested_branch_dag to 2023-10-03T00:00:00+00:00, run_after=2023-10-04T00:00:00+00:00
[2023-10-04T07:53:45.628+0000] {processor.py:176} INFO - Processing /home/airflow/.local/lib/python3.7/site-packages/airflow/example_dags/example_nested_branch_dag.py took 0.134 seconds
[2023-10-04T07:54:16.388+0000] {processor.py:154} INFO - Started process (PID=1562) to work on /home/airflow/.local/lib/python3.7/site-packages/airflow/example_dags/example_nested_branch_dag.py
[2023-10-04T07:54:16.390+0000] {processor.py:756} INFO - Processing file /home/airflow/.local/lib/python3.7/site-packages/airflow/example_dags/example_nested_branch_dag.py for tasks to queue
[2023-10-04T07:54:16.391+0000] {logging_mixin.py:120} INFO - [2023-10-04T07:54:16.390+0000] {dagbag.py:537} INFO - Filling up the DagBag from /home/airflow/.local/lib/python3.7/site-packages/airflow/example_dags/example_nested_branch_dag.py
[2023-10-04T07:54:16.412+0000] {processor.py:766} INFO - DAG(s) dict_keys(['example_nested_branch_dag']) retrieved from /home/airflow/.local/lib/python3.7/site-packages/airflow/example_dags/example_nested_branch_dag.py
[2023-10-04T07:54:16.448+0000] {logging_mixin.py:120} INFO - [2023-10-04T07:54:16.447+0000] {dag.py:2585} INFO - Sync 1 DAGs
[2023-10-04T07:54:16.471+0000] {logging_mixin.py:120} INFO - [2023-10-04T07:54:16.471+0000] {dag.py:3340} INFO - Setting next_dagrun for example_nested_branch_dag to 2023-10-03T00:00:00+00:00, run_after=2023-10-04T00:00:00+00:00
[2023-10-04T07:54:16.497+0000] {processor.py:176} INFO - Processing /home/airflow/.local/lib/python3.7/site-packages/airflow/example_dags/example_nested_branch_dag.py took 0.111 seconds
[2023-10-04T07:54:47.302+0000] {processor.py:154} INFO - Started process (PID=1629) to work on /home/airflow/.local/lib/python3.7/site-packages/airflow/example_dags/example_nested_branch_dag.py
[2023-10-04T07:54:47.304+0000] {processor.py:756} INFO - Processing file /home/airflow/.local/lib/python3.7/site-packages/airflow/example_dags/example_nested_branch_dag.py for tasks to queue
[2023-10-04T07:54:47.306+0000] {logging_mixin.py:120} INFO - [2023-10-04T07:54:47.305+0000] {dagbag.py:537} INFO - Filling up the DagBag from /home/airflow/.local/lib/python3.7/site-packages/airflow/example_dags/example_nested_branch_dag.py
[2023-10-04T07:54:47.336+0000] {processor.py:766} INFO - DAG(s) dict_keys(['example_nested_branch_dag']) retrieved from /home/airflow/.local/lib/python3.7/site-packages/airflow/example_dags/example_nested_branch_dag.py
[2023-10-04T07:54:47.381+0000] {logging_mixin.py:120} INFO - [2023-10-04T07:54:47.380+0000] {dag.py:2585} INFO - Sync 1 DAGs
[2023-10-04T07:54:47.412+0000] {logging_mixin.py:120} INFO - [2023-10-04T07:54:47.412+0000] {dag.py:3340} INFO - Setting next_dagrun for example_nested_branch_dag to 2023-10-03T00:00:00+00:00, run_after=2023-10-04T00:00:00+00:00
[2023-10-04T07:54:47.444+0000] {processor.py:176} INFO - Processing /home/airflow/.local/lib/python3.7/site-packages/airflow/example_dags/example_nested_branch_dag.py took 0.145 seconds
[2023-10-04T07:55:17.518+0000] {processor.py:154} INFO - Started process (PID=1694) to work on /home/airflow/.local/lib/python3.7/site-packages/airflow/example_dags/example_nested_branch_dag.py
[2023-10-04T07:55:17.520+0000] {processor.py:756} INFO - Processing file /home/airflow/.local/lib/python3.7/site-packages/airflow/example_dags/example_nested_branch_dag.py for tasks to queue
[2023-10-04T07:55:17.521+0000] {logging_mixin.py:120} INFO - [2023-10-04T07:55:17.521+0000] {dagbag.py:537} INFO - Filling up the DagBag from /home/airflow/.local/lib/python3.7/site-packages/airflow/example_dags/example_nested_branch_dag.py
[2023-10-04T07:55:17.539+0000] {processor.py:766} INFO - DAG(s) dict_keys(['example_nested_branch_dag']) retrieved from /home/airflow/.local/lib/python3.7/site-packages/airflow/example_dags/example_nested_branch_dag.py
[2023-10-04T07:55:17.571+0000] {logging_mixin.py:120} INFO - [2023-10-04T07:55:17.571+0000] {dag.py:2585} INFO - Sync 1 DAGs
[2023-10-04T07:55:17.591+0000] {logging_mixin.py:120} INFO - [2023-10-04T07:55:17.591+0000] {dag.py:3340} INFO - Setting next_dagrun for example_nested_branch_dag to 2023-10-03T00:00:00+00:00, run_after=2023-10-04T00:00:00+00:00
[2023-10-04T07:55:17.611+0000] {processor.py:176} INFO - Processing /home/airflow/.local/lib/python3.7/site-packages/airflow/example_dags/example_nested_branch_dag.py took 0.096 seconds
[2023-10-04T07:55:47.796+0000] {processor.py:154} INFO - Started process (PID=1761) to work on /home/airflow/.local/lib/python3.7/site-packages/airflow/example_dags/example_nested_branch_dag.py
[2023-10-04T07:55:47.797+0000] {processor.py:756} INFO - Processing file /home/airflow/.local/lib/python3.7/site-packages/airflow/example_dags/example_nested_branch_dag.py for tasks to queue
[2023-10-04T07:55:47.799+0000] {logging_mixin.py:120} INFO - [2023-10-04T07:55:47.799+0000] {dagbag.py:537} INFO - Filling up the DagBag from /home/airflow/.local/lib/python3.7/site-packages/airflow/example_dags/example_nested_branch_dag.py
[2023-10-04T07:55:47.824+0000] {processor.py:766} INFO - DAG(s) dict_keys(['example_nested_branch_dag']) retrieved from /home/airflow/.local/lib/python3.7/site-packages/airflow/example_dags/example_nested_branch_dag.py
[2023-10-04T07:55:47.871+0000] {logging_mixin.py:120} INFO - [2023-10-04T07:55:47.870+0000] {dag.py:2585} INFO - Sync 1 DAGs
[2023-10-04T07:55:47.896+0000] {logging_mixin.py:120} INFO - [2023-10-04T07:55:47.896+0000] {dag.py:3340} INFO - Setting next_dagrun for example_nested_branch_dag to 2023-10-03T00:00:00+00:00, run_after=2023-10-04T00:00:00+00:00
[2023-10-04T07:55:47.922+0000] {processor.py:176} INFO - Processing /home/airflow/.local/lib/python3.7/site-packages/airflow/example_dags/example_nested_branch_dag.py took 0.130 seconds
[2023-10-04T07:56:18.238+0000] {processor.py:154} INFO - Started process (PID=1819) to work on /home/airflow/.local/lib/python3.7/site-packages/airflow/example_dags/example_nested_branch_dag.py
[2023-10-04T07:56:18.241+0000] {processor.py:756} INFO - Processing file /home/airflow/.local/lib/python3.7/site-packages/airflow/example_dags/example_nested_branch_dag.py for tasks to queue
[2023-10-04T07:56:18.243+0000] {logging_mixin.py:120} INFO - [2023-10-04T07:56:18.243+0000] {dagbag.py:537} INFO - Filling up the DagBag from /home/airflow/.local/lib/python3.7/site-packages/airflow/example_dags/example_nested_branch_dag.py
[2023-10-04T07:56:18.267+0000] {processor.py:766} INFO - DAG(s) dict_keys(['example_nested_branch_dag']) retrieved from /home/airflow/.local/lib/python3.7/site-packages/airflow/example_dags/example_nested_branch_dag.py
[2023-10-04T07:56:18.307+0000] {logging_mixin.py:120} INFO - [2023-10-04T07:56:18.307+0000] {dag.py:2585} INFO - Sync 1 DAGs
[2023-10-04T07:56:18.330+0000] {logging_mixin.py:120} INFO - [2023-10-04T07:56:18.330+0000] {dag.py:3340} INFO - Setting next_dagrun for example_nested_branch_dag to 2023-10-03T00:00:00+00:00, run_after=2023-10-04T00:00:00+00:00
[2023-10-04T07:56:18.354+0000] {processor.py:176} INFO - Processing /home/airflow/.local/lib/python3.7/site-packages/airflow/example_dags/example_nested_branch_dag.py took 0.121 seconds
[2023-10-04T07:56:48.652+0000] {processor.py:154} INFO - Started process (PID=1886) to work on /home/airflow/.local/lib/python3.7/site-packages/airflow/example_dags/example_nested_branch_dag.py
[2023-10-04T07:56:48.654+0000] {processor.py:756} INFO - Processing file /home/airflow/.local/lib/python3.7/site-packages/airflow/example_dags/example_nested_branch_dag.py for tasks to queue
[2023-10-04T07:56:48.656+0000] {logging_mixin.py:120} INFO - [2023-10-04T07:56:48.655+0000] {dagbag.py:537} INFO - Filling up the DagBag from /home/airflow/.local/lib/python3.7/site-packages/airflow/example_dags/example_nested_branch_dag.py
[2023-10-04T07:56:48.677+0000] {processor.py:766} INFO - DAG(s) dict_keys(['example_nested_branch_dag']) retrieved from /home/airflow/.local/lib/python3.7/site-packages/airflow/example_dags/example_nested_branch_dag.py
[2023-10-04T07:56:48.715+0000] {logging_mixin.py:120} INFO - [2023-10-04T07:56:48.715+0000] {dag.py:2585} INFO - Sync 1 DAGs
[2023-10-04T07:56:48.736+0000] {logging_mixin.py:120} INFO - [2023-10-04T07:56:48.736+0000] {dag.py:3340} INFO - Setting next_dagrun for example_nested_branch_dag to 2023-10-03T00:00:00+00:00, run_after=2023-10-04T00:00:00+00:00
[2023-10-04T07:56:48.758+0000] {processor.py:176} INFO - Processing /home/airflow/.local/lib/python3.7/site-packages/airflow/example_dags/example_nested_branch_dag.py took 0.112 seconds
[2023-10-04T07:57:19.350+0000] {processor.py:154} INFO - Started process (PID=1953) to work on /home/airflow/.local/lib/python3.7/site-packages/airflow/example_dags/example_nested_branch_dag.py
[2023-10-04T07:57:19.352+0000] {processor.py:756} INFO - Processing file /home/airflow/.local/lib/python3.7/site-packages/airflow/example_dags/example_nested_branch_dag.py for tasks to queue
[2023-10-04T07:57:19.354+0000] {logging_mixin.py:120} INFO - [2023-10-04T07:57:19.354+0000] {dagbag.py:537} INFO - Filling up the DagBag from /home/airflow/.local/lib/python3.7/site-packages/airflow/example_dags/example_nested_branch_dag.py
[2023-10-04T07:57:19.394+0000] {processor.py:766} INFO - DAG(s) dict_keys(['example_nested_branch_dag']) retrieved from /home/airflow/.local/lib/python3.7/site-packages/airflow/example_dags/example_nested_branch_dag.py
[2023-10-04T07:57:19.432+0000] {logging_mixin.py:120} INFO - [2023-10-04T07:57:19.431+0000] {dag.py:2585} INFO - Sync 1 DAGs
[2023-10-04T07:57:19.457+0000] {logging_mixin.py:120} INFO - [2023-10-04T07:57:19.457+0000] {dag.py:3340} INFO - Setting next_dagrun for example_nested_branch_dag to 2023-10-03T00:00:00+00:00, run_after=2023-10-04T00:00:00+00:00
[2023-10-04T07:57:19.484+0000] {processor.py:176} INFO - Processing /home/airflow/.local/lib/python3.7/site-packages/airflow/example_dags/example_nested_branch_dag.py took 0.137 seconds
[2023-10-04T07:57:49.646+0000] {processor.py:154} INFO - Started process (PID=2012) to work on /home/airflow/.local/lib/python3.7/site-packages/airflow/example_dags/example_nested_branch_dag.py
[2023-10-04T07:57:49.648+0000] {processor.py:756} INFO - Processing file /home/airflow/.local/lib/python3.7/site-packages/airflow/example_dags/example_nested_branch_dag.py for tasks to queue
[2023-10-04T07:57:49.649+0000] {logging_mixin.py:120} INFO - [2023-10-04T07:57:49.649+0000] {dagbag.py:537} INFO - Filling up the DagBag from /home/airflow/.local/lib/python3.7/site-packages/airflow/example_dags/example_nested_branch_dag.py
[2023-10-04T07:57:49.670+0000] {processor.py:766} INFO - DAG(s) dict_keys(['example_nested_branch_dag']) retrieved from /home/airflow/.local/lib/python3.7/site-packages/airflow/example_dags/example_nested_branch_dag.py
[2023-10-04T07:57:49.706+0000] {logging_mixin.py:120} INFO - [2023-10-04T07:57:49.706+0000] {dag.py:2585} INFO - Sync 1 DAGs
[2023-10-04T07:57:49.728+0000] {logging_mixin.py:120} INFO - [2023-10-04T07:57:49.728+0000] {dag.py:3340} INFO - Setting next_dagrun for example_nested_branch_dag to 2023-10-03T00:00:00+00:00, run_after=2023-10-04T00:00:00+00:00
[2023-10-04T07:57:49.749+0000] {processor.py:176} INFO - Processing /home/airflow/.local/lib/python3.7/site-packages/airflow/example_dags/example_nested_branch_dag.py took 0.107 seconds
[2023-10-04T07:58:20.072+0000] {processor.py:154} INFO - Started process (PID=2079) to work on /home/airflow/.local/lib/python3.7/site-packages/airflow/example_dags/example_nested_branch_dag.py
[2023-10-04T07:58:20.073+0000] {processor.py:756} INFO - Processing file /home/airflow/.local/lib/python3.7/site-packages/airflow/example_dags/example_nested_branch_dag.py for tasks to queue
[2023-10-04T07:58:20.075+0000] {logging_mixin.py:120} INFO - [2023-10-04T07:58:20.074+0000] {dagbag.py:537} INFO - Filling up the DagBag from /home/airflow/.local/lib/python3.7/site-packages/airflow/example_dags/example_nested_branch_dag.py
[2023-10-04T07:58:20.093+0000] {processor.py:766} INFO - DAG(s) dict_keys(['example_nested_branch_dag']) retrieved from /home/airflow/.local/lib/python3.7/site-packages/airflow/example_dags/example_nested_branch_dag.py
[2023-10-04T07:58:20.131+0000] {logging_mixin.py:120} INFO - [2023-10-04T07:58:20.130+0000] {dag.py:2585} INFO - Sync 1 DAGs
[2023-10-04T07:58:20.155+0000] {logging_mixin.py:120} INFO - [2023-10-04T07:58:20.155+0000] {dag.py:3340} INFO - Setting next_dagrun for example_nested_branch_dag to 2023-10-03T00:00:00+00:00, run_after=2023-10-04T00:00:00+00:00
[2023-10-04T07:58:20.179+0000] {processor.py:176} INFO - Processing /home/airflow/.local/lib/python3.7/site-packages/airflow/example_dags/example_nested_branch_dag.py took 0.111 seconds
[2023-10-04T07:58:50.564+0000] {processor.py:154} INFO - Started process (PID=2146) to work on /home/airflow/.local/lib/python3.7/site-packages/airflow/example_dags/example_nested_branch_dag.py
[2023-10-04T07:58:50.566+0000] {processor.py:756} INFO - Processing file /home/airflow/.local/lib/python3.7/site-packages/airflow/example_dags/example_nested_branch_dag.py for tasks to queue
[2023-10-04T07:58:50.568+0000] {logging_mixin.py:120} INFO - [2023-10-04T07:58:50.568+0000] {dagbag.py:537} INFO - Filling up the DagBag from /home/airflow/.local/lib/python3.7/site-packages/airflow/example_dags/example_nested_branch_dag.py
[2023-10-04T07:58:50.588+0000] {processor.py:766} INFO - DAG(s) dict_keys(['example_nested_branch_dag']) retrieved from /home/airflow/.local/lib/python3.7/site-packages/airflow/example_dags/example_nested_branch_dag.py
[2023-10-04T07:58:50.621+0000] {logging_mixin.py:120} INFO - [2023-10-04T07:58:50.621+0000] {dag.py:2585} INFO - Sync 1 DAGs
[2023-10-04T07:58:50.642+0000] {logging_mixin.py:120} INFO - [2023-10-04T07:58:50.642+0000] {dag.py:3340} INFO - Setting next_dagrun for example_nested_branch_dag to 2023-10-03T00:00:00+00:00, run_after=2023-10-04T00:00:00+00:00
[2023-10-04T07:58:50.666+0000] {processor.py:176} INFO - Processing /home/airflow/.local/lib/python3.7/site-packages/airflow/example_dags/example_nested_branch_dag.py took 0.109 seconds
[2023-10-04T07:59:21.261+0000] {processor.py:154} INFO - Started process (PID=2214) to work on /home/airflow/.local/lib/python3.7/site-packages/airflow/example_dags/example_nested_branch_dag.py
[2023-10-04T07:59:21.263+0000] {processor.py:756} INFO - Processing file /home/airflow/.local/lib/python3.7/site-packages/airflow/example_dags/example_nested_branch_dag.py for tasks to queue
[2023-10-04T07:59:21.264+0000] {logging_mixin.py:120} INFO - [2023-10-04T07:59:21.264+0000] {dagbag.py:537} INFO - Filling up the DagBag from /home/airflow/.local/lib/python3.7/site-packages/airflow/example_dags/example_nested_branch_dag.py
[2023-10-04T07:59:21.284+0000] {processor.py:766} INFO - DAG(s) dict_keys(['example_nested_branch_dag']) retrieved from /home/airflow/.local/lib/python3.7/site-packages/airflow/example_dags/example_nested_branch_dag.py
[2023-10-04T07:59:21.319+0000] {logging_mixin.py:120} INFO - [2023-10-04T07:59:21.319+0000] {dag.py:2585} INFO - Sync 1 DAGs
[2023-10-04T07:59:21.343+0000] {logging_mixin.py:120} INFO - [2023-10-04T07:59:21.343+0000] {dag.py:3340} INFO - Setting next_dagrun for example_nested_branch_dag to 2023-10-03T00:00:00+00:00, run_after=2023-10-04T00:00:00+00:00
[2023-10-04T07:59:21.366+0000] {processor.py:176} INFO - Processing /home/airflow/.local/lib/python3.7/site-packages/airflow/example_dags/example_nested_branch_dag.py took 0.107 seconds
[2023-10-04T07:59:51.854+0000] {processor.py:154} INFO - Started process (PID=2272) to work on /home/airflow/.local/lib/python3.7/site-packages/airflow/example_dags/example_nested_branch_dag.py
[2023-10-04T07:59:51.856+0000] {processor.py:756} INFO - Processing file /home/airflow/.local/lib/python3.7/site-packages/airflow/example_dags/example_nested_branch_dag.py for tasks to queue
[2023-10-04T07:59:51.857+0000] {logging_mixin.py:120} INFO - [2023-10-04T07:59:51.857+0000] {dagbag.py:537} INFO - Filling up the DagBag from /home/airflow/.local/lib/python3.7/site-packages/airflow/example_dags/example_nested_branch_dag.py
[2023-10-04T07:59:51.880+0000] {processor.py:766} INFO - DAG(s) dict_keys(['example_nested_branch_dag']) retrieved from /home/airflow/.local/lib/python3.7/site-packages/airflow/example_dags/example_nested_branch_dag.py
[2023-10-04T07:59:51.919+0000] {logging_mixin.py:120} INFO - [2023-10-04T07:59:51.919+0000] {dag.py:2585} INFO - Sync 1 DAGs
[2023-10-04T07:59:51.941+0000] {logging_mixin.py:120} INFO - [2023-10-04T07:59:51.941+0000] {dag.py:3340} INFO - Setting next_dagrun for example_nested_branch_dag to 2023-10-03T00:00:00+00:00, run_after=2023-10-04T00:00:00+00:00
[2023-10-04T07:59:51.962+0000] {processor.py:176} INFO - Processing /home/airflow/.local/lib/python3.7/site-packages/airflow/example_dags/example_nested_branch_dag.py took 0.112 seconds
[2023-10-04T08:00:22.654+0000] {processor.py:154} INFO - Started process (PID=2339) to work on /home/airflow/.local/lib/python3.7/site-packages/airflow/example_dags/example_nested_branch_dag.py
[2023-10-04T08:00:22.656+0000] {processor.py:756} INFO - Processing file /home/airflow/.local/lib/python3.7/site-packages/airflow/example_dags/example_nested_branch_dag.py for tasks to queue
[2023-10-04T08:00:22.657+0000] {logging_mixin.py:120} INFO - [2023-10-04T08:00:22.657+0000] {dagbag.py:537} INFO - Filling up the DagBag from /home/airflow/.local/lib/python3.7/site-packages/airflow/example_dags/example_nested_branch_dag.py
[2023-10-04T08:00:22.678+0000] {processor.py:766} INFO - DAG(s) dict_keys(['example_nested_branch_dag']) retrieved from /home/airflow/.local/lib/python3.7/site-packages/airflow/example_dags/example_nested_branch_dag.py
[2023-10-04T08:00:22.720+0000] {logging_mixin.py:120} INFO - [2023-10-04T08:00:22.720+0000] {dag.py:2585} INFO - Sync 1 DAGs
[2023-10-04T08:00:22.747+0000] {logging_mixin.py:120} INFO - [2023-10-04T08:00:22.747+0000] {dag.py:3340} INFO - Setting next_dagrun for example_nested_branch_dag to 2023-10-03T00:00:00+00:00, run_after=2023-10-04T00:00:00+00:00
[2023-10-04T08:00:22.771+0000] {processor.py:176} INFO - Processing /home/airflow/.local/lib/python3.7/site-packages/airflow/example_dags/example_nested_branch_dag.py took 0.122 seconds
[2023-10-04T08:00:53.520+0000] {processor.py:154} INFO - Started process (PID=2407) to work on /home/airflow/.local/lib/python3.7/site-packages/airflow/example_dags/example_nested_branch_dag.py
[2023-10-04T08:00:53.522+0000] {processor.py:756} INFO - Processing file /home/airflow/.local/lib/python3.7/site-packages/airflow/example_dags/example_nested_branch_dag.py for tasks to queue
[2023-10-04T08:00:53.523+0000] {logging_mixin.py:120} INFO - [2023-10-04T08:00:53.523+0000] {dagbag.py:537} INFO - Filling up the DagBag from /home/airflow/.local/lib/python3.7/site-packages/airflow/example_dags/example_nested_branch_dag.py
[2023-10-04T08:00:53.546+0000] {processor.py:766} INFO - DAG(s) dict_keys(['example_nested_branch_dag']) retrieved from /home/airflow/.local/lib/python3.7/site-packages/airflow/example_dags/example_nested_branch_dag.py
[2023-10-04T08:00:53.584+0000] {logging_mixin.py:120} INFO - [2023-10-04T08:00:53.584+0000] {dag.py:2585} INFO - Sync 1 DAGs
[2023-10-04T08:00:53.607+0000] {logging_mixin.py:120} INFO - [2023-10-04T08:00:53.607+0000] {dag.py:3340} INFO - Setting next_dagrun for example_nested_branch_dag to 2023-10-03T00:00:00+00:00, run_after=2023-10-04T00:00:00+00:00
[2023-10-04T08:00:53.628+0000] {processor.py:176} INFO - Processing /home/airflow/.local/lib/python3.7/site-packages/airflow/example_dags/example_nested_branch_dag.py took 0.111 seconds
[2023-10-04T08:01:23.817+0000] {processor.py:154} INFO - Started process (PID=2474) to work on /home/airflow/.local/lib/python3.7/site-packages/airflow/example_dags/example_nested_branch_dag.py
[2023-10-04T08:01:23.819+0000] {processor.py:756} INFO - Processing file /home/airflow/.local/lib/python3.7/site-packages/airflow/example_dags/example_nested_branch_dag.py for tasks to queue
[2023-10-04T08:01:23.820+0000] {logging_mixin.py:120} INFO - [2023-10-04T08:01:23.820+0000] {dagbag.py:537} INFO - Filling up the DagBag from /home/airflow/.local/lib/python3.7/site-packages/airflow/example_dags/example_nested_branch_dag.py
[2023-10-04T08:01:23.851+0000] {processor.py:766} INFO - DAG(s) dict_keys(['example_nested_branch_dag']) retrieved from /home/airflow/.local/lib/python3.7/site-packages/airflow/example_dags/example_nested_branch_dag.py
[2023-10-04T08:01:23.899+0000] {logging_mixin.py:120} INFO - [2023-10-04T08:01:23.898+0000] {dag.py:2585} INFO - Sync 1 DAGs
[2023-10-04T08:01:23.933+0000] {logging_mixin.py:120} INFO - [2023-10-04T08:01:23.933+0000] {dag.py:3340} INFO - Setting next_dagrun for example_nested_branch_dag to 2023-10-03T00:00:00+00:00, run_after=2023-10-04T00:00:00+00:00
[2023-10-04T08:01:23.963+0000] {processor.py:176} INFO - Processing /home/airflow/.local/lib/python3.7/site-packages/airflow/example_dags/example_nested_branch_dag.py took 0.149 seconds
[2023-10-04T08:01:54.179+0000] {processor.py:154} INFO - Started process (PID=2532) to work on /home/airflow/.local/lib/python3.7/site-packages/airflow/example_dags/example_nested_branch_dag.py
[2023-10-04T08:01:54.181+0000] {processor.py:756} INFO - Processing file /home/airflow/.local/lib/python3.7/site-packages/airflow/example_dags/example_nested_branch_dag.py for tasks to queue
[2023-10-04T08:01:54.183+0000] {logging_mixin.py:120} INFO - [2023-10-04T08:01:54.183+0000] {dagbag.py:537} INFO - Filling up the DagBag from /home/airflow/.local/lib/python3.7/site-packages/airflow/example_dags/example_nested_branch_dag.py
[2023-10-04T08:01:54.209+0000] {processor.py:766} INFO - DAG(s) dict_keys(['example_nested_branch_dag']) retrieved from /home/airflow/.local/lib/python3.7/site-packages/airflow/example_dags/example_nested_branch_dag.py
[2023-10-04T08:01:54.245+0000] {logging_mixin.py:120} INFO - [2023-10-04T08:01:54.245+0000] {dag.py:2585} INFO - Sync 1 DAGs
[2023-10-04T08:01:54.269+0000] {logging_mixin.py:120} INFO - [2023-10-04T08:01:54.269+0000] {dag.py:3340} INFO - Setting next_dagrun for example_nested_branch_dag to 2023-10-03T00:00:00+00:00, run_after=2023-10-04T00:00:00+00:00
[2023-10-04T08:01:54.290+0000] {processor.py:176} INFO - Processing /home/airflow/.local/lib/python3.7/site-packages/airflow/example_dags/example_nested_branch_dag.py took 0.120 seconds
[2023-10-04T08:02:24.795+0000] {processor.py:154} INFO - Started process (PID=2600) to work on /home/airflow/.local/lib/python3.7/site-packages/airflow/example_dags/example_nested_branch_dag.py
[2023-10-04T08:02:24.796+0000] {processor.py:756} INFO - Processing file /home/airflow/.local/lib/python3.7/site-packages/airflow/example_dags/example_nested_branch_dag.py for tasks to queue
[2023-10-04T08:02:24.798+0000] {logging_mixin.py:120} INFO - [2023-10-04T08:02:24.798+0000] {dagbag.py:537} INFO - Filling up the DagBag from /home/airflow/.local/lib/python3.7/site-packages/airflow/example_dags/example_nested_branch_dag.py
[2023-10-04T08:02:24.819+0000] {processor.py:766} INFO - DAG(s) dict_keys(['example_nested_branch_dag']) retrieved from /home/airflow/.local/lib/python3.7/site-packages/airflow/example_dags/example_nested_branch_dag.py
[2023-10-04T08:02:24.858+0000] {logging_mixin.py:120} INFO - [2023-10-04T08:02:24.858+0000] {dag.py:2585} INFO - Sync 1 DAGs
[2023-10-04T08:02:24.882+0000] {logging_mixin.py:120} INFO - [2023-10-04T08:02:24.881+0000] {dag.py:3340} INFO - Setting next_dagrun for example_nested_branch_dag to 2023-10-03T00:00:00+00:00, run_after=2023-10-04T00:00:00+00:00
[2023-10-04T08:02:24.902+0000] {processor.py:176} INFO - Processing /home/airflow/.local/lib/python3.7/site-packages/airflow/example_dags/example_nested_branch_dag.py took 0.114 seconds
[2023-10-04T08:02:55.134+0000] {processor.py:154} INFO - Started process (PID=2667) to work on /home/airflow/.local/lib/python3.7/site-packages/airflow/example_dags/example_nested_branch_dag.py
[2023-10-04T08:02:55.137+0000] {processor.py:756} INFO - Processing file /home/airflow/.local/lib/python3.7/site-packages/airflow/example_dags/example_nested_branch_dag.py for tasks to queue
[2023-10-04T08:02:55.138+0000] {logging_mixin.py:120} INFO - [2023-10-04T08:02:55.138+0000] {dagbag.py:537} INFO - Filling up the DagBag from /home/airflow/.local/lib/python3.7/site-packages/airflow/example_dags/example_nested_branch_dag.py
[2023-10-04T08:02:55.158+0000] {processor.py:766} INFO - DAG(s) dict_keys(['example_nested_branch_dag']) retrieved from /home/airflow/.local/lib/python3.7/site-packages/airflow/example_dags/example_nested_branch_dag.py
[2023-10-04T08:02:55.197+0000] {logging_mixin.py:120} INFO - [2023-10-04T08:02:55.197+0000] {dag.py:2585} INFO - Sync 1 DAGs
[2023-10-04T08:02:55.221+0000] {logging_mixin.py:120} INFO - [2023-10-04T08:02:55.221+0000] {dag.py:3340} INFO - Setting next_dagrun for example_nested_branch_dag to 2023-10-03T00:00:00+00:00, run_after=2023-10-04T00:00:00+00:00
[2023-10-04T08:02:55.247+0000] {processor.py:176} INFO - Processing /home/airflow/.local/lib/python3.7/site-packages/airflow/example_dags/example_nested_branch_dag.py took 0.116 seconds
[2023-10-04T08:03:25.870+0000] {processor.py:154} INFO - Started process (PID=2725) to work on /home/airflow/.local/lib/python3.7/site-packages/airflow/example_dags/example_nested_branch_dag.py
[2023-10-04T08:03:25.871+0000] {processor.py:756} INFO - Processing file /home/airflow/.local/lib/python3.7/site-packages/airflow/example_dags/example_nested_branch_dag.py for tasks to queue
[2023-10-04T08:03:25.873+0000] {logging_mixin.py:120} INFO - [2023-10-04T08:03:25.873+0000] {dagbag.py:537} INFO - Filling up the DagBag from /home/airflow/.local/lib/python3.7/site-packages/airflow/example_dags/example_nested_branch_dag.py
[2023-10-04T08:03:25.901+0000] {processor.py:766} INFO - DAG(s) dict_keys(['example_nested_branch_dag']) retrieved from /home/airflow/.local/lib/python3.7/site-packages/airflow/example_dags/example_nested_branch_dag.py
[2023-10-04T08:03:25.981+0000] {logging_mixin.py:120} INFO - [2023-10-04T08:03:25.980+0000] {dag.py:2585} INFO - Sync 1 DAGs
[2023-10-04T08:03:26.018+0000] {logging_mixin.py:120} INFO - [2023-10-04T08:03:26.018+0000] {dag.py:3340} INFO - Setting next_dagrun for example_nested_branch_dag to 2023-10-03T00:00:00+00:00, run_after=2023-10-04T00:00:00+00:00
[2023-10-04T08:03:26.045+0000] {processor.py:176} INFO - Processing /home/airflow/.local/lib/python3.7/site-packages/airflow/example_dags/example_nested_branch_dag.py took 0.179 seconds
[2023-10-04T08:03:56.124+0000] {processor.py:154} INFO - Started process (PID=2792) to work on /home/airflow/.local/lib/python3.7/site-packages/airflow/example_dags/example_nested_branch_dag.py
[2023-10-04T08:03:56.126+0000] {processor.py:756} INFO - Processing file /home/airflow/.local/lib/python3.7/site-packages/airflow/example_dags/example_nested_branch_dag.py for tasks to queue
[2023-10-04T08:03:56.128+0000] {logging_mixin.py:120} INFO - [2023-10-04T08:03:56.127+0000] {dagbag.py:537} INFO - Filling up the DagBag from /home/airflow/.local/lib/python3.7/site-packages/airflow/example_dags/example_nested_branch_dag.py
[2023-10-04T08:03:56.155+0000] {processor.py:766} INFO - DAG(s) dict_keys(['example_nested_branch_dag']) retrieved from /home/airflow/.local/lib/python3.7/site-packages/airflow/example_dags/example_nested_branch_dag.py
[2023-10-04T08:03:56.251+0000] {logging_mixin.py:120} INFO - [2023-10-04T08:03:56.251+0000] {dag.py:2585} INFO - Sync 1 DAGs
[2023-10-04T08:03:56.278+0000] {logging_mixin.py:120} INFO - [2023-10-04T08:03:56.278+0000] {dag.py:3340} INFO - Setting next_dagrun for example_nested_branch_dag to 2023-10-03T00:00:00+00:00, run_after=2023-10-04T00:00:00+00:00
[2023-10-04T08:03:56.305+0000] {processor.py:176} INFO - Processing /home/airflow/.local/lib/python3.7/site-packages/airflow/example_dags/example_nested_branch_dag.py took 0.184 seconds
[2023-10-04T08:04:26.599+0000] {processor.py:154} INFO - Started process (PID=2859) to work on /home/airflow/.local/lib/python3.7/site-packages/airflow/example_dags/example_nested_branch_dag.py
[2023-10-04T08:04:26.601+0000] {processor.py:756} INFO - Processing file /home/airflow/.local/lib/python3.7/site-packages/airflow/example_dags/example_nested_branch_dag.py for tasks to queue
[2023-10-04T08:04:26.602+0000] {logging_mixin.py:120} INFO - [2023-10-04T08:04:26.602+0000] {dagbag.py:537} INFO - Filling up the DagBag from /home/airflow/.local/lib/python3.7/site-packages/airflow/example_dags/example_nested_branch_dag.py
[2023-10-04T08:04:26.625+0000] {processor.py:766} INFO - DAG(s) dict_keys(['example_nested_branch_dag']) retrieved from /home/airflow/.local/lib/python3.7/site-packages/airflow/example_dags/example_nested_branch_dag.py
[2023-10-04T08:04:26.660+0000] {logging_mixin.py:120} INFO - [2023-10-04T08:04:26.660+0000] {dag.py:2585} INFO - Sync 1 DAGs
[2023-10-04T08:04:26.683+0000] {logging_mixin.py:120} INFO - [2023-10-04T08:04:26.682+0000] {dag.py:3340} INFO - Setting next_dagrun for example_nested_branch_dag to 2023-10-03T00:00:00+00:00, run_after=2023-10-04T00:00:00+00:00
[2023-10-04T08:04:26.704+0000] {processor.py:176} INFO - Processing /home/airflow/.local/lib/python3.7/site-packages/airflow/example_dags/example_nested_branch_dag.py took 0.111 seconds
[2023-10-04T08:04:57.108+0000] {processor.py:154} INFO - Started process (PID=2926) to work on /home/airflow/.local/lib/python3.7/site-packages/airflow/example_dags/example_nested_branch_dag.py
[2023-10-04T08:04:57.109+0000] {processor.py:756} INFO - Processing file /home/airflow/.local/lib/python3.7/site-packages/airflow/example_dags/example_nested_branch_dag.py for tasks to queue
[2023-10-04T08:04:57.111+0000] {logging_mixin.py:120} INFO - [2023-10-04T08:04:57.111+0000] {dagbag.py:537} INFO - Filling up the DagBag from /home/airflow/.local/lib/python3.7/site-packages/airflow/example_dags/example_nested_branch_dag.py
[2023-10-04T08:04:57.134+0000] {processor.py:766} INFO - DAG(s) dict_keys(['example_nested_branch_dag']) retrieved from /home/airflow/.local/lib/python3.7/site-packages/airflow/example_dags/example_nested_branch_dag.py
[2023-10-04T08:04:57.177+0000] {logging_mixin.py:120} INFO - [2023-10-04T08:04:57.177+0000] {dag.py:2585} INFO - Sync 1 DAGs
[2023-10-04T08:04:57.205+0000] {logging_mixin.py:120} INFO - [2023-10-04T08:04:57.205+0000] {dag.py:3340} INFO - Setting next_dagrun for example_nested_branch_dag to 2023-10-03T00:00:00+00:00, run_after=2023-10-04T00:00:00+00:00
[2023-10-04T08:04:57.237+0000] {processor.py:176} INFO - Processing /home/airflow/.local/lib/python3.7/site-packages/airflow/example_dags/example_nested_branch_dag.py took 0.134 seconds
[2023-10-04T08:05:27.330+0000] {processor.py:154} INFO - Started process (PID=2984) to work on /home/airflow/.local/lib/python3.7/site-packages/airflow/example_dags/example_nested_branch_dag.py
[2023-10-04T08:05:27.332+0000] {processor.py:756} INFO - Processing file /home/airflow/.local/lib/python3.7/site-packages/airflow/example_dags/example_nested_branch_dag.py for tasks to queue
[2023-10-04T08:05:27.334+0000] {logging_mixin.py:120} INFO - [2023-10-04T08:05:27.334+0000] {dagbag.py:537} INFO - Filling up the DagBag from /home/airflow/.local/lib/python3.7/site-packages/airflow/example_dags/example_nested_branch_dag.py
[2023-10-04T08:05:27.357+0000] {processor.py:766} INFO - DAG(s) dict_keys(['example_nested_branch_dag']) retrieved from /home/airflow/.local/lib/python3.7/site-packages/airflow/example_dags/example_nested_branch_dag.py
[2023-10-04T08:05:27.403+0000] {logging_mixin.py:120} INFO - [2023-10-04T08:05:27.403+0000] {dag.py:2585} INFO - Sync 1 DAGs
[2023-10-04T08:05:27.429+0000] {logging_mixin.py:120} INFO - [2023-10-04T08:05:27.429+0000] {dag.py:3340} INFO - Setting next_dagrun for example_nested_branch_dag to 2023-10-03T00:00:00+00:00, run_after=2023-10-04T00:00:00+00:00
[2023-10-04T08:05:27.456+0000] {processor.py:176} INFO - Processing /home/airflow/.local/lib/python3.7/site-packages/airflow/example_dags/example_nested_branch_dag.py took 0.128 seconds
[2023-10-04T08:05:57.943+0000] {processor.py:154} INFO - Started process (PID=3051) to work on /home/airflow/.local/lib/python3.7/site-packages/airflow/example_dags/example_nested_branch_dag.py
[2023-10-04T08:05:57.945+0000] {processor.py:756} INFO - Processing file /home/airflow/.local/lib/python3.7/site-packages/airflow/example_dags/example_nested_branch_dag.py for tasks to queue
[2023-10-04T08:05:57.946+0000] {logging_mixin.py:120} INFO - [2023-10-04T08:05:57.946+0000] {dagbag.py:537} INFO - Filling up the DagBag from /home/airflow/.local/lib/python3.7/site-packages/airflow/example_dags/example_nested_branch_dag.py
[2023-10-04T08:05:57.966+0000] {processor.py:766} INFO - DAG(s) dict_keys(['example_nested_branch_dag']) retrieved from /home/airflow/.local/lib/python3.7/site-packages/airflow/example_dags/example_nested_branch_dag.py
[2023-10-04T08:05:58.004+0000] {logging_mixin.py:120} INFO - [2023-10-04T08:05:58.004+0000] {dag.py:2585} INFO - Sync 1 DAGs
[2023-10-04T08:05:58.028+0000] {logging_mixin.py:120} INFO - [2023-10-04T08:05:58.028+0000] {dag.py:3340} INFO - Setting next_dagrun for example_nested_branch_dag to 2023-10-03T00:00:00+00:00, run_after=2023-10-04T00:00:00+00:00
[2023-10-04T08:05:58.050+0000] {processor.py:176} INFO - Processing /home/airflow/.local/lib/python3.7/site-packages/airflow/example_dags/example_nested_branch_dag.py took 0.111 seconds
[2023-10-04T08:06:28.332+0000] {processor.py:154} INFO - Started process (PID=3118) to work on /home/airflow/.local/lib/python3.7/site-packages/airflow/example_dags/example_nested_branch_dag.py
[2023-10-04T08:06:28.334+0000] {processor.py:756} INFO - Processing file /home/airflow/.local/lib/python3.7/site-packages/airflow/example_dags/example_nested_branch_dag.py for tasks to queue
[2023-10-04T08:06:28.335+0000] {logging_mixin.py:120} INFO - [2023-10-04T08:06:28.335+0000] {dagbag.py:537} INFO - Filling up the DagBag from /home/airflow/.local/lib/python3.7/site-packages/airflow/example_dags/example_nested_branch_dag.py
[2023-10-04T08:06:28.356+0000] {processor.py:766} INFO - DAG(s) dict_keys(['example_nested_branch_dag']) retrieved from /home/airflow/.local/lib/python3.7/site-packages/airflow/example_dags/example_nested_branch_dag.py
[2023-10-04T08:06:28.398+0000] {logging_mixin.py:120} INFO - [2023-10-04T08:06:28.398+0000] {dag.py:2585} INFO - Sync 1 DAGs
[2023-10-04T08:06:28.424+0000] {logging_mixin.py:120} INFO - [2023-10-04T08:06:28.424+0000] {dag.py:3340} INFO - Setting next_dagrun for example_nested_branch_dag to 2023-10-03T00:00:00+00:00, run_after=2023-10-04T00:00:00+00:00
[2023-10-04T08:06:28.450+0000] {processor.py:176} INFO - Processing /home/airflow/.local/lib/python3.7/site-packages/airflow/example_dags/example_nested_branch_dag.py took 0.122 seconds
[2023-10-04T08:06:58.840+0000] {processor.py:154} INFO - Started process (PID=3176) to work on /home/airflow/.local/lib/python3.7/site-packages/airflow/example_dags/example_nested_branch_dag.py
[2023-10-04T08:06:58.842+0000] {processor.py:756} INFO - Processing file /home/airflow/.local/lib/python3.7/site-packages/airflow/example_dags/example_nested_branch_dag.py for tasks to queue
[2023-10-04T08:06:58.844+0000] {logging_mixin.py:120} INFO - [2023-10-04T08:06:58.844+0000] {dagbag.py:537} INFO - Filling up the DagBag from /home/airflow/.local/lib/python3.7/site-packages/airflow/example_dags/example_nested_branch_dag.py
[2023-10-04T08:06:58.866+0000] {processor.py:766} INFO - DAG(s) dict_keys(['example_nested_branch_dag']) retrieved from /home/airflow/.local/lib/python3.7/site-packages/airflow/example_dags/example_nested_branch_dag.py
[2023-10-04T08:06:58.907+0000] {logging_mixin.py:120} INFO - [2023-10-04T08:06:58.906+0000] {dag.py:2585} INFO - Sync 1 DAGs
[2023-10-04T08:06:58.930+0000] {logging_mixin.py:120} INFO - [2023-10-04T08:06:58.930+0000] {dag.py:3340} INFO - Setting next_dagrun for example_nested_branch_dag to 2023-10-03T00:00:00+00:00, run_after=2023-10-04T00:00:00+00:00
[2023-10-04T08:06:58.953+0000] {processor.py:176} INFO - Processing /home/airflow/.local/lib/python3.7/site-packages/airflow/example_dags/example_nested_branch_dag.py took 0.121 seconds
[2023-10-04T08:07:29.548+0000] {processor.py:154} INFO - Started process (PID=3243) to work on /home/airflow/.local/lib/python3.7/site-packages/airflow/example_dags/example_nested_branch_dag.py
[2023-10-04T08:07:29.550+0000] {processor.py:756} INFO - Processing file /home/airflow/.local/lib/python3.7/site-packages/airflow/example_dags/example_nested_branch_dag.py for tasks to queue
[2023-10-04T08:07:29.551+0000] {logging_mixin.py:120} INFO - [2023-10-04T08:07:29.551+0000] {dagbag.py:537} INFO - Filling up the DagBag from /home/airflow/.local/lib/python3.7/site-packages/airflow/example_dags/example_nested_branch_dag.py
[2023-10-04T08:07:29.575+0000] {processor.py:766} INFO - DAG(s) dict_keys(['example_nested_branch_dag']) retrieved from /home/airflow/.local/lib/python3.7/site-packages/airflow/example_dags/example_nested_branch_dag.py
[2023-10-04T08:07:29.610+0000] {logging_mixin.py:120} INFO - [2023-10-04T08:07:29.610+0000] {dag.py:2585} INFO - Sync 1 DAGs
[2023-10-04T08:07:29.632+0000] {logging_mixin.py:120} INFO - [2023-10-04T08:07:29.632+0000] {dag.py:3340} INFO - Setting next_dagrun for example_nested_branch_dag to 2023-10-03T00:00:00+00:00, run_after=2023-10-04T00:00:00+00:00
[2023-10-04T08:07:29.653+0000] {processor.py:176} INFO - Processing /home/airflow/.local/lib/python3.7/site-packages/airflow/example_dags/example_nested_branch_dag.py took 0.111 seconds
[2023-10-04T08:07:59.887+0000] {processor.py:154} INFO - Started process (PID=3310) to work on /home/airflow/.local/lib/python3.7/site-packages/airflow/example_dags/example_nested_branch_dag.py
[2023-10-04T08:07:59.888+0000] {processor.py:756} INFO - Processing file /home/airflow/.local/lib/python3.7/site-packages/airflow/example_dags/example_nested_branch_dag.py for tasks to queue
[2023-10-04T08:07:59.889+0000] {logging_mixin.py:120} INFO - [2023-10-04T08:07:59.889+0000] {dagbag.py:537} INFO - Filling up the DagBag from /home/airflow/.local/lib/python3.7/site-packages/airflow/example_dags/example_nested_branch_dag.py
[2023-10-04T08:07:59.915+0000] {processor.py:766} INFO - DAG(s) dict_keys(['example_nested_branch_dag']) retrieved from /home/airflow/.local/lib/python3.7/site-packages/airflow/example_dags/example_nested_branch_dag.py
[2023-10-04T08:07:59.966+0000] {logging_mixin.py:120} INFO - [2023-10-04T08:07:59.965+0000] {dag.py:2585} INFO - Sync 1 DAGs
[2023-10-04T08:07:59.990+0000] {logging_mixin.py:120} INFO - [2023-10-04T08:07:59.990+0000] {dag.py:3340} INFO - Setting next_dagrun for example_nested_branch_dag to 2023-10-03T00:00:00+00:00, run_after=2023-10-04T00:00:00+00:00
[2023-10-04T08:08:00.018+0000] {processor.py:176} INFO - Processing /home/airflow/.local/lib/python3.7/site-packages/airflow/example_dags/example_nested_branch_dag.py took 0.134 seconds
[2023-10-04T08:08:30.212+0000] {processor.py:154} INFO - Started process (PID=3377) to work on /home/airflow/.local/lib/python3.7/site-packages/airflow/example_dags/example_nested_branch_dag.py
[2023-10-04T08:08:30.214+0000] {processor.py:756} INFO - Processing file /home/airflow/.local/lib/python3.7/site-packages/airflow/example_dags/example_nested_branch_dag.py for tasks to queue
[2023-10-04T08:08:30.216+0000] {logging_mixin.py:120} INFO - [2023-10-04T08:08:30.216+0000] {dagbag.py:537} INFO - Filling up the DagBag from /home/airflow/.local/lib/python3.7/site-packages/airflow/example_dags/example_nested_branch_dag.py
[2023-10-04T08:08:30.237+0000] {processor.py:766} INFO - DAG(s) dict_keys(['example_nested_branch_dag']) retrieved from /home/airflow/.local/lib/python3.7/site-packages/airflow/example_dags/example_nested_branch_dag.py
[2023-10-04T08:08:30.272+0000] {logging_mixin.py:120} INFO - [2023-10-04T08:08:30.272+0000] {dag.py:2585} INFO - Sync 1 DAGs
[2023-10-04T08:08:30.292+0000] {logging_mixin.py:120} INFO - [2023-10-04T08:08:30.291+0000] {dag.py:3340} INFO - Setting next_dagrun for example_nested_branch_dag to 2023-10-03T00:00:00+00:00, run_after=2023-10-04T00:00:00+00:00
[2023-10-04T08:08:30.313+0000] {processor.py:176} INFO - Processing /home/airflow/.local/lib/python3.7/site-packages/airflow/example_dags/example_nested_branch_dag.py took 0.105 seconds
[2023-10-04T08:09:00.405+0000] {processor.py:154} INFO - Started process (PID=3436) to work on /home/airflow/.local/lib/python3.7/site-packages/airflow/example_dags/example_nested_branch_dag.py
[2023-10-04T08:09:00.407+0000] {processor.py:756} INFO - Processing file /home/airflow/.local/lib/python3.7/site-packages/airflow/example_dags/example_nested_branch_dag.py for tasks to queue
[2023-10-04T08:09:00.408+0000] {logging_mixin.py:120} INFO - [2023-10-04T08:09:00.408+0000] {dagbag.py:537} INFO - Filling up the DagBag from /home/airflow/.local/lib/python3.7/site-packages/airflow/example_dags/example_nested_branch_dag.py
[2023-10-04T08:09:00.430+0000] {processor.py:766} INFO - DAG(s) dict_keys(['example_nested_branch_dag']) retrieved from /home/airflow/.local/lib/python3.7/site-packages/airflow/example_dags/example_nested_branch_dag.py
[2023-10-04T08:09:00.477+0000] {logging_mixin.py:120} INFO - [2023-10-04T08:09:00.477+0000] {dag.py:2585} INFO - Sync 1 DAGs
[2023-10-04T08:09:00.502+0000] {logging_mixin.py:120} INFO - [2023-10-04T08:09:00.501+0000] {dag.py:3340} INFO - Setting next_dagrun for example_nested_branch_dag to 2023-10-03T00:00:00+00:00, run_after=2023-10-04T00:00:00+00:00
[2023-10-04T08:09:00.526+0000] {processor.py:176} INFO - Processing /home/airflow/.local/lib/python3.7/site-packages/airflow/example_dags/example_nested_branch_dag.py took 0.125 seconds
[2023-10-04T08:09:30.929+0000] {processor.py:154} INFO - Started process (PID=3503) to work on /home/airflow/.local/lib/python3.7/site-packages/airflow/example_dags/example_nested_branch_dag.py
[2023-10-04T08:09:30.931+0000] {processor.py:756} INFO - Processing file /home/airflow/.local/lib/python3.7/site-packages/airflow/example_dags/example_nested_branch_dag.py for tasks to queue
[2023-10-04T08:09:30.933+0000] {logging_mixin.py:120} INFO - [2023-10-04T08:09:30.932+0000] {dagbag.py:537} INFO - Filling up the DagBag from /home/airflow/.local/lib/python3.7/site-packages/airflow/example_dags/example_nested_branch_dag.py
[2023-10-04T08:09:30.955+0000] {processor.py:766} INFO - DAG(s) dict_keys(['example_nested_branch_dag']) retrieved from /home/airflow/.local/lib/python3.7/site-packages/airflow/example_dags/example_nested_branch_dag.py
[2023-10-04T08:09:30.989+0000] {logging_mixin.py:120} INFO - [2023-10-04T08:09:30.989+0000] {dag.py:2585} INFO - Sync 1 DAGs
[2023-10-04T08:09:31.012+0000] {logging_mixin.py:120} INFO - [2023-10-04T08:09:31.012+0000] {dag.py:3340} INFO - Setting next_dagrun for example_nested_branch_dag to 2023-10-03T00:00:00+00:00, run_after=2023-10-04T00:00:00+00:00
[2023-10-04T08:09:31.033+0000] {processor.py:176} INFO - Processing /home/airflow/.local/lib/python3.7/site-packages/airflow/example_dags/example_nested_branch_dag.py took 0.108 seconds
[2023-10-04T08:10:01.338+0000] {processor.py:154} INFO - Started process (PID=3570) to work on /home/airflow/.local/lib/python3.7/site-packages/airflow/example_dags/example_nested_branch_dag.py
[2023-10-04T08:10:01.340+0000] {processor.py:756} INFO - Processing file /home/airflow/.local/lib/python3.7/site-packages/airflow/example_dags/example_nested_branch_dag.py for tasks to queue
[2023-10-04T08:10:01.342+0000] {logging_mixin.py:120} INFO - [2023-10-04T08:10:01.342+0000] {dagbag.py:537} INFO - Filling up the DagBag from /home/airflow/.local/lib/python3.7/site-packages/airflow/example_dags/example_nested_branch_dag.py
[2023-10-04T08:10:01.361+0000] {processor.py:766} INFO - DAG(s) dict_keys(['example_nested_branch_dag']) retrieved from /home/airflow/.local/lib/python3.7/site-packages/airflow/example_dags/example_nested_branch_dag.py
[2023-10-04T08:10:01.394+0000] {logging_mixin.py:120} INFO - [2023-10-04T08:10:01.394+0000] {dag.py:2585} INFO - Sync 1 DAGs
[2023-10-04T08:10:01.415+0000] {logging_mixin.py:120} INFO - [2023-10-04T08:10:01.415+0000] {dag.py:3340} INFO - Setting next_dagrun for example_nested_branch_dag to 2023-10-03T00:00:00+00:00, run_after=2023-10-04T00:00:00+00:00
[2023-10-04T08:10:01.438+0000] {processor.py:176} INFO - Processing /home/airflow/.local/lib/python3.7/site-packages/airflow/example_dags/example_nested_branch_dag.py took 0.107 seconds
[2023-10-04T08:11:42.318+0000] {processor.py:154} INFO - Started process (PID=86) to work on /home/airflow/.local/lib/python3.7/site-packages/airflow/example_dags/example_nested_branch_dag.py
[2023-10-04T08:11:42.322+0000] {processor.py:756} INFO - Processing file /home/airflow/.local/lib/python3.7/site-packages/airflow/example_dags/example_nested_branch_dag.py for tasks to queue
[2023-10-04T08:11:42.326+0000] {logging_mixin.py:120} INFO - [2023-10-04T08:11:42.325+0000] {dagbag.py:537} INFO - Filling up the DagBag from /home/airflow/.local/lib/python3.7/site-packages/airflow/example_dags/example_nested_branch_dag.py
[2023-10-04T08:11:42.384+0000] {processor.py:766} INFO - DAG(s) dict_keys(['example_nested_branch_dag']) retrieved from /home/airflow/.local/lib/python3.7/site-packages/airflow/example_dags/example_nested_branch_dag.py
[2023-10-04T08:11:42.536+0000] {logging_mixin.py:120} INFO - [2023-10-04T08:11:42.535+0000] {dag.py:2585} INFO - Sync 1 DAGs
[2023-10-04T08:11:42.669+0000] {logging_mixin.py:120} INFO - [2023-10-04T08:11:42.667+0000] {dag.py:3340} INFO - Setting next_dagrun for example_nested_branch_dag to 2023-10-03T00:00:00+00:00, run_after=2023-10-04T00:00:00+00:00
[2023-10-04T08:11:42.792+0000] {processor.py:176} INFO - Processing /home/airflow/.local/lib/python3.7/site-packages/airflow/example_dags/example_nested_branch_dag.py took 0.494 seconds
[2023-10-04T08:12:13.516+0000] {processor.py:154} INFO - Started process (PID=145) to work on /home/airflow/.local/lib/python3.7/site-packages/airflow/example_dags/example_nested_branch_dag.py
[2023-10-04T08:12:13.518+0000] {processor.py:756} INFO - Processing file /home/airflow/.local/lib/python3.7/site-packages/airflow/example_dags/example_nested_branch_dag.py for tasks to queue
[2023-10-04T08:12:13.519+0000] {logging_mixin.py:120} INFO - [2023-10-04T08:12:13.519+0000] {dagbag.py:537} INFO - Filling up the DagBag from /home/airflow/.local/lib/python3.7/site-packages/airflow/example_dags/example_nested_branch_dag.py
[2023-10-04T08:12:13.542+0000] {processor.py:766} INFO - DAG(s) dict_keys(['example_nested_branch_dag']) retrieved from /home/airflow/.local/lib/python3.7/site-packages/airflow/example_dags/example_nested_branch_dag.py
[2023-10-04T08:12:13.585+0000] {logging_mixin.py:120} INFO - [2023-10-04T08:12:13.584+0000] {dag.py:2585} INFO - Sync 1 DAGs
[2023-10-04T08:12:13.609+0000] {logging_mixin.py:120} INFO - [2023-10-04T08:12:13.609+0000] {dag.py:3340} INFO - Setting next_dagrun for example_nested_branch_dag to 2023-10-03T00:00:00+00:00, run_after=2023-10-04T00:00:00+00:00
[2023-10-04T08:12:13.638+0000] {processor.py:176} INFO - Processing /home/airflow/.local/lib/python3.7/site-packages/airflow/example_dags/example_nested_branch_dag.py took 0.127 seconds
[2023-10-04T08:12:44.344+0000] {processor.py:154} INFO - Started process (PID=215) to work on /home/airflow/.local/lib/python3.7/site-packages/airflow/example_dags/example_nested_branch_dag.py
[2023-10-04T08:12:44.346+0000] {processor.py:756} INFO - Processing file /home/airflow/.local/lib/python3.7/site-packages/airflow/example_dags/example_nested_branch_dag.py for tasks to queue
[2023-10-04T08:12:44.348+0000] {logging_mixin.py:120} INFO - [2023-10-04T08:12:44.348+0000] {dagbag.py:537} INFO - Filling up the DagBag from /home/airflow/.local/lib/python3.7/site-packages/airflow/example_dags/example_nested_branch_dag.py
[2023-10-04T08:12:44.380+0000] {processor.py:766} INFO - DAG(s) dict_keys(['example_nested_branch_dag']) retrieved from /home/airflow/.local/lib/python3.7/site-packages/airflow/example_dags/example_nested_branch_dag.py
[2023-10-04T08:12:44.432+0000] {logging_mixin.py:120} INFO - [2023-10-04T08:12:44.431+0000] {dag.py:2585} INFO - Sync 1 DAGs
[2023-10-04T08:12:44.468+0000] {logging_mixin.py:120} INFO - [2023-10-04T08:12:44.468+0000] {dag.py:3340} INFO - Setting next_dagrun for example_nested_branch_dag to 2023-10-03T00:00:00+00:00, run_after=2023-10-04T00:00:00+00:00
[2023-10-04T08:12:44.504+0000] {processor.py:176} INFO - Processing /home/airflow/.local/lib/python3.7/site-packages/airflow/example_dags/example_nested_branch_dag.py took 0.165 seconds
[2023-10-04T08:13:14.841+0000] {processor.py:154} INFO - Started process (PID=283) to work on /home/airflow/.local/lib/python3.7/site-packages/airflow/example_dags/example_nested_branch_dag.py
[2023-10-04T08:13:14.844+0000] {processor.py:756} INFO - Processing file /home/airflow/.local/lib/python3.7/site-packages/airflow/example_dags/example_nested_branch_dag.py for tasks to queue
[2023-10-04T08:13:14.845+0000] {logging_mixin.py:120} INFO - [2023-10-04T08:13:14.845+0000] {dagbag.py:537} INFO - Filling up the DagBag from /home/airflow/.local/lib/python3.7/site-packages/airflow/example_dags/example_nested_branch_dag.py
[2023-10-04T08:13:14.871+0000] {processor.py:766} INFO - DAG(s) dict_keys(['example_nested_branch_dag']) retrieved from /home/airflow/.local/lib/python3.7/site-packages/airflow/example_dags/example_nested_branch_dag.py
[2023-10-04T08:13:14.917+0000] {logging_mixin.py:120} INFO - [2023-10-04T08:13:14.917+0000] {dag.py:2585} INFO - Sync 1 DAGs
[2023-10-04T08:13:14.946+0000] {logging_mixin.py:120} INFO - [2023-10-04T08:13:14.946+0000] {dag.py:3340} INFO - Setting next_dagrun for example_nested_branch_dag to 2023-10-03T00:00:00+00:00, run_after=2023-10-04T00:00:00+00:00
[2023-10-04T08:13:14.976+0000] {processor.py:176} INFO - Processing /home/airflow/.local/lib/python3.7/site-packages/airflow/example_dags/example_nested_branch_dag.py took 0.142 seconds
[2023-10-04T08:13:45.578+0000] {processor.py:154} INFO - Started process (PID=351) to work on /home/airflow/.local/lib/python3.7/site-packages/airflow/example_dags/example_nested_branch_dag.py
[2023-10-04T08:13:45.580+0000] {processor.py:756} INFO - Processing file /home/airflow/.local/lib/python3.7/site-packages/airflow/example_dags/example_nested_branch_dag.py for tasks to queue
[2023-10-04T08:13:45.582+0000] {logging_mixin.py:120} INFO - [2023-10-04T08:13:45.582+0000] {dagbag.py:537} INFO - Filling up the DagBag from /home/airflow/.local/lib/python3.7/site-packages/airflow/example_dags/example_nested_branch_dag.py
[2023-10-04T08:13:45.602+0000] {processor.py:766} INFO - DAG(s) dict_keys(['example_nested_branch_dag']) retrieved from /home/airflow/.local/lib/python3.7/site-packages/airflow/example_dags/example_nested_branch_dag.py
[2023-10-04T08:13:45.644+0000] {logging_mixin.py:120} INFO - [2023-10-04T08:13:45.644+0000] {dag.py:2585} INFO - Sync 1 DAGs
[2023-10-04T08:13:45.671+0000] {logging_mixin.py:120} INFO - [2023-10-04T08:13:45.671+0000] {dag.py:3340} INFO - Setting next_dagrun for example_nested_branch_dag to 2023-10-03T00:00:00+00:00, run_after=2023-10-04T00:00:00+00:00
[2023-10-04T08:13:45.694+0000] {processor.py:176} INFO - Processing /home/airflow/.local/lib/python3.7/site-packages/airflow/example_dags/example_nested_branch_dag.py took 0.119 seconds
[2023-10-04T08:14:16.056+0000] {processor.py:154} INFO - Started process (PID=410) to work on /home/airflow/.local/lib/python3.7/site-packages/airflow/example_dags/example_nested_branch_dag.py
[2023-10-04T08:14:16.057+0000] {processor.py:756} INFO - Processing file /home/airflow/.local/lib/python3.7/site-packages/airflow/example_dags/example_nested_branch_dag.py for tasks to queue
[2023-10-04T08:14:16.059+0000] {logging_mixin.py:120} INFO - [2023-10-04T08:14:16.059+0000] {dagbag.py:537} INFO - Filling up the DagBag from /home/airflow/.local/lib/python3.7/site-packages/airflow/example_dags/example_nested_branch_dag.py
[2023-10-04T08:14:16.079+0000] {processor.py:766} INFO - DAG(s) dict_keys(['example_nested_branch_dag']) retrieved from /home/airflow/.local/lib/python3.7/site-packages/airflow/example_dags/example_nested_branch_dag.py
[2023-10-04T08:14:16.116+0000] {logging_mixin.py:120} INFO - [2023-10-04T08:14:16.116+0000] {dag.py:2585} INFO - Sync 1 DAGs
[2023-10-04T08:14:16.139+0000] {logging_mixin.py:120} INFO - [2023-10-04T08:14:16.138+0000] {dag.py:3340} INFO - Setting next_dagrun for example_nested_branch_dag to 2023-10-03T00:00:00+00:00, run_after=2023-10-04T00:00:00+00:00
[2023-10-04T08:14:16.160+0000] {processor.py:176} INFO - Processing /home/airflow/.local/lib/python3.7/site-packages/airflow/example_dags/example_nested_branch_dag.py took 0.109 seconds
[2023-10-04T08:14:46.450+0000] {processor.py:154} INFO - Started process (PID=478) to work on /home/airflow/.local/lib/python3.7/site-packages/airflow/example_dags/example_nested_branch_dag.py
[2023-10-04T08:14:46.453+0000] {processor.py:756} INFO - Processing file /home/airflow/.local/lib/python3.7/site-packages/airflow/example_dags/example_nested_branch_dag.py for tasks to queue
[2023-10-04T08:14:46.455+0000] {logging_mixin.py:120} INFO - [2023-10-04T08:14:46.455+0000] {dagbag.py:537} INFO - Filling up the DagBag from /home/airflow/.local/lib/python3.7/site-packages/airflow/example_dags/example_nested_branch_dag.py
[2023-10-04T08:14:46.494+0000] {processor.py:766} INFO - DAG(s) dict_keys(['example_nested_branch_dag']) retrieved from /home/airflow/.local/lib/python3.7/site-packages/airflow/example_dags/example_nested_branch_dag.py
[2023-10-04T08:14:46.555+0000] {logging_mixin.py:120} INFO - [2023-10-04T08:14:46.555+0000] {dag.py:2585} INFO - Sync 1 DAGs
[2023-10-04T08:14:46.595+0000] {logging_mixin.py:120} INFO - [2023-10-04T08:14:46.595+0000] {dag.py:3340} INFO - Setting next_dagrun for example_nested_branch_dag to 2023-10-03T00:00:00+00:00, run_after=2023-10-04T00:00:00+00:00
[2023-10-04T08:14:46.649+0000] {processor.py:176} INFO - Processing /home/airflow/.local/lib/python3.7/site-packages/airflow/example_dags/example_nested_branch_dag.py took 0.203 seconds
[2023-10-04T08:15:17.322+0000] {processor.py:154} INFO - Started process (PID=546) to work on /home/airflow/.local/lib/python3.7/site-packages/airflow/example_dags/example_nested_branch_dag.py
[2023-10-04T08:15:17.325+0000] {processor.py:756} INFO - Processing file /home/airflow/.local/lib/python3.7/site-packages/airflow/example_dags/example_nested_branch_dag.py for tasks to queue
[2023-10-04T08:15:17.328+0000] {logging_mixin.py:120} INFO - [2023-10-04T08:15:17.328+0000] {dagbag.py:537} INFO - Filling up the DagBag from /home/airflow/.local/lib/python3.7/site-packages/airflow/example_dags/example_nested_branch_dag.py
[2023-10-04T08:15:17.383+0000] {processor.py:766} INFO - DAG(s) dict_keys(['example_nested_branch_dag']) retrieved from /home/airflow/.local/lib/python3.7/site-packages/airflow/example_dags/example_nested_branch_dag.py
[2023-10-04T08:15:17.430+0000] {logging_mixin.py:120} INFO - [2023-10-04T08:15:17.430+0000] {dag.py:2585} INFO - Sync 1 DAGs
[2023-10-04T08:15:17.454+0000] {logging_mixin.py:120} INFO - [2023-10-04T08:15:17.454+0000] {dag.py:3340} INFO - Setting next_dagrun for example_nested_branch_dag to 2023-10-03T00:00:00+00:00, run_after=2023-10-04T00:00:00+00:00
[2023-10-04T08:15:17.481+0000] {processor.py:176} INFO - Processing /home/airflow/.local/lib/python3.7/site-packages/airflow/example_dags/example_nested_branch_dag.py took 0.169 seconds
[2023-10-04T08:15:48.072+0000] {processor.py:154} INFO - Started process (PID=614) to work on /home/airflow/.local/lib/python3.7/site-packages/airflow/example_dags/example_nested_branch_dag.py
[2023-10-04T08:15:48.074+0000] {processor.py:756} INFO - Processing file /home/airflow/.local/lib/python3.7/site-packages/airflow/example_dags/example_nested_branch_dag.py for tasks to queue
[2023-10-04T08:15:48.076+0000] {logging_mixin.py:120} INFO - [2023-10-04T08:15:48.075+0000] {dagbag.py:537} INFO - Filling up the DagBag from /home/airflow/.local/lib/python3.7/site-packages/airflow/example_dags/example_nested_branch_dag.py
[2023-10-04T08:15:48.114+0000] {processor.py:766} INFO - DAG(s) dict_keys(['example_nested_branch_dag']) retrieved from /home/airflow/.local/lib/python3.7/site-packages/airflow/example_dags/example_nested_branch_dag.py
[2023-10-04T08:15:48.181+0000] {logging_mixin.py:120} INFO - [2023-10-04T08:15:48.180+0000] {dag.py:2585} INFO - Sync 1 DAGs
[2023-10-04T08:15:48.210+0000] {logging_mixin.py:120} INFO - [2023-10-04T08:15:48.210+0000] {dag.py:3340} INFO - Setting next_dagrun for example_nested_branch_dag to 2023-10-03T00:00:00+00:00, run_after=2023-10-04T00:00:00+00:00
[2023-10-04T08:15:48.263+0000] {processor.py:176} INFO - Processing /home/airflow/.local/lib/python3.7/site-packages/airflow/example_dags/example_nested_branch_dag.py took 0.197 seconds
[2023-10-04T08:16:18.381+0000] {processor.py:154} INFO - Started process (PID=673) to work on /home/airflow/.local/lib/python3.7/site-packages/airflow/example_dags/example_nested_branch_dag.py
[2023-10-04T08:16:18.382+0000] {processor.py:756} INFO - Processing file /home/airflow/.local/lib/python3.7/site-packages/airflow/example_dags/example_nested_branch_dag.py for tasks to queue
[2023-10-04T08:16:18.383+0000] {logging_mixin.py:120} INFO - [2023-10-04T08:16:18.383+0000] {dagbag.py:537} INFO - Filling up the DagBag from /home/airflow/.local/lib/python3.7/site-packages/airflow/example_dags/example_nested_branch_dag.py
[2023-10-04T08:16:18.403+0000] {processor.py:766} INFO - DAG(s) dict_keys(['example_nested_branch_dag']) retrieved from /home/airflow/.local/lib/python3.7/site-packages/airflow/example_dags/example_nested_branch_dag.py
[2023-10-04T08:16:18.441+0000] {logging_mixin.py:120} INFO - [2023-10-04T08:16:18.441+0000] {dag.py:2585} INFO - Sync 1 DAGs
[2023-10-04T08:16:18.468+0000] {logging_mixin.py:120} INFO - [2023-10-04T08:16:18.467+0000] {dag.py:3340} INFO - Setting next_dagrun for example_nested_branch_dag to 2023-10-03T00:00:00+00:00, run_after=2023-10-04T00:00:00+00:00
[2023-10-04T08:16:18.489+0000] {processor.py:176} INFO - Processing /home/airflow/.local/lib/python3.7/site-packages/airflow/example_dags/example_nested_branch_dag.py took 0.112 seconds
[2023-10-04T08:16:49.383+0000] {processor.py:154} INFO - Started process (PID=742) to work on /home/airflow/.local/lib/python3.7/site-packages/airflow/example_dags/example_nested_branch_dag.py
[2023-10-04T08:16:49.384+0000] {processor.py:756} INFO - Processing file /home/airflow/.local/lib/python3.7/site-packages/airflow/example_dags/example_nested_branch_dag.py for tasks to queue
[2023-10-04T08:16:49.386+0000] {logging_mixin.py:120} INFO - [2023-10-04T08:16:49.386+0000] {dagbag.py:537} INFO - Filling up the DagBag from /home/airflow/.local/lib/python3.7/site-packages/airflow/example_dags/example_nested_branch_dag.py
[2023-10-04T08:16:49.412+0000] {processor.py:766} INFO - DAG(s) dict_keys(['example_nested_branch_dag']) retrieved from /home/airflow/.local/lib/python3.7/site-packages/airflow/example_dags/example_nested_branch_dag.py
[2023-10-04T08:16:49.463+0000] {logging_mixin.py:120} INFO - [2023-10-04T08:16:49.462+0000] {dag.py:2585} INFO - Sync 1 DAGs
[2023-10-04T08:16:49.494+0000] {logging_mixin.py:120} INFO - [2023-10-04T08:16:49.494+0000] {dag.py:3340} INFO - Setting next_dagrun for example_nested_branch_dag to 2023-10-03T00:00:00+00:00, run_after=2023-10-04T00:00:00+00:00
[2023-10-04T08:16:49.522+0000] {processor.py:176} INFO - Processing /home/airflow/.local/lib/python3.7/site-packages/airflow/example_dags/example_nested_branch_dag.py took 0.144 seconds
[2023-10-04T08:17:20.024+0000] {processor.py:154} INFO - Started process (PID=810) to work on /home/airflow/.local/lib/python3.7/site-packages/airflow/example_dags/example_nested_branch_dag.py
[2023-10-04T08:17:20.026+0000] {processor.py:756} INFO - Processing file /home/airflow/.local/lib/python3.7/site-packages/airflow/example_dags/example_nested_branch_dag.py for tasks to queue
[2023-10-04T08:17:20.028+0000] {logging_mixin.py:120} INFO - [2023-10-04T08:17:20.027+0000] {dagbag.py:537} INFO - Filling up the DagBag from /home/airflow/.local/lib/python3.7/site-packages/airflow/example_dags/example_nested_branch_dag.py
[2023-10-04T08:17:20.053+0000] {processor.py:766} INFO - DAG(s) dict_keys(['example_nested_branch_dag']) retrieved from /home/airflow/.local/lib/python3.7/site-packages/airflow/example_dags/example_nested_branch_dag.py
[2023-10-04T08:17:20.106+0000] {logging_mixin.py:120} INFO - [2023-10-04T08:17:20.106+0000] {dag.py:2585} INFO - Sync 1 DAGs
[2023-10-04T08:17:20.139+0000] {logging_mixin.py:120} INFO - [2023-10-04T08:17:20.139+0000] {dag.py:3340} INFO - Setting next_dagrun for example_nested_branch_dag to 2023-10-03T00:00:00+00:00, run_after=2023-10-04T00:00:00+00:00
[2023-10-04T08:17:20.174+0000] {processor.py:176} INFO - Processing /home/airflow/.local/lib/python3.7/site-packages/airflow/example_dags/example_nested_branch_dag.py took 0.153 seconds
[2023-10-04T08:17:50.517+0000] {processor.py:154} INFO - Started process (PID=868) to work on /home/airflow/.local/lib/python3.7/site-packages/airflow/example_dags/example_nested_branch_dag.py
[2023-10-04T08:17:50.519+0000] {processor.py:756} INFO - Processing file /home/airflow/.local/lib/python3.7/site-packages/airflow/example_dags/example_nested_branch_dag.py for tasks to queue
[2023-10-04T08:17:50.522+0000] {logging_mixin.py:120} INFO - [2023-10-04T08:17:50.521+0000] {dagbag.py:537} INFO - Filling up the DagBag from /home/airflow/.local/lib/python3.7/site-packages/airflow/example_dags/example_nested_branch_dag.py
[2023-10-04T08:17:50.576+0000] {processor.py:766} INFO - DAG(s) dict_keys(['example_nested_branch_dag']) retrieved from /home/airflow/.local/lib/python3.7/site-packages/airflow/example_dags/example_nested_branch_dag.py
[2023-10-04T08:17:50.675+0000] {logging_mixin.py:120} INFO - [2023-10-04T08:17:50.674+0000] {dag.py:2585} INFO - Sync 1 DAGs
[2023-10-04T08:17:50.711+0000] {logging_mixin.py:120} INFO - [2023-10-04T08:17:50.711+0000] {dag.py:3340} INFO - Setting next_dagrun for example_nested_branch_dag to 2023-10-03T00:00:00+00:00, run_after=2023-10-04T00:00:00+00:00
[2023-10-04T08:17:50.756+0000] {processor.py:176} INFO - Processing /home/airflow/.local/lib/python3.7/site-packages/airflow/example_dags/example_nested_branch_dag.py took 0.244 seconds
[2023-10-04T08:18:21.485+0000] {processor.py:154} INFO - Started process (PID=936) to work on /home/airflow/.local/lib/python3.7/site-packages/airflow/example_dags/example_nested_branch_dag.py
[2023-10-04T08:18:21.488+0000] {processor.py:756} INFO - Processing file /home/airflow/.local/lib/python3.7/site-packages/airflow/example_dags/example_nested_branch_dag.py for tasks to queue
[2023-10-04T08:18:21.492+0000] {logging_mixin.py:120} INFO - [2023-10-04T08:18:21.491+0000] {dagbag.py:537} INFO - Filling up the DagBag from /home/airflow/.local/lib/python3.7/site-packages/airflow/example_dags/example_nested_branch_dag.py
[2023-10-04T08:18:21.525+0000] {processor.py:766} INFO - DAG(s) dict_keys(['example_nested_branch_dag']) retrieved from /home/airflow/.local/lib/python3.7/site-packages/airflow/example_dags/example_nested_branch_dag.py
[2023-10-04T08:18:21.600+0000] {logging_mixin.py:120} INFO - [2023-10-04T08:18:21.598+0000] {dag.py:2585} INFO - Sync 1 DAGs
[2023-10-04T08:18:21.633+0000] {logging_mixin.py:120} INFO - [2023-10-04T08:18:21.632+0000] {dag.py:3340} INFO - Setting next_dagrun for example_nested_branch_dag to 2023-10-03T00:00:00+00:00, run_after=2023-10-04T00:00:00+00:00
[2023-10-04T08:18:21.670+0000] {processor.py:176} INFO - Processing /home/airflow/.local/lib/python3.7/site-packages/airflow/example_dags/example_nested_branch_dag.py took 0.189 seconds
[2023-10-04T08:18:52.512+0000] {processor.py:154} INFO - Started process (PID=1004) to work on /home/airflow/.local/lib/python3.7/site-packages/airflow/example_dags/example_nested_branch_dag.py
[2023-10-04T08:18:52.514+0000] {processor.py:756} INFO - Processing file /home/airflow/.local/lib/python3.7/site-packages/airflow/example_dags/example_nested_branch_dag.py for tasks to queue
[2023-10-04T08:18:52.517+0000] {logging_mixin.py:120} INFO - [2023-10-04T08:18:52.516+0000] {dagbag.py:537} INFO - Filling up the DagBag from /home/airflow/.local/lib/python3.7/site-packages/airflow/example_dags/example_nested_branch_dag.py
[2023-10-04T08:18:52.570+0000] {processor.py:766} INFO - DAG(s) dict_keys(['example_nested_branch_dag']) retrieved from /home/airflow/.local/lib/python3.7/site-packages/airflow/example_dags/example_nested_branch_dag.py
[2023-10-04T08:18:52.651+0000] {logging_mixin.py:120} INFO - [2023-10-04T08:18:52.650+0000] {dag.py:2585} INFO - Sync 1 DAGs
[2023-10-04T08:18:52.706+0000] {logging_mixin.py:120} INFO - [2023-10-04T08:18:52.706+0000] {dag.py:3340} INFO - Setting next_dagrun for example_nested_branch_dag to 2023-10-03T00:00:00+00:00, run_after=2023-10-04T00:00:00+00:00
[2023-10-04T08:18:52.744+0000] {processor.py:176} INFO - Processing /home/airflow/.local/lib/python3.7/site-packages/airflow/example_dags/example_nested_branch_dag.py took 0.239 seconds
[2023-10-04T08:19:23.069+0000] {processor.py:154} INFO - Started process (PID=1063) to work on /home/airflow/.local/lib/python3.7/site-packages/airflow/example_dags/example_nested_branch_dag.py
[2023-10-04T08:19:23.072+0000] {processor.py:756} INFO - Processing file /home/airflow/.local/lib/python3.7/site-packages/airflow/example_dags/example_nested_branch_dag.py for tasks to queue
[2023-10-04T08:19:23.075+0000] {logging_mixin.py:120} INFO - [2023-10-04T08:19:23.074+0000] {dagbag.py:537} INFO - Filling up the DagBag from /home/airflow/.local/lib/python3.7/site-packages/airflow/example_dags/example_nested_branch_dag.py
[2023-10-04T08:19:23.110+0000] {processor.py:766} INFO - DAG(s) dict_keys(['example_nested_branch_dag']) retrieved from /home/airflow/.local/lib/python3.7/site-packages/airflow/example_dags/example_nested_branch_dag.py
[2023-10-04T08:19:23.173+0000] {logging_mixin.py:120} INFO - [2023-10-04T08:19:23.172+0000] {dag.py:2585} INFO - Sync 1 DAGs
[2023-10-04T08:19:23.198+0000] {logging_mixin.py:120} INFO - [2023-10-04T08:19:23.198+0000] {dag.py:3340} INFO - Setting next_dagrun for example_nested_branch_dag to 2023-10-03T00:00:00+00:00, run_after=2023-10-04T00:00:00+00:00
[2023-10-04T08:19:23.230+0000] {processor.py:176} INFO - Processing /home/airflow/.local/lib/python3.7/site-packages/airflow/example_dags/example_nested_branch_dag.py took 0.167 seconds
[2023-10-04T08:19:53.452+0000] {processor.py:154} INFO - Started process (PID=1131) to work on /home/airflow/.local/lib/python3.7/site-packages/airflow/example_dags/example_nested_branch_dag.py
[2023-10-04T08:19:53.454+0000] {processor.py:756} INFO - Processing file /home/airflow/.local/lib/python3.7/site-packages/airflow/example_dags/example_nested_branch_dag.py for tasks to queue
[2023-10-04T08:19:53.457+0000] {logging_mixin.py:120} INFO - [2023-10-04T08:19:53.456+0000] {dagbag.py:537} INFO - Filling up the DagBag from /home/airflow/.local/lib/python3.7/site-packages/airflow/example_dags/example_nested_branch_dag.py
[2023-10-04T08:19:53.493+0000] {processor.py:766} INFO - DAG(s) dict_keys(['example_nested_branch_dag']) retrieved from /home/airflow/.local/lib/python3.7/site-packages/airflow/example_dags/example_nested_branch_dag.py
[2023-10-04T08:19:53.564+0000] {logging_mixin.py:120} INFO - [2023-10-04T08:19:53.564+0000] {dag.py:2585} INFO - Sync 1 DAGs
[2023-10-04T08:19:53.624+0000] {logging_mixin.py:120} INFO - [2023-10-04T08:19:53.623+0000] {dag.py:3340} INFO - Setting next_dagrun for example_nested_branch_dag to 2023-10-03T00:00:00+00:00, run_after=2023-10-04T00:00:00+00:00
[2023-10-04T08:19:53.671+0000] {processor.py:176} INFO - Processing /home/airflow/.local/lib/python3.7/site-packages/airflow/example_dags/example_nested_branch_dag.py took 0.222 seconds
