[2023-10-04T07:42:35.465+0000] {processor.py:154} INFO - Started process (PID=89) to work on /home/airflow/.local/lib/python3.7/site-packages/airflow/example_dags/example_trigger_target_dag.py
[2023-10-04T07:42:35.472+0000] {processor.py:756} INFO - Processing file /home/airflow/.local/lib/python3.7/site-packages/airflow/example_dags/example_trigger_target_dag.py for tasks to queue
[2023-10-04T07:42:35.476+0000] {logging_mixin.py:120} INFO - [2023-10-04T07:42:35.476+0000] {dagbag.py:537} INFO - Filling up the DagBag from /home/airflow/.local/lib/python3.7/site-packages/airflow/example_dags/example_trigger_target_dag.py
[2023-10-04T07:42:35.550+0000] {processor.py:766} INFO - DAG(s) dict_keys(['example_trigger_target_dag']) retrieved from /home/airflow/.local/lib/python3.7/site-packages/airflow/example_dags/example_trigger_target_dag.py
[2023-10-04T07:42:35.684+0000] {logging_mixin.py:120} INFO - [2023-10-04T07:42:35.683+0000] {dag.py:2585} INFO - Sync 1 DAGs
[2023-10-04T07:42:35.769+0000] {logging_mixin.py:120} INFO - [2023-10-04T07:42:35.768+0000] {dag.py:3340} INFO - Setting next_dagrun for example_trigger_target_dag to None, run_after=None
[2023-10-04T07:42:35.916+0000] {processor.py:176} INFO - Processing /home/airflow/.local/lib/python3.7/site-packages/airflow/example_dags/example_trigger_target_dag.py took 0.457 seconds
[2023-10-04T07:43:06.553+0000] {processor.py:154} INFO - Started process (PID=147) to work on /home/airflow/.local/lib/python3.7/site-packages/airflow/example_dags/example_trigger_target_dag.py
[2023-10-04T07:43:06.558+0000] {processor.py:756} INFO - Processing file /home/airflow/.local/lib/python3.7/site-packages/airflow/example_dags/example_trigger_target_dag.py for tasks to queue
[2023-10-04T07:43:06.562+0000] {logging_mixin.py:120} INFO - [2023-10-04T07:43:06.561+0000] {dagbag.py:537} INFO - Filling up the DagBag from /home/airflow/.local/lib/python3.7/site-packages/airflow/example_dags/example_trigger_target_dag.py
[2023-10-04T07:43:06.614+0000] {processor.py:766} INFO - DAG(s) dict_keys(['example_trigger_target_dag']) retrieved from /home/airflow/.local/lib/python3.7/site-packages/airflow/example_dags/example_trigger_target_dag.py
[2023-10-04T07:43:06.693+0000] {logging_mixin.py:120} INFO - [2023-10-04T07:43:06.693+0000] {dag.py:2585} INFO - Sync 1 DAGs
[2023-10-04T07:43:06.737+0000] {logging_mixin.py:120} INFO - [2023-10-04T07:43:06.736+0000] {dag.py:3340} INFO - Setting next_dagrun for example_trigger_target_dag to None, run_after=None
[2023-10-04T07:43:06.789+0000] {processor.py:176} INFO - Processing /home/airflow/.local/lib/python3.7/site-packages/airflow/example_dags/example_trigger_target_dag.py took 0.239 seconds
[2023-10-04T07:43:37.300+0000] {processor.py:154} INFO - Started process (PID=215) to work on /home/airflow/.local/lib/python3.7/site-packages/airflow/example_dags/example_trigger_target_dag.py
[2023-10-04T07:43:37.303+0000] {processor.py:756} INFO - Processing file /home/airflow/.local/lib/python3.7/site-packages/airflow/example_dags/example_trigger_target_dag.py for tasks to queue
[2023-10-04T07:43:37.305+0000] {logging_mixin.py:120} INFO - [2023-10-04T07:43:37.305+0000] {dagbag.py:537} INFO - Filling up the DagBag from /home/airflow/.local/lib/python3.7/site-packages/airflow/example_dags/example_trigger_target_dag.py
[2023-10-04T07:43:37.342+0000] {processor.py:766} INFO - DAG(s) dict_keys(['example_trigger_target_dag']) retrieved from /home/airflow/.local/lib/python3.7/site-packages/airflow/example_dags/example_trigger_target_dag.py
[2023-10-04T07:43:37.397+0000] {logging_mixin.py:120} INFO - [2023-10-04T07:43:37.397+0000] {dag.py:2585} INFO - Sync 1 DAGs
[2023-10-04T07:43:37.449+0000] {logging_mixin.py:120} INFO - [2023-10-04T07:43:37.449+0000] {dag.py:3340} INFO - Setting next_dagrun for example_trigger_target_dag to None, run_after=None
[2023-10-04T07:43:37.499+0000] {processor.py:176} INFO - Processing /home/airflow/.local/lib/python3.7/site-packages/airflow/example_dags/example_trigger_target_dag.py took 0.205 seconds
[2023-10-04T07:44:07.734+0000] {processor.py:154} INFO - Started process (PID=282) to work on /home/airflow/.local/lib/python3.7/site-packages/airflow/example_dags/example_trigger_target_dag.py
[2023-10-04T07:44:07.735+0000] {processor.py:756} INFO - Processing file /home/airflow/.local/lib/python3.7/site-packages/airflow/example_dags/example_trigger_target_dag.py for tasks to queue
[2023-10-04T07:44:07.736+0000] {logging_mixin.py:120} INFO - [2023-10-04T07:44:07.736+0000] {dagbag.py:537} INFO - Filling up the DagBag from /home/airflow/.local/lib/python3.7/site-packages/airflow/example_dags/example_trigger_target_dag.py
[2023-10-04T07:44:07.753+0000] {processor.py:766} INFO - DAG(s) dict_keys(['example_trigger_target_dag']) retrieved from /home/airflow/.local/lib/python3.7/site-packages/airflow/example_dags/example_trigger_target_dag.py
[2023-10-04T07:44:07.787+0000] {logging_mixin.py:120} INFO - [2023-10-04T07:44:07.787+0000] {dag.py:2585} INFO - Sync 1 DAGs
[2023-10-04T07:44:07.809+0000] {logging_mixin.py:120} INFO - [2023-10-04T07:44:07.809+0000] {dag.py:3340} INFO - Setting next_dagrun for example_trigger_target_dag to None, run_after=None
[2023-10-04T07:44:07.831+0000] {processor.py:176} INFO - Processing /home/airflow/.local/lib/python3.7/site-packages/airflow/example_dags/example_trigger_target_dag.py took 0.099 seconds
[2023-10-04T07:44:38.286+0000] {processor.py:154} INFO - Started process (PID=349) to work on /home/airflow/.local/lib/python3.7/site-packages/airflow/example_dags/example_trigger_target_dag.py
[2023-10-04T07:44:38.287+0000] {processor.py:756} INFO - Processing file /home/airflow/.local/lib/python3.7/site-packages/airflow/example_dags/example_trigger_target_dag.py for tasks to queue
[2023-10-04T07:44:38.288+0000] {logging_mixin.py:120} INFO - [2023-10-04T07:44:38.288+0000] {dagbag.py:537} INFO - Filling up the DagBag from /home/airflow/.local/lib/python3.7/site-packages/airflow/example_dags/example_trigger_target_dag.py
[2023-10-04T07:44:38.306+0000] {processor.py:766} INFO - DAG(s) dict_keys(['example_trigger_target_dag']) retrieved from /home/airflow/.local/lib/python3.7/site-packages/airflow/example_dags/example_trigger_target_dag.py
[2023-10-04T07:44:38.351+0000] {logging_mixin.py:120} INFO - [2023-10-04T07:44:38.351+0000] {dag.py:2585} INFO - Sync 1 DAGs
[2023-10-04T07:44:38.377+0000] {logging_mixin.py:120} INFO - [2023-10-04T07:44:38.377+0000] {dag.py:3340} INFO - Setting next_dagrun for example_trigger_target_dag to None, run_after=None
[2023-10-04T07:44:38.403+0000] {processor.py:176} INFO - Processing /home/airflow/.local/lib/python3.7/site-packages/airflow/example_dags/example_trigger_target_dag.py took 0.120 seconds
[2023-10-04T07:45:08.934+0000] {processor.py:154} INFO - Started process (PID=407) to work on /home/airflow/.local/lib/python3.7/site-packages/airflow/example_dags/example_trigger_target_dag.py
[2023-10-04T07:45:08.936+0000] {processor.py:756} INFO - Processing file /home/airflow/.local/lib/python3.7/site-packages/airflow/example_dags/example_trigger_target_dag.py for tasks to queue
[2023-10-04T07:45:08.938+0000] {logging_mixin.py:120} INFO - [2023-10-04T07:45:08.938+0000] {dagbag.py:537} INFO - Filling up the DagBag from /home/airflow/.local/lib/python3.7/site-packages/airflow/example_dags/example_trigger_target_dag.py
[2023-10-04T07:45:08.960+0000] {processor.py:766} INFO - DAG(s) dict_keys(['example_trigger_target_dag']) retrieved from /home/airflow/.local/lib/python3.7/site-packages/airflow/example_dags/example_trigger_target_dag.py
[2023-10-04T07:45:08.999+0000] {logging_mixin.py:120} INFO - [2023-10-04T07:45:08.999+0000] {dag.py:2585} INFO - Sync 1 DAGs
[2023-10-04T07:45:09.022+0000] {logging_mixin.py:120} INFO - [2023-10-04T07:45:09.022+0000] {dag.py:3340} INFO - Setting next_dagrun for example_trigger_target_dag to None, run_after=None
[2023-10-04T07:45:09.046+0000] {processor.py:176} INFO - Processing /home/airflow/.local/lib/python3.7/site-packages/airflow/example_dags/example_trigger_target_dag.py took 0.117 seconds
[2023-10-04T07:45:39.548+0000] {processor.py:154} INFO - Started process (PID=474) to work on /home/airflow/.local/lib/python3.7/site-packages/airflow/example_dags/example_trigger_target_dag.py
[2023-10-04T07:45:39.549+0000] {processor.py:756} INFO - Processing file /home/airflow/.local/lib/python3.7/site-packages/airflow/example_dags/example_trigger_target_dag.py for tasks to queue
[2023-10-04T07:45:39.551+0000] {logging_mixin.py:120} INFO - [2023-10-04T07:45:39.551+0000] {dagbag.py:537} INFO - Filling up the DagBag from /home/airflow/.local/lib/python3.7/site-packages/airflow/example_dags/example_trigger_target_dag.py
[2023-10-04T07:45:39.567+0000] {processor.py:766} INFO - DAG(s) dict_keys(['example_trigger_target_dag']) retrieved from /home/airflow/.local/lib/python3.7/site-packages/airflow/example_dags/example_trigger_target_dag.py
[2023-10-04T07:45:39.601+0000] {logging_mixin.py:120} INFO - [2023-10-04T07:45:39.601+0000] {dag.py:2585} INFO - Sync 1 DAGs
[2023-10-04T07:45:39.620+0000] {logging_mixin.py:120} INFO - [2023-10-04T07:45:39.620+0000] {dag.py:3340} INFO - Setting next_dagrun for example_trigger_target_dag to None, run_after=None
[2023-10-04T07:45:39.644+0000] {processor.py:176} INFO - Processing /home/airflow/.local/lib/python3.7/site-packages/airflow/example_dags/example_trigger_target_dag.py took 0.100 seconds
[2023-10-04T07:46:10.590+0000] {processor.py:154} INFO - Started process (PID=541) to work on /home/airflow/.local/lib/python3.7/site-packages/airflow/example_dags/example_trigger_target_dag.py
[2023-10-04T07:46:10.591+0000] {processor.py:756} INFO - Processing file /home/airflow/.local/lib/python3.7/site-packages/airflow/example_dags/example_trigger_target_dag.py for tasks to queue
[2023-10-04T07:46:10.592+0000] {logging_mixin.py:120} INFO - [2023-10-04T07:46:10.592+0000] {dagbag.py:537} INFO - Filling up the DagBag from /home/airflow/.local/lib/python3.7/site-packages/airflow/example_dags/example_trigger_target_dag.py
[2023-10-04T07:46:10.609+0000] {processor.py:766} INFO - DAG(s) dict_keys(['example_trigger_target_dag']) retrieved from /home/airflow/.local/lib/python3.7/site-packages/airflow/example_dags/example_trigger_target_dag.py
[2023-10-04T07:46:10.646+0000] {logging_mixin.py:120} INFO - [2023-10-04T07:46:10.645+0000] {dag.py:2585} INFO - Sync 1 DAGs
[2023-10-04T07:46:10.666+0000] {logging_mixin.py:120} INFO - [2023-10-04T07:46:10.666+0000] {dag.py:3340} INFO - Setting next_dagrun for example_trigger_target_dag to None, run_after=None
[2023-10-04T07:46:10.686+0000] {processor.py:176} INFO - Processing /home/airflow/.local/lib/python3.7/site-packages/airflow/example_dags/example_trigger_target_dag.py took 0.100 seconds
[2023-10-04T07:46:40.978+0000] {processor.py:154} INFO - Started process (PID=608) to work on /home/airflow/.local/lib/python3.7/site-packages/airflow/example_dags/example_trigger_target_dag.py
[2023-10-04T07:46:40.979+0000] {processor.py:756} INFO - Processing file /home/airflow/.local/lib/python3.7/site-packages/airflow/example_dags/example_trigger_target_dag.py for tasks to queue
[2023-10-04T07:46:40.980+0000] {logging_mixin.py:120} INFO - [2023-10-04T07:46:40.980+0000] {dagbag.py:537} INFO - Filling up the DagBag from /home/airflow/.local/lib/python3.7/site-packages/airflow/example_dags/example_trigger_target_dag.py
[2023-10-04T07:46:40.997+0000] {processor.py:766} INFO - DAG(s) dict_keys(['example_trigger_target_dag']) retrieved from /home/airflow/.local/lib/python3.7/site-packages/airflow/example_dags/example_trigger_target_dag.py
[2023-10-04T07:46:41.030+0000] {logging_mixin.py:120} INFO - [2023-10-04T07:46:41.030+0000] {dag.py:2585} INFO - Sync 1 DAGs
[2023-10-04T07:46:41.049+0000] {logging_mixin.py:120} INFO - [2023-10-04T07:46:41.049+0000] {dag.py:3340} INFO - Setting next_dagrun for example_trigger_target_dag to None, run_after=None
[2023-10-04T07:46:41.067+0000] {processor.py:176} INFO - Processing /home/airflow/.local/lib/python3.7/site-packages/airflow/example_dags/example_trigger_target_dag.py took 0.092 seconds
[2023-10-04T07:47:11.783+0000] {processor.py:154} INFO - Started process (PID=666) to work on /home/airflow/.local/lib/python3.7/site-packages/airflow/example_dags/example_trigger_target_dag.py
[2023-10-04T07:47:11.784+0000] {processor.py:756} INFO - Processing file /home/airflow/.local/lib/python3.7/site-packages/airflow/example_dags/example_trigger_target_dag.py for tasks to queue
[2023-10-04T07:47:11.785+0000] {logging_mixin.py:120} INFO - [2023-10-04T07:47:11.785+0000] {dagbag.py:537} INFO - Filling up the DagBag from /home/airflow/.local/lib/python3.7/site-packages/airflow/example_dags/example_trigger_target_dag.py
[2023-10-04T07:47:11.809+0000] {processor.py:766} INFO - DAG(s) dict_keys(['example_trigger_target_dag']) retrieved from /home/airflow/.local/lib/python3.7/site-packages/airflow/example_dags/example_trigger_target_dag.py
[2023-10-04T07:47:11.853+0000] {logging_mixin.py:120} INFO - [2023-10-04T07:47:11.853+0000] {dag.py:2585} INFO - Sync 1 DAGs
[2023-10-04T07:47:11.884+0000] {logging_mixin.py:120} INFO - [2023-10-04T07:47:11.884+0000] {dag.py:3340} INFO - Setting next_dagrun for example_trigger_target_dag to None, run_after=None
[2023-10-04T07:47:11.916+0000] {processor.py:176} INFO - Processing /home/airflow/.local/lib/python3.7/site-packages/airflow/example_dags/example_trigger_target_dag.py took 0.137 seconds
[2023-10-04T07:47:42.106+0000] {processor.py:154} INFO - Started process (PID=733) to work on /home/airflow/.local/lib/python3.7/site-packages/airflow/example_dags/example_trigger_target_dag.py
[2023-10-04T07:47:42.109+0000] {processor.py:756} INFO - Processing file /home/airflow/.local/lib/python3.7/site-packages/airflow/example_dags/example_trigger_target_dag.py for tasks to queue
[2023-10-04T07:47:42.111+0000] {logging_mixin.py:120} INFO - [2023-10-04T07:47:42.110+0000] {dagbag.py:537} INFO - Filling up the DagBag from /home/airflow/.local/lib/python3.7/site-packages/airflow/example_dags/example_trigger_target_dag.py
[2023-10-04T07:47:42.129+0000] {processor.py:766} INFO - DAG(s) dict_keys(['example_trigger_target_dag']) retrieved from /home/airflow/.local/lib/python3.7/site-packages/airflow/example_dags/example_trigger_target_dag.py
[2023-10-04T07:47:42.165+0000] {logging_mixin.py:120} INFO - [2023-10-04T07:47:42.165+0000] {dag.py:2585} INFO - Sync 1 DAGs
[2023-10-04T07:47:42.185+0000] {logging_mixin.py:120} INFO - [2023-10-04T07:47:42.185+0000] {dag.py:3340} INFO - Setting next_dagrun for example_trigger_target_dag to None, run_after=None
[2023-10-04T07:47:42.203+0000] {processor.py:176} INFO - Processing /home/airflow/.local/lib/python3.7/site-packages/airflow/example_dags/example_trigger_target_dag.py took 0.102 seconds
[2023-10-04T07:48:12.422+0000] {processor.py:154} INFO - Started process (PID=800) to work on /home/airflow/.local/lib/python3.7/site-packages/airflow/example_dags/example_trigger_target_dag.py
[2023-10-04T07:48:12.424+0000] {processor.py:756} INFO - Processing file /home/airflow/.local/lib/python3.7/site-packages/airflow/example_dags/example_trigger_target_dag.py for tasks to queue
[2023-10-04T07:48:12.425+0000] {logging_mixin.py:120} INFO - [2023-10-04T07:48:12.425+0000] {dagbag.py:537} INFO - Filling up the DagBag from /home/airflow/.local/lib/python3.7/site-packages/airflow/example_dags/example_trigger_target_dag.py
[2023-10-04T07:48:12.441+0000] {processor.py:766} INFO - DAG(s) dict_keys(['example_trigger_target_dag']) retrieved from /home/airflow/.local/lib/python3.7/site-packages/airflow/example_dags/example_trigger_target_dag.py
[2023-10-04T07:48:12.473+0000] {logging_mixin.py:120} INFO - [2023-10-04T07:48:12.473+0000] {dag.py:2585} INFO - Sync 1 DAGs
[2023-10-04T07:48:12.499+0000] {logging_mixin.py:120} INFO - [2023-10-04T07:48:12.499+0000] {dag.py:3340} INFO - Setting next_dagrun for example_trigger_target_dag to None, run_after=None
[2023-10-04T07:48:12.518+0000] {processor.py:176} INFO - Processing /home/airflow/.local/lib/python3.7/site-packages/airflow/example_dags/example_trigger_target_dag.py took 0.098 seconds
[2023-10-04T07:48:43.281+0000] {processor.py:154} INFO - Started process (PID=867) to work on /home/airflow/.local/lib/python3.7/site-packages/airflow/example_dags/example_trigger_target_dag.py
[2023-10-04T07:48:43.283+0000] {processor.py:756} INFO - Processing file /home/airflow/.local/lib/python3.7/site-packages/airflow/example_dags/example_trigger_target_dag.py for tasks to queue
[2023-10-04T07:48:43.284+0000] {logging_mixin.py:120} INFO - [2023-10-04T07:48:43.284+0000] {dagbag.py:537} INFO - Filling up the DagBag from /home/airflow/.local/lib/python3.7/site-packages/airflow/example_dags/example_trigger_target_dag.py
[2023-10-04T07:48:43.303+0000] {processor.py:766} INFO - DAG(s) dict_keys(['example_trigger_target_dag']) retrieved from /home/airflow/.local/lib/python3.7/site-packages/airflow/example_dags/example_trigger_target_dag.py
[2023-10-04T07:48:43.347+0000] {logging_mixin.py:120} INFO - [2023-10-04T07:48:43.346+0000] {dag.py:2585} INFO - Sync 1 DAGs
[2023-10-04T07:48:43.376+0000] {logging_mixin.py:120} INFO - [2023-10-04T07:48:43.376+0000] {dag.py:3340} INFO - Setting next_dagrun for example_trigger_target_dag to None, run_after=None
[2023-10-04T07:48:43.411+0000] {processor.py:176} INFO - Processing /home/airflow/.local/lib/python3.7/site-packages/airflow/example_dags/example_trigger_target_dag.py took 0.135 seconds
[2023-10-04T07:49:13.720+0000] {processor.py:154} INFO - Started process (PID=925) to work on /home/airflow/.local/lib/python3.7/site-packages/airflow/example_dags/example_trigger_target_dag.py
[2023-10-04T07:49:13.724+0000] {processor.py:756} INFO - Processing file /home/airflow/.local/lib/python3.7/site-packages/airflow/example_dags/example_trigger_target_dag.py for tasks to queue
[2023-10-04T07:49:13.727+0000] {logging_mixin.py:120} INFO - [2023-10-04T07:49:13.726+0000] {dagbag.py:537} INFO - Filling up the DagBag from /home/airflow/.local/lib/python3.7/site-packages/airflow/example_dags/example_trigger_target_dag.py
[2023-10-04T07:49:13.765+0000] {processor.py:766} INFO - DAG(s) dict_keys(['example_trigger_target_dag']) retrieved from /home/airflow/.local/lib/python3.7/site-packages/airflow/example_dags/example_trigger_target_dag.py
[2023-10-04T07:49:13.809+0000] {logging_mixin.py:120} INFO - [2023-10-04T07:49:13.809+0000] {dag.py:2585} INFO - Sync 1 DAGs
[2023-10-04T07:49:13.835+0000] {logging_mixin.py:120} INFO - [2023-10-04T07:49:13.835+0000] {dag.py:3340} INFO - Setting next_dagrun for example_trigger_target_dag to None, run_after=None
[2023-10-04T07:49:13.863+0000] {processor.py:176} INFO - Processing /home/airflow/.local/lib/python3.7/site-packages/airflow/example_dags/example_trigger_target_dag.py took 0.153 seconds
[2023-10-04T07:49:44.105+0000] {processor.py:154} INFO - Started process (PID=993) to work on /home/airflow/.local/lib/python3.7/site-packages/airflow/example_dags/example_trigger_target_dag.py
[2023-10-04T07:49:44.107+0000] {processor.py:756} INFO - Processing file /home/airflow/.local/lib/python3.7/site-packages/airflow/example_dags/example_trigger_target_dag.py for tasks to queue
[2023-10-04T07:49:44.108+0000] {logging_mixin.py:120} INFO - [2023-10-04T07:49:44.108+0000] {dagbag.py:537} INFO - Filling up the DagBag from /home/airflow/.local/lib/python3.7/site-packages/airflow/example_dags/example_trigger_target_dag.py
[2023-10-04T07:49:44.126+0000] {processor.py:766} INFO - DAG(s) dict_keys(['example_trigger_target_dag']) retrieved from /home/airflow/.local/lib/python3.7/site-packages/airflow/example_dags/example_trigger_target_dag.py
[2023-10-04T07:49:44.162+0000] {logging_mixin.py:120} INFO - [2023-10-04T07:49:44.162+0000] {dag.py:2585} INFO - Sync 1 DAGs
[2023-10-04T07:49:44.183+0000] {logging_mixin.py:120} INFO - [2023-10-04T07:49:44.183+0000] {dag.py:3340} INFO - Setting next_dagrun for example_trigger_target_dag to None, run_after=None
[2023-10-04T07:49:44.205+0000] {processor.py:176} INFO - Processing /home/airflow/.local/lib/python3.7/site-packages/airflow/example_dags/example_trigger_target_dag.py took 0.105 seconds
[2023-10-04T07:50:14.827+0000] {processor.py:154} INFO - Started process (PID=1060) to work on /home/airflow/.local/lib/python3.7/site-packages/airflow/example_dags/example_trigger_target_dag.py
[2023-10-04T07:50:14.830+0000] {processor.py:756} INFO - Processing file /home/airflow/.local/lib/python3.7/site-packages/airflow/example_dags/example_trigger_target_dag.py for tasks to queue
[2023-10-04T07:50:14.833+0000] {logging_mixin.py:120} INFO - [2023-10-04T07:50:14.833+0000] {dagbag.py:537} INFO - Filling up the DagBag from /home/airflow/.local/lib/python3.7/site-packages/airflow/example_dags/example_trigger_target_dag.py
[2023-10-04T07:50:14.865+0000] {processor.py:766} INFO - DAG(s) dict_keys(['example_trigger_target_dag']) retrieved from /home/airflow/.local/lib/python3.7/site-packages/airflow/example_dags/example_trigger_target_dag.py
[2023-10-04T07:50:14.905+0000] {logging_mixin.py:120} INFO - [2023-10-04T07:50:14.905+0000] {dag.py:2585} INFO - Sync 1 DAGs
[2023-10-04T07:50:14.927+0000] {logging_mixin.py:120} INFO - [2023-10-04T07:50:14.927+0000] {dag.py:3340} INFO - Setting next_dagrun for example_trigger_target_dag to None, run_after=None
[2023-10-04T07:50:14.955+0000] {processor.py:176} INFO - Processing /home/airflow/.local/lib/python3.7/site-packages/airflow/example_dags/example_trigger_target_dag.py took 0.136 seconds
[2023-10-04T07:50:45.153+0000] {processor.py:154} INFO - Started process (PID=1118) to work on /home/airflow/.local/lib/python3.7/site-packages/airflow/example_dags/example_trigger_target_dag.py
[2023-10-04T07:50:45.155+0000] {processor.py:756} INFO - Processing file /home/airflow/.local/lib/python3.7/site-packages/airflow/example_dags/example_trigger_target_dag.py for tasks to queue
[2023-10-04T07:50:45.156+0000] {logging_mixin.py:120} INFO - [2023-10-04T07:50:45.156+0000] {dagbag.py:537} INFO - Filling up the DagBag from /home/airflow/.local/lib/python3.7/site-packages/airflow/example_dags/example_trigger_target_dag.py
[2023-10-04T07:50:45.177+0000] {processor.py:766} INFO - DAG(s) dict_keys(['example_trigger_target_dag']) retrieved from /home/airflow/.local/lib/python3.7/site-packages/airflow/example_dags/example_trigger_target_dag.py
[2023-10-04T07:50:45.215+0000] {logging_mixin.py:120} INFO - [2023-10-04T07:50:45.215+0000] {dag.py:2585} INFO - Sync 1 DAGs
[2023-10-04T07:50:45.235+0000] {logging_mixin.py:120} INFO - [2023-10-04T07:50:45.235+0000] {dag.py:3340} INFO - Setting next_dagrun for example_trigger_target_dag to None, run_after=None
[2023-10-04T07:50:45.258+0000] {processor.py:176} INFO - Processing /home/airflow/.local/lib/python3.7/site-packages/airflow/example_dags/example_trigger_target_dag.py took 0.109 seconds
[2023-10-04T07:51:15.624+0000] {processor.py:154} INFO - Started process (PID=1186) to work on /home/airflow/.local/lib/python3.7/site-packages/airflow/example_dags/example_trigger_target_dag.py
[2023-10-04T07:51:15.626+0000] {processor.py:756} INFO - Processing file /home/airflow/.local/lib/python3.7/site-packages/airflow/example_dags/example_trigger_target_dag.py for tasks to queue
[2023-10-04T07:51:15.627+0000] {logging_mixin.py:120} INFO - [2023-10-04T07:51:15.627+0000] {dagbag.py:537} INFO - Filling up the DagBag from /home/airflow/.local/lib/python3.7/site-packages/airflow/example_dags/example_trigger_target_dag.py
[2023-10-04T07:51:15.643+0000] {processor.py:766} INFO - DAG(s) dict_keys(['example_trigger_target_dag']) retrieved from /home/airflow/.local/lib/python3.7/site-packages/airflow/example_dags/example_trigger_target_dag.py
[2023-10-04T07:51:15.676+0000] {logging_mixin.py:120} INFO - [2023-10-04T07:51:15.676+0000] {dag.py:2585} INFO - Sync 1 DAGs
[2023-10-04T07:51:15.696+0000] {logging_mixin.py:120} INFO - [2023-10-04T07:51:15.696+0000] {dag.py:3340} INFO - Setting next_dagrun for example_trigger_target_dag to None, run_after=None
[2023-10-04T07:51:15.714+0000] {processor.py:176} INFO - Processing /home/airflow/.local/lib/python3.7/site-packages/airflow/example_dags/example_trigger_target_dag.py took 0.093 seconds
[2023-10-04T07:51:46.237+0000] {processor.py:154} INFO - Started process (PID=1253) to work on /home/airflow/.local/lib/python3.7/site-packages/airflow/example_dags/example_trigger_target_dag.py
[2023-10-04T07:51:46.238+0000] {processor.py:756} INFO - Processing file /home/airflow/.local/lib/python3.7/site-packages/airflow/example_dags/example_trigger_target_dag.py for tasks to queue
[2023-10-04T07:51:46.240+0000] {logging_mixin.py:120} INFO - [2023-10-04T07:51:46.240+0000] {dagbag.py:537} INFO - Filling up the DagBag from /home/airflow/.local/lib/python3.7/site-packages/airflow/example_dags/example_trigger_target_dag.py
[2023-10-04T07:51:46.257+0000] {processor.py:766} INFO - DAG(s) dict_keys(['example_trigger_target_dag']) retrieved from /home/airflow/.local/lib/python3.7/site-packages/airflow/example_dags/example_trigger_target_dag.py
[2023-10-04T07:51:46.295+0000] {logging_mixin.py:120} INFO - [2023-10-04T07:51:46.295+0000] {dag.py:2585} INFO - Sync 1 DAGs
[2023-10-04T07:51:46.318+0000] {logging_mixin.py:120} INFO - [2023-10-04T07:51:46.318+0000] {dag.py:3340} INFO - Setting next_dagrun for example_trigger_target_dag to None, run_after=None
[2023-10-04T07:51:46.342+0000] {processor.py:176} INFO - Processing /home/airflow/.local/lib/python3.7/site-packages/airflow/example_dags/example_trigger_target_dag.py took 0.108 seconds
[2023-10-04T07:52:16.826+0000] {processor.py:154} INFO - Started process (PID=1321) to work on /home/airflow/.local/lib/python3.7/site-packages/airflow/example_dags/example_trigger_target_dag.py
[2023-10-04T07:52:16.827+0000] {processor.py:756} INFO - Processing file /home/airflow/.local/lib/python3.7/site-packages/airflow/example_dags/example_trigger_target_dag.py for tasks to queue
[2023-10-04T07:52:16.828+0000] {logging_mixin.py:120} INFO - [2023-10-04T07:52:16.828+0000] {dagbag.py:537} INFO - Filling up the DagBag from /home/airflow/.local/lib/python3.7/site-packages/airflow/example_dags/example_trigger_target_dag.py
[2023-10-04T07:52:16.849+0000] {processor.py:766} INFO - DAG(s) dict_keys(['example_trigger_target_dag']) retrieved from /home/airflow/.local/lib/python3.7/site-packages/airflow/example_dags/example_trigger_target_dag.py
[2023-10-04T07:52:16.890+0000] {logging_mixin.py:120} INFO - [2023-10-04T07:52:16.890+0000] {dag.py:2585} INFO - Sync 1 DAGs
[2023-10-04T07:52:16.915+0000] {logging_mixin.py:120} INFO - [2023-10-04T07:52:16.914+0000] {dag.py:3340} INFO - Setting next_dagrun for example_trigger_target_dag to None, run_after=None
[2023-10-04T07:52:16.935+0000] {processor.py:176} INFO - Processing /home/airflow/.local/lib/python3.7/site-packages/airflow/example_dags/example_trigger_target_dag.py took 0.112 seconds
[2023-10-04T07:52:47.437+0000] {processor.py:154} INFO - Started process (PID=1379) to work on /home/airflow/.local/lib/python3.7/site-packages/airflow/example_dags/example_trigger_target_dag.py
[2023-10-04T07:52:47.439+0000] {processor.py:756} INFO - Processing file /home/airflow/.local/lib/python3.7/site-packages/airflow/example_dags/example_trigger_target_dag.py for tasks to queue
[2023-10-04T07:52:47.443+0000] {logging_mixin.py:120} INFO - [2023-10-04T07:52:47.442+0000] {dagbag.py:537} INFO - Filling up the DagBag from /home/airflow/.local/lib/python3.7/site-packages/airflow/example_dags/example_trigger_target_dag.py
[2023-10-04T07:52:47.467+0000] {processor.py:766} INFO - DAG(s) dict_keys(['example_trigger_target_dag']) retrieved from /home/airflow/.local/lib/python3.7/site-packages/airflow/example_dags/example_trigger_target_dag.py
[2023-10-04T07:52:47.509+0000] {logging_mixin.py:120} INFO - [2023-10-04T07:52:47.508+0000] {dag.py:2585} INFO - Sync 1 DAGs
[2023-10-04T07:52:47.533+0000] {logging_mixin.py:120} INFO - [2023-10-04T07:52:47.533+0000] {dag.py:3340} INFO - Setting next_dagrun for example_trigger_target_dag to None, run_after=None
[2023-10-04T07:52:47.563+0000] {processor.py:176} INFO - Processing /home/airflow/.local/lib/python3.7/site-packages/airflow/example_dags/example_trigger_target_dag.py took 0.130 seconds
[2023-10-04T07:53:18.151+0000] {processor.py:154} INFO - Started process (PID=1446) to work on /home/airflow/.local/lib/python3.7/site-packages/airflow/example_dags/example_trigger_target_dag.py
[2023-10-04T07:53:18.152+0000] {processor.py:756} INFO - Processing file /home/airflow/.local/lib/python3.7/site-packages/airflow/example_dags/example_trigger_target_dag.py for tasks to queue
[2023-10-04T07:53:18.153+0000] {logging_mixin.py:120} INFO - [2023-10-04T07:53:18.153+0000] {dagbag.py:537} INFO - Filling up the DagBag from /home/airflow/.local/lib/python3.7/site-packages/airflow/example_dags/example_trigger_target_dag.py
[2023-10-04T07:53:18.173+0000] {processor.py:766} INFO - DAG(s) dict_keys(['example_trigger_target_dag']) retrieved from /home/airflow/.local/lib/python3.7/site-packages/airflow/example_dags/example_trigger_target_dag.py
[2023-10-04T07:53:18.208+0000] {logging_mixin.py:120} INFO - [2023-10-04T07:53:18.208+0000] {dag.py:2585} INFO - Sync 1 DAGs
[2023-10-04T07:53:18.231+0000] {logging_mixin.py:120} INFO - [2023-10-04T07:53:18.231+0000] {dag.py:3340} INFO - Setting next_dagrun for example_trigger_target_dag to None, run_after=None
[2023-10-04T07:53:18.250+0000] {processor.py:176} INFO - Processing /home/airflow/.local/lib/python3.7/site-packages/airflow/example_dags/example_trigger_target_dag.py took 0.103 seconds
[2023-10-04T07:53:48.831+0000] {processor.py:154} INFO - Started process (PID=1513) to work on /home/airflow/.local/lib/python3.7/site-packages/airflow/example_dags/example_trigger_target_dag.py
[2023-10-04T07:53:48.832+0000] {processor.py:756} INFO - Processing file /home/airflow/.local/lib/python3.7/site-packages/airflow/example_dags/example_trigger_target_dag.py for tasks to queue
[2023-10-04T07:53:48.833+0000] {logging_mixin.py:120} INFO - [2023-10-04T07:53:48.833+0000] {dagbag.py:537} INFO - Filling up the DagBag from /home/airflow/.local/lib/python3.7/site-packages/airflow/example_dags/example_trigger_target_dag.py
[2023-10-04T07:53:48.851+0000] {processor.py:766} INFO - DAG(s) dict_keys(['example_trigger_target_dag']) retrieved from /home/airflow/.local/lib/python3.7/site-packages/airflow/example_dags/example_trigger_target_dag.py
[2023-10-04T07:53:48.888+0000] {logging_mixin.py:120} INFO - [2023-10-04T07:53:48.888+0000] {dag.py:2585} INFO - Sync 1 DAGs
[2023-10-04T07:53:48.908+0000] {logging_mixin.py:120} INFO - [2023-10-04T07:53:48.908+0000] {dag.py:3340} INFO - Setting next_dagrun for example_trigger_target_dag to None, run_after=None
[2023-10-04T07:53:48.927+0000] {processor.py:176} INFO - Processing /home/airflow/.local/lib/python3.7/site-packages/airflow/example_dags/example_trigger_target_dag.py took 0.099 seconds
[2023-10-04T07:54:19.361+0000] {processor.py:154} INFO - Started process (PID=1580) to work on /home/airflow/.local/lib/python3.7/site-packages/airflow/example_dags/example_trigger_target_dag.py
[2023-10-04T07:54:19.364+0000] {processor.py:756} INFO - Processing file /home/airflow/.local/lib/python3.7/site-packages/airflow/example_dags/example_trigger_target_dag.py for tasks to queue
[2023-10-04T07:54:19.366+0000] {logging_mixin.py:120} INFO - [2023-10-04T07:54:19.366+0000] {dagbag.py:537} INFO - Filling up the DagBag from /home/airflow/.local/lib/python3.7/site-packages/airflow/example_dags/example_trigger_target_dag.py
[2023-10-04T07:54:19.393+0000] {processor.py:766} INFO - DAG(s) dict_keys(['example_trigger_target_dag']) retrieved from /home/airflow/.local/lib/python3.7/site-packages/airflow/example_dags/example_trigger_target_dag.py
[2023-10-04T07:54:19.447+0000] {logging_mixin.py:120} INFO - [2023-10-04T07:54:19.446+0000] {dag.py:2585} INFO - Sync 1 DAGs
[2023-10-04T07:54:19.468+0000] {logging_mixin.py:120} INFO - [2023-10-04T07:54:19.468+0000] {dag.py:3340} INFO - Setting next_dagrun for example_trigger_target_dag to None, run_after=None
[2023-10-04T07:54:19.495+0000] {processor.py:176} INFO - Processing /home/airflow/.local/lib/python3.7/site-packages/airflow/example_dags/example_trigger_target_dag.py took 0.141 seconds
[2023-10-04T07:54:49.627+0000] {processor.py:154} INFO - Started process (PID=1638) to work on /home/airflow/.local/lib/python3.7/site-packages/airflow/example_dags/example_trigger_target_dag.py
[2023-10-04T07:54:49.628+0000] {processor.py:756} INFO - Processing file /home/airflow/.local/lib/python3.7/site-packages/airflow/example_dags/example_trigger_target_dag.py for tasks to queue
[2023-10-04T07:54:49.630+0000] {logging_mixin.py:120} INFO - [2023-10-04T07:54:49.630+0000] {dagbag.py:537} INFO - Filling up the DagBag from /home/airflow/.local/lib/python3.7/site-packages/airflow/example_dags/example_trigger_target_dag.py
[2023-10-04T07:54:49.661+0000] {processor.py:766} INFO - DAG(s) dict_keys(['example_trigger_target_dag']) retrieved from /home/airflow/.local/lib/python3.7/site-packages/airflow/example_dags/example_trigger_target_dag.py
[2023-10-04T07:54:49.705+0000] {logging_mixin.py:120} INFO - [2023-10-04T07:54:49.705+0000] {dag.py:2585} INFO - Sync 1 DAGs
[2023-10-04T07:54:49.742+0000] {logging_mixin.py:120} INFO - [2023-10-04T07:54:49.742+0000] {dag.py:3340} INFO - Setting next_dagrun for example_trigger_target_dag to None, run_after=None
[2023-10-04T07:54:49.774+0000] {processor.py:176} INFO - Processing /home/airflow/.local/lib/python3.7/site-packages/airflow/example_dags/example_trigger_target_dag.py took 0.151 seconds
[2023-10-04T07:55:20.418+0000] {processor.py:154} INFO - Started process (PID=1705) to work on /home/airflow/.local/lib/python3.7/site-packages/airflow/example_dags/example_trigger_target_dag.py
[2023-10-04T07:55:20.420+0000] {processor.py:756} INFO - Processing file /home/airflow/.local/lib/python3.7/site-packages/airflow/example_dags/example_trigger_target_dag.py for tasks to queue
[2023-10-04T07:55:20.421+0000] {logging_mixin.py:120} INFO - [2023-10-04T07:55:20.421+0000] {dagbag.py:537} INFO - Filling up the DagBag from /home/airflow/.local/lib/python3.7/site-packages/airflow/example_dags/example_trigger_target_dag.py
[2023-10-04T07:55:20.437+0000] {processor.py:766} INFO - DAG(s) dict_keys(['example_trigger_target_dag']) retrieved from /home/airflow/.local/lib/python3.7/site-packages/airflow/example_dags/example_trigger_target_dag.py
[2023-10-04T07:55:20.479+0000] {logging_mixin.py:120} INFO - [2023-10-04T07:55:20.479+0000] {dag.py:2585} INFO - Sync 1 DAGs
[2023-10-04T07:55:20.502+0000] {logging_mixin.py:120} INFO - [2023-10-04T07:55:20.502+0000] {dag.py:3340} INFO - Setting next_dagrun for example_trigger_target_dag to None, run_after=None
[2023-10-04T07:55:20.522+0000] {processor.py:176} INFO - Processing /home/airflow/.local/lib/python3.7/site-packages/airflow/example_dags/example_trigger_target_dag.py took 0.106 seconds
[2023-10-04T07:55:51.009+0000] {processor.py:154} INFO - Started process (PID=1772) to work on /home/airflow/.local/lib/python3.7/site-packages/airflow/example_dags/example_trigger_target_dag.py
[2023-10-04T07:55:51.013+0000] {processor.py:756} INFO - Processing file /home/airflow/.local/lib/python3.7/site-packages/airflow/example_dags/example_trigger_target_dag.py for tasks to queue
[2023-10-04T07:55:51.015+0000] {logging_mixin.py:120} INFO - [2023-10-04T07:55:51.015+0000] {dagbag.py:537} INFO - Filling up the DagBag from /home/airflow/.local/lib/python3.7/site-packages/airflow/example_dags/example_trigger_target_dag.py
[2023-10-04T07:55:51.054+0000] {processor.py:766} INFO - DAG(s) dict_keys(['example_trigger_target_dag']) retrieved from /home/airflow/.local/lib/python3.7/site-packages/airflow/example_dags/example_trigger_target_dag.py
[2023-10-04T07:55:51.095+0000] {logging_mixin.py:120} INFO - [2023-10-04T07:55:51.094+0000] {dag.py:2585} INFO - Sync 1 DAGs
[2023-10-04T07:55:51.121+0000] {logging_mixin.py:120} INFO - [2023-10-04T07:55:51.121+0000] {dag.py:3340} INFO - Setting next_dagrun for example_trigger_target_dag to None, run_after=None
[2023-10-04T07:55:51.143+0000] {processor.py:176} INFO - Processing /home/airflow/.local/lib/python3.7/site-packages/airflow/example_dags/example_trigger_target_dag.py took 0.143 seconds
[2023-10-04T07:56:21.350+0000] {processor.py:154} INFO - Started process (PID=1839) to work on /home/airflow/.local/lib/python3.7/site-packages/airflow/example_dags/example_trigger_target_dag.py
[2023-10-04T07:56:21.353+0000] {processor.py:756} INFO - Processing file /home/airflow/.local/lib/python3.7/site-packages/airflow/example_dags/example_trigger_target_dag.py for tasks to queue
[2023-10-04T07:56:21.354+0000] {logging_mixin.py:120} INFO - [2023-10-04T07:56:21.354+0000] {dagbag.py:537} INFO - Filling up the DagBag from /home/airflow/.local/lib/python3.7/site-packages/airflow/example_dags/example_trigger_target_dag.py
[2023-10-04T07:56:21.378+0000] {processor.py:766} INFO - DAG(s) dict_keys(['example_trigger_target_dag']) retrieved from /home/airflow/.local/lib/python3.7/site-packages/airflow/example_dags/example_trigger_target_dag.py
[2023-10-04T07:56:21.423+0000] {logging_mixin.py:120} INFO - [2023-10-04T07:56:21.423+0000] {dag.py:2585} INFO - Sync 1 DAGs
[2023-10-04T07:56:21.447+0000] {logging_mixin.py:120} INFO - [2023-10-04T07:56:21.447+0000] {dag.py:3340} INFO - Setting next_dagrun for example_trigger_target_dag to None, run_after=None
[2023-10-04T07:56:21.478+0000] {processor.py:176} INFO - Processing /home/airflow/.local/lib/python3.7/site-packages/airflow/example_dags/example_trigger_target_dag.py took 0.132 seconds
[2023-10-04T07:56:51.669+0000] {processor.py:154} INFO - Started process (PID=1897) to work on /home/airflow/.local/lib/python3.7/site-packages/airflow/example_dags/example_trigger_target_dag.py
[2023-10-04T07:56:51.671+0000] {processor.py:756} INFO - Processing file /home/airflow/.local/lib/python3.7/site-packages/airflow/example_dags/example_trigger_target_dag.py for tasks to queue
[2023-10-04T07:56:51.674+0000] {logging_mixin.py:120} INFO - [2023-10-04T07:56:51.673+0000] {dagbag.py:537} INFO - Filling up the DagBag from /home/airflow/.local/lib/python3.7/site-packages/airflow/example_dags/example_trigger_target_dag.py
[2023-10-04T07:56:51.697+0000] {processor.py:766} INFO - DAG(s) dict_keys(['example_trigger_target_dag']) retrieved from /home/airflow/.local/lib/python3.7/site-packages/airflow/example_dags/example_trigger_target_dag.py
[2023-10-04T07:56:51.735+0000] {logging_mixin.py:120} INFO - [2023-10-04T07:56:51.735+0000] {dag.py:2585} INFO - Sync 1 DAGs
[2023-10-04T07:56:51.758+0000] {logging_mixin.py:120} INFO - [2023-10-04T07:56:51.758+0000] {dag.py:3340} INFO - Setting next_dagrun for example_trigger_target_dag to None, run_after=None
[2023-10-04T07:56:51.786+0000] {processor.py:176} INFO - Processing /home/airflow/.local/lib/python3.7/site-packages/airflow/example_dags/example_trigger_target_dag.py took 0.123 seconds
[2023-10-04T07:57:22.163+0000] {processor.py:154} INFO - Started process (PID=1964) to work on /home/airflow/.local/lib/python3.7/site-packages/airflow/example_dags/example_trigger_target_dag.py
[2023-10-04T07:57:22.167+0000] {processor.py:756} INFO - Processing file /home/airflow/.local/lib/python3.7/site-packages/airflow/example_dags/example_trigger_target_dag.py for tasks to queue
[2023-10-04T07:57:22.170+0000] {logging_mixin.py:120} INFO - [2023-10-04T07:57:22.169+0000] {dagbag.py:537} INFO - Filling up the DagBag from /home/airflow/.local/lib/python3.7/site-packages/airflow/example_dags/example_trigger_target_dag.py
[2023-10-04T07:57:22.195+0000] {processor.py:766} INFO - DAG(s) dict_keys(['example_trigger_target_dag']) retrieved from /home/airflow/.local/lib/python3.7/site-packages/airflow/example_dags/example_trigger_target_dag.py
[2023-10-04T07:57:22.230+0000] {logging_mixin.py:120} INFO - [2023-10-04T07:57:22.230+0000] {dag.py:2585} INFO - Sync 1 DAGs
[2023-10-04T07:57:22.250+0000] {logging_mixin.py:120} INFO - [2023-10-04T07:57:22.249+0000] {dag.py:3340} INFO - Setting next_dagrun for example_trigger_target_dag to None, run_after=None
[2023-10-04T07:57:22.272+0000] {processor.py:176} INFO - Processing /home/airflow/.local/lib/python3.7/site-packages/airflow/example_dags/example_trigger_target_dag.py took 0.117 seconds
[2023-10-04T07:57:52.587+0000] {processor.py:154} INFO - Started process (PID=2032) to work on /home/airflow/.local/lib/python3.7/site-packages/airflow/example_dags/example_trigger_target_dag.py
[2023-10-04T07:57:52.589+0000] {processor.py:756} INFO - Processing file /home/airflow/.local/lib/python3.7/site-packages/airflow/example_dags/example_trigger_target_dag.py for tasks to queue
[2023-10-04T07:57:52.590+0000] {logging_mixin.py:120} INFO - [2023-10-04T07:57:52.590+0000] {dagbag.py:537} INFO - Filling up the DagBag from /home/airflow/.local/lib/python3.7/site-packages/airflow/example_dags/example_trigger_target_dag.py
[2023-10-04T07:57:52.606+0000] {processor.py:766} INFO - DAG(s) dict_keys(['example_trigger_target_dag']) retrieved from /home/airflow/.local/lib/python3.7/site-packages/airflow/example_dags/example_trigger_target_dag.py
[2023-10-04T07:57:52.641+0000] {logging_mixin.py:120} INFO - [2023-10-04T07:57:52.641+0000] {dag.py:2585} INFO - Sync 1 DAGs
[2023-10-04T07:57:52.662+0000] {logging_mixin.py:120} INFO - [2023-10-04T07:57:52.662+0000] {dag.py:3340} INFO - Setting next_dagrun for example_trigger_target_dag to None, run_after=None
[2023-10-04T07:57:52.682+0000] {processor.py:176} INFO - Processing /home/airflow/.local/lib/python3.7/site-packages/airflow/example_dags/example_trigger_target_dag.py took 0.097 seconds
[2023-10-04T07:58:22.753+0000] {processor.py:154} INFO - Started process (PID=2088) to work on /home/airflow/.local/lib/python3.7/site-packages/airflow/example_dags/example_trigger_target_dag.py
[2023-10-04T07:58:22.755+0000] {processor.py:756} INFO - Processing file /home/airflow/.local/lib/python3.7/site-packages/airflow/example_dags/example_trigger_target_dag.py for tasks to queue
[2023-10-04T07:58:22.756+0000] {logging_mixin.py:120} INFO - [2023-10-04T07:58:22.756+0000] {dagbag.py:537} INFO - Filling up the DagBag from /home/airflow/.local/lib/python3.7/site-packages/airflow/example_dags/example_trigger_target_dag.py
[2023-10-04T07:58:22.775+0000] {processor.py:766} INFO - DAG(s) dict_keys(['example_trigger_target_dag']) retrieved from /home/airflow/.local/lib/python3.7/site-packages/airflow/example_dags/example_trigger_target_dag.py
[2023-10-04T07:58:22.812+0000] {logging_mixin.py:120} INFO - [2023-10-04T07:58:22.812+0000] {dag.py:2585} INFO - Sync 1 DAGs
[2023-10-04T07:58:22.832+0000] {logging_mixin.py:120} INFO - [2023-10-04T07:58:22.832+0000] {dag.py:3340} INFO - Setting next_dagrun for example_trigger_target_dag to None, run_after=None
[2023-10-04T07:58:22.853+0000] {processor.py:176} INFO - Processing /home/airflow/.local/lib/python3.7/site-packages/airflow/example_dags/example_trigger_target_dag.py took 0.103 seconds
[2023-10-04T07:58:53.368+0000] {processor.py:154} INFO - Started process (PID=2155) to work on /home/airflow/.local/lib/python3.7/site-packages/airflow/example_dags/example_trigger_target_dag.py
[2023-10-04T07:58:53.369+0000] {processor.py:756} INFO - Processing file /home/airflow/.local/lib/python3.7/site-packages/airflow/example_dags/example_trigger_target_dag.py for tasks to queue
[2023-10-04T07:58:53.370+0000] {logging_mixin.py:120} INFO - [2023-10-04T07:58:53.370+0000] {dagbag.py:537} INFO - Filling up the DagBag from /home/airflow/.local/lib/python3.7/site-packages/airflow/example_dags/example_trigger_target_dag.py
[2023-10-04T07:58:53.387+0000] {processor.py:766} INFO - DAG(s) dict_keys(['example_trigger_target_dag']) retrieved from /home/airflow/.local/lib/python3.7/site-packages/airflow/example_dags/example_trigger_target_dag.py
[2023-10-04T07:58:53.424+0000] {logging_mixin.py:120} INFO - [2023-10-04T07:58:53.424+0000] {dag.py:2585} INFO - Sync 1 DAGs
[2023-10-04T07:58:53.444+0000] {logging_mixin.py:120} INFO - [2023-10-04T07:58:53.443+0000] {dag.py:3340} INFO - Setting next_dagrun for example_trigger_target_dag to None, run_after=None
[2023-10-04T07:58:53.467+0000] {processor.py:176} INFO - Processing /home/airflow/.local/lib/python3.7/site-packages/airflow/example_dags/example_trigger_target_dag.py took 0.102 seconds
[2023-10-04T07:59:23.919+0000] {processor.py:154} INFO - Started process (PID=2223) to work on /home/airflow/.local/lib/python3.7/site-packages/airflow/example_dags/example_trigger_target_dag.py
[2023-10-04T07:59:23.920+0000] {processor.py:756} INFO - Processing file /home/airflow/.local/lib/python3.7/site-packages/airflow/example_dags/example_trigger_target_dag.py for tasks to queue
[2023-10-04T07:59:23.921+0000] {logging_mixin.py:120} INFO - [2023-10-04T07:59:23.921+0000] {dagbag.py:537} INFO - Filling up the DagBag from /home/airflow/.local/lib/python3.7/site-packages/airflow/example_dags/example_trigger_target_dag.py
[2023-10-04T07:59:23.938+0000] {processor.py:766} INFO - DAG(s) dict_keys(['example_trigger_target_dag']) retrieved from /home/airflow/.local/lib/python3.7/site-packages/airflow/example_dags/example_trigger_target_dag.py
[2023-10-04T07:59:23.971+0000] {logging_mixin.py:120} INFO - [2023-10-04T07:59:23.971+0000] {dag.py:2585} INFO - Sync 1 DAGs
[2023-10-04T07:59:23.993+0000] {logging_mixin.py:120} INFO - [2023-10-04T07:59:23.993+0000] {dag.py:3340} INFO - Setting next_dagrun for example_trigger_target_dag to None, run_after=None
[2023-10-04T07:59:24.012+0000] {processor.py:176} INFO - Processing /home/airflow/.local/lib/python3.7/site-packages/airflow/example_dags/example_trigger_target_dag.py took 0.098 seconds
[2023-10-04T07:59:54.499+0000] {processor.py:154} INFO - Started process (PID=2290) to work on /home/airflow/.local/lib/python3.7/site-packages/airflow/example_dags/example_trigger_target_dag.py
[2023-10-04T07:59:54.501+0000] {processor.py:756} INFO - Processing file /home/airflow/.local/lib/python3.7/site-packages/airflow/example_dags/example_trigger_target_dag.py for tasks to queue
[2023-10-04T07:59:54.503+0000] {logging_mixin.py:120} INFO - [2023-10-04T07:59:54.502+0000] {dagbag.py:537} INFO - Filling up the DagBag from /home/airflow/.local/lib/python3.7/site-packages/airflow/example_dags/example_trigger_target_dag.py
[2023-10-04T07:59:54.524+0000] {processor.py:766} INFO - DAG(s) dict_keys(['example_trigger_target_dag']) retrieved from /home/airflow/.local/lib/python3.7/site-packages/airflow/example_dags/example_trigger_target_dag.py
[2023-10-04T07:59:54.577+0000] {logging_mixin.py:120} INFO - [2023-10-04T07:59:54.576+0000] {dag.py:2585} INFO - Sync 1 DAGs
[2023-10-04T07:59:54.605+0000] {logging_mixin.py:120} INFO - [2023-10-04T07:59:54.605+0000] {dag.py:3340} INFO - Setting next_dagrun for example_trigger_target_dag to None, run_after=None
[2023-10-04T07:59:54.623+0000] {processor.py:176} INFO - Processing /home/airflow/.local/lib/python3.7/site-packages/airflow/example_dags/example_trigger_target_dag.py took 0.126 seconds
[2023-10-04T08:00:25.326+0000] {processor.py:154} INFO - Started process (PID=2348) to work on /home/airflow/.local/lib/python3.7/site-packages/airflow/example_dags/example_trigger_target_dag.py
[2023-10-04T08:00:25.328+0000] {processor.py:756} INFO - Processing file /home/airflow/.local/lib/python3.7/site-packages/airflow/example_dags/example_trigger_target_dag.py for tasks to queue
[2023-10-04T08:00:25.329+0000] {logging_mixin.py:120} INFO - [2023-10-04T08:00:25.329+0000] {dagbag.py:537} INFO - Filling up the DagBag from /home/airflow/.local/lib/python3.7/site-packages/airflow/example_dags/example_trigger_target_dag.py
[2023-10-04T08:00:25.347+0000] {processor.py:766} INFO - DAG(s) dict_keys(['example_trigger_target_dag']) retrieved from /home/airflow/.local/lib/python3.7/site-packages/airflow/example_dags/example_trigger_target_dag.py
[2023-10-04T08:00:25.383+0000] {logging_mixin.py:120} INFO - [2023-10-04T08:00:25.383+0000] {dag.py:2585} INFO - Sync 1 DAGs
[2023-10-04T08:00:25.403+0000] {logging_mixin.py:120} INFO - [2023-10-04T08:00:25.403+0000] {dag.py:3340} INFO - Setting next_dagrun for example_trigger_target_dag to None, run_after=None
[2023-10-04T08:00:25.424+0000] {processor.py:176} INFO - Processing /home/airflow/.local/lib/python3.7/site-packages/airflow/example_dags/example_trigger_target_dag.py took 0.102 seconds
[2023-10-04T08:00:56.228+0000] {processor.py:154} INFO - Started process (PID=2416) to work on /home/airflow/.local/lib/python3.7/site-packages/airflow/example_dags/example_trigger_target_dag.py
[2023-10-04T08:00:56.229+0000] {processor.py:756} INFO - Processing file /home/airflow/.local/lib/python3.7/site-packages/airflow/example_dags/example_trigger_target_dag.py for tasks to queue
[2023-10-04T08:00:56.230+0000] {logging_mixin.py:120} INFO - [2023-10-04T08:00:56.230+0000] {dagbag.py:537} INFO - Filling up the DagBag from /home/airflow/.local/lib/python3.7/site-packages/airflow/example_dags/example_trigger_target_dag.py
[2023-10-04T08:00:56.248+0000] {processor.py:766} INFO - DAG(s) dict_keys(['example_trigger_target_dag']) retrieved from /home/airflow/.local/lib/python3.7/site-packages/airflow/example_dags/example_trigger_target_dag.py
[2023-10-04T08:00:56.287+0000] {logging_mixin.py:120} INFO - [2023-10-04T08:00:56.287+0000] {dag.py:2585} INFO - Sync 1 DAGs
[2023-10-04T08:00:56.310+0000] {logging_mixin.py:120} INFO - [2023-10-04T08:00:56.309+0000] {dag.py:3340} INFO - Setting next_dagrun for example_trigger_target_dag to None, run_after=None
[2023-10-04T08:00:56.335+0000] {processor.py:176} INFO - Processing /home/airflow/.local/lib/python3.7/site-packages/airflow/example_dags/example_trigger_target_dag.py took 0.111 seconds
[2023-10-04T08:01:26.636+0000] {processor.py:154} INFO - Started process (PID=2483) to work on /home/airflow/.local/lib/python3.7/site-packages/airflow/example_dags/example_trigger_target_dag.py
[2023-10-04T08:01:26.638+0000] {processor.py:756} INFO - Processing file /home/airflow/.local/lib/python3.7/site-packages/airflow/example_dags/example_trigger_target_dag.py for tasks to queue
[2023-10-04T08:01:26.640+0000] {logging_mixin.py:120} INFO - [2023-10-04T08:01:26.639+0000] {dagbag.py:537} INFO - Filling up the DagBag from /home/airflow/.local/lib/python3.7/site-packages/airflow/example_dags/example_trigger_target_dag.py
[2023-10-04T08:01:26.661+0000] {processor.py:766} INFO - DAG(s) dict_keys(['example_trigger_target_dag']) retrieved from /home/airflow/.local/lib/python3.7/site-packages/airflow/example_dags/example_trigger_target_dag.py
[2023-10-04T08:01:26.697+0000] {logging_mixin.py:120} INFO - [2023-10-04T08:01:26.696+0000] {dag.py:2585} INFO - Sync 1 DAGs
[2023-10-04T08:01:26.718+0000] {logging_mixin.py:120} INFO - [2023-10-04T08:01:26.718+0000] {dag.py:3340} INFO - Setting next_dagrun for example_trigger_target_dag to None, run_after=None
[2023-10-04T08:01:26.738+0000] {processor.py:176} INFO - Processing /home/airflow/.local/lib/python3.7/site-packages/airflow/example_dags/example_trigger_target_dag.py took 0.107 seconds
[2023-10-04T08:01:56.908+0000] {processor.py:154} INFO - Started process (PID=2550) to work on /home/airflow/.local/lib/python3.7/site-packages/airflow/example_dags/example_trigger_target_dag.py
[2023-10-04T08:01:56.909+0000] {processor.py:756} INFO - Processing file /home/airflow/.local/lib/python3.7/site-packages/airflow/example_dags/example_trigger_target_dag.py for tasks to queue
[2023-10-04T08:01:56.911+0000] {logging_mixin.py:120} INFO - [2023-10-04T08:01:56.910+0000] {dagbag.py:537} INFO - Filling up the DagBag from /home/airflow/.local/lib/python3.7/site-packages/airflow/example_dags/example_trigger_target_dag.py
[2023-10-04T08:01:56.932+0000] {processor.py:766} INFO - DAG(s) dict_keys(['example_trigger_target_dag']) retrieved from /home/airflow/.local/lib/python3.7/site-packages/airflow/example_dags/example_trigger_target_dag.py
[2023-10-04T08:01:56.970+0000] {logging_mixin.py:120} INFO - [2023-10-04T08:01:56.970+0000] {dag.py:2585} INFO - Sync 1 DAGs
[2023-10-04T08:01:56.993+0000] {logging_mixin.py:120} INFO - [2023-10-04T08:01:56.993+0000] {dag.py:3340} INFO - Setting next_dagrun for example_trigger_target_dag to None, run_after=None
[2023-10-04T08:01:57.019+0000] {processor.py:176} INFO - Processing /home/airflow/.local/lib/python3.7/site-packages/airflow/example_dags/example_trigger_target_dag.py took 0.115 seconds
[2023-10-04T08:02:27.702+0000] {processor.py:154} INFO - Started process (PID=2609) to work on /home/airflow/.local/lib/python3.7/site-packages/airflow/example_dags/example_trigger_target_dag.py
[2023-10-04T08:02:27.703+0000] {processor.py:756} INFO - Processing file /home/airflow/.local/lib/python3.7/site-packages/airflow/example_dags/example_trigger_target_dag.py for tasks to queue
[2023-10-04T08:02:27.705+0000] {logging_mixin.py:120} INFO - [2023-10-04T08:02:27.704+0000] {dagbag.py:537} INFO - Filling up the DagBag from /home/airflow/.local/lib/python3.7/site-packages/airflow/example_dags/example_trigger_target_dag.py
[2023-10-04T08:02:27.725+0000] {processor.py:766} INFO - DAG(s) dict_keys(['example_trigger_target_dag']) retrieved from /home/airflow/.local/lib/python3.7/site-packages/airflow/example_dags/example_trigger_target_dag.py
[2023-10-04T08:02:27.760+0000] {logging_mixin.py:120} INFO - [2023-10-04T08:02:27.760+0000] {dag.py:2585} INFO - Sync 1 DAGs
[2023-10-04T08:02:27.781+0000] {logging_mixin.py:120} INFO - [2023-10-04T08:02:27.781+0000] {dag.py:3340} INFO - Setting next_dagrun for example_trigger_target_dag to None, run_after=None
[2023-10-04T08:02:27.803+0000] {processor.py:176} INFO - Processing /home/airflow/.local/lib/python3.7/site-packages/airflow/example_dags/example_trigger_target_dag.py took 0.105 seconds
[2023-10-04T08:02:57.958+0000] {processor.py:154} INFO - Started process (PID=2676) to work on /home/airflow/.local/lib/python3.7/site-packages/airflow/example_dags/example_trigger_target_dag.py
[2023-10-04T08:02:57.960+0000] {processor.py:756} INFO - Processing file /home/airflow/.local/lib/python3.7/site-packages/airflow/example_dags/example_trigger_target_dag.py for tasks to queue
[2023-10-04T08:02:57.961+0000] {logging_mixin.py:120} INFO - [2023-10-04T08:02:57.961+0000] {dagbag.py:537} INFO - Filling up the DagBag from /home/airflow/.local/lib/python3.7/site-packages/airflow/example_dags/example_trigger_target_dag.py
[2023-10-04T08:02:57.979+0000] {processor.py:766} INFO - DAG(s) dict_keys(['example_trigger_target_dag']) retrieved from /home/airflow/.local/lib/python3.7/site-packages/airflow/example_dags/example_trigger_target_dag.py
[2023-10-04T08:02:58.016+0000] {logging_mixin.py:120} INFO - [2023-10-04T08:02:58.015+0000] {dag.py:2585} INFO - Sync 1 DAGs
[2023-10-04T08:02:58.037+0000] {logging_mixin.py:120} INFO - [2023-10-04T08:02:58.037+0000] {dag.py:3340} INFO - Setting next_dagrun for example_trigger_target_dag to None, run_after=None
[2023-10-04T08:02:58.059+0000] {processor.py:176} INFO - Processing /home/airflow/.local/lib/python3.7/site-packages/airflow/example_dags/example_trigger_target_dag.py took 0.104 seconds
[2023-10-04T08:03:28.943+0000] {processor.py:154} INFO - Started process (PID=2743) to work on /home/airflow/.local/lib/python3.7/site-packages/airflow/example_dags/example_trigger_target_dag.py
[2023-10-04T08:03:28.945+0000] {processor.py:756} INFO - Processing file /home/airflow/.local/lib/python3.7/site-packages/airflow/example_dags/example_trigger_target_dag.py for tasks to queue
[2023-10-04T08:03:28.946+0000] {logging_mixin.py:120} INFO - [2023-10-04T08:03:28.946+0000] {dagbag.py:537} INFO - Filling up the DagBag from /home/airflow/.local/lib/python3.7/site-packages/airflow/example_dags/example_trigger_target_dag.py
[2023-10-04T08:03:28.973+0000] {processor.py:766} INFO - DAG(s) dict_keys(['example_trigger_target_dag']) retrieved from /home/airflow/.local/lib/python3.7/site-packages/airflow/example_dags/example_trigger_target_dag.py
[2023-10-04T08:03:29.022+0000] {logging_mixin.py:120} INFO - [2023-10-04T08:03:29.021+0000] {dag.py:2585} INFO - Sync 1 DAGs
[2023-10-04T08:03:29.049+0000] {logging_mixin.py:120} INFO - [2023-10-04T08:03:29.049+0000] {dag.py:3340} INFO - Setting next_dagrun for example_trigger_target_dag to None, run_after=None
[2023-10-04T08:03:29.073+0000] {processor.py:176} INFO - Processing /home/airflow/.local/lib/python3.7/site-packages/airflow/example_dags/example_trigger_target_dag.py took 0.135 seconds
[2023-10-04T08:04:00.033+0000] {processor.py:154} INFO - Started process (PID=2810) to work on /home/airflow/.local/lib/python3.7/site-packages/airflow/example_dags/example_trigger_target_dag.py
[2023-10-04T08:04:00.035+0000] {processor.py:756} INFO - Processing file /home/airflow/.local/lib/python3.7/site-packages/airflow/example_dags/example_trigger_target_dag.py for tasks to queue
[2023-10-04T08:04:00.037+0000] {logging_mixin.py:120} INFO - [2023-10-04T08:04:00.036+0000] {dagbag.py:537} INFO - Filling up the DagBag from /home/airflow/.local/lib/python3.7/site-packages/airflow/example_dags/example_trigger_target_dag.py
[2023-10-04T08:04:00.060+0000] {processor.py:766} INFO - DAG(s) dict_keys(['example_trigger_target_dag']) retrieved from /home/airflow/.local/lib/python3.7/site-packages/airflow/example_dags/example_trigger_target_dag.py
[2023-10-04T08:04:00.111+0000] {logging_mixin.py:120} INFO - [2023-10-04T08:04:00.111+0000] {dag.py:2585} INFO - Sync 1 DAGs
[2023-10-04T08:04:00.138+0000] {logging_mixin.py:120} INFO - [2023-10-04T08:04:00.138+0000] {dag.py:3340} INFO - Setting next_dagrun for example_trigger_target_dag to None, run_after=None
[2023-10-04T08:04:00.166+0000] {processor.py:176} INFO - Processing /home/airflow/.local/lib/python3.7/site-packages/airflow/example_dags/example_trigger_target_dag.py took 0.137 seconds
[2023-10-04T08:04:30.266+0000] {processor.py:154} INFO - Started process (PID=2868) to work on /home/airflow/.local/lib/python3.7/site-packages/airflow/example_dags/example_trigger_target_dag.py
[2023-10-04T08:04:30.268+0000] {processor.py:756} INFO - Processing file /home/airflow/.local/lib/python3.7/site-packages/airflow/example_dags/example_trigger_target_dag.py for tasks to queue
[2023-10-04T08:04:30.269+0000] {logging_mixin.py:120} INFO - [2023-10-04T08:04:30.269+0000] {dagbag.py:537} INFO - Filling up the DagBag from /home/airflow/.local/lib/python3.7/site-packages/airflow/example_dags/example_trigger_target_dag.py
[2023-10-04T08:04:30.288+0000] {processor.py:766} INFO - DAG(s) dict_keys(['example_trigger_target_dag']) retrieved from /home/airflow/.local/lib/python3.7/site-packages/airflow/example_dags/example_trigger_target_dag.py
[2023-10-04T08:04:30.327+0000] {logging_mixin.py:120} INFO - [2023-10-04T08:04:30.327+0000] {dag.py:2585} INFO - Sync 1 DAGs
[2023-10-04T08:04:30.349+0000] {logging_mixin.py:120} INFO - [2023-10-04T08:04:30.349+0000] {dag.py:3340} INFO - Setting next_dagrun for example_trigger_target_dag to None, run_after=None
[2023-10-04T08:04:30.368+0000] {processor.py:176} INFO - Processing /home/airflow/.local/lib/python3.7/site-packages/airflow/example_dags/example_trigger_target_dag.py took 0.105 seconds
[2023-10-04T08:05:01.055+0000] {processor.py:154} INFO - Started process (PID=2935) to work on /home/airflow/.local/lib/python3.7/site-packages/airflow/example_dags/example_trigger_target_dag.py
[2023-10-04T08:05:01.057+0000] {processor.py:756} INFO - Processing file /home/airflow/.local/lib/python3.7/site-packages/airflow/example_dags/example_trigger_target_dag.py for tasks to queue
[2023-10-04T08:05:01.060+0000] {logging_mixin.py:120} INFO - [2023-10-04T08:05:01.059+0000] {dagbag.py:537} INFO - Filling up the DagBag from /home/airflow/.local/lib/python3.7/site-packages/airflow/example_dags/example_trigger_target_dag.py
[2023-10-04T08:05:01.085+0000] {processor.py:766} INFO - DAG(s) dict_keys(['example_trigger_target_dag']) retrieved from /home/airflow/.local/lib/python3.7/site-packages/airflow/example_dags/example_trigger_target_dag.py
[2023-10-04T08:05:01.138+0000] {logging_mixin.py:120} INFO - [2023-10-04T08:05:01.138+0000] {dag.py:2585} INFO - Sync 1 DAGs
[2023-10-04T08:05:01.170+0000] {logging_mixin.py:120} INFO - [2023-10-04T08:05:01.170+0000] {dag.py:3340} INFO - Setting next_dagrun for example_trigger_target_dag to None, run_after=None
[2023-10-04T08:05:01.199+0000] {processor.py:176} INFO - Processing /home/airflow/.local/lib/python3.7/site-packages/airflow/example_dags/example_trigger_target_dag.py took 0.150 seconds
[2023-10-04T08:05:31.807+0000] {processor.py:154} INFO - Started process (PID=3002) to work on /home/airflow/.local/lib/python3.7/site-packages/airflow/example_dags/example_trigger_target_dag.py
[2023-10-04T08:05:31.810+0000] {processor.py:756} INFO - Processing file /home/airflow/.local/lib/python3.7/site-packages/airflow/example_dags/example_trigger_target_dag.py for tasks to queue
[2023-10-04T08:05:31.813+0000] {logging_mixin.py:120} INFO - [2023-10-04T08:05:31.812+0000] {dagbag.py:537} INFO - Filling up the DagBag from /home/airflow/.local/lib/python3.7/site-packages/airflow/example_dags/example_trigger_target_dag.py
[2023-10-04T08:05:31.881+0000] {processor.py:766} INFO - DAG(s) dict_keys(['example_trigger_target_dag']) retrieved from /home/airflow/.local/lib/python3.7/site-packages/airflow/example_dags/example_trigger_target_dag.py
[2023-10-04T08:05:31.952+0000] {logging_mixin.py:120} INFO - [2023-10-04T08:05:31.952+0000] {dag.py:2585} INFO - Sync 1 DAGs
[2023-10-04T08:05:31.991+0000] {logging_mixin.py:120} INFO - [2023-10-04T08:05:31.991+0000] {dag.py:3340} INFO - Setting next_dagrun for example_trigger_target_dag to None, run_after=None
[2023-10-04T08:05:32.021+0000] {processor.py:176} INFO - Processing /home/airflow/.local/lib/python3.7/site-packages/airflow/example_dags/example_trigger_target_dag.py took 0.230 seconds
[2023-10-04T08:06:02.513+0000] {processor.py:154} INFO - Started process (PID=3060) to work on /home/airflow/.local/lib/python3.7/site-packages/airflow/example_dags/example_trigger_target_dag.py
[2023-10-04T08:06:02.516+0000] {processor.py:756} INFO - Processing file /home/airflow/.local/lib/python3.7/site-packages/airflow/example_dags/example_trigger_target_dag.py for tasks to queue
[2023-10-04T08:06:02.518+0000] {logging_mixin.py:120} INFO - [2023-10-04T08:06:02.518+0000] {dagbag.py:537} INFO - Filling up the DagBag from /home/airflow/.local/lib/python3.7/site-packages/airflow/example_dags/example_trigger_target_dag.py
[2023-10-04T08:06:02.543+0000] {processor.py:766} INFO - DAG(s) dict_keys(['example_trigger_target_dag']) retrieved from /home/airflow/.local/lib/python3.7/site-packages/airflow/example_dags/example_trigger_target_dag.py
[2023-10-04T08:06:02.582+0000] {logging_mixin.py:120} INFO - [2023-10-04T08:06:02.582+0000] {dag.py:2585} INFO - Sync 1 DAGs
[2023-10-04T08:06:02.604+0000] {logging_mixin.py:120} INFO - [2023-10-04T08:06:02.603+0000] {dag.py:3340} INFO - Setting next_dagrun for example_trigger_target_dag to None, run_after=None
[2023-10-04T08:06:02.634+0000] {processor.py:176} INFO - Processing /home/airflow/.local/lib/python3.7/site-packages/airflow/example_dags/example_trigger_target_dag.py took 0.124 seconds
[2023-10-04T08:06:33.234+0000] {processor.py:154} INFO - Started process (PID=3127) to work on /home/airflow/.local/lib/python3.7/site-packages/airflow/example_dags/example_trigger_target_dag.py
[2023-10-04T08:06:33.237+0000] {processor.py:756} INFO - Processing file /home/airflow/.local/lib/python3.7/site-packages/airflow/example_dags/example_trigger_target_dag.py for tasks to queue
[2023-10-04T08:06:33.240+0000] {logging_mixin.py:120} INFO - [2023-10-04T08:06:33.240+0000] {dagbag.py:537} INFO - Filling up the DagBag from /home/airflow/.local/lib/python3.7/site-packages/airflow/example_dags/example_trigger_target_dag.py
[2023-10-04T08:06:33.299+0000] {processor.py:766} INFO - DAG(s) dict_keys(['example_trigger_target_dag']) retrieved from /home/airflow/.local/lib/python3.7/site-packages/airflow/example_dags/example_trigger_target_dag.py
[2023-10-04T08:06:33.375+0000] {logging_mixin.py:120} INFO - [2023-10-04T08:06:33.375+0000] {dag.py:2585} INFO - Sync 1 DAGs
[2023-10-04T08:06:33.408+0000] {logging_mixin.py:120} INFO - [2023-10-04T08:06:33.407+0000] {dag.py:3340} INFO - Setting next_dagrun for example_trigger_target_dag to None, run_after=None
[2023-10-04T08:06:33.445+0000] {processor.py:176} INFO - Processing /home/airflow/.local/lib/python3.7/site-packages/airflow/example_dags/example_trigger_target_dag.py took 0.219 seconds
[2023-10-04T08:07:03.562+0000] {processor.py:154} INFO - Started process (PID=3194) to work on /home/airflow/.local/lib/python3.7/site-packages/airflow/example_dags/example_trigger_target_dag.py
[2023-10-04T08:07:03.564+0000] {processor.py:756} INFO - Processing file /home/airflow/.local/lib/python3.7/site-packages/airflow/example_dags/example_trigger_target_dag.py for tasks to queue
[2023-10-04T08:07:03.566+0000] {logging_mixin.py:120} INFO - [2023-10-04T08:07:03.565+0000] {dagbag.py:537} INFO - Filling up the DagBag from /home/airflow/.local/lib/python3.7/site-packages/airflow/example_dags/example_trigger_target_dag.py
[2023-10-04T08:07:03.589+0000] {processor.py:766} INFO - DAG(s) dict_keys(['example_trigger_target_dag']) retrieved from /home/airflow/.local/lib/python3.7/site-packages/airflow/example_dags/example_trigger_target_dag.py
[2023-10-04T08:07:03.622+0000] {logging_mixin.py:120} INFO - [2023-10-04T08:07:03.622+0000] {dag.py:2585} INFO - Sync 1 DAGs
[2023-10-04T08:07:03.640+0000] {logging_mixin.py:120} INFO - [2023-10-04T08:07:03.640+0000] {dag.py:3340} INFO - Setting next_dagrun for example_trigger_target_dag to None, run_after=None
[2023-10-04T08:07:03.659+0000] {processor.py:176} INFO - Processing /home/airflow/.local/lib/python3.7/site-packages/airflow/example_dags/example_trigger_target_dag.py took 0.102 seconds
[2023-10-04T08:07:34.223+0000] {processor.py:154} INFO - Started process (PID=3261) to work on /home/airflow/.local/lib/python3.7/site-packages/airflow/example_dags/example_trigger_target_dag.py
[2023-10-04T08:07:34.225+0000] {processor.py:756} INFO - Processing file /home/airflow/.local/lib/python3.7/site-packages/airflow/example_dags/example_trigger_target_dag.py for tasks to queue
[2023-10-04T08:07:34.227+0000] {logging_mixin.py:120} INFO - [2023-10-04T08:07:34.227+0000] {dagbag.py:537} INFO - Filling up the DagBag from /home/airflow/.local/lib/python3.7/site-packages/airflow/example_dags/example_trigger_target_dag.py
[2023-10-04T08:07:34.249+0000] {processor.py:766} INFO - DAG(s) dict_keys(['example_trigger_target_dag']) retrieved from /home/airflow/.local/lib/python3.7/site-packages/airflow/example_dags/example_trigger_target_dag.py
[2023-10-04T08:07:34.281+0000] {logging_mixin.py:120} INFO - [2023-10-04T08:07:34.281+0000] {dag.py:2585} INFO - Sync 1 DAGs
[2023-10-04T08:07:34.301+0000] {logging_mixin.py:120} INFO - [2023-10-04T08:07:34.300+0000] {dag.py:3340} INFO - Setting next_dagrun for example_trigger_target_dag to None, run_after=None
[2023-10-04T08:07:34.320+0000] {processor.py:176} INFO - Processing /home/airflow/.local/lib/python3.7/site-packages/airflow/example_dags/example_trigger_target_dag.py took 0.102 seconds
[2023-10-04T08:08:04.715+0000] {processor.py:154} INFO - Started process (PID=3319) to work on /home/airflow/.local/lib/python3.7/site-packages/airflow/example_dags/example_trigger_target_dag.py
[2023-10-04T08:08:04.717+0000] {processor.py:756} INFO - Processing file /home/airflow/.local/lib/python3.7/site-packages/airflow/example_dags/example_trigger_target_dag.py for tasks to queue
[2023-10-04T08:08:04.720+0000] {logging_mixin.py:120} INFO - [2023-10-04T08:08:04.720+0000] {dagbag.py:537} INFO - Filling up the DagBag from /home/airflow/.local/lib/python3.7/site-packages/airflow/example_dags/example_trigger_target_dag.py
[2023-10-04T08:08:04.740+0000] {processor.py:766} INFO - DAG(s) dict_keys(['example_trigger_target_dag']) retrieved from /home/airflow/.local/lib/python3.7/site-packages/airflow/example_dags/example_trigger_target_dag.py
[2023-10-04T08:08:04.787+0000] {logging_mixin.py:120} INFO - [2023-10-04T08:08:04.787+0000] {dag.py:2585} INFO - Sync 1 DAGs
[2023-10-04T08:08:04.821+0000] {logging_mixin.py:120} INFO - [2023-10-04T08:08:04.821+0000] {dag.py:3340} INFO - Setting next_dagrun for example_trigger_target_dag to None, run_after=None
[2023-10-04T08:08:04.855+0000] {processor.py:176} INFO - Processing /home/airflow/.local/lib/python3.7/site-packages/airflow/example_dags/example_trigger_target_dag.py took 0.145 seconds
[2023-10-04T08:08:35.007+0000] {processor.py:154} INFO - Started process (PID=3386) to work on /home/airflow/.local/lib/python3.7/site-packages/airflow/example_dags/example_trigger_target_dag.py
[2023-10-04T08:08:35.009+0000] {processor.py:756} INFO - Processing file /home/airflow/.local/lib/python3.7/site-packages/airflow/example_dags/example_trigger_target_dag.py for tasks to queue
[2023-10-04T08:08:35.011+0000] {logging_mixin.py:120} INFO - [2023-10-04T08:08:35.011+0000] {dagbag.py:537} INFO - Filling up the DagBag from /home/airflow/.local/lib/python3.7/site-packages/airflow/example_dags/example_trigger_target_dag.py
[2023-10-04T08:08:35.034+0000] {processor.py:766} INFO - DAG(s) dict_keys(['example_trigger_target_dag']) retrieved from /home/airflow/.local/lib/python3.7/site-packages/airflow/example_dags/example_trigger_target_dag.py
[2023-10-04T08:08:35.076+0000] {logging_mixin.py:120} INFO - [2023-10-04T08:08:35.076+0000] {dag.py:2585} INFO - Sync 1 DAGs
[2023-10-04T08:08:35.100+0000] {logging_mixin.py:120} INFO - [2023-10-04T08:08:35.099+0000] {dag.py:3340} INFO - Setting next_dagrun for example_trigger_target_dag to None, run_after=None
[2023-10-04T08:08:35.128+0000] {processor.py:176} INFO - Processing /home/airflow/.local/lib/python3.7/site-packages/airflow/example_dags/example_trigger_target_dag.py took 0.128 seconds
[2023-10-04T08:09:05.225+0000] {processor.py:154} INFO - Started process (PID=3454) to work on /home/airflow/.local/lib/python3.7/site-packages/airflow/example_dags/example_trigger_target_dag.py
[2023-10-04T08:09:05.227+0000] {processor.py:756} INFO - Processing file /home/airflow/.local/lib/python3.7/site-packages/airflow/example_dags/example_trigger_target_dag.py for tasks to queue
[2023-10-04T08:09:05.228+0000] {logging_mixin.py:120} INFO - [2023-10-04T08:09:05.228+0000] {dagbag.py:537} INFO - Filling up the DagBag from /home/airflow/.local/lib/python3.7/site-packages/airflow/example_dags/example_trigger_target_dag.py
[2023-10-04T08:09:05.245+0000] {processor.py:766} INFO - DAG(s) dict_keys(['example_trigger_target_dag']) retrieved from /home/airflow/.local/lib/python3.7/site-packages/airflow/example_dags/example_trigger_target_dag.py
[2023-10-04T08:09:05.279+0000] {logging_mixin.py:120} INFO - [2023-10-04T08:09:05.279+0000] {dag.py:2585} INFO - Sync 1 DAGs
[2023-10-04T08:09:05.299+0000] {logging_mixin.py:120} INFO - [2023-10-04T08:09:05.299+0000] {dag.py:3340} INFO - Setting next_dagrun for example_trigger_target_dag to None, run_after=None
[2023-10-04T08:09:05.321+0000] {processor.py:176} INFO - Processing /home/airflow/.local/lib/python3.7/site-packages/airflow/example_dags/example_trigger_target_dag.py took 0.100 seconds
[2023-10-04T08:09:35.577+0000] {processor.py:154} INFO - Started process (PID=3521) to work on /home/airflow/.local/lib/python3.7/site-packages/airflow/example_dags/example_trigger_target_dag.py
[2023-10-04T08:09:35.578+0000] {processor.py:756} INFO - Processing file /home/airflow/.local/lib/python3.7/site-packages/airflow/example_dags/example_trigger_target_dag.py for tasks to queue
[2023-10-04T08:09:35.579+0000] {logging_mixin.py:120} INFO - [2023-10-04T08:09:35.579+0000] {dagbag.py:537} INFO - Filling up the DagBag from /home/airflow/.local/lib/python3.7/site-packages/airflow/example_dags/example_trigger_target_dag.py
[2023-10-04T08:09:35.602+0000] {processor.py:766} INFO - DAG(s) dict_keys(['example_trigger_target_dag']) retrieved from /home/airflow/.local/lib/python3.7/site-packages/airflow/example_dags/example_trigger_target_dag.py
[2023-10-04T08:09:35.646+0000] {logging_mixin.py:120} INFO - [2023-10-04T08:09:35.646+0000] {dag.py:2585} INFO - Sync 1 DAGs
[2023-10-04T08:09:35.673+0000] {logging_mixin.py:120} INFO - [2023-10-04T08:09:35.673+0000] {dag.py:3340} INFO - Setting next_dagrun for example_trigger_target_dag to None, run_after=None
[2023-10-04T08:09:35.699+0000] {processor.py:176} INFO - Processing /home/airflow/.local/lib/python3.7/site-packages/airflow/example_dags/example_trigger_target_dag.py took 0.125 seconds
[2023-10-04T08:10:05.925+0000] {processor.py:154} INFO - Started process (PID=3579) to work on /home/airflow/.local/lib/python3.7/site-packages/airflow/example_dags/example_trigger_target_dag.py
[2023-10-04T08:10:05.927+0000] {processor.py:756} INFO - Processing file /home/airflow/.local/lib/python3.7/site-packages/airflow/example_dags/example_trigger_target_dag.py for tasks to queue
[2023-10-04T08:10:05.929+0000] {logging_mixin.py:120} INFO - [2023-10-04T08:10:05.929+0000] {dagbag.py:537} INFO - Filling up the DagBag from /home/airflow/.local/lib/python3.7/site-packages/airflow/example_dags/example_trigger_target_dag.py
[2023-10-04T08:10:05.948+0000] {processor.py:766} INFO - DAG(s) dict_keys(['example_trigger_target_dag']) retrieved from /home/airflow/.local/lib/python3.7/site-packages/airflow/example_dags/example_trigger_target_dag.py
[2023-10-04T08:10:05.986+0000] {logging_mixin.py:120} INFO - [2023-10-04T08:10:05.986+0000] {dag.py:2585} INFO - Sync 1 DAGs
[2023-10-04T08:10:06.009+0000] {logging_mixin.py:120} INFO - [2023-10-04T08:10:06.009+0000] {dag.py:3340} INFO - Setting next_dagrun for example_trigger_target_dag to None, run_after=None
[2023-10-04T08:10:06.030+0000] {processor.py:176} INFO - Processing /home/airflow/.local/lib/python3.7/site-packages/airflow/example_dags/example_trigger_target_dag.py took 0.111 seconds
[2023-10-04T08:11:45.359+0000] {processor.py:154} INFO - Started process (PID=95) to work on /home/airflow/.local/lib/python3.7/site-packages/airflow/example_dags/example_trigger_target_dag.py
[2023-10-04T08:11:45.362+0000] {processor.py:756} INFO - Processing file /home/airflow/.local/lib/python3.7/site-packages/airflow/example_dags/example_trigger_target_dag.py for tasks to queue
[2023-10-04T08:11:45.365+0000] {logging_mixin.py:120} INFO - [2023-10-04T08:11:45.365+0000] {dagbag.py:537} INFO - Filling up the DagBag from /home/airflow/.local/lib/python3.7/site-packages/airflow/example_dags/example_trigger_target_dag.py
[2023-10-04T08:11:45.400+0000] {processor.py:766} INFO - DAG(s) dict_keys(['example_trigger_target_dag']) retrieved from /home/airflow/.local/lib/python3.7/site-packages/airflow/example_dags/example_trigger_target_dag.py
[2023-10-04T08:11:45.534+0000] {logging_mixin.py:120} INFO - [2023-10-04T08:11:45.533+0000] {dag.py:2585} INFO - Sync 1 DAGs
[2023-10-04T08:11:45.595+0000] {logging_mixin.py:120} INFO - [2023-10-04T08:11:45.595+0000] {dag.py:3340} INFO - Setting next_dagrun for example_trigger_target_dag to None, run_after=None
[2023-10-04T08:11:45.655+0000] {processor.py:176} INFO - Processing /home/airflow/.local/lib/python3.7/site-packages/airflow/example_dags/example_trigger_target_dag.py took 0.303 seconds
[2023-10-04T08:12:16.270+0000] {processor.py:154} INFO - Started process (PID=164) to work on /home/airflow/.local/lib/python3.7/site-packages/airflow/example_dags/example_trigger_target_dag.py
[2023-10-04T08:12:16.272+0000] {processor.py:756} INFO - Processing file /home/airflow/.local/lib/python3.7/site-packages/airflow/example_dags/example_trigger_target_dag.py for tasks to queue
[2023-10-04T08:12:16.274+0000] {logging_mixin.py:120} INFO - [2023-10-04T08:12:16.274+0000] {dagbag.py:537} INFO - Filling up the DagBag from /home/airflow/.local/lib/python3.7/site-packages/airflow/example_dags/example_trigger_target_dag.py
[2023-10-04T08:12:16.304+0000] {processor.py:766} INFO - DAG(s) dict_keys(['example_trigger_target_dag']) retrieved from /home/airflow/.local/lib/python3.7/site-packages/airflow/example_dags/example_trigger_target_dag.py
[2023-10-04T08:12:16.354+0000] {logging_mixin.py:120} INFO - [2023-10-04T08:12:16.353+0000] {dag.py:2585} INFO - Sync 1 DAGs
[2023-10-04T08:12:16.388+0000] {logging_mixin.py:120} INFO - [2023-10-04T08:12:16.388+0000] {dag.py:3340} INFO - Setting next_dagrun for example_trigger_target_dag to None, run_after=None
[2023-10-04T08:12:16.419+0000] {processor.py:176} INFO - Processing /home/airflow/.local/lib/python3.7/site-packages/airflow/example_dags/example_trigger_target_dag.py took 0.153 seconds
[2023-10-04T08:12:47.352+0000] {processor.py:154} INFO - Started process (PID=230) to work on /home/airflow/.local/lib/python3.7/site-packages/airflow/example_dags/example_trigger_target_dag.py
[2023-10-04T08:12:47.355+0000] {processor.py:756} INFO - Processing file /home/airflow/.local/lib/python3.7/site-packages/airflow/example_dags/example_trigger_target_dag.py for tasks to queue
[2023-10-04T08:12:47.357+0000] {logging_mixin.py:120} INFO - [2023-10-04T08:12:47.357+0000] {dagbag.py:537} INFO - Filling up the DagBag from /home/airflow/.local/lib/python3.7/site-packages/airflow/example_dags/example_trigger_target_dag.py
[2023-10-04T08:12:47.379+0000] {processor.py:766} INFO - DAG(s) dict_keys(['example_trigger_target_dag']) retrieved from /home/airflow/.local/lib/python3.7/site-packages/airflow/example_dags/example_trigger_target_dag.py
[2023-10-04T08:12:47.443+0000] {logging_mixin.py:120} INFO - [2023-10-04T08:12:47.443+0000] {dag.py:2585} INFO - Sync 1 DAGs
[2023-10-04T08:12:47.470+0000] {logging_mixin.py:120} INFO - [2023-10-04T08:12:47.470+0000] {dag.py:3340} INFO - Setting next_dagrun for example_trigger_target_dag to None, run_after=None
[2023-10-04T08:12:47.514+0000] {processor.py:176} INFO - Processing /home/airflow/.local/lib/python3.7/site-packages/airflow/example_dags/example_trigger_target_dag.py took 0.165 seconds
[2023-10-04T08:13:17.848+0000] {processor.py:154} INFO - Started process (PID=292) to work on /home/airflow/.local/lib/python3.7/site-packages/airflow/example_dags/example_trigger_target_dag.py
[2023-10-04T08:13:17.850+0000] {processor.py:756} INFO - Processing file /home/airflow/.local/lib/python3.7/site-packages/airflow/example_dags/example_trigger_target_dag.py for tasks to queue
[2023-10-04T08:13:17.852+0000] {logging_mixin.py:120} INFO - [2023-10-04T08:13:17.852+0000] {dagbag.py:537} INFO - Filling up the DagBag from /home/airflow/.local/lib/python3.7/site-packages/airflow/example_dags/example_trigger_target_dag.py
[2023-10-04T08:13:17.883+0000] {processor.py:766} INFO - DAG(s) dict_keys(['example_trigger_target_dag']) retrieved from /home/airflow/.local/lib/python3.7/site-packages/airflow/example_dags/example_trigger_target_dag.py
[2023-10-04T08:13:17.922+0000] {logging_mixin.py:120} INFO - [2023-10-04T08:13:17.922+0000] {dag.py:2585} INFO - Sync 1 DAGs
[2023-10-04T08:13:17.948+0000] {logging_mixin.py:120} INFO - [2023-10-04T08:13:17.948+0000] {dag.py:3340} INFO - Setting next_dagrun for example_trigger_target_dag to None, run_after=None
[2023-10-04T08:13:17.971+0000] {processor.py:176} INFO - Processing /home/airflow/.local/lib/python3.7/site-packages/airflow/example_dags/example_trigger_target_dag.py took 0.128 seconds
[2023-10-04T08:13:48.492+0000] {processor.py:154} INFO - Started process (PID=360) to work on /home/airflow/.local/lib/python3.7/site-packages/airflow/example_dags/example_trigger_target_dag.py
[2023-10-04T08:13:48.493+0000] {processor.py:756} INFO - Processing file /home/airflow/.local/lib/python3.7/site-packages/airflow/example_dags/example_trigger_target_dag.py for tasks to queue
[2023-10-04T08:13:48.494+0000] {logging_mixin.py:120} INFO - [2023-10-04T08:13:48.494+0000] {dagbag.py:537} INFO - Filling up the DagBag from /home/airflow/.local/lib/python3.7/site-packages/airflow/example_dags/example_trigger_target_dag.py
[2023-10-04T08:13:48.518+0000] {processor.py:766} INFO - DAG(s) dict_keys(['example_trigger_target_dag']) retrieved from /home/airflow/.local/lib/python3.7/site-packages/airflow/example_dags/example_trigger_target_dag.py
[2023-10-04T08:13:48.564+0000] {logging_mixin.py:120} INFO - [2023-10-04T08:13:48.564+0000] {dag.py:2585} INFO - Sync 1 DAGs
[2023-10-04T08:13:48.586+0000] {logging_mixin.py:120} INFO - [2023-10-04T08:13:48.586+0000] {dag.py:3340} INFO - Setting next_dagrun for example_trigger_target_dag to None, run_after=None
[2023-10-04T08:13:48.609+0000] {processor.py:176} INFO - Processing /home/airflow/.local/lib/python3.7/site-packages/airflow/example_dags/example_trigger_target_dag.py took 0.119 seconds
[2023-10-04T08:14:18.899+0000] {processor.py:154} INFO - Started process (PID=428) to work on /home/airflow/.local/lib/python3.7/site-packages/airflow/example_dags/example_trigger_target_dag.py
[2023-10-04T08:14:18.901+0000] {processor.py:756} INFO - Processing file /home/airflow/.local/lib/python3.7/site-packages/airflow/example_dags/example_trigger_target_dag.py for tasks to queue
[2023-10-04T08:14:18.903+0000] {logging_mixin.py:120} INFO - [2023-10-04T08:14:18.902+0000] {dagbag.py:537} INFO - Filling up the DagBag from /home/airflow/.local/lib/python3.7/site-packages/airflow/example_dags/example_trigger_target_dag.py
[2023-10-04T08:14:18.930+0000] {processor.py:766} INFO - DAG(s) dict_keys(['example_trigger_target_dag']) retrieved from /home/airflow/.local/lib/python3.7/site-packages/airflow/example_dags/example_trigger_target_dag.py
[2023-10-04T08:14:18.962+0000] {logging_mixin.py:120} INFO - [2023-10-04T08:14:18.962+0000] {dag.py:2585} INFO - Sync 1 DAGs
[2023-10-04T08:14:18.982+0000] {logging_mixin.py:120} INFO - [2023-10-04T08:14:18.982+0000] {dag.py:3340} INFO - Setting next_dagrun for example_trigger_target_dag to None, run_after=None
[2023-10-04T08:14:18.998+0000] {processor.py:176} INFO - Processing /home/airflow/.local/lib/python3.7/site-packages/airflow/example_dags/example_trigger_target_dag.py took 0.102 seconds
[2023-10-04T08:14:49.521+0000] {processor.py:154} INFO - Started process (PID=487) to work on /home/airflow/.local/lib/python3.7/site-packages/airflow/example_dags/example_trigger_target_dag.py
[2023-10-04T08:14:49.523+0000] {processor.py:756} INFO - Processing file /home/airflow/.local/lib/python3.7/site-packages/airflow/example_dags/example_trigger_target_dag.py for tasks to queue
[2023-10-04T08:14:49.524+0000] {logging_mixin.py:120} INFO - [2023-10-04T08:14:49.524+0000] {dagbag.py:537} INFO - Filling up the DagBag from /home/airflow/.local/lib/python3.7/site-packages/airflow/example_dags/example_trigger_target_dag.py
[2023-10-04T08:14:49.550+0000] {processor.py:766} INFO - DAG(s) dict_keys(['example_trigger_target_dag']) retrieved from /home/airflow/.local/lib/python3.7/site-packages/airflow/example_dags/example_trigger_target_dag.py
[2023-10-04T08:14:49.619+0000] {logging_mixin.py:120} INFO - [2023-10-04T08:14:49.619+0000] {dag.py:2585} INFO - Sync 1 DAGs
[2023-10-04T08:14:49.643+0000] {logging_mixin.py:120} INFO - [2023-10-04T08:14:49.643+0000] {dag.py:3340} INFO - Setting next_dagrun for example_trigger_target_dag to None, run_after=None
[2023-10-04T08:14:49.664+0000] {processor.py:176} INFO - Processing /home/airflow/.local/lib/python3.7/site-packages/airflow/example_dags/example_trigger_target_dag.py took 0.146 seconds
[2023-10-04T08:15:20.209+0000] {processor.py:154} INFO - Started process (PID=555) to work on /home/airflow/.local/lib/python3.7/site-packages/airflow/example_dags/example_trigger_target_dag.py
[2023-10-04T08:15:20.210+0000] {processor.py:756} INFO - Processing file /home/airflow/.local/lib/python3.7/site-packages/airflow/example_dags/example_trigger_target_dag.py for tasks to queue
[2023-10-04T08:15:20.211+0000] {logging_mixin.py:120} INFO - [2023-10-04T08:15:20.211+0000] {dagbag.py:537} INFO - Filling up the DagBag from /home/airflow/.local/lib/python3.7/site-packages/airflow/example_dags/example_trigger_target_dag.py
[2023-10-04T08:15:20.229+0000] {processor.py:766} INFO - DAG(s) dict_keys(['example_trigger_target_dag']) retrieved from /home/airflow/.local/lib/python3.7/site-packages/airflow/example_dags/example_trigger_target_dag.py
[2023-10-04T08:15:20.277+0000] {logging_mixin.py:120} INFO - [2023-10-04T08:15:20.277+0000] {dag.py:2585} INFO - Sync 1 DAGs
[2023-10-04T08:15:20.309+0000] {logging_mixin.py:120} INFO - [2023-10-04T08:15:20.309+0000] {dag.py:3340} INFO - Setting next_dagrun for example_trigger_target_dag to None, run_after=None
[2023-10-04T08:15:20.340+0000] {processor.py:176} INFO - Processing /home/airflow/.local/lib/python3.7/site-packages/airflow/example_dags/example_trigger_target_dag.py took 0.134 seconds
[2023-10-04T08:15:50.978+0000] {processor.py:154} INFO - Started process (PID=623) to work on /home/airflow/.local/lib/python3.7/site-packages/airflow/example_dags/example_trigger_target_dag.py
[2023-10-04T08:15:50.980+0000] {processor.py:756} INFO - Processing file /home/airflow/.local/lib/python3.7/site-packages/airflow/example_dags/example_trigger_target_dag.py for tasks to queue
[2023-10-04T08:15:50.982+0000] {logging_mixin.py:120} INFO - [2023-10-04T08:15:50.982+0000] {dagbag.py:537} INFO - Filling up the DagBag from /home/airflow/.local/lib/python3.7/site-packages/airflow/example_dags/example_trigger_target_dag.py
[2023-10-04T08:15:51.008+0000] {processor.py:766} INFO - DAG(s) dict_keys(['example_trigger_target_dag']) retrieved from /home/airflow/.local/lib/python3.7/site-packages/airflow/example_dags/example_trigger_target_dag.py
[2023-10-04T08:15:51.051+0000] {logging_mixin.py:120} INFO - [2023-10-04T08:15:51.051+0000] {dag.py:2585} INFO - Sync 1 DAGs
[2023-10-04T08:15:51.076+0000] {logging_mixin.py:120} INFO - [2023-10-04T08:15:51.075+0000] {dag.py:3340} INFO - Setting next_dagrun for example_trigger_target_dag to None, run_after=None
[2023-10-04T08:15:51.101+0000] {processor.py:176} INFO - Processing /home/airflow/.local/lib/python3.7/site-packages/airflow/example_dags/example_trigger_target_dag.py took 0.132 seconds
[2023-10-04T08:16:21.578+0000] {processor.py:154} INFO - Started process (PID=689) to work on /home/airflow/.local/lib/python3.7/site-packages/airflow/example_dags/example_trigger_target_dag.py
[2023-10-04T08:16:21.579+0000] {processor.py:756} INFO - Processing file /home/airflow/.local/lib/python3.7/site-packages/airflow/example_dags/example_trigger_target_dag.py for tasks to queue
[2023-10-04T08:16:21.581+0000] {logging_mixin.py:120} INFO - [2023-10-04T08:16:21.581+0000] {dagbag.py:537} INFO - Filling up the DagBag from /home/airflow/.local/lib/python3.7/site-packages/airflow/example_dags/example_trigger_target_dag.py
[2023-10-04T08:16:21.620+0000] {processor.py:766} INFO - DAG(s) dict_keys(['example_trigger_target_dag']) retrieved from /home/airflow/.local/lib/python3.7/site-packages/airflow/example_dags/example_trigger_target_dag.py
[2023-10-04T08:16:21.700+0000] {logging_mixin.py:120} INFO - [2023-10-04T08:16:21.700+0000] {dag.py:2585} INFO - Sync 1 DAGs
[2023-10-04T08:16:21.744+0000] {logging_mixin.py:120} INFO - [2023-10-04T08:16:21.744+0000] {dag.py:3340} INFO - Setting next_dagrun for example_trigger_target_dag to None, run_after=None
[2023-10-04T08:16:21.805+0000] {processor.py:176} INFO - Processing /home/airflow/.local/lib/python3.7/site-packages/airflow/example_dags/example_trigger_target_dag.py took 0.236 seconds
[2023-10-04T08:16:52.514+0000] {processor.py:154} INFO - Started process (PID=751) to work on /home/airflow/.local/lib/python3.7/site-packages/airflow/example_dags/example_trigger_target_dag.py
[2023-10-04T08:16:52.516+0000] {processor.py:756} INFO - Processing file /home/airflow/.local/lib/python3.7/site-packages/airflow/example_dags/example_trigger_target_dag.py for tasks to queue
[2023-10-04T08:16:52.517+0000] {logging_mixin.py:120} INFO - [2023-10-04T08:16:52.517+0000] {dagbag.py:537} INFO - Filling up the DagBag from /home/airflow/.local/lib/python3.7/site-packages/airflow/example_dags/example_trigger_target_dag.py
[2023-10-04T08:16:52.539+0000] {processor.py:766} INFO - DAG(s) dict_keys(['example_trigger_target_dag']) retrieved from /home/airflow/.local/lib/python3.7/site-packages/airflow/example_dags/example_trigger_target_dag.py
[2023-10-04T08:16:52.596+0000] {logging_mixin.py:120} INFO - [2023-10-04T08:16:52.596+0000] {dag.py:2585} INFO - Sync 1 DAGs
[2023-10-04T08:16:52.634+0000] {logging_mixin.py:120} INFO - [2023-10-04T08:16:52.634+0000] {dag.py:3340} INFO - Setting next_dagrun for example_trigger_target_dag to None, run_after=None
[2023-10-04T08:16:52.663+0000] {processor.py:176} INFO - Processing /home/airflow/.local/lib/python3.7/site-packages/airflow/example_dags/example_trigger_target_dag.py took 0.152 seconds
[2023-10-04T08:17:23.330+0000] {processor.py:154} INFO - Started process (PID=819) to work on /home/airflow/.local/lib/python3.7/site-packages/airflow/example_dags/example_trigger_target_dag.py
[2023-10-04T08:17:23.332+0000] {processor.py:756} INFO - Processing file /home/airflow/.local/lib/python3.7/site-packages/airflow/example_dags/example_trigger_target_dag.py for tasks to queue
[2023-10-04T08:17:23.334+0000] {logging_mixin.py:120} INFO - [2023-10-04T08:17:23.334+0000] {dagbag.py:537} INFO - Filling up the DagBag from /home/airflow/.local/lib/python3.7/site-packages/airflow/example_dags/example_trigger_target_dag.py
[2023-10-04T08:17:23.363+0000] {processor.py:766} INFO - DAG(s) dict_keys(['example_trigger_target_dag']) retrieved from /home/airflow/.local/lib/python3.7/site-packages/airflow/example_dags/example_trigger_target_dag.py
[2023-10-04T08:17:23.414+0000] {logging_mixin.py:120} INFO - [2023-10-04T08:17:23.414+0000] {dag.py:2585} INFO - Sync 1 DAGs
[2023-10-04T08:17:23.449+0000] {logging_mixin.py:120} INFO - [2023-10-04T08:17:23.449+0000] {dag.py:3340} INFO - Setting next_dagrun for example_trigger_target_dag to None, run_after=None
[2023-10-04T08:17:23.488+0000] {processor.py:176} INFO - Processing /home/airflow/.local/lib/python3.7/site-packages/airflow/example_dags/example_trigger_target_dag.py took 0.161 seconds
[2023-10-04T08:17:54.392+0000] {processor.py:154} INFO - Started process (PID=888) to work on /home/airflow/.local/lib/python3.7/site-packages/airflow/example_dags/example_trigger_target_dag.py
[2023-10-04T08:17:54.397+0000] {processor.py:756} INFO - Processing file /home/airflow/.local/lib/python3.7/site-packages/airflow/example_dags/example_trigger_target_dag.py for tasks to queue
[2023-10-04T08:17:54.399+0000] {logging_mixin.py:120} INFO - [2023-10-04T08:17:54.398+0000] {dagbag.py:537} INFO - Filling up the DagBag from /home/airflow/.local/lib/python3.7/site-packages/airflow/example_dags/example_trigger_target_dag.py
[2023-10-04T08:17:54.429+0000] {processor.py:766} INFO - DAG(s) dict_keys(['example_trigger_target_dag']) retrieved from /home/airflow/.local/lib/python3.7/site-packages/airflow/example_dags/example_trigger_target_dag.py
[2023-10-04T08:17:54.481+0000] {logging_mixin.py:120} INFO - [2023-10-04T08:17:54.480+0000] {dag.py:2585} INFO - Sync 1 DAGs
[2023-10-04T08:17:54.508+0000] {logging_mixin.py:120} INFO - [2023-10-04T08:17:54.507+0000] {dag.py:3340} INFO - Setting next_dagrun for example_trigger_target_dag to None, run_after=None
[2023-10-04T08:17:54.541+0000] {processor.py:176} INFO - Processing /home/airflow/.local/lib/python3.7/site-packages/airflow/example_dags/example_trigger_target_dag.py took 0.161 seconds
[2023-10-04T08:18:24.975+0000] {processor.py:154} INFO - Started process (PID=947) to work on /home/airflow/.local/lib/python3.7/site-packages/airflow/example_dags/example_trigger_target_dag.py
[2023-10-04T08:18:24.977+0000] {processor.py:756} INFO - Processing file /home/airflow/.local/lib/python3.7/site-packages/airflow/example_dags/example_trigger_target_dag.py for tasks to queue
[2023-10-04T08:18:24.978+0000] {logging_mixin.py:120} INFO - [2023-10-04T08:18:24.978+0000] {dagbag.py:537} INFO - Filling up the DagBag from /home/airflow/.local/lib/python3.7/site-packages/airflow/example_dags/example_trigger_target_dag.py
[2023-10-04T08:18:25.015+0000] {processor.py:766} INFO - DAG(s) dict_keys(['example_trigger_target_dag']) retrieved from /home/airflow/.local/lib/python3.7/site-packages/airflow/example_dags/example_trigger_target_dag.py
[2023-10-04T08:18:25.111+0000] {logging_mixin.py:120} INFO - [2023-10-04T08:18:25.110+0000] {dag.py:2585} INFO - Sync 1 DAGs
[2023-10-04T08:18:25.161+0000] {logging_mixin.py:120} INFO - [2023-10-04T08:18:25.160+0000] {dag.py:3340} INFO - Setting next_dagrun for example_trigger_target_dag to None, run_after=None
[2023-10-04T08:18:25.238+0000] {processor.py:176} INFO - Processing /home/airflow/.local/lib/python3.7/site-packages/airflow/example_dags/example_trigger_target_dag.py took 0.271 seconds
[2023-10-04T08:18:55.980+0000] {processor.py:154} INFO - Started process (PID=1015) to work on /home/airflow/.local/lib/python3.7/site-packages/airflow/example_dags/example_trigger_target_dag.py
[2023-10-04T08:18:55.983+0000] {processor.py:756} INFO - Processing file /home/airflow/.local/lib/python3.7/site-packages/airflow/example_dags/example_trigger_target_dag.py for tasks to queue
[2023-10-04T08:18:55.986+0000] {logging_mixin.py:120} INFO - [2023-10-04T08:18:55.986+0000] {dagbag.py:537} INFO - Filling up the DagBag from /home/airflow/.local/lib/python3.7/site-packages/airflow/example_dags/example_trigger_target_dag.py
[2023-10-04T08:18:56.028+0000] {processor.py:766} INFO - DAG(s) dict_keys(['example_trigger_target_dag']) retrieved from /home/airflow/.local/lib/python3.7/site-packages/airflow/example_dags/example_trigger_target_dag.py
[2023-10-04T08:18:56.191+0000] {logging_mixin.py:120} INFO - [2023-10-04T08:18:56.191+0000] {dag.py:2585} INFO - Sync 1 DAGs
[2023-10-04T08:18:56.220+0000] {logging_mixin.py:120} INFO - [2023-10-04T08:18:56.220+0000] {dag.py:3340} INFO - Setting next_dagrun for example_trigger_target_dag to None, run_after=None
[2023-10-04T08:18:56.263+0000] {processor.py:176} INFO - Processing /home/airflow/.local/lib/python3.7/site-packages/airflow/example_dags/example_trigger_target_dag.py took 0.294 seconds
[2023-10-04T08:19:26.764+0000] {processor.py:154} INFO - Started process (PID=1083) to work on /home/airflow/.local/lib/python3.7/site-packages/airflow/example_dags/example_trigger_target_dag.py
[2023-10-04T08:19:26.766+0000] {processor.py:756} INFO - Processing file /home/airflow/.local/lib/python3.7/site-packages/airflow/example_dags/example_trigger_target_dag.py for tasks to queue
[2023-10-04T08:19:26.768+0000] {logging_mixin.py:120} INFO - [2023-10-04T08:19:26.768+0000] {dagbag.py:537} INFO - Filling up the DagBag from /home/airflow/.local/lib/python3.7/site-packages/airflow/example_dags/example_trigger_target_dag.py
[2023-10-04T08:19:26.802+0000] {processor.py:766} INFO - DAG(s) dict_keys(['example_trigger_target_dag']) retrieved from /home/airflow/.local/lib/python3.7/site-packages/airflow/example_dags/example_trigger_target_dag.py
[2023-10-04T08:19:26.881+0000] {logging_mixin.py:120} INFO - [2023-10-04T08:19:26.880+0000] {dag.py:2585} INFO - Sync 1 DAGs
[2023-10-04T08:19:26.924+0000] {logging_mixin.py:120} INFO - [2023-10-04T08:19:26.924+0000] {dag.py:3340} INFO - Setting next_dagrun for example_trigger_target_dag to None, run_after=None
[2023-10-04T08:19:26.972+0000] {processor.py:176} INFO - Processing /home/airflow/.local/lib/python3.7/site-packages/airflow/example_dags/example_trigger_target_dag.py took 0.212 seconds
