[2023-10-04T07:42:31.069+0000] {processor.py:154} INFO - Started process (PID=71) to work on /home/airflow/.local/lib/python3.7/site-packages/airflow/example_dags/tutorial.py
[2023-10-04T07:42:31.080+0000] {processor.py:756} INFO - Processing file /home/airflow/.local/lib/python3.7/site-packages/airflow/example_dags/tutorial.py for tasks to queue
[2023-10-04T07:42:31.082+0000] {logging_mixin.py:120} INFO - [2023-10-04T07:42:31.082+0000] {dagbag.py:537} INFO - Filling up the DagBag from /home/airflow/.local/lib/python3.7/site-packages/airflow/example_dags/tutorial.py
[2023-10-04T07:42:31.136+0000] {processor.py:766} INFO - DAG(s) dict_keys(['tutorial']) retrieved from /home/airflow/.local/lib/python3.7/site-packages/airflow/example_dags/tutorial.py
[2023-10-04T07:42:31.347+0000] {logging_mixin.py:120} INFO - [2023-10-04T07:42:31.346+0000] {dag.py:2585} INFO - Sync 1 DAGs
[2023-10-04T07:42:31.378+0000] {logging_mixin.py:120} INFO - [2023-10-04T07:42:31.378+0000] {dag.py:3340} INFO - Setting next_dagrun for tutorial to 2023-10-03T07:42:31.377819+00:00, run_after=2023-10-04T07:42:31.377819+00:00
[2023-10-04T07:42:31.421+0000] {processor.py:176} INFO - Processing /home/airflow/.local/lib/python3.7/site-packages/airflow/example_dags/tutorial.py took 0.366 seconds
[2023-10-04T07:43:01.698+0000] {processor.py:154} INFO - Started process (PID=129) to work on /home/airflow/.local/lib/python3.7/site-packages/airflow/example_dags/tutorial.py
[2023-10-04T07:43:01.703+0000] {processor.py:756} INFO - Processing file /home/airflow/.local/lib/python3.7/site-packages/airflow/example_dags/tutorial.py for tasks to queue
[2023-10-04T07:43:01.708+0000] {logging_mixin.py:120} INFO - [2023-10-04T07:43:01.707+0000] {dagbag.py:537} INFO - Filling up the DagBag from /home/airflow/.local/lib/python3.7/site-packages/airflow/example_dags/tutorial.py
[2023-10-04T07:43:01.734+0000] {processor.py:766} INFO - DAG(s) dict_keys(['tutorial']) retrieved from /home/airflow/.local/lib/python3.7/site-packages/airflow/example_dags/tutorial.py
[2023-10-04T07:43:01.785+0000] {logging_mixin.py:120} INFO - [2023-10-04T07:43:01.784+0000] {dag.py:2585} INFO - Sync 1 DAGs
[2023-10-04T07:43:01.814+0000] {logging_mixin.py:120} INFO - [2023-10-04T07:43:01.814+0000] {dag.py:3340} INFO - Setting next_dagrun for tutorial to 2023-10-03T07:43:01.814477+00:00, run_after=2023-10-04T07:43:01.814477+00:00
[2023-10-04T07:43:01.847+0000] {processor.py:176} INFO - Processing /home/airflow/.local/lib/python3.7/site-packages/airflow/example_dags/tutorial.py took 0.157 seconds
[2023-10-04T07:43:32.044+0000] {processor.py:154} INFO - Started process (PID=197) to work on /home/airflow/.local/lib/python3.7/site-packages/airflow/example_dags/tutorial.py
[2023-10-04T07:43:32.047+0000] {processor.py:756} INFO - Processing file /home/airflow/.local/lib/python3.7/site-packages/airflow/example_dags/tutorial.py for tasks to queue
[2023-10-04T07:43:32.050+0000] {logging_mixin.py:120} INFO - [2023-10-04T07:43:32.050+0000] {dagbag.py:537} INFO - Filling up the DagBag from /home/airflow/.local/lib/python3.7/site-packages/airflow/example_dags/tutorial.py
[2023-10-04T07:43:32.071+0000] {processor.py:766} INFO - DAG(s) dict_keys(['tutorial']) retrieved from /home/airflow/.local/lib/python3.7/site-packages/airflow/example_dags/tutorial.py
[2023-10-04T07:43:32.146+0000] {logging_mixin.py:120} INFO - [2023-10-04T07:43:32.146+0000] {dag.py:2585} INFO - Sync 1 DAGs
[2023-10-04T07:43:32.201+0000] {logging_mixin.py:120} INFO - [2023-10-04T07:43:32.200+0000] {dag.py:3340} INFO - Setting next_dagrun for tutorial to 2023-10-03T07:43:32.200602+00:00, run_after=2023-10-04T07:43:32.200602+00:00
[2023-10-04T07:43:32.244+0000] {processor.py:176} INFO - Processing /home/airflow/.local/lib/python3.7/site-packages/airflow/example_dags/tutorial.py took 0.206 seconds
[2023-10-04T07:44:02.302+0000] {processor.py:154} INFO - Started process (PID=255) to work on /home/airflow/.local/lib/python3.7/site-packages/airflow/example_dags/tutorial.py
[2023-10-04T07:44:02.303+0000] {processor.py:756} INFO - Processing file /home/airflow/.local/lib/python3.7/site-packages/airflow/example_dags/tutorial.py for tasks to queue
[2023-10-04T07:44:02.305+0000] {logging_mixin.py:120} INFO - [2023-10-04T07:44:02.305+0000] {dagbag.py:537} INFO - Filling up the DagBag from /home/airflow/.local/lib/python3.7/site-packages/airflow/example_dags/tutorial.py
[2023-10-04T07:44:02.315+0000] {processor.py:766} INFO - DAG(s) dict_keys(['tutorial']) retrieved from /home/airflow/.local/lib/python3.7/site-packages/airflow/example_dags/tutorial.py
[2023-10-04T07:44:02.361+0000] {logging_mixin.py:120} INFO - [2023-10-04T07:44:02.360+0000] {dag.py:2585} INFO - Sync 1 DAGs
[2023-10-04T07:44:02.381+0000] {logging_mixin.py:120} INFO - [2023-10-04T07:44:02.381+0000] {dag.py:3340} INFO - Setting next_dagrun for tutorial to 2023-10-03T07:44:02.381043+00:00, run_after=2023-10-04T07:44:02.381043+00:00
[2023-10-04T07:44:02.402+0000] {processor.py:176} INFO - Processing /home/airflow/.local/lib/python3.7/site-packages/airflow/example_dags/tutorial.py took 0.103 seconds
[2023-10-04T07:44:32.487+0000] {processor.py:154} INFO - Started process (PID=321) to work on /home/airflow/.local/lib/python3.7/site-packages/airflow/example_dags/tutorial.py
[2023-10-04T07:44:32.489+0000] {processor.py:756} INFO - Processing file /home/airflow/.local/lib/python3.7/site-packages/airflow/example_dags/tutorial.py for tasks to queue
[2023-10-04T07:44:32.490+0000] {logging_mixin.py:120} INFO - [2023-10-04T07:44:32.490+0000] {dagbag.py:537} INFO - Filling up the DagBag from /home/airflow/.local/lib/python3.7/site-packages/airflow/example_dags/tutorial.py
[2023-10-04T07:44:32.503+0000] {processor.py:766} INFO - DAG(s) dict_keys(['tutorial']) retrieved from /home/airflow/.local/lib/python3.7/site-packages/airflow/example_dags/tutorial.py
[2023-10-04T07:44:32.539+0000] {logging_mixin.py:120} INFO - [2023-10-04T07:44:32.539+0000] {dag.py:2585} INFO - Sync 1 DAGs
[2023-10-04T07:44:32.561+0000] {logging_mixin.py:120} INFO - [2023-10-04T07:44:32.561+0000] {dag.py:3340} INFO - Setting next_dagrun for tutorial to 2023-10-03T07:44:32.561431+00:00, run_after=2023-10-04T07:44:32.561431+00:00
[2023-10-04T07:44:32.585+0000] {processor.py:176} INFO - Processing /home/airflow/.local/lib/python3.7/site-packages/airflow/example_dags/tutorial.py took 0.102 seconds
[2023-10-04T07:45:03.158+0000] {processor.py:154} INFO - Started process (PID=388) to work on /home/airflow/.local/lib/python3.7/site-packages/airflow/example_dags/tutorial.py
[2023-10-04T07:45:03.159+0000] {processor.py:756} INFO - Processing file /home/airflow/.local/lib/python3.7/site-packages/airflow/example_dags/tutorial.py for tasks to queue
[2023-10-04T07:45:03.160+0000] {logging_mixin.py:120} INFO - [2023-10-04T07:45:03.160+0000] {dagbag.py:537} INFO - Filling up the DagBag from /home/airflow/.local/lib/python3.7/site-packages/airflow/example_dags/tutorial.py
[2023-10-04T07:45:03.175+0000] {processor.py:766} INFO - DAG(s) dict_keys(['tutorial']) retrieved from /home/airflow/.local/lib/python3.7/site-packages/airflow/example_dags/tutorial.py
[2023-10-04T07:45:03.217+0000] {logging_mixin.py:120} INFO - [2023-10-04T07:45:03.217+0000] {dag.py:2585} INFO - Sync 1 DAGs
[2023-10-04T07:45:03.245+0000] {logging_mixin.py:120} INFO - [2023-10-04T07:45:03.245+0000] {dag.py:3340} INFO - Setting next_dagrun for tutorial to 2023-10-03T07:45:03.244760+00:00, run_after=2023-10-04T07:45:03.244760+00:00
[2023-10-04T07:45:03.272+0000] {processor.py:176} INFO - Processing /home/airflow/.local/lib/python3.7/site-packages/airflow/example_dags/tutorial.py took 0.116 seconds
[2023-10-04T07:45:33.749+0000] {processor.py:154} INFO - Started process (PID=455) to work on /home/airflow/.local/lib/python3.7/site-packages/airflow/example_dags/tutorial.py
[2023-10-04T07:45:33.751+0000] {processor.py:756} INFO - Processing file /home/airflow/.local/lib/python3.7/site-packages/airflow/example_dags/tutorial.py for tasks to queue
[2023-10-04T07:45:33.752+0000] {logging_mixin.py:120} INFO - [2023-10-04T07:45:33.752+0000] {dagbag.py:537} INFO - Filling up the DagBag from /home/airflow/.local/lib/python3.7/site-packages/airflow/example_dags/tutorial.py
[2023-10-04T07:45:33.767+0000] {processor.py:766} INFO - DAG(s) dict_keys(['tutorial']) retrieved from /home/airflow/.local/lib/python3.7/site-packages/airflow/example_dags/tutorial.py
[2023-10-04T07:45:33.811+0000] {logging_mixin.py:120} INFO - [2023-10-04T07:45:33.811+0000] {dag.py:2585} INFO - Sync 1 DAGs
[2023-10-04T07:45:33.841+0000] {logging_mixin.py:120} INFO - [2023-10-04T07:45:33.841+0000] {dag.py:3340} INFO - Setting next_dagrun for tutorial to 2023-10-03T07:45:33.841210+00:00, run_after=2023-10-04T07:45:33.841210+00:00
[2023-10-04T07:45:33.867+0000] {processor.py:176} INFO - Processing /home/airflow/.local/lib/python3.7/site-packages/airflow/example_dags/tutorial.py took 0.122 seconds
[2023-10-04T07:46:04.128+0000] {processor.py:154} INFO - Started process (PID=512) to work on /home/airflow/.local/lib/python3.7/site-packages/airflow/example_dags/tutorial.py
[2023-10-04T07:46:04.130+0000] {processor.py:756} INFO - Processing file /home/airflow/.local/lib/python3.7/site-packages/airflow/example_dags/tutorial.py for tasks to queue
[2023-10-04T07:46:04.131+0000] {logging_mixin.py:120} INFO - [2023-10-04T07:46:04.131+0000] {dagbag.py:537} INFO - Filling up the DagBag from /home/airflow/.local/lib/python3.7/site-packages/airflow/example_dags/tutorial.py
[2023-10-04T07:46:04.142+0000] {processor.py:766} INFO - DAG(s) dict_keys(['tutorial']) retrieved from /home/airflow/.local/lib/python3.7/site-packages/airflow/example_dags/tutorial.py
[2023-10-04T07:46:04.178+0000] {logging_mixin.py:120} INFO - [2023-10-04T07:46:04.178+0000] {dag.py:2585} INFO - Sync 1 DAGs
[2023-10-04T07:46:04.203+0000] {logging_mixin.py:120} INFO - [2023-10-04T07:46:04.203+0000] {dag.py:3340} INFO - Setting next_dagrun for tutorial to 2023-10-03T07:46:04.203273+00:00, run_after=2023-10-04T07:46:04.203273+00:00
[2023-10-04T07:46:04.225+0000] {processor.py:176} INFO - Processing /home/airflow/.local/lib/python3.7/site-packages/airflow/example_dags/tutorial.py took 0.099 seconds
[2023-10-04T07:46:34.515+0000] {processor.py:154} INFO - Started process (PID=579) to work on /home/airflow/.local/lib/python3.7/site-packages/airflow/example_dags/tutorial.py
[2023-10-04T07:46:34.516+0000] {processor.py:756} INFO - Processing file /home/airflow/.local/lib/python3.7/site-packages/airflow/example_dags/tutorial.py for tasks to queue
[2023-10-04T07:46:34.517+0000] {logging_mixin.py:120} INFO - [2023-10-04T07:46:34.517+0000] {dagbag.py:537} INFO - Filling up the DagBag from /home/airflow/.local/lib/python3.7/site-packages/airflow/example_dags/tutorial.py
[2023-10-04T07:46:34.529+0000] {processor.py:766} INFO - DAG(s) dict_keys(['tutorial']) retrieved from /home/airflow/.local/lib/python3.7/site-packages/airflow/example_dags/tutorial.py
[2023-10-04T07:46:34.566+0000] {logging_mixin.py:120} INFO - [2023-10-04T07:46:34.565+0000] {dag.py:2585} INFO - Sync 1 DAGs
[2023-10-04T07:46:34.586+0000] {logging_mixin.py:120} INFO - [2023-10-04T07:46:34.586+0000] {dag.py:3340} INFO - Setting next_dagrun for tutorial to 2023-10-03T07:46:34.586044+00:00, run_after=2023-10-04T07:46:34.586044+00:00
[2023-10-04T07:46:34.610+0000] {processor.py:176} INFO - Processing /home/airflow/.local/lib/python3.7/site-packages/airflow/example_dags/tutorial.py took 0.099 seconds
[2023-10-04T07:47:04.893+0000] {processor.py:154} INFO - Started process (PID=646) to work on /home/airflow/.local/lib/python3.7/site-packages/airflow/example_dags/tutorial.py
[2023-10-04T07:47:04.895+0000] {processor.py:756} INFO - Processing file /home/airflow/.local/lib/python3.7/site-packages/airflow/example_dags/tutorial.py for tasks to queue
[2023-10-04T07:47:04.897+0000] {logging_mixin.py:120} INFO - [2023-10-04T07:47:04.896+0000] {dagbag.py:537} INFO - Filling up the DagBag from /home/airflow/.local/lib/python3.7/site-packages/airflow/example_dags/tutorial.py
[2023-10-04T07:47:04.924+0000] {processor.py:766} INFO - DAG(s) dict_keys(['tutorial']) retrieved from /home/airflow/.local/lib/python3.7/site-packages/airflow/example_dags/tutorial.py
[2023-10-04T07:47:05.025+0000] {logging_mixin.py:120} INFO - [2023-10-04T07:47:05.025+0000] {dag.py:2585} INFO - Sync 1 DAGs
[2023-10-04T07:47:05.050+0000] {logging_mixin.py:120} INFO - [2023-10-04T07:47:05.049+0000] {dag.py:3340} INFO - Setting next_dagrun for tutorial to 2023-10-03T07:47:05.049736+00:00, run_after=2023-10-04T07:47:05.049736+00:00
[2023-10-04T07:47:05.074+0000] {processor.py:176} INFO - Processing /home/airflow/.local/lib/python3.7/site-packages/airflow/example_dags/tutorial.py took 0.184 seconds
[2023-10-04T07:47:35.155+0000] {processor.py:154} INFO - Started process (PID=711) to work on /home/airflow/.local/lib/python3.7/site-packages/airflow/example_dags/tutorial.py
[2023-10-04T07:47:35.157+0000] {processor.py:756} INFO - Processing file /home/airflow/.local/lib/python3.7/site-packages/airflow/example_dags/tutorial.py for tasks to queue
[2023-10-04T07:47:35.158+0000] {logging_mixin.py:120} INFO - [2023-10-04T07:47:35.158+0000] {dagbag.py:537} INFO - Filling up the DagBag from /home/airflow/.local/lib/python3.7/site-packages/airflow/example_dags/tutorial.py
[2023-10-04T07:47:35.174+0000] {processor.py:766} INFO - DAG(s) dict_keys(['tutorial']) retrieved from /home/airflow/.local/lib/python3.7/site-packages/airflow/example_dags/tutorial.py
[2023-10-04T07:47:35.217+0000] {logging_mixin.py:120} INFO - [2023-10-04T07:47:35.217+0000] {dag.py:2585} INFO - Sync 1 DAGs
[2023-10-04T07:47:35.245+0000] {logging_mixin.py:120} INFO - [2023-10-04T07:47:35.244+0000] {dag.py:3340} INFO - Setting next_dagrun for tutorial to 2023-10-03T07:47:35.244556+00:00, run_after=2023-10-04T07:47:35.244556+00:00
[2023-10-04T07:47:35.270+0000] {processor.py:176} INFO - Processing /home/airflow/.local/lib/python3.7/site-packages/airflow/example_dags/tutorial.py took 0.118 seconds
[2023-10-04T07:48:05.984+0000] {processor.py:154} INFO - Started process (PID=771) to work on /home/airflow/.local/lib/python3.7/site-packages/airflow/example_dags/tutorial.py
[2023-10-04T07:48:05.986+0000] {processor.py:756} INFO - Processing file /home/airflow/.local/lib/python3.7/site-packages/airflow/example_dags/tutorial.py for tasks to queue
[2023-10-04T07:48:05.987+0000] {logging_mixin.py:120} INFO - [2023-10-04T07:48:05.987+0000] {dagbag.py:537} INFO - Filling up the DagBag from /home/airflow/.local/lib/python3.7/site-packages/airflow/example_dags/tutorial.py
[2023-10-04T07:48:05.999+0000] {processor.py:766} INFO - DAG(s) dict_keys(['tutorial']) retrieved from /home/airflow/.local/lib/python3.7/site-packages/airflow/example_dags/tutorial.py
[2023-10-04T07:48:06.035+0000] {logging_mixin.py:120} INFO - [2023-10-04T07:48:06.034+0000] {dag.py:2585} INFO - Sync 1 DAGs
[2023-10-04T07:48:06.056+0000] {logging_mixin.py:120} INFO - [2023-10-04T07:48:06.055+0000] {dag.py:3340} INFO - Setting next_dagrun for tutorial to 2023-10-03T07:48:06.055709+00:00, run_after=2023-10-04T07:48:06.055709+00:00
[2023-10-04T07:48:06.078+0000] {processor.py:176} INFO - Processing /home/airflow/.local/lib/python3.7/site-packages/airflow/example_dags/tutorial.py took 0.097 seconds
[2023-10-04T07:48:36.506+0000] {processor.py:154} INFO - Started process (PID=838) to work on /home/airflow/.local/lib/python3.7/site-packages/airflow/example_dags/tutorial.py
[2023-10-04T07:48:36.508+0000] {processor.py:756} INFO - Processing file /home/airflow/.local/lib/python3.7/site-packages/airflow/example_dags/tutorial.py for tasks to queue
[2023-10-04T07:48:36.510+0000] {logging_mixin.py:120} INFO - [2023-10-04T07:48:36.509+0000] {dagbag.py:537} INFO - Filling up the DagBag from /home/airflow/.local/lib/python3.7/site-packages/airflow/example_dags/tutorial.py
[2023-10-04T07:48:36.524+0000] {processor.py:766} INFO - DAG(s) dict_keys(['tutorial']) retrieved from /home/airflow/.local/lib/python3.7/site-packages/airflow/example_dags/tutorial.py
[2023-10-04T07:48:36.655+0000] {logging_mixin.py:120} INFO - [2023-10-04T07:48:36.654+0000] {dag.py:2585} INFO - Sync 1 DAGs
[2023-10-04T07:48:36.693+0000] {logging_mixin.py:120} INFO - [2023-10-04T07:48:36.692+0000] {dag.py:3340} INFO - Setting next_dagrun for tutorial to 2023-10-03T07:48:36.692643+00:00, run_after=2023-10-04T07:48:36.692643+00:00
[2023-10-04T07:48:36.721+0000] {processor.py:176} INFO - Processing /home/airflow/.local/lib/python3.7/site-packages/airflow/example_dags/tutorial.py took 0.223 seconds
[2023-10-04T07:49:07.061+0000] {processor.py:154} INFO - Started process (PID=905) to work on /home/airflow/.local/lib/python3.7/site-packages/airflow/example_dags/tutorial.py
[2023-10-04T07:49:07.063+0000] {processor.py:756} INFO - Processing file /home/airflow/.local/lib/python3.7/site-packages/airflow/example_dags/tutorial.py for tasks to queue
[2023-10-04T07:49:07.064+0000] {logging_mixin.py:120} INFO - [2023-10-04T07:49:07.064+0000] {dagbag.py:537} INFO - Filling up the DagBag from /home/airflow/.local/lib/python3.7/site-packages/airflow/example_dags/tutorial.py
[2023-10-04T07:49:07.077+0000] {processor.py:766} INFO - DAG(s) dict_keys(['tutorial']) retrieved from /home/airflow/.local/lib/python3.7/site-packages/airflow/example_dags/tutorial.py
[2023-10-04T07:49:07.116+0000] {logging_mixin.py:120} INFO - [2023-10-04T07:49:07.116+0000] {dag.py:2585} INFO - Sync 1 DAGs
[2023-10-04T07:49:07.137+0000] {logging_mixin.py:120} INFO - [2023-10-04T07:49:07.137+0000] {dag.py:3340} INFO - Setting next_dagrun for tutorial to 2023-10-03T07:49:07.137542+00:00, run_after=2023-10-04T07:49:07.137542+00:00
[2023-10-04T07:49:07.158+0000] {processor.py:176} INFO - Processing /home/airflow/.local/lib/python3.7/site-packages/airflow/example_dags/tutorial.py took 0.100 seconds
[2023-10-04T07:49:37.563+0000] {processor.py:154} INFO - Started process (PID=963) to work on /home/airflow/.local/lib/python3.7/site-packages/airflow/example_dags/tutorial.py
[2023-10-04T07:49:37.564+0000] {processor.py:756} INFO - Processing file /home/airflow/.local/lib/python3.7/site-packages/airflow/example_dags/tutorial.py for tasks to queue
[2023-10-04T07:49:37.565+0000] {logging_mixin.py:120} INFO - [2023-10-04T07:49:37.565+0000] {dagbag.py:537} INFO - Filling up the DagBag from /home/airflow/.local/lib/python3.7/site-packages/airflow/example_dags/tutorial.py
[2023-10-04T07:49:37.578+0000] {processor.py:766} INFO - DAG(s) dict_keys(['tutorial']) retrieved from /home/airflow/.local/lib/python3.7/site-packages/airflow/example_dags/tutorial.py
[2023-10-04T07:49:37.612+0000] {logging_mixin.py:120} INFO - [2023-10-04T07:49:37.612+0000] {dag.py:2585} INFO - Sync 1 DAGs
[2023-10-04T07:49:37.635+0000] {logging_mixin.py:120} INFO - [2023-10-04T07:49:37.635+0000] {dag.py:3340} INFO - Setting next_dagrun for tutorial to 2023-10-03T07:49:37.635170+00:00, run_after=2023-10-04T07:49:37.635170+00:00
[2023-10-04T07:49:37.658+0000] {processor.py:176} INFO - Processing /home/airflow/.local/lib/python3.7/site-packages/airflow/example_dags/tutorial.py took 0.099 seconds
[2023-10-04T07:50:07.995+0000] {processor.py:154} INFO - Started process (PID=1031) to work on /home/airflow/.local/lib/python3.7/site-packages/airflow/example_dags/tutorial.py
[2023-10-04T07:50:07.997+0000] {processor.py:756} INFO - Processing file /home/airflow/.local/lib/python3.7/site-packages/airflow/example_dags/tutorial.py for tasks to queue
[2023-10-04T07:50:07.998+0000] {logging_mixin.py:120} INFO - [2023-10-04T07:50:07.998+0000] {dagbag.py:537} INFO - Filling up the DagBag from /home/airflow/.local/lib/python3.7/site-packages/airflow/example_dags/tutorial.py
[2023-10-04T07:50:08.011+0000] {processor.py:766} INFO - DAG(s) dict_keys(['tutorial']) retrieved from /home/airflow/.local/lib/python3.7/site-packages/airflow/example_dags/tutorial.py
[2023-10-04T07:50:08.046+0000] {logging_mixin.py:120} INFO - [2023-10-04T07:50:08.046+0000] {dag.py:2585} INFO - Sync 1 DAGs
[2023-10-04T07:50:08.069+0000] {logging_mixin.py:120} INFO - [2023-10-04T07:50:08.069+0000] {dag.py:3340} INFO - Setting next_dagrun for tutorial to 2023-10-03T07:50:08.069281+00:00, run_after=2023-10-04T07:50:08.069281+00:00
[2023-10-04T07:50:08.093+0000] {processor.py:176} INFO - Processing /home/airflow/.local/lib/python3.7/site-packages/airflow/example_dags/tutorial.py took 0.100 seconds
[2023-10-04T07:50:38.619+0000] {processor.py:154} INFO - Started process (PID=1098) to work on /home/airflow/.local/lib/python3.7/site-packages/airflow/example_dags/tutorial.py
[2023-10-04T07:50:38.621+0000] {processor.py:756} INFO - Processing file /home/airflow/.local/lib/python3.7/site-packages/airflow/example_dags/tutorial.py for tasks to queue
[2023-10-04T07:50:38.622+0000] {logging_mixin.py:120} INFO - [2023-10-04T07:50:38.621+0000] {dagbag.py:537} INFO - Filling up the DagBag from /home/airflow/.local/lib/python3.7/site-packages/airflow/example_dags/tutorial.py
[2023-10-04T07:50:38.632+0000] {processor.py:766} INFO - DAG(s) dict_keys(['tutorial']) retrieved from /home/airflow/.local/lib/python3.7/site-packages/airflow/example_dags/tutorial.py
[2023-10-04T07:50:38.664+0000] {logging_mixin.py:120} INFO - [2023-10-04T07:50:38.664+0000] {dag.py:2585} INFO - Sync 1 DAGs
[2023-10-04T07:50:38.685+0000] {logging_mixin.py:120} INFO - [2023-10-04T07:50:38.685+0000] {dag.py:3340} INFO - Setting next_dagrun for tutorial to 2023-10-03T07:50:38.685345+00:00, run_after=2023-10-04T07:50:38.685345+00:00
[2023-10-04T07:50:38.706+0000] {processor.py:176} INFO - Processing /home/airflow/.local/lib/python3.7/site-packages/airflow/example_dags/tutorial.py took 0.089 seconds
[2023-10-04T07:51:09.236+0000] {processor.py:154} INFO - Started process (PID=1166) to work on /home/airflow/.local/lib/python3.7/site-packages/airflow/example_dags/tutorial.py
[2023-10-04T07:51:09.237+0000] {processor.py:756} INFO - Processing file /home/airflow/.local/lib/python3.7/site-packages/airflow/example_dags/tutorial.py for tasks to queue
[2023-10-04T07:51:09.238+0000] {logging_mixin.py:120} INFO - [2023-10-04T07:51:09.238+0000] {dagbag.py:537} INFO - Filling up the DagBag from /home/airflow/.local/lib/python3.7/site-packages/airflow/example_dags/tutorial.py
[2023-10-04T07:51:09.250+0000] {processor.py:766} INFO - DAG(s) dict_keys(['tutorial']) retrieved from /home/airflow/.local/lib/python3.7/site-packages/airflow/example_dags/tutorial.py
[2023-10-04T07:51:09.285+0000] {logging_mixin.py:120} INFO - [2023-10-04T07:51:09.285+0000] {dag.py:2585} INFO - Sync 1 DAGs
[2023-10-04T07:51:09.306+0000] {logging_mixin.py:120} INFO - [2023-10-04T07:51:09.306+0000] {dag.py:3340} INFO - Setting next_dagrun for tutorial to 2023-10-03T07:51:09.306081+00:00, run_after=2023-10-04T07:51:09.306081+00:00
[2023-10-04T07:51:09.330+0000] {processor.py:176} INFO - Processing /home/airflow/.local/lib/python3.7/site-packages/airflow/example_dags/tutorial.py took 0.097 seconds
[2023-10-04T07:51:39.493+0000] {processor.py:154} INFO - Started process (PID=1224) to work on /home/airflow/.local/lib/python3.7/site-packages/airflow/example_dags/tutorial.py
[2023-10-04T07:51:39.494+0000] {processor.py:756} INFO - Processing file /home/airflow/.local/lib/python3.7/site-packages/airflow/example_dags/tutorial.py for tasks to queue
[2023-10-04T07:51:39.495+0000] {logging_mixin.py:120} INFO - [2023-10-04T07:51:39.495+0000] {dagbag.py:537} INFO - Filling up the DagBag from /home/airflow/.local/lib/python3.7/site-packages/airflow/example_dags/tutorial.py
[2023-10-04T07:51:39.507+0000] {processor.py:766} INFO - DAG(s) dict_keys(['tutorial']) retrieved from /home/airflow/.local/lib/python3.7/site-packages/airflow/example_dags/tutorial.py
[2023-10-04T07:51:39.540+0000] {logging_mixin.py:120} INFO - [2023-10-04T07:51:39.540+0000] {dag.py:2585} INFO - Sync 1 DAGs
[2023-10-04T07:51:39.561+0000] {logging_mixin.py:120} INFO - [2023-10-04T07:51:39.561+0000] {dag.py:3340} INFO - Setting next_dagrun for tutorial to 2023-10-03T07:51:39.561058+00:00, run_after=2023-10-04T07:51:39.561058+00:00
[2023-10-04T07:51:39.585+0000] {processor.py:176} INFO - Processing /home/airflow/.local/lib/python3.7/site-packages/airflow/example_dags/tutorial.py took 0.095 seconds
[2023-10-04T07:52:10.242+0000] {processor.py:154} INFO - Started process (PID=1292) to work on /home/airflow/.local/lib/python3.7/site-packages/airflow/example_dags/tutorial.py
[2023-10-04T07:52:10.244+0000] {processor.py:756} INFO - Processing file /home/airflow/.local/lib/python3.7/site-packages/airflow/example_dags/tutorial.py for tasks to queue
[2023-10-04T07:52:10.246+0000] {logging_mixin.py:120} INFO - [2023-10-04T07:52:10.245+0000] {dagbag.py:537} INFO - Filling up the DagBag from /home/airflow/.local/lib/python3.7/site-packages/airflow/example_dags/tutorial.py
[2023-10-04T07:52:10.264+0000] {processor.py:766} INFO - DAG(s) dict_keys(['tutorial']) retrieved from /home/airflow/.local/lib/python3.7/site-packages/airflow/example_dags/tutorial.py
[2023-10-04T07:52:10.307+0000] {logging_mixin.py:120} INFO - [2023-10-04T07:52:10.307+0000] {dag.py:2585} INFO - Sync 1 DAGs
[2023-10-04T07:52:10.331+0000] {logging_mixin.py:120} INFO - [2023-10-04T07:52:10.331+0000] {dag.py:3340} INFO - Setting next_dagrun for tutorial to 2023-10-03T07:52:10.330899+00:00, run_after=2023-10-04T07:52:10.330899+00:00
[2023-10-04T07:52:10.352+0000] {processor.py:176} INFO - Processing /home/airflow/.local/lib/python3.7/site-packages/airflow/example_dags/tutorial.py took 0.113 seconds
[2023-10-04T07:52:40.816+0000] {processor.py:154} INFO - Started process (PID=1359) to work on /home/airflow/.local/lib/python3.7/site-packages/airflow/example_dags/tutorial.py
[2023-10-04T07:52:40.818+0000] {processor.py:756} INFO - Processing file /home/airflow/.local/lib/python3.7/site-packages/airflow/example_dags/tutorial.py for tasks to queue
[2023-10-04T07:52:40.819+0000] {logging_mixin.py:120} INFO - [2023-10-04T07:52:40.819+0000] {dagbag.py:537} INFO - Filling up the DagBag from /home/airflow/.local/lib/python3.7/site-packages/airflow/example_dags/tutorial.py
[2023-10-04T07:52:40.830+0000] {processor.py:766} INFO - DAG(s) dict_keys(['tutorial']) retrieved from /home/airflow/.local/lib/python3.7/site-packages/airflow/example_dags/tutorial.py
[2023-10-04T07:52:40.864+0000] {logging_mixin.py:120} INFO - [2023-10-04T07:52:40.864+0000] {dag.py:2585} INFO - Sync 1 DAGs
[2023-10-04T07:52:40.884+0000] {logging_mixin.py:120} INFO - [2023-10-04T07:52:40.884+0000] {dag.py:3340} INFO - Setting next_dagrun for tutorial to 2023-10-03T07:52:40.884225+00:00, run_after=2023-10-04T07:52:40.884225+00:00
[2023-10-04T07:52:40.902+0000] {processor.py:176} INFO - Processing /home/airflow/.local/lib/python3.7/site-packages/airflow/example_dags/tutorial.py took 0.089 seconds
[2023-10-04T07:53:11.328+0000] {processor.py:154} INFO - Started process (PID=1426) to work on /home/airflow/.local/lib/python3.7/site-packages/airflow/example_dags/tutorial.py
[2023-10-04T07:53:11.330+0000] {processor.py:756} INFO - Processing file /home/airflow/.local/lib/python3.7/site-packages/airflow/example_dags/tutorial.py for tasks to queue
[2023-10-04T07:53:11.331+0000] {logging_mixin.py:120} INFO - [2023-10-04T07:53:11.331+0000] {dagbag.py:537} INFO - Filling up the DagBag from /home/airflow/.local/lib/python3.7/site-packages/airflow/example_dags/tutorial.py
[2023-10-04T07:53:11.344+0000] {processor.py:766} INFO - DAG(s) dict_keys(['tutorial']) retrieved from /home/airflow/.local/lib/python3.7/site-packages/airflow/example_dags/tutorial.py
[2023-10-04T07:53:11.400+0000] {logging_mixin.py:120} INFO - [2023-10-04T07:53:11.400+0000] {dag.py:2585} INFO - Sync 1 DAGs
[2023-10-04T07:53:11.434+0000] {logging_mixin.py:120} INFO - [2023-10-04T07:53:11.434+0000] {dag.py:3340} INFO - Setting next_dagrun for tutorial to 2023-10-03T07:53:11.433662+00:00, run_after=2023-10-04T07:53:11.433662+00:00
[2023-10-04T07:53:11.467+0000] {processor.py:176} INFO - Processing /home/airflow/.local/lib/python3.7/site-packages/airflow/example_dags/tutorial.py took 0.142 seconds
[2023-10-04T07:53:41.893+0000] {processor.py:154} INFO - Started process (PID=1484) to work on /home/airflow/.local/lib/python3.7/site-packages/airflow/example_dags/tutorial.py
[2023-10-04T07:53:41.895+0000] {processor.py:756} INFO - Processing file /home/airflow/.local/lib/python3.7/site-packages/airflow/example_dags/tutorial.py for tasks to queue
[2023-10-04T07:53:41.896+0000] {logging_mixin.py:120} INFO - [2023-10-04T07:53:41.896+0000] {dagbag.py:537} INFO - Filling up the DagBag from /home/airflow/.local/lib/python3.7/site-packages/airflow/example_dags/tutorial.py
[2023-10-04T07:53:41.911+0000] {processor.py:766} INFO - DAG(s) dict_keys(['tutorial']) retrieved from /home/airflow/.local/lib/python3.7/site-packages/airflow/example_dags/tutorial.py
[2023-10-04T07:53:41.947+0000] {logging_mixin.py:120} INFO - [2023-10-04T07:53:41.947+0000] {dag.py:2585} INFO - Sync 1 DAGs
[2023-10-04T07:53:41.969+0000] {logging_mixin.py:120} INFO - [2023-10-04T07:53:41.969+0000] {dag.py:3340} INFO - Setting next_dagrun for tutorial to 2023-10-03T07:53:41.969412+00:00, run_after=2023-10-04T07:53:41.969412+00:00
[2023-10-04T07:53:41.994+0000] {processor.py:176} INFO - Processing /home/airflow/.local/lib/python3.7/site-packages/airflow/example_dags/tutorial.py took 0.105 seconds
[2023-10-04T07:54:12.636+0000] {processor.py:154} INFO - Started process (PID=1551) to work on /home/airflow/.local/lib/python3.7/site-packages/airflow/example_dags/tutorial.py
[2023-10-04T07:54:12.637+0000] {processor.py:756} INFO - Processing file /home/airflow/.local/lib/python3.7/site-packages/airflow/example_dags/tutorial.py for tasks to queue
[2023-10-04T07:54:12.639+0000] {logging_mixin.py:120} INFO - [2023-10-04T07:54:12.639+0000] {dagbag.py:537} INFO - Filling up the DagBag from /home/airflow/.local/lib/python3.7/site-packages/airflow/example_dags/tutorial.py
[2023-10-04T07:54:12.655+0000] {processor.py:766} INFO - DAG(s) dict_keys(['tutorial']) retrieved from /home/airflow/.local/lib/python3.7/site-packages/airflow/example_dags/tutorial.py
[2023-10-04T07:54:12.703+0000] {logging_mixin.py:120} INFO - [2023-10-04T07:54:12.702+0000] {dag.py:2585} INFO - Sync 1 DAGs
[2023-10-04T07:54:12.729+0000] {logging_mixin.py:120} INFO - [2023-10-04T07:54:12.728+0000] {dag.py:3340} INFO - Setting next_dagrun for tutorial to 2023-10-03T07:54:12.728510+00:00, run_after=2023-10-04T07:54:12.728510+00:00
[2023-10-04T07:54:12.751+0000] {processor.py:176} INFO - Processing /home/airflow/.local/lib/python3.7/site-packages/airflow/example_dags/tutorial.py took 0.118 seconds
[2023-10-04T07:54:43.461+0000] {processor.py:154} INFO - Started process (PID=1618) to work on /home/airflow/.local/lib/python3.7/site-packages/airflow/example_dags/tutorial.py
[2023-10-04T07:54:43.462+0000] {processor.py:756} INFO - Processing file /home/airflow/.local/lib/python3.7/site-packages/airflow/example_dags/tutorial.py for tasks to queue
[2023-10-04T07:54:43.464+0000] {logging_mixin.py:120} INFO - [2023-10-04T07:54:43.464+0000] {dagbag.py:537} INFO - Filling up the DagBag from /home/airflow/.local/lib/python3.7/site-packages/airflow/example_dags/tutorial.py
[2023-10-04T07:54:43.480+0000] {processor.py:766} INFO - DAG(s) dict_keys(['tutorial']) retrieved from /home/airflow/.local/lib/python3.7/site-packages/airflow/example_dags/tutorial.py
[2023-10-04T07:54:43.528+0000] {logging_mixin.py:120} INFO - [2023-10-04T07:54:43.528+0000] {dag.py:2585} INFO - Sync 1 DAGs
[2023-10-04T07:54:43.560+0000] {logging_mixin.py:120} INFO - [2023-10-04T07:54:43.560+0000] {dag.py:3340} INFO - Setting next_dagrun for tutorial to 2023-10-03T07:54:43.559980+00:00, run_after=2023-10-04T07:54:43.559980+00:00
[2023-10-04T07:54:43.591+0000] {processor.py:176} INFO - Processing /home/airflow/.local/lib/python3.7/site-packages/airflow/example_dags/tutorial.py took 0.133 seconds
[2023-10-04T07:55:13.729+0000] {processor.py:154} INFO - Started process (PID=1676) to work on /home/airflow/.local/lib/python3.7/site-packages/airflow/example_dags/tutorial.py
[2023-10-04T07:55:13.730+0000] {processor.py:756} INFO - Processing file /home/airflow/.local/lib/python3.7/site-packages/airflow/example_dags/tutorial.py for tasks to queue
[2023-10-04T07:55:13.732+0000] {logging_mixin.py:120} INFO - [2023-10-04T07:55:13.731+0000] {dagbag.py:537} INFO - Filling up the DagBag from /home/airflow/.local/lib/python3.7/site-packages/airflow/example_dags/tutorial.py
[2023-10-04T07:55:13.744+0000] {processor.py:766} INFO - DAG(s) dict_keys(['tutorial']) retrieved from /home/airflow/.local/lib/python3.7/site-packages/airflow/example_dags/tutorial.py
[2023-10-04T07:55:13.786+0000] {logging_mixin.py:120} INFO - [2023-10-04T07:55:13.786+0000] {dag.py:2585} INFO - Sync 1 DAGs
[2023-10-04T07:55:13.813+0000] {logging_mixin.py:120} INFO - [2023-10-04T07:55:13.813+0000] {dag.py:3340} INFO - Setting next_dagrun for tutorial to 2023-10-03T07:55:13.813164+00:00, run_after=2023-10-04T07:55:13.813164+00:00
[2023-10-04T07:55:13.836+0000] {processor.py:176} INFO - Processing /home/airflow/.local/lib/python3.7/site-packages/airflow/example_dags/tutorial.py took 0.111 seconds
[2023-10-04T07:55:44.206+0000] {processor.py:154} INFO - Started process (PID=1743) to work on /home/airflow/.local/lib/python3.7/site-packages/airflow/example_dags/tutorial.py
[2023-10-04T07:55:44.208+0000] {processor.py:756} INFO - Processing file /home/airflow/.local/lib/python3.7/site-packages/airflow/example_dags/tutorial.py for tasks to queue
[2023-10-04T07:55:44.209+0000] {logging_mixin.py:120} INFO - [2023-10-04T07:55:44.209+0000] {dagbag.py:537} INFO - Filling up the DagBag from /home/airflow/.local/lib/python3.7/site-packages/airflow/example_dags/tutorial.py
[2023-10-04T07:55:44.224+0000] {processor.py:766} INFO - DAG(s) dict_keys(['tutorial']) retrieved from /home/airflow/.local/lib/python3.7/site-packages/airflow/example_dags/tutorial.py
[2023-10-04T07:55:44.268+0000] {logging_mixin.py:120} INFO - [2023-10-04T07:55:44.268+0000] {dag.py:2585} INFO - Sync 1 DAGs
[2023-10-04T07:55:44.298+0000] {logging_mixin.py:120} INFO - [2023-10-04T07:55:44.297+0000] {dag.py:3340} INFO - Setting next_dagrun for tutorial to 2023-10-03T07:55:44.297565+00:00, run_after=2023-10-04T07:55:44.297565+00:00
[2023-10-04T07:55:44.331+0000] {processor.py:176} INFO - Processing /home/airflow/.local/lib/python3.7/site-packages/airflow/example_dags/tutorial.py took 0.129 seconds
[2023-10-04T07:56:14.789+0000] {processor.py:154} INFO - Started process (PID=1810) to work on /home/airflow/.local/lib/python3.7/site-packages/airflow/example_dags/tutorial.py
[2023-10-04T07:56:14.790+0000] {processor.py:756} INFO - Processing file /home/airflow/.local/lib/python3.7/site-packages/airflow/example_dags/tutorial.py for tasks to queue
[2023-10-04T07:56:14.792+0000] {logging_mixin.py:120} INFO - [2023-10-04T07:56:14.792+0000] {dagbag.py:537} INFO - Filling up the DagBag from /home/airflow/.local/lib/python3.7/site-packages/airflow/example_dags/tutorial.py
[2023-10-04T07:56:14.804+0000] {processor.py:766} INFO - DAG(s) dict_keys(['tutorial']) retrieved from /home/airflow/.local/lib/python3.7/site-packages/airflow/example_dags/tutorial.py
[2023-10-04T07:56:14.840+0000] {logging_mixin.py:120} INFO - [2023-10-04T07:56:14.840+0000] {dag.py:2585} INFO - Sync 1 DAGs
[2023-10-04T07:56:14.860+0000] {logging_mixin.py:120} INFO - [2023-10-04T07:56:14.860+0000] {dag.py:3340} INFO - Setting next_dagrun for tutorial to 2023-10-03T07:56:14.860010+00:00, run_after=2023-10-04T07:56:14.860010+00:00
[2023-10-04T07:56:14.882+0000] {processor.py:176} INFO - Processing /home/airflow/.local/lib/python3.7/site-packages/airflow/example_dags/tutorial.py took 0.096 seconds
[2023-10-04T07:56:45.190+0000] {processor.py:154} INFO - Started process (PID=1877) to work on /home/airflow/.local/lib/python3.7/site-packages/airflow/example_dags/tutorial.py
[2023-10-04T07:56:45.192+0000] {processor.py:756} INFO - Processing file /home/airflow/.local/lib/python3.7/site-packages/airflow/example_dags/tutorial.py for tasks to queue
[2023-10-04T07:56:45.193+0000] {logging_mixin.py:120} INFO - [2023-10-04T07:56:45.193+0000] {dagbag.py:537} INFO - Filling up the DagBag from /home/airflow/.local/lib/python3.7/site-packages/airflow/example_dags/tutorial.py
[2023-10-04T07:56:45.204+0000] {processor.py:766} INFO - DAG(s) dict_keys(['tutorial']) retrieved from /home/airflow/.local/lib/python3.7/site-packages/airflow/example_dags/tutorial.py
[2023-10-04T07:56:45.238+0000] {logging_mixin.py:120} INFO - [2023-10-04T07:56:45.237+0000] {dag.py:2585} INFO - Sync 1 DAGs
[2023-10-04T07:56:45.258+0000] {logging_mixin.py:120} INFO - [2023-10-04T07:56:45.258+0000] {dag.py:3340} INFO - Setting next_dagrun for tutorial to 2023-10-03T07:56:45.258392+00:00, run_after=2023-10-04T07:56:45.258392+00:00
[2023-10-04T07:56:45.279+0000] {processor.py:176} INFO - Processing /home/airflow/.local/lib/python3.7/site-packages/airflow/example_dags/tutorial.py took 0.093 seconds
[2023-10-04T07:57:15.629+0000] {processor.py:154} INFO - Started process (PID=1935) to work on /home/airflow/.local/lib/python3.7/site-packages/airflow/example_dags/tutorial.py
[2023-10-04T07:57:15.631+0000] {processor.py:756} INFO - Processing file /home/airflow/.local/lib/python3.7/site-packages/airflow/example_dags/tutorial.py for tasks to queue
[2023-10-04T07:57:15.633+0000] {logging_mixin.py:120} INFO - [2023-10-04T07:57:15.633+0000] {dagbag.py:537} INFO - Filling up the DagBag from /home/airflow/.local/lib/python3.7/site-packages/airflow/example_dags/tutorial.py
[2023-10-04T07:57:15.646+0000] {processor.py:766} INFO - DAG(s) dict_keys(['tutorial']) retrieved from /home/airflow/.local/lib/python3.7/site-packages/airflow/example_dags/tutorial.py
[2023-10-04T07:57:15.684+0000] {logging_mixin.py:120} INFO - [2023-10-04T07:57:15.684+0000] {dag.py:2585} INFO - Sync 1 DAGs
[2023-10-04T07:57:15.707+0000] {logging_mixin.py:120} INFO - [2023-10-04T07:57:15.707+0000] {dag.py:3340} INFO - Setting next_dagrun for tutorial to 2023-10-03T07:57:15.707044+00:00, run_after=2023-10-04T07:57:15.707044+00:00
[2023-10-04T07:57:15.734+0000] {processor.py:176} INFO - Processing /home/airflow/.local/lib/python3.7/site-packages/airflow/example_dags/tutorial.py took 0.108 seconds
[2023-10-04T07:57:46.164+0000] {processor.py:154} INFO - Started process (PID=2003) to work on /home/airflow/.local/lib/python3.7/site-packages/airflow/example_dags/tutorial.py
[2023-10-04T07:57:46.165+0000] {processor.py:756} INFO - Processing file /home/airflow/.local/lib/python3.7/site-packages/airflow/example_dags/tutorial.py for tasks to queue
[2023-10-04T07:57:46.166+0000] {logging_mixin.py:120} INFO - [2023-10-04T07:57:46.166+0000] {dagbag.py:537} INFO - Filling up the DagBag from /home/airflow/.local/lib/python3.7/site-packages/airflow/example_dags/tutorial.py
[2023-10-04T07:57:46.180+0000] {processor.py:766} INFO - DAG(s) dict_keys(['tutorial']) retrieved from /home/airflow/.local/lib/python3.7/site-packages/airflow/example_dags/tutorial.py
[2023-10-04T07:57:46.217+0000] {logging_mixin.py:120} INFO - [2023-10-04T07:57:46.217+0000] {dag.py:2585} INFO - Sync 1 DAGs
[2023-10-04T07:57:46.242+0000] {logging_mixin.py:120} INFO - [2023-10-04T07:57:46.242+0000] {dag.py:3340} INFO - Setting next_dagrun for tutorial to 2023-10-03T07:57:46.241779+00:00, run_after=2023-10-04T07:57:46.241779+00:00
[2023-10-04T07:57:46.263+0000] {processor.py:176} INFO - Processing /home/airflow/.local/lib/python3.7/site-packages/airflow/example_dags/tutorial.py took 0.102 seconds
[2023-10-04T07:58:16.525+0000] {processor.py:154} INFO - Started process (PID=2070) to work on /home/airflow/.local/lib/python3.7/site-packages/airflow/example_dags/tutorial.py
[2023-10-04T07:58:16.526+0000] {processor.py:756} INFO - Processing file /home/airflow/.local/lib/python3.7/site-packages/airflow/example_dags/tutorial.py for tasks to queue
[2023-10-04T07:58:16.528+0000] {logging_mixin.py:120} INFO - [2023-10-04T07:58:16.528+0000] {dagbag.py:537} INFO - Filling up the DagBag from /home/airflow/.local/lib/python3.7/site-packages/airflow/example_dags/tutorial.py
[2023-10-04T07:58:16.539+0000] {processor.py:766} INFO - DAG(s) dict_keys(['tutorial']) retrieved from /home/airflow/.local/lib/python3.7/site-packages/airflow/example_dags/tutorial.py
[2023-10-04T07:58:16.575+0000] {logging_mixin.py:120} INFO - [2023-10-04T07:58:16.575+0000] {dag.py:2585} INFO - Sync 1 DAGs
[2023-10-04T07:58:16.595+0000] {logging_mixin.py:120} INFO - [2023-10-04T07:58:16.595+0000] {dag.py:3340} INFO - Setting next_dagrun for tutorial to 2023-10-03T07:58:16.594880+00:00, run_after=2023-10-04T07:58:16.594880+00:00
[2023-10-04T07:58:16.615+0000] {processor.py:176} INFO - Processing /home/airflow/.local/lib/python3.7/site-packages/airflow/example_dags/tutorial.py took 0.093 seconds
[2023-10-04T07:58:47.078+0000] {processor.py:154} INFO - Started process (PID=2137) to work on /home/airflow/.local/lib/python3.7/site-packages/airflow/example_dags/tutorial.py
[2023-10-04T07:58:47.080+0000] {processor.py:756} INFO - Processing file /home/airflow/.local/lib/python3.7/site-packages/airflow/example_dags/tutorial.py for tasks to queue
[2023-10-04T07:58:47.081+0000] {logging_mixin.py:120} INFO - [2023-10-04T07:58:47.081+0000] {dagbag.py:537} INFO - Filling up the DagBag from /home/airflow/.local/lib/python3.7/site-packages/airflow/example_dags/tutorial.py
[2023-10-04T07:58:47.094+0000] {processor.py:766} INFO - DAG(s) dict_keys(['tutorial']) retrieved from /home/airflow/.local/lib/python3.7/site-packages/airflow/example_dags/tutorial.py
[2023-10-04T07:58:47.135+0000] {logging_mixin.py:120} INFO - [2023-10-04T07:58:47.135+0000] {dag.py:2585} INFO - Sync 1 DAGs
[2023-10-04T07:58:47.160+0000] {logging_mixin.py:120} INFO - [2023-10-04T07:58:47.160+0000] {dag.py:3340} INFO - Setting next_dagrun for tutorial to 2023-10-03T07:58:47.160212+00:00, run_after=2023-10-04T07:58:47.160212+00:00
[2023-10-04T07:58:47.187+0000] {processor.py:176} INFO - Processing /home/airflow/.local/lib/python3.7/site-packages/airflow/example_dags/tutorial.py took 0.112 seconds
[2023-10-04T07:59:17.679+0000] {processor.py:154} INFO - Started process (PID=2196) to work on /home/airflow/.local/lib/python3.7/site-packages/airflow/example_dags/tutorial.py
[2023-10-04T07:59:17.680+0000] {processor.py:756} INFO - Processing file /home/airflow/.local/lib/python3.7/site-packages/airflow/example_dags/tutorial.py for tasks to queue
[2023-10-04T07:59:17.681+0000] {logging_mixin.py:120} INFO - [2023-10-04T07:59:17.681+0000] {dagbag.py:537} INFO - Filling up the DagBag from /home/airflow/.local/lib/python3.7/site-packages/airflow/example_dags/tutorial.py
[2023-10-04T07:59:17.694+0000] {processor.py:766} INFO - DAG(s) dict_keys(['tutorial']) retrieved from /home/airflow/.local/lib/python3.7/site-packages/airflow/example_dags/tutorial.py
[2023-10-04T07:59:17.731+0000] {logging_mixin.py:120} INFO - [2023-10-04T07:59:17.731+0000] {dag.py:2585} INFO - Sync 1 DAGs
[2023-10-04T07:59:17.754+0000] {logging_mixin.py:120} INFO - [2023-10-04T07:59:17.754+0000] {dag.py:3340} INFO - Setting next_dagrun for tutorial to 2023-10-03T07:59:17.753737+00:00, run_after=2023-10-04T07:59:17.753737+00:00
[2023-10-04T07:59:17.778+0000] {processor.py:176} INFO - Processing /home/airflow/.local/lib/python3.7/site-packages/airflow/example_dags/tutorial.py took 0.102 seconds
[2023-10-04T07:59:48.240+0000] {processor.py:154} INFO - Started process (PID=2263) to work on /home/airflow/.local/lib/python3.7/site-packages/airflow/example_dags/tutorial.py
[2023-10-04T07:59:48.242+0000] {processor.py:756} INFO - Processing file /home/airflow/.local/lib/python3.7/site-packages/airflow/example_dags/tutorial.py for tasks to queue
[2023-10-04T07:59:48.243+0000] {logging_mixin.py:120} INFO - [2023-10-04T07:59:48.243+0000] {dagbag.py:537} INFO - Filling up the DagBag from /home/airflow/.local/lib/python3.7/site-packages/airflow/example_dags/tutorial.py
[2023-10-04T07:59:48.256+0000] {processor.py:766} INFO - DAG(s) dict_keys(['tutorial']) retrieved from /home/airflow/.local/lib/python3.7/site-packages/airflow/example_dags/tutorial.py
[2023-10-04T07:59:48.294+0000] {logging_mixin.py:120} INFO - [2023-10-04T07:59:48.294+0000] {dag.py:2585} INFO - Sync 1 DAGs
[2023-10-04T07:59:48.320+0000] {logging_mixin.py:120} INFO - [2023-10-04T07:59:48.320+0000] {dag.py:3340} INFO - Setting next_dagrun for tutorial to 2023-10-03T07:59:48.320198+00:00, run_after=2023-10-04T07:59:48.320198+00:00
[2023-10-04T07:59:48.342+0000] {processor.py:176} INFO - Processing /home/airflow/.local/lib/python3.7/site-packages/airflow/example_dags/tutorial.py took 0.105 seconds
[2023-10-04T08:00:19.062+0000] {processor.py:154} INFO - Started process (PID=2330) to work on /home/airflow/.local/lib/python3.7/site-packages/airflow/example_dags/tutorial.py
[2023-10-04T08:00:19.064+0000] {processor.py:756} INFO - Processing file /home/airflow/.local/lib/python3.7/site-packages/airflow/example_dags/tutorial.py for tasks to queue
[2023-10-04T08:00:19.065+0000] {logging_mixin.py:120} INFO - [2023-10-04T08:00:19.065+0000] {dagbag.py:537} INFO - Filling up the DagBag from /home/airflow/.local/lib/python3.7/site-packages/airflow/example_dags/tutorial.py
[2023-10-04T08:00:19.079+0000] {processor.py:766} INFO - DAG(s) dict_keys(['tutorial']) retrieved from /home/airflow/.local/lib/python3.7/site-packages/airflow/example_dags/tutorial.py
[2023-10-04T08:00:19.116+0000] {logging_mixin.py:120} INFO - [2023-10-04T08:00:19.116+0000] {dag.py:2585} INFO - Sync 1 DAGs
[2023-10-04T08:00:19.140+0000] {logging_mixin.py:120} INFO - [2023-10-04T08:00:19.140+0000] {dag.py:3340} INFO - Setting next_dagrun for tutorial to 2023-10-03T08:00:19.140310+00:00, run_after=2023-10-04T08:00:19.140310+00:00
[2023-10-04T08:00:19.164+0000] {processor.py:176} INFO - Processing /home/airflow/.local/lib/python3.7/site-packages/airflow/example_dags/tutorial.py took 0.105 seconds
[2023-10-04T08:00:49.927+0000] {processor.py:154} INFO - Started process (PID=2398) to work on /home/airflow/.local/lib/python3.7/site-packages/airflow/example_dags/tutorial.py
[2023-10-04T08:00:49.929+0000] {processor.py:756} INFO - Processing file /home/airflow/.local/lib/python3.7/site-packages/airflow/example_dags/tutorial.py for tasks to queue
[2023-10-04T08:00:49.930+0000] {logging_mixin.py:120} INFO - [2023-10-04T08:00:49.930+0000] {dagbag.py:537} INFO - Filling up the DagBag from /home/airflow/.local/lib/python3.7/site-packages/airflow/example_dags/tutorial.py
[2023-10-04T08:00:49.945+0000] {processor.py:766} INFO - DAG(s) dict_keys(['tutorial']) retrieved from /home/airflow/.local/lib/python3.7/site-packages/airflow/example_dags/tutorial.py
[2023-10-04T08:00:49.990+0000] {logging_mixin.py:120} INFO - [2023-10-04T08:00:49.990+0000] {dag.py:2585} INFO - Sync 1 DAGs
[2023-10-04T08:00:50.017+0000] {logging_mixin.py:120} INFO - [2023-10-04T08:00:50.017+0000] {dag.py:3340} INFO - Setting next_dagrun for tutorial to 2023-10-03T08:00:50.016761+00:00, run_after=2023-10-04T08:00:50.016761+00:00
[2023-10-04T08:00:50.043+0000] {processor.py:176} INFO - Processing /home/airflow/.local/lib/python3.7/site-packages/airflow/example_dags/tutorial.py took 0.121 seconds
[2023-10-04T08:01:20.241+0000] {processor.py:154} INFO - Started process (PID=2456) to work on /home/airflow/.local/lib/python3.7/site-packages/airflow/example_dags/tutorial.py
[2023-10-04T08:01:20.243+0000] {processor.py:756} INFO - Processing file /home/airflow/.local/lib/python3.7/site-packages/airflow/example_dags/tutorial.py for tasks to queue
[2023-10-04T08:01:20.244+0000] {logging_mixin.py:120} INFO - [2023-10-04T08:01:20.244+0000] {dagbag.py:537} INFO - Filling up the DagBag from /home/airflow/.local/lib/python3.7/site-packages/airflow/example_dags/tutorial.py
[2023-10-04T08:01:20.257+0000] {processor.py:766} INFO - DAG(s) dict_keys(['tutorial']) retrieved from /home/airflow/.local/lib/python3.7/site-packages/airflow/example_dags/tutorial.py
[2023-10-04T08:01:20.292+0000] {logging_mixin.py:120} INFO - [2023-10-04T08:01:20.292+0000] {dag.py:2585} INFO - Sync 1 DAGs
[2023-10-04T08:01:20.314+0000] {logging_mixin.py:120} INFO - [2023-10-04T08:01:20.314+0000] {dag.py:3340} INFO - Setting next_dagrun for tutorial to 2023-10-03T08:01:20.314223+00:00, run_after=2023-10-04T08:01:20.314223+00:00
[2023-10-04T08:01:20.339+0000] {processor.py:176} INFO - Processing /home/airflow/.local/lib/python3.7/site-packages/airflow/example_dags/tutorial.py took 0.101 seconds
[2023-10-04T08:01:50.698+0000] {processor.py:154} INFO - Started process (PID=2523) to work on /home/airflow/.local/lib/python3.7/site-packages/airflow/example_dags/tutorial.py
[2023-10-04T08:01:50.699+0000] {processor.py:756} INFO - Processing file /home/airflow/.local/lib/python3.7/site-packages/airflow/example_dags/tutorial.py for tasks to queue
[2023-10-04T08:01:50.701+0000] {logging_mixin.py:120} INFO - [2023-10-04T08:01:50.700+0000] {dagbag.py:537} INFO - Filling up the DagBag from /home/airflow/.local/lib/python3.7/site-packages/airflow/example_dags/tutorial.py
[2023-10-04T08:01:50.712+0000] {processor.py:766} INFO - DAG(s) dict_keys(['tutorial']) retrieved from /home/airflow/.local/lib/python3.7/site-packages/airflow/example_dags/tutorial.py
[2023-10-04T08:01:50.747+0000] {logging_mixin.py:120} INFO - [2023-10-04T08:01:50.746+0000] {dag.py:2585} INFO - Sync 1 DAGs
[2023-10-04T08:01:50.769+0000] {logging_mixin.py:120} INFO - [2023-10-04T08:01:50.769+0000] {dag.py:3340} INFO - Setting next_dagrun for tutorial to 2023-10-03T08:01:50.769515+00:00, run_after=2023-10-04T08:01:50.769515+00:00
[2023-10-04T08:01:50.792+0000] {processor.py:176} INFO - Processing /home/airflow/.local/lib/python3.7/site-packages/airflow/example_dags/tutorial.py took 0.096 seconds
[2023-10-04T08:02:21.301+0000] {processor.py:154} INFO - Started process (PID=2591) to work on /home/airflow/.local/lib/python3.7/site-packages/airflow/example_dags/tutorial.py
[2023-10-04T08:02:21.302+0000] {processor.py:756} INFO - Processing file /home/airflow/.local/lib/python3.7/site-packages/airflow/example_dags/tutorial.py for tasks to queue
[2023-10-04T08:02:21.304+0000] {logging_mixin.py:120} INFO - [2023-10-04T08:02:21.304+0000] {dagbag.py:537} INFO - Filling up the DagBag from /home/airflow/.local/lib/python3.7/site-packages/airflow/example_dags/tutorial.py
[2023-10-04T08:02:21.315+0000] {processor.py:766} INFO - DAG(s) dict_keys(['tutorial']) retrieved from /home/airflow/.local/lib/python3.7/site-packages/airflow/example_dags/tutorial.py
[2023-10-04T08:02:21.353+0000] {logging_mixin.py:120} INFO - [2023-10-04T08:02:21.352+0000] {dag.py:2585} INFO - Sync 1 DAGs
[2023-10-04T08:02:21.374+0000] {logging_mixin.py:120} INFO - [2023-10-04T08:02:21.374+0000] {dag.py:3340} INFO - Setting next_dagrun for tutorial to 2023-10-03T08:02:21.374410+00:00, run_after=2023-10-04T08:02:21.374410+00:00
[2023-10-04T08:02:21.399+0000] {processor.py:176} INFO - Processing /home/airflow/.local/lib/python3.7/site-packages/airflow/example_dags/tutorial.py took 0.101 seconds
[2023-10-04T08:02:51.652+0000] {processor.py:154} INFO - Started process (PID=2649) to work on /home/airflow/.local/lib/python3.7/site-packages/airflow/example_dags/tutorial.py
[2023-10-04T08:02:51.654+0000] {processor.py:756} INFO - Processing file /home/airflow/.local/lib/python3.7/site-packages/airflow/example_dags/tutorial.py for tasks to queue
[2023-10-04T08:02:51.656+0000] {logging_mixin.py:120} INFO - [2023-10-04T08:02:51.655+0000] {dagbag.py:537} INFO - Filling up the DagBag from /home/airflow/.local/lib/python3.7/site-packages/airflow/example_dags/tutorial.py
[2023-10-04T08:02:51.668+0000] {processor.py:766} INFO - DAG(s) dict_keys(['tutorial']) retrieved from /home/airflow/.local/lib/python3.7/site-packages/airflow/example_dags/tutorial.py
[2023-10-04T08:02:51.704+0000] {logging_mixin.py:120} INFO - [2023-10-04T08:02:51.704+0000] {dag.py:2585} INFO - Sync 1 DAGs
[2023-10-04T08:02:51.728+0000] {logging_mixin.py:120} INFO - [2023-10-04T08:02:51.727+0000] {dag.py:3340} INFO - Setting next_dagrun for tutorial to 2023-10-03T08:02:51.727548+00:00, run_after=2023-10-04T08:02:51.727548+00:00
[2023-10-04T08:02:51.750+0000] {processor.py:176} INFO - Processing /home/airflow/.local/lib/python3.7/site-packages/airflow/example_dags/tutorial.py took 0.100 seconds
[2023-10-04T08:03:22.258+0000] {processor.py:154} INFO - Started process (PID=2716) to work on /home/airflow/.local/lib/python3.7/site-packages/airflow/example_dags/tutorial.py
[2023-10-04T08:03:22.260+0000] {processor.py:756} INFO - Processing file /home/airflow/.local/lib/python3.7/site-packages/airflow/example_dags/tutorial.py for tasks to queue
[2023-10-04T08:03:22.261+0000] {logging_mixin.py:120} INFO - [2023-10-04T08:03:22.261+0000] {dagbag.py:537} INFO - Filling up the DagBag from /home/airflow/.local/lib/python3.7/site-packages/airflow/example_dags/tutorial.py
[2023-10-04T08:03:22.274+0000] {processor.py:766} INFO - DAG(s) dict_keys(['tutorial']) retrieved from /home/airflow/.local/lib/python3.7/site-packages/airflow/example_dags/tutorial.py
[2023-10-04T08:03:22.311+0000] {logging_mixin.py:120} INFO - [2023-10-04T08:03:22.311+0000] {dag.py:2585} INFO - Sync 1 DAGs
[2023-10-04T08:03:22.337+0000] {logging_mixin.py:120} INFO - [2023-10-04T08:03:22.337+0000] {dag.py:3340} INFO - Setting next_dagrun for tutorial to 2023-10-03T08:03:22.337259+00:00, run_after=2023-10-04T08:03:22.337259+00:00
[2023-10-04T08:03:22.365+0000] {processor.py:176} INFO - Processing /home/airflow/.local/lib/python3.7/site-packages/airflow/example_dags/tutorial.py took 0.111 seconds
[2023-10-04T08:03:52.549+0000] {processor.py:154} INFO - Started process (PID=2783) to work on /home/airflow/.local/lib/python3.7/site-packages/airflow/example_dags/tutorial.py
[2023-10-04T08:03:52.551+0000] {processor.py:756} INFO - Processing file /home/airflow/.local/lib/python3.7/site-packages/airflow/example_dags/tutorial.py for tasks to queue
[2023-10-04T08:03:52.552+0000] {logging_mixin.py:120} INFO - [2023-10-04T08:03:52.552+0000] {dagbag.py:537} INFO - Filling up the DagBag from /home/airflow/.local/lib/python3.7/site-packages/airflow/example_dags/tutorial.py
[2023-10-04T08:03:52.564+0000] {processor.py:766} INFO - DAG(s) dict_keys(['tutorial']) retrieved from /home/airflow/.local/lib/python3.7/site-packages/airflow/example_dags/tutorial.py
[2023-10-04T08:03:52.598+0000] {logging_mixin.py:120} INFO - [2023-10-04T08:03:52.598+0000] {dag.py:2585} INFO - Sync 1 DAGs
[2023-10-04T08:03:52.621+0000] {logging_mixin.py:120} INFO - [2023-10-04T08:03:52.621+0000] {dag.py:3340} INFO - Setting next_dagrun for tutorial to 2023-10-03T08:03:52.620845+00:00, run_after=2023-10-04T08:03:52.620845+00:00
[2023-10-04T08:03:52.642+0000] {processor.py:176} INFO - Processing /home/airflow/.local/lib/python3.7/site-packages/airflow/example_dags/tutorial.py took 0.096 seconds
[2023-10-04T08:04:22.934+0000] {processor.py:154} INFO - Started process (PID=2850) to work on /home/airflow/.local/lib/python3.7/site-packages/airflow/example_dags/tutorial.py
[2023-10-04T08:04:22.935+0000] {processor.py:756} INFO - Processing file /home/airflow/.local/lib/python3.7/site-packages/airflow/example_dags/tutorial.py for tasks to queue
[2023-10-04T08:04:22.937+0000] {logging_mixin.py:120} INFO - [2023-10-04T08:04:22.937+0000] {dagbag.py:537} INFO - Filling up the DagBag from /home/airflow/.local/lib/python3.7/site-packages/airflow/example_dags/tutorial.py
[2023-10-04T08:04:22.949+0000] {processor.py:766} INFO - DAG(s) dict_keys(['tutorial']) retrieved from /home/airflow/.local/lib/python3.7/site-packages/airflow/example_dags/tutorial.py
[2023-10-04T08:04:22.993+0000] {logging_mixin.py:120} INFO - [2023-10-04T08:04:22.993+0000] {dag.py:2585} INFO - Sync 1 DAGs
[2023-10-04T08:04:23.020+0000] {logging_mixin.py:120} INFO - [2023-10-04T08:04:23.020+0000] {dag.py:3340} INFO - Setting next_dagrun for tutorial to 2023-10-03T08:04:23.019817+00:00, run_after=2023-10-04T08:04:23.019817+00:00
[2023-10-04T08:04:23.047+0000] {processor.py:176} INFO - Processing /home/airflow/.local/lib/python3.7/site-packages/airflow/example_dags/tutorial.py took 0.116 seconds
[2023-10-04T08:04:53.439+0000] {processor.py:154} INFO - Started process (PID=2908) to work on /home/airflow/.local/lib/python3.7/site-packages/airflow/example_dags/tutorial.py
[2023-10-04T08:04:53.441+0000] {processor.py:756} INFO - Processing file /home/airflow/.local/lib/python3.7/site-packages/airflow/example_dags/tutorial.py for tasks to queue
[2023-10-04T08:04:53.442+0000] {logging_mixin.py:120} INFO - [2023-10-04T08:04:53.442+0000] {dagbag.py:537} INFO - Filling up the DagBag from /home/airflow/.local/lib/python3.7/site-packages/airflow/example_dags/tutorial.py
[2023-10-04T08:04:53.456+0000] {processor.py:766} INFO - DAG(s) dict_keys(['tutorial']) retrieved from /home/airflow/.local/lib/python3.7/site-packages/airflow/example_dags/tutorial.py
[2023-10-04T08:04:53.496+0000] {logging_mixin.py:120} INFO - [2023-10-04T08:04:53.496+0000] {dag.py:2585} INFO - Sync 1 DAGs
[2023-10-04T08:04:53.521+0000] {logging_mixin.py:120} INFO - [2023-10-04T08:04:53.521+0000] {dag.py:3340} INFO - Setting next_dagrun for tutorial to 2023-10-03T08:04:53.520814+00:00, run_after=2023-10-04T08:04:53.520814+00:00
[2023-10-04T08:04:53.542+0000] {processor.py:176} INFO - Processing /home/airflow/.local/lib/python3.7/site-packages/airflow/example_dags/tutorial.py took 0.107 seconds
[2023-10-04T08:05:24.516+0000] {processor.py:154} INFO - Started process (PID=2975) to work on /home/airflow/.local/lib/python3.7/site-packages/airflow/example_dags/tutorial.py
[2023-10-04T08:05:24.518+0000] {processor.py:756} INFO - Processing file /home/airflow/.local/lib/python3.7/site-packages/airflow/example_dags/tutorial.py for tasks to queue
[2023-10-04T08:05:24.519+0000] {logging_mixin.py:120} INFO - [2023-10-04T08:05:24.519+0000] {dagbag.py:537} INFO - Filling up the DagBag from /home/airflow/.local/lib/python3.7/site-packages/airflow/example_dags/tutorial.py
[2023-10-04T08:05:24.533+0000] {processor.py:766} INFO - DAG(s) dict_keys(['tutorial']) retrieved from /home/airflow/.local/lib/python3.7/site-packages/airflow/example_dags/tutorial.py
[2023-10-04T08:05:24.571+0000] {logging_mixin.py:120} INFO - [2023-10-04T08:05:24.571+0000] {dag.py:2585} INFO - Sync 1 DAGs
[2023-10-04T08:05:24.595+0000] {logging_mixin.py:120} INFO - [2023-10-04T08:05:24.594+0000] {dag.py:3340} INFO - Setting next_dagrun for tutorial to 2023-10-03T08:05:24.594761+00:00, run_after=2023-10-04T08:05:24.594761+00:00
[2023-10-04T08:05:24.619+0000] {processor.py:176} INFO - Processing /home/airflow/.local/lib/python3.7/site-packages/airflow/example_dags/tutorial.py took 0.106 seconds
[2023-10-04T08:05:55.178+0000] {processor.py:154} INFO - Started process (PID=3042) to work on /home/airflow/.local/lib/python3.7/site-packages/airflow/example_dags/tutorial.py
[2023-10-04T08:05:55.180+0000] {processor.py:756} INFO - Processing file /home/airflow/.local/lib/python3.7/site-packages/airflow/example_dags/tutorial.py for tasks to queue
[2023-10-04T08:05:55.181+0000] {logging_mixin.py:120} INFO - [2023-10-04T08:05:55.181+0000] {dagbag.py:537} INFO - Filling up the DagBag from /home/airflow/.local/lib/python3.7/site-packages/airflow/example_dags/tutorial.py
[2023-10-04T08:05:55.194+0000] {processor.py:766} INFO - DAG(s) dict_keys(['tutorial']) retrieved from /home/airflow/.local/lib/python3.7/site-packages/airflow/example_dags/tutorial.py
[2023-10-04T08:05:55.232+0000] {logging_mixin.py:120} INFO - [2023-10-04T08:05:55.232+0000] {dag.py:2585} INFO - Sync 1 DAGs
[2023-10-04T08:05:55.259+0000] {logging_mixin.py:120} INFO - [2023-10-04T08:05:55.259+0000] {dag.py:3340} INFO - Setting next_dagrun for tutorial to 2023-10-03T08:05:55.258890+00:00, run_after=2023-10-04T08:05:55.258890+00:00
[2023-10-04T08:05:55.283+0000] {processor.py:176} INFO - Processing /home/airflow/.local/lib/python3.7/site-packages/airflow/example_dags/tutorial.py took 0.108 seconds
[2023-10-04T08:06:25.692+0000] {processor.py:154} INFO - Started process (PID=3107) to work on /home/airflow/.local/lib/python3.7/site-packages/airflow/example_dags/tutorial.py
[2023-10-04T08:06:25.694+0000] {processor.py:756} INFO - Processing file /home/airflow/.local/lib/python3.7/site-packages/airflow/example_dags/tutorial.py for tasks to queue
[2023-10-04T08:06:25.695+0000] {logging_mixin.py:120} INFO - [2023-10-04T08:06:25.695+0000] {dagbag.py:537} INFO - Filling up the DagBag from /home/airflow/.local/lib/python3.7/site-packages/airflow/example_dags/tutorial.py
[2023-10-04T08:06:25.716+0000] {processor.py:766} INFO - DAG(s) dict_keys(['tutorial']) retrieved from /home/airflow/.local/lib/python3.7/site-packages/airflow/example_dags/tutorial.py
[2023-10-04T08:06:25.767+0000] {logging_mixin.py:120} INFO - [2023-10-04T08:06:25.766+0000] {dag.py:2585} INFO - Sync 1 DAGs
[2023-10-04T08:06:25.800+0000] {logging_mixin.py:120} INFO - [2023-10-04T08:06:25.800+0000] {dag.py:3340} INFO - Setting next_dagrun for tutorial to 2023-10-03T08:06:25.799581+00:00, run_after=2023-10-04T08:06:25.799581+00:00
[2023-10-04T08:06:25.834+0000] {processor.py:176} INFO - Processing /home/airflow/.local/lib/python3.7/site-packages/airflow/example_dags/tutorial.py took 0.145 seconds
[2023-10-04T08:06:56.212+0000] {processor.py:154} INFO - Started process (PID=3167) to work on /home/airflow/.local/lib/python3.7/site-packages/airflow/example_dags/tutorial.py
[2023-10-04T08:06:56.214+0000] {processor.py:756} INFO - Processing file /home/airflow/.local/lib/python3.7/site-packages/airflow/example_dags/tutorial.py for tasks to queue
[2023-10-04T08:06:56.215+0000] {logging_mixin.py:120} INFO - [2023-10-04T08:06:56.215+0000] {dagbag.py:537} INFO - Filling up the DagBag from /home/airflow/.local/lib/python3.7/site-packages/airflow/example_dags/tutorial.py
[2023-10-04T08:06:56.230+0000] {processor.py:766} INFO - DAG(s) dict_keys(['tutorial']) retrieved from /home/airflow/.local/lib/python3.7/site-packages/airflow/example_dags/tutorial.py
[2023-10-04T08:06:56.271+0000] {logging_mixin.py:120} INFO - [2023-10-04T08:06:56.271+0000] {dag.py:2585} INFO - Sync 1 DAGs
[2023-10-04T08:06:56.294+0000] {logging_mixin.py:120} INFO - [2023-10-04T08:06:56.294+0000] {dag.py:3340} INFO - Setting next_dagrun for tutorial to 2023-10-03T08:06:56.293927+00:00, run_after=2023-10-04T08:06:56.293927+00:00
[2023-10-04T08:06:56.319+0000] {processor.py:176} INFO - Processing /home/airflow/.local/lib/python3.7/site-packages/airflow/example_dags/tutorial.py took 0.110 seconds
[2023-10-04T08:07:26.981+0000] {processor.py:154} INFO - Started process (PID=3234) to work on /home/airflow/.local/lib/python3.7/site-packages/airflow/example_dags/tutorial.py
[2023-10-04T08:07:26.982+0000] {processor.py:756} INFO - Processing file /home/airflow/.local/lib/python3.7/site-packages/airflow/example_dags/tutorial.py for tasks to queue
[2023-10-04T08:07:26.983+0000] {logging_mixin.py:120} INFO - [2023-10-04T08:07:26.983+0000] {dagbag.py:537} INFO - Filling up the DagBag from /home/airflow/.local/lib/python3.7/site-packages/airflow/example_dags/tutorial.py
[2023-10-04T08:07:26.997+0000] {processor.py:766} INFO - DAG(s) dict_keys(['tutorial']) retrieved from /home/airflow/.local/lib/python3.7/site-packages/airflow/example_dags/tutorial.py
[2023-10-04T08:07:27.035+0000] {logging_mixin.py:120} INFO - [2023-10-04T08:07:27.035+0000] {dag.py:2585} INFO - Sync 1 DAGs
[2023-10-04T08:07:27.058+0000] {logging_mixin.py:120} INFO - [2023-10-04T08:07:27.058+0000] {dag.py:3340} INFO - Setting next_dagrun for tutorial to 2023-10-03T08:07:27.057864+00:00, run_after=2023-10-04T08:07:27.057864+00:00
[2023-10-04T08:07:27.084+0000] {processor.py:176} INFO - Processing /home/airflow/.local/lib/python3.7/site-packages/airflow/example_dags/tutorial.py took 0.107 seconds
[2023-10-04T08:07:57.332+0000] {processor.py:154} INFO - Started process (PID=3301) to work on /home/airflow/.local/lib/python3.7/site-packages/airflow/example_dags/tutorial.py
[2023-10-04T08:07:57.333+0000] {processor.py:756} INFO - Processing file /home/airflow/.local/lib/python3.7/site-packages/airflow/example_dags/tutorial.py for tasks to queue
[2023-10-04T08:07:57.334+0000] {logging_mixin.py:120} INFO - [2023-10-04T08:07:57.334+0000] {dagbag.py:537} INFO - Filling up the DagBag from /home/airflow/.local/lib/python3.7/site-packages/airflow/example_dags/tutorial.py
[2023-10-04T08:07:57.349+0000] {processor.py:766} INFO - DAG(s) dict_keys(['tutorial']) retrieved from /home/airflow/.local/lib/python3.7/site-packages/airflow/example_dags/tutorial.py
[2023-10-04T08:07:57.387+0000] {logging_mixin.py:120} INFO - [2023-10-04T08:07:57.387+0000] {dag.py:2585} INFO - Sync 1 DAGs
[2023-10-04T08:07:57.409+0000] {logging_mixin.py:120} INFO - [2023-10-04T08:07:57.409+0000] {dag.py:3340} INFO - Setting next_dagrun for tutorial to 2023-10-03T08:07:57.408969+00:00, run_after=2023-10-04T08:07:57.408969+00:00
[2023-10-04T08:07:57.430+0000] {processor.py:176} INFO - Processing /home/airflow/.local/lib/python3.7/site-packages/airflow/example_dags/tutorial.py took 0.101 seconds
[2023-10-04T08:08:27.551+0000] {processor.py:154} INFO - Started process (PID=3359) to work on /home/airflow/.local/lib/python3.7/site-packages/airflow/example_dags/tutorial.py
[2023-10-04T08:08:27.553+0000] {processor.py:756} INFO - Processing file /home/airflow/.local/lib/python3.7/site-packages/airflow/example_dags/tutorial.py for tasks to queue
[2023-10-04T08:08:27.554+0000] {logging_mixin.py:120} INFO - [2023-10-04T08:08:27.553+0000] {dagbag.py:537} INFO - Filling up the DagBag from /home/airflow/.local/lib/python3.7/site-packages/airflow/example_dags/tutorial.py
[2023-10-04T08:08:27.563+0000] {processor.py:766} INFO - DAG(s) dict_keys(['tutorial']) retrieved from /home/airflow/.local/lib/python3.7/site-packages/airflow/example_dags/tutorial.py
[2023-10-04T08:08:27.595+0000] {logging_mixin.py:120} INFO - [2023-10-04T08:08:27.594+0000] {dag.py:2585} INFO - Sync 1 DAGs
[2023-10-04T08:08:27.615+0000] {logging_mixin.py:120} INFO - [2023-10-04T08:08:27.615+0000] {dag.py:3340} INFO - Setting next_dagrun for tutorial to 2023-10-03T08:08:27.614886+00:00, run_after=2023-10-04T08:08:27.614886+00:00
[2023-10-04T08:08:27.635+0000] {processor.py:176} INFO - Processing /home/airflow/.local/lib/python3.7/site-packages/airflow/example_dags/tutorial.py took 0.086 seconds
[2023-10-04T08:08:57.734+0000] {processor.py:154} INFO - Started process (PID=3427) to work on /home/airflow/.local/lib/python3.7/site-packages/airflow/example_dags/tutorial.py
[2023-10-04T08:08:57.736+0000] {processor.py:756} INFO - Processing file /home/airflow/.local/lib/python3.7/site-packages/airflow/example_dags/tutorial.py for tasks to queue
[2023-10-04T08:08:57.737+0000] {logging_mixin.py:120} INFO - [2023-10-04T08:08:57.737+0000] {dagbag.py:537} INFO - Filling up the DagBag from /home/airflow/.local/lib/python3.7/site-packages/airflow/example_dags/tutorial.py
[2023-10-04T08:08:57.748+0000] {processor.py:766} INFO - DAG(s) dict_keys(['tutorial']) retrieved from /home/airflow/.local/lib/python3.7/site-packages/airflow/example_dags/tutorial.py
[2023-10-04T08:08:57.781+0000] {logging_mixin.py:120} INFO - [2023-10-04T08:08:57.781+0000] {dag.py:2585} INFO - Sync 1 DAGs
[2023-10-04T08:08:57.812+0000] {logging_mixin.py:120} INFO - [2023-10-04T08:08:57.812+0000] {dag.py:3340} INFO - Setting next_dagrun for tutorial to 2023-10-03T08:08:57.812432+00:00, run_after=2023-10-04T08:08:57.812432+00:00
[2023-10-04T08:08:57.835+0000] {processor.py:176} INFO - Processing /home/airflow/.local/lib/python3.7/site-packages/airflow/example_dags/tutorial.py took 0.103 seconds
[2023-10-04T08:09:28.034+0000] {processor.py:154} INFO - Started process (PID=3494) to work on /home/airflow/.local/lib/python3.7/site-packages/airflow/example_dags/tutorial.py
[2023-10-04T08:09:28.035+0000] {processor.py:756} INFO - Processing file /home/airflow/.local/lib/python3.7/site-packages/airflow/example_dags/tutorial.py for tasks to queue
[2023-10-04T08:09:28.036+0000] {logging_mixin.py:120} INFO - [2023-10-04T08:09:28.036+0000] {dagbag.py:537} INFO - Filling up the DagBag from /home/airflow/.local/lib/python3.7/site-packages/airflow/example_dags/tutorial.py
[2023-10-04T08:09:28.047+0000] {processor.py:766} INFO - DAG(s) dict_keys(['tutorial']) retrieved from /home/airflow/.local/lib/python3.7/site-packages/airflow/example_dags/tutorial.py
[2023-10-04T08:09:28.081+0000] {logging_mixin.py:120} INFO - [2023-10-04T08:09:28.081+0000] {dag.py:2585} INFO - Sync 1 DAGs
[2023-10-04T08:09:28.102+0000] {logging_mixin.py:120} INFO - [2023-10-04T08:09:28.102+0000] {dag.py:3340} INFO - Setting next_dagrun for tutorial to 2023-10-03T08:09:28.102223+00:00, run_after=2023-10-04T08:09:28.102223+00:00
[2023-10-04T08:09:28.124+0000] {processor.py:176} INFO - Processing /home/airflow/.local/lib/python3.7/site-packages/airflow/example_dags/tutorial.py took 0.093 seconds
[2023-10-04T08:09:58.625+0000] {processor.py:154} INFO - Started process (PID=3561) to work on /home/airflow/.local/lib/python3.7/site-packages/airflow/example_dags/tutorial.py
[2023-10-04T08:09:58.627+0000] {processor.py:756} INFO - Processing file /home/airflow/.local/lib/python3.7/site-packages/airflow/example_dags/tutorial.py for tasks to queue
[2023-10-04T08:09:58.628+0000] {logging_mixin.py:120} INFO - [2023-10-04T08:09:58.628+0000] {dagbag.py:537} INFO - Filling up the DagBag from /home/airflow/.local/lib/python3.7/site-packages/airflow/example_dags/tutorial.py
[2023-10-04T08:09:58.643+0000] {processor.py:766} INFO - DAG(s) dict_keys(['tutorial']) retrieved from /home/airflow/.local/lib/python3.7/site-packages/airflow/example_dags/tutorial.py
[2023-10-04T08:09:58.702+0000] {logging_mixin.py:120} INFO - [2023-10-04T08:09:58.701+0000] {dag.py:2585} INFO - Sync 1 DAGs
[2023-10-04T08:09:58.737+0000] {logging_mixin.py:120} INFO - [2023-10-04T08:09:58.737+0000] {dag.py:3340} INFO - Setting next_dagrun for tutorial to 2023-10-03T08:09:58.737397+00:00, run_after=2023-10-04T08:09:58.737397+00:00
[2023-10-04T08:09:58.763+0000] {processor.py:176} INFO - Processing /home/airflow/.local/lib/python3.7/site-packages/airflow/example_dags/tutorial.py took 0.142 seconds
[2023-10-04T08:11:39.999+0000] {processor.py:154} INFO - Started process (PID=77) to work on /home/airflow/.local/lib/python3.7/site-packages/airflow/example_dags/tutorial.py
[2023-10-04T08:11:40.004+0000] {processor.py:756} INFO - Processing file /home/airflow/.local/lib/python3.7/site-packages/airflow/example_dags/tutorial.py for tasks to queue
[2023-10-04T08:11:40.009+0000] {logging_mixin.py:120} INFO - [2023-10-04T08:11:40.008+0000] {dagbag.py:537} INFO - Filling up the DagBag from /home/airflow/.local/lib/python3.7/site-packages/airflow/example_dags/tutorial.py
[2023-10-04T08:11:40.053+0000] {processor.py:766} INFO - DAG(s) dict_keys(['tutorial']) retrieved from /home/airflow/.local/lib/python3.7/site-packages/airflow/example_dags/tutorial.py
[2023-10-04T08:11:40.173+0000] {logging_mixin.py:120} INFO - [2023-10-04T08:11:40.173+0000] {dag.py:2585} INFO - Sync 1 DAGs
[2023-10-04T08:11:40.249+0000] {logging_mixin.py:120} INFO - [2023-10-04T08:11:40.249+0000] {dag.py:3340} INFO - Setting next_dagrun for tutorial to 2023-10-03T08:11:40.248940+00:00, run_after=2023-10-04T08:11:40.248940+00:00
[2023-10-04T08:11:40.327+0000] {processor.py:176} INFO - Processing /home/airflow/.local/lib/python3.7/site-packages/airflow/example_dags/tutorial.py took 0.338 seconds
[2023-10-04T08:12:10.889+0000] {processor.py:154} INFO - Started process (PID=136) to work on /home/airflow/.local/lib/python3.7/site-packages/airflow/example_dags/tutorial.py
[2023-10-04T08:12:10.890+0000] {processor.py:756} INFO - Processing file /home/airflow/.local/lib/python3.7/site-packages/airflow/example_dags/tutorial.py for tasks to queue
[2023-10-04T08:12:10.891+0000] {logging_mixin.py:120} INFO - [2023-10-04T08:12:10.891+0000] {dagbag.py:537} INFO - Filling up the DagBag from /home/airflow/.local/lib/python3.7/site-packages/airflow/example_dags/tutorial.py
[2023-10-04T08:12:10.905+0000] {processor.py:766} INFO - DAG(s) dict_keys(['tutorial']) retrieved from /home/airflow/.local/lib/python3.7/site-packages/airflow/example_dags/tutorial.py
[2023-10-04T08:12:10.940+0000] {logging_mixin.py:120} INFO - [2023-10-04T08:12:10.940+0000] {dag.py:2585} INFO - Sync 1 DAGs
[2023-10-04T08:12:10.961+0000] {logging_mixin.py:120} INFO - [2023-10-04T08:12:10.961+0000] {dag.py:3340} INFO - Setting next_dagrun for tutorial to 2023-10-03T08:12:10.960835+00:00, run_after=2023-10-04T08:12:10.960835+00:00
[2023-10-04T08:12:10.982+0000] {processor.py:176} INFO - Processing /home/airflow/.local/lib/python3.7/site-packages/airflow/example_dags/tutorial.py took 0.096 seconds
[2023-10-04T08:12:41.391+0000] {processor.py:154} INFO - Started process (PID=206) to work on /home/airflow/.local/lib/python3.7/site-packages/airflow/example_dags/tutorial.py
[2023-10-04T08:12:41.392+0000] {processor.py:756} INFO - Processing file /home/airflow/.local/lib/python3.7/site-packages/airflow/example_dags/tutorial.py for tasks to queue
[2023-10-04T08:12:41.393+0000] {logging_mixin.py:120} INFO - [2023-10-04T08:12:41.393+0000] {dagbag.py:537} INFO - Filling up the DagBag from /home/airflow/.local/lib/python3.7/site-packages/airflow/example_dags/tutorial.py
[2023-10-04T08:12:41.405+0000] {processor.py:766} INFO - DAG(s) dict_keys(['tutorial']) retrieved from /home/airflow/.local/lib/python3.7/site-packages/airflow/example_dags/tutorial.py
[2023-10-04T08:12:41.440+0000] {logging_mixin.py:120} INFO - [2023-10-04T08:12:41.440+0000] {dag.py:2585} INFO - Sync 1 DAGs
[2023-10-04T08:12:41.463+0000] {logging_mixin.py:120} INFO - [2023-10-04T08:12:41.463+0000] {dag.py:3340} INFO - Setting next_dagrun for tutorial to 2023-10-03T08:12:41.463009+00:00, run_after=2023-10-04T08:12:41.463009+00:00
[2023-10-04T08:12:41.484+0000] {processor.py:176} INFO - Processing /home/airflow/.local/lib/python3.7/site-packages/airflow/example_dags/tutorial.py took 0.097 seconds
[2023-10-04T08:13:11.978+0000] {processor.py:154} INFO - Started process (PID=274) to work on /home/airflow/.local/lib/python3.7/site-packages/airflow/example_dags/tutorial.py
[2023-10-04T08:13:11.981+0000] {processor.py:756} INFO - Processing file /home/airflow/.local/lib/python3.7/site-packages/airflow/example_dags/tutorial.py for tasks to queue
[2023-10-04T08:13:11.983+0000] {logging_mixin.py:120} INFO - [2023-10-04T08:13:11.983+0000] {dagbag.py:537} INFO - Filling up the DagBag from /home/airflow/.local/lib/python3.7/site-packages/airflow/example_dags/tutorial.py
[2023-10-04T08:13:11.999+0000] {processor.py:766} INFO - DAG(s) dict_keys(['tutorial']) retrieved from /home/airflow/.local/lib/python3.7/site-packages/airflow/example_dags/tutorial.py
[2023-10-04T08:13:12.047+0000] {logging_mixin.py:120} INFO - [2023-10-04T08:13:12.047+0000] {dag.py:2585} INFO - Sync 1 DAGs
[2023-10-04T08:13:12.079+0000] {logging_mixin.py:120} INFO - [2023-10-04T08:13:12.079+0000] {dag.py:3340} INFO - Setting next_dagrun for tutorial to 2023-10-03T08:13:12.079121+00:00, run_after=2023-10-04T08:13:12.079121+00:00
[2023-10-04T08:13:12.116+0000] {processor.py:176} INFO - Processing /home/airflow/.local/lib/python3.7/site-packages/airflow/example_dags/tutorial.py took 0.142 seconds
[2023-10-04T08:13:42.728+0000] {processor.py:154} INFO - Started process (PID=333) to work on /home/airflow/.local/lib/python3.7/site-packages/airflow/example_dags/tutorial.py
[2023-10-04T08:13:42.730+0000] {processor.py:756} INFO - Processing file /home/airflow/.local/lib/python3.7/site-packages/airflow/example_dags/tutorial.py for tasks to queue
[2023-10-04T08:13:42.731+0000] {logging_mixin.py:120} INFO - [2023-10-04T08:13:42.731+0000] {dagbag.py:537} INFO - Filling up the DagBag from /home/airflow/.local/lib/python3.7/site-packages/airflow/example_dags/tutorial.py
[2023-10-04T08:13:42.744+0000] {processor.py:766} INFO - DAG(s) dict_keys(['tutorial']) retrieved from /home/airflow/.local/lib/python3.7/site-packages/airflow/example_dags/tutorial.py
[2023-10-04T08:13:42.784+0000] {logging_mixin.py:120} INFO - [2023-10-04T08:13:42.783+0000] {dag.py:2585} INFO - Sync 1 DAGs
[2023-10-04T08:13:42.806+0000] {logging_mixin.py:120} INFO - [2023-10-04T08:13:42.806+0000] {dag.py:3340} INFO - Setting next_dagrun for tutorial to 2023-10-03T08:13:42.806441+00:00, run_after=2023-10-04T08:13:42.806441+00:00
[2023-10-04T08:13:42.828+0000] {processor.py:176} INFO - Processing /home/airflow/.local/lib/python3.7/site-packages/airflow/example_dags/tutorial.py took 0.102 seconds
[2023-10-04T08:14:13.061+0000] {processor.py:154} INFO - Started process (PID=401) to work on /home/airflow/.local/lib/python3.7/site-packages/airflow/example_dags/tutorial.py
[2023-10-04T08:14:13.063+0000] {processor.py:756} INFO - Processing file /home/airflow/.local/lib/python3.7/site-packages/airflow/example_dags/tutorial.py for tasks to queue
[2023-10-04T08:14:13.064+0000] {logging_mixin.py:120} INFO - [2023-10-04T08:14:13.064+0000] {dagbag.py:537} INFO - Filling up the DagBag from /home/airflow/.local/lib/python3.7/site-packages/airflow/example_dags/tutorial.py
[2023-10-04T08:14:13.078+0000] {processor.py:766} INFO - DAG(s) dict_keys(['tutorial']) retrieved from /home/airflow/.local/lib/python3.7/site-packages/airflow/example_dags/tutorial.py
[2023-10-04T08:14:13.121+0000] {logging_mixin.py:120} INFO - [2023-10-04T08:14:13.121+0000] {dag.py:2585} INFO - Sync 1 DAGs
[2023-10-04T08:14:13.150+0000] {logging_mixin.py:120} INFO - [2023-10-04T08:14:13.149+0000] {dag.py:3340} INFO - Setting next_dagrun for tutorial to 2023-10-03T08:14:13.149639+00:00, run_after=2023-10-04T08:14:13.149639+00:00
[2023-10-04T08:14:13.178+0000] {processor.py:176} INFO - Processing /home/airflow/.local/lib/python3.7/site-packages/airflow/example_dags/tutorial.py took 0.120 seconds
[2023-10-04T08:14:43.429+0000] {processor.py:154} INFO - Started process (PID=467) to work on /home/airflow/.local/lib/python3.7/site-packages/airflow/example_dags/tutorial.py
[2023-10-04T08:14:43.431+0000] {processor.py:756} INFO - Processing file /home/airflow/.local/lib/python3.7/site-packages/airflow/example_dags/tutorial.py for tasks to queue
[2023-10-04T08:14:43.433+0000] {logging_mixin.py:120} INFO - [2023-10-04T08:14:43.432+0000] {dagbag.py:537} INFO - Filling up the DagBag from /home/airflow/.local/lib/python3.7/site-packages/airflow/example_dags/tutorial.py
[2023-10-04T08:14:43.460+0000] {processor.py:766} INFO - DAG(s) dict_keys(['tutorial']) retrieved from /home/airflow/.local/lib/python3.7/site-packages/airflow/example_dags/tutorial.py
[2023-10-04T08:14:43.517+0000] {logging_mixin.py:120} INFO - [2023-10-04T08:14:43.517+0000] {dag.py:2585} INFO - Sync 1 DAGs
[2023-10-04T08:14:43.556+0000] {logging_mixin.py:120} INFO - [2023-10-04T08:14:43.555+0000] {dag.py:3340} INFO - Setting next_dagrun for tutorial to 2023-10-03T08:14:43.555484+00:00, run_after=2023-10-04T08:14:43.555484+00:00
[2023-10-04T08:14:43.586+0000] {processor.py:176} INFO - Processing /home/airflow/.local/lib/python3.7/site-packages/airflow/example_dags/tutorial.py took 0.162 seconds
[2023-10-04T08:15:14.073+0000] {processor.py:154} INFO - Started process (PID=535) to work on /home/airflow/.local/lib/python3.7/site-packages/airflow/example_dags/tutorial.py
[2023-10-04T08:15:14.075+0000] {processor.py:756} INFO - Processing file /home/airflow/.local/lib/python3.7/site-packages/airflow/example_dags/tutorial.py for tasks to queue
[2023-10-04T08:15:14.076+0000] {logging_mixin.py:120} INFO - [2023-10-04T08:15:14.076+0000] {dagbag.py:537} INFO - Filling up the DagBag from /home/airflow/.local/lib/python3.7/site-packages/airflow/example_dags/tutorial.py
[2023-10-04T08:15:14.093+0000] {processor.py:766} INFO - DAG(s) dict_keys(['tutorial']) retrieved from /home/airflow/.local/lib/python3.7/site-packages/airflow/example_dags/tutorial.py
[2023-10-04T08:15:14.146+0000] {logging_mixin.py:120} INFO - [2023-10-04T08:15:14.146+0000] {dag.py:2585} INFO - Sync 1 DAGs
[2023-10-04T08:15:14.177+0000] {logging_mixin.py:120} INFO - [2023-10-04T08:15:14.177+0000] {dag.py:3340} INFO - Setting next_dagrun for tutorial to 2023-10-03T08:15:14.176811+00:00, run_after=2023-10-04T08:15:14.176811+00:00
[2023-10-04T08:15:14.203+0000] {processor.py:176} INFO - Processing /home/airflow/.local/lib/python3.7/site-packages/airflow/example_dags/tutorial.py took 0.134 seconds
[2023-10-04T08:15:44.795+0000] {processor.py:154} INFO - Started process (PID=594) to work on /home/airflow/.local/lib/python3.7/site-packages/airflow/example_dags/tutorial.py
[2023-10-04T08:15:44.796+0000] {processor.py:756} INFO - Processing file /home/airflow/.local/lib/python3.7/site-packages/airflow/example_dags/tutorial.py for tasks to queue
[2023-10-04T08:15:44.798+0000] {logging_mixin.py:120} INFO - [2023-10-04T08:15:44.798+0000] {dagbag.py:537} INFO - Filling up the DagBag from /home/airflow/.local/lib/python3.7/site-packages/airflow/example_dags/tutorial.py
[2023-10-04T08:15:44.815+0000] {processor.py:766} INFO - DAG(s) dict_keys(['tutorial']) retrieved from /home/airflow/.local/lib/python3.7/site-packages/airflow/example_dags/tutorial.py
[2023-10-04T08:15:44.860+0000] {logging_mixin.py:120} INFO - [2023-10-04T08:15:44.859+0000] {dag.py:2585} INFO - Sync 1 DAGs
[2023-10-04T08:15:44.886+0000] {logging_mixin.py:120} INFO - [2023-10-04T08:15:44.886+0000] {dag.py:3340} INFO - Setting next_dagrun for tutorial to 2023-10-03T08:15:44.885172+00:00, run_after=2023-10-04T08:15:44.885172+00:00
[2023-10-04T08:15:44.946+0000] {processor.py:176} INFO - Processing /home/airflow/.local/lib/python3.7/site-packages/airflow/example_dags/tutorial.py took 0.158 seconds
[2023-10-04T08:16:15.300+0000] {processor.py:154} INFO - Started process (PID=662) to work on /home/airflow/.local/lib/python3.7/site-packages/airflow/example_dags/tutorial.py
[2023-10-04T08:16:15.301+0000] {processor.py:756} INFO - Processing file /home/airflow/.local/lib/python3.7/site-packages/airflow/example_dags/tutorial.py for tasks to queue
[2023-10-04T08:16:15.302+0000] {logging_mixin.py:120} INFO - [2023-10-04T08:16:15.302+0000] {dagbag.py:537} INFO - Filling up the DagBag from /home/airflow/.local/lib/python3.7/site-packages/airflow/example_dags/tutorial.py
[2023-10-04T08:16:15.314+0000] {processor.py:766} INFO - DAG(s) dict_keys(['tutorial']) retrieved from /home/airflow/.local/lib/python3.7/site-packages/airflow/example_dags/tutorial.py
[2023-10-04T08:16:15.347+0000] {logging_mixin.py:120} INFO - [2023-10-04T08:16:15.347+0000] {dag.py:2585} INFO - Sync 1 DAGs
[2023-10-04T08:16:15.368+0000] {logging_mixin.py:120} INFO - [2023-10-04T08:16:15.368+0000] {dag.py:3340} INFO - Setting next_dagrun for tutorial to 2023-10-03T08:16:15.368268+00:00, run_after=2023-10-04T08:16:15.368268+00:00
[2023-10-04T08:16:15.389+0000] {processor.py:176} INFO - Processing /home/airflow/.local/lib/python3.7/site-packages/airflow/example_dags/tutorial.py took 0.092 seconds
[2023-10-04T08:16:46.216+0000] {processor.py:154} INFO - Started process (PID=731) to work on /home/airflow/.local/lib/python3.7/site-packages/airflow/example_dags/tutorial.py
[2023-10-04T08:16:46.218+0000] {processor.py:756} INFO - Processing file /home/airflow/.local/lib/python3.7/site-packages/airflow/example_dags/tutorial.py for tasks to queue
[2023-10-04T08:16:46.220+0000] {logging_mixin.py:120} INFO - [2023-10-04T08:16:46.219+0000] {dagbag.py:537} INFO - Filling up the DagBag from /home/airflow/.local/lib/python3.7/site-packages/airflow/example_dags/tutorial.py
[2023-10-04T08:16:46.239+0000] {processor.py:766} INFO - DAG(s) dict_keys(['tutorial']) retrieved from /home/airflow/.local/lib/python3.7/site-packages/airflow/example_dags/tutorial.py
[2023-10-04T08:16:46.287+0000] {logging_mixin.py:120} INFO - [2023-10-04T08:16:46.286+0000] {dag.py:2585} INFO - Sync 1 DAGs
[2023-10-04T08:16:46.315+0000] {logging_mixin.py:120} INFO - [2023-10-04T08:16:46.315+0000] {dag.py:3340} INFO - Setting next_dagrun for tutorial to 2023-10-03T08:16:46.314376+00:00, run_after=2023-10-04T08:16:46.314376+00:00
[2023-10-04T08:16:46.353+0000] {processor.py:176} INFO - Processing /home/airflow/.local/lib/python3.7/site-packages/airflow/example_dags/tutorial.py took 0.139 seconds
[2023-10-04T08:17:16.612+0000] {processor.py:154} INFO - Started process (PID=790) to work on /home/airflow/.local/lib/python3.7/site-packages/airflow/example_dags/tutorial.py
[2023-10-04T08:17:16.614+0000] {processor.py:756} INFO - Processing file /home/airflow/.local/lib/python3.7/site-packages/airflow/example_dags/tutorial.py for tasks to queue
[2023-10-04T08:17:16.616+0000] {logging_mixin.py:120} INFO - [2023-10-04T08:17:16.615+0000] {dagbag.py:537} INFO - Filling up the DagBag from /home/airflow/.local/lib/python3.7/site-packages/airflow/example_dags/tutorial.py
[2023-10-04T08:17:16.633+0000] {processor.py:766} INFO - DAG(s) dict_keys(['tutorial']) retrieved from /home/airflow/.local/lib/python3.7/site-packages/airflow/example_dags/tutorial.py
[2023-10-04T08:17:16.685+0000] {logging_mixin.py:120} INFO - [2023-10-04T08:17:16.684+0000] {dag.py:2585} INFO - Sync 1 DAGs
[2023-10-04T08:17:16.718+0000] {logging_mixin.py:120} INFO - [2023-10-04T08:17:16.718+0000] {dag.py:3340} INFO - Setting next_dagrun for tutorial to 2023-10-03T08:17:16.718038+00:00, run_after=2023-10-04T08:17:16.718038+00:00
[2023-10-04T08:17:16.759+0000] {processor.py:176} INFO - Processing /home/airflow/.local/lib/python3.7/site-packages/airflow/example_dags/tutorial.py took 0.154 seconds
[2023-10-04T08:17:47.325+0000] {processor.py:154} INFO - Started process (PID=859) to work on /home/airflow/.local/lib/python3.7/site-packages/airflow/example_dags/tutorial.py
[2023-10-04T08:17:47.326+0000] {processor.py:756} INFO - Processing file /home/airflow/.local/lib/python3.7/site-packages/airflow/example_dags/tutorial.py for tasks to queue
[2023-10-04T08:17:47.327+0000] {logging_mixin.py:120} INFO - [2023-10-04T08:17:47.327+0000] {dagbag.py:537} INFO - Filling up the DagBag from /home/airflow/.local/lib/python3.7/site-packages/airflow/example_dags/tutorial.py
[2023-10-04T08:17:47.342+0000] {processor.py:766} INFO - DAG(s) dict_keys(['tutorial']) retrieved from /home/airflow/.local/lib/python3.7/site-packages/airflow/example_dags/tutorial.py
[2023-10-04T08:17:47.389+0000] {logging_mixin.py:120} INFO - [2023-10-04T08:17:47.389+0000] {dag.py:2585} INFO - Sync 1 DAGs
[2023-10-04T08:17:47.416+0000] {logging_mixin.py:120} INFO - [2023-10-04T08:17:47.416+0000] {dag.py:3340} INFO - Setting next_dagrun for tutorial to 2023-10-03T08:17:47.416190+00:00, run_after=2023-10-04T08:17:47.416190+00:00
[2023-10-04T08:17:47.445+0000] {processor.py:176} INFO - Processing /home/airflow/.local/lib/python3.7/site-packages/airflow/example_dags/tutorial.py took 0.124 seconds
[2023-10-04T08:18:18.268+0000] {processor.py:154} INFO - Started process (PID=927) to work on /home/airflow/.local/lib/python3.7/site-packages/airflow/example_dags/tutorial.py
[2023-10-04T08:18:18.269+0000] {processor.py:756} INFO - Processing file /home/airflow/.local/lib/python3.7/site-packages/airflow/example_dags/tutorial.py for tasks to queue
[2023-10-04T08:18:18.271+0000] {logging_mixin.py:120} INFO - [2023-10-04T08:18:18.270+0000] {dagbag.py:537} INFO - Filling up the DagBag from /home/airflow/.local/lib/python3.7/site-packages/airflow/example_dags/tutorial.py
[2023-10-04T08:18:18.288+0000] {processor.py:766} INFO - DAG(s) dict_keys(['tutorial']) retrieved from /home/airflow/.local/lib/python3.7/site-packages/airflow/example_dags/tutorial.py
[2023-10-04T08:18:18.339+0000] {logging_mixin.py:120} INFO - [2023-10-04T08:18:18.338+0000] {dag.py:2585} INFO - Sync 1 DAGs
[2023-10-04T08:18:18.371+0000] {logging_mixin.py:120} INFO - [2023-10-04T08:18:18.371+0000] {dag.py:3340} INFO - Setting next_dagrun for tutorial to 2023-10-03T08:18:18.371250+00:00, run_after=2023-10-04T08:18:18.371250+00:00
[2023-10-04T08:18:18.410+0000] {processor.py:176} INFO - Processing /home/airflow/.local/lib/python3.7/site-packages/airflow/example_dags/tutorial.py took 0.148 seconds
[2023-10-04T08:18:48.974+0000] {processor.py:154} INFO - Started process (PID=986) to work on /home/airflow/.local/lib/python3.7/site-packages/airflow/example_dags/tutorial.py
[2023-10-04T08:18:48.976+0000] {processor.py:756} INFO - Processing file /home/airflow/.local/lib/python3.7/site-packages/airflow/example_dags/tutorial.py for tasks to queue
[2023-10-04T08:18:48.978+0000] {logging_mixin.py:120} INFO - [2023-10-04T08:18:48.978+0000] {dagbag.py:537} INFO - Filling up the DagBag from /home/airflow/.local/lib/python3.7/site-packages/airflow/example_dags/tutorial.py
[2023-10-04T08:18:49.009+0000] {processor.py:766} INFO - DAG(s) dict_keys(['tutorial']) retrieved from /home/airflow/.local/lib/python3.7/site-packages/airflow/example_dags/tutorial.py
[2023-10-04T08:18:49.069+0000] {logging_mixin.py:120} INFO - [2023-10-04T08:18:49.068+0000] {dag.py:2585} INFO - Sync 1 DAGs
[2023-10-04T08:18:49.107+0000] {logging_mixin.py:120} INFO - [2023-10-04T08:18:49.106+0000] {dag.py:3340} INFO - Setting next_dagrun for tutorial to 2023-10-03T08:18:49.106127+00:00, run_after=2023-10-04T08:18:49.106127+00:00
[2023-10-04T08:18:49.150+0000] {processor.py:176} INFO - Processing /home/airflow/.local/lib/python3.7/site-packages/airflow/example_dags/tutorial.py took 0.185 seconds
[2023-10-04T08:19:19.624+0000] {processor.py:154} INFO - Started process (PID=1054) to work on /home/airflow/.local/lib/python3.7/site-packages/airflow/example_dags/tutorial.py
[2023-10-04T08:19:19.626+0000] {processor.py:756} INFO - Processing file /home/airflow/.local/lib/python3.7/site-packages/airflow/example_dags/tutorial.py for tasks to queue
[2023-10-04T08:19:19.628+0000] {logging_mixin.py:120} INFO - [2023-10-04T08:19:19.628+0000] {dagbag.py:537} INFO - Filling up the DagBag from /home/airflow/.local/lib/python3.7/site-packages/airflow/example_dags/tutorial.py
[2023-10-04T08:19:19.644+0000] {processor.py:766} INFO - DAG(s) dict_keys(['tutorial']) retrieved from /home/airflow/.local/lib/python3.7/site-packages/airflow/example_dags/tutorial.py
[2023-10-04T08:19:19.695+0000] {logging_mixin.py:120} INFO - [2023-10-04T08:19:19.695+0000] {dag.py:2585} INFO - Sync 1 DAGs
[2023-10-04T08:19:19.730+0000] {logging_mixin.py:120} INFO - [2023-10-04T08:19:19.730+0000] {dag.py:3340} INFO - Setting next_dagrun for tutorial to 2023-10-03T08:19:19.729451+00:00, run_after=2023-10-04T08:19:19.729451+00:00
[2023-10-04T08:19:19.762+0000] {processor.py:176} INFO - Processing /home/airflow/.local/lib/python3.7/site-packages/airflow/example_dags/tutorial.py took 0.140 seconds
[2023-10-04T08:19:50.452+0000] {processor.py:154} INFO - Started process (PID=1122) to work on /home/airflow/.local/lib/python3.7/site-packages/airflow/example_dags/tutorial.py
[2023-10-04T08:19:50.456+0000] {processor.py:756} INFO - Processing file /home/airflow/.local/lib/python3.7/site-packages/airflow/example_dags/tutorial.py for tasks to queue
[2023-10-04T08:19:50.458+0000] {logging_mixin.py:120} INFO - [2023-10-04T08:19:50.458+0000] {dagbag.py:537} INFO - Filling up the DagBag from /home/airflow/.local/lib/python3.7/site-packages/airflow/example_dags/tutorial.py
[2023-10-04T08:19:50.482+0000] {processor.py:766} INFO - DAG(s) dict_keys(['tutorial']) retrieved from /home/airflow/.local/lib/python3.7/site-packages/airflow/example_dags/tutorial.py
[2023-10-04T08:19:50.572+0000] {logging_mixin.py:120} INFO - [2023-10-04T08:19:50.570+0000] {dag.py:2585} INFO - Sync 1 DAGs
[2023-10-04T08:19:50.634+0000] {logging_mixin.py:120} INFO - [2023-10-04T08:19:50.634+0000] {dag.py:3340} INFO - Setting next_dagrun for tutorial to 2023-10-03T08:19:50.634216+00:00, run_after=2023-10-04T08:19:50.634216+00:00
[2023-10-04T08:19:50.694+0000] {processor.py:176} INFO - Processing /home/airflow/.local/lib/python3.7/site-packages/airflow/example_dags/tutorial.py took 0.246 seconds
