[2023-10-04T07:42:31.711+0000] {processor.py:154} INFO - Started process (PID=75) to work on /home/airflow/.local/lib/python3.7/site-packages/airflow/example_dags/tutorial_taskflow_api.py
[2023-10-04T07:42:31.713+0000] {processor.py:756} INFO - Processing file /home/airflow/.local/lib/python3.7/site-packages/airflow/example_dags/tutorial_taskflow_api.py for tasks to queue
[2023-10-04T07:42:31.715+0000] {logging_mixin.py:120} INFO - [2023-10-04T07:42:31.715+0000] {dagbag.py:537} INFO - Filling up the DagBag from /home/airflow/.local/lib/python3.7/site-packages/airflow/example_dags/tutorial_taskflow_api.py
[2023-10-04T07:42:31.740+0000] {processor.py:766} INFO - DAG(s) dict_keys(['tutorial_taskflow_api']) retrieved from /home/airflow/.local/lib/python3.7/site-packages/airflow/example_dags/tutorial_taskflow_api.py
[2023-10-04T07:42:31.796+0000] {logging_mixin.py:120} INFO - [2023-10-04T07:42:31.796+0000] {dag.py:2585} INFO - Sync 1 DAGs
[2023-10-04T07:42:31.825+0000] {logging_mixin.py:120} INFO - [2023-10-04T07:42:31.825+0000] {dag.py:3340} INFO - Setting next_dagrun for tutorial_taskflow_api to None, run_after=None
[2023-10-04T07:42:31.866+0000] {processor.py:176} INFO - Processing /home/airflow/.local/lib/python3.7/site-packages/airflow/example_dags/tutorial_taskflow_api.py took 0.158 seconds
[2023-10-04T07:43:02.363+0000] {processor.py:154} INFO - Started process (PID=133) to work on /home/airflow/.local/lib/python3.7/site-packages/airflow/example_dags/tutorial_taskflow_api.py
[2023-10-04T07:43:02.367+0000] {processor.py:756} INFO - Processing file /home/airflow/.local/lib/python3.7/site-packages/airflow/example_dags/tutorial_taskflow_api.py for tasks to queue
[2023-10-04T07:43:02.369+0000] {logging_mixin.py:120} INFO - [2023-10-04T07:43:02.368+0000] {dagbag.py:537} INFO - Filling up the DagBag from /home/airflow/.local/lib/python3.7/site-packages/airflow/example_dags/tutorial_taskflow_api.py
[2023-10-04T07:43:02.399+0000] {processor.py:766} INFO - DAG(s) dict_keys(['tutorial_taskflow_api']) retrieved from /home/airflow/.local/lib/python3.7/site-packages/airflow/example_dags/tutorial_taskflow_api.py
[2023-10-04T07:43:02.451+0000] {logging_mixin.py:120} INFO - [2023-10-04T07:43:02.450+0000] {dag.py:2585} INFO - Sync 1 DAGs
[2023-10-04T07:43:02.483+0000] {logging_mixin.py:120} INFO - [2023-10-04T07:43:02.483+0000] {dag.py:3340} INFO - Setting next_dagrun for tutorial_taskflow_api to None, run_after=None
[2023-10-04T07:43:02.511+0000] {processor.py:176} INFO - Processing /home/airflow/.local/lib/python3.7/site-packages/airflow/example_dags/tutorial_taskflow_api.py took 0.154 seconds
[2023-10-04T07:43:32.651+0000] {processor.py:154} INFO - Started process (PID=201) to work on /home/airflow/.local/lib/python3.7/site-packages/airflow/example_dags/tutorial_taskflow_api.py
[2023-10-04T07:43:32.653+0000] {processor.py:756} INFO - Processing file /home/airflow/.local/lib/python3.7/site-packages/airflow/example_dags/tutorial_taskflow_api.py for tasks to queue
[2023-10-04T07:43:32.655+0000] {logging_mixin.py:120} INFO - [2023-10-04T07:43:32.654+0000] {dagbag.py:537} INFO - Filling up the DagBag from /home/airflow/.local/lib/python3.7/site-packages/airflow/example_dags/tutorial_taskflow_api.py
[2023-10-04T07:43:32.682+0000] {processor.py:766} INFO - DAG(s) dict_keys(['tutorial_taskflow_api']) retrieved from /home/airflow/.local/lib/python3.7/site-packages/airflow/example_dags/tutorial_taskflow_api.py
[2023-10-04T07:43:32.750+0000] {logging_mixin.py:120} INFO - [2023-10-04T07:43:32.750+0000] {dag.py:2585} INFO - Sync 1 DAGs
[2023-10-04T07:43:32.775+0000] {logging_mixin.py:120} INFO - [2023-10-04T07:43:32.775+0000] {dag.py:3340} INFO - Setting next_dagrun for tutorial_taskflow_api to None, run_after=None
[2023-10-04T07:43:32.825+0000] {processor.py:176} INFO - Processing /home/airflow/.local/lib/python3.7/site-packages/airflow/example_dags/tutorial_taskflow_api.py took 0.181 seconds
[2023-10-04T07:44:03.489+0000] {processor.py:154} INFO - Started process (PID=259) to work on /home/airflow/.local/lib/python3.7/site-packages/airflow/example_dags/tutorial_taskflow_api.py
[2023-10-04T07:44:03.491+0000] {processor.py:756} INFO - Processing file /home/airflow/.local/lib/python3.7/site-packages/airflow/example_dags/tutorial_taskflow_api.py for tasks to queue
[2023-10-04T07:44:03.493+0000] {logging_mixin.py:120} INFO - [2023-10-04T07:44:03.493+0000] {dagbag.py:537} INFO - Filling up the DagBag from /home/airflow/.local/lib/python3.7/site-packages/airflow/example_dags/tutorial_taskflow_api.py
[2023-10-04T07:44:03.512+0000] {processor.py:766} INFO - DAG(s) dict_keys(['tutorial_taskflow_api']) retrieved from /home/airflow/.local/lib/python3.7/site-packages/airflow/example_dags/tutorial_taskflow_api.py
[2023-10-04T07:44:03.548+0000] {logging_mixin.py:120} INFO - [2023-10-04T07:44:03.548+0000] {dag.py:2585} INFO - Sync 1 DAGs
[2023-10-04T07:44:03.569+0000] {logging_mixin.py:120} INFO - [2023-10-04T07:44:03.569+0000] {dag.py:3340} INFO - Setting next_dagrun for tutorial_taskflow_api to None, run_after=None
[2023-10-04T07:44:03.590+0000] {processor.py:176} INFO - Processing /home/airflow/.local/lib/python3.7/site-packages/airflow/example_dags/tutorial_taskflow_api.py took 0.106 seconds
[2023-10-04T07:44:33.939+0000] {processor.py:154} INFO - Started process (PID=326) to work on /home/airflow/.local/lib/python3.7/site-packages/airflow/example_dags/tutorial_taskflow_api.py
[2023-10-04T07:44:33.941+0000] {processor.py:756} INFO - Processing file /home/airflow/.local/lib/python3.7/site-packages/airflow/example_dags/tutorial_taskflow_api.py for tasks to queue
[2023-10-04T07:44:33.943+0000] {logging_mixin.py:120} INFO - [2023-10-04T07:44:33.943+0000] {dagbag.py:537} INFO - Filling up the DagBag from /home/airflow/.local/lib/python3.7/site-packages/airflow/example_dags/tutorial_taskflow_api.py
[2023-10-04T07:44:33.963+0000] {processor.py:766} INFO - DAG(s) dict_keys(['tutorial_taskflow_api']) retrieved from /home/airflow/.local/lib/python3.7/site-packages/airflow/example_dags/tutorial_taskflow_api.py
[2023-10-04T07:44:33.997+0000] {logging_mixin.py:120} INFO - [2023-10-04T07:44:33.997+0000] {dag.py:2585} INFO - Sync 1 DAGs
[2023-10-04T07:44:34.018+0000] {logging_mixin.py:120} INFO - [2023-10-04T07:44:34.018+0000] {dag.py:3340} INFO - Setting next_dagrun for tutorial_taskflow_api to None, run_after=None
[2023-10-04T07:44:34.039+0000] {processor.py:176} INFO - Processing /home/airflow/.local/lib/python3.7/site-packages/airflow/example_dags/tutorial_taskflow_api.py took 0.104 seconds
[2023-10-04T07:45:04.497+0000] {processor.py:154} INFO - Started process (PID=393) to work on /home/airflow/.local/lib/python3.7/site-packages/airflow/example_dags/tutorial_taskflow_api.py
[2023-10-04T07:45:04.499+0000] {processor.py:756} INFO - Processing file /home/airflow/.local/lib/python3.7/site-packages/airflow/example_dags/tutorial_taskflow_api.py for tasks to queue
[2023-10-04T07:45:04.500+0000] {logging_mixin.py:120} INFO - [2023-10-04T07:45:04.500+0000] {dagbag.py:537} INFO - Filling up the DagBag from /home/airflow/.local/lib/python3.7/site-packages/airflow/example_dags/tutorial_taskflow_api.py
[2023-10-04T07:45:04.519+0000] {processor.py:766} INFO - DAG(s) dict_keys(['tutorial_taskflow_api']) retrieved from /home/airflow/.local/lib/python3.7/site-packages/airflow/example_dags/tutorial_taskflow_api.py
[2023-10-04T07:45:04.554+0000] {logging_mixin.py:120} INFO - [2023-10-04T07:45:04.553+0000] {dag.py:2585} INFO - Sync 1 DAGs
[2023-10-04T07:45:04.576+0000] {logging_mixin.py:120} INFO - [2023-10-04T07:45:04.576+0000] {dag.py:3340} INFO - Setting next_dagrun for tutorial_taskflow_api to None, run_after=None
[2023-10-04T07:45:04.595+0000] {processor.py:176} INFO - Processing /home/airflow/.local/lib/python3.7/site-packages/airflow/example_dags/tutorial_taskflow_api.py took 0.102 seconds
[2023-10-04T07:45:35.244+0000] {processor.py:154} INFO - Started process (PID=460) to work on /home/airflow/.local/lib/python3.7/site-packages/airflow/example_dags/tutorial_taskflow_api.py
[2023-10-04T07:45:35.247+0000] {processor.py:756} INFO - Processing file /home/airflow/.local/lib/python3.7/site-packages/airflow/example_dags/tutorial_taskflow_api.py for tasks to queue
[2023-10-04T07:45:35.248+0000] {logging_mixin.py:120} INFO - [2023-10-04T07:45:35.248+0000] {dagbag.py:537} INFO - Filling up the DagBag from /home/airflow/.local/lib/python3.7/site-packages/airflow/example_dags/tutorial_taskflow_api.py
[2023-10-04T07:45:35.265+0000] {processor.py:766} INFO - DAG(s) dict_keys(['tutorial_taskflow_api']) retrieved from /home/airflow/.local/lib/python3.7/site-packages/airflow/example_dags/tutorial_taskflow_api.py
[2023-10-04T07:45:35.299+0000] {logging_mixin.py:120} INFO - [2023-10-04T07:45:35.299+0000] {dag.py:2585} INFO - Sync 1 DAGs
[2023-10-04T07:45:35.320+0000] {logging_mixin.py:120} INFO - [2023-10-04T07:45:35.320+0000] {dag.py:3340} INFO - Setting next_dagrun for tutorial_taskflow_api to None, run_after=None
[2023-10-04T07:45:35.343+0000] {processor.py:176} INFO - Processing /home/airflow/.local/lib/python3.7/site-packages/airflow/example_dags/tutorial_taskflow_api.py took 0.103 seconds
[2023-10-04T07:46:05.523+0000] {processor.py:154} INFO - Started process (PID=518) to work on /home/airflow/.local/lib/python3.7/site-packages/airflow/example_dags/tutorial_taskflow_api.py
[2023-10-04T07:46:05.524+0000] {processor.py:756} INFO - Processing file /home/airflow/.local/lib/python3.7/site-packages/airflow/example_dags/tutorial_taskflow_api.py for tasks to queue
[2023-10-04T07:46:05.526+0000] {logging_mixin.py:120} INFO - [2023-10-04T07:46:05.526+0000] {dagbag.py:537} INFO - Filling up the DagBag from /home/airflow/.local/lib/python3.7/site-packages/airflow/example_dags/tutorial_taskflow_api.py
[2023-10-04T07:46:05.543+0000] {processor.py:766} INFO - DAG(s) dict_keys(['tutorial_taskflow_api']) retrieved from /home/airflow/.local/lib/python3.7/site-packages/airflow/example_dags/tutorial_taskflow_api.py
[2023-10-04T07:46:05.578+0000] {logging_mixin.py:120} INFO - [2023-10-04T07:46:05.577+0000] {dag.py:2585} INFO - Sync 1 DAGs
[2023-10-04T07:46:05.601+0000] {logging_mixin.py:120} INFO - [2023-10-04T07:46:05.601+0000] {dag.py:3340} INFO - Setting next_dagrun for tutorial_taskflow_api to None, run_after=None
[2023-10-04T07:46:05.624+0000] {processor.py:176} INFO - Processing /home/airflow/.local/lib/python3.7/site-packages/airflow/example_dags/tutorial_taskflow_api.py took 0.106 seconds
[2023-10-04T07:46:35.824+0000] {processor.py:154} INFO - Started process (PID=585) to work on /home/airflow/.local/lib/python3.7/site-packages/airflow/example_dags/tutorial_taskflow_api.py
[2023-10-04T07:46:35.825+0000] {processor.py:756} INFO - Processing file /home/airflow/.local/lib/python3.7/site-packages/airflow/example_dags/tutorial_taskflow_api.py for tasks to queue
[2023-10-04T07:46:35.826+0000] {logging_mixin.py:120} INFO - [2023-10-04T07:46:35.826+0000] {dagbag.py:537} INFO - Filling up the DagBag from /home/airflow/.local/lib/python3.7/site-packages/airflow/example_dags/tutorial_taskflow_api.py
[2023-10-04T07:46:35.843+0000] {processor.py:766} INFO - DAG(s) dict_keys(['tutorial_taskflow_api']) retrieved from /home/airflow/.local/lib/python3.7/site-packages/airflow/example_dags/tutorial_taskflow_api.py
[2023-10-04T07:46:35.877+0000] {logging_mixin.py:120} INFO - [2023-10-04T07:46:35.877+0000] {dag.py:2585} INFO - Sync 1 DAGs
[2023-10-04T07:46:35.898+0000] {logging_mixin.py:120} INFO - [2023-10-04T07:46:35.898+0000] {dag.py:3340} INFO - Setting next_dagrun for tutorial_taskflow_api to None, run_after=None
[2023-10-04T07:46:35.921+0000] {processor.py:176} INFO - Processing /home/airflow/.local/lib/python3.7/site-packages/airflow/example_dags/tutorial_taskflow_api.py took 0.101 seconds
[2023-10-04T07:47:06.424+0000] {processor.py:154} INFO - Started process (PID=652) to work on /home/airflow/.local/lib/python3.7/site-packages/airflow/example_dags/tutorial_taskflow_api.py
[2023-10-04T07:47:06.426+0000] {processor.py:756} INFO - Processing file /home/airflow/.local/lib/python3.7/site-packages/airflow/example_dags/tutorial_taskflow_api.py for tasks to queue
[2023-10-04T07:47:06.427+0000] {logging_mixin.py:120} INFO - [2023-10-04T07:47:06.427+0000] {dagbag.py:537} INFO - Filling up the DagBag from /home/airflow/.local/lib/python3.7/site-packages/airflow/example_dags/tutorial_taskflow_api.py
[2023-10-04T07:47:06.446+0000] {processor.py:766} INFO - DAG(s) dict_keys(['tutorial_taskflow_api']) retrieved from /home/airflow/.local/lib/python3.7/site-packages/airflow/example_dags/tutorial_taskflow_api.py
[2023-10-04T07:47:06.487+0000] {logging_mixin.py:120} INFO - [2023-10-04T07:47:06.487+0000] {dag.py:2585} INFO - Sync 1 DAGs
[2023-10-04T07:47:06.509+0000] {logging_mixin.py:120} INFO - [2023-10-04T07:47:06.509+0000] {dag.py:3340} INFO - Setting next_dagrun for tutorial_taskflow_api to None, run_after=None
[2023-10-04T07:47:06.533+0000] {processor.py:176} INFO - Processing /home/airflow/.local/lib/python3.7/site-packages/airflow/example_dags/tutorial_taskflow_api.py took 0.112 seconds
[2023-10-04T07:47:36.831+0000] {processor.py:154} INFO - Started process (PID=719) to work on /home/airflow/.local/lib/python3.7/site-packages/airflow/example_dags/tutorial_taskflow_api.py
[2023-10-04T07:47:36.832+0000] {processor.py:756} INFO - Processing file /home/airflow/.local/lib/python3.7/site-packages/airflow/example_dags/tutorial_taskflow_api.py for tasks to queue
[2023-10-04T07:47:36.834+0000] {logging_mixin.py:120} INFO - [2023-10-04T07:47:36.833+0000] {dagbag.py:537} INFO - Filling up the DagBag from /home/airflow/.local/lib/python3.7/site-packages/airflow/example_dags/tutorial_taskflow_api.py
[2023-10-04T07:47:36.850+0000] {processor.py:766} INFO - DAG(s) dict_keys(['tutorial_taskflow_api']) retrieved from /home/airflow/.local/lib/python3.7/site-packages/airflow/example_dags/tutorial_taskflow_api.py
[2023-10-04T07:47:36.885+0000] {logging_mixin.py:120} INFO - [2023-10-04T07:47:36.885+0000] {dag.py:2585} INFO - Sync 1 DAGs
[2023-10-04T07:47:36.905+0000] {logging_mixin.py:120} INFO - [2023-10-04T07:47:36.905+0000] {dag.py:3340} INFO - Setting next_dagrun for tutorial_taskflow_api to None, run_after=None
[2023-10-04T07:47:36.928+0000] {processor.py:176} INFO - Processing /home/airflow/.local/lib/python3.7/site-packages/airflow/example_dags/tutorial_taskflow_api.py took 0.101 seconds
[2023-10-04T07:48:07.364+0000] {processor.py:154} INFO - Started process (PID=777) to work on /home/airflow/.local/lib/python3.7/site-packages/airflow/example_dags/tutorial_taskflow_api.py
[2023-10-04T07:48:07.365+0000] {processor.py:756} INFO - Processing file /home/airflow/.local/lib/python3.7/site-packages/airflow/example_dags/tutorial_taskflow_api.py for tasks to queue
[2023-10-04T07:48:07.366+0000] {logging_mixin.py:120} INFO - [2023-10-04T07:48:07.366+0000] {dagbag.py:537} INFO - Filling up the DagBag from /home/airflow/.local/lib/python3.7/site-packages/airflow/example_dags/tutorial_taskflow_api.py
[2023-10-04T07:48:07.383+0000] {processor.py:766} INFO - DAG(s) dict_keys(['tutorial_taskflow_api']) retrieved from /home/airflow/.local/lib/python3.7/site-packages/airflow/example_dags/tutorial_taskflow_api.py
[2023-10-04T07:48:07.419+0000] {logging_mixin.py:120} INFO - [2023-10-04T07:48:07.419+0000] {dag.py:2585} INFO - Sync 1 DAGs
[2023-10-04T07:48:07.439+0000] {logging_mixin.py:120} INFO - [2023-10-04T07:48:07.439+0000] {dag.py:3340} INFO - Setting next_dagrun for tutorial_taskflow_api to None, run_after=None
[2023-10-04T07:48:07.459+0000] {processor.py:176} INFO - Processing /home/airflow/.local/lib/python3.7/site-packages/airflow/example_dags/tutorial_taskflow_api.py took 0.098 seconds
[2023-10-04T07:48:38.212+0000] {processor.py:154} INFO - Started process (PID=844) to work on /home/airflow/.local/lib/python3.7/site-packages/airflow/example_dags/tutorial_taskflow_api.py
[2023-10-04T07:48:38.214+0000] {processor.py:756} INFO - Processing file /home/airflow/.local/lib/python3.7/site-packages/airflow/example_dags/tutorial_taskflow_api.py for tasks to queue
[2023-10-04T07:48:38.215+0000] {logging_mixin.py:120} INFO - [2023-10-04T07:48:38.215+0000] {dagbag.py:537} INFO - Filling up the DagBag from /home/airflow/.local/lib/python3.7/site-packages/airflow/example_dags/tutorial_taskflow_api.py
[2023-10-04T07:48:38.236+0000] {processor.py:766} INFO - DAG(s) dict_keys(['tutorial_taskflow_api']) retrieved from /home/airflow/.local/lib/python3.7/site-packages/airflow/example_dags/tutorial_taskflow_api.py
[2023-10-04T07:48:38.300+0000] {logging_mixin.py:120} INFO - [2023-10-04T07:48:38.300+0000] {dag.py:2585} INFO - Sync 1 DAGs
[2023-10-04T07:48:38.327+0000] {logging_mixin.py:120} INFO - [2023-10-04T07:48:38.327+0000] {dag.py:3340} INFO - Setting next_dagrun for tutorial_taskflow_api to None, run_after=None
[2023-10-04T07:48:38.358+0000] {processor.py:176} INFO - Processing /home/airflow/.local/lib/python3.7/site-packages/airflow/example_dags/tutorial_taskflow_api.py took 0.149 seconds
[2023-10-04T07:49:08.500+0000] {processor.py:154} INFO - Started process (PID=909) to work on /home/airflow/.local/lib/python3.7/site-packages/airflow/example_dags/tutorial_taskflow_api.py
[2023-10-04T07:49:08.503+0000] {processor.py:756} INFO - Processing file /home/airflow/.local/lib/python3.7/site-packages/airflow/example_dags/tutorial_taskflow_api.py for tasks to queue
[2023-10-04T07:49:08.505+0000] {logging_mixin.py:120} INFO - [2023-10-04T07:49:08.504+0000] {dagbag.py:537} INFO - Filling up the DagBag from /home/airflow/.local/lib/python3.7/site-packages/airflow/example_dags/tutorial_taskflow_api.py
[2023-10-04T07:49:08.525+0000] {processor.py:766} INFO - DAG(s) dict_keys(['tutorial_taskflow_api']) retrieved from /home/airflow/.local/lib/python3.7/site-packages/airflow/example_dags/tutorial_taskflow_api.py
[2023-10-04T07:49:08.567+0000] {logging_mixin.py:120} INFO - [2023-10-04T07:49:08.567+0000] {dag.py:2585} INFO - Sync 1 DAGs
[2023-10-04T07:49:08.590+0000] {logging_mixin.py:120} INFO - [2023-10-04T07:49:08.590+0000] {dag.py:3340} INFO - Setting next_dagrun for tutorial_taskflow_api to None, run_after=None
[2023-10-04T07:49:08.616+0000] {processor.py:176} INFO - Processing /home/airflow/.local/lib/python3.7/site-packages/airflow/example_dags/tutorial_taskflow_api.py took 0.121 seconds
[2023-10-04T07:49:38.787+0000] {processor.py:154} INFO - Started process (PID=977) to work on /home/airflow/.local/lib/python3.7/site-packages/airflow/example_dags/tutorial_taskflow_api.py
[2023-10-04T07:49:38.788+0000] {processor.py:756} INFO - Processing file /home/airflow/.local/lib/python3.7/site-packages/airflow/example_dags/tutorial_taskflow_api.py for tasks to queue
[2023-10-04T07:49:38.789+0000] {logging_mixin.py:120} INFO - [2023-10-04T07:49:38.789+0000] {dagbag.py:537} INFO - Filling up the DagBag from /home/airflow/.local/lib/python3.7/site-packages/airflow/example_dags/tutorial_taskflow_api.py
[2023-10-04T07:49:38.809+0000] {processor.py:766} INFO - DAG(s) dict_keys(['tutorial_taskflow_api']) retrieved from /home/airflow/.local/lib/python3.7/site-packages/airflow/example_dags/tutorial_taskflow_api.py
[2023-10-04T07:49:38.852+0000] {logging_mixin.py:120} INFO - [2023-10-04T07:49:38.852+0000] {dag.py:2585} INFO - Sync 1 DAGs
[2023-10-04T07:49:38.881+0000] {logging_mixin.py:120} INFO - [2023-10-04T07:49:38.880+0000] {dag.py:3340} INFO - Setting next_dagrun for tutorial_taskflow_api to None, run_after=None
[2023-10-04T07:49:38.909+0000] {processor.py:176} INFO - Processing /home/airflow/.local/lib/python3.7/site-packages/airflow/example_dags/tutorial_taskflow_api.py took 0.126 seconds
[2023-10-04T07:50:09.284+0000] {processor.py:154} INFO - Started process (PID=1035) to work on /home/airflow/.local/lib/python3.7/site-packages/airflow/example_dags/tutorial_taskflow_api.py
[2023-10-04T07:50:09.285+0000] {processor.py:756} INFO - Processing file /home/airflow/.local/lib/python3.7/site-packages/airflow/example_dags/tutorial_taskflow_api.py for tasks to queue
[2023-10-04T07:50:09.286+0000] {logging_mixin.py:120} INFO - [2023-10-04T07:50:09.286+0000] {dagbag.py:537} INFO - Filling up the DagBag from /home/airflow/.local/lib/python3.7/site-packages/airflow/example_dags/tutorial_taskflow_api.py
[2023-10-04T07:50:09.302+0000] {processor.py:766} INFO - DAG(s) dict_keys(['tutorial_taskflow_api']) retrieved from /home/airflow/.local/lib/python3.7/site-packages/airflow/example_dags/tutorial_taskflow_api.py
[2023-10-04T07:50:09.339+0000] {logging_mixin.py:120} INFO - [2023-10-04T07:50:09.339+0000] {dag.py:2585} INFO - Sync 1 DAGs
[2023-10-04T07:50:09.361+0000] {logging_mixin.py:120} INFO - [2023-10-04T07:50:09.361+0000] {dag.py:3340} INFO - Setting next_dagrun for tutorial_taskflow_api to None, run_after=None
[2023-10-04T07:50:09.383+0000] {processor.py:176} INFO - Processing /home/airflow/.local/lib/python3.7/site-packages/airflow/example_dags/tutorial_taskflow_api.py took 0.104 seconds
[2023-10-04T07:50:39.840+0000] {processor.py:154} INFO - Started process (PID=1102) to work on /home/airflow/.local/lib/python3.7/site-packages/airflow/example_dags/tutorial_taskflow_api.py
[2023-10-04T07:50:39.842+0000] {processor.py:756} INFO - Processing file /home/airflow/.local/lib/python3.7/site-packages/airflow/example_dags/tutorial_taskflow_api.py for tasks to queue
[2023-10-04T07:50:39.843+0000] {logging_mixin.py:120} INFO - [2023-10-04T07:50:39.843+0000] {dagbag.py:537} INFO - Filling up the DagBag from /home/airflow/.local/lib/python3.7/site-packages/airflow/example_dags/tutorial_taskflow_api.py
[2023-10-04T07:50:39.860+0000] {processor.py:766} INFO - DAG(s) dict_keys(['tutorial_taskflow_api']) retrieved from /home/airflow/.local/lib/python3.7/site-packages/airflow/example_dags/tutorial_taskflow_api.py
[2023-10-04T07:50:39.896+0000] {logging_mixin.py:120} INFO - [2023-10-04T07:50:39.896+0000] {dag.py:2585} INFO - Sync 1 DAGs
[2023-10-04T07:50:39.922+0000] {logging_mixin.py:120} INFO - [2023-10-04T07:50:39.922+0000] {dag.py:3340} INFO - Setting next_dagrun for tutorial_taskflow_api to None, run_after=None
[2023-10-04T07:50:39.949+0000] {processor.py:176} INFO - Processing /home/airflow/.local/lib/python3.7/site-packages/airflow/example_dags/tutorial_taskflow_api.py took 0.112 seconds
[2023-10-04T07:51:10.467+0000] {processor.py:154} INFO - Started process (PID=1170) to work on /home/airflow/.local/lib/python3.7/site-packages/airflow/example_dags/tutorial_taskflow_api.py
[2023-10-04T07:51:10.469+0000] {processor.py:756} INFO - Processing file /home/airflow/.local/lib/python3.7/site-packages/airflow/example_dags/tutorial_taskflow_api.py for tasks to queue
[2023-10-04T07:51:10.470+0000] {logging_mixin.py:120} INFO - [2023-10-04T07:51:10.470+0000] {dagbag.py:537} INFO - Filling up the DagBag from /home/airflow/.local/lib/python3.7/site-packages/airflow/example_dags/tutorial_taskflow_api.py
[2023-10-04T07:51:10.487+0000] {processor.py:766} INFO - DAG(s) dict_keys(['tutorial_taskflow_api']) retrieved from /home/airflow/.local/lib/python3.7/site-packages/airflow/example_dags/tutorial_taskflow_api.py
[2023-10-04T07:51:10.522+0000] {logging_mixin.py:120} INFO - [2023-10-04T07:51:10.522+0000] {dag.py:2585} INFO - Sync 1 DAGs
[2023-10-04T07:51:10.543+0000] {logging_mixin.py:120} INFO - [2023-10-04T07:51:10.543+0000] {dag.py:3340} INFO - Setting next_dagrun for tutorial_taskflow_api to None, run_after=None
[2023-10-04T07:51:10.568+0000] {processor.py:176} INFO - Processing /home/airflow/.local/lib/python3.7/site-packages/airflow/example_dags/tutorial_taskflow_api.py took 0.104 seconds
[2023-10-04T07:51:40.709+0000] {processor.py:154} INFO - Started process (PID=1228) to work on /home/airflow/.local/lib/python3.7/site-packages/airflow/example_dags/tutorial_taskflow_api.py
[2023-10-04T07:51:40.711+0000] {processor.py:756} INFO - Processing file /home/airflow/.local/lib/python3.7/site-packages/airflow/example_dags/tutorial_taskflow_api.py for tasks to queue
[2023-10-04T07:51:40.713+0000] {logging_mixin.py:120} INFO - [2023-10-04T07:51:40.713+0000] {dagbag.py:537} INFO - Filling up the DagBag from /home/airflow/.local/lib/python3.7/site-packages/airflow/example_dags/tutorial_taskflow_api.py
[2023-10-04T07:51:40.730+0000] {processor.py:766} INFO - DAG(s) dict_keys(['tutorial_taskflow_api']) retrieved from /home/airflow/.local/lib/python3.7/site-packages/airflow/example_dags/tutorial_taskflow_api.py
[2023-10-04T07:51:40.765+0000] {logging_mixin.py:120} INFO - [2023-10-04T07:51:40.765+0000] {dag.py:2585} INFO - Sync 1 DAGs
[2023-10-04T07:51:40.786+0000] {logging_mixin.py:120} INFO - [2023-10-04T07:51:40.786+0000] {dag.py:3340} INFO - Setting next_dagrun for tutorial_taskflow_api to None, run_after=None
[2023-10-04T07:51:40.809+0000] {processor.py:176} INFO - Processing /home/airflow/.local/lib/python3.7/site-packages/airflow/example_dags/tutorial_taskflow_api.py took 0.105 seconds
[2023-10-04T07:52:11.498+0000] {processor.py:154} INFO - Started process (PID=1296) to work on /home/airflow/.local/lib/python3.7/site-packages/airflow/example_dags/tutorial_taskflow_api.py
[2023-10-04T07:52:11.499+0000] {processor.py:756} INFO - Processing file /home/airflow/.local/lib/python3.7/site-packages/airflow/example_dags/tutorial_taskflow_api.py for tasks to queue
[2023-10-04T07:52:11.500+0000] {logging_mixin.py:120} INFO - [2023-10-04T07:52:11.500+0000] {dagbag.py:537} INFO - Filling up the DagBag from /home/airflow/.local/lib/python3.7/site-packages/airflow/example_dags/tutorial_taskflow_api.py
[2023-10-04T07:52:11.517+0000] {processor.py:766} INFO - DAG(s) dict_keys(['tutorial_taskflow_api']) retrieved from /home/airflow/.local/lib/python3.7/site-packages/airflow/example_dags/tutorial_taskflow_api.py
[2023-10-04T07:52:11.553+0000] {logging_mixin.py:120} INFO - [2023-10-04T07:52:11.553+0000] {dag.py:2585} INFO - Sync 1 DAGs
[2023-10-04T07:52:11.575+0000] {logging_mixin.py:120} INFO - [2023-10-04T07:52:11.575+0000] {dag.py:3340} INFO - Setting next_dagrun for tutorial_taskflow_api to None, run_after=None
[2023-10-04T07:52:11.599+0000] {processor.py:176} INFO - Processing /home/airflow/.local/lib/python3.7/site-packages/airflow/example_dags/tutorial_taskflow_api.py took 0.103 seconds
[2023-10-04T07:52:42.029+0000] {processor.py:154} INFO - Started process (PID=1363) to work on /home/airflow/.local/lib/python3.7/site-packages/airflow/example_dags/tutorial_taskflow_api.py
[2023-10-04T07:52:42.030+0000] {processor.py:756} INFO - Processing file /home/airflow/.local/lib/python3.7/site-packages/airflow/example_dags/tutorial_taskflow_api.py for tasks to queue
[2023-10-04T07:52:42.031+0000] {logging_mixin.py:120} INFO - [2023-10-04T07:52:42.031+0000] {dagbag.py:537} INFO - Filling up the DagBag from /home/airflow/.local/lib/python3.7/site-packages/airflow/example_dags/tutorial_taskflow_api.py
[2023-10-04T07:52:42.048+0000] {processor.py:766} INFO - DAG(s) dict_keys(['tutorial_taskflow_api']) retrieved from /home/airflow/.local/lib/python3.7/site-packages/airflow/example_dags/tutorial_taskflow_api.py
[2023-10-04T07:52:42.083+0000] {logging_mixin.py:120} INFO - [2023-10-04T07:52:42.083+0000] {dag.py:2585} INFO - Sync 1 DAGs
[2023-10-04T07:52:42.102+0000] {logging_mixin.py:120} INFO - [2023-10-04T07:52:42.102+0000] {dag.py:3340} INFO - Setting next_dagrun for tutorial_taskflow_api to None, run_after=None
[2023-10-04T07:52:42.125+0000] {processor.py:176} INFO - Processing /home/airflow/.local/lib/python3.7/site-packages/airflow/example_dags/tutorial_taskflow_api.py took 0.100 seconds
[2023-10-04T07:53:12.711+0000] {processor.py:154} INFO - Started process (PID=1430) to work on /home/airflow/.local/lib/python3.7/site-packages/airflow/example_dags/tutorial_taskflow_api.py
[2023-10-04T07:53:12.713+0000] {processor.py:756} INFO - Processing file /home/airflow/.local/lib/python3.7/site-packages/airflow/example_dags/tutorial_taskflow_api.py for tasks to queue
[2023-10-04T07:53:12.715+0000] {logging_mixin.py:120} INFO - [2023-10-04T07:53:12.715+0000] {dagbag.py:537} INFO - Filling up the DagBag from /home/airflow/.local/lib/python3.7/site-packages/airflow/example_dags/tutorial_taskflow_api.py
[2023-10-04T07:53:12.733+0000] {processor.py:766} INFO - DAG(s) dict_keys(['tutorial_taskflow_api']) retrieved from /home/airflow/.local/lib/python3.7/site-packages/airflow/example_dags/tutorial_taskflow_api.py
[2023-10-04T07:53:12.770+0000] {logging_mixin.py:120} INFO - [2023-10-04T07:53:12.769+0000] {dag.py:2585} INFO - Sync 1 DAGs
[2023-10-04T07:53:12.790+0000] {logging_mixin.py:120} INFO - [2023-10-04T07:53:12.790+0000] {dag.py:3340} INFO - Setting next_dagrun for tutorial_taskflow_api to None, run_after=None
[2023-10-04T07:53:12.814+0000] {processor.py:176} INFO - Processing /home/airflow/.local/lib/python3.7/site-packages/airflow/example_dags/tutorial_taskflow_api.py took 0.107 seconds
[2023-10-04T07:53:43.136+0000] {processor.py:154} INFO - Started process (PID=1488) to work on /home/airflow/.local/lib/python3.7/site-packages/airflow/example_dags/tutorial_taskflow_api.py
[2023-10-04T07:53:43.139+0000] {processor.py:756} INFO - Processing file /home/airflow/.local/lib/python3.7/site-packages/airflow/example_dags/tutorial_taskflow_api.py for tasks to queue
[2023-10-04T07:53:43.141+0000] {logging_mixin.py:120} INFO - [2023-10-04T07:53:43.141+0000] {dagbag.py:537} INFO - Filling up the DagBag from /home/airflow/.local/lib/python3.7/site-packages/airflow/example_dags/tutorial_taskflow_api.py
[2023-10-04T07:53:43.158+0000] {processor.py:766} INFO - DAG(s) dict_keys(['tutorial_taskflow_api']) retrieved from /home/airflow/.local/lib/python3.7/site-packages/airflow/example_dags/tutorial_taskflow_api.py
[2023-10-04T07:53:43.193+0000] {logging_mixin.py:120} INFO - [2023-10-04T07:53:43.193+0000] {dag.py:2585} INFO - Sync 1 DAGs
[2023-10-04T07:53:43.214+0000] {logging_mixin.py:120} INFO - [2023-10-04T07:53:43.214+0000] {dag.py:3340} INFO - Setting next_dagrun for tutorial_taskflow_api to None, run_after=None
[2023-10-04T07:53:43.239+0000] {processor.py:176} INFO - Processing /home/airflow/.local/lib/python3.7/site-packages/airflow/example_dags/tutorial_taskflow_api.py took 0.108 seconds
[2023-10-04T07:54:13.885+0000] {processor.py:154} INFO - Started process (PID=1555) to work on /home/airflow/.local/lib/python3.7/site-packages/airflow/example_dags/tutorial_taskflow_api.py
[2023-10-04T07:54:13.887+0000] {processor.py:756} INFO - Processing file /home/airflow/.local/lib/python3.7/site-packages/airflow/example_dags/tutorial_taskflow_api.py for tasks to queue
[2023-10-04T07:54:13.888+0000] {logging_mixin.py:120} INFO - [2023-10-04T07:54:13.888+0000] {dagbag.py:537} INFO - Filling up the DagBag from /home/airflow/.local/lib/python3.7/site-packages/airflow/example_dags/tutorial_taskflow_api.py
[2023-10-04T07:54:13.905+0000] {processor.py:766} INFO - DAG(s) dict_keys(['tutorial_taskflow_api']) retrieved from /home/airflow/.local/lib/python3.7/site-packages/airflow/example_dags/tutorial_taskflow_api.py
[2023-10-04T07:54:13.947+0000] {logging_mixin.py:120} INFO - [2023-10-04T07:54:13.947+0000] {dag.py:2585} INFO - Sync 1 DAGs
[2023-10-04T07:54:13.969+0000] {logging_mixin.py:120} INFO - [2023-10-04T07:54:13.969+0000] {dag.py:3340} INFO - Setting next_dagrun for tutorial_taskflow_api to None, run_after=None
[2023-10-04T07:54:13.993+0000] {processor.py:176} INFO - Processing /home/airflow/.local/lib/python3.7/site-packages/airflow/example_dags/tutorial_taskflow_api.py took 0.112 seconds
[2023-10-04T07:54:44.752+0000] {processor.py:154} INFO - Started process (PID=1622) to work on /home/airflow/.local/lib/python3.7/site-packages/airflow/example_dags/tutorial_taskflow_api.py
[2023-10-04T07:54:44.753+0000] {processor.py:756} INFO - Processing file /home/airflow/.local/lib/python3.7/site-packages/airflow/example_dags/tutorial_taskflow_api.py for tasks to queue
[2023-10-04T07:54:44.755+0000] {logging_mixin.py:120} INFO - [2023-10-04T07:54:44.755+0000] {dagbag.py:537} INFO - Filling up the DagBag from /home/airflow/.local/lib/python3.7/site-packages/airflow/example_dags/tutorial_taskflow_api.py
[2023-10-04T07:54:44.772+0000] {processor.py:766} INFO - DAG(s) dict_keys(['tutorial_taskflow_api']) retrieved from /home/airflow/.local/lib/python3.7/site-packages/airflow/example_dags/tutorial_taskflow_api.py
[2023-10-04T07:54:44.808+0000] {logging_mixin.py:120} INFO - [2023-10-04T07:54:44.808+0000] {dag.py:2585} INFO - Sync 1 DAGs
[2023-10-04T07:54:44.830+0000] {logging_mixin.py:120} INFO - [2023-10-04T07:54:44.830+0000] {dag.py:3340} INFO - Setting next_dagrun for tutorial_taskflow_api to None, run_after=None
[2023-10-04T07:54:44.853+0000] {processor.py:176} INFO - Processing /home/airflow/.local/lib/python3.7/site-packages/airflow/example_dags/tutorial_taskflow_api.py took 0.106 seconds
[2023-10-04T07:55:14.950+0000] {processor.py:154} INFO - Started process (PID=1689) to work on /home/airflow/.local/lib/python3.7/site-packages/airflow/example_dags/tutorial_taskflow_api.py
[2023-10-04T07:55:14.951+0000] {processor.py:756} INFO - Processing file /home/airflow/.local/lib/python3.7/site-packages/airflow/example_dags/tutorial_taskflow_api.py for tasks to queue
[2023-10-04T07:55:14.953+0000] {logging_mixin.py:120} INFO - [2023-10-04T07:55:14.953+0000] {dagbag.py:537} INFO - Filling up the DagBag from /home/airflow/.local/lib/python3.7/site-packages/airflow/example_dags/tutorial_taskflow_api.py
[2023-10-04T07:55:14.977+0000] {processor.py:766} INFO - DAG(s) dict_keys(['tutorial_taskflow_api']) retrieved from /home/airflow/.local/lib/python3.7/site-packages/airflow/example_dags/tutorial_taskflow_api.py
[2023-10-04T07:55:15.019+0000] {logging_mixin.py:120} INFO - [2023-10-04T07:55:15.019+0000] {dag.py:2585} INFO - Sync 1 DAGs
[2023-10-04T07:55:15.039+0000] {logging_mixin.py:120} INFO - [2023-10-04T07:55:15.039+0000] {dag.py:3340} INFO - Setting next_dagrun for tutorial_taskflow_api to None, run_after=None
[2023-10-04T07:55:15.059+0000] {processor.py:176} INFO - Processing /home/airflow/.local/lib/python3.7/site-packages/airflow/example_dags/tutorial_taskflow_api.py took 0.113 seconds
[2023-10-04T07:55:45.471+0000] {processor.py:154} INFO - Started process (PID=1747) to work on /home/airflow/.local/lib/python3.7/site-packages/airflow/example_dags/tutorial_taskflow_api.py
[2023-10-04T07:55:45.473+0000] {processor.py:756} INFO - Processing file /home/airflow/.local/lib/python3.7/site-packages/airflow/example_dags/tutorial_taskflow_api.py for tasks to queue
[2023-10-04T07:55:45.474+0000] {logging_mixin.py:120} INFO - [2023-10-04T07:55:45.474+0000] {dagbag.py:537} INFO - Filling up the DagBag from /home/airflow/.local/lib/python3.7/site-packages/airflow/example_dags/tutorial_taskflow_api.py
[2023-10-04T07:55:45.490+0000] {processor.py:766} INFO - DAG(s) dict_keys(['tutorial_taskflow_api']) retrieved from /home/airflow/.local/lib/python3.7/site-packages/airflow/example_dags/tutorial_taskflow_api.py
[2023-10-04T07:55:45.524+0000] {logging_mixin.py:120} INFO - [2023-10-04T07:55:45.524+0000] {dag.py:2585} INFO - Sync 1 DAGs
[2023-10-04T07:55:45.546+0000] {logging_mixin.py:120} INFO - [2023-10-04T07:55:45.546+0000] {dag.py:3340} INFO - Setting next_dagrun for tutorial_taskflow_api to None, run_after=None
[2023-10-04T07:55:45.571+0000] {processor.py:176} INFO - Processing /home/airflow/.local/lib/python3.7/site-packages/airflow/example_dags/tutorial_taskflow_api.py took 0.102 seconds
[2023-10-04T07:56:16.048+0000] {processor.py:154} INFO - Started process (PID=1814) to work on /home/airflow/.local/lib/python3.7/site-packages/airflow/example_dags/tutorial_taskflow_api.py
[2023-10-04T07:56:16.049+0000] {processor.py:756} INFO - Processing file /home/airflow/.local/lib/python3.7/site-packages/airflow/example_dags/tutorial_taskflow_api.py for tasks to queue
[2023-10-04T07:56:16.051+0000] {logging_mixin.py:120} INFO - [2023-10-04T07:56:16.051+0000] {dagbag.py:537} INFO - Filling up the DagBag from /home/airflow/.local/lib/python3.7/site-packages/airflow/example_dags/tutorial_taskflow_api.py
[2023-10-04T07:56:16.068+0000] {processor.py:766} INFO - DAG(s) dict_keys(['tutorial_taskflow_api']) retrieved from /home/airflow/.local/lib/python3.7/site-packages/airflow/example_dags/tutorial_taskflow_api.py
[2023-10-04T07:56:16.104+0000] {logging_mixin.py:120} INFO - [2023-10-04T07:56:16.104+0000] {dag.py:2585} INFO - Sync 1 DAGs
[2023-10-04T07:56:16.126+0000] {logging_mixin.py:120} INFO - [2023-10-04T07:56:16.126+0000] {dag.py:3340} INFO - Setting next_dagrun for tutorial_taskflow_api to None, run_after=None
[2023-10-04T07:56:16.148+0000] {processor.py:176} INFO - Processing /home/airflow/.local/lib/python3.7/site-packages/airflow/example_dags/tutorial_taskflow_api.py took 0.107 seconds
[2023-10-04T07:56:46.428+0000] {processor.py:154} INFO - Started process (PID=1881) to work on /home/airflow/.local/lib/python3.7/site-packages/airflow/example_dags/tutorial_taskflow_api.py
[2023-10-04T07:56:46.431+0000] {processor.py:756} INFO - Processing file /home/airflow/.local/lib/python3.7/site-packages/airflow/example_dags/tutorial_taskflow_api.py for tasks to queue
[2023-10-04T07:56:46.434+0000] {logging_mixin.py:120} INFO - [2023-10-04T07:56:46.433+0000] {dagbag.py:537} INFO - Filling up the DagBag from /home/airflow/.local/lib/python3.7/site-packages/airflow/example_dags/tutorial_taskflow_api.py
[2023-10-04T07:56:46.454+0000] {processor.py:766} INFO - DAG(s) dict_keys(['tutorial_taskflow_api']) retrieved from /home/airflow/.local/lib/python3.7/site-packages/airflow/example_dags/tutorial_taskflow_api.py
[2023-10-04T07:56:46.489+0000] {logging_mixin.py:120} INFO - [2023-10-04T07:56:46.488+0000] {dag.py:2585} INFO - Sync 1 DAGs
[2023-10-04T07:56:46.510+0000] {logging_mixin.py:120} INFO - [2023-10-04T07:56:46.510+0000] {dag.py:3340} INFO - Setting next_dagrun for tutorial_taskflow_api to None, run_after=None
[2023-10-04T07:56:46.532+0000] {processor.py:176} INFO - Processing /home/airflow/.local/lib/python3.7/site-packages/airflow/example_dags/tutorial_taskflow_api.py took 0.111 seconds
[2023-10-04T07:57:16.868+0000] {processor.py:154} INFO - Started process (PID=1946) to work on /home/airflow/.local/lib/python3.7/site-packages/airflow/example_dags/tutorial_taskflow_api.py
[2023-10-04T07:57:16.869+0000] {processor.py:756} INFO - Processing file /home/airflow/.local/lib/python3.7/site-packages/airflow/example_dags/tutorial_taskflow_api.py for tasks to queue
[2023-10-04T07:57:16.871+0000] {logging_mixin.py:120} INFO - [2023-10-04T07:57:16.870+0000] {dagbag.py:537} INFO - Filling up the DagBag from /home/airflow/.local/lib/python3.7/site-packages/airflow/example_dags/tutorial_taskflow_api.py
[2023-10-04T07:57:16.898+0000] {processor.py:766} INFO - DAG(s) dict_keys(['tutorial_taskflow_api']) retrieved from /home/airflow/.local/lib/python3.7/site-packages/airflow/example_dags/tutorial_taskflow_api.py
[2023-10-04T07:57:16.962+0000] {logging_mixin.py:120} INFO - [2023-10-04T07:57:16.961+0000] {dag.py:2585} INFO - Sync 1 DAGs
[2023-10-04T07:57:16.998+0000] {logging_mixin.py:120} INFO - [2023-10-04T07:57:16.998+0000] {dag.py:3340} INFO - Setting next_dagrun for tutorial_taskflow_api to None, run_after=None
[2023-10-04T07:57:17.034+0000] {processor.py:176} INFO - Processing /home/airflow/.local/lib/python3.7/site-packages/airflow/example_dags/tutorial_taskflow_api.py took 0.172 seconds
[2023-10-04T07:57:47.315+0000] {processor.py:154} INFO - Started process (PID=2007) to work on /home/airflow/.local/lib/python3.7/site-packages/airflow/example_dags/tutorial_taskflow_api.py
[2023-10-04T07:57:47.317+0000] {processor.py:756} INFO - Processing file /home/airflow/.local/lib/python3.7/site-packages/airflow/example_dags/tutorial_taskflow_api.py for tasks to queue
[2023-10-04T07:57:47.318+0000] {logging_mixin.py:120} INFO - [2023-10-04T07:57:47.318+0000] {dagbag.py:537} INFO - Filling up the DagBag from /home/airflow/.local/lib/python3.7/site-packages/airflow/example_dags/tutorial_taskflow_api.py
[2023-10-04T07:57:47.337+0000] {processor.py:766} INFO - DAG(s) dict_keys(['tutorial_taskflow_api']) retrieved from /home/airflow/.local/lib/python3.7/site-packages/airflow/example_dags/tutorial_taskflow_api.py
[2023-10-04T07:57:47.375+0000] {logging_mixin.py:120} INFO - [2023-10-04T07:57:47.375+0000] {dag.py:2585} INFO - Sync 1 DAGs
[2023-10-04T07:57:47.397+0000] {logging_mixin.py:120} INFO - [2023-10-04T07:57:47.397+0000] {dag.py:3340} INFO - Setting next_dagrun for tutorial_taskflow_api to None, run_after=None
[2023-10-04T07:57:47.417+0000] {processor.py:176} INFO - Processing /home/airflow/.local/lib/python3.7/site-packages/airflow/example_dags/tutorial_taskflow_api.py took 0.105 seconds
[2023-10-04T07:58:17.760+0000] {processor.py:154} INFO - Started process (PID=2074) to work on /home/airflow/.local/lib/python3.7/site-packages/airflow/example_dags/tutorial_taskflow_api.py
[2023-10-04T07:58:17.762+0000] {processor.py:756} INFO - Processing file /home/airflow/.local/lib/python3.7/site-packages/airflow/example_dags/tutorial_taskflow_api.py for tasks to queue
[2023-10-04T07:58:17.764+0000] {logging_mixin.py:120} INFO - [2023-10-04T07:58:17.764+0000] {dagbag.py:537} INFO - Filling up the DagBag from /home/airflow/.local/lib/python3.7/site-packages/airflow/example_dags/tutorial_taskflow_api.py
[2023-10-04T07:58:17.781+0000] {processor.py:766} INFO - DAG(s) dict_keys(['tutorial_taskflow_api']) retrieved from /home/airflow/.local/lib/python3.7/site-packages/airflow/example_dags/tutorial_taskflow_api.py
[2023-10-04T07:58:17.814+0000] {logging_mixin.py:120} INFO - [2023-10-04T07:58:17.814+0000] {dag.py:2585} INFO - Sync 1 DAGs
[2023-10-04T07:58:17.834+0000] {logging_mixin.py:120} INFO - [2023-10-04T07:58:17.834+0000] {dag.py:3340} INFO - Setting next_dagrun for tutorial_taskflow_api to None, run_after=None
[2023-10-04T07:58:17.855+0000] {processor.py:176} INFO - Processing /home/airflow/.local/lib/python3.7/site-packages/airflow/example_dags/tutorial_taskflow_api.py took 0.099 seconds
[2023-10-04T07:58:48.360+0000] {processor.py:154} INFO - Started process (PID=2141) to work on /home/airflow/.local/lib/python3.7/site-packages/airflow/example_dags/tutorial_taskflow_api.py
[2023-10-04T07:58:48.361+0000] {processor.py:756} INFO - Processing file /home/airflow/.local/lib/python3.7/site-packages/airflow/example_dags/tutorial_taskflow_api.py for tasks to queue
[2023-10-04T07:58:48.363+0000] {logging_mixin.py:120} INFO - [2023-10-04T07:58:48.363+0000] {dagbag.py:537} INFO - Filling up the DagBag from /home/airflow/.local/lib/python3.7/site-packages/airflow/example_dags/tutorial_taskflow_api.py
[2023-10-04T07:58:48.379+0000] {processor.py:766} INFO - DAG(s) dict_keys(['tutorial_taskflow_api']) retrieved from /home/airflow/.local/lib/python3.7/site-packages/airflow/example_dags/tutorial_taskflow_api.py
[2023-10-04T07:58:48.415+0000] {logging_mixin.py:120} INFO - [2023-10-04T07:58:48.415+0000] {dag.py:2585} INFO - Sync 1 DAGs
[2023-10-04T07:58:48.434+0000] {logging_mixin.py:120} INFO - [2023-10-04T07:58:48.434+0000] {dag.py:3340} INFO - Setting next_dagrun for tutorial_taskflow_api to None, run_after=None
[2023-10-04T07:58:48.457+0000] {processor.py:176} INFO - Processing /home/airflow/.local/lib/python3.7/site-packages/airflow/example_dags/tutorial_taskflow_api.py took 0.100 seconds
[2023-10-04T07:59:18.912+0000] {processor.py:154} INFO - Started process (PID=2200) to work on /home/airflow/.local/lib/python3.7/site-packages/airflow/example_dags/tutorial_taskflow_api.py
[2023-10-04T07:59:18.914+0000] {processor.py:756} INFO - Processing file /home/airflow/.local/lib/python3.7/site-packages/airflow/example_dags/tutorial_taskflow_api.py for tasks to queue
[2023-10-04T07:59:18.915+0000] {logging_mixin.py:120} INFO - [2023-10-04T07:59:18.915+0000] {dagbag.py:537} INFO - Filling up the DagBag from /home/airflow/.local/lib/python3.7/site-packages/airflow/example_dags/tutorial_taskflow_api.py
[2023-10-04T07:59:18.938+0000] {processor.py:766} INFO - DAG(s) dict_keys(['tutorial_taskflow_api']) retrieved from /home/airflow/.local/lib/python3.7/site-packages/airflow/example_dags/tutorial_taskflow_api.py
[2023-10-04T07:59:18.973+0000] {logging_mixin.py:120} INFO - [2023-10-04T07:59:18.972+0000] {dag.py:2585} INFO - Sync 1 DAGs
[2023-10-04T07:59:18.994+0000] {logging_mixin.py:120} INFO - [2023-10-04T07:59:18.994+0000] {dag.py:3340} INFO - Setting next_dagrun for tutorial_taskflow_api to None, run_after=None
[2023-10-04T07:59:19.016+0000] {processor.py:176} INFO - Processing /home/airflow/.local/lib/python3.7/site-packages/airflow/example_dags/tutorial_taskflow_api.py took 0.108 seconds
[2023-10-04T07:59:49.487+0000] {processor.py:154} INFO - Started process (PID=2267) to work on /home/airflow/.local/lib/python3.7/site-packages/airflow/example_dags/tutorial_taskflow_api.py
[2023-10-04T07:59:49.489+0000] {processor.py:756} INFO - Processing file /home/airflow/.local/lib/python3.7/site-packages/airflow/example_dags/tutorial_taskflow_api.py for tasks to queue
[2023-10-04T07:59:49.490+0000] {logging_mixin.py:120} INFO - [2023-10-04T07:59:49.490+0000] {dagbag.py:537} INFO - Filling up the DagBag from /home/airflow/.local/lib/python3.7/site-packages/airflow/example_dags/tutorial_taskflow_api.py
[2023-10-04T07:59:49.511+0000] {processor.py:766} INFO - DAG(s) dict_keys(['tutorial_taskflow_api']) retrieved from /home/airflow/.local/lib/python3.7/site-packages/airflow/example_dags/tutorial_taskflow_api.py
[2023-10-04T07:59:49.551+0000] {logging_mixin.py:120} INFO - [2023-10-04T07:59:49.551+0000] {dag.py:2585} INFO - Sync 1 DAGs
[2023-10-04T07:59:49.575+0000] {logging_mixin.py:120} INFO - [2023-10-04T07:59:49.575+0000] {dag.py:3340} INFO - Setting next_dagrun for tutorial_taskflow_api to None, run_after=None
[2023-10-04T07:59:49.601+0000] {processor.py:176} INFO - Processing /home/airflow/.local/lib/python3.7/site-packages/airflow/example_dags/tutorial_taskflow_api.py took 0.117 seconds
[2023-10-04T08:00:20.328+0000] {processor.py:154} INFO - Started process (PID=2334) to work on /home/airflow/.local/lib/python3.7/site-packages/airflow/example_dags/tutorial_taskflow_api.py
[2023-10-04T08:00:20.330+0000] {processor.py:756} INFO - Processing file /home/airflow/.local/lib/python3.7/site-packages/airflow/example_dags/tutorial_taskflow_api.py for tasks to queue
[2023-10-04T08:00:20.332+0000] {logging_mixin.py:120} INFO - [2023-10-04T08:00:20.331+0000] {dagbag.py:537} INFO - Filling up the DagBag from /home/airflow/.local/lib/python3.7/site-packages/airflow/example_dags/tutorial_taskflow_api.py
[2023-10-04T08:00:20.351+0000] {processor.py:766} INFO - DAG(s) dict_keys(['tutorial_taskflow_api']) retrieved from /home/airflow/.local/lib/python3.7/site-packages/airflow/example_dags/tutorial_taskflow_api.py
[2023-10-04T08:00:20.393+0000] {logging_mixin.py:120} INFO - [2023-10-04T08:00:20.393+0000] {dag.py:2585} INFO - Sync 1 DAGs
[2023-10-04T08:00:20.416+0000] {logging_mixin.py:120} INFO - [2023-10-04T08:00:20.415+0000] {dag.py:3340} INFO - Setting next_dagrun for tutorial_taskflow_api to None, run_after=None
[2023-10-04T08:00:20.440+0000] {processor.py:176} INFO - Processing /home/airflow/.local/lib/python3.7/site-packages/airflow/example_dags/tutorial_taskflow_api.py took 0.115 seconds
[2023-10-04T08:00:51.203+0000] {processor.py:154} INFO - Started process (PID=2402) to work on /home/airflow/.local/lib/python3.7/site-packages/airflow/example_dags/tutorial_taskflow_api.py
[2023-10-04T08:00:51.205+0000] {processor.py:756} INFO - Processing file /home/airflow/.local/lib/python3.7/site-packages/airflow/example_dags/tutorial_taskflow_api.py for tasks to queue
[2023-10-04T08:00:51.207+0000] {logging_mixin.py:120} INFO - [2023-10-04T08:00:51.207+0000] {dagbag.py:537} INFO - Filling up the DagBag from /home/airflow/.local/lib/python3.7/site-packages/airflow/example_dags/tutorial_taskflow_api.py
[2023-10-04T08:00:51.224+0000] {processor.py:766} INFO - DAG(s) dict_keys(['tutorial_taskflow_api']) retrieved from /home/airflow/.local/lib/python3.7/site-packages/airflow/example_dags/tutorial_taskflow_api.py
[2023-10-04T08:00:51.263+0000] {logging_mixin.py:120} INFO - [2023-10-04T08:00:51.263+0000] {dag.py:2585} INFO - Sync 1 DAGs
[2023-10-04T08:00:51.286+0000] {logging_mixin.py:120} INFO - [2023-10-04T08:00:51.286+0000] {dag.py:3340} INFO - Setting next_dagrun for tutorial_taskflow_api to None, run_after=None
[2023-10-04T08:00:51.308+0000] {processor.py:176} INFO - Processing /home/airflow/.local/lib/python3.7/site-packages/airflow/example_dags/tutorial_taskflow_api.py took 0.109 seconds
[2023-10-04T08:01:21.487+0000] {processor.py:154} INFO - Started process (PID=2460) to work on /home/airflow/.local/lib/python3.7/site-packages/airflow/example_dags/tutorial_taskflow_api.py
[2023-10-04T08:01:21.488+0000] {processor.py:756} INFO - Processing file /home/airflow/.local/lib/python3.7/site-packages/airflow/example_dags/tutorial_taskflow_api.py for tasks to queue
[2023-10-04T08:01:21.490+0000] {logging_mixin.py:120} INFO - [2023-10-04T08:01:21.490+0000] {dagbag.py:537} INFO - Filling up the DagBag from /home/airflow/.local/lib/python3.7/site-packages/airflow/example_dags/tutorial_taskflow_api.py
[2023-10-04T08:01:21.509+0000] {processor.py:766} INFO - DAG(s) dict_keys(['tutorial_taskflow_api']) retrieved from /home/airflow/.local/lib/python3.7/site-packages/airflow/example_dags/tutorial_taskflow_api.py
[2023-10-04T08:01:21.545+0000] {logging_mixin.py:120} INFO - [2023-10-04T08:01:21.545+0000] {dag.py:2585} INFO - Sync 1 DAGs
[2023-10-04T08:01:21.567+0000] {logging_mixin.py:120} INFO - [2023-10-04T08:01:21.567+0000] {dag.py:3340} INFO - Setting next_dagrun for tutorial_taskflow_api to None, run_after=None
[2023-10-04T08:01:21.592+0000] {processor.py:176} INFO - Processing /home/airflow/.local/lib/python3.7/site-packages/airflow/example_dags/tutorial_taskflow_api.py took 0.112 seconds
[2023-10-04T08:01:51.936+0000] {processor.py:154} INFO - Started process (PID=2527) to work on /home/airflow/.local/lib/python3.7/site-packages/airflow/example_dags/tutorial_taskflow_api.py
[2023-10-04T08:01:51.937+0000] {processor.py:756} INFO - Processing file /home/airflow/.local/lib/python3.7/site-packages/airflow/example_dags/tutorial_taskflow_api.py for tasks to queue
[2023-10-04T08:01:51.938+0000] {logging_mixin.py:120} INFO - [2023-10-04T08:01:51.938+0000] {dagbag.py:537} INFO - Filling up the DagBag from /home/airflow/.local/lib/python3.7/site-packages/airflow/example_dags/tutorial_taskflow_api.py
[2023-10-04T08:01:51.957+0000] {processor.py:766} INFO - DAG(s) dict_keys(['tutorial_taskflow_api']) retrieved from /home/airflow/.local/lib/python3.7/site-packages/airflow/example_dags/tutorial_taskflow_api.py
[2023-10-04T08:01:51.992+0000] {logging_mixin.py:120} INFO - [2023-10-04T08:01:51.992+0000] {dag.py:2585} INFO - Sync 1 DAGs
[2023-10-04T08:01:52.017+0000] {logging_mixin.py:120} INFO - [2023-10-04T08:01:52.016+0000] {dag.py:3340} INFO - Setting next_dagrun for tutorial_taskflow_api to None, run_after=None
[2023-10-04T08:01:52.040+0000] {processor.py:176} INFO - Processing /home/airflow/.local/lib/python3.7/site-packages/airflow/example_dags/tutorial_taskflow_api.py took 0.107 seconds
[2023-10-04T08:02:22.585+0000] {processor.py:154} INFO - Started process (PID=2595) to work on /home/airflow/.local/lib/python3.7/site-packages/airflow/example_dags/tutorial_taskflow_api.py
[2023-10-04T08:02:22.586+0000] {processor.py:756} INFO - Processing file /home/airflow/.local/lib/python3.7/site-packages/airflow/example_dags/tutorial_taskflow_api.py for tasks to queue
[2023-10-04T08:02:22.588+0000] {logging_mixin.py:120} INFO - [2023-10-04T08:02:22.587+0000] {dagbag.py:537} INFO - Filling up the DagBag from /home/airflow/.local/lib/python3.7/site-packages/airflow/example_dags/tutorial_taskflow_api.py
[2023-10-04T08:02:22.605+0000] {processor.py:766} INFO - DAG(s) dict_keys(['tutorial_taskflow_api']) retrieved from /home/airflow/.local/lib/python3.7/site-packages/airflow/example_dags/tutorial_taskflow_api.py
[2023-10-04T08:02:22.640+0000] {logging_mixin.py:120} INFO - [2023-10-04T08:02:22.640+0000] {dag.py:2585} INFO - Sync 1 DAGs
[2023-10-04T08:02:22.662+0000] {logging_mixin.py:120} INFO - [2023-10-04T08:02:22.662+0000] {dag.py:3340} INFO - Setting next_dagrun for tutorial_taskflow_api to None, run_after=None
[2023-10-04T08:02:22.685+0000] {processor.py:176} INFO - Processing /home/airflow/.local/lib/python3.7/site-packages/airflow/example_dags/tutorial_taskflow_api.py took 0.103 seconds
[2023-10-04T08:02:52.884+0000] {processor.py:154} INFO - Started process (PID=2662) to work on /home/airflow/.local/lib/python3.7/site-packages/airflow/example_dags/tutorial_taskflow_api.py
[2023-10-04T08:02:52.886+0000] {processor.py:756} INFO - Processing file /home/airflow/.local/lib/python3.7/site-packages/airflow/example_dags/tutorial_taskflow_api.py for tasks to queue
[2023-10-04T08:02:52.887+0000] {logging_mixin.py:120} INFO - [2023-10-04T08:02:52.887+0000] {dagbag.py:537} INFO - Filling up the DagBag from /home/airflow/.local/lib/python3.7/site-packages/airflow/example_dags/tutorial_taskflow_api.py
[2023-10-04T08:02:52.909+0000] {processor.py:766} INFO - DAG(s) dict_keys(['tutorial_taskflow_api']) retrieved from /home/airflow/.local/lib/python3.7/site-packages/airflow/example_dags/tutorial_taskflow_api.py
[2023-10-04T08:02:52.956+0000] {logging_mixin.py:120} INFO - [2023-10-04T08:02:52.956+0000] {dag.py:2585} INFO - Sync 1 DAGs
[2023-10-04T08:02:52.982+0000] {logging_mixin.py:120} INFO - [2023-10-04T08:02:52.982+0000] {dag.py:3340} INFO - Setting next_dagrun for tutorial_taskflow_api to None, run_after=None
[2023-10-04T08:02:53.010+0000] {processor.py:176} INFO - Processing /home/airflow/.local/lib/python3.7/site-packages/airflow/example_dags/tutorial_taskflow_api.py took 0.129 seconds
[2023-10-04T08:03:23.525+0000] {processor.py:154} INFO - Started process (PID=2720) to work on /home/airflow/.local/lib/python3.7/site-packages/airflow/example_dags/tutorial_taskflow_api.py
[2023-10-04T08:03:23.527+0000] {processor.py:756} INFO - Processing file /home/airflow/.local/lib/python3.7/site-packages/airflow/example_dags/tutorial_taskflow_api.py for tasks to queue
[2023-10-04T08:03:23.528+0000] {logging_mixin.py:120} INFO - [2023-10-04T08:03:23.528+0000] {dagbag.py:537} INFO - Filling up the DagBag from /home/airflow/.local/lib/python3.7/site-packages/airflow/example_dags/tutorial_taskflow_api.py
[2023-10-04T08:03:23.548+0000] {processor.py:766} INFO - DAG(s) dict_keys(['tutorial_taskflow_api']) retrieved from /home/airflow/.local/lib/python3.7/site-packages/airflow/example_dags/tutorial_taskflow_api.py
[2023-10-04T08:03:23.592+0000] {logging_mixin.py:120} INFO - [2023-10-04T08:03:23.592+0000] {dag.py:2585} INFO - Sync 1 DAGs
[2023-10-04T08:03:23.616+0000] {logging_mixin.py:120} INFO - [2023-10-04T08:03:23.616+0000] {dag.py:3340} INFO - Setting next_dagrun for tutorial_taskflow_api to None, run_after=None
[2023-10-04T08:03:23.642+0000] {processor.py:176} INFO - Processing /home/airflow/.local/lib/python3.7/site-packages/airflow/example_dags/tutorial_taskflow_api.py took 0.122 seconds
[2023-10-04T08:03:53.797+0000] {processor.py:154} INFO - Started process (PID=2787) to work on /home/airflow/.local/lib/python3.7/site-packages/airflow/example_dags/tutorial_taskflow_api.py
[2023-10-04T08:03:53.799+0000] {processor.py:756} INFO - Processing file /home/airflow/.local/lib/python3.7/site-packages/airflow/example_dags/tutorial_taskflow_api.py for tasks to queue
[2023-10-04T08:03:53.801+0000] {logging_mixin.py:120} INFO - [2023-10-04T08:03:53.801+0000] {dagbag.py:537} INFO - Filling up the DagBag from /home/airflow/.local/lib/python3.7/site-packages/airflow/example_dags/tutorial_taskflow_api.py
[2023-10-04T08:03:53.820+0000] {processor.py:766} INFO - DAG(s) dict_keys(['tutorial_taskflow_api']) retrieved from /home/airflow/.local/lib/python3.7/site-packages/airflow/example_dags/tutorial_taskflow_api.py
[2023-10-04T08:03:53.859+0000] {logging_mixin.py:120} INFO - [2023-10-04T08:03:53.859+0000] {dag.py:2585} INFO - Sync 1 DAGs
[2023-10-04T08:03:53.882+0000] {logging_mixin.py:120} INFO - [2023-10-04T08:03:53.882+0000] {dag.py:3340} INFO - Setting next_dagrun for tutorial_taskflow_api to None, run_after=None
[2023-10-04T08:03:53.903+0000] {processor.py:176} INFO - Processing /home/airflow/.local/lib/python3.7/site-packages/airflow/example_dags/tutorial_taskflow_api.py took 0.112 seconds
[2023-10-04T08:04:24.235+0000] {processor.py:154} INFO - Started process (PID=2854) to work on /home/airflow/.local/lib/python3.7/site-packages/airflow/example_dags/tutorial_taskflow_api.py
[2023-10-04T08:04:24.236+0000] {processor.py:756} INFO - Processing file /home/airflow/.local/lib/python3.7/site-packages/airflow/example_dags/tutorial_taskflow_api.py for tasks to queue
[2023-10-04T08:04:24.238+0000] {logging_mixin.py:120} INFO - [2023-10-04T08:04:24.237+0000] {dagbag.py:537} INFO - Filling up the DagBag from /home/airflow/.local/lib/python3.7/site-packages/airflow/example_dags/tutorial_taskflow_api.py
[2023-10-04T08:04:24.253+0000] {processor.py:766} INFO - DAG(s) dict_keys(['tutorial_taskflow_api']) retrieved from /home/airflow/.local/lib/python3.7/site-packages/airflow/example_dags/tutorial_taskflow_api.py
[2023-10-04T08:04:24.288+0000] {logging_mixin.py:120} INFO - [2023-10-04T08:04:24.288+0000] {dag.py:2585} INFO - Sync 1 DAGs
[2023-10-04T08:04:24.308+0000] {logging_mixin.py:120} INFO - [2023-10-04T08:04:24.308+0000] {dag.py:3340} INFO - Setting next_dagrun for tutorial_taskflow_api to None, run_after=None
[2023-10-04T08:04:24.330+0000] {processor.py:176} INFO - Processing /home/airflow/.local/lib/python3.7/site-packages/airflow/example_dags/tutorial_taskflow_api.py took 0.098 seconds
[2023-10-04T08:04:54.681+0000] {processor.py:154} INFO - Started process (PID=2912) to work on /home/airflow/.local/lib/python3.7/site-packages/airflow/example_dags/tutorial_taskflow_api.py
[2023-10-04T08:04:54.683+0000] {processor.py:756} INFO - Processing file /home/airflow/.local/lib/python3.7/site-packages/airflow/example_dags/tutorial_taskflow_api.py for tasks to queue
[2023-10-04T08:04:54.684+0000] {logging_mixin.py:120} INFO - [2023-10-04T08:04:54.684+0000] {dagbag.py:537} INFO - Filling up the DagBag from /home/airflow/.local/lib/python3.7/site-packages/airflow/example_dags/tutorial_taskflow_api.py
[2023-10-04T08:04:54.713+0000] {processor.py:766} INFO - DAG(s) dict_keys(['tutorial_taskflow_api']) retrieved from /home/airflow/.local/lib/python3.7/site-packages/airflow/example_dags/tutorial_taskflow_api.py
[2023-10-04T08:04:54.753+0000] {logging_mixin.py:120} INFO - [2023-10-04T08:04:54.753+0000] {dag.py:2585} INFO - Sync 1 DAGs
[2023-10-04T08:04:54.775+0000] {logging_mixin.py:120} INFO - [2023-10-04T08:04:54.775+0000] {dag.py:3340} INFO - Setting next_dagrun for tutorial_taskflow_api to None, run_after=None
[2023-10-04T08:04:54.801+0000] {processor.py:176} INFO - Processing /home/airflow/.local/lib/python3.7/site-packages/airflow/example_dags/tutorial_taskflow_api.py took 0.123 seconds
[2023-10-04T08:05:25.741+0000] {processor.py:154} INFO - Started process (PID=2979) to work on /home/airflow/.local/lib/python3.7/site-packages/airflow/example_dags/tutorial_taskflow_api.py
[2023-10-04T08:05:25.742+0000] {processor.py:756} INFO - Processing file /home/airflow/.local/lib/python3.7/site-packages/airflow/example_dags/tutorial_taskflow_api.py for tasks to queue
[2023-10-04T08:05:25.744+0000] {logging_mixin.py:120} INFO - [2023-10-04T08:05:25.743+0000] {dagbag.py:537} INFO - Filling up the DagBag from /home/airflow/.local/lib/python3.7/site-packages/airflow/example_dags/tutorial_taskflow_api.py
[2023-10-04T08:05:25.767+0000] {processor.py:766} INFO - DAG(s) dict_keys(['tutorial_taskflow_api']) retrieved from /home/airflow/.local/lib/python3.7/site-packages/airflow/example_dags/tutorial_taskflow_api.py
[2023-10-04T08:05:25.806+0000] {logging_mixin.py:120} INFO - [2023-10-04T08:05:25.806+0000] {dag.py:2585} INFO - Sync 1 DAGs
[2023-10-04T08:05:25.835+0000] {logging_mixin.py:120} INFO - [2023-10-04T08:05:25.835+0000] {dag.py:3340} INFO - Setting next_dagrun for tutorial_taskflow_api to None, run_after=None
[2023-10-04T08:05:25.860+0000] {processor.py:176} INFO - Processing /home/airflow/.local/lib/python3.7/site-packages/airflow/example_dags/tutorial_taskflow_api.py took 0.122 seconds
[2023-10-04T08:05:56.466+0000] {processor.py:154} INFO - Started process (PID=3046) to work on /home/airflow/.local/lib/python3.7/site-packages/airflow/example_dags/tutorial_taskflow_api.py
[2023-10-04T08:05:56.468+0000] {processor.py:756} INFO - Processing file /home/airflow/.local/lib/python3.7/site-packages/airflow/example_dags/tutorial_taskflow_api.py for tasks to queue
[2023-10-04T08:05:56.469+0000] {logging_mixin.py:120} INFO - [2023-10-04T08:05:56.469+0000] {dagbag.py:537} INFO - Filling up the DagBag from /home/airflow/.local/lib/python3.7/site-packages/airflow/example_dags/tutorial_taskflow_api.py
[2023-10-04T08:05:56.487+0000] {processor.py:766} INFO - DAG(s) dict_keys(['tutorial_taskflow_api']) retrieved from /home/airflow/.local/lib/python3.7/site-packages/airflow/example_dags/tutorial_taskflow_api.py
[2023-10-04T08:05:56.527+0000] {logging_mixin.py:120} INFO - [2023-10-04T08:05:56.527+0000] {dag.py:2585} INFO - Sync 1 DAGs
[2023-10-04T08:05:56.549+0000] {logging_mixin.py:120} INFO - [2023-10-04T08:05:56.549+0000] {dag.py:3340} INFO - Setting next_dagrun for tutorial_taskflow_api to None, run_after=None
[2023-10-04T08:05:56.570+0000] {processor.py:176} INFO - Processing /home/airflow/.local/lib/python3.7/site-packages/airflow/example_dags/tutorial_taskflow_api.py took 0.106 seconds
[2023-10-04T08:06:26.988+0000] {processor.py:154} INFO - Started process (PID=3113) to work on /home/airflow/.local/lib/python3.7/site-packages/airflow/example_dags/tutorial_taskflow_api.py
[2023-10-04T08:06:26.991+0000] {processor.py:756} INFO - Processing file /home/airflow/.local/lib/python3.7/site-packages/airflow/example_dags/tutorial_taskflow_api.py for tasks to queue
[2023-10-04T08:06:26.993+0000] {logging_mixin.py:120} INFO - [2023-10-04T08:06:26.992+0000] {dagbag.py:537} INFO - Filling up the DagBag from /home/airflow/.local/lib/python3.7/site-packages/airflow/example_dags/tutorial_taskflow_api.py
[2023-10-04T08:06:27.018+0000] {processor.py:766} INFO - DAG(s) dict_keys(['tutorial_taskflow_api']) retrieved from /home/airflow/.local/lib/python3.7/site-packages/airflow/example_dags/tutorial_taskflow_api.py
[2023-10-04T08:06:27.057+0000] {logging_mixin.py:120} INFO - [2023-10-04T08:06:27.056+0000] {dag.py:2585} INFO - Sync 1 DAGs
[2023-10-04T08:06:27.080+0000] {logging_mixin.py:120} INFO - [2023-10-04T08:06:27.080+0000] {dag.py:3340} INFO - Setting next_dagrun for tutorial_taskflow_api to None, run_after=None
[2023-10-04T08:06:27.101+0000] {processor.py:176} INFO - Processing /home/airflow/.local/lib/python3.7/site-packages/airflow/example_dags/tutorial_taskflow_api.py took 0.119 seconds
[2023-10-04T08:06:57.433+0000] {processor.py:154} INFO - Started process (PID=3171) to work on /home/airflow/.local/lib/python3.7/site-packages/airflow/example_dags/tutorial_taskflow_api.py
[2023-10-04T08:06:57.434+0000] {processor.py:756} INFO - Processing file /home/airflow/.local/lib/python3.7/site-packages/airflow/example_dags/tutorial_taskflow_api.py for tasks to queue
[2023-10-04T08:06:57.435+0000] {logging_mixin.py:120} INFO - [2023-10-04T08:06:57.435+0000] {dagbag.py:537} INFO - Filling up the DagBag from /home/airflow/.local/lib/python3.7/site-packages/airflow/example_dags/tutorial_taskflow_api.py
[2023-10-04T08:06:57.461+0000] {processor.py:766} INFO - DAG(s) dict_keys(['tutorial_taskflow_api']) retrieved from /home/airflow/.local/lib/python3.7/site-packages/airflow/example_dags/tutorial_taskflow_api.py
[2023-10-04T08:06:57.511+0000] {logging_mixin.py:120} INFO - [2023-10-04T08:06:57.511+0000] {dag.py:2585} INFO - Sync 1 DAGs
[2023-10-04T08:06:57.547+0000] {logging_mixin.py:120} INFO - [2023-10-04T08:06:57.547+0000] {dag.py:3340} INFO - Setting next_dagrun for tutorial_taskflow_api to None, run_after=None
[2023-10-04T08:06:57.576+0000] {processor.py:176} INFO - Processing /home/airflow/.local/lib/python3.7/site-packages/airflow/example_dags/tutorial_taskflow_api.py took 0.147 seconds
[2023-10-04T08:07:28.216+0000] {processor.py:154} INFO - Started process (PID=3238) to work on /home/airflow/.local/lib/python3.7/site-packages/airflow/example_dags/tutorial_taskflow_api.py
[2023-10-04T08:07:28.218+0000] {processor.py:756} INFO - Processing file /home/airflow/.local/lib/python3.7/site-packages/airflow/example_dags/tutorial_taskflow_api.py for tasks to queue
[2023-10-04T08:07:28.219+0000] {logging_mixin.py:120} INFO - [2023-10-04T08:07:28.219+0000] {dagbag.py:537} INFO - Filling up the DagBag from /home/airflow/.local/lib/python3.7/site-packages/airflow/example_dags/tutorial_taskflow_api.py
[2023-10-04T08:07:28.238+0000] {processor.py:766} INFO - DAG(s) dict_keys(['tutorial_taskflow_api']) retrieved from /home/airflow/.local/lib/python3.7/site-packages/airflow/example_dags/tutorial_taskflow_api.py
[2023-10-04T08:07:28.272+0000] {logging_mixin.py:120} INFO - [2023-10-04T08:07:28.272+0000] {dag.py:2585} INFO - Sync 1 DAGs
[2023-10-04T08:07:28.294+0000] {logging_mixin.py:120} INFO - [2023-10-04T08:07:28.294+0000] {dag.py:3340} INFO - Setting next_dagrun for tutorial_taskflow_api to None, run_after=None
[2023-10-04T08:07:28.320+0000] {processor.py:176} INFO - Processing /home/airflow/.local/lib/python3.7/site-packages/airflow/example_dags/tutorial_taskflow_api.py took 0.110 seconds
[2023-10-04T08:07:58.551+0000] {processor.py:154} INFO - Started process (PID=3305) to work on /home/airflow/.local/lib/python3.7/site-packages/airflow/example_dags/tutorial_taskflow_api.py
[2023-10-04T08:07:58.553+0000] {processor.py:756} INFO - Processing file /home/airflow/.local/lib/python3.7/site-packages/airflow/example_dags/tutorial_taskflow_api.py for tasks to queue
[2023-10-04T08:07:58.554+0000] {logging_mixin.py:120} INFO - [2023-10-04T08:07:58.554+0000] {dagbag.py:537} INFO - Filling up the DagBag from /home/airflow/.local/lib/python3.7/site-packages/airflow/example_dags/tutorial_taskflow_api.py
[2023-10-04T08:07:58.573+0000] {processor.py:766} INFO - DAG(s) dict_keys(['tutorial_taskflow_api']) retrieved from /home/airflow/.local/lib/python3.7/site-packages/airflow/example_dags/tutorial_taskflow_api.py
[2023-10-04T08:07:58.610+0000] {logging_mixin.py:120} INFO - [2023-10-04T08:07:58.610+0000] {dag.py:2585} INFO - Sync 1 DAGs
[2023-10-04T08:07:58.634+0000] {logging_mixin.py:120} INFO - [2023-10-04T08:07:58.634+0000] {dag.py:3340} INFO - Setting next_dagrun for tutorial_taskflow_api to None, run_after=None
[2023-10-04T08:07:58.658+0000] {processor.py:176} INFO - Processing /home/airflow/.local/lib/python3.7/site-packages/airflow/example_dags/tutorial_taskflow_api.py took 0.112 seconds
[2023-10-04T08:08:28.839+0000] {processor.py:154} INFO - Started process (PID=3370) to work on /home/airflow/.local/lib/python3.7/site-packages/airflow/example_dags/tutorial_taskflow_api.py
[2023-10-04T08:08:28.841+0000] {processor.py:756} INFO - Processing file /home/airflow/.local/lib/python3.7/site-packages/airflow/example_dags/tutorial_taskflow_api.py for tasks to queue
[2023-10-04T08:08:28.842+0000] {logging_mixin.py:120} INFO - [2023-10-04T08:08:28.842+0000] {dagbag.py:537} INFO - Filling up the DagBag from /home/airflow/.local/lib/python3.7/site-packages/airflow/example_dags/tutorial_taskflow_api.py
[2023-10-04T08:08:28.859+0000] {processor.py:766} INFO - DAG(s) dict_keys(['tutorial_taskflow_api']) retrieved from /home/airflow/.local/lib/python3.7/site-packages/airflow/example_dags/tutorial_taskflow_api.py
[2023-10-04T08:08:28.902+0000] {logging_mixin.py:120} INFO - [2023-10-04T08:08:28.902+0000] {dag.py:2585} INFO - Sync 1 DAGs
[2023-10-04T08:08:28.924+0000] {logging_mixin.py:120} INFO - [2023-10-04T08:08:28.924+0000] {dag.py:3340} INFO - Setting next_dagrun for tutorial_taskflow_api to None, run_after=None
[2023-10-04T08:08:28.958+0000] {processor.py:176} INFO - Processing /home/airflow/.local/lib/python3.7/site-packages/airflow/example_dags/tutorial_taskflow_api.py took 0.122 seconds
[2023-10-04T08:08:59.091+0000] {processor.py:154} INFO - Started process (PID=3431) to work on /home/airflow/.local/lib/python3.7/site-packages/airflow/example_dags/tutorial_taskflow_api.py
[2023-10-04T08:08:59.093+0000] {processor.py:756} INFO - Processing file /home/airflow/.local/lib/python3.7/site-packages/airflow/example_dags/tutorial_taskflow_api.py for tasks to queue
[2023-10-04T08:08:59.094+0000] {logging_mixin.py:120} INFO - [2023-10-04T08:08:59.094+0000] {dagbag.py:537} INFO - Filling up the DagBag from /home/airflow/.local/lib/python3.7/site-packages/airflow/example_dags/tutorial_taskflow_api.py
[2023-10-04T08:08:59.112+0000] {processor.py:766} INFO - DAG(s) dict_keys(['tutorial_taskflow_api']) retrieved from /home/airflow/.local/lib/python3.7/site-packages/airflow/example_dags/tutorial_taskflow_api.py
[2023-10-04T08:08:59.146+0000] {logging_mixin.py:120} INFO - [2023-10-04T08:08:59.146+0000] {dag.py:2585} INFO - Sync 1 DAGs
[2023-10-04T08:08:59.165+0000] {logging_mixin.py:120} INFO - [2023-10-04T08:08:59.165+0000] {dag.py:3340} INFO - Setting next_dagrun for tutorial_taskflow_api to None, run_after=None
[2023-10-04T08:08:59.186+0000] {processor.py:176} INFO - Processing /home/airflow/.local/lib/python3.7/site-packages/airflow/example_dags/tutorial_taskflow_api.py took 0.101 seconds
[2023-10-04T08:09:29.237+0000] {processor.py:154} INFO - Started process (PID=3497) to work on /home/airflow/.local/lib/python3.7/site-packages/airflow/example_dags/tutorial_taskflow_api.py
[2023-10-04T08:09:29.238+0000] {processor.py:756} INFO - Processing file /home/airflow/.local/lib/python3.7/site-packages/airflow/example_dags/tutorial_taskflow_api.py for tasks to queue
[2023-10-04T08:09:29.240+0000] {logging_mixin.py:120} INFO - [2023-10-04T08:09:29.239+0000] {dagbag.py:537} INFO - Filling up the DagBag from /home/airflow/.local/lib/python3.7/site-packages/airflow/example_dags/tutorial_taskflow_api.py
[2023-10-04T08:09:29.258+0000] {processor.py:766} INFO - DAG(s) dict_keys(['tutorial_taskflow_api']) retrieved from /home/airflow/.local/lib/python3.7/site-packages/airflow/example_dags/tutorial_taskflow_api.py
[2023-10-04T08:09:29.294+0000] {logging_mixin.py:120} INFO - [2023-10-04T08:09:29.294+0000] {dag.py:2585} INFO - Sync 1 DAGs
[2023-10-04T08:09:29.316+0000] {logging_mixin.py:120} INFO - [2023-10-04T08:09:29.316+0000] {dag.py:3340} INFO - Setting next_dagrun for tutorial_taskflow_api to None, run_after=None
[2023-10-04T08:09:29.337+0000] {processor.py:176} INFO - Processing /home/airflow/.local/lib/python3.7/site-packages/airflow/example_dags/tutorial_taskflow_api.py took 0.103 seconds
[2023-10-04T08:10:00.007+0000] {processor.py:154} INFO - Started process (PID=3565) to work on /home/airflow/.local/lib/python3.7/site-packages/airflow/example_dags/tutorial_taskflow_api.py
[2023-10-04T08:10:00.010+0000] {processor.py:756} INFO - Processing file /home/airflow/.local/lib/python3.7/site-packages/airflow/example_dags/tutorial_taskflow_api.py for tasks to queue
[2023-10-04T08:10:00.012+0000] {logging_mixin.py:120} INFO - [2023-10-04T08:10:00.012+0000] {dagbag.py:537} INFO - Filling up the DagBag from /home/airflow/.local/lib/python3.7/site-packages/airflow/example_dags/tutorial_taskflow_api.py
[2023-10-04T08:10:00.041+0000] {processor.py:766} INFO - DAG(s) dict_keys(['tutorial_taskflow_api']) retrieved from /home/airflow/.local/lib/python3.7/site-packages/airflow/example_dags/tutorial_taskflow_api.py
[2023-10-04T08:10:00.076+0000] {logging_mixin.py:120} INFO - [2023-10-04T08:10:00.075+0000] {dag.py:2585} INFO - Sync 1 DAGs
[2023-10-04T08:10:00.096+0000] {logging_mixin.py:120} INFO - [2023-10-04T08:10:00.096+0000] {dag.py:3340} INFO - Setting next_dagrun for tutorial_taskflow_api to None, run_after=None
[2023-10-04T08:10:00.116+0000] {processor.py:176} INFO - Processing /home/airflow/.local/lib/python3.7/site-packages/airflow/example_dags/tutorial_taskflow_api.py took 0.115 seconds
[2023-10-04T08:11:41.330+0000] {processor.py:154} INFO - Started process (PID=81) to work on /home/airflow/.local/lib/python3.7/site-packages/airflow/example_dags/tutorial_taskflow_api.py
[2023-10-04T08:11:41.332+0000] {processor.py:756} INFO - Processing file /home/airflow/.local/lib/python3.7/site-packages/airflow/example_dags/tutorial_taskflow_api.py for tasks to queue
[2023-10-04T08:11:41.336+0000] {logging_mixin.py:120} INFO - [2023-10-04T08:11:41.335+0000] {dagbag.py:537} INFO - Filling up the DagBag from /home/airflow/.local/lib/python3.7/site-packages/airflow/example_dags/tutorial_taskflow_api.py
[2023-10-04T08:11:41.368+0000] {processor.py:766} INFO - DAG(s) dict_keys(['tutorial_taskflow_api']) retrieved from /home/airflow/.local/lib/python3.7/site-packages/airflow/example_dags/tutorial_taskflow_api.py
[2023-10-04T08:11:41.490+0000] {logging_mixin.py:120} INFO - [2023-10-04T08:11:41.488+0000] {dag.py:2585} INFO - Sync 1 DAGs
[2023-10-04T08:11:41.533+0000] {logging_mixin.py:120} INFO - [2023-10-04T08:11:41.533+0000] {dag.py:3340} INFO - Setting next_dagrun for tutorial_taskflow_api to None, run_after=None
[2023-10-04T08:11:41.579+0000] {processor.py:176} INFO - Processing /home/airflow/.local/lib/python3.7/site-packages/airflow/example_dags/tutorial_taskflow_api.py took 0.258 seconds
[2023-10-04T08:12:12.205+0000] {processor.py:154} INFO - Started process (PID=140) to work on /home/airflow/.local/lib/python3.7/site-packages/airflow/example_dags/tutorial_taskflow_api.py
[2023-10-04T08:12:12.206+0000] {processor.py:756} INFO - Processing file /home/airflow/.local/lib/python3.7/site-packages/airflow/example_dags/tutorial_taskflow_api.py for tasks to queue
[2023-10-04T08:12:12.207+0000] {logging_mixin.py:120} INFO - [2023-10-04T08:12:12.207+0000] {dagbag.py:537} INFO - Filling up the DagBag from /home/airflow/.local/lib/python3.7/site-packages/airflow/example_dags/tutorial_taskflow_api.py
[2023-10-04T08:12:12.226+0000] {processor.py:766} INFO - DAG(s) dict_keys(['tutorial_taskflow_api']) retrieved from /home/airflow/.local/lib/python3.7/site-packages/airflow/example_dags/tutorial_taskflow_api.py
[2023-10-04T08:12:12.259+0000] {logging_mixin.py:120} INFO - [2023-10-04T08:12:12.259+0000] {dag.py:2585} INFO - Sync 1 DAGs
[2023-10-04T08:12:12.280+0000] {logging_mixin.py:120} INFO - [2023-10-04T08:12:12.280+0000] {dag.py:3340} INFO - Setting next_dagrun for tutorial_taskflow_api to None, run_after=None
[2023-10-04T08:12:12.299+0000] {processor.py:176} INFO - Processing /home/airflow/.local/lib/python3.7/site-packages/airflow/example_dags/tutorial_taskflow_api.py took 0.097 seconds
[2023-10-04T08:12:42.802+0000] {processor.py:154} INFO - Started process (PID=210) to work on /home/airflow/.local/lib/python3.7/site-packages/airflow/example_dags/tutorial_taskflow_api.py
[2023-10-04T08:12:42.806+0000] {processor.py:756} INFO - Processing file /home/airflow/.local/lib/python3.7/site-packages/airflow/example_dags/tutorial_taskflow_api.py for tasks to queue
[2023-10-04T08:12:42.809+0000] {logging_mixin.py:120} INFO - [2023-10-04T08:12:42.809+0000] {dagbag.py:537} INFO - Filling up the DagBag from /home/airflow/.local/lib/python3.7/site-packages/airflow/example_dags/tutorial_taskflow_api.py
[2023-10-04T08:12:42.836+0000] {processor.py:766} INFO - DAG(s) dict_keys(['tutorial_taskflow_api']) retrieved from /home/airflow/.local/lib/python3.7/site-packages/airflow/example_dags/tutorial_taskflow_api.py
[2023-10-04T08:12:42.928+0000] {logging_mixin.py:120} INFO - [2023-10-04T08:12:42.927+0000] {dag.py:2585} INFO - Sync 1 DAGs
[2023-10-04T08:12:42.972+0000] {logging_mixin.py:120} INFO - [2023-10-04T08:12:42.972+0000] {dag.py:3340} INFO - Setting next_dagrun for tutorial_taskflow_api to None, run_after=None
[2023-10-04T08:12:43.014+0000] {processor.py:176} INFO - Processing /home/airflow/.local/lib/python3.7/site-packages/airflow/example_dags/tutorial_taskflow_api.py took 0.218 seconds
[2023-10-04T08:13:13.369+0000] {processor.py:154} INFO - Started process (PID=278) to work on /home/airflow/.local/lib/python3.7/site-packages/airflow/example_dags/tutorial_taskflow_api.py
[2023-10-04T08:13:13.371+0000] {processor.py:756} INFO - Processing file /home/airflow/.local/lib/python3.7/site-packages/airflow/example_dags/tutorial_taskflow_api.py for tasks to queue
[2023-10-04T08:13:13.372+0000] {logging_mixin.py:120} INFO - [2023-10-04T08:13:13.371+0000] {dagbag.py:537} INFO - Filling up the DagBag from /home/airflow/.local/lib/python3.7/site-packages/airflow/example_dags/tutorial_taskflow_api.py
[2023-10-04T08:13:13.390+0000] {processor.py:766} INFO - DAG(s) dict_keys(['tutorial_taskflow_api']) retrieved from /home/airflow/.local/lib/python3.7/site-packages/airflow/example_dags/tutorial_taskflow_api.py
[2023-10-04T08:13:13.450+0000] {logging_mixin.py:120} INFO - [2023-10-04T08:13:13.450+0000] {dag.py:2585} INFO - Sync 1 DAGs
[2023-10-04T08:13:13.488+0000] {logging_mixin.py:120} INFO - [2023-10-04T08:13:13.488+0000] {dag.py:3340} INFO - Setting next_dagrun for tutorial_taskflow_api to None, run_after=None
[2023-10-04T08:13:13.518+0000] {processor.py:176} INFO - Processing /home/airflow/.local/lib/python3.7/site-packages/airflow/example_dags/tutorial_taskflow_api.py took 0.151 seconds
[2023-10-04T08:13:44.106+0000] {processor.py:154} INFO - Started process (PID=337) to work on /home/airflow/.local/lib/python3.7/site-packages/airflow/example_dags/tutorial_taskflow_api.py
[2023-10-04T08:13:44.109+0000] {processor.py:756} INFO - Processing file /home/airflow/.local/lib/python3.7/site-packages/airflow/example_dags/tutorial_taskflow_api.py for tasks to queue
[2023-10-04T08:13:44.111+0000] {logging_mixin.py:120} INFO - [2023-10-04T08:13:44.111+0000] {dagbag.py:537} INFO - Filling up the DagBag from /home/airflow/.local/lib/python3.7/site-packages/airflow/example_dags/tutorial_taskflow_api.py
[2023-10-04T08:13:44.135+0000] {processor.py:766} INFO - DAG(s) dict_keys(['tutorial_taskflow_api']) retrieved from /home/airflow/.local/lib/python3.7/site-packages/airflow/example_dags/tutorial_taskflow_api.py
[2023-10-04T08:13:44.174+0000] {logging_mixin.py:120} INFO - [2023-10-04T08:13:44.174+0000] {dag.py:2585} INFO - Sync 1 DAGs
[2023-10-04T08:13:44.201+0000] {logging_mixin.py:120} INFO - [2023-10-04T08:13:44.200+0000] {dag.py:3340} INFO - Setting next_dagrun for tutorial_taskflow_api to None, run_after=None
[2023-10-04T08:13:44.228+0000] {processor.py:176} INFO - Processing /home/airflow/.local/lib/python3.7/site-packages/airflow/example_dags/tutorial_taskflow_api.py took 0.130 seconds
[2023-10-04T08:14:14.582+0000] {processor.py:154} INFO - Started process (PID=405) to work on /home/airflow/.local/lib/python3.7/site-packages/airflow/example_dags/tutorial_taskflow_api.py
[2023-10-04T08:14:14.584+0000] {processor.py:756} INFO - Processing file /home/airflow/.local/lib/python3.7/site-packages/airflow/example_dags/tutorial_taskflow_api.py for tasks to queue
[2023-10-04T08:14:14.587+0000] {logging_mixin.py:120} INFO - [2023-10-04T08:14:14.586+0000] {dagbag.py:537} INFO - Filling up the DagBag from /home/airflow/.local/lib/python3.7/site-packages/airflow/example_dags/tutorial_taskflow_api.py
[2023-10-04T08:14:14.612+0000] {processor.py:766} INFO - DAG(s) dict_keys(['tutorial_taskflow_api']) retrieved from /home/airflow/.local/lib/python3.7/site-packages/airflow/example_dags/tutorial_taskflow_api.py
[2023-10-04T08:14:14.648+0000] {logging_mixin.py:120} INFO - [2023-10-04T08:14:14.648+0000] {dag.py:2585} INFO - Sync 1 DAGs
[2023-10-04T08:14:14.669+0000] {logging_mixin.py:120} INFO - [2023-10-04T08:14:14.669+0000] {dag.py:3340} INFO - Setting next_dagrun for tutorial_taskflow_api to None, run_after=None
[2023-10-04T08:14:14.694+0000] {processor.py:176} INFO - Processing /home/airflow/.local/lib/python3.7/site-packages/airflow/example_dags/tutorial_taskflow_api.py took 0.119 seconds
[2023-10-04T08:14:45.032+0000] {processor.py:154} INFO - Started process (PID=473) to work on /home/airflow/.local/lib/python3.7/site-packages/airflow/example_dags/tutorial_taskflow_api.py
[2023-10-04T08:14:45.033+0000] {processor.py:756} INFO - Processing file /home/airflow/.local/lib/python3.7/site-packages/airflow/example_dags/tutorial_taskflow_api.py for tasks to queue
[2023-10-04T08:14:45.034+0000] {logging_mixin.py:120} INFO - [2023-10-04T08:14:45.034+0000] {dagbag.py:537} INFO - Filling up the DagBag from /home/airflow/.local/lib/python3.7/site-packages/airflow/example_dags/tutorial_taskflow_api.py
[2023-10-04T08:14:45.053+0000] {processor.py:766} INFO - DAG(s) dict_keys(['tutorial_taskflow_api']) retrieved from /home/airflow/.local/lib/python3.7/site-packages/airflow/example_dags/tutorial_taskflow_api.py
[2023-10-04T08:14:45.098+0000] {logging_mixin.py:120} INFO - [2023-10-04T08:14:45.098+0000] {dag.py:2585} INFO - Sync 1 DAGs
[2023-10-04T08:14:45.126+0000] {logging_mixin.py:120} INFO - [2023-10-04T08:14:45.126+0000] {dag.py:3340} INFO - Setting next_dagrun for tutorial_taskflow_api to None, run_after=None
[2023-10-04T08:14:45.155+0000] {processor.py:176} INFO - Processing /home/airflow/.local/lib/python3.7/site-packages/airflow/example_dags/tutorial_taskflow_api.py took 0.126 seconds
[2023-10-04T08:15:15.673+0000] {processor.py:154} INFO - Started process (PID=541) to work on /home/airflow/.local/lib/python3.7/site-packages/airflow/example_dags/tutorial_taskflow_api.py
[2023-10-04T08:15:15.674+0000] {processor.py:756} INFO - Processing file /home/airflow/.local/lib/python3.7/site-packages/airflow/example_dags/tutorial_taskflow_api.py for tasks to queue
[2023-10-04T08:15:15.676+0000] {logging_mixin.py:120} INFO - [2023-10-04T08:15:15.676+0000] {dagbag.py:537} INFO - Filling up the DagBag from /home/airflow/.local/lib/python3.7/site-packages/airflow/example_dags/tutorial_taskflow_api.py
[2023-10-04T08:15:15.698+0000] {processor.py:766} INFO - DAG(s) dict_keys(['tutorial_taskflow_api']) retrieved from /home/airflow/.local/lib/python3.7/site-packages/airflow/example_dags/tutorial_taskflow_api.py
[2023-10-04T08:15:15.741+0000] {logging_mixin.py:120} INFO - [2023-10-04T08:15:15.740+0000] {dag.py:2585} INFO - Sync 1 DAGs
[2023-10-04T08:15:15.768+0000] {logging_mixin.py:120} INFO - [2023-10-04T08:15:15.768+0000] {dag.py:3340} INFO - Setting next_dagrun for tutorial_taskflow_api to None, run_after=None
[2023-10-04T08:15:15.791+0000] {processor.py:176} INFO - Processing /home/airflow/.local/lib/python3.7/site-packages/airflow/example_dags/tutorial_taskflow_api.py took 0.121 seconds
[2023-10-04T08:15:46.484+0000] {processor.py:154} INFO - Started process (PID=600) to work on /home/airflow/.local/lib/python3.7/site-packages/airflow/example_dags/tutorial_taskflow_api.py
[2023-10-04T08:15:46.486+0000] {processor.py:756} INFO - Processing file /home/airflow/.local/lib/python3.7/site-packages/airflow/example_dags/tutorial_taskflow_api.py for tasks to queue
[2023-10-04T08:15:46.488+0000] {logging_mixin.py:120} INFO - [2023-10-04T08:15:46.487+0000] {dagbag.py:537} INFO - Filling up the DagBag from /home/airflow/.local/lib/python3.7/site-packages/airflow/example_dags/tutorial_taskflow_api.py
[2023-10-04T08:15:46.507+0000] {processor.py:766} INFO - DAG(s) dict_keys(['tutorial_taskflow_api']) retrieved from /home/airflow/.local/lib/python3.7/site-packages/airflow/example_dags/tutorial_taskflow_api.py
[2023-10-04T08:15:46.552+0000] {logging_mixin.py:120} INFO - [2023-10-04T08:15:46.551+0000] {dag.py:2585} INFO - Sync 1 DAGs
[2023-10-04T08:15:46.575+0000] {logging_mixin.py:120} INFO - [2023-10-04T08:15:46.575+0000] {dag.py:3340} INFO - Setting next_dagrun for tutorial_taskflow_api to None, run_after=None
[2023-10-04T08:15:46.604+0000] {processor.py:176} INFO - Processing /home/airflow/.local/lib/python3.7/site-packages/airflow/example_dags/tutorial_taskflow_api.py took 0.128 seconds
[2023-10-04T08:16:16.646+0000] {processor.py:154} INFO - Started process (PID=666) to work on /home/airflow/.local/lib/python3.7/site-packages/airflow/example_dags/tutorial_taskflow_api.py
[2023-10-04T08:16:16.648+0000] {processor.py:756} INFO - Processing file /home/airflow/.local/lib/python3.7/site-packages/airflow/example_dags/tutorial_taskflow_api.py for tasks to queue
[2023-10-04T08:16:16.649+0000] {logging_mixin.py:120} INFO - [2023-10-04T08:16:16.648+0000] {dagbag.py:537} INFO - Filling up the DagBag from /home/airflow/.local/lib/python3.7/site-packages/airflow/example_dags/tutorial_taskflow_api.py
[2023-10-04T08:16:16.665+0000] {processor.py:766} INFO - DAG(s) dict_keys(['tutorial_taskflow_api']) retrieved from /home/airflow/.local/lib/python3.7/site-packages/airflow/example_dags/tutorial_taskflow_api.py
[2023-10-04T08:16:16.697+0000] {logging_mixin.py:120} INFO - [2023-10-04T08:16:16.697+0000] {dag.py:2585} INFO - Sync 1 DAGs
[2023-10-04T08:16:16.722+0000] {logging_mixin.py:120} INFO - [2023-10-04T08:16:16.722+0000] {dag.py:3340} INFO - Setting next_dagrun for tutorial_taskflow_api to None, run_after=None
[2023-10-04T08:16:16.742+0000] {processor.py:176} INFO - Processing /home/airflow/.local/lib/python3.7/site-packages/airflow/example_dags/tutorial_taskflow_api.py took 0.098 seconds
[2023-10-04T08:16:47.706+0000] {processor.py:154} INFO - Started process (PID=735) to work on /home/airflow/.local/lib/python3.7/site-packages/airflow/example_dags/tutorial_taskflow_api.py
[2023-10-04T08:16:47.709+0000] {processor.py:756} INFO - Processing file /home/airflow/.local/lib/python3.7/site-packages/airflow/example_dags/tutorial_taskflow_api.py for tasks to queue
[2023-10-04T08:16:47.711+0000] {logging_mixin.py:120} INFO - [2023-10-04T08:16:47.711+0000] {dagbag.py:537} INFO - Filling up the DagBag from /home/airflow/.local/lib/python3.7/site-packages/airflow/example_dags/tutorial_taskflow_api.py
[2023-10-04T08:16:47.742+0000] {processor.py:766} INFO - DAG(s) dict_keys(['tutorial_taskflow_api']) retrieved from /home/airflow/.local/lib/python3.7/site-packages/airflow/example_dags/tutorial_taskflow_api.py
[2023-10-04T08:16:47.791+0000] {logging_mixin.py:120} INFO - [2023-10-04T08:16:47.790+0000] {dag.py:2585} INFO - Sync 1 DAGs
[2023-10-04T08:16:47.830+0000] {logging_mixin.py:120} INFO - [2023-10-04T08:16:47.830+0000] {dag.py:3340} INFO - Setting next_dagrun for tutorial_taskflow_api to None, run_after=None
[2023-10-04T08:16:47.883+0000] {processor.py:176} INFO - Processing /home/airflow/.local/lib/python3.7/site-packages/airflow/example_dags/tutorial_taskflow_api.py took 0.182 seconds
[2023-10-04T08:17:18.134+0000] {processor.py:154} INFO - Started process (PID=794) to work on /home/airflow/.local/lib/python3.7/site-packages/airflow/example_dags/tutorial_taskflow_api.py
[2023-10-04T08:17:18.135+0000] {processor.py:756} INFO - Processing file /home/airflow/.local/lib/python3.7/site-packages/airflow/example_dags/tutorial_taskflow_api.py for tasks to queue
[2023-10-04T08:17:18.136+0000] {logging_mixin.py:120} INFO - [2023-10-04T08:17:18.136+0000] {dagbag.py:537} INFO - Filling up the DagBag from /home/airflow/.local/lib/python3.7/site-packages/airflow/example_dags/tutorial_taskflow_api.py
[2023-10-04T08:17:18.155+0000] {processor.py:766} INFO - DAG(s) dict_keys(['tutorial_taskflow_api']) retrieved from /home/airflow/.local/lib/python3.7/site-packages/airflow/example_dags/tutorial_taskflow_api.py
[2023-10-04T08:17:18.202+0000] {logging_mixin.py:120} INFO - [2023-10-04T08:17:18.202+0000] {dag.py:2585} INFO - Sync 1 DAGs
[2023-10-04T08:17:18.239+0000] {logging_mixin.py:120} INFO - [2023-10-04T08:17:18.239+0000] {dag.py:3340} INFO - Setting next_dagrun for tutorial_taskflow_api to None, run_after=None
[2023-10-04T08:17:18.272+0000] {processor.py:176} INFO - Processing /home/airflow/.local/lib/python3.7/site-packages/airflow/example_dags/tutorial_taskflow_api.py took 0.141 seconds
[2023-10-04T08:17:48.784+0000] {processor.py:154} INFO - Started process (PID=863) to work on /home/airflow/.local/lib/python3.7/site-packages/airflow/example_dags/tutorial_taskflow_api.py
[2023-10-04T08:17:48.787+0000] {processor.py:756} INFO - Processing file /home/airflow/.local/lib/python3.7/site-packages/airflow/example_dags/tutorial_taskflow_api.py for tasks to queue
[2023-10-04T08:17:48.790+0000] {logging_mixin.py:120} INFO - [2023-10-04T08:17:48.790+0000] {dagbag.py:537} INFO - Filling up the DagBag from /home/airflow/.local/lib/python3.7/site-packages/airflow/example_dags/tutorial_taskflow_api.py
[2023-10-04T08:17:48.819+0000] {processor.py:766} INFO - DAG(s) dict_keys(['tutorial_taskflow_api']) retrieved from /home/airflow/.local/lib/python3.7/site-packages/airflow/example_dags/tutorial_taskflow_api.py
[2023-10-04T08:17:48.969+0000] {logging_mixin.py:120} INFO - [2023-10-04T08:17:48.969+0000] {dag.py:2585} INFO - Sync 1 DAGs
[2023-10-04T08:17:49.011+0000] {logging_mixin.py:120} INFO - [2023-10-04T08:17:49.010+0000] {dag.py:3340} INFO - Setting next_dagrun for tutorial_taskflow_api to None, run_after=None
[2023-10-04T08:17:49.063+0000] {processor.py:176} INFO - Processing /home/airflow/.local/lib/python3.7/site-packages/airflow/example_dags/tutorial_taskflow_api.py took 0.282 seconds
[2023-10-04T08:18:19.938+0000] {processor.py:154} INFO - Started process (PID=931) to work on /home/airflow/.local/lib/python3.7/site-packages/airflow/example_dags/tutorial_taskflow_api.py
[2023-10-04T08:18:19.941+0000] {processor.py:756} INFO - Processing file /home/airflow/.local/lib/python3.7/site-packages/airflow/example_dags/tutorial_taskflow_api.py for tasks to queue
[2023-10-04T08:18:19.942+0000] {logging_mixin.py:120} INFO - [2023-10-04T08:18:19.942+0000] {dagbag.py:537} INFO - Filling up the DagBag from /home/airflow/.local/lib/python3.7/site-packages/airflow/example_dags/tutorial_taskflow_api.py
[2023-10-04T08:18:19.977+0000] {processor.py:766} INFO - DAG(s) dict_keys(['tutorial_taskflow_api']) retrieved from /home/airflow/.local/lib/python3.7/site-packages/airflow/example_dags/tutorial_taskflow_api.py
[2023-10-04T08:18:20.030+0000] {logging_mixin.py:120} INFO - [2023-10-04T08:18:20.030+0000] {dag.py:2585} INFO - Sync 1 DAGs
[2023-10-04T08:18:20.057+0000] {logging_mixin.py:120} INFO - [2023-10-04T08:18:20.057+0000] {dag.py:3340} INFO - Setting next_dagrun for tutorial_taskflow_api to None, run_after=None
[2023-10-04T08:18:20.084+0000] {processor.py:176} INFO - Processing /home/airflow/.local/lib/python3.7/site-packages/airflow/example_dags/tutorial_taskflow_api.py took 0.151 seconds
[2023-10-04T08:18:50.531+0000] {processor.py:154} INFO - Started process (PID=990) to work on /home/airflow/.local/lib/python3.7/site-packages/airflow/example_dags/tutorial_taskflow_api.py
[2023-10-04T08:18:50.533+0000] {processor.py:756} INFO - Processing file /home/airflow/.local/lib/python3.7/site-packages/airflow/example_dags/tutorial_taskflow_api.py for tasks to queue
[2023-10-04T08:18:50.535+0000] {logging_mixin.py:120} INFO - [2023-10-04T08:18:50.534+0000] {dagbag.py:537} INFO - Filling up the DagBag from /home/airflow/.local/lib/python3.7/site-packages/airflow/example_dags/tutorial_taskflow_api.py
[2023-10-04T08:18:50.561+0000] {processor.py:766} INFO - DAG(s) dict_keys(['tutorial_taskflow_api']) retrieved from /home/airflow/.local/lib/python3.7/site-packages/airflow/example_dags/tutorial_taskflow_api.py
[2023-10-04T08:18:50.605+0000] {logging_mixin.py:120} INFO - [2023-10-04T08:18:50.605+0000] {dag.py:2585} INFO - Sync 1 DAGs
[2023-10-04T08:18:50.637+0000] {logging_mixin.py:120} INFO - [2023-10-04T08:18:50.637+0000] {dag.py:3340} INFO - Setting next_dagrun for tutorial_taskflow_api to None, run_after=None
[2023-10-04T08:18:50.675+0000] {processor.py:176} INFO - Processing /home/airflow/.local/lib/python3.7/site-packages/airflow/example_dags/tutorial_taskflow_api.py took 0.147 seconds
[2023-10-04T08:19:21.112+0000] {processor.py:154} INFO - Started process (PID=1058) to work on /home/airflow/.local/lib/python3.7/site-packages/airflow/example_dags/tutorial_taskflow_api.py
[2023-10-04T08:19:21.118+0000] {processor.py:756} INFO - Processing file /home/airflow/.local/lib/python3.7/site-packages/airflow/example_dags/tutorial_taskflow_api.py for tasks to queue
[2023-10-04T08:19:21.123+0000] {logging_mixin.py:120} INFO - [2023-10-04T08:19:21.123+0000] {dagbag.py:537} INFO - Filling up the DagBag from /home/airflow/.local/lib/python3.7/site-packages/airflow/example_dags/tutorial_taskflow_api.py
[2023-10-04T08:19:21.165+0000] {processor.py:766} INFO - DAG(s) dict_keys(['tutorial_taskflow_api']) retrieved from /home/airflow/.local/lib/python3.7/site-packages/airflow/example_dags/tutorial_taskflow_api.py
[2023-10-04T08:19:21.235+0000] {logging_mixin.py:120} INFO - [2023-10-04T08:19:21.235+0000] {dag.py:2585} INFO - Sync 1 DAGs
[2023-10-04T08:19:21.286+0000] {logging_mixin.py:120} INFO - [2023-10-04T08:19:21.286+0000] {dag.py:3340} INFO - Setting next_dagrun for tutorial_taskflow_api to None, run_after=None
[2023-10-04T08:19:21.323+0000] {processor.py:176} INFO - Processing /home/airflow/.local/lib/python3.7/site-packages/airflow/example_dags/tutorial_taskflow_api.py took 0.216 seconds
[2023-10-04T08:19:52.268+0000] {processor.py:154} INFO - Started process (PID=1126) to work on /home/airflow/.local/lib/python3.7/site-packages/airflow/example_dags/tutorial_taskflow_api.py
[2023-10-04T08:19:52.272+0000] {processor.py:756} INFO - Processing file /home/airflow/.local/lib/python3.7/site-packages/airflow/example_dags/tutorial_taskflow_api.py for tasks to queue
[2023-10-04T08:19:52.276+0000] {logging_mixin.py:120} INFO - [2023-10-04T08:19:52.276+0000] {dagbag.py:537} INFO - Filling up the DagBag from /home/airflow/.local/lib/python3.7/site-packages/airflow/example_dags/tutorial_taskflow_api.py
[2023-10-04T08:19:52.365+0000] {processor.py:766} INFO - DAG(s) dict_keys(['tutorial_taskflow_api']) retrieved from /home/airflow/.local/lib/python3.7/site-packages/airflow/example_dags/tutorial_taskflow_api.py
[2023-10-04T08:19:52.517+0000] {logging_mixin.py:120} INFO - [2023-10-04T08:19:52.516+0000] {dag.py:2585} INFO - Sync 1 DAGs
[2023-10-04T08:19:52.636+0000] {logging_mixin.py:120} INFO - [2023-10-04T08:19:52.636+0000] {dag.py:3340} INFO - Setting next_dagrun for tutorial_taskflow_api to None, run_after=None
[2023-10-04T08:19:52.683+0000] {processor.py:176} INFO - Processing /home/airflow/.local/lib/python3.7/site-packages/airflow/example_dags/tutorial_taskflow_api.py took 0.430 seconds
