[2023-10-04T07:42:31.361+0000] {processor.py:154} INFO - Started process (PID=72) to work on /home/airflow/.local/lib/python3.7/site-packages/airflow/example_dags/tutorial_dag.py
[2023-10-04T07:42:31.364+0000] {processor.py:756} INFO - Processing file /home/airflow/.local/lib/python3.7/site-packages/airflow/example_dags/tutorial_dag.py for tasks to queue
[2023-10-04T07:42:31.367+0000] {logging_mixin.py:120} INFO - [2023-10-04T07:42:31.367+0000] {dagbag.py:537} INFO - Filling up the DagBag from /home/airflow/.local/lib/python3.7/site-packages/airflow/example_dags/tutorial_dag.py
[2023-10-04T07:42:31.388+0000] {processor.py:766} INFO - DAG(s) dict_keys(['tutorial_dag']) retrieved from /home/airflow/.local/lib/python3.7/site-packages/airflow/example_dags/tutorial_dag.py
[2023-10-04T07:42:31.455+0000] {logging_mixin.py:120} INFO - [2023-10-04T07:42:31.454+0000] {dag.py:2585} INFO - Sync 1 DAGs
[2023-10-04T07:42:31.488+0000] {logging_mixin.py:120} INFO - [2023-10-04T07:42:31.488+0000] {dag.py:3340} INFO - Setting next_dagrun for tutorial_dag to None, run_after=None
[2023-10-04T07:42:31.533+0000] {processor.py:176} INFO - Processing /home/airflow/.local/lib/python3.7/site-packages/airflow/example_dags/tutorial_dag.py took 0.175 seconds
[2023-10-04T07:43:01.698+0000] {processor.py:154} INFO - Started process (PID=130) to work on /home/airflow/.local/lib/python3.7/site-packages/airflow/example_dags/tutorial_dag.py
[2023-10-04T07:43:01.702+0000] {processor.py:756} INFO - Processing file /home/airflow/.local/lib/python3.7/site-packages/airflow/example_dags/tutorial_dag.py for tasks to queue
[2023-10-04T07:43:01.705+0000] {logging_mixin.py:120} INFO - [2023-10-04T07:43:01.704+0000] {dagbag.py:537} INFO - Filling up the DagBag from /home/airflow/.local/lib/python3.7/site-packages/airflow/example_dags/tutorial_dag.py
[2023-10-04T07:43:01.728+0000] {processor.py:766} INFO - DAG(s) dict_keys(['tutorial_dag']) retrieved from /home/airflow/.local/lib/python3.7/site-packages/airflow/example_dags/tutorial_dag.py
[2023-10-04T07:43:01.780+0000] {logging_mixin.py:120} INFO - [2023-10-04T07:43:01.779+0000] {dag.py:2585} INFO - Sync 1 DAGs
[2023-10-04T07:43:01.811+0000] {logging_mixin.py:120} INFO - [2023-10-04T07:43:01.811+0000] {dag.py:3340} INFO - Setting next_dagrun for tutorial_dag to None, run_after=None
[2023-10-04T07:43:01.841+0000] {processor.py:176} INFO - Processing /home/airflow/.local/lib/python3.7/site-packages/airflow/example_dags/tutorial_dag.py took 0.149 seconds
[2023-10-04T07:43:32.048+0000] {processor.py:154} INFO - Started process (PID=198) to work on /home/airflow/.local/lib/python3.7/site-packages/airflow/example_dags/tutorial_dag.py
[2023-10-04T07:43:32.052+0000] {processor.py:756} INFO - Processing file /home/airflow/.local/lib/python3.7/site-packages/airflow/example_dags/tutorial_dag.py for tasks to queue
[2023-10-04T07:43:32.054+0000] {logging_mixin.py:120} INFO - [2023-10-04T07:43:32.054+0000] {dagbag.py:537} INFO - Filling up the DagBag from /home/airflow/.local/lib/python3.7/site-packages/airflow/example_dags/tutorial_dag.py
[2023-10-04T07:43:32.070+0000] {processor.py:766} INFO - DAG(s) dict_keys(['tutorial_dag']) retrieved from /home/airflow/.local/lib/python3.7/site-packages/airflow/example_dags/tutorial_dag.py
[2023-10-04T07:43:32.132+0000] {logging_mixin.py:120} INFO - [2023-10-04T07:43:32.131+0000] {dag.py:2585} INFO - Sync 1 DAGs
[2023-10-04T07:43:32.173+0000] {logging_mixin.py:120} INFO - [2023-10-04T07:43:32.173+0000] {dag.py:3340} INFO - Setting next_dagrun for tutorial_dag to None, run_after=None
[2023-10-04T07:43:32.215+0000] {processor.py:176} INFO - Processing /home/airflow/.local/lib/python3.7/site-packages/airflow/example_dags/tutorial_dag.py took 0.175 seconds
[2023-10-04T07:44:02.303+0000] {processor.py:154} INFO - Started process (PID=256) to work on /home/airflow/.local/lib/python3.7/site-packages/airflow/example_dags/tutorial_dag.py
[2023-10-04T07:44:02.305+0000] {processor.py:756} INFO - Processing file /home/airflow/.local/lib/python3.7/site-packages/airflow/example_dags/tutorial_dag.py for tasks to queue
[2023-10-04T07:44:02.306+0000] {logging_mixin.py:120} INFO - [2023-10-04T07:44:02.306+0000] {dagbag.py:537} INFO - Filling up the DagBag from /home/airflow/.local/lib/python3.7/site-packages/airflow/example_dags/tutorial_dag.py
[2023-10-04T07:44:02.320+0000] {processor.py:766} INFO - DAG(s) dict_keys(['tutorial_dag']) retrieved from /home/airflow/.local/lib/python3.7/site-packages/airflow/example_dags/tutorial_dag.py
[2023-10-04T07:44:02.364+0000] {logging_mixin.py:120} INFO - [2023-10-04T07:44:02.364+0000] {dag.py:2585} INFO - Sync 1 DAGs
[2023-10-04T07:44:02.384+0000] {logging_mixin.py:120} INFO - [2023-10-04T07:44:02.384+0000] {dag.py:3340} INFO - Setting next_dagrun for tutorial_dag to None, run_after=None
[2023-10-04T07:44:02.405+0000] {processor.py:176} INFO - Processing /home/airflow/.local/lib/python3.7/site-packages/airflow/example_dags/tutorial_dag.py took 0.105 seconds
[2023-10-04T07:44:32.632+0000] {processor.py:154} INFO - Started process (PID=323) to work on /home/airflow/.local/lib/python3.7/site-packages/airflow/example_dags/tutorial_dag.py
[2023-10-04T07:44:32.633+0000] {processor.py:756} INFO - Processing file /home/airflow/.local/lib/python3.7/site-packages/airflow/example_dags/tutorial_dag.py for tasks to queue
[2023-10-04T07:44:32.635+0000] {logging_mixin.py:120} INFO - [2023-10-04T07:44:32.634+0000] {dagbag.py:537} INFO - Filling up the DagBag from /home/airflow/.local/lib/python3.7/site-packages/airflow/example_dags/tutorial_dag.py
[2023-10-04T07:44:32.644+0000] {processor.py:766} INFO - DAG(s) dict_keys(['tutorial_dag']) retrieved from /home/airflow/.local/lib/python3.7/site-packages/airflow/example_dags/tutorial_dag.py
[2023-10-04T07:44:32.679+0000] {logging_mixin.py:120} INFO - [2023-10-04T07:44:32.679+0000] {dag.py:2585} INFO - Sync 1 DAGs
[2023-10-04T07:44:32.701+0000] {logging_mixin.py:120} INFO - [2023-10-04T07:44:32.701+0000] {dag.py:3340} INFO - Setting next_dagrun for tutorial_dag to None, run_after=None
[2023-10-04T07:44:32.724+0000] {processor.py:176} INFO - Processing /home/airflow/.local/lib/python3.7/site-packages/airflow/example_dags/tutorial_dag.py took 0.095 seconds
[2023-10-04T07:45:03.316+0000] {processor.py:154} INFO - Started process (PID=390) to work on /home/airflow/.local/lib/python3.7/site-packages/airflow/example_dags/tutorial_dag.py
[2023-10-04T07:45:03.318+0000] {processor.py:756} INFO - Processing file /home/airflow/.local/lib/python3.7/site-packages/airflow/example_dags/tutorial_dag.py for tasks to queue
[2023-10-04T07:45:03.319+0000] {logging_mixin.py:120} INFO - [2023-10-04T07:45:03.319+0000] {dagbag.py:537} INFO - Filling up the DagBag from /home/airflow/.local/lib/python3.7/site-packages/airflow/example_dags/tutorial_dag.py
[2023-10-04T07:45:03.333+0000] {processor.py:766} INFO - DAG(s) dict_keys(['tutorial_dag']) retrieved from /home/airflow/.local/lib/python3.7/site-packages/airflow/example_dags/tutorial_dag.py
[2023-10-04T07:45:03.374+0000] {logging_mixin.py:120} INFO - [2023-10-04T07:45:03.373+0000] {dag.py:2585} INFO - Sync 1 DAGs
[2023-10-04T07:45:03.401+0000] {logging_mixin.py:120} INFO - [2023-10-04T07:45:03.401+0000] {dag.py:3340} INFO - Setting next_dagrun for tutorial_dag to None, run_after=None
[2023-10-04T07:45:03.423+0000] {processor.py:176} INFO - Processing /home/airflow/.local/lib/python3.7/site-packages/airflow/example_dags/tutorial_dag.py took 0.110 seconds
[2023-10-04T07:45:33.901+0000] {processor.py:154} INFO - Started process (PID=457) to work on /home/airflow/.local/lib/python3.7/site-packages/airflow/example_dags/tutorial_dag.py
[2023-10-04T07:45:33.903+0000] {processor.py:756} INFO - Processing file /home/airflow/.local/lib/python3.7/site-packages/airflow/example_dags/tutorial_dag.py for tasks to queue
[2023-10-04T07:45:33.904+0000] {logging_mixin.py:120} INFO - [2023-10-04T07:45:33.904+0000] {dagbag.py:537} INFO - Filling up the DagBag from /home/airflow/.local/lib/python3.7/site-packages/airflow/example_dags/tutorial_dag.py
[2023-10-04T07:45:33.919+0000] {processor.py:766} INFO - DAG(s) dict_keys(['tutorial_dag']) retrieved from /home/airflow/.local/lib/python3.7/site-packages/airflow/example_dags/tutorial_dag.py
[2023-10-04T07:45:33.963+0000] {logging_mixin.py:120} INFO - [2023-10-04T07:45:33.963+0000] {dag.py:2585} INFO - Sync 1 DAGs
[2023-10-04T07:45:33.991+0000] {logging_mixin.py:120} INFO - [2023-10-04T07:45:33.990+0000] {dag.py:3340} INFO - Setting next_dagrun for tutorial_dag to None, run_after=None
[2023-10-04T07:45:34.013+0000] {processor.py:176} INFO - Processing /home/airflow/.local/lib/python3.7/site-packages/airflow/example_dags/tutorial_dag.py took 0.116 seconds
[2023-10-04T07:46:04.206+0000] {processor.py:154} INFO - Started process (PID=513) to work on /home/airflow/.local/lib/python3.7/site-packages/airflow/example_dags/tutorial_dag.py
[2023-10-04T07:46:04.207+0000] {processor.py:756} INFO - Processing file /home/airflow/.local/lib/python3.7/site-packages/airflow/example_dags/tutorial_dag.py for tasks to queue
[2023-10-04T07:46:04.209+0000] {logging_mixin.py:120} INFO - [2023-10-04T07:46:04.209+0000] {dagbag.py:537} INFO - Filling up the DagBag from /home/airflow/.local/lib/python3.7/site-packages/airflow/example_dags/tutorial_dag.py
[2023-10-04T07:46:04.220+0000] {processor.py:766} INFO - DAG(s) dict_keys(['tutorial_dag']) retrieved from /home/airflow/.local/lib/python3.7/site-packages/airflow/example_dags/tutorial_dag.py
[2023-10-04T07:46:04.253+0000] {logging_mixin.py:120} INFO - [2023-10-04T07:46:04.253+0000] {dag.py:2585} INFO - Sync 1 DAGs
[2023-10-04T07:46:04.275+0000] {logging_mixin.py:120} INFO - [2023-10-04T07:46:04.275+0000] {dag.py:3340} INFO - Setting next_dagrun for tutorial_dag to None, run_after=None
[2023-10-04T07:46:04.296+0000] {processor.py:176} INFO - Processing /home/airflow/.local/lib/python3.7/site-packages/airflow/example_dags/tutorial_dag.py took 0.092 seconds
[2023-10-04T07:46:34.573+0000] {processor.py:154} INFO - Started process (PID=580) to work on /home/airflow/.local/lib/python3.7/site-packages/airflow/example_dags/tutorial_dag.py
[2023-10-04T07:46:34.575+0000] {processor.py:756} INFO - Processing file /home/airflow/.local/lib/python3.7/site-packages/airflow/example_dags/tutorial_dag.py for tasks to queue
[2023-10-04T07:46:34.576+0000] {logging_mixin.py:120} INFO - [2023-10-04T07:46:34.576+0000] {dagbag.py:537} INFO - Filling up the DagBag from /home/airflow/.local/lib/python3.7/site-packages/airflow/example_dags/tutorial_dag.py
[2023-10-04T07:46:34.587+0000] {processor.py:766} INFO - DAG(s) dict_keys(['tutorial_dag']) retrieved from /home/airflow/.local/lib/python3.7/site-packages/airflow/example_dags/tutorial_dag.py
[2023-10-04T07:46:34.622+0000] {logging_mixin.py:120} INFO - [2023-10-04T07:46:34.622+0000] {dag.py:2585} INFO - Sync 1 DAGs
[2023-10-04T07:46:34.643+0000] {logging_mixin.py:120} INFO - [2023-10-04T07:46:34.643+0000] {dag.py:3340} INFO - Setting next_dagrun for tutorial_dag to None, run_after=None
[2023-10-04T07:46:34.665+0000] {processor.py:176} INFO - Processing /home/airflow/.local/lib/python3.7/site-packages/airflow/example_dags/tutorial_dag.py took 0.095 seconds
[2023-10-04T07:47:05.113+0000] {processor.py:154} INFO - Started process (PID=647) to work on /home/airflow/.local/lib/python3.7/site-packages/airflow/example_dags/tutorial_dag.py
[2023-10-04T07:47:05.115+0000] {processor.py:756} INFO - Processing file /home/airflow/.local/lib/python3.7/site-packages/airflow/example_dags/tutorial_dag.py for tasks to queue
[2023-10-04T07:47:05.116+0000] {logging_mixin.py:120} INFO - [2023-10-04T07:47:05.116+0000] {dagbag.py:537} INFO - Filling up the DagBag from /home/airflow/.local/lib/python3.7/site-packages/airflow/example_dags/tutorial_dag.py
[2023-10-04T07:47:05.127+0000] {processor.py:766} INFO - DAG(s) dict_keys(['tutorial_dag']) retrieved from /home/airflow/.local/lib/python3.7/site-packages/airflow/example_dags/tutorial_dag.py
[2023-10-04T07:47:05.164+0000] {logging_mixin.py:120} INFO - [2023-10-04T07:47:05.164+0000] {dag.py:2585} INFO - Sync 1 DAGs
[2023-10-04T07:47:05.182+0000] {logging_mixin.py:120} INFO - [2023-10-04T07:47:05.182+0000] {dag.py:3340} INFO - Setting next_dagrun for tutorial_dag to None, run_after=None
[2023-10-04T07:47:05.201+0000] {processor.py:176} INFO - Processing /home/airflow/.local/lib/python3.7/site-packages/airflow/example_dags/tutorial_dag.py took 0.090 seconds
[2023-10-04T07:47:35.335+0000] {processor.py:154} INFO - Started process (PID=712) to work on /home/airflow/.local/lib/python3.7/site-packages/airflow/example_dags/tutorial_dag.py
[2023-10-04T07:47:35.337+0000] {processor.py:756} INFO - Processing file /home/airflow/.local/lib/python3.7/site-packages/airflow/example_dags/tutorial_dag.py for tasks to queue
[2023-10-04T07:47:35.338+0000] {logging_mixin.py:120} INFO - [2023-10-04T07:47:35.338+0000] {dagbag.py:537} INFO - Filling up the DagBag from /home/airflow/.local/lib/python3.7/site-packages/airflow/example_dags/tutorial_dag.py
[2023-10-04T07:47:35.351+0000] {processor.py:766} INFO - DAG(s) dict_keys(['tutorial_dag']) retrieved from /home/airflow/.local/lib/python3.7/site-packages/airflow/example_dags/tutorial_dag.py
[2023-10-04T07:47:35.394+0000] {logging_mixin.py:120} INFO - [2023-10-04T07:47:35.394+0000] {dag.py:2585} INFO - Sync 1 DAGs
[2023-10-04T07:47:35.420+0000] {logging_mixin.py:120} INFO - [2023-10-04T07:47:35.420+0000] {dag.py:3340} INFO - Setting next_dagrun for tutorial_dag to None, run_after=None
[2023-10-04T07:47:35.445+0000] {processor.py:176} INFO - Processing /home/airflow/.local/lib/python3.7/site-packages/airflow/example_dags/tutorial_dag.py took 0.113 seconds
[2023-10-04T07:48:06.020+0000] {processor.py:154} INFO - Started process (PID=772) to work on /home/airflow/.local/lib/python3.7/site-packages/airflow/example_dags/tutorial_dag.py
[2023-10-04T07:48:06.022+0000] {processor.py:756} INFO - Processing file /home/airflow/.local/lib/python3.7/site-packages/airflow/example_dags/tutorial_dag.py for tasks to queue
[2023-10-04T07:48:06.023+0000] {logging_mixin.py:120} INFO - [2023-10-04T07:48:06.023+0000] {dagbag.py:537} INFO - Filling up the DagBag from /home/airflow/.local/lib/python3.7/site-packages/airflow/example_dags/tutorial_dag.py
[2023-10-04T07:48:06.034+0000] {processor.py:766} INFO - DAG(s) dict_keys(['tutorial_dag']) retrieved from /home/airflow/.local/lib/python3.7/site-packages/airflow/example_dags/tutorial_dag.py
[2023-10-04T07:48:06.071+0000] {logging_mixin.py:120} INFO - [2023-10-04T07:48:06.071+0000] {dag.py:2585} INFO - Sync 1 DAGs
[2023-10-04T07:48:06.091+0000] {logging_mixin.py:120} INFO - [2023-10-04T07:48:06.091+0000] {dag.py:3340} INFO - Setting next_dagrun for tutorial_dag to None, run_after=None
[2023-10-04T07:48:06.109+0000] {processor.py:176} INFO - Processing /home/airflow/.local/lib/python3.7/site-packages/airflow/example_dags/tutorial_dag.py took 0.092 seconds
[2023-10-04T07:48:36.671+0000] {processor.py:154} INFO - Started process (PID=839) to work on /home/airflow/.local/lib/python3.7/site-packages/airflow/example_dags/tutorial_dag.py
[2023-10-04T07:48:36.674+0000] {processor.py:756} INFO - Processing file /home/airflow/.local/lib/python3.7/site-packages/airflow/example_dags/tutorial_dag.py for tasks to queue
[2023-10-04T07:48:36.676+0000] {logging_mixin.py:120} INFO - [2023-10-04T07:48:36.676+0000] {dagbag.py:537} INFO - Filling up the DagBag from /home/airflow/.local/lib/python3.7/site-packages/airflow/example_dags/tutorial_dag.py
[2023-10-04T07:48:36.696+0000] {processor.py:766} INFO - DAG(s) dict_keys(['tutorial_dag']) retrieved from /home/airflow/.local/lib/python3.7/site-packages/airflow/example_dags/tutorial_dag.py
[2023-10-04T07:48:36.753+0000] {logging_mixin.py:120} INFO - [2023-10-04T07:48:36.752+0000] {dag.py:2585} INFO - Sync 1 DAGs
[2023-10-04T07:48:36.781+0000] {logging_mixin.py:120} INFO - [2023-10-04T07:48:36.780+0000] {dag.py:3340} INFO - Setting next_dagrun for tutorial_dag to None, run_after=None
[2023-10-04T07:48:36.807+0000] {processor.py:176} INFO - Processing /home/airflow/.local/lib/python3.7/site-packages/airflow/example_dags/tutorial_dag.py took 0.141 seconds
[2023-10-04T07:49:07.129+0000] {processor.py:154} INFO - Started process (PID=906) to work on /home/airflow/.local/lib/python3.7/site-packages/airflow/example_dags/tutorial_dag.py
[2023-10-04T07:49:07.131+0000] {processor.py:756} INFO - Processing file /home/airflow/.local/lib/python3.7/site-packages/airflow/example_dags/tutorial_dag.py for tasks to queue
[2023-10-04T07:49:07.132+0000] {logging_mixin.py:120} INFO - [2023-10-04T07:49:07.132+0000] {dagbag.py:537} INFO - Filling up the DagBag from /home/airflow/.local/lib/python3.7/site-packages/airflow/example_dags/tutorial_dag.py
[2023-10-04T07:49:07.143+0000] {processor.py:766} INFO - DAG(s) dict_keys(['tutorial_dag']) retrieved from /home/airflow/.local/lib/python3.7/site-packages/airflow/example_dags/tutorial_dag.py
[2023-10-04T07:49:07.178+0000] {logging_mixin.py:120} INFO - [2023-10-04T07:49:07.178+0000] {dag.py:2585} INFO - Sync 1 DAGs
[2023-10-04T07:49:07.203+0000] {logging_mixin.py:120} INFO - [2023-10-04T07:49:07.203+0000] {dag.py:3340} INFO - Setting next_dagrun for tutorial_dag to None, run_after=None
[2023-10-04T07:49:07.227+0000] {processor.py:176} INFO - Processing /home/airflow/.local/lib/python3.7/site-packages/airflow/example_dags/tutorial_dag.py took 0.100 seconds
[2023-10-04T07:49:37.632+0000] {processor.py:154} INFO - Started process (PID=964) to work on /home/airflow/.local/lib/python3.7/site-packages/airflow/example_dags/tutorial_dag.py
[2023-10-04T07:49:37.633+0000] {processor.py:756} INFO - Processing file /home/airflow/.local/lib/python3.7/site-packages/airflow/example_dags/tutorial_dag.py for tasks to queue
[2023-10-04T07:49:37.634+0000] {logging_mixin.py:120} INFO - [2023-10-04T07:49:37.634+0000] {dagbag.py:537} INFO - Filling up the DagBag from /home/airflow/.local/lib/python3.7/site-packages/airflow/example_dags/tutorial_dag.py
[2023-10-04T07:49:37.645+0000] {processor.py:766} INFO - DAG(s) dict_keys(['tutorial_dag']) retrieved from /home/airflow/.local/lib/python3.7/site-packages/airflow/example_dags/tutorial_dag.py
[2023-10-04T07:49:37.682+0000] {logging_mixin.py:120} INFO - [2023-10-04T07:49:37.682+0000] {dag.py:2585} INFO - Sync 1 DAGs
[2023-10-04T07:49:37.705+0000] {logging_mixin.py:120} INFO - [2023-10-04T07:49:37.705+0000] {dag.py:3340} INFO - Setting next_dagrun for tutorial_dag to None, run_after=None
[2023-10-04T07:49:37.729+0000] {processor.py:176} INFO - Processing /home/airflow/.local/lib/python3.7/site-packages/airflow/example_dags/tutorial_dag.py took 0.100 seconds
[2023-10-04T07:50:08.073+0000] {processor.py:154} INFO - Started process (PID=1032) to work on /home/airflow/.local/lib/python3.7/site-packages/airflow/example_dags/tutorial_dag.py
[2023-10-04T07:50:08.075+0000] {processor.py:756} INFO - Processing file /home/airflow/.local/lib/python3.7/site-packages/airflow/example_dags/tutorial_dag.py for tasks to queue
[2023-10-04T07:50:08.076+0000] {logging_mixin.py:120} INFO - [2023-10-04T07:50:08.076+0000] {dagbag.py:537} INFO - Filling up the DagBag from /home/airflow/.local/lib/python3.7/site-packages/airflow/example_dags/tutorial_dag.py
[2023-10-04T07:50:08.088+0000] {processor.py:766} INFO - DAG(s) dict_keys(['tutorial_dag']) retrieved from /home/airflow/.local/lib/python3.7/site-packages/airflow/example_dags/tutorial_dag.py
[2023-10-04T07:50:08.124+0000] {logging_mixin.py:120} INFO - [2023-10-04T07:50:08.124+0000] {dag.py:2585} INFO - Sync 1 DAGs
[2023-10-04T07:50:08.146+0000] {logging_mixin.py:120} INFO - [2023-10-04T07:50:08.146+0000] {dag.py:3340} INFO - Setting next_dagrun for tutorial_dag to None, run_after=None
[2023-10-04T07:50:08.170+0000] {processor.py:176} INFO - Processing /home/airflow/.local/lib/python3.7/site-packages/airflow/example_dags/tutorial_dag.py took 0.100 seconds
[2023-10-04T07:50:38.695+0000] {processor.py:154} INFO - Started process (PID=1099) to work on /home/airflow/.local/lib/python3.7/site-packages/airflow/example_dags/tutorial_dag.py
[2023-10-04T07:50:38.697+0000] {processor.py:756} INFO - Processing file /home/airflow/.local/lib/python3.7/site-packages/airflow/example_dags/tutorial_dag.py for tasks to queue
[2023-10-04T07:50:38.698+0000] {logging_mixin.py:120} INFO - [2023-10-04T07:50:38.698+0000] {dagbag.py:537} INFO - Filling up the DagBag from /home/airflow/.local/lib/python3.7/site-packages/airflow/example_dags/tutorial_dag.py
[2023-10-04T07:50:38.708+0000] {processor.py:766} INFO - DAG(s) dict_keys(['tutorial_dag']) retrieved from /home/airflow/.local/lib/python3.7/site-packages/airflow/example_dags/tutorial_dag.py
[2023-10-04T07:50:38.745+0000] {logging_mixin.py:120} INFO - [2023-10-04T07:50:38.745+0000] {dag.py:2585} INFO - Sync 1 DAGs
[2023-10-04T07:50:38.767+0000] {logging_mixin.py:120} INFO - [2023-10-04T07:50:38.767+0000] {dag.py:3340} INFO - Setting next_dagrun for tutorial_dag to None, run_after=None
[2023-10-04T07:50:38.787+0000] {processor.py:176} INFO - Processing /home/airflow/.local/lib/python3.7/site-packages/airflow/example_dags/tutorial_dag.py took 0.094 seconds
[2023-10-04T07:51:09.306+0000] {processor.py:154} INFO - Started process (PID=1167) to work on /home/airflow/.local/lib/python3.7/site-packages/airflow/example_dags/tutorial_dag.py
[2023-10-04T07:51:09.307+0000] {processor.py:756} INFO - Processing file /home/airflow/.local/lib/python3.7/site-packages/airflow/example_dags/tutorial_dag.py for tasks to queue
[2023-10-04T07:51:09.309+0000] {logging_mixin.py:120} INFO - [2023-10-04T07:51:09.308+0000] {dagbag.py:537} INFO - Filling up the DagBag from /home/airflow/.local/lib/python3.7/site-packages/airflow/example_dags/tutorial_dag.py
[2023-10-04T07:51:09.321+0000] {processor.py:766} INFO - DAG(s) dict_keys(['tutorial_dag']) retrieved from /home/airflow/.local/lib/python3.7/site-packages/airflow/example_dags/tutorial_dag.py
[2023-10-04T07:51:09.358+0000] {logging_mixin.py:120} INFO - [2023-10-04T07:51:09.358+0000] {dag.py:2585} INFO - Sync 1 DAGs
[2023-10-04T07:51:09.380+0000] {logging_mixin.py:120} INFO - [2023-10-04T07:51:09.380+0000] {dag.py:3340} INFO - Setting next_dagrun for tutorial_dag to None, run_after=None
[2023-10-04T07:51:09.403+0000] {processor.py:176} INFO - Processing /home/airflow/.local/lib/python3.7/site-packages/airflow/example_dags/tutorial_dag.py took 0.100 seconds
[2023-10-04T07:51:39.531+0000] {processor.py:154} INFO - Started process (PID=1225) to work on /home/airflow/.local/lib/python3.7/site-packages/airflow/example_dags/tutorial_dag.py
[2023-10-04T07:51:39.532+0000] {processor.py:756} INFO - Processing file /home/airflow/.local/lib/python3.7/site-packages/airflow/example_dags/tutorial_dag.py for tasks to queue
[2023-10-04T07:51:39.533+0000] {logging_mixin.py:120} INFO - [2023-10-04T07:51:39.533+0000] {dagbag.py:537} INFO - Filling up the DagBag from /home/airflow/.local/lib/python3.7/site-packages/airflow/example_dags/tutorial_dag.py
[2023-10-04T07:51:39.543+0000] {processor.py:766} INFO - DAG(s) dict_keys(['tutorial_dag']) retrieved from /home/airflow/.local/lib/python3.7/site-packages/airflow/example_dags/tutorial_dag.py
[2023-10-04T07:51:39.576+0000] {logging_mixin.py:120} INFO - [2023-10-04T07:51:39.576+0000] {dag.py:2585} INFO - Sync 1 DAGs
[2023-10-04T07:51:39.602+0000] {logging_mixin.py:120} INFO - [2023-10-04T07:51:39.602+0000] {dag.py:3340} INFO - Setting next_dagrun for tutorial_dag to None, run_after=None
[2023-10-04T07:51:39.623+0000] {processor.py:176} INFO - Processing /home/airflow/.local/lib/python3.7/site-packages/airflow/example_dags/tutorial_dag.py took 0.095 seconds
[2023-10-04T07:52:10.334+0000] {processor.py:154} INFO - Started process (PID=1293) to work on /home/airflow/.local/lib/python3.7/site-packages/airflow/example_dags/tutorial_dag.py
[2023-10-04T07:52:10.335+0000] {processor.py:756} INFO - Processing file /home/airflow/.local/lib/python3.7/site-packages/airflow/example_dags/tutorial_dag.py for tasks to queue
[2023-10-04T07:52:10.337+0000] {logging_mixin.py:120} INFO - [2023-10-04T07:52:10.336+0000] {dagbag.py:537} INFO - Filling up the DagBag from /home/airflow/.local/lib/python3.7/site-packages/airflow/example_dags/tutorial_dag.py
[2023-10-04T07:52:10.347+0000] {processor.py:766} INFO - DAG(s) dict_keys(['tutorial_dag']) retrieved from /home/airflow/.local/lib/python3.7/site-packages/airflow/example_dags/tutorial_dag.py
[2023-10-04T07:52:10.384+0000] {logging_mixin.py:120} INFO - [2023-10-04T07:52:10.384+0000] {dag.py:2585} INFO - Sync 1 DAGs
[2023-10-04T07:52:10.408+0000] {logging_mixin.py:120} INFO - [2023-10-04T07:52:10.408+0000] {dag.py:3340} INFO - Setting next_dagrun for tutorial_dag to None, run_after=None
[2023-10-04T07:52:10.432+0000] {processor.py:176} INFO - Processing /home/airflow/.local/lib/python3.7/site-packages/airflow/example_dags/tutorial_dag.py took 0.101 seconds
[2023-10-04T07:52:40.867+0000] {processor.py:154} INFO - Started process (PID=1360) to work on /home/airflow/.local/lib/python3.7/site-packages/airflow/example_dags/tutorial_dag.py
[2023-10-04T07:52:40.868+0000] {processor.py:756} INFO - Processing file /home/airflow/.local/lib/python3.7/site-packages/airflow/example_dags/tutorial_dag.py for tasks to queue
[2023-10-04T07:52:40.869+0000] {logging_mixin.py:120} INFO - [2023-10-04T07:52:40.869+0000] {dagbag.py:537} INFO - Filling up the DagBag from /home/airflow/.local/lib/python3.7/site-packages/airflow/example_dags/tutorial_dag.py
[2023-10-04T07:52:40.880+0000] {processor.py:766} INFO - DAG(s) dict_keys(['tutorial_dag']) retrieved from /home/airflow/.local/lib/python3.7/site-packages/airflow/example_dags/tutorial_dag.py
[2023-10-04T07:52:40.913+0000] {logging_mixin.py:120} INFO - [2023-10-04T07:52:40.913+0000] {dag.py:2585} INFO - Sync 1 DAGs
[2023-10-04T07:52:40.935+0000] {logging_mixin.py:120} INFO - [2023-10-04T07:52:40.935+0000] {dag.py:3340} INFO - Setting next_dagrun for tutorial_dag to None, run_after=None
[2023-10-04T07:52:40.953+0000] {processor.py:176} INFO - Processing /home/airflow/.local/lib/python3.7/site-packages/airflow/example_dags/tutorial_dag.py took 0.088 seconds
[2023-10-04T07:53:11.518+0000] {processor.py:154} INFO - Started process (PID=1427) to work on /home/airflow/.local/lib/python3.7/site-packages/airflow/example_dags/tutorial_dag.py
[2023-10-04T07:53:11.520+0000] {processor.py:756} INFO - Processing file /home/airflow/.local/lib/python3.7/site-packages/airflow/example_dags/tutorial_dag.py for tasks to queue
[2023-10-04T07:53:11.521+0000] {logging_mixin.py:120} INFO - [2023-10-04T07:53:11.521+0000] {dagbag.py:537} INFO - Filling up the DagBag from /home/airflow/.local/lib/python3.7/site-packages/airflow/example_dags/tutorial_dag.py
[2023-10-04T07:53:11.537+0000] {processor.py:766} INFO - DAG(s) dict_keys(['tutorial_dag']) retrieved from /home/airflow/.local/lib/python3.7/site-packages/airflow/example_dags/tutorial_dag.py
[2023-10-04T07:53:11.580+0000] {logging_mixin.py:120} INFO - [2023-10-04T07:53:11.580+0000] {dag.py:2585} INFO - Sync 1 DAGs
[2023-10-04T07:53:11.607+0000] {logging_mixin.py:120} INFO - [2023-10-04T07:53:11.607+0000] {dag.py:3340} INFO - Setting next_dagrun for tutorial_dag to None, run_after=None
[2023-10-04T07:53:11.635+0000] {processor.py:176} INFO - Processing /home/airflow/.local/lib/python3.7/site-packages/airflow/example_dags/tutorial_dag.py took 0.120 seconds
[2023-10-04T07:53:41.951+0000] {processor.py:154} INFO - Started process (PID=1485) to work on /home/airflow/.local/lib/python3.7/site-packages/airflow/example_dags/tutorial_dag.py
[2023-10-04T07:53:41.953+0000] {processor.py:756} INFO - Processing file /home/airflow/.local/lib/python3.7/site-packages/airflow/example_dags/tutorial_dag.py for tasks to queue
[2023-10-04T07:53:41.954+0000] {logging_mixin.py:120} INFO - [2023-10-04T07:53:41.954+0000] {dagbag.py:537} INFO - Filling up the DagBag from /home/airflow/.local/lib/python3.7/site-packages/airflow/example_dags/tutorial_dag.py
[2023-10-04T07:53:41.966+0000] {processor.py:766} INFO - DAG(s) dict_keys(['tutorial_dag']) retrieved from /home/airflow/.local/lib/python3.7/site-packages/airflow/example_dags/tutorial_dag.py
[2023-10-04T07:53:42.001+0000] {logging_mixin.py:120} INFO - [2023-10-04T07:53:42.001+0000] {dag.py:2585} INFO - Sync 1 DAGs
[2023-10-04T07:53:42.027+0000] {logging_mixin.py:120} INFO - [2023-10-04T07:53:42.026+0000] {dag.py:3340} INFO - Setting next_dagrun for tutorial_dag to None, run_after=None
[2023-10-04T07:53:42.049+0000] {processor.py:176} INFO - Processing /home/airflow/.local/lib/python3.7/site-packages/airflow/example_dags/tutorial_dag.py took 0.102 seconds
[2023-10-04T07:54:12.701+0000] {processor.py:154} INFO - Started process (PID=1552) to work on /home/airflow/.local/lib/python3.7/site-packages/airflow/example_dags/tutorial_dag.py
[2023-10-04T07:54:12.703+0000] {processor.py:756} INFO - Processing file /home/airflow/.local/lib/python3.7/site-packages/airflow/example_dags/tutorial_dag.py for tasks to queue
[2023-10-04T07:54:12.704+0000] {logging_mixin.py:120} INFO - [2023-10-04T07:54:12.704+0000] {dagbag.py:537} INFO - Filling up the DagBag from /home/airflow/.local/lib/python3.7/site-packages/airflow/example_dags/tutorial_dag.py
[2023-10-04T07:54:12.718+0000] {processor.py:766} INFO - DAG(s) dict_keys(['tutorial_dag']) retrieved from /home/airflow/.local/lib/python3.7/site-packages/airflow/example_dags/tutorial_dag.py
[2023-10-04T07:54:12.760+0000] {logging_mixin.py:120} INFO - [2023-10-04T07:54:12.760+0000] {dag.py:2585} INFO - Sync 1 DAGs
[2023-10-04T07:54:12.784+0000] {logging_mixin.py:120} INFO - [2023-10-04T07:54:12.784+0000] {dag.py:3340} INFO - Setting next_dagrun for tutorial_dag to None, run_after=None
[2023-10-04T07:54:12.807+0000] {processor.py:176} INFO - Processing /home/airflow/.local/lib/python3.7/site-packages/airflow/example_dags/tutorial_dag.py took 0.109 seconds
[2023-10-04T07:54:43.545+0000] {processor.py:154} INFO - Started process (PID=1619) to work on /home/airflow/.local/lib/python3.7/site-packages/airflow/example_dags/tutorial_dag.py
[2023-10-04T07:54:43.547+0000] {processor.py:756} INFO - Processing file /home/airflow/.local/lib/python3.7/site-packages/airflow/example_dags/tutorial_dag.py for tasks to queue
[2023-10-04T07:54:43.548+0000] {logging_mixin.py:120} INFO - [2023-10-04T07:54:43.548+0000] {dagbag.py:537} INFO - Filling up the DagBag from /home/airflow/.local/lib/python3.7/site-packages/airflow/example_dags/tutorial_dag.py
[2023-10-04T07:54:43.563+0000] {processor.py:766} INFO - DAG(s) dict_keys(['tutorial_dag']) retrieved from /home/airflow/.local/lib/python3.7/site-packages/airflow/example_dags/tutorial_dag.py
[2023-10-04T07:54:43.609+0000] {logging_mixin.py:120} INFO - [2023-10-04T07:54:43.609+0000] {dag.py:2585} INFO - Sync 1 DAGs
[2023-10-04T07:54:43.636+0000] {logging_mixin.py:120} INFO - [2023-10-04T07:54:43.636+0000] {dag.py:3340} INFO - Setting next_dagrun for tutorial_dag to None, run_after=None
[2023-10-04T07:54:43.665+0000] {processor.py:176} INFO - Processing /home/airflow/.local/lib/python3.7/site-packages/airflow/example_dags/tutorial_dag.py took 0.123 seconds
[2023-10-04T07:55:13.787+0000] {processor.py:154} INFO - Started process (PID=1677) to work on /home/airflow/.local/lib/python3.7/site-packages/airflow/example_dags/tutorial_dag.py
[2023-10-04T07:55:13.789+0000] {processor.py:756} INFO - Processing file /home/airflow/.local/lib/python3.7/site-packages/airflow/example_dags/tutorial_dag.py for tasks to queue
[2023-10-04T07:55:13.790+0000] {logging_mixin.py:120} INFO - [2023-10-04T07:55:13.790+0000] {dagbag.py:537} INFO - Filling up the DagBag from /home/airflow/.local/lib/python3.7/site-packages/airflow/example_dags/tutorial_dag.py
[2023-10-04T07:55:13.803+0000] {processor.py:766} INFO - DAG(s) dict_keys(['tutorial_dag']) retrieved from /home/airflow/.local/lib/python3.7/site-packages/airflow/example_dags/tutorial_dag.py
[2023-10-04T07:55:13.845+0000] {logging_mixin.py:120} INFO - [2023-10-04T07:55:13.845+0000] {dag.py:2585} INFO - Sync 1 DAGs
[2023-10-04T07:55:13.867+0000] {logging_mixin.py:120} INFO - [2023-10-04T07:55:13.867+0000] {dag.py:3340} INFO - Setting next_dagrun for tutorial_dag to None, run_after=None
[2023-10-04T07:55:13.890+0000] {processor.py:176} INFO - Processing /home/airflow/.local/lib/python3.7/site-packages/airflow/example_dags/tutorial_dag.py took 0.105 seconds
[2023-10-04T07:55:44.292+0000] {processor.py:154} INFO - Started process (PID=1744) to work on /home/airflow/.local/lib/python3.7/site-packages/airflow/example_dags/tutorial_dag.py
[2023-10-04T07:55:44.293+0000] {processor.py:756} INFO - Processing file /home/airflow/.local/lib/python3.7/site-packages/airflow/example_dags/tutorial_dag.py for tasks to queue
[2023-10-04T07:55:44.295+0000] {logging_mixin.py:120} INFO - [2023-10-04T07:55:44.295+0000] {dagbag.py:537} INFO - Filling up the DagBag from /home/airflow/.local/lib/python3.7/site-packages/airflow/example_dags/tutorial_dag.py
[2023-10-04T07:55:44.315+0000] {processor.py:766} INFO - DAG(s) dict_keys(['tutorial_dag']) retrieved from /home/airflow/.local/lib/python3.7/site-packages/airflow/example_dags/tutorial_dag.py
[2023-10-04T07:55:44.361+0000] {logging_mixin.py:120} INFO - [2023-10-04T07:55:44.361+0000] {dag.py:2585} INFO - Sync 1 DAGs
[2023-10-04T07:55:44.389+0000] {logging_mixin.py:120} INFO - [2023-10-04T07:55:44.388+0000] {dag.py:3340} INFO - Setting next_dagrun for tutorial_dag to None, run_after=None
[2023-10-04T07:55:44.412+0000] {processor.py:176} INFO - Processing /home/airflow/.local/lib/python3.7/site-packages/airflow/example_dags/tutorial_dag.py took 0.124 seconds
[2023-10-04T07:56:14.855+0000] {processor.py:154} INFO - Started process (PID=1811) to work on /home/airflow/.local/lib/python3.7/site-packages/airflow/example_dags/tutorial_dag.py
[2023-10-04T07:56:14.857+0000] {processor.py:756} INFO - Processing file /home/airflow/.local/lib/python3.7/site-packages/airflow/example_dags/tutorial_dag.py for tasks to queue
[2023-10-04T07:56:14.858+0000] {logging_mixin.py:120} INFO - [2023-10-04T07:56:14.858+0000] {dagbag.py:537} INFO - Filling up the DagBag from /home/airflow/.local/lib/python3.7/site-packages/airflow/example_dags/tutorial_dag.py
[2023-10-04T07:56:14.869+0000] {processor.py:766} INFO - DAG(s) dict_keys(['tutorial_dag']) retrieved from /home/airflow/.local/lib/python3.7/site-packages/airflow/example_dags/tutorial_dag.py
[2023-10-04T07:56:14.907+0000] {logging_mixin.py:120} INFO - [2023-10-04T07:56:14.907+0000] {dag.py:2585} INFO - Sync 1 DAGs
[2023-10-04T07:56:14.928+0000] {logging_mixin.py:120} INFO - [2023-10-04T07:56:14.928+0000] {dag.py:3340} INFO - Setting next_dagrun for tutorial_dag to None, run_after=None
[2023-10-04T07:56:14.949+0000] {processor.py:176} INFO - Processing /home/airflow/.local/lib/python3.7/site-packages/airflow/example_dags/tutorial_dag.py took 0.097 seconds
[2023-10-04T07:56:45.247+0000] {processor.py:154} INFO - Started process (PID=1878) to work on /home/airflow/.local/lib/python3.7/site-packages/airflow/example_dags/tutorial_dag.py
[2023-10-04T07:56:45.249+0000] {processor.py:756} INFO - Processing file /home/airflow/.local/lib/python3.7/site-packages/airflow/example_dags/tutorial_dag.py for tasks to queue
[2023-10-04T07:56:45.250+0000] {logging_mixin.py:120} INFO - [2023-10-04T07:56:45.250+0000] {dagbag.py:537} INFO - Filling up the DagBag from /home/airflow/.local/lib/python3.7/site-packages/airflow/example_dags/tutorial_dag.py
[2023-10-04T07:56:45.260+0000] {processor.py:766} INFO - DAG(s) dict_keys(['tutorial_dag']) retrieved from /home/airflow/.local/lib/python3.7/site-packages/airflow/example_dags/tutorial_dag.py
[2023-10-04T07:56:45.295+0000] {logging_mixin.py:120} INFO - [2023-10-04T07:56:45.295+0000] {dag.py:2585} INFO - Sync 1 DAGs
[2023-10-04T07:56:45.319+0000] {logging_mixin.py:120} INFO - [2023-10-04T07:56:45.319+0000] {dag.py:3340} INFO - Setting next_dagrun for tutorial_dag to None, run_after=None
[2023-10-04T07:56:45.344+0000] {processor.py:176} INFO - Processing /home/airflow/.local/lib/python3.7/site-packages/airflow/example_dags/tutorial_dag.py took 0.101 seconds
[2023-10-04T07:57:15.700+0000] {processor.py:154} INFO - Started process (PID=1936) to work on /home/airflow/.local/lib/python3.7/site-packages/airflow/example_dags/tutorial_dag.py
[2023-10-04T07:57:15.702+0000] {processor.py:756} INFO - Processing file /home/airflow/.local/lib/python3.7/site-packages/airflow/example_dags/tutorial_dag.py for tasks to queue
[2023-10-04T07:57:15.703+0000] {logging_mixin.py:120} INFO - [2023-10-04T07:57:15.703+0000] {dagbag.py:537} INFO - Filling up the DagBag from /home/airflow/.local/lib/python3.7/site-packages/airflow/example_dags/tutorial_dag.py
[2023-10-04T07:57:15.715+0000] {processor.py:766} INFO - DAG(s) dict_keys(['tutorial_dag']) retrieved from /home/airflow/.local/lib/python3.7/site-packages/airflow/example_dags/tutorial_dag.py
[2023-10-04T07:57:15.754+0000] {logging_mixin.py:120} INFO - [2023-10-04T07:57:15.754+0000] {dag.py:2585} INFO - Sync 1 DAGs
[2023-10-04T07:57:15.777+0000] {logging_mixin.py:120} INFO - [2023-10-04T07:57:15.777+0000] {dag.py:3340} INFO - Setting next_dagrun for tutorial_dag to None, run_after=None
[2023-10-04T07:57:15.805+0000] {processor.py:176} INFO - Processing /home/airflow/.local/lib/python3.7/site-packages/airflow/example_dags/tutorial_dag.py took 0.108 seconds
[2023-10-04T07:57:46.177+0000] {processor.py:154} INFO - Started process (PID=2004) to work on /home/airflow/.local/lib/python3.7/site-packages/airflow/example_dags/tutorial_dag.py
[2023-10-04T07:57:46.179+0000] {processor.py:756} INFO - Processing file /home/airflow/.local/lib/python3.7/site-packages/airflow/example_dags/tutorial_dag.py for tasks to queue
[2023-10-04T07:57:46.180+0000] {logging_mixin.py:120} INFO - [2023-10-04T07:57:46.180+0000] {dagbag.py:537} INFO - Filling up the DagBag from /home/airflow/.local/lib/python3.7/site-packages/airflow/example_dags/tutorial_dag.py
[2023-10-04T07:57:46.191+0000] {processor.py:766} INFO - DAG(s) dict_keys(['tutorial_dag']) retrieved from /home/airflow/.local/lib/python3.7/site-packages/airflow/example_dags/tutorial_dag.py
[2023-10-04T07:57:46.226+0000] {logging_mixin.py:120} INFO - [2023-10-04T07:57:46.226+0000] {dag.py:2585} INFO - Sync 1 DAGs
[2023-10-04T07:57:46.247+0000] {logging_mixin.py:120} INFO - [2023-10-04T07:57:46.246+0000] {dag.py:3340} INFO - Setting next_dagrun for tutorial_dag to None, run_after=None
[2023-10-04T07:57:46.267+0000] {processor.py:176} INFO - Processing /home/airflow/.local/lib/python3.7/site-packages/airflow/example_dags/tutorial_dag.py took 0.092 seconds
[2023-10-04T07:58:16.578+0000] {processor.py:154} INFO - Started process (PID=2071) to work on /home/airflow/.local/lib/python3.7/site-packages/airflow/example_dags/tutorial_dag.py
[2023-10-04T07:58:16.579+0000] {processor.py:756} INFO - Processing file /home/airflow/.local/lib/python3.7/site-packages/airflow/example_dags/tutorial_dag.py for tasks to queue
[2023-10-04T07:58:16.580+0000] {logging_mixin.py:120} INFO - [2023-10-04T07:58:16.580+0000] {dagbag.py:537} INFO - Filling up the DagBag from /home/airflow/.local/lib/python3.7/site-packages/airflow/example_dags/tutorial_dag.py
[2023-10-04T07:58:16.591+0000] {processor.py:766} INFO - DAG(s) dict_keys(['tutorial_dag']) retrieved from /home/airflow/.local/lib/python3.7/site-packages/airflow/example_dags/tutorial_dag.py
[2023-10-04T07:58:16.624+0000] {logging_mixin.py:120} INFO - [2023-10-04T07:58:16.624+0000] {dag.py:2585} INFO - Sync 1 DAGs
[2023-10-04T07:58:16.650+0000] {logging_mixin.py:120} INFO - [2023-10-04T07:58:16.650+0000] {dag.py:3340} INFO - Setting next_dagrun for tutorial_dag to None, run_after=None
[2023-10-04T07:58:16.669+0000] {processor.py:176} INFO - Processing /home/airflow/.local/lib/python3.7/site-packages/airflow/example_dags/tutorial_dag.py took 0.094 seconds
[2023-10-04T07:58:47.173+0000] {processor.py:154} INFO - Started process (PID=2138) to work on /home/airflow/.local/lib/python3.7/site-packages/airflow/example_dags/tutorial_dag.py
[2023-10-04T07:58:47.175+0000] {processor.py:756} INFO - Processing file /home/airflow/.local/lib/python3.7/site-packages/airflow/example_dags/tutorial_dag.py for tasks to queue
[2023-10-04T07:58:47.176+0000] {logging_mixin.py:120} INFO - [2023-10-04T07:58:47.176+0000] {dagbag.py:537} INFO - Filling up the DagBag from /home/airflow/.local/lib/python3.7/site-packages/airflow/example_dags/tutorial_dag.py
[2023-10-04T07:58:47.192+0000] {processor.py:766} INFO - DAG(s) dict_keys(['tutorial_dag']) retrieved from /home/airflow/.local/lib/python3.7/site-packages/airflow/example_dags/tutorial_dag.py
[2023-10-04T07:58:47.236+0000] {logging_mixin.py:120} INFO - [2023-10-04T07:58:47.235+0000] {dag.py:2585} INFO - Sync 1 DAGs
[2023-10-04T07:58:47.263+0000] {logging_mixin.py:120} INFO - [2023-10-04T07:58:47.263+0000] {dag.py:3340} INFO - Setting next_dagrun for tutorial_dag to None, run_after=None
[2023-10-04T07:58:47.291+0000] {processor.py:176} INFO - Processing /home/airflow/.local/lib/python3.7/site-packages/airflow/example_dags/tutorial_dag.py took 0.121 seconds
[2023-10-04T07:59:17.740+0000] {processor.py:154} INFO - Started process (PID=2197) to work on /home/airflow/.local/lib/python3.7/site-packages/airflow/example_dags/tutorial_dag.py
[2023-10-04T07:59:17.742+0000] {processor.py:756} INFO - Processing file /home/airflow/.local/lib/python3.7/site-packages/airflow/example_dags/tutorial_dag.py for tasks to queue
[2023-10-04T07:59:17.743+0000] {logging_mixin.py:120} INFO - [2023-10-04T07:59:17.743+0000] {dagbag.py:537} INFO - Filling up the DagBag from /home/airflow/.local/lib/python3.7/site-packages/airflow/example_dags/tutorial_dag.py
[2023-10-04T07:59:17.754+0000] {processor.py:766} INFO - DAG(s) dict_keys(['tutorial_dag']) retrieved from /home/airflow/.local/lib/python3.7/site-packages/airflow/example_dags/tutorial_dag.py
[2023-10-04T07:59:17.789+0000] {logging_mixin.py:120} INFO - [2023-10-04T07:59:17.789+0000] {dag.py:2585} INFO - Sync 1 DAGs
[2023-10-04T07:59:17.811+0000] {logging_mixin.py:120} INFO - [2023-10-04T07:59:17.811+0000] {dag.py:3340} INFO - Setting next_dagrun for tutorial_dag to None, run_after=None
[2023-10-04T07:59:17.833+0000] {processor.py:176} INFO - Processing /home/airflow/.local/lib/python3.7/site-packages/airflow/example_dags/tutorial_dag.py took 0.096 seconds
[2023-10-04T07:59:48.318+0000] {processor.py:154} INFO - Started process (PID=2264) to work on /home/airflow/.local/lib/python3.7/site-packages/airflow/example_dags/tutorial_dag.py
[2023-10-04T07:59:48.320+0000] {processor.py:756} INFO - Processing file /home/airflow/.local/lib/python3.7/site-packages/airflow/example_dags/tutorial_dag.py for tasks to queue
[2023-10-04T07:59:48.321+0000] {logging_mixin.py:120} INFO - [2023-10-04T07:59:48.321+0000] {dagbag.py:537} INFO - Filling up the DagBag from /home/airflow/.local/lib/python3.7/site-packages/airflow/example_dags/tutorial_dag.py
[2023-10-04T07:59:48.333+0000] {processor.py:766} INFO - DAG(s) dict_keys(['tutorial_dag']) retrieved from /home/airflow/.local/lib/python3.7/site-packages/airflow/example_dags/tutorial_dag.py
[2023-10-04T07:59:48.382+0000] {logging_mixin.py:120} INFO - [2023-10-04T07:59:48.382+0000] {dag.py:2585} INFO - Sync 1 DAGs
[2023-10-04T07:59:48.408+0000] {logging_mixin.py:120} INFO - [2023-10-04T07:59:48.408+0000] {dag.py:3340} INFO - Setting next_dagrun for tutorial_dag to None, run_after=None
[2023-10-04T07:59:48.429+0000] {processor.py:176} INFO - Processing /home/airflow/.local/lib/python3.7/site-packages/airflow/example_dags/tutorial_dag.py took 0.113 seconds
[2023-10-04T08:00:19.148+0000] {processor.py:154} INFO - Started process (PID=2331) to work on /home/airflow/.local/lib/python3.7/site-packages/airflow/example_dags/tutorial_dag.py
[2023-10-04T08:00:19.150+0000] {processor.py:756} INFO - Processing file /home/airflow/.local/lib/python3.7/site-packages/airflow/example_dags/tutorial_dag.py for tasks to queue
[2023-10-04T08:00:19.151+0000] {logging_mixin.py:120} INFO - [2023-10-04T08:00:19.151+0000] {dagbag.py:537} INFO - Filling up the DagBag from /home/airflow/.local/lib/python3.7/site-packages/airflow/example_dags/tutorial_dag.py
[2023-10-04T08:00:19.163+0000] {processor.py:766} INFO - DAG(s) dict_keys(['tutorial_dag']) retrieved from /home/airflow/.local/lib/python3.7/site-packages/airflow/example_dags/tutorial_dag.py
[2023-10-04T08:00:19.204+0000] {logging_mixin.py:120} INFO - [2023-10-04T08:00:19.204+0000] {dag.py:2585} INFO - Sync 1 DAGs
[2023-10-04T08:00:19.226+0000] {logging_mixin.py:120} INFO - [2023-10-04T08:00:19.226+0000] {dag.py:3340} INFO - Setting next_dagrun for tutorial_dag to None, run_after=None
[2023-10-04T08:00:19.249+0000] {processor.py:176} INFO - Processing /home/airflow/.local/lib/python3.7/site-packages/airflow/example_dags/tutorial_dag.py took 0.104 seconds
[2023-10-04T08:00:50.000+0000] {processor.py:154} INFO - Started process (PID=2399) to work on /home/airflow/.local/lib/python3.7/site-packages/airflow/example_dags/tutorial_dag.py
[2023-10-04T08:00:50.001+0000] {processor.py:756} INFO - Processing file /home/airflow/.local/lib/python3.7/site-packages/airflow/example_dags/tutorial_dag.py for tasks to queue
[2023-10-04T08:00:50.003+0000] {logging_mixin.py:120} INFO - [2023-10-04T08:00:50.002+0000] {dagbag.py:537} INFO - Filling up the DagBag from /home/airflow/.local/lib/python3.7/site-packages/airflow/example_dags/tutorial_dag.py
[2023-10-04T08:00:50.019+0000] {processor.py:766} INFO - DAG(s) dict_keys(['tutorial_dag']) retrieved from /home/airflow/.local/lib/python3.7/site-packages/airflow/example_dags/tutorial_dag.py
[2023-10-04T08:00:50.065+0000] {logging_mixin.py:120} INFO - [2023-10-04T08:00:50.065+0000] {dag.py:2585} INFO - Sync 1 DAGs
[2023-10-04T08:00:50.095+0000] {logging_mixin.py:120} INFO - [2023-10-04T08:00:50.094+0000] {dag.py:3340} INFO - Setting next_dagrun for tutorial_dag to None, run_after=None
[2023-10-04T08:00:50.123+0000] {processor.py:176} INFO - Processing /home/airflow/.local/lib/python3.7/site-packages/airflow/example_dags/tutorial_dag.py took 0.127 seconds
[2023-10-04T08:01:20.311+0000] {processor.py:154} INFO - Started process (PID=2457) to work on /home/airflow/.local/lib/python3.7/site-packages/airflow/example_dags/tutorial_dag.py
[2023-10-04T08:01:20.313+0000] {processor.py:756} INFO - Processing file /home/airflow/.local/lib/python3.7/site-packages/airflow/example_dags/tutorial_dag.py for tasks to queue
[2023-10-04T08:01:20.314+0000] {logging_mixin.py:120} INFO - [2023-10-04T08:01:20.313+0000] {dagbag.py:537} INFO - Filling up the DagBag from /home/airflow/.local/lib/python3.7/site-packages/airflow/example_dags/tutorial_dag.py
[2023-10-04T08:01:20.325+0000] {processor.py:766} INFO - DAG(s) dict_keys(['tutorial_dag']) retrieved from /home/airflow/.local/lib/python3.7/site-packages/airflow/example_dags/tutorial_dag.py
[2023-10-04T08:01:20.362+0000] {logging_mixin.py:120} INFO - [2023-10-04T08:01:20.361+0000] {dag.py:2585} INFO - Sync 1 DAGs
[2023-10-04T08:01:20.383+0000] {logging_mixin.py:120} INFO - [2023-10-04T08:01:20.383+0000] {dag.py:3340} INFO - Setting next_dagrun for tutorial_dag to None, run_after=None
[2023-10-04T08:01:20.407+0000] {processor.py:176} INFO - Processing /home/airflow/.local/lib/python3.7/site-packages/airflow/example_dags/tutorial_dag.py took 0.099 seconds
[2023-10-04T08:01:50.769+0000] {processor.py:154} INFO - Started process (PID=2524) to work on /home/airflow/.local/lib/python3.7/site-packages/airflow/example_dags/tutorial_dag.py
[2023-10-04T08:01:50.770+0000] {processor.py:756} INFO - Processing file /home/airflow/.local/lib/python3.7/site-packages/airflow/example_dags/tutorial_dag.py for tasks to queue
[2023-10-04T08:01:50.771+0000] {logging_mixin.py:120} INFO - [2023-10-04T08:01:50.771+0000] {dagbag.py:537} INFO - Filling up the DagBag from /home/airflow/.local/lib/python3.7/site-packages/airflow/example_dags/tutorial_dag.py
[2023-10-04T08:01:50.782+0000] {processor.py:766} INFO - DAG(s) dict_keys(['tutorial_dag']) retrieved from /home/airflow/.local/lib/python3.7/site-packages/airflow/example_dags/tutorial_dag.py
[2023-10-04T08:01:50.821+0000] {logging_mixin.py:120} INFO - [2023-10-04T08:01:50.821+0000] {dag.py:2585} INFO - Sync 1 DAGs
[2023-10-04T08:01:50.844+0000] {logging_mixin.py:120} INFO - [2023-10-04T08:01:50.844+0000] {dag.py:3340} INFO - Setting next_dagrun for tutorial_dag to None, run_after=None
[2023-10-04T08:01:50.867+0000] {processor.py:176} INFO - Processing /home/airflow/.local/lib/python3.7/site-packages/airflow/example_dags/tutorial_dag.py took 0.101 seconds
[2023-10-04T08:02:21.397+0000] {processor.py:154} INFO - Started process (PID=2592) to work on /home/airflow/.local/lib/python3.7/site-packages/airflow/example_dags/tutorial_dag.py
[2023-10-04T08:02:21.398+0000] {processor.py:756} INFO - Processing file /home/airflow/.local/lib/python3.7/site-packages/airflow/example_dags/tutorial_dag.py for tasks to queue
[2023-10-04T08:02:21.399+0000] {logging_mixin.py:120} INFO - [2023-10-04T08:02:21.399+0000] {dagbag.py:537} INFO - Filling up the DagBag from /home/airflow/.local/lib/python3.7/site-packages/airflow/example_dags/tutorial_dag.py
[2023-10-04T08:02:21.413+0000] {processor.py:766} INFO - DAG(s) dict_keys(['tutorial_dag']) retrieved from /home/airflow/.local/lib/python3.7/site-packages/airflow/example_dags/tutorial_dag.py
[2023-10-04T08:02:21.454+0000] {logging_mixin.py:120} INFO - [2023-10-04T08:02:21.454+0000] {dag.py:2585} INFO - Sync 1 DAGs
[2023-10-04T08:02:21.475+0000] {logging_mixin.py:120} INFO - [2023-10-04T08:02:21.475+0000] {dag.py:3340} INFO - Setting next_dagrun for tutorial_dag to None, run_after=None
[2023-10-04T08:02:21.499+0000] {processor.py:176} INFO - Processing /home/airflow/.local/lib/python3.7/site-packages/airflow/example_dags/tutorial_dag.py took 0.106 seconds
[2023-10-04T08:02:51.735+0000] {processor.py:154} INFO - Started process (PID=2650) to work on /home/airflow/.local/lib/python3.7/site-packages/airflow/example_dags/tutorial_dag.py
[2023-10-04T08:02:51.736+0000] {processor.py:756} INFO - Processing file /home/airflow/.local/lib/python3.7/site-packages/airflow/example_dags/tutorial_dag.py for tasks to queue
[2023-10-04T08:02:51.738+0000] {logging_mixin.py:120} INFO - [2023-10-04T08:02:51.738+0000] {dagbag.py:537} INFO - Filling up the DagBag from /home/airflow/.local/lib/python3.7/site-packages/airflow/example_dags/tutorial_dag.py
[2023-10-04T08:02:51.748+0000] {processor.py:766} INFO - DAG(s) dict_keys(['tutorial_dag']) retrieved from /home/airflow/.local/lib/python3.7/site-packages/airflow/example_dags/tutorial_dag.py
[2023-10-04T08:02:51.785+0000] {logging_mixin.py:120} INFO - [2023-10-04T08:02:51.784+0000] {dag.py:2585} INFO - Sync 1 DAGs
[2023-10-04T08:02:51.807+0000] {logging_mixin.py:120} INFO - [2023-10-04T08:02:51.807+0000] {dag.py:3340} INFO - Setting next_dagrun for tutorial_dag to None, run_after=None
[2023-10-04T08:02:51.827+0000] {processor.py:176} INFO - Processing /home/airflow/.local/lib/python3.7/site-packages/airflow/example_dags/tutorial_dag.py took 0.095 seconds
[2023-10-04T08:03:22.347+0000] {processor.py:154} INFO - Started process (PID=2717) to work on /home/airflow/.local/lib/python3.7/site-packages/airflow/example_dags/tutorial_dag.py
[2023-10-04T08:03:22.348+0000] {processor.py:756} INFO - Processing file /home/airflow/.local/lib/python3.7/site-packages/airflow/example_dags/tutorial_dag.py for tasks to queue
[2023-10-04T08:03:22.350+0000] {logging_mixin.py:120} INFO - [2023-10-04T08:03:22.349+0000] {dagbag.py:537} INFO - Filling up the DagBag from /home/airflow/.local/lib/python3.7/site-packages/airflow/example_dags/tutorial_dag.py
[2023-10-04T08:03:22.362+0000] {processor.py:766} INFO - DAG(s) dict_keys(['tutorial_dag']) retrieved from /home/airflow/.local/lib/python3.7/site-packages/airflow/example_dags/tutorial_dag.py
[2023-10-04T08:03:22.402+0000] {logging_mixin.py:120} INFO - [2023-10-04T08:03:22.401+0000] {dag.py:2585} INFO - Sync 1 DAGs
[2023-10-04T08:03:22.429+0000] {logging_mixin.py:120} INFO - [2023-10-04T08:03:22.429+0000] {dag.py:3340} INFO - Setting next_dagrun for tutorial_dag to None, run_after=None
[2023-10-04T08:03:22.459+0000] {processor.py:176} INFO - Processing /home/airflow/.local/lib/python3.7/site-packages/airflow/example_dags/tutorial_dag.py took 0.115 seconds
[2023-10-04T08:03:52.625+0000] {processor.py:154} INFO - Started process (PID=2784) to work on /home/airflow/.local/lib/python3.7/site-packages/airflow/example_dags/tutorial_dag.py
[2023-10-04T08:03:52.626+0000] {processor.py:756} INFO - Processing file /home/airflow/.local/lib/python3.7/site-packages/airflow/example_dags/tutorial_dag.py for tasks to queue
[2023-10-04T08:03:52.627+0000] {logging_mixin.py:120} INFO - [2023-10-04T08:03:52.627+0000] {dagbag.py:537} INFO - Filling up the DagBag from /home/airflow/.local/lib/python3.7/site-packages/airflow/example_dags/tutorial_dag.py
[2023-10-04T08:03:52.638+0000] {processor.py:766} INFO - DAG(s) dict_keys(['tutorial_dag']) retrieved from /home/airflow/.local/lib/python3.7/site-packages/airflow/example_dags/tutorial_dag.py
[2023-10-04T08:03:52.673+0000] {logging_mixin.py:120} INFO - [2023-10-04T08:03:52.673+0000] {dag.py:2585} INFO - Sync 1 DAGs
[2023-10-04T08:03:52.694+0000] {logging_mixin.py:120} INFO - [2023-10-04T08:03:52.694+0000] {dag.py:3340} INFO - Setting next_dagrun for tutorial_dag to None, run_after=None
[2023-10-04T08:03:52.718+0000] {processor.py:176} INFO - Processing /home/airflow/.local/lib/python3.7/site-packages/airflow/example_dags/tutorial_dag.py took 0.096 seconds
[2023-10-04T08:04:23.046+0000] {processor.py:154} INFO - Started process (PID=2851) to work on /home/airflow/.local/lib/python3.7/site-packages/airflow/example_dags/tutorial_dag.py
[2023-10-04T08:04:23.047+0000] {processor.py:756} INFO - Processing file /home/airflow/.local/lib/python3.7/site-packages/airflow/example_dags/tutorial_dag.py for tasks to queue
[2023-10-04T08:04:23.048+0000] {logging_mixin.py:120} INFO - [2023-10-04T08:04:23.048+0000] {dagbag.py:537} INFO - Filling up the DagBag from /home/airflow/.local/lib/python3.7/site-packages/airflow/example_dags/tutorial_dag.py
[2023-10-04T08:04:23.064+0000] {processor.py:766} INFO - DAG(s) dict_keys(['tutorial_dag']) retrieved from /home/airflow/.local/lib/python3.7/site-packages/airflow/example_dags/tutorial_dag.py
[2023-10-04T08:04:23.108+0000] {logging_mixin.py:120} INFO - [2023-10-04T08:04:23.108+0000] {dag.py:2585} INFO - Sync 1 DAGs
[2023-10-04T08:04:23.135+0000] {logging_mixin.py:120} INFO - [2023-10-04T08:04:23.135+0000] {dag.py:3340} INFO - Setting next_dagrun for tutorial_dag to None, run_after=None
[2023-10-04T08:04:23.162+0000] {processor.py:176} INFO - Processing /home/airflow/.local/lib/python3.7/site-packages/airflow/example_dags/tutorial_dag.py took 0.120 seconds
[2023-10-04T08:04:53.507+0000] {processor.py:154} INFO - Started process (PID=2909) to work on /home/airflow/.local/lib/python3.7/site-packages/airflow/example_dags/tutorial_dag.py
[2023-10-04T08:04:53.508+0000] {processor.py:756} INFO - Processing file /home/airflow/.local/lib/python3.7/site-packages/airflow/example_dags/tutorial_dag.py for tasks to queue
[2023-10-04T08:04:53.510+0000] {logging_mixin.py:120} INFO - [2023-10-04T08:04:53.510+0000] {dagbag.py:537} INFO - Filling up the DagBag from /home/airflow/.local/lib/python3.7/site-packages/airflow/example_dags/tutorial_dag.py
[2023-10-04T08:04:53.522+0000] {processor.py:766} INFO - DAG(s) dict_keys(['tutorial_dag']) retrieved from /home/airflow/.local/lib/python3.7/site-packages/airflow/example_dags/tutorial_dag.py
[2023-10-04T08:04:53.559+0000] {logging_mixin.py:120} INFO - [2023-10-04T08:04:53.559+0000] {dag.py:2585} INFO - Sync 1 DAGs
[2023-10-04T08:04:53.581+0000] {logging_mixin.py:120} INFO - [2023-10-04T08:04:53.581+0000] {dag.py:3340} INFO - Setting next_dagrun for tutorial_dag to None, run_after=None
[2023-10-04T08:04:53.604+0000] {processor.py:176} INFO - Processing /home/airflow/.local/lib/python3.7/site-packages/airflow/example_dags/tutorial_dag.py took 0.100 seconds
[2023-10-04T08:05:24.569+0000] {processor.py:154} INFO - Started process (PID=2976) to work on /home/airflow/.local/lib/python3.7/site-packages/airflow/example_dags/tutorial_dag.py
[2023-10-04T08:05:24.570+0000] {processor.py:756} INFO - Processing file /home/airflow/.local/lib/python3.7/site-packages/airflow/example_dags/tutorial_dag.py for tasks to queue
[2023-10-04T08:05:24.572+0000] {logging_mixin.py:120} INFO - [2023-10-04T08:05:24.572+0000] {dagbag.py:537} INFO - Filling up the DagBag from /home/airflow/.local/lib/python3.7/site-packages/airflow/example_dags/tutorial_dag.py
[2023-10-04T08:05:24.583+0000] {processor.py:766} INFO - DAG(s) dict_keys(['tutorial_dag']) retrieved from /home/airflow/.local/lib/python3.7/site-packages/airflow/example_dags/tutorial_dag.py
[2023-10-04T08:05:24.619+0000] {logging_mixin.py:120} INFO - [2023-10-04T08:05:24.619+0000] {dag.py:2585} INFO - Sync 1 DAGs
[2023-10-04T08:05:24.642+0000] {logging_mixin.py:120} INFO - [2023-10-04T08:05:24.642+0000] {dag.py:3340} INFO - Setting next_dagrun for tutorial_dag to None, run_after=None
[2023-10-04T08:05:24.662+0000] {processor.py:176} INFO - Processing /home/airflow/.local/lib/python3.7/site-packages/airflow/example_dags/tutorial_dag.py took 0.097 seconds
[2023-10-04T08:05:55.283+0000] {processor.py:154} INFO - Started process (PID=3043) to work on /home/airflow/.local/lib/python3.7/site-packages/airflow/example_dags/tutorial_dag.py
[2023-10-04T08:05:55.285+0000] {processor.py:756} INFO - Processing file /home/airflow/.local/lib/python3.7/site-packages/airflow/example_dags/tutorial_dag.py for tasks to queue
[2023-10-04T08:05:55.286+0000] {logging_mixin.py:120} INFO - [2023-10-04T08:05:55.286+0000] {dagbag.py:537} INFO - Filling up the DagBag from /home/airflow/.local/lib/python3.7/site-packages/airflow/example_dags/tutorial_dag.py
[2023-10-04T08:05:55.300+0000] {processor.py:766} INFO - DAG(s) dict_keys(['tutorial_dag']) retrieved from /home/airflow/.local/lib/python3.7/site-packages/airflow/example_dags/tutorial_dag.py
[2023-10-04T08:05:55.339+0000] {logging_mixin.py:120} INFO - [2023-10-04T08:05:55.339+0000] {dag.py:2585} INFO - Sync 1 DAGs
[2023-10-04T08:05:55.366+0000] {logging_mixin.py:120} INFO - [2023-10-04T08:05:55.366+0000] {dag.py:3340} INFO - Setting next_dagrun for tutorial_dag to None, run_after=None
[2023-10-04T08:05:55.387+0000] {processor.py:176} INFO - Processing /home/airflow/.local/lib/python3.7/site-packages/airflow/example_dags/tutorial_dag.py took 0.107 seconds
[2023-10-04T08:06:25.736+0000] {processor.py:154} INFO - Started process (PID=3110) to work on /home/airflow/.local/lib/python3.7/site-packages/airflow/example_dags/tutorial_dag.py
[2023-10-04T08:06:25.737+0000] {processor.py:756} INFO - Processing file /home/airflow/.local/lib/python3.7/site-packages/airflow/example_dags/tutorial_dag.py for tasks to queue
[2023-10-04T08:06:25.739+0000] {logging_mixin.py:120} INFO - [2023-10-04T08:06:25.739+0000] {dagbag.py:537} INFO - Filling up the DagBag from /home/airflow/.local/lib/python3.7/site-packages/airflow/example_dags/tutorial_dag.py
[2023-10-04T08:06:25.752+0000] {processor.py:766} INFO - DAG(s) dict_keys(['tutorial_dag']) retrieved from /home/airflow/.local/lib/python3.7/site-packages/airflow/example_dags/tutorial_dag.py
[2023-10-04T08:06:25.802+0000] {logging_mixin.py:120} INFO - [2023-10-04T08:06:25.802+0000] {dag.py:2585} INFO - Sync 1 DAGs
[2023-10-04T08:06:25.831+0000] {logging_mixin.py:120} INFO - [2023-10-04T08:06:25.831+0000] {dag.py:3340} INFO - Setting next_dagrun for tutorial_dag to None, run_after=None
[2023-10-04T08:06:25.863+0000] {processor.py:176} INFO - Processing /home/airflow/.local/lib/python3.7/site-packages/airflow/example_dags/tutorial_dag.py took 0.130 seconds
[2023-10-04T08:06:56.271+0000] {processor.py:154} INFO - Started process (PID=3168) to work on /home/airflow/.local/lib/python3.7/site-packages/airflow/example_dags/tutorial_dag.py
[2023-10-04T08:06:56.273+0000] {processor.py:756} INFO - Processing file /home/airflow/.local/lib/python3.7/site-packages/airflow/example_dags/tutorial_dag.py for tasks to queue
[2023-10-04T08:06:56.274+0000] {logging_mixin.py:120} INFO - [2023-10-04T08:06:56.274+0000] {dagbag.py:537} INFO - Filling up the DagBag from /home/airflow/.local/lib/python3.7/site-packages/airflow/example_dags/tutorial_dag.py
[2023-10-04T08:06:56.285+0000] {processor.py:766} INFO - DAG(s) dict_keys(['tutorial_dag']) retrieved from /home/airflow/.local/lib/python3.7/site-packages/airflow/example_dags/tutorial_dag.py
[2023-10-04T08:06:56.324+0000] {logging_mixin.py:120} INFO - [2023-10-04T08:06:56.323+0000] {dag.py:2585} INFO - Sync 1 DAGs
[2023-10-04T08:06:56.347+0000] {logging_mixin.py:120} INFO - [2023-10-04T08:06:56.346+0000] {dag.py:3340} INFO - Setting next_dagrun for tutorial_dag to None, run_after=None
[2023-10-04T08:06:56.369+0000] {processor.py:176} INFO - Processing /home/airflow/.local/lib/python3.7/site-packages/airflow/example_dags/tutorial_dag.py took 0.102 seconds
[2023-10-04T08:07:27.036+0000] {processor.py:154} INFO - Started process (PID=3235) to work on /home/airflow/.local/lib/python3.7/site-packages/airflow/example_dags/tutorial_dag.py
[2023-10-04T08:07:27.038+0000] {processor.py:756} INFO - Processing file /home/airflow/.local/lib/python3.7/site-packages/airflow/example_dags/tutorial_dag.py for tasks to queue
[2023-10-04T08:07:27.038+0000] {logging_mixin.py:120} INFO - [2023-10-04T08:07:27.038+0000] {dagbag.py:537} INFO - Filling up the DagBag from /home/airflow/.local/lib/python3.7/site-packages/airflow/example_dags/tutorial_dag.py
[2023-10-04T08:07:27.050+0000] {processor.py:766} INFO - DAG(s) dict_keys(['tutorial_dag']) retrieved from /home/airflow/.local/lib/python3.7/site-packages/airflow/example_dags/tutorial_dag.py
[2023-10-04T08:07:27.087+0000] {logging_mixin.py:120} INFO - [2023-10-04T08:07:27.087+0000] {dag.py:2585} INFO - Sync 1 DAGs
[2023-10-04T08:07:27.113+0000] {logging_mixin.py:120} INFO - [2023-10-04T08:07:27.113+0000] {dag.py:3340} INFO - Setting next_dagrun for tutorial_dag to None, run_after=None
[2023-10-04T08:07:27.136+0000] {processor.py:176} INFO - Processing /home/airflow/.local/lib/python3.7/site-packages/airflow/example_dags/tutorial_dag.py took 0.103 seconds
[2023-10-04T08:07:57.379+0000] {processor.py:154} INFO - Started process (PID=3302) to work on /home/airflow/.local/lib/python3.7/site-packages/airflow/example_dags/tutorial_dag.py
[2023-10-04T08:07:57.380+0000] {processor.py:756} INFO - Processing file /home/airflow/.local/lib/python3.7/site-packages/airflow/example_dags/tutorial_dag.py for tasks to queue
[2023-10-04T08:07:57.381+0000] {logging_mixin.py:120} INFO - [2023-10-04T08:07:57.381+0000] {dagbag.py:537} INFO - Filling up the DagBag from /home/airflow/.local/lib/python3.7/site-packages/airflow/example_dags/tutorial_dag.py
[2023-10-04T08:07:57.392+0000] {processor.py:766} INFO - DAG(s) dict_keys(['tutorial_dag']) retrieved from /home/airflow/.local/lib/python3.7/site-packages/airflow/example_dags/tutorial_dag.py
[2023-10-04T08:07:57.425+0000] {logging_mixin.py:120} INFO - [2023-10-04T08:07:57.425+0000] {dag.py:2585} INFO - Sync 1 DAGs
[2023-10-04T08:07:57.451+0000] {logging_mixin.py:120} INFO - [2023-10-04T08:07:57.451+0000] {dag.py:3340} INFO - Setting next_dagrun for tutorial_dag to None, run_after=None
[2023-10-04T08:07:57.484+0000] {processor.py:176} INFO - Processing /home/airflow/.local/lib/python3.7/site-packages/airflow/example_dags/tutorial_dag.py took 0.109 seconds
[2023-10-04T08:08:27.694+0000] {processor.py:154} INFO - Started process (PID=3360) to work on /home/airflow/.local/lib/python3.7/site-packages/airflow/example_dags/tutorial_dag.py
[2023-10-04T08:08:27.696+0000] {processor.py:756} INFO - Processing file /home/airflow/.local/lib/python3.7/site-packages/airflow/example_dags/tutorial_dag.py for tasks to queue
[2023-10-04T08:08:27.697+0000] {logging_mixin.py:120} INFO - [2023-10-04T08:08:27.697+0000] {dagbag.py:537} INFO - Filling up the DagBag from /home/airflow/.local/lib/python3.7/site-packages/airflow/example_dags/tutorial_dag.py
[2023-10-04T08:08:27.709+0000] {processor.py:766} INFO - DAG(s) dict_keys(['tutorial_dag']) retrieved from /home/airflow/.local/lib/python3.7/site-packages/airflow/example_dags/tutorial_dag.py
[2023-10-04T08:08:27.744+0000] {logging_mixin.py:120} INFO - [2023-10-04T08:08:27.744+0000] {dag.py:2585} INFO - Sync 1 DAGs
[2023-10-04T08:08:27.764+0000] {logging_mixin.py:120} INFO - [2023-10-04T08:08:27.764+0000] {dag.py:3340} INFO - Setting next_dagrun for tutorial_dag to None, run_after=None
[2023-10-04T08:08:27.785+0000] {processor.py:176} INFO - Processing /home/airflow/.local/lib/python3.7/site-packages/airflow/example_dags/tutorial_dag.py took 0.095 seconds
[2023-10-04T08:08:57.906+0000] {processor.py:154} INFO - Started process (PID=3428) to work on /home/airflow/.local/lib/python3.7/site-packages/airflow/example_dags/tutorial_dag.py
[2023-10-04T08:08:57.908+0000] {processor.py:756} INFO - Processing file /home/airflow/.local/lib/python3.7/site-packages/airflow/example_dags/tutorial_dag.py for tasks to queue
[2023-10-04T08:08:57.911+0000] {logging_mixin.py:120} INFO - [2023-10-04T08:08:57.911+0000] {dagbag.py:537} INFO - Filling up the DagBag from /home/airflow/.local/lib/python3.7/site-packages/airflow/example_dags/tutorial_dag.py
[2023-10-04T08:08:57.927+0000] {processor.py:766} INFO - DAG(s) dict_keys(['tutorial_dag']) retrieved from /home/airflow/.local/lib/python3.7/site-packages/airflow/example_dags/tutorial_dag.py
[2023-10-04T08:08:57.962+0000] {logging_mixin.py:120} INFO - [2023-10-04T08:08:57.962+0000] {dag.py:2585} INFO - Sync 1 DAGs
[2023-10-04T08:08:57.983+0000] {logging_mixin.py:120} INFO - [2023-10-04T08:08:57.983+0000] {dag.py:3340} INFO - Setting next_dagrun for tutorial_dag to None, run_after=None
[2023-10-04T08:08:58.005+0000] {processor.py:176} INFO - Processing /home/airflow/.local/lib/python3.7/site-packages/airflow/example_dags/tutorial_dag.py took 0.105 seconds
[2023-10-04T08:09:28.090+0000] {processor.py:154} INFO - Started process (PID=3495) to work on /home/airflow/.local/lib/python3.7/site-packages/airflow/example_dags/tutorial_dag.py
[2023-10-04T08:09:28.091+0000] {processor.py:756} INFO - Processing file /home/airflow/.local/lib/python3.7/site-packages/airflow/example_dags/tutorial_dag.py for tasks to queue
[2023-10-04T08:09:28.092+0000] {logging_mixin.py:120} INFO - [2023-10-04T08:09:28.092+0000] {dagbag.py:537} INFO - Filling up the DagBag from /home/airflow/.local/lib/python3.7/site-packages/airflow/example_dags/tutorial_dag.py
[2023-10-04T08:09:28.103+0000] {processor.py:766} INFO - DAG(s) dict_keys(['tutorial_dag']) retrieved from /home/airflow/.local/lib/python3.7/site-packages/airflow/example_dags/tutorial_dag.py
[2023-10-04T08:09:28.138+0000] {logging_mixin.py:120} INFO - [2023-10-04T08:09:28.138+0000] {dag.py:2585} INFO - Sync 1 DAGs
[2023-10-04T08:09:28.156+0000] {logging_mixin.py:120} INFO - [2023-10-04T08:09:28.156+0000] {dag.py:3340} INFO - Setting next_dagrun for tutorial_dag to None, run_after=None
[2023-10-04T08:09:28.172+0000] {processor.py:176} INFO - Processing /home/airflow/.local/lib/python3.7/site-packages/airflow/example_dags/tutorial_dag.py took 0.084 seconds
[2023-10-04T08:09:58.699+0000] {processor.py:154} INFO - Started process (PID=3562) to work on /home/airflow/.local/lib/python3.7/site-packages/airflow/example_dags/tutorial_dag.py
[2023-10-04T08:09:58.701+0000] {processor.py:756} INFO - Processing file /home/airflow/.local/lib/python3.7/site-packages/airflow/example_dags/tutorial_dag.py for tasks to queue
[2023-10-04T08:09:58.702+0000] {logging_mixin.py:120} INFO - [2023-10-04T08:09:58.702+0000] {dagbag.py:537} INFO - Filling up the DagBag from /home/airflow/.local/lib/python3.7/site-packages/airflow/example_dags/tutorial_dag.py
[2023-10-04T08:09:58.718+0000] {processor.py:766} INFO - DAG(s) dict_keys(['tutorial_dag']) retrieved from /home/airflow/.local/lib/python3.7/site-packages/airflow/example_dags/tutorial_dag.py
[2023-10-04T08:09:58.770+0000] {logging_mixin.py:120} INFO - [2023-10-04T08:09:58.770+0000] {dag.py:2585} INFO - Sync 1 DAGs
[2023-10-04T08:09:58.797+0000] {logging_mixin.py:120} INFO - [2023-10-04T08:09:58.797+0000] {dag.py:3340} INFO - Setting next_dagrun for tutorial_dag to None, run_after=None
[2023-10-04T08:09:58.820+0000] {processor.py:176} INFO - Processing /home/airflow/.local/lib/python3.7/site-packages/airflow/example_dags/tutorial_dag.py took 0.125 seconds
[2023-10-04T08:11:40.442+0000] {processor.py:154} INFO - Started process (PID=78) to work on /home/airflow/.local/lib/python3.7/site-packages/airflow/example_dags/tutorial_dag.py
[2023-10-04T08:11:40.446+0000] {processor.py:756} INFO - Processing file /home/airflow/.local/lib/python3.7/site-packages/airflow/example_dags/tutorial_dag.py for tasks to queue
[2023-10-04T08:11:40.449+0000] {logging_mixin.py:120} INFO - [2023-10-04T08:11:40.448+0000] {dagbag.py:537} INFO - Filling up the DagBag from /home/airflow/.local/lib/python3.7/site-packages/airflow/example_dags/tutorial_dag.py
[2023-10-04T08:11:40.480+0000] {processor.py:766} INFO - DAG(s) dict_keys(['tutorial_dag']) retrieved from /home/airflow/.local/lib/python3.7/site-packages/airflow/example_dags/tutorial_dag.py
[2023-10-04T08:11:40.636+0000] {logging_mixin.py:120} INFO - [2023-10-04T08:11:40.635+0000] {dag.py:2585} INFO - Sync 1 DAGs
[2023-10-04T08:11:40.711+0000] {logging_mixin.py:120} INFO - [2023-10-04T08:11:40.710+0000] {dag.py:3340} INFO - Setting next_dagrun for tutorial_dag to None, run_after=None
[2023-10-04T08:11:40.803+0000] {processor.py:176} INFO - Processing /home/airflow/.local/lib/python3.7/site-packages/airflow/example_dags/tutorial_dag.py took 0.372 seconds
[2023-10-04T08:12:10.998+0000] {processor.py:154} INFO - Started process (PID=137) to work on /home/airflow/.local/lib/python3.7/site-packages/airflow/example_dags/tutorial_dag.py
[2023-10-04T08:12:10.999+0000] {processor.py:756} INFO - Processing file /home/airflow/.local/lib/python3.7/site-packages/airflow/example_dags/tutorial_dag.py for tasks to queue
[2023-10-04T08:12:11.001+0000] {logging_mixin.py:120} INFO - [2023-10-04T08:12:11.001+0000] {dagbag.py:537} INFO - Filling up the DagBag from /home/airflow/.local/lib/python3.7/site-packages/airflow/example_dags/tutorial_dag.py
[2023-10-04T08:12:11.013+0000] {processor.py:766} INFO - DAG(s) dict_keys(['tutorial_dag']) retrieved from /home/airflow/.local/lib/python3.7/site-packages/airflow/example_dags/tutorial_dag.py
[2023-10-04T08:12:11.048+0000] {logging_mixin.py:120} INFO - [2023-10-04T08:12:11.048+0000] {dag.py:2585} INFO - Sync 1 DAGs
[2023-10-04T08:12:11.068+0000] {logging_mixin.py:120} INFO - [2023-10-04T08:12:11.068+0000] {dag.py:3340} INFO - Setting next_dagrun for tutorial_dag to None, run_after=None
[2023-10-04T08:12:11.090+0000] {processor.py:176} INFO - Processing /home/airflow/.local/lib/python3.7/site-packages/airflow/example_dags/tutorial_dag.py took 0.095 seconds
[2023-10-04T08:12:41.492+0000] {processor.py:154} INFO - Started process (PID=207) to work on /home/airflow/.local/lib/python3.7/site-packages/airflow/example_dags/tutorial_dag.py
[2023-10-04T08:12:41.493+0000] {processor.py:756} INFO - Processing file /home/airflow/.local/lib/python3.7/site-packages/airflow/example_dags/tutorial_dag.py for tasks to queue
[2023-10-04T08:12:41.494+0000] {logging_mixin.py:120} INFO - [2023-10-04T08:12:41.494+0000] {dagbag.py:537} INFO - Filling up the DagBag from /home/airflow/.local/lib/python3.7/site-packages/airflow/example_dags/tutorial_dag.py
[2023-10-04T08:12:41.506+0000] {processor.py:766} INFO - DAG(s) dict_keys(['tutorial_dag']) retrieved from /home/airflow/.local/lib/python3.7/site-packages/airflow/example_dags/tutorial_dag.py
[2023-10-04T08:12:41.539+0000] {logging_mixin.py:120} INFO - [2023-10-04T08:12:41.539+0000] {dag.py:2585} INFO - Sync 1 DAGs
[2023-10-04T08:12:41.559+0000] {logging_mixin.py:120} INFO - [2023-10-04T08:12:41.559+0000] {dag.py:3340} INFO - Setting next_dagrun for tutorial_dag to None, run_after=None
[2023-10-04T08:12:41.583+0000] {processor.py:176} INFO - Processing /home/airflow/.local/lib/python3.7/site-packages/airflow/example_dags/tutorial_dag.py took 0.096 seconds
[2023-10-04T08:13:12.126+0000] {processor.py:154} INFO - Started process (PID=275) to work on /home/airflow/.local/lib/python3.7/site-packages/airflow/example_dags/tutorial_dag.py
[2023-10-04T08:13:12.129+0000] {processor.py:756} INFO - Processing file /home/airflow/.local/lib/python3.7/site-packages/airflow/example_dags/tutorial_dag.py for tasks to queue
[2023-10-04T08:13:12.132+0000] {logging_mixin.py:120} INFO - [2023-10-04T08:13:12.131+0000] {dagbag.py:537} INFO - Filling up the DagBag from /home/airflow/.local/lib/python3.7/site-packages/airflow/example_dags/tutorial_dag.py
[2023-10-04T08:13:12.146+0000] {processor.py:766} INFO - DAG(s) dict_keys(['tutorial_dag']) retrieved from /home/airflow/.local/lib/python3.7/site-packages/airflow/example_dags/tutorial_dag.py
[2023-10-04T08:13:12.200+0000] {logging_mixin.py:120} INFO - [2023-10-04T08:13:12.200+0000] {dag.py:2585} INFO - Sync 1 DAGs
[2023-10-04T08:13:12.226+0000] {logging_mixin.py:120} INFO - [2023-10-04T08:13:12.226+0000] {dag.py:3340} INFO - Setting next_dagrun for tutorial_dag to None, run_after=None
[2023-10-04T08:13:12.248+0000] {processor.py:176} INFO - Processing /home/airflow/.local/lib/python3.7/site-packages/airflow/example_dags/tutorial_dag.py took 0.127 seconds
[2023-10-04T08:13:42.826+0000] {processor.py:154} INFO - Started process (PID=334) to work on /home/airflow/.local/lib/python3.7/site-packages/airflow/example_dags/tutorial_dag.py
[2023-10-04T08:13:42.828+0000] {processor.py:756} INFO - Processing file /home/airflow/.local/lib/python3.7/site-packages/airflow/example_dags/tutorial_dag.py for tasks to queue
[2023-10-04T08:13:42.829+0000] {logging_mixin.py:120} INFO - [2023-10-04T08:13:42.829+0000] {dagbag.py:537} INFO - Filling up the DagBag from /home/airflow/.local/lib/python3.7/site-packages/airflow/example_dags/tutorial_dag.py
[2023-10-04T08:13:42.845+0000] {processor.py:766} INFO - DAG(s) dict_keys(['tutorial_dag']) retrieved from /home/airflow/.local/lib/python3.7/site-packages/airflow/example_dags/tutorial_dag.py
[2023-10-04T08:13:42.888+0000] {logging_mixin.py:120} INFO - [2023-10-04T08:13:42.887+0000] {dag.py:2585} INFO - Sync 1 DAGs
[2023-10-04T08:13:42.907+0000] {logging_mixin.py:120} INFO - [2023-10-04T08:13:42.907+0000] {dag.py:3340} INFO - Setting next_dagrun for tutorial_dag to None, run_after=None
[2023-10-04T08:13:42.927+0000] {processor.py:176} INFO - Processing /home/airflow/.local/lib/python3.7/site-packages/airflow/example_dags/tutorial_dag.py took 0.103 seconds
[2023-10-04T08:14:13.223+0000] {processor.py:154} INFO - Started process (PID=402) to work on /home/airflow/.local/lib/python3.7/site-packages/airflow/example_dags/tutorial_dag.py
[2023-10-04T08:14:13.224+0000] {processor.py:756} INFO - Processing file /home/airflow/.local/lib/python3.7/site-packages/airflow/example_dags/tutorial_dag.py for tasks to queue
[2023-10-04T08:14:13.226+0000] {logging_mixin.py:120} INFO - [2023-10-04T08:14:13.225+0000] {dagbag.py:537} INFO - Filling up the DagBag from /home/airflow/.local/lib/python3.7/site-packages/airflow/example_dags/tutorial_dag.py
[2023-10-04T08:14:13.237+0000] {processor.py:766} INFO - DAG(s) dict_keys(['tutorial_dag']) retrieved from /home/airflow/.local/lib/python3.7/site-packages/airflow/example_dags/tutorial_dag.py
[2023-10-04T08:14:13.278+0000] {logging_mixin.py:120} INFO - [2023-10-04T08:14:13.278+0000] {dag.py:2585} INFO - Sync 1 DAGs
[2023-10-04T08:14:13.303+0000] {logging_mixin.py:120} INFO - [2023-10-04T08:14:13.303+0000] {dag.py:3340} INFO - Setting next_dagrun for tutorial_dag to None, run_after=None
[2023-10-04T08:14:13.328+0000] {processor.py:176} INFO - Processing /home/airflow/.local/lib/python3.7/site-packages/airflow/example_dags/tutorial_dag.py took 0.109 seconds
[2023-10-04T08:14:43.638+0000] {processor.py:154} INFO - Started process (PID=469) to work on /home/airflow/.local/lib/python3.7/site-packages/airflow/example_dags/tutorial_dag.py
[2023-10-04T08:14:43.639+0000] {processor.py:756} INFO - Processing file /home/airflow/.local/lib/python3.7/site-packages/airflow/example_dags/tutorial_dag.py for tasks to queue
[2023-10-04T08:14:43.641+0000] {logging_mixin.py:120} INFO - [2023-10-04T08:14:43.641+0000] {dagbag.py:537} INFO - Filling up the DagBag from /home/airflow/.local/lib/python3.7/site-packages/airflow/example_dags/tutorial_dag.py
[2023-10-04T08:14:43.654+0000] {processor.py:766} INFO - DAG(s) dict_keys(['tutorial_dag']) retrieved from /home/airflow/.local/lib/python3.7/site-packages/airflow/example_dags/tutorial_dag.py
[2023-10-04T08:14:43.703+0000] {logging_mixin.py:120} INFO - [2023-10-04T08:14:43.702+0000] {dag.py:2585} INFO - Sync 1 DAGs
[2023-10-04T08:14:43.730+0000] {logging_mixin.py:120} INFO - [2023-10-04T08:14:43.730+0000] {dag.py:3340} INFO - Setting next_dagrun for tutorial_dag to None, run_after=None
[2023-10-04T08:14:43.756+0000] {processor.py:176} INFO - Processing /home/airflow/.local/lib/python3.7/site-packages/airflow/example_dags/tutorial_dag.py took 0.122 seconds
[2023-10-04T08:15:14.252+0000] {processor.py:154} INFO - Started process (PID=536) to work on /home/airflow/.local/lib/python3.7/site-packages/airflow/example_dags/tutorial_dag.py
[2023-10-04T08:15:14.253+0000] {processor.py:756} INFO - Processing file /home/airflow/.local/lib/python3.7/site-packages/airflow/example_dags/tutorial_dag.py for tasks to queue
[2023-10-04T08:15:14.254+0000] {logging_mixin.py:120} INFO - [2023-10-04T08:15:14.254+0000] {dagbag.py:537} INFO - Filling up the DagBag from /home/airflow/.local/lib/python3.7/site-packages/airflow/example_dags/tutorial_dag.py
[2023-10-04T08:15:14.266+0000] {processor.py:766} INFO - DAG(s) dict_keys(['tutorial_dag']) retrieved from /home/airflow/.local/lib/python3.7/site-packages/airflow/example_dags/tutorial_dag.py
[2023-10-04T08:15:14.308+0000] {logging_mixin.py:120} INFO - [2023-10-04T08:15:14.308+0000] {dag.py:2585} INFO - Sync 1 DAGs
[2023-10-04T08:15:14.335+0000] {logging_mixin.py:120} INFO - [2023-10-04T08:15:14.335+0000] {dag.py:3340} INFO - Setting next_dagrun for tutorial_dag to None, run_after=None
[2023-10-04T08:15:14.359+0000] {processor.py:176} INFO - Processing /home/airflow/.local/lib/python3.7/site-packages/airflow/example_dags/tutorial_dag.py took 0.110 seconds
[2023-10-04T08:15:44.878+0000] {processor.py:154} INFO - Started process (PID=595) to work on /home/airflow/.local/lib/python3.7/site-packages/airflow/example_dags/tutorial_dag.py
[2023-10-04T08:15:44.880+0000] {processor.py:756} INFO - Processing file /home/airflow/.local/lib/python3.7/site-packages/airflow/example_dags/tutorial_dag.py for tasks to queue
[2023-10-04T08:15:44.881+0000] {logging_mixin.py:120} INFO - [2023-10-04T08:15:44.881+0000] {dagbag.py:537} INFO - Filling up the DagBag from /home/airflow/.local/lib/python3.7/site-packages/airflow/example_dags/tutorial_dag.py
[2023-10-04T08:15:44.898+0000] {processor.py:766} INFO - DAG(s) dict_keys(['tutorial_dag']) retrieved from /home/airflow/.local/lib/python3.7/site-packages/airflow/example_dags/tutorial_dag.py
[2023-10-04T08:15:44.974+0000] {logging_mixin.py:120} INFO - [2023-10-04T08:15:44.974+0000] {dag.py:2585} INFO - Sync 1 DAGs
[2023-10-04T08:15:45.006+0000] {logging_mixin.py:120} INFO - [2023-10-04T08:15:45.005+0000] {dag.py:3340} INFO - Setting next_dagrun for tutorial_dag to None, run_after=None
[2023-10-04T08:15:45.028+0000] {processor.py:176} INFO - Processing /home/airflow/.local/lib/python3.7/site-packages/airflow/example_dags/tutorial_dag.py took 0.155 seconds
[2023-10-04T08:16:15.386+0000] {processor.py:154} INFO - Started process (PID=663) to work on /home/airflow/.local/lib/python3.7/site-packages/airflow/example_dags/tutorial_dag.py
[2023-10-04T08:16:15.388+0000] {processor.py:756} INFO - Processing file /home/airflow/.local/lib/python3.7/site-packages/airflow/example_dags/tutorial_dag.py for tasks to queue
[2023-10-04T08:16:15.389+0000] {logging_mixin.py:120} INFO - [2023-10-04T08:16:15.389+0000] {dagbag.py:537} INFO - Filling up the DagBag from /home/airflow/.local/lib/python3.7/site-packages/airflow/example_dags/tutorial_dag.py
[2023-10-04T08:16:15.400+0000] {processor.py:766} INFO - DAG(s) dict_keys(['tutorial_dag']) retrieved from /home/airflow/.local/lib/python3.7/site-packages/airflow/example_dags/tutorial_dag.py
[2023-10-04T08:16:15.431+0000] {logging_mixin.py:120} INFO - [2023-10-04T08:16:15.431+0000] {dag.py:2585} INFO - Sync 1 DAGs
[2023-10-04T08:16:15.450+0000] {logging_mixin.py:120} INFO - [2023-10-04T08:16:15.450+0000] {dag.py:3340} INFO - Setting next_dagrun for tutorial_dag to None, run_after=None
[2023-10-04T08:16:15.468+0000] {processor.py:176} INFO - Processing /home/airflow/.local/lib/python3.7/site-packages/airflow/example_dags/tutorial_dag.py took 0.085 seconds
[2023-10-04T08:16:46.353+0000] {processor.py:154} INFO - Started process (PID=732) to work on /home/airflow/.local/lib/python3.7/site-packages/airflow/example_dags/tutorial_dag.py
[2023-10-04T08:16:46.357+0000] {processor.py:756} INFO - Processing file /home/airflow/.local/lib/python3.7/site-packages/airflow/example_dags/tutorial_dag.py for tasks to queue
[2023-10-04T08:16:46.359+0000] {logging_mixin.py:120} INFO - [2023-10-04T08:16:46.359+0000] {dagbag.py:537} INFO - Filling up the DagBag from /home/airflow/.local/lib/python3.7/site-packages/airflow/example_dags/tutorial_dag.py
[2023-10-04T08:16:46.380+0000] {processor.py:766} INFO - DAG(s) dict_keys(['tutorial_dag']) retrieved from /home/airflow/.local/lib/python3.7/site-packages/airflow/example_dags/tutorial_dag.py
[2023-10-04T08:16:46.424+0000] {logging_mixin.py:120} INFO - [2023-10-04T08:16:46.424+0000] {dag.py:2585} INFO - Sync 1 DAGs
[2023-10-04T08:16:46.451+0000] {logging_mixin.py:120} INFO - [2023-10-04T08:16:46.451+0000] {dag.py:3340} INFO - Setting next_dagrun for tutorial_dag to None, run_after=None
[2023-10-04T08:16:46.478+0000] {processor.py:176} INFO - Processing /home/airflow/.local/lib/python3.7/site-packages/airflow/example_dags/tutorial_dag.py took 0.130 seconds
[2023-10-04T08:17:16.774+0000] {processor.py:154} INFO - Started process (PID=791) to work on /home/airflow/.local/lib/python3.7/site-packages/airflow/example_dags/tutorial_dag.py
[2023-10-04T08:17:16.776+0000] {processor.py:756} INFO - Processing file /home/airflow/.local/lib/python3.7/site-packages/airflow/example_dags/tutorial_dag.py for tasks to queue
[2023-10-04T08:17:16.781+0000] {logging_mixin.py:120} INFO - [2023-10-04T08:17:16.781+0000] {dagbag.py:537} INFO - Filling up the DagBag from /home/airflow/.local/lib/python3.7/site-packages/airflow/example_dags/tutorial_dag.py
[2023-10-04T08:17:16.800+0000] {processor.py:766} INFO - DAG(s) dict_keys(['tutorial_dag']) retrieved from /home/airflow/.local/lib/python3.7/site-packages/airflow/example_dags/tutorial_dag.py
[2023-10-04T08:17:16.849+0000] {logging_mixin.py:120} INFO - [2023-10-04T08:17:16.849+0000] {dag.py:2585} INFO - Sync 1 DAGs
[2023-10-04T08:17:16.922+0000] {logging_mixin.py:120} INFO - [2023-10-04T08:17:16.922+0000] {dag.py:3340} INFO - Setting next_dagrun for tutorial_dag to None, run_after=None
[2023-10-04T08:17:16.970+0000] {processor.py:176} INFO - Processing /home/airflow/.local/lib/python3.7/site-packages/airflow/example_dags/tutorial_dag.py took 0.200 seconds
[2023-10-04T08:17:47.424+0000] {processor.py:154} INFO - Started process (PID=860) to work on /home/airflow/.local/lib/python3.7/site-packages/airflow/example_dags/tutorial_dag.py
[2023-10-04T08:17:47.426+0000] {processor.py:756} INFO - Processing file /home/airflow/.local/lib/python3.7/site-packages/airflow/example_dags/tutorial_dag.py for tasks to queue
[2023-10-04T08:17:47.427+0000] {logging_mixin.py:120} INFO - [2023-10-04T08:17:47.427+0000] {dagbag.py:537} INFO - Filling up the DagBag from /home/airflow/.local/lib/python3.7/site-packages/airflow/example_dags/tutorial_dag.py
[2023-10-04T08:17:47.443+0000] {processor.py:766} INFO - DAG(s) dict_keys(['tutorial_dag']) retrieved from /home/airflow/.local/lib/python3.7/site-packages/airflow/example_dags/tutorial_dag.py
[2023-10-04T08:17:47.485+0000] {logging_mixin.py:120} INFO - [2023-10-04T08:17:47.485+0000] {dag.py:2585} INFO - Sync 1 DAGs
[2023-10-04T08:17:47.512+0000] {logging_mixin.py:120} INFO - [2023-10-04T08:17:47.512+0000] {dag.py:3340} INFO - Setting next_dagrun for tutorial_dag to None, run_after=None
[2023-10-04T08:17:47.539+0000] {processor.py:176} INFO - Processing /home/airflow/.local/lib/python3.7/site-packages/airflow/example_dags/tutorial_dag.py took 0.119 seconds
[2023-10-04T08:18:18.391+0000] {processor.py:154} INFO - Started process (PID=928) to work on /home/airflow/.local/lib/python3.7/site-packages/airflow/example_dags/tutorial_dag.py
[2023-10-04T08:18:18.393+0000] {processor.py:756} INFO - Processing file /home/airflow/.local/lib/python3.7/site-packages/airflow/example_dags/tutorial_dag.py for tasks to queue
[2023-10-04T08:18:18.394+0000] {logging_mixin.py:120} INFO - [2023-10-04T08:18:18.394+0000] {dagbag.py:537} INFO - Filling up the DagBag from /home/airflow/.local/lib/python3.7/site-packages/airflow/example_dags/tutorial_dag.py
[2023-10-04T08:18:18.408+0000] {processor.py:766} INFO - DAG(s) dict_keys(['tutorial_dag']) retrieved from /home/airflow/.local/lib/python3.7/site-packages/airflow/example_dags/tutorial_dag.py
[2023-10-04T08:18:18.456+0000] {logging_mixin.py:120} INFO - [2023-10-04T08:18:18.456+0000] {dag.py:2585} INFO - Sync 1 DAGs
[2023-10-04T08:18:18.482+0000] {logging_mixin.py:120} INFO - [2023-10-04T08:18:18.481+0000] {dag.py:3340} INFO - Setting next_dagrun for tutorial_dag to None, run_after=None
[2023-10-04T08:18:18.506+0000] {processor.py:176} INFO - Processing /home/airflow/.local/lib/python3.7/site-packages/airflow/example_dags/tutorial_dag.py took 0.118 seconds
[2023-10-04T08:18:49.136+0000] {processor.py:154} INFO - Started process (PID=987) to work on /home/airflow/.local/lib/python3.7/site-packages/airflow/example_dags/tutorial_dag.py
[2023-10-04T08:18:49.138+0000] {processor.py:756} INFO - Processing file /home/airflow/.local/lib/python3.7/site-packages/airflow/example_dags/tutorial_dag.py for tasks to queue
[2023-10-04T08:18:49.140+0000] {logging_mixin.py:120} INFO - [2023-10-04T08:18:49.140+0000] {dagbag.py:537} INFO - Filling up the DagBag from /home/airflow/.local/lib/python3.7/site-packages/airflow/example_dags/tutorial_dag.py
[2023-10-04T08:18:49.158+0000] {processor.py:766} INFO - DAG(s) dict_keys(['tutorial_dag']) retrieved from /home/airflow/.local/lib/python3.7/site-packages/airflow/example_dags/tutorial_dag.py
[2023-10-04T08:18:49.233+0000] {logging_mixin.py:120} INFO - [2023-10-04T08:18:49.233+0000] {dag.py:2585} INFO - Sync 1 DAGs
[2023-10-04T08:18:49.280+0000] {logging_mixin.py:120} INFO - [2023-10-04T08:18:49.279+0000] {dag.py:3340} INFO - Setting next_dagrun for tutorial_dag to None, run_after=None
[2023-10-04T08:18:49.312+0000] {processor.py:176} INFO - Processing /home/airflow/.local/lib/python3.7/site-packages/airflow/example_dags/tutorial_dag.py took 0.182 seconds
[2023-10-04T08:19:19.759+0000] {processor.py:154} INFO - Started process (PID=1055) to work on /home/airflow/.local/lib/python3.7/site-packages/airflow/example_dags/tutorial_dag.py
[2023-10-04T08:19:19.761+0000] {processor.py:756} INFO - Processing file /home/airflow/.local/lib/python3.7/site-packages/airflow/example_dags/tutorial_dag.py for tasks to queue
[2023-10-04T08:19:19.762+0000] {logging_mixin.py:120} INFO - [2023-10-04T08:19:19.762+0000] {dagbag.py:537} INFO - Filling up the DagBag from /home/airflow/.local/lib/python3.7/site-packages/airflow/example_dags/tutorial_dag.py
[2023-10-04T08:19:19.779+0000] {processor.py:766} INFO - DAG(s) dict_keys(['tutorial_dag']) retrieved from /home/airflow/.local/lib/python3.7/site-packages/airflow/example_dags/tutorial_dag.py
[2023-10-04T08:19:19.823+0000] {logging_mixin.py:120} INFO - [2023-10-04T08:19:19.823+0000] {dag.py:2585} INFO - Sync 1 DAGs
[2023-10-04T08:19:19.849+0000] {logging_mixin.py:120} INFO - [2023-10-04T08:19:19.849+0000] {dag.py:3340} INFO - Setting next_dagrun for tutorial_dag to None, run_after=None
[2023-10-04T08:19:19.875+0000] {processor.py:176} INFO - Processing /home/airflow/.local/lib/python3.7/site-packages/airflow/example_dags/tutorial_dag.py took 0.119 seconds
[2023-10-04T08:19:50.632+0000] {processor.py:154} INFO - Started process (PID=1123) to work on /home/airflow/.local/lib/python3.7/site-packages/airflow/example_dags/tutorial_dag.py
[2023-10-04T08:19:50.635+0000] {processor.py:756} INFO - Processing file /home/airflow/.local/lib/python3.7/site-packages/airflow/example_dags/tutorial_dag.py for tasks to queue
[2023-10-04T08:19:50.639+0000] {logging_mixin.py:120} INFO - [2023-10-04T08:19:50.639+0000] {dagbag.py:537} INFO - Filling up the DagBag from /home/airflow/.local/lib/python3.7/site-packages/airflow/example_dags/tutorial_dag.py
[2023-10-04T08:19:50.662+0000] {processor.py:766} INFO - DAG(s) dict_keys(['tutorial_dag']) retrieved from /home/airflow/.local/lib/python3.7/site-packages/airflow/example_dags/tutorial_dag.py
[2023-10-04T08:19:50.732+0000] {logging_mixin.py:120} INFO - [2023-10-04T08:19:50.731+0000] {dag.py:2585} INFO - Sync 1 DAGs
[2023-10-04T08:19:50.779+0000] {logging_mixin.py:120} INFO - [2023-10-04T08:19:50.779+0000] {dag.py:3340} INFO - Setting next_dagrun for tutorial_dag to None, run_after=None
[2023-10-04T08:19:50.815+0000] {processor.py:176} INFO - Processing /home/airflow/.local/lib/python3.7/site-packages/airflow/example_dags/tutorial_dag.py took 0.197 seconds
