[2023-10-05T08:00:39.006+0000] {taskinstance.py:1165} INFO - Dependencies all met for <TaskInstance: group_dag.transforms scheduled__2023-10-04T00:00:00+00:00 [queued]>
[2023-10-05T08:00:39.017+0000] {taskinstance.py:1165} INFO - Dependencies all met for <TaskInstance: group_dag.transforms scheduled__2023-10-04T00:00:00+00:00 [queued]>
[2023-10-05T08:00:39.018+0000] {taskinstance.py:1362} INFO - 
--------------------------------------------------------------------------------
[2023-10-05T08:00:39.020+0000] {taskinstance.py:1363} INFO - Starting attempt 1 of 1
[2023-10-05T08:00:39.021+0000] {taskinstance.py:1364} INFO - 
--------------------------------------------------------------------------------
[2023-10-05T08:00:39.035+0000] {taskinstance.py:1383} INFO - Executing <Task(SubDagOperator): transforms> on 2023-10-04 00:00:00+00:00
[2023-10-05T08:00:39.039+0000] {standard_task_runner.py:55} INFO - Started process 1957 to run task
[2023-10-05T08:00:39.043+0000] {standard_task_runner.py:82} INFO - Running: ['***', 'tasks', 'run', 'group_dag', 'transforms', 'scheduled__2023-10-04T00:00:00+00:00', '--job-id', '40', '--raw', '--subdir', 'DAGS_FOLDER/group_dag.py', '--cfg-path', '/tmp/tmp8yjqbj21']
[2023-10-05T08:00:39.044+0000] {standard_task_runner.py:83} INFO - Job 40: Subtask transforms
[2023-10-05T08:00:39.109+0000] {task_command.py:376} INFO - Running <TaskInstance: group_dag.transforms scheduled__2023-10-04T00:00:00+00:00 [running]> on host fb3fc9526d52
[2023-10-05T08:00:39.173+0000] {taskinstance.py:1592} INFO - Exporting the following env vars:
AIRFLOW_CTX_DAG_OWNER=***
AIRFLOW_CTX_DAG_ID=group_dag
AIRFLOW_CTX_TASK_ID=transforms
AIRFLOW_CTX_EXECUTION_DATE=2023-10-04T00:00:00+00:00
AIRFLOW_CTX_TRY_NUMBER=1
AIRFLOW_CTX_DAG_RUN_ID=scheduled__2023-10-04T00:00:00+00:00
[2023-10-05T08:00:39.175+0000] {warnings.py:110} WARNING - /home/***/.local/lib/python3.7/site-packages/***/utils/context.py:204: AirflowContextDeprecationWarning: Accessing 'execution_date' from the template is deprecated and will be removed in a future version. Please use 'data_interval_start' or 'logical_date' instead.
  warnings.warn(_create_deprecation_warning(key, self._deprecation_replacements[key]))

[2023-10-05T08:00:39.201+0000] {subdag.py:171} INFO - Created DagRun: scheduled__2023-10-04T00:00:00+00:00
[2023-10-05T08:28:47.600+0000] {local_task_job.py:228} WARNING - State of this instance has been externally set to removed. Terminating instance.
[2023-10-05T08:28:47.603+0000] {process_utils.py:133} INFO - Sending Signals.SIGTERM to group 1957. PIDs of all processes in the group: [1957]
[2023-10-05T08:28:47.604+0000] {process_utils.py:84} INFO - Sending the signal Signals.SIGTERM to group 1957
[2023-10-05T08:28:47.606+0000] {taskinstance.py:1562} ERROR - Received SIGTERM. Terminating subprocesses.
[2023-10-05T08:28:47.659+0000] {process_utils.py:79} INFO - Process psutil.Process(pid=1957, status='terminated', exitcode=0, started='08:00:38') (1957) terminated with exit code 0
