[2023-10-05T09:36:28.126+0000] {taskinstance.py:1165} INFO - Dependencies all met for <TaskInstance: xcom_dag.t3 scheduled__2023-10-04T00:00:00+00:00 [queued]>
[2023-10-05T09:36:28.137+0000] {taskinstance.py:1165} INFO - Dependencies all met for <TaskInstance: xcom_dag.t3 scheduled__2023-10-04T00:00:00+00:00 [queued]>
[2023-10-05T09:36:28.138+0000] {taskinstance.py:1362} INFO - 
--------------------------------------------------------------------------------
[2023-10-05T09:36:28.139+0000] {taskinstance.py:1363} INFO - Starting attempt 1 of 1
[2023-10-05T09:36:28.140+0000] {taskinstance.py:1364} INFO - 
--------------------------------------------------------------------------------
[2023-10-05T09:36:28.155+0000] {taskinstance.py:1383} INFO - Executing <Task(BashOperator): t3> on 2023-10-04 00:00:00+00:00
[2023-10-05T09:36:28.166+0000] {standard_task_runner.py:55} INFO - Started process 6242 to run task
[2023-10-05T09:36:28.171+0000] {standard_task_runner.py:82} INFO - Running: ['***', 'tasks', 'run', 'xcom_dag', 't3', 'scheduled__2023-10-04T00:00:00+00:00', '--job-id', '66', '--raw', '--subdir', 'DAGS_FOLDER/xcom_dag.py', '--cfg-path', '/tmp/tmp20xhiztx']
[2023-10-05T09:36:28.173+0000] {standard_task_runner.py:83} INFO - Job 66: Subtask t3
[2023-10-05T09:36:28.242+0000] {task_command.py:376} INFO - Running <TaskInstance: xcom_dag.t3 scheduled__2023-10-04T00:00:00+00:00 [running]> on host fb3fc9526d52
[2023-10-05T09:36:28.312+0000] {taskinstance.py:1592} INFO - Exporting the following env vars:
AIRFLOW_CTX_DAG_OWNER=***
AIRFLOW_CTX_DAG_ID=xcom_dag
AIRFLOW_CTX_TASK_ID=t3
AIRFLOW_CTX_EXECUTION_DATE=2023-10-04T00:00:00+00:00
AIRFLOW_CTX_TRY_NUMBER=1
AIRFLOW_CTX_DAG_RUN_ID=scheduled__2023-10-04T00:00:00+00:00
[2023-10-05T09:36:28.313+0000] {subprocess.py:63} INFO - Tmp dir root location: 
 /tmp
[2023-10-05T09:36:28.315+0000] {subprocess.py:75} INFO - Running command: ['/bin/bash', '-c', "echo ''"]
[2023-10-05T09:36:28.325+0000] {subprocess.py:86} INFO - Output:
[2023-10-05T09:36:28.327+0000] {subprocess.py:93} INFO - 
[2023-10-05T09:36:28.328+0000] {subprocess.py:97} INFO - Command exited with return code 0
[2023-10-05T09:36:28.355+0000] {taskinstance.py:1406} INFO - Marking task as SUCCESS. dag_id=xcom_dag, task_id=t3, execution_date=20231004T000000, start_date=20231005T093628, end_date=20231005T093628
[2023-10-05T09:36:28.383+0000] {local_task_job.py:164} INFO - Task exited with return code 0
[2023-10-05T09:36:28.402+0000] {local_task_job.py:273} INFO - 0 downstream tasks scheduled from follow-on schedule check
