[2023-10-05T09:50:44.140+0000] {taskinstance.py:1165} INFO - Dependencies all met for <TaskInstance: xcom_dag_branch.t2 manual__2023-10-05T09:50:40.480380+00:00 [queued]>
[2023-10-05T09:50:44.151+0000] {taskinstance.py:1165} INFO - Dependencies all met for <TaskInstance: xcom_dag_branch.t2 manual__2023-10-05T09:50:40.480380+00:00 [queued]>
[2023-10-05T09:50:44.153+0000] {taskinstance.py:1362} INFO - 
--------------------------------------------------------------------------------
[2023-10-05T09:50:44.157+0000] {taskinstance.py:1363} INFO - Starting attempt 1 of 1
[2023-10-05T09:50:44.158+0000] {taskinstance.py:1364} INFO - 
--------------------------------------------------------------------------------
[2023-10-05T09:50:44.171+0000] {taskinstance.py:1383} INFO - Executing <Task(PythonOperator): t2> on 2023-10-05 09:50:40.480380+00:00
[2023-10-05T09:50:44.177+0000] {standard_task_runner.py:55} INFO - Started process 6966 to run task
[2023-10-05T09:50:44.179+0000] {standard_task_runner.py:82} INFO - Running: ['***', 'tasks', 'run', 'xcom_dag_branch', 't2', 'manual__2023-10-05T09:50:40.480380+00:00', '--job-id', '84', '--raw', '--subdir', 'DAGS_FOLDER/xcom_dag_branch.py', '--cfg-path', '/tmp/tmp6sdg2xs_']
[2023-10-05T09:50:44.181+0000] {standard_task_runner.py:83} INFO - Job 84: Subtask t2
[2023-10-05T09:50:44.246+0000] {task_command.py:376} INFO - Running <TaskInstance: xcom_dag_branch.t2 manual__2023-10-05T09:50:40.480380+00:00 [running]> on host fb3fc9526d52
[2023-10-05T09:50:44.306+0000] {taskinstance.py:1592} INFO - Exporting the following env vars:
AIRFLOW_CTX_DAG_OWNER=***
AIRFLOW_CTX_DAG_ID=xcom_dag_branch
AIRFLOW_CTX_TASK_ID=t2
AIRFLOW_CTX_EXECUTION_DATE=2023-10-05T09:50:40.480380+00:00
AIRFLOW_CTX_TRY_NUMBER=1
AIRFLOW_CTX_DAG_RUN_ID=manual__2023-10-05T09:50:40.480380+00:00
[2023-10-05T09:50:44.315+0000] {logging_mixin.py:120} INFO - 42
[2023-10-05T09:50:44.316+0000] {python.py:177} INFO - Done. Returned value was: None
[2023-10-05T09:50:44.325+0000] {taskinstance.py:1406} INFO - Marking task as SUCCESS. dag_id=xcom_dag_branch, task_id=t2, execution_date=20231005T095040, start_date=20231005T095044, end_date=20231005T095044
[2023-10-05T09:50:44.353+0000] {local_task_job.py:164} INFO - Task exited with return code 0
[2023-10-05T09:50:44.377+0000] {local_task_job.py:273} INFO - 0 downstream tasks scheduled from follow-on schedule check
