[2023-10-05T07:48:45.760+0000] {taskinstance.py:1165} INFO - Dependencies all met for <TaskInstance: group_dag.check_files manual__2023-10-05T07:47:42.042116+00:00 [queued]>
[2023-10-05T07:48:45.772+0000] {taskinstance.py:1165} INFO - Dependencies all met for <TaskInstance: group_dag.check_files manual__2023-10-05T07:47:42.042116+00:00 [queued]>
[2023-10-05T07:48:45.773+0000] {taskinstance.py:1362} INFO - 
--------------------------------------------------------------------------------
[2023-10-05T07:48:45.774+0000] {taskinstance.py:1363} INFO - Starting attempt 1 of 1
[2023-10-05T07:48:45.775+0000] {taskinstance.py:1364} INFO - 
--------------------------------------------------------------------------------
[2023-10-05T07:48:45.791+0000] {taskinstance.py:1383} INFO - Executing <Task(BashOperator): check_files> on 2023-10-05 07:47:42.042116+00:00
[2023-10-05T07:48:45.797+0000] {standard_task_runner.py:55} INFO - Started process 1299 to run task
[2023-10-05T07:48:45.800+0000] {standard_task_runner.py:82} INFO - Running: ['***', 'tasks', 'run', 'group_dag', 'check_files', 'manual__2023-10-05T07:47:42.042116+00:00', '--job-id', '14', '--raw', '--subdir', 'DAGS_FOLDER/group_dag.py', '--cfg-path', '/tmp/tmpe8p1r174']
[2023-10-05T07:48:45.802+0000] {standard_task_runner.py:83} INFO - Job 14: Subtask check_files
[2023-10-05T07:48:45.866+0000] {task_command.py:376} INFO - Running <TaskInstance: group_dag.check_files manual__2023-10-05T07:47:42.042116+00:00 [running]> on host fb3fc9526d52
[2023-10-05T07:48:45.936+0000] {taskinstance.py:1592} INFO - Exporting the following env vars:
AIRFLOW_CTX_DAG_OWNER=***
AIRFLOW_CTX_DAG_ID=group_dag
AIRFLOW_CTX_TASK_ID=check_files
AIRFLOW_CTX_EXECUTION_DATE=2023-10-05T07:47:42.042116+00:00
AIRFLOW_CTX_TRY_NUMBER=1
AIRFLOW_CTX_DAG_RUN_ID=manual__2023-10-05T07:47:42.042116+00:00
[2023-10-05T07:48:45.937+0000] {subprocess.py:63} INFO - Tmp dir root location: 
 /tmp
[2023-10-05T07:48:45.939+0000] {subprocess.py:75} INFO - Running command: ['/bin/bash', '-c', 'sleep 10']
[2023-10-05T07:48:45.949+0000] {subprocess.py:86} INFO - Output:
[2023-10-05T07:48:55.952+0000] {subprocess.py:97} INFO - Command exited with return code 0
[2023-10-05T07:48:55.987+0000] {taskinstance.py:1406} INFO - Marking task as SUCCESS. dag_id=group_dag, task_id=check_files, execution_date=20231005T074742, start_date=20231005T074845, end_date=20231005T074855
[2023-10-05T07:48:56.041+0000] {local_task_job.py:164} INFO - Task exited with return code 0
[2023-10-05T07:48:56.070+0000] {local_task_job.py:273} INFO - 3 downstream tasks scheduled from follow-on schedule check
