[2023-10-05T08:35:59.436+0000] {taskinstance.py:1165} INFO - Dependencies all met for <TaskInstance: group_task_dag.downloads.download_b scheduled__2023-10-04T00:00:00+00:00 [queued]>
[2023-10-05T08:35:59.453+0000] {taskinstance.py:1165} INFO - Dependencies all met for <TaskInstance: group_task_dag.downloads.download_b scheduled__2023-10-04T00:00:00+00:00 [queued]>
[2023-10-05T08:35:59.453+0000] {taskinstance.py:1362} INFO - 
--------------------------------------------------------------------------------
[2023-10-05T08:35:59.455+0000] {taskinstance.py:1363} INFO - Starting attempt 1 of 1
[2023-10-05T08:35:59.456+0000] {taskinstance.py:1364} INFO - 
--------------------------------------------------------------------------------
[2023-10-05T08:35:59.491+0000] {taskinstance.py:1383} INFO - Executing <Task(BashOperator): downloads.download_b> on 2023-10-04 00:00:00+00:00
[2023-10-05T08:35:59.501+0000] {standard_task_runner.py:55} INFO - Started process 3703 to run task
[2023-10-05T08:35:59.507+0000] {standard_task_runner.py:82} INFO - Running: ['***', 'tasks', 'run', 'group_task_dag', 'downloads.download_b', 'scheduled__2023-10-04T00:00:00+00:00', '--job-id', '51', '--raw', '--subdir', 'DAGS_FOLDER/group_task_dag.py', '--cfg-path', '/tmp/tmpkpjfvc16']
[2023-10-05T08:35:59.509+0000] {standard_task_runner.py:83} INFO - Job 51: Subtask downloads.download_b
[2023-10-05T08:35:59.610+0000] {task_command.py:376} INFO - Running <TaskInstance: group_task_dag.downloads.download_b scheduled__2023-10-04T00:00:00+00:00 [running]> on host fb3fc9526d52
[2023-10-05T08:35:59.724+0000] {taskinstance.py:1592} INFO - Exporting the following env vars:
AIRFLOW_CTX_DAG_OWNER=***
AIRFLOW_CTX_DAG_ID=group_task_dag
AIRFLOW_CTX_TASK_ID=downloads.download_b
AIRFLOW_CTX_EXECUTION_DATE=2023-10-04T00:00:00+00:00
AIRFLOW_CTX_TRY_NUMBER=1
AIRFLOW_CTX_DAG_RUN_ID=scheduled__2023-10-04T00:00:00+00:00
[2023-10-05T08:35:59.726+0000] {subprocess.py:63} INFO - Tmp dir root location: 
 /tmp
[2023-10-05T08:35:59.728+0000] {subprocess.py:75} INFO - Running command: ['/bin/bash', '-c', 'sleep 10']
[2023-10-05T08:35:59.738+0000] {subprocess.py:86} INFO - Output:
[2023-10-05T08:36:09.742+0000] {subprocess.py:97} INFO - Command exited with return code 0
[2023-10-05T08:36:09.834+0000] {taskinstance.py:1406} INFO - Marking task as SUCCESS. dag_id=group_task_dag, task_id=downloads.download_b, execution_date=20231004T000000, start_date=20231005T083559, end_date=20231005T083609
[2023-10-05T08:36:09.905+0000] {local_task_job.py:164} INFO - Task exited with return code 0
[2023-10-05T08:36:09.979+0000] {local_task_job.py:273} INFO - 0 downstream tasks scheduled from follow-on schedule check
