[2023-10-05T08:00:15.006+0000] {taskinstance.py:1165} INFO - Dependencies all met for <TaskInstance: group_dag.check_files manual__2023-10-05T07:59:12.744605+00:00 [queued]>
[2023-10-05T08:00:15.020+0000] {taskinstance.py:1165} INFO - Dependencies all met for <TaskInstance: group_dag.check_files manual__2023-10-05T07:59:12.744605+00:00 [queued]>
[2023-10-05T08:00:15.021+0000] {taskinstance.py:1362} INFO - 
--------------------------------------------------------------------------------
[2023-10-05T08:00:15.027+0000] {taskinstance.py:1363} INFO - Starting attempt 1 of 1
[2023-10-05T08:00:15.028+0000] {taskinstance.py:1364} INFO - 
--------------------------------------------------------------------------------
[2023-10-05T08:00:15.044+0000] {taskinstance.py:1383} INFO - Executing <Task(BashOperator): check_files> on 2023-10-05 07:59:12.744605+00:00
[2023-10-05T08:00:15.049+0000] {standard_task_runner.py:55} INFO - Started process 1930 to run task
[2023-10-05T08:00:15.052+0000] {standard_task_runner.py:82} INFO - Running: ['***', 'tasks', 'run', 'group_dag', 'check_files', 'manual__2023-10-05T07:59:12.744605+00:00', '--job-id', '37', '--raw', '--subdir', 'DAGS_FOLDER/group_dag.py', '--cfg-path', '/tmp/tmpd5ozw0ea']
[2023-10-05T08:00:15.054+0000] {standard_task_runner.py:83} INFO - Job 37: Subtask check_files
[2023-10-05T08:00:15.127+0000] {task_command.py:376} INFO - Running <TaskInstance: group_dag.check_files manual__2023-10-05T07:59:12.744605+00:00 [running]> on host fb3fc9526d52
[2023-10-05T08:00:15.203+0000] {taskinstance.py:1592} INFO - Exporting the following env vars:
AIRFLOW_CTX_DAG_OWNER=***
AIRFLOW_CTX_DAG_ID=group_dag
AIRFLOW_CTX_TASK_ID=check_files
AIRFLOW_CTX_EXECUTION_DATE=2023-10-05T07:59:12.744605+00:00
AIRFLOW_CTX_TRY_NUMBER=1
AIRFLOW_CTX_DAG_RUN_ID=manual__2023-10-05T07:59:12.744605+00:00
[2023-10-05T08:00:15.205+0000] {subprocess.py:63} INFO - Tmp dir root location: 
 /tmp
[2023-10-05T08:00:15.206+0000] {subprocess.py:75} INFO - Running command: ['/bin/bash', '-c', 'sleep 10']
[2023-10-05T08:00:15.216+0000] {subprocess.py:86} INFO - Output:
[2023-10-05T08:00:25.219+0000] {subprocess.py:97} INFO - Command exited with return code 0
[2023-10-05T08:00:25.251+0000] {taskinstance.py:1406} INFO - Marking task as SUCCESS. dag_id=group_dag, task_id=check_files, execution_date=20231005T075912, start_date=20231005T080015, end_date=20231005T080025
[2023-10-05T08:00:25.303+0000] {local_task_job.py:164} INFO - Task exited with return code 0
[2023-10-05T08:00:25.325+0000] {local_task_job.py:273} INFO - 1 downstream tasks scheduled from follow-on schedule check
