[2023-10-05T08:28:40.956+0000] {taskinstance.py:1165} INFO - Dependencies all met for <TaskInstance: group_dag.downloads.pippo_a scheduled__2023-10-04T00:00:00+00:00 [queued]>
[2023-10-05T08:28:40.977+0000] {taskinstance.py:1165} INFO - Dependencies all met for <TaskInstance: group_dag.downloads.pippo_a scheduled__2023-10-04T00:00:00+00:00 [queued]>
[2023-10-05T08:28:40.977+0000] {taskinstance.py:1362} INFO - 
--------------------------------------------------------------------------------
[2023-10-05T08:28:40.978+0000] {taskinstance.py:1363} INFO - Starting attempt 1 of 1
[2023-10-05T08:28:40.979+0000] {taskinstance.py:1364} INFO - 
--------------------------------------------------------------------------------
[2023-10-05T08:28:41.008+0000] {taskinstance.py:1383} INFO - Executing <Task(BashOperator): downloads.pippo_a> on 2023-10-04 00:00:00+00:00
[2023-10-05T08:28:41.018+0000] {standard_task_runner.py:55} INFO - Started process 3331 to run task
[2023-10-05T08:28:41.034+0000] {standard_task_runner.py:82} INFO - Running: ['***', 'tasks', 'run', 'group_dag', 'downloads.pippo_a', 'scheduled__2023-10-04T00:00:00+00:00', '--job-id', '42', '--raw', '--subdir', 'DAGS_FOLDER/group_task_dag.py', '--cfg-path', '/tmp/tmpt9ohi41w']
[2023-10-05T08:28:41.036+0000] {standard_task_runner.py:83} INFO - Job 42: Subtask downloads.pippo_a
[2023-10-05T08:28:41.199+0000] {task_command.py:376} INFO - Running <TaskInstance: group_dag.downloads.pippo_a scheduled__2023-10-04T00:00:00+00:00 [running]> on host fb3fc9526d52
[2023-10-05T08:28:41.386+0000] {taskinstance.py:1592} INFO - Exporting the following env vars:
AIRFLOW_CTX_DAG_OWNER=***
AIRFLOW_CTX_DAG_ID=group_dag
AIRFLOW_CTX_TASK_ID=downloads.pippo_a
AIRFLOW_CTX_EXECUTION_DATE=2023-10-04T00:00:00+00:00
AIRFLOW_CTX_TRY_NUMBER=1
AIRFLOW_CTX_DAG_RUN_ID=scheduled__2023-10-04T00:00:00+00:00
[2023-10-05T08:28:41.389+0000] {subprocess.py:63} INFO - Tmp dir root location: 
 /tmp
[2023-10-05T08:28:41.390+0000] {subprocess.py:75} INFO - Running command: ['/bin/bash', '-c', 'sleep 10']
[2023-10-05T08:28:41.407+0000] {subprocess.py:86} INFO - Output:
[2023-10-05T08:28:51.429+0000] {subprocess.py:97} INFO - Command exited with return code 0
[2023-10-05T08:28:51.469+0000] {taskinstance.py:1406} INFO - Marking task as SUCCESS. dag_id=group_dag, task_id=downloads.pippo_a, execution_date=20231004T000000, start_date=20231005T082840, end_date=20231005T082851
[2023-10-05T08:28:51.505+0000] {local_task_job.py:164} INFO - Task exited with return code 0
[2023-10-05T08:28:51.533+0000] {local_task_job.py:273} INFO - 0 downstream tasks scheduled from follow-on schedule check
