[2023-10-04T08:26:49.018+0000] {taskinstance.py:1165} INFO - Dependencies all met for <TaskInstance: parallel_dag.transform scheduled__2023-10-03T00:00:00+00:00 [queued]>
[2023-10-04T08:26:49.029+0000] {taskinstance.py:1165} INFO - Dependencies all met for <TaskInstance: parallel_dag.transform scheduled__2023-10-03T00:00:00+00:00 [queued]>
[2023-10-04T08:26:49.030+0000] {taskinstance.py:1362} INFO - 
--------------------------------------------------------------------------------
[2023-10-04T08:26:49.031+0000] {taskinstance.py:1363} INFO - Starting attempt 1 of 1
[2023-10-04T08:26:49.032+0000] {taskinstance.py:1364} INFO - 
--------------------------------------------------------------------------------
[2023-10-04T08:26:49.047+0000] {taskinstance.py:1383} INFO - Executing <Task(BashOperator): transform> on 2023-10-03 00:00:00+00:00
[2023-10-04T08:26:49.053+0000] {standard_task_runner.py:55} INFO - Started process 362 to run task
[2023-10-04T08:26:49.057+0000] {standard_task_runner.py:82} INFO - Running: ['***', 'tasks', 'run', 'parallel_dag', 'transform', 'scheduled__2023-10-03T00:00:00+00:00', '--job-id', '46', '--raw', '--subdir', 'DAGS_FOLDER/parallel_dag.py', '--cfg-path', '/tmp/tmp0frc3dun']
[2023-10-04T08:26:49.058+0000] {standard_task_runner.py:83} INFO - Job 46: Subtask transform
[2023-10-04T08:26:49.120+0000] {task_command.py:376} INFO - Running <TaskInstance: parallel_dag.transform scheduled__2023-10-03T00:00:00+00:00 [running]> on host f375aee85298
[2023-10-04T08:26:49.177+0000] {taskinstance.py:1592} INFO - Exporting the following env vars:
AIRFLOW_CTX_DAG_OWNER=***
AIRFLOW_CTX_DAG_ID=parallel_dag
AIRFLOW_CTX_TASK_ID=transform
AIRFLOW_CTX_EXECUTION_DATE=2023-10-03T00:00:00+00:00
AIRFLOW_CTX_TRY_NUMBER=1
AIRFLOW_CTX_DAG_RUN_ID=scheduled__2023-10-03T00:00:00+00:00
[2023-10-04T08:26:49.178+0000] {subprocess.py:63} INFO - Tmp dir root location: 
 /tmp
[2023-10-04T08:26:49.180+0000] {subprocess.py:75} INFO - Running command: ['/bin/bash', '-c', 'sleep 10']
[2023-10-04T08:26:49.189+0000] {subprocess.py:86} INFO - Output:
[2023-10-04T08:26:59.191+0000] {subprocess.py:97} INFO - Command exited with return code 0
[2023-10-04T08:26:59.221+0000] {taskinstance.py:1406} INFO - Marking task as SUCCESS. dag_id=parallel_dag, task_id=transform, execution_date=20231003T000000, start_date=20231004T082649, end_date=20231004T082659
[2023-10-04T08:26:59.239+0000] {local_task_job.py:164} INFO - Task exited with return code 0
[2023-10-04T08:26:59.256+0000] {local_task_job.py:273} INFO - 0 downstream tasks scheduled from follow-on schedule check
