[2023-10-03T14:27:00.000+0000] {processor.py:154} INFO - Started process (PID=9954) to work on /opt/airflow/dags/producer.py
[2023-10-03T14:27:00.002+0000] {processor.py:756} INFO - Processing file /opt/airflow/dags/producer.py for tasks to queue
[2023-10-03T14:27:00.003+0000] {logging_mixin.py:120} INFO - [2023-10-03T14:27:00.003+0000] {dagbag.py:537} INFO - Filling up the DagBag from /opt/airflow/dags/producer.py
[2023-10-03T14:27:00.089+0000] {processor.py:766} INFO - DAG(s) dict_keys(['producer']) retrieved from /opt/airflow/dags/producer.py
[2023-10-03T14:27:00.212+0000] {logging_mixin.py:120} INFO - [2023-10-03T14:27:00.212+0000] {manager.py:507} INFO - Created Permission View: can delete on DAG:producer
[2023-10-03T14:27:00.223+0000] {logging_mixin.py:120} INFO - [2023-10-03T14:27:00.223+0000] {manager.py:507} INFO - Created Permission View: can read on DAG:producer
[2023-10-03T14:27:00.231+0000] {logging_mixin.py:120} INFO - [2023-10-03T14:27:00.231+0000] {manager.py:507} INFO - Created Permission View: can edit on DAG:producer
[2023-10-03T14:27:00.232+0000] {logging_mixin.py:120} INFO - [2023-10-03T14:27:00.231+0000] {dag.py:2585} INFO - Sync 1 DAGs
[2023-10-03T14:27:00.246+0000] {logging_mixin.py:120} INFO - [2023-10-03T14:27:00.246+0000] {dag.py:2606} INFO - Creating ORM DAG for producer
[2023-10-03T14:27:00.258+0000] {logging_mixin.py:120} INFO - [2023-10-03T14:27:00.258+0000] {dag.py:3340} INFO - Setting next_dagrun for producer to 2023-10-02T00:00:00+00:00, run_after=2023-10-03T00:00:00+00:00
[2023-10-03T14:27:00.288+0000] {processor.py:176} INFO - Processing /opt/airflow/dags/producer.py took 0.292 seconds
[2023-10-03T14:27:30.721+0000] {processor.py:154} INFO - Started process (PID=10020) to work on /opt/airflow/dags/producer.py
[2023-10-03T14:27:30.724+0000] {processor.py:756} INFO - Processing file /opt/airflow/dags/producer.py for tasks to queue
[2023-10-03T14:27:30.726+0000] {logging_mixin.py:120} INFO - [2023-10-03T14:27:30.726+0000] {dagbag.py:537} INFO - Filling up the DagBag from /opt/airflow/dags/producer.py
[2023-10-03T14:27:30.782+0000] {processor.py:766} INFO - DAG(s) dict_keys(['producer']) retrieved from /opt/airflow/dags/producer.py
[2023-10-03T14:27:30.818+0000] {logging_mixin.py:120} INFO - [2023-10-03T14:27:30.817+0000] {dag.py:2585} INFO - Sync 1 DAGs
[2023-10-03T14:27:30.839+0000] {logging_mixin.py:120} INFO - [2023-10-03T14:27:30.838+0000] {dag.py:3340} INFO - Setting next_dagrun for producer to 2023-10-02T00:00:00+00:00, run_after=2023-10-03T00:00:00+00:00
[2023-10-03T14:27:30.868+0000] {processor.py:176} INFO - Processing /opt/airflow/dags/producer.py took 0.154 seconds
[2023-10-03T14:28:01.269+0000] {processor.py:154} INFO - Started process (PID=10086) to work on /opt/airflow/dags/producer.py
[2023-10-03T14:28:01.271+0000] {processor.py:756} INFO - Processing file /opt/airflow/dags/producer.py for tasks to queue
[2023-10-03T14:28:01.277+0000] {logging_mixin.py:120} INFO - [2023-10-03T14:28:01.276+0000] {dagbag.py:537} INFO - Filling up the DagBag from /opt/airflow/dags/producer.py
[2023-10-03T14:28:01.335+0000] {processor.py:766} INFO - DAG(s) dict_keys(['producer']) retrieved from /opt/airflow/dags/producer.py
[2023-10-03T14:28:01.413+0000] {logging_mixin.py:120} INFO - [2023-10-03T14:28:01.413+0000] {dag.py:2585} INFO - Sync 1 DAGs
[2023-10-03T14:28:01.461+0000] {logging_mixin.py:120} INFO - [2023-10-03T14:28:01.461+0000] {dag.py:3340} INFO - Setting next_dagrun for producer to 2023-10-02T00:00:00+00:00, run_after=2023-10-03T00:00:00+00:00
[2023-10-03T14:28:01.536+0000] {processor.py:176} INFO - Processing /opt/airflow/dags/producer.py took 0.272 seconds
[2023-10-03T14:28:31.891+0000] {processor.py:154} INFO - Started process (PID=10143) to work on /opt/airflow/dags/producer.py
[2023-10-03T14:28:31.893+0000] {processor.py:756} INFO - Processing file /opt/airflow/dags/producer.py for tasks to queue
[2023-10-03T14:28:31.895+0000] {logging_mixin.py:120} INFO - [2023-10-03T14:28:31.895+0000] {dagbag.py:537} INFO - Filling up the DagBag from /opt/airflow/dags/producer.py
[2023-10-03T14:28:31.949+0000] {processor.py:766} INFO - DAG(s) dict_keys(['producer']) retrieved from /opt/airflow/dags/producer.py
[2023-10-03T14:28:31.982+0000] {logging_mixin.py:120} INFO - [2023-10-03T14:28:31.982+0000] {dag.py:2585} INFO - Sync 1 DAGs
[2023-10-03T14:28:32.002+0000] {logging_mixin.py:120} INFO - [2023-10-03T14:28:32.002+0000] {dag.py:3340} INFO - Setting next_dagrun for producer to 2023-10-02T00:00:00+00:00, run_after=2023-10-03T00:00:00+00:00
[2023-10-03T14:28:32.028+0000] {processor.py:176} INFO - Processing /opt/airflow/dags/producer.py took 0.142 seconds
[2023-10-03T14:29:02.152+0000] {processor.py:154} INFO - Started process (PID=10209) to work on /opt/airflow/dags/producer.py
[2023-10-03T14:29:02.153+0000] {processor.py:756} INFO - Processing file /opt/airflow/dags/producer.py for tasks to queue
[2023-10-03T14:29:02.155+0000] {logging_mixin.py:120} INFO - [2023-10-03T14:29:02.154+0000] {dagbag.py:537} INFO - Filling up the DagBag from /opt/airflow/dags/producer.py
[2023-10-03T14:29:02.204+0000] {processor.py:766} INFO - DAG(s) dict_keys(['producer']) retrieved from /opt/airflow/dags/producer.py
[2023-10-03T14:29:02.239+0000] {logging_mixin.py:120} INFO - [2023-10-03T14:29:02.239+0000] {dag.py:2585} INFO - Sync 1 DAGs
[2023-10-03T14:29:02.260+0000] {logging_mixin.py:120} INFO - [2023-10-03T14:29:02.260+0000] {dag.py:3340} INFO - Setting next_dagrun for producer to 2023-10-02T00:00:00+00:00, run_after=2023-10-03T00:00:00+00:00
[2023-10-03T14:29:02.286+0000] {processor.py:176} INFO - Processing /opt/airflow/dags/producer.py took 0.137 seconds
[2023-10-03T14:29:32.815+0000] {processor.py:154} INFO - Started process (PID=10275) to work on /opt/airflow/dags/producer.py
[2023-10-03T14:29:32.817+0000] {processor.py:756} INFO - Processing file /opt/airflow/dags/producer.py for tasks to queue
[2023-10-03T14:29:32.819+0000] {logging_mixin.py:120} INFO - [2023-10-03T14:29:32.819+0000] {dagbag.py:537} INFO - Filling up the DagBag from /opt/airflow/dags/producer.py
[2023-10-03T14:29:32.874+0000] {processor.py:766} INFO - DAG(s) dict_keys(['producer']) retrieved from /opt/airflow/dags/producer.py
[2023-10-03T14:29:32.904+0000] {logging_mixin.py:120} INFO - [2023-10-03T14:29:32.904+0000] {dag.py:2585} INFO - Sync 1 DAGs
[2023-10-03T14:29:32.924+0000] {logging_mixin.py:120} INFO - [2023-10-03T14:29:32.924+0000] {dag.py:3340} INFO - Setting next_dagrun for producer to 2023-10-02T00:00:00+00:00, run_after=2023-10-03T00:00:00+00:00
[2023-10-03T14:29:32.948+0000] {processor.py:176} INFO - Processing /opt/airflow/dags/producer.py took 0.137 seconds
[2023-10-03T14:30:03.224+0000] {processor.py:154} INFO - Started process (PID=10332) to work on /opt/airflow/dags/producer.py
[2023-10-03T14:30:03.226+0000] {processor.py:756} INFO - Processing file /opt/airflow/dags/producer.py for tasks to queue
[2023-10-03T14:30:03.229+0000] {logging_mixin.py:120} INFO - [2023-10-03T14:30:03.229+0000] {dagbag.py:537} INFO - Filling up the DagBag from /opt/airflow/dags/producer.py
[2023-10-03T14:30:03.310+0000] {processor.py:766} INFO - DAG(s) dict_keys(['producer']) retrieved from /opt/airflow/dags/producer.py
[2023-10-03T14:30:03.344+0000] {logging_mixin.py:120} INFO - [2023-10-03T14:30:03.344+0000] {dag.py:2585} INFO - Sync 1 DAGs
[2023-10-03T14:30:03.365+0000] {logging_mixin.py:120} INFO - [2023-10-03T14:30:03.365+0000] {dag.py:3340} INFO - Setting next_dagrun for producer to 2023-10-02T00:00:00+00:00, run_after=2023-10-03T00:00:00+00:00
[2023-10-03T14:30:03.395+0000] {processor.py:176} INFO - Processing /opt/airflow/dags/producer.py took 0.180 seconds
[2023-10-03T14:30:33.675+0000] {processor.py:154} INFO - Started process (PID=10398) to work on /opt/airflow/dags/producer.py
[2023-10-03T14:30:33.677+0000] {processor.py:756} INFO - Processing file /opt/airflow/dags/producer.py for tasks to queue
[2023-10-03T14:30:33.680+0000] {logging_mixin.py:120} INFO - [2023-10-03T14:30:33.679+0000] {dagbag.py:537} INFO - Filling up the DagBag from /opt/airflow/dags/producer.py
[2023-10-03T14:30:33.737+0000] {processor.py:766} INFO - DAG(s) dict_keys(['producer']) retrieved from /opt/airflow/dags/producer.py
[2023-10-03T14:30:33.768+0000] {logging_mixin.py:120} INFO - [2023-10-03T14:30:33.767+0000] {dag.py:2585} INFO - Sync 1 DAGs
[2023-10-03T14:30:33.788+0000] {logging_mixin.py:120} INFO - [2023-10-03T14:30:33.788+0000] {dag.py:3340} INFO - Setting next_dagrun for producer to 2023-10-02T00:00:00+00:00, run_after=2023-10-03T00:00:00+00:00
[2023-10-03T14:30:33.810+0000] {processor.py:176} INFO - Processing /opt/airflow/dags/producer.py took 0.141 seconds
[2023-10-03T14:31:03.984+0000] {processor.py:154} INFO - Started process (PID=10463) to work on /opt/airflow/dags/producer.py
[2023-10-03T14:31:03.986+0000] {processor.py:756} INFO - Processing file /opt/airflow/dags/producer.py for tasks to queue
[2023-10-03T14:31:03.988+0000] {logging_mixin.py:120} INFO - [2023-10-03T14:31:03.988+0000] {dagbag.py:537} INFO - Filling up the DagBag from /opt/airflow/dags/producer.py
[2023-10-03T14:31:04.066+0000] {processor.py:766} INFO - DAG(s) dict_keys(['producer']) retrieved from /opt/airflow/dags/producer.py
[2023-10-03T14:31:04.097+0000] {logging_mixin.py:120} INFO - [2023-10-03T14:31:04.097+0000] {dag.py:2585} INFO - Sync 1 DAGs
[2023-10-03T14:31:04.116+0000] {logging_mixin.py:120} INFO - [2023-10-03T14:31:04.116+0000] {dag.py:3340} INFO - Setting next_dagrun for producer to 2023-10-02T00:00:00+00:00, run_after=2023-10-03T00:00:00+00:00
[2023-10-03T14:31:04.142+0000] {processor.py:176} INFO - Processing /opt/airflow/dags/producer.py took 0.164 seconds
[2023-10-03T14:31:34.565+0000] {processor.py:154} INFO - Started process (PID=10529) to work on /opt/airflow/dags/producer.py
[2023-10-03T14:31:34.566+0000] {processor.py:756} INFO - Processing file /opt/airflow/dags/producer.py for tasks to queue
[2023-10-03T14:31:34.568+0000] {logging_mixin.py:120} INFO - [2023-10-03T14:31:34.567+0000] {dagbag.py:537} INFO - Filling up the DagBag from /opt/airflow/dags/producer.py
[2023-10-03T14:31:34.618+0000] {processor.py:766} INFO - DAG(s) dict_keys(['producer']) retrieved from /opt/airflow/dags/producer.py
[2023-10-03T14:31:34.664+0000] {logging_mixin.py:120} INFO - [2023-10-03T14:31:34.663+0000] {dag.py:2585} INFO - Sync 1 DAGs
[2023-10-03T14:31:34.691+0000] {logging_mixin.py:120} INFO - [2023-10-03T14:31:34.691+0000] {dag.py:3340} INFO - Setting next_dagrun for producer to 2023-10-02T00:00:00+00:00, run_after=2023-10-03T00:00:00+00:00
[2023-10-03T14:31:34.727+0000] {processor.py:176} INFO - Processing /opt/airflow/dags/producer.py took 0.166 seconds
[2023-10-03T14:32:05.297+0000] {processor.py:154} INFO - Started process (PID=10586) to work on /opt/airflow/dags/producer.py
[2023-10-03T14:32:05.299+0000] {processor.py:756} INFO - Processing file /opt/airflow/dags/producer.py for tasks to queue
[2023-10-03T14:32:05.301+0000] {logging_mixin.py:120} INFO - [2023-10-03T14:32:05.301+0000] {dagbag.py:537} INFO - Filling up the DagBag from /opt/airflow/dags/producer.py
[2023-10-03T14:32:05.354+0000] {processor.py:766} INFO - DAG(s) dict_keys(['producer']) retrieved from /opt/airflow/dags/producer.py
[2023-10-03T14:32:05.391+0000] {logging_mixin.py:120} INFO - [2023-10-03T14:32:05.391+0000] {dag.py:2585} INFO - Sync 1 DAGs
[2023-10-03T14:32:05.409+0000] {logging_mixin.py:120} INFO - [2023-10-03T14:32:05.409+0000] {dag.py:3340} INFO - Setting next_dagrun for producer to 2023-10-02T00:00:00+00:00, run_after=2023-10-03T00:00:00+00:00
[2023-10-03T14:32:05.430+0000] {processor.py:176} INFO - Processing /opt/airflow/dags/producer.py took 0.139 seconds
[2023-10-03T14:32:35.632+0000] {processor.py:154} INFO - Started process (PID=10652) to work on /opt/airflow/dags/producer.py
[2023-10-03T14:32:35.634+0000] {processor.py:756} INFO - Processing file /opt/airflow/dags/producer.py for tasks to queue
[2023-10-03T14:32:35.635+0000] {logging_mixin.py:120} INFO - [2023-10-03T14:32:35.635+0000] {dagbag.py:537} INFO - Filling up the DagBag from /opt/airflow/dags/producer.py
[2023-10-03T14:32:35.683+0000] {processor.py:766} INFO - DAG(s) dict_keys(['producer']) retrieved from /opt/airflow/dags/producer.py
[2023-10-03T14:32:35.724+0000] {logging_mixin.py:120} INFO - [2023-10-03T14:32:35.724+0000] {dag.py:2585} INFO - Sync 1 DAGs
[2023-10-03T14:32:35.748+0000] {logging_mixin.py:120} INFO - [2023-10-03T14:32:35.748+0000] {dag.py:3340} INFO - Setting next_dagrun for producer to 2023-10-02T00:00:00+00:00, run_after=2023-10-03T00:00:00+00:00
[2023-10-03T14:32:35.770+0000] {processor.py:176} INFO - Processing /opt/airflow/dags/producer.py took 0.142 seconds
[2023-10-03T14:33:06.004+0000] {processor.py:154} INFO - Started process (PID=10718) to work on /opt/airflow/dags/producer.py
[2023-10-03T14:33:06.006+0000] {processor.py:756} INFO - Processing file /opt/airflow/dags/producer.py for tasks to queue
[2023-10-03T14:33:06.008+0000] {logging_mixin.py:120} INFO - [2023-10-03T14:33:06.008+0000] {dagbag.py:537} INFO - Filling up the DagBag from /opt/airflow/dags/producer.py
[2023-10-03T14:33:06.077+0000] {processor.py:766} INFO - DAG(s) dict_keys(['producer']) retrieved from /opt/airflow/dags/producer.py
[2023-10-03T14:33:06.112+0000] {logging_mixin.py:120} INFO - [2023-10-03T14:33:06.111+0000] {dag.py:2585} INFO - Sync 1 DAGs
[2023-10-03T14:33:06.139+0000] {logging_mixin.py:120} INFO - [2023-10-03T14:33:06.139+0000] {dag.py:3340} INFO - Setting next_dagrun for producer to 2023-10-02T00:00:00+00:00, run_after=2023-10-03T00:00:00+00:00
[2023-10-03T14:33:06.168+0000] {processor.py:176} INFO - Processing /opt/airflow/dags/producer.py took 0.170 seconds
[2023-10-03T14:33:36.445+0000] {processor.py:154} INFO - Started process (PID=10775) to work on /opt/airflow/dags/producer.py
[2023-10-03T14:33:36.447+0000] {processor.py:756} INFO - Processing file /opt/airflow/dags/producer.py for tasks to queue
[2023-10-03T14:33:36.448+0000] {logging_mixin.py:120} INFO - [2023-10-03T14:33:36.448+0000] {dagbag.py:537} INFO - Filling up the DagBag from /opt/airflow/dags/producer.py
[2023-10-03T14:33:36.503+0000] {processor.py:766} INFO - DAG(s) dict_keys(['producer']) retrieved from /opt/airflow/dags/producer.py
[2023-10-03T14:33:36.547+0000] {logging_mixin.py:120} INFO - [2023-10-03T14:33:36.547+0000] {dag.py:2585} INFO - Sync 1 DAGs
[2023-10-03T14:33:36.573+0000] {logging_mixin.py:120} INFO - [2023-10-03T14:33:36.573+0000] {dag.py:3340} INFO - Setting next_dagrun for producer to 2023-10-02T00:00:00+00:00, run_after=2023-10-03T00:00:00+00:00
[2023-10-03T14:33:36.605+0000] {processor.py:176} INFO - Processing /opt/airflow/dags/producer.py took 0.166 seconds
[2023-10-03T14:34:06.683+0000] {processor.py:154} INFO - Started process (PID=10841) to work on /opt/airflow/dags/producer.py
[2023-10-03T14:34:06.685+0000] {processor.py:756} INFO - Processing file /opt/airflow/dags/producer.py for tasks to queue
[2023-10-03T14:34:06.687+0000] {logging_mixin.py:120} INFO - [2023-10-03T14:34:06.687+0000] {dagbag.py:537} INFO - Filling up the DagBag from /opt/airflow/dags/producer.py
[2023-10-03T14:34:06.753+0000] {processor.py:766} INFO - DAG(s) dict_keys(['producer']) retrieved from /opt/airflow/dags/producer.py
[2023-10-03T14:34:06.788+0000] {logging_mixin.py:120} INFO - [2023-10-03T14:34:06.788+0000] {dag.py:2585} INFO - Sync 1 DAGs
[2023-10-03T14:34:06.811+0000] {logging_mixin.py:120} INFO - [2023-10-03T14:34:06.811+0000] {dag.py:3340} INFO - Setting next_dagrun for producer to 2023-10-02T00:00:00+00:00, run_after=2023-10-03T00:00:00+00:00
[2023-10-03T14:34:06.834+0000] {processor.py:176} INFO - Processing /opt/airflow/dags/producer.py took 0.158 seconds
[2023-10-03T14:34:37.202+0000] {processor.py:154} INFO - Started process (PID=10907) to work on /opt/airflow/dags/producer.py
[2023-10-03T14:34:37.204+0000] {processor.py:756} INFO - Processing file /opt/airflow/dags/producer.py for tasks to queue
[2023-10-03T14:34:37.206+0000] {logging_mixin.py:120} INFO - [2023-10-03T14:34:37.206+0000] {dagbag.py:537} INFO - Filling up the DagBag from /opt/airflow/dags/producer.py
[2023-10-03T14:34:37.278+0000] {processor.py:766} INFO - DAG(s) dict_keys(['producer']) retrieved from /opt/airflow/dags/producer.py
[2023-10-03T14:34:37.308+0000] {logging_mixin.py:120} INFO - [2023-10-03T14:34:37.308+0000] {dag.py:2585} INFO - Sync 1 DAGs
[2023-10-03T14:34:37.327+0000] {logging_mixin.py:120} INFO - [2023-10-03T14:34:37.327+0000] {dag.py:3340} INFO - Setting next_dagrun for producer to 2023-10-02T00:00:00+00:00, run_after=2023-10-03T00:00:00+00:00
[2023-10-03T14:34:37.350+0000] {processor.py:176} INFO - Processing /opt/airflow/dags/producer.py took 0.154 seconds
[2023-10-03T14:35:08.029+0000] {processor.py:154} INFO - Started process (PID=10973) to work on /opt/airflow/dags/producer.py
[2023-10-03T14:35:08.030+0000] {processor.py:756} INFO - Processing file /opt/airflow/dags/producer.py for tasks to queue
[2023-10-03T14:35:08.031+0000] {logging_mixin.py:120} INFO - [2023-10-03T14:35:08.031+0000] {dagbag.py:537} INFO - Filling up the DagBag from /opt/airflow/dags/producer.py
[2023-10-03T14:35:08.069+0000] {processor.py:766} INFO - DAG(s) dict_keys(['producer']) retrieved from /opt/airflow/dags/producer.py
[2023-10-03T14:35:08.106+0000] {logging_mixin.py:120} INFO - [2023-10-03T14:35:08.106+0000] {dag.py:2585} INFO - Sync 1 DAGs
[2023-10-03T14:35:08.129+0000] {logging_mixin.py:120} INFO - [2023-10-03T14:35:08.129+0000] {dag.py:3340} INFO - Setting next_dagrun for producer to 2023-10-02T00:00:00+00:00, run_after=2023-10-03T00:00:00+00:00
[2023-10-03T14:35:08.157+0000] {processor.py:176} INFO - Processing /opt/airflow/dags/producer.py took 0.131 seconds
[2023-10-03T14:35:38.384+0000] {processor.py:154} INFO - Started process (PID=11030) to work on /opt/airflow/dags/producer.py
[2023-10-03T14:35:38.387+0000] {processor.py:756} INFO - Processing file /opt/airflow/dags/producer.py for tasks to queue
[2023-10-03T14:35:38.389+0000] {logging_mixin.py:120} INFO - [2023-10-03T14:35:38.389+0000] {dagbag.py:537} INFO - Filling up the DagBag from /opt/airflow/dags/producer.py
[2023-10-03T14:35:38.445+0000] {processor.py:766} INFO - DAG(s) dict_keys(['producer']) retrieved from /opt/airflow/dags/producer.py
[2023-10-03T14:35:38.477+0000] {logging_mixin.py:120} INFO - [2023-10-03T14:35:38.476+0000] {dag.py:2585} INFO - Sync 1 DAGs
[2023-10-03T14:35:38.497+0000] {logging_mixin.py:120} INFO - [2023-10-03T14:35:38.497+0000] {dag.py:3340} INFO - Setting next_dagrun for producer to 2023-10-02T00:00:00+00:00, run_after=2023-10-03T00:00:00+00:00
[2023-10-03T14:35:38.521+0000] {processor.py:176} INFO - Processing /opt/airflow/dags/producer.py took 0.143 seconds
[2023-10-03T14:36:08.644+0000] {processor.py:154} INFO - Started process (PID=11096) to work on /opt/airflow/dags/producer.py
[2023-10-03T14:36:08.647+0000] {processor.py:756} INFO - Processing file /opt/airflow/dags/producer.py for tasks to queue
[2023-10-03T14:36:08.650+0000] {logging_mixin.py:120} INFO - [2023-10-03T14:36:08.650+0000] {dagbag.py:537} INFO - Filling up the DagBag from /opt/airflow/dags/producer.py
[2023-10-03T14:36:08.717+0000] {processor.py:766} INFO - DAG(s) dict_keys(['producer']) retrieved from /opt/airflow/dags/producer.py
[2023-10-03T14:36:08.768+0000] {logging_mixin.py:120} INFO - [2023-10-03T14:36:08.768+0000] {dag.py:2585} INFO - Sync 1 DAGs
[2023-10-03T14:36:08.790+0000] {logging_mixin.py:120} INFO - [2023-10-03T14:36:08.790+0000] {dag.py:3340} INFO - Setting next_dagrun for producer to 2023-10-02T00:00:00+00:00, run_after=2023-10-03T00:00:00+00:00
[2023-10-03T14:36:08.817+0000] {processor.py:176} INFO - Processing /opt/airflow/dags/producer.py took 0.183 seconds
[2023-10-03T14:36:38.983+0000] {processor.py:154} INFO - Started process (PID=11163) to work on /opt/airflow/dags/producer.py
[2023-10-03T14:36:38.985+0000] {processor.py:756} INFO - Processing file /opt/airflow/dags/producer.py for tasks to queue
[2023-10-03T14:36:38.987+0000] {logging_mixin.py:120} INFO - [2023-10-03T14:36:38.987+0000] {dagbag.py:537} INFO - Filling up the DagBag from /opt/airflow/dags/producer.py
[2023-10-03T14:36:39.045+0000] {processor.py:766} INFO - DAG(s) dict_keys(['producer']) retrieved from /opt/airflow/dags/producer.py
[2023-10-03T14:36:39.077+0000] {logging_mixin.py:120} INFO - [2023-10-03T14:36:39.077+0000] {dag.py:2585} INFO - Sync 1 DAGs
[2023-10-03T14:36:39.095+0000] {logging_mixin.py:120} INFO - [2023-10-03T14:36:39.095+0000] {dag.py:3340} INFO - Setting next_dagrun for producer to 2023-10-02T00:00:00+00:00, run_after=2023-10-03T00:00:00+00:00
[2023-10-03T14:36:39.119+0000] {processor.py:176} INFO - Processing /opt/airflow/dags/producer.py took 0.142 seconds
[2023-10-03T14:37:09.730+0000] {processor.py:154} INFO - Started process (PID=11230) to work on /opt/airflow/dags/producer.py
[2023-10-03T14:37:09.731+0000] {processor.py:756} INFO - Processing file /opt/airflow/dags/producer.py for tasks to queue
[2023-10-03T14:37:09.732+0000] {logging_mixin.py:120} INFO - [2023-10-03T14:37:09.732+0000] {dagbag.py:537} INFO - Filling up the DagBag from /opt/airflow/dags/producer.py
[2023-10-03T14:37:09.769+0000] {processor.py:766} INFO - DAG(s) dict_keys(['producer']) retrieved from /opt/airflow/dags/producer.py
[2023-10-03T14:37:09.804+0000] {logging_mixin.py:120} INFO - [2023-10-03T14:37:09.803+0000] {dag.py:2585} INFO - Sync 1 DAGs
[2023-10-03T14:37:09.827+0000] {logging_mixin.py:120} INFO - [2023-10-03T14:37:09.827+0000] {dag.py:3340} INFO - Setting next_dagrun for producer to 2023-10-02T00:00:00+00:00, run_after=2023-10-03T00:00:00+00:00
[2023-10-03T14:37:09.851+0000] {processor.py:176} INFO - Processing /opt/airflow/dags/producer.py took 0.124 seconds
[2023-10-03T14:37:40.829+0000] {processor.py:154} INFO - Started process (PID=11287) to work on /opt/airflow/dags/producer.py
[2023-10-03T14:37:40.831+0000] {processor.py:756} INFO - Processing file /opt/airflow/dags/producer.py for tasks to queue
[2023-10-03T14:37:40.833+0000] {logging_mixin.py:120} INFO - [2023-10-03T14:37:40.832+0000] {dagbag.py:537} INFO - Filling up the DagBag from /opt/airflow/dags/producer.py
[2023-10-03T14:37:40.891+0000] {processor.py:766} INFO - DAG(s) dict_keys(['producer']) retrieved from /opt/airflow/dags/producer.py
[2023-10-03T14:37:40.921+0000] {logging_mixin.py:120} INFO - [2023-10-03T14:37:40.921+0000] {dag.py:2585} INFO - Sync 1 DAGs
[2023-10-03T14:37:40.939+0000] {logging_mixin.py:120} INFO - [2023-10-03T14:37:40.939+0000] {dag.py:3340} INFO - Setting next_dagrun for producer to 2023-10-02T00:00:00+00:00, run_after=2023-10-03T00:00:00+00:00
[2023-10-03T14:37:40.963+0000] {processor.py:176} INFO - Processing /opt/airflow/dags/producer.py took 0.139 seconds
[2023-10-03T14:38:11.045+0000] {processor.py:154} INFO - Started process (PID=11353) to work on /opt/airflow/dags/producer.py
[2023-10-03T14:38:11.048+0000] {processor.py:756} INFO - Processing file /opt/airflow/dags/producer.py for tasks to queue
[2023-10-03T14:38:11.050+0000] {logging_mixin.py:120} INFO - [2023-10-03T14:38:11.049+0000] {dagbag.py:537} INFO - Filling up the DagBag from /opt/airflow/dags/producer.py
[2023-10-03T14:38:11.116+0000] {processor.py:766} INFO - DAG(s) dict_keys(['producer']) retrieved from /opt/airflow/dags/producer.py
[2023-10-03T14:38:11.150+0000] {logging_mixin.py:120} INFO - [2023-10-03T14:38:11.150+0000] {dag.py:2585} INFO - Sync 1 DAGs
[2023-10-03T14:38:11.169+0000] {logging_mixin.py:120} INFO - [2023-10-03T14:38:11.169+0000] {dag.py:3340} INFO - Setting next_dagrun for producer to 2023-10-02T00:00:00+00:00, run_after=2023-10-03T00:00:00+00:00
[2023-10-03T14:38:11.197+0000] {processor.py:176} INFO - Processing /opt/airflow/dags/producer.py took 0.158 seconds
[2023-10-03T14:38:41.380+0000] {processor.py:154} INFO - Started process (PID=11419) to work on /opt/airflow/dags/producer.py
[2023-10-03T14:38:41.382+0000] {processor.py:756} INFO - Processing file /opt/airflow/dags/producer.py for tasks to queue
[2023-10-03T14:38:41.384+0000] {logging_mixin.py:120} INFO - [2023-10-03T14:38:41.383+0000] {dagbag.py:537} INFO - Filling up the DagBag from /opt/airflow/dags/producer.py
[2023-10-03T14:38:41.448+0000] {processor.py:766} INFO - DAG(s) dict_keys(['producer']) retrieved from /opt/airflow/dags/producer.py
[2023-10-03T14:38:41.490+0000] {logging_mixin.py:120} INFO - [2023-10-03T14:38:41.489+0000] {dag.py:2585} INFO - Sync 1 DAGs
[2023-10-03T14:38:41.511+0000] {logging_mixin.py:120} INFO - [2023-10-03T14:38:41.511+0000] {dag.py:3340} INFO - Setting next_dagrun for producer to 2023-10-02T00:00:00+00:00, run_after=2023-10-03T00:00:00+00:00
[2023-10-03T14:38:41.536+0000] {processor.py:176} INFO - Processing /opt/airflow/dags/producer.py took 0.162 seconds
[2023-10-03T14:39:12.289+0000] {processor.py:154} INFO - Started process (PID=11485) to work on /opt/airflow/dags/producer.py
[2023-10-03T14:39:12.291+0000] {processor.py:756} INFO - Processing file /opt/airflow/dags/producer.py for tasks to queue
[2023-10-03T14:39:12.292+0000] {logging_mixin.py:120} INFO - [2023-10-03T14:39:12.292+0000] {dagbag.py:537} INFO - Filling up the DagBag from /opt/airflow/dags/producer.py
[2023-10-03T14:39:12.328+0000] {processor.py:766} INFO - DAG(s) dict_keys(['producer']) retrieved from /opt/airflow/dags/producer.py
[2023-10-03T14:39:12.360+0000] {logging_mixin.py:120} INFO - [2023-10-03T14:39:12.360+0000] {dag.py:2585} INFO - Sync 1 DAGs
[2023-10-03T14:39:12.381+0000] {logging_mixin.py:120} INFO - [2023-10-03T14:39:12.381+0000] {dag.py:3340} INFO - Setting next_dagrun for producer to 2023-10-02T00:00:00+00:00, run_after=2023-10-03T00:00:00+00:00
[2023-10-03T14:39:12.406+0000] {processor.py:176} INFO - Processing /opt/airflow/dags/producer.py took 0.119 seconds
[2023-10-03T14:39:43.047+0000] {processor.py:154} INFO - Started process (PID=11542) to work on /opt/airflow/dags/producer.py
[2023-10-03T14:39:43.048+0000] {processor.py:756} INFO - Processing file /opt/airflow/dags/producer.py for tasks to queue
[2023-10-03T14:39:43.050+0000] {logging_mixin.py:120} INFO - [2023-10-03T14:39:43.049+0000] {dagbag.py:537} INFO - Filling up the DagBag from /opt/airflow/dags/producer.py
[2023-10-03T14:39:43.090+0000] {processor.py:766} INFO - DAG(s) dict_keys(['producer']) retrieved from /opt/airflow/dags/producer.py
[2023-10-03T14:39:43.121+0000] {logging_mixin.py:120} INFO - [2023-10-03T14:39:43.121+0000] {dag.py:2585} INFO - Sync 1 DAGs
[2023-10-03T14:39:43.141+0000] {logging_mixin.py:120} INFO - [2023-10-03T14:39:43.141+0000] {dag.py:3340} INFO - Setting next_dagrun for producer to 2023-10-02T00:00:00+00:00, run_after=2023-10-03T00:00:00+00:00
[2023-10-03T14:39:43.163+0000] {processor.py:176} INFO - Processing /opt/airflow/dags/producer.py took 0.120 seconds
[2023-10-03T14:40:13.303+0000] {processor.py:154} INFO - Started process (PID=11608) to work on /opt/airflow/dags/producer.py
[2023-10-03T14:40:13.306+0000] {processor.py:756} INFO - Processing file /opt/airflow/dags/producer.py for tasks to queue
[2023-10-03T14:40:13.309+0000] {logging_mixin.py:120} INFO - [2023-10-03T14:40:13.308+0000] {dagbag.py:537} INFO - Filling up the DagBag from /opt/airflow/dags/producer.py
[2023-10-03T14:40:13.374+0000] {processor.py:766} INFO - DAG(s) dict_keys(['producer']) retrieved from /opt/airflow/dags/producer.py
[2023-10-03T14:40:13.486+0000] {logging_mixin.py:120} INFO - [2023-10-03T14:40:13.486+0000] {dag.py:2585} INFO - Sync 1 DAGs
[2023-10-03T14:40:13.512+0000] {logging_mixin.py:120} INFO - [2023-10-03T14:40:13.512+0000] {dag.py:3340} INFO - Setting next_dagrun for producer to 2023-10-02T00:00:00+00:00, run_after=2023-10-03T00:00:00+00:00
[2023-10-03T14:40:13.535+0000] {processor.py:176} INFO - Processing /opt/airflow/dags/producer.py took 0.239 seconds
[2023-10-03T14:40:43.592+0000] {processor.py:154} INFO - Started process (PID=11674) to work on /opt/airflow/dags/producer.py
[2023-10-03T14:40:43.594+0000] {processor.py:756} INFO - Processing file /opt/airflow/dags/producer.py for tasks to queue
[2023-10-03T14:40:43.595+0000] {logging_mixin.py:120} INFO - [2023-10-03T14:40:43.595+0000] {dagbag.py:537} INFO - Filling up the DagBag from /opt/airflow/dags/producer.py
[2023-10-03T14:40:43.636+0000] {processor.py:766} INFO - DAG(s) dict_keys(['producer']) retrieved from /opt/airflow/dags/producer.py
[2023-10-03T14:40:43.699+0000] {logging_mixin.py:120} INFO - [2023-10-03T14:40:43.699+0000] {dag.py:2585} INFO - Sync 1 DAGs
[2023-10-03T14:40:43.734+0000] {logging_mixin.py:120} INFO - [2023-10-03T14:40:43.734+0000] {dag.py:3340} INFO - Setting next_dagrun for producer to 2023-10-02T00:00:00+00:00, run_after=2023-10-03T00:00:00+00:00
[2023-10-03T14:40:43.762+0000] {processor.py:176} INFO - Processing /opt/airflow/dags/producer.py took 0.175 seconds
[2023-10-03T14:41:14.607+0000] {processor.py:154} INFO - Started process (PID=11740) to work on /opt/airflow/dags/producer.py
[2023-10-03T14:41:14.608+0000] {processor.py:756} INFO - Processing file /opt/airflow/dags/producer.py for tasks to queue
[2023-10-03T14:41:14.609+0000] {logging_mixin.py:120} INFO - [2023-10-03T14:41:14.609+0000] {dagbag.py:537} INFO - Filling up the DagBag from /opt/airflow/dags/producer.py
[2023-10-03T14:41:14.652+0000] {processor.py:766} INFO - DAG(s) dict_keys(['producer']) retrieved from /opt/airflow/dags/producer.py
[2023-10-03T14:41:14.757+0000] {logging_mixin.py:120} INFO - [2023-10-03T14:41:14.757+0000] {dag.py:2585} INFO - Sync 1 DAGs
[2023-10-03T14:41:14.792+0000] {logging_mixin.py:120} INFO - [2023-10-03T14:41:14.792+0000] {dag.py:3340} INFO - Setting next_dagrun for producer to 2023-10-02T00:00:00+00:00, run_after=2023-10-03T00:00:00+00:00
[2023-10-03T14:41:14.825+0000] {processor.py:176} INFO - Processing /opt/airflow/dags/producer.py took 0.222 seconds
[2023-10-03T14:41:22.811+0000] {processor.py:154} INFO - Started process (PID=11741) to work on /opt/airflow/dags/producer.py
[2023-10-03T14:41:22.813+0000] {processor.py:756} INFO - Processing file /opt/airflow/dags/producer.py for tasks to queue
[2023-10-03T14:41:22.816+0000] {logging_mixin.py:120} INFO - [2023-10-03T14:41:22.815+0000] {dagbag.py:537} INFO - Filling up the DagBag from /opt/airflow/dags/producer.py
[2023-10-03T14:41:22.874+0000] {processor.py:766} INFO - DAG(s) dict_keys(['producer']) retrieved from /opt/airflow/dags/producer.py
[2023-10-03T14:41:22.909+0000] {logging_mixin.py:120} INFO - [2023-10-03T14:41:22.908+0000] {dag.py:2585} INFO - Sync 1 DAGs
[2023-10-03T14:41:22.932+0000] {logging_mixin.py:120} INFO - [2023-10-03T14:41:22.932+0000] {dag.py:3340} INFO - Setting next_dagrun for producer to 2023-10-02T00:00:00+00:00, run_after=2023-10-03T00:00:00+00:00
[2023-10-03T14:41:22.966+0000] {processor.py:176} INFO - Processing /opt/airflow/dags/producer.py took 0.160 seconds
[2023-10-03T14:41:53.069+0000] {processor.py:154} INFO - Started process (PID=11807) to work on /opt/airflow/dags/producer.py
[2023-10-03T14:41:53.072+0000] {processor.py:756} INFO - Processing file /opt/airflow/dags/producer.py for tasks to queue
[2023-10-03T14:41:53.074+0000] {logging_mixin.py:120} INFO - [2023-10-03T14:41:53.074+0000] {dagbag.py:537} INFO - Filling up the DagBag from /opt/airflow/dags/producer.py
[2023-10-03T14:41:53.147+0000] {processor.py:766} INFO - DAG(s) dict_keys(['producer']) retrieved from /opt/airflow/dags/producer.py
[2023-10-03T14:41:53.189+0000] {logging_mixin.py:120} INFO - [2023-10-03T14:41:53.189+0000] {dag.py:2585} INFO - Sync 1 DAGs
[2023-10-03T14:41:53.212+0000] {logging_mixin.py:120} INFO - [2023-10-03T14:41:53.212+0000] {dag.py:3340} INFO - Setting next_dagrun for producer to 2023-10-02T00:00:00+00:00, run_after=2023-10-03T00:00:00+00:00
[2023-10-03T14:41:53.240+0000] {processor.py:176} INFO - Processing /opt/airflow/dags/producer.py took 0.181 seconds
[2023-10-03T14:42:23.485+0000] {processor.py:154} INFO - Started process (PID=11874) to work on /opt/airflow/dags/producer.py
[2023-10-03T14:42:23.486+0000] {processor.py:756} INFO - Processing file /opt/airflow/dags/producer.py for tasks to queue
[2023-10-03T14:42:23.487+0000] {logging_mixin.py:120} INFO - [2023-10-03T14:42:23.487+0000] {dagbag.py:537} INFO - Filling up the DagBag from /opt/airflow/dags/producer.py
[2023-10-03T14:42:23.535+0000] {processor.py:766} INFO - DAG(s) dict_keys(['producer']) retrieved from /opt/airflow/dags/producer.py
[2023-10-03T14:42:23.573+0000] {logging_mixin.py:120} INFO - [2023-10-03T14:42:23.572+0000] {dag.py:2585} INFO - Sync 1 DAGs
[2023-10-03T14:42:23.596+0000] {logging_mixin.py:120} INFO - [2023-10-03T14:42:23.596+0000] {dag.py:3340} INFO - Setting next_dagrun for producer to 2023-10-02T00:00:00+00:00, run_after=2023-10-03T00:00:00+00:00
[2023-10-03T14:42:23.643+0000] {processor.py:176} INFO - Processing /opt/airflow/dags/producer.py took 0.161 seconds
[2023-10-03T14:42:54.450+0000] {processor.py:154} INFO - Started process (PID=11932) to work on /opt/airflow/dags/producer.py
[2023-10-03T14:42:54.452+0000] {processor.py:756} INFO - Processing file /opt/airflow/dags/producer.py for tasks to queue
[2023-10-03T14:42:54.453+0000] {logging_mixin.py:120} INFO - [2023-10-03T14:42:54.453+0000] {dagbag.py:537} INFO - Filling up the DagBag from /opt/airflow/dags/producer.py
[2023-10-03T14:42:54.494+0000] {processor.py:766} INFO - DAG(s) dict_keys(['producer']) retrieved from /opt/airflow/dags/producer.py
[2023-10-03T14:42:54.531+0000] {logging_mixin.py:120} INFO - [2023-10-03T14:42:54.531+0000] {dag.py:2585} INFO - Sync 1 DAGs
[2023-10-03T14:42:54.554+0000] {logging_mixin.py:120} INFO - [2023-10-03T14:42:54.553+0000] {dag.py:3340} INFO - Setting next_dagrun for producer to 2023-10-02T00:00:00+00:00, run_after=2023-10-03T00:00:00+00:00
[2023-10-03T14:42:54.580+0000] {processor.py:176} INFO - Processing /opt/airflow/dags/producer.py took 0.135 seconds
[2023-10-03T14:43:20.938+0000] {processor.py:154} INFO - Started process (PID=12001) to work on /opt/airflow/dags/producer.py
[2023-10-03T14:43:20.940+0000] {processor.py:756} INFO - Processing file /opt/airflow/dags/producer.py for tasks to queue
[2023-10-03T14:43:20.941+0000] {logging_mixin.py:120} INFO - [2023-10-03T14:43:20.941+0000] {dagbag.py:537} INFO - Filling up the DagBag from /opt/airflow/dags/producer.py
[2023-10-03T14:43:20.991+0000] {processor.py:766} INFO - DAG(s) dict_keys(['producer']) retrieved from /opt/airflow/dags/producer.py
[2023-10-03T14:43:21.032+0000] {logging_mixin.py:120} INFO - [2023-10-03T14:43:21.031+0000] {dag.py:2585} INFO - Sync 1 DAGs
[2023-10-03T14:43:21.055+0000] {logging_mixin.py:120} INFO - [2023-10-03T14:43:21.054+0000] {dag.py:3340} INFO - Setting next_dagrun for producer to 2023-10-02T00:00:00+00:00, run_after=2023-10-03T00:00:00+00:00
[2023-10-03T14:43:21.083+0000] {processor.py:176} INFO - Processing /opt/airflow/dags/producer.py took 0.150 seconds
[2023-10-03T14:43:51.274+0000] {processor.py:154} INFO - Started process (PID=12061) to work on /opt/airflow/dags/producer.py
[2023-10-03T14:43:51.276+0000] {processor.py:756} INFO - Processing file /opt/airflow/dags/producer.py for tasks to queue
[2023-10-03T14:43:51.277+0000] {logging_mixin.py:120} INFO - [2023-10-03T14:43:51.277+0000] {dagbag.py:537} INFO - Filling up the DagBag from /opt/airflow/dags/producer.py
[2023-10-03T14:43:51.330+0000] {processor.py:766} INFO - DAG(s) dict_keys(['producer']) retrieved from /opt/airflow/dags/producer.py
[2023-10-03T14:43:51.381+0000] {logging_mixin.py:120} INFO - [2023-10-03T14:43:51.381+0000] {dag.py:2585} INFO - Sync 1 DAGs
[2023-10-03T14:43:51.414+0000] {logging_mixin.py:120} INFO - [2023-10-03T14:43:51.414+0000] {dag.py:3340} INFO - Setting next_dagrun for producer to 2023-10-02T00:00:00+00:00, run_after=2023-10-03T00:00:00+00:00
[2023-10-03T14:43:51.451+0000] {processor.py:176} INFO - Processing /opt/airflow/dags/producer.py took 0.185 seconds
[2023-10-03T14:44:21.605+0000] {processor.py:154} INFO - Started process (PID=12126) to work on /opt/airflow/dags/producer.py
[2023-10-03T14:44:21.607+0000] {processor.py:756} INFO - Processing file /opt/airflow/dags/producer.py for tasks to queue
[2023-10-03T14:44:21.609+0000] {logging_mixin.py:120} INFO - [2023-10-03T14:44:21.609+0000] {dagbag.py:537} INFO - Filling up the DagBag from /opt/airflow/dags/producer.py
[2023-10-03T14:44:21.676+0000] {processor.py:766} INFO - DAG(s) dict_keys(['producer']) retrieved from /opt/airflow/dags/producer.py
[2023-10-03T14:44:21.710+0000] {logging_mixin.py:120} INFO - [2023-10-03T14:44:21.710+0000] {dag.py:2585} INFO - Sync 1 DAGs
[2023-10-03T14:44:21.731+0000] {logging_mixin.py:120} INFO - [2023-10-03T14:44:21.731+0000] {dag.py:3340} INFO - Setting next_dagrun for producer to 2023-10-02T00:00:00+00:00, run_after=2023-10-03T00:00:00+00:00
[2023-10-03T14:44:21.755+0000] {processor.py:176} INFO - Processing /opt/airflow/dags/producer.py took 0.157 seconds
[2023-10-03T14:44:51.927+0000] {processor.py:154} INFO - Started process (PID=12193) to work on /opt/airflow/dags/producer.py
[2023-10-03T14:44:51.930+0000] {processor.py:756} INFO - Processing file /opt/airflow/dags/producer.py for tasks to queue
[2023-10-03T14:44:51.932+0000] {logging_mixin.py:120} INFO - [2023-10-03T14:44:51.932+0000] {dagbag.py:537} INFO - Filling up the DagBag from /opt/airflow/dags/producer.py
[2023-10-03T14:44:51.988+0000] {processor.py:766} INFO - DAG(s) dict_keys(['producer']) retrieved from /opt/airflow/dags/producer.py
[2023-10-03T14:44:52.026+0000] {logging_mixin.py:120} INFO - [2023-10-03T14:44:52.026+0000] {dag.py:2585} INFO - Sync 1 DAGs
[2023-10-03T14:44:52.045+0000] {logging_mixin.py:120} INFO - [2023-10-03T14:44:52.045+0000] {dag.py:3340} INFO - Setting next_dagrun for producer to 2023-10-02T00:00:00+00:00, run_after=2023-10-03T00:00:00+00:00
[2023-10-03T14:44:52.073+0000] {processor.py:176} INFO - Processing /opt/airflow/dags/producer.py took 0.152 seconds
[2023-10-03T14:45:22.555+0000] {processor.py:154} INFO - Started process (PID=12260) to work on /opt/airflow/dags/producer.py
[2023-10-03T14:45:22.558+0000] {processor.py:756} INFO - Processing file /opt/airflow/dags/producer.py for tasks to queue
[2023-10-03T14:45:22.560+0000] {logging_mixin.py:120} INFO - [2023-10-03T14:45:22.560+0000] {dagbag.py:537} INFO - Filling up the DagBag from /opt/airflow/dags/producer.py
[2023-10-03T14:45:22.627+0000] {processor.py:766} INFO - DAG(s) dict_keys(['producer']) retrieved from /opt/airflow/dags/producer.py
[2023-10-03T14:45:22.668+0000] {logging_mixin.py:120} INFO - [2023-10-03T14:45:22.668+0000] {dag.py:2585} INFO - Sync 1 DAGs
[2023-10-03T14:45:22.691+0000] {logging_mixin.py:120} INFO - [2023-10-03T14:45:22.691+0000] {dag.py:3340} INFO - Setting next_dagrun for producer to 2023-10-02T00:00:00+00:00, run_after=2023-10-03T00:00:00+00:00
[2023-10-03T14:45:22.722+0000] {processor.py:176} INFO - Processing /opt/airflow/dags/producer.py took 0.173 seconds
[2023-10-03T14:45:53.509+0000] {processor.py:154} INFO - Started process (PID=12318) to work on /opt/airflow/dags/producer.py
[2023-10-03T14:45:53.511+0000] {processor.py:756} INFO - Processing file /opt/airflow/dags/producer.py for tasks to queue
[2023-10-03T14:45:53.513+0000] {logging_mixin.py:120} INFO - [2023-10-03T14:45:53.513+0000] {dagbag.py:537} INFO - Filling up the DagBag from /opt/airflow/dags/producer.py
[2023-10-03T14:45:53.599+0000] {processor.py:766} INFO - DAG(s) dict_keys(['producer']) retrieved from /opt/airflow/dags/producer.py
[2023-10-03T14:45:53.637+0000] {logging_mixin.py:120} INFO - [2023-10-03T14:45:53.636+0000] {dag.py:2585} INFO - Sync 1 DAGs
[2023-10-03T14:45:53.661+0000] {logging_mixin.py:120} INFO - [2023-10-03T14:45:53.661+0000] {dag.py:3340} INFO - Setting next_dagrun for producer to 2023-10-02T00:00:00+00:00, run_after=2023-10-03T00:00:00+00:00
[2023-10-03T14:45:53.686+0000] {processor.py:176} INFO - Processing /opt/airflow/dags/producer.py took 0.184 seconds
[2023-10-03T14:46:23.762+0000] {processor.py:154} INFO - Started process (PID=12385) to work on /opt/airflow/dags/producer.py
[2023-10-03T14:46:23.764+0000] {processor.py:756} INFO - Processing file /opt/airflow/dags/producer.py for tasks to queue
[2023-10-03T14:46:23.765+0000] {logging_mixin.py:120} INFO - [2023-10-03T14:46:23.765+0000] {dagbag.py:537} INFO - Filling up the DagBag from /opt/airflow/dags/producer.py
[2023-10-03T14:46:23.814+0000] {processor.py:766} INFO - DAG(s) dict_keys(['producer']) retrieved from /opt/airflow/dags/producer.py
[2023-10-03T14:46:23.851+0000] {logging_mixin.py:120} INFO - [2023-10-03T14:46:23.850+0000] {dag.py:2585} INFO - Sync 1 DAGs
[2023-10-03T14:46:23.871+0000] {logging_mixin.py:120} INFO - [2023-10-03T14:46:23.871+0000] {dag.py:3340} INFO - Setting next_dagrun for producer to 2023-10-02T00:00:00+00:00, run_after=2023-10-03T00:00:00+00:00
[2023-10-03T14:46:23.899+0000] {processor.py:176} INFO - Processing /opt/airflow/dags/producer.py took 0.140 seconds
[2023-10-03T14:46:54.026+0000] {processor.py:154} INFO - Started process (PID=12452) to work on /opt/airflow/dags/producer.py
[2023-10-03T14:46:54.028+0000] {processor.py:756} INFO - Processing file /opt/airflow/dags/producer.py for tasks to queue
[2023-10-03T14:46:54.032+0000] {logging_mixin.py:120} INFO - [2023-10-03T14:46:54.031+0000] {dagbag.py:537} INFO - Filling up the DagBag from /opt/airflow/dags/producer.py
[2023-10-03T14:46:54.089+0000] {processor.py:766} INFO - DAG(s) dict_keys(['producer']) retrieved from /opt/airflow/dags/producer.py
[2023-10-03T14:46:54.125+0000] {logging_mixin.py:120} INFO - [2023-10-03T14:46:54.124+0000] {dag.py:2585} INFO - Sync 1 DAGs
[2023-10-03T14:46:54.146+0000] {logging_mixin.py:120} INFO - [2023-10-03T14:46:54.146+0000] {dag.py:3340} INFO - Setting next_dagrun for producer to 2023-10-02T00:00:00+00:00, run_after=2023-10-03T00:00:00+00:00
[2023-10-03T14:46:54.170+0000] {processor.py:176} INFO - Processing /opt/airflow/dags/producer.py took 0.150 seconds
[2023-10-03T14:47:25.016+0000] {processor.py:154} INFO - Started process (PID=12510) to work on /opt/airflow/dags/producer.py
[2023-10-03T14:47:25.019+0000] {processor.py:756} INFO - Processing file /opt/airflow/dags/producer.py for tasks to queue
[2023-10-03T14:47:25.023+0000] {logging_mixin.py:120} INFO - [2023-10-03T14:47:25.023+0000] {dagbag.py:537} INFO - Filling up the DagBag from /opt/airflow/dags/producer.py
[2023-10-03T14:47:25.145+0000] {processor.py:766} INFO - DAG(s) dict_keys(['producer']) retrieved from /opt/airflow/dags/producer.py
[2023-10-03T14:47:25.286+0000] {logging_mixin.py:120} INFO - [2023-10-03T14:47:25.286+0000] {dag.py:2585} INFO - Sync 1 DAGs
[2023-10-03T14:47:25.339+0000] {logging_mixin.py:120} INFO - [2023-10-03T14:47:25.339+0000] {dag.py:3340} INFO - Setting next_dagrun for producer to 2023-10-02T00:00:00+00:00, run_after=2023-10-03T00:00:00+00:00
[2023-10-03T14:47:25.402+0000] {processor.py:176} INFO - Processing /opt/airflow/dags/producer.py took 0.395 seconds
[2023-10-03T14:47:56.332+0000] {processor.py:154} INFO - Started process (PID=12577) to work on /opt/airflow/dags/producer.py
[2023-10-03T14:47:56.334+0000] {processor.py:756} INFO - Processing file /opt/airflow/dags/producer.py for tasks to queue
[2023-10-03T14:47:56.335+0000] {logging_mixin.py:120} INFO - [2023-10-03T14:47:56.335+0000] {dagbag.py:537} INFO - Filling up the DagBag from /opt/airflow/dags/producer.py
[2023-10-03T14:47:56.392+0000] {processor.py:766} INFO - DAG(s) dict_keys(['producer']) retrieved from /opt/airflow/dags/producer.py
[2023-10-03T14:47:56.424+0000] {logging_mixin.py:120} INFO - [2023-10-03T14:47:56.424+0000] {dag.py:2585} INFO - Sync 1 DAGs
[2023-10-03T14:47:56.444+0000] {logging_mixin.py:120} INFO - [2023-10-03T14:47:56.444+0000] {dag.py:3340} INFO - Setting next_dagrun for producer to 2023-10-03T00:00:00+00:00, run_after=2023-10-04T00:00:00+00:00
[2023-10-03T14:47:56.465+0000] {processor.py:176} INFO - Processing /opt/airflow/dags/producer.py took 0.140 seconds
[2023-10-03T14:48:27.068+0000] {processor.py:154} INFO - Started process (PID=12643) to work on /opt/airflow/dags/producer.py
[2023-10-03T14:48:27.071+0000] {processor.py:756} INFO - Processing file /opt/airflow/dags/producer.py for tasks to queue
[2023-10-03T14:48:27.073+0000] {logging_mixin.py:120} INFO - [2023-10-03T14:48:27.073+0000] {dagbag.py:537} INFO - Filling up the DagBag from /opt/airflow/dags/producer.py
[2023-10-03T14:48:27.130+0000] {processor.py:766} INFO - DAG(s) dict_keys(['producer']) retrieved from /opt/airflow/dags/producer.py
[2023-10-03T14:48:27.165+0000] {logging_mixin.py:120} INFO - [2023-10-03T14:48:27.165+0000] {dag.py:2585} INFO - Sync 1 DAGs
[2023-10-03T14:48:27.185+0000] {logging_mixin.py:120} INFO - [2023-10-03T14:48:27.185+0000] {dag.py:3340} INFO - Setting next_dagrun for producer to 2023-10-03T00:00:00+00:00, run_after=2023-10-04T00:00:00+00:00
[2023-10-03T14:48:27.210+0000] {processor.py:176} INFO - Processing /opt/airflow/dags/producer.py took 0.150 seconds
[2023-10-03T14:48:57.301+0000] {processor.py:154} INFO - Started process (PID=12710) to work on /opt/airflow/dags/producer.py
[2023-10-03T14:48:57.304+0000] {processor.py:756} INFO - Processing file /opt/airflow/dags/producer.py for tasks to queue
[2023-10-03T14:48:57.306+0000] {logging_mixin.py:120} INFO - [2023-10-03T14:48:57.306+0000] {dagbag.py:537} INFO - Filling up the DagBag from /opt/airflow/dags/producer.py
[2023-10-03T14:48:57.372+0000] {processor.py:766} INFO - DAG(s) dict_keys(['producer']) retrieved from /opt/airflow/dags/producer.py
[2023-10-03T14:48:57.411+0000] {logging_mixin.py:120} INFO - [2023-10-03T14:48:57.411+0000] {dag.py:2585} INFO - Sync 1 DAGs
[2023-10-03T14:48:57.434+0000] {logging_mixin.py:120} INFO - [2023-10-03T14:48:57.433+0000] {dag.py:3340} INFO - Setting next_dagrun for producer to 2023-10-03T00:00:00+00:00, run_after=2023-10-04T00:00:00+00:00
[2023-10-03T14:48:57.464+0000] {processor.py:176} INFO - Processing /opt/airflow/dags/producer.py took 0.171 seconds
[2023-10-03T14:49:28.063+0000] {processor.py:154} INFO - Started process (PID=12767) to work on /opt/airflow/dags/producer.py
[2023-10-03T14:49:28.066+0000] {processor.py:756} INFO - Processing file /opt/airflow/dags/producer.py for tasks to queue
[2023-10-03T14:49:28.069+0000] {logging_mixin.py:120} INFO - [2023-10-03T14:49:28.068+0000] {dagbag.py:537} INFO - Filling up the DagBag from /opt/airflow/dags/producer.py
[2023-10-03T14:49:28.157+0000] {processor.py:766} INFO - DAG(s) dict_keys(['producer']) retrieved from /opt/airflow/dags/producer.py
[2023-10-03T14:49:28.198+0000] {logging_mixin.py:120} INFO - [2023-10-03T14:49:28.198+0000] {dag.py:2585} INFO - Sync 1 DAGs
[2023-10-03T14:49:28.222+0000] {logging_mixin.py:120} INFO - [2023-10-03T14:49:28.221+0000] {dag.py:3340} INFO - Setting next_dagrun for producer to 2023-10-03T00:00:00+00:00, run_after=2023-10-04T00:00:00+00:00
[2023-10-03T14:49:28.246+0000] {processor.py:176} INFO - Processing /opt/airflow/dags/producer.py took 0.193 seconds
[2023-10-03T14:49:58.826+0000] {processor.py:154} INFO - Started process (PID=12834) to work on /opt/airflow/dags/producer.py
[2023-10-03T14:49:58.828+0000] {processor.py:756} INFO - Processing file /opt/airflow/dags/producer.py for tasks to queue
[2023-10-03T14:49:58.830+0000] {logging_mixin.py:120} INFO - [2023-10-03T14:49:58.830+0000] {dagbag.py:537} INFO - Filling up the DagBag from /opt/airflow/dags/producer.py
[2023-10-03T14:49:58.907+0000] {processor.py:766} INFO - DAG(s) dict_keys(['producer']) retrieved from /opt/airflow/dags/producer.py
[2023-10-03T14:49:58.941+0000] {logging_mixin.py:120} INFO - [2023-10-03T14:49:58.941+0000] {dag.py:2585} INFO - Sync 1 DAGs
[2023-10-03T14:49:58.967+0000] {logging_mixin.py:120} INFO - [2023-10-03T14:49:58.967+0000] {dag.py:3340} INFO - Setting next_dagrun for producer to 2023-10-03T00:00:00+00:00, run_after=2023-10-04T00:00:00+00:00
[2023-10-03T14:49:58.997+0000] {processor.py:176} INFO - Processing /opt/airflow/dags/producer.py took 0.178 seconds
[2023-10-03T14:50:29.414+0000] {processor.py:154} INFO - Started process (PID=12901) to work on /opt/airflow/dags/producer.py
[2023-10-03T14:50:29.416+0000] {processor.py:756} INFO - Processing file /opt/airflow/dags/producer.py for tasks to queue
[2023-10-03T14:50:29.418+0000] {logging_mixin.py:120} INFO - [2023-10-03T14:50:29.418+0000] {dagbag.py:537} INFO - Filling up the DagBag from /opt/airflow/dags/producer.py
[2023-10-03T14:50:29.465+0000] {processor.py:766} INFO - DAG(s) dict_keys(['producer']) retrieved from /opt/airflow/dags/producer.py
[2023-10-03T14:50:29.501+0000] {logging_mixin.py:120} INFO - [2023-10-03T14:50:29.501+0000] {dag.py:2585} INFO - Sync 1 DAGs
[2023-10-03T14:50:29.524+0000] {logging_mixin.py:120} INFO - [2023-10-03T14:50:29.524+0000] {dag.py:3340} INFO - Setting next_dagrun for producer to 2023-10-03T00:00:00+00:00, run_after=2023-10-04T00:00:00+00:00
[2023-10-03T14:50:29.551+0000] {processor.py:176} INFO - Processing /opt/airflow/dags/producer.py took 0.143 seconds
[2023-10-03T14:51:00.288+0000] {processor.py:154} INFO - Started process (PID=12968) to work on /opt/airflow/dags/producer.py
[2023-10-03T14:51:00.289+0000] {processor.py:756} INFO - Processing file /opt/airflow/dags/producer.py for tasks to queue
[2023-10-03T14:51:00.290+0000] {logging_mixin.py:120} INFO - [2023-10-03T14:51:00.290+0000] {dagbag.py:537} INFO - Filling up the DagBag from /opt/airflow/dags/producer.py
[2023-10-03T14:51:00.325+0000] {processor.py:766} INFO - DAG(s) dict_keys(['producer']) retrieved from /opt/airflow/dags/producer.py
[2023-10-03T14:51:00.360+0000] {logging_mixin.py:120} INFO - [2023-10-03T14:51:00.360+0000] {dag.py:2585} INFO - Sync 1 DAGs
[2023-10-03T14:51:00.382+0000] {logging_mixin.py:120} INFO - [2023-10-03T14:51:00.382+0000] {dag.py:3340} INFO - Setting next_dagrun for producer to 2023-10-03T00:00:00+00:00, run_after=2023-10-04T00:00:00+00:00
[2023-10-03T14:51:00.409+0000] {processor.py:176} INFO - Processing /opt/airflow/dags/producer.py took 0.126 seconds
[2023-10-03T14:51:30.319+0000] {processor.py:154} INFO - Started process (PID=13027) to work on /opt/airflow/dags/producer.py
[2023-10-03T14:51:30.322+0000] {processor.py:756} INFO - Processing file /opt/airflow/dags/producer.py for tasks to queue
[2023-10-03T14:51:30.323+0000] {logging_mixin.py:120} INFO - [2023-10-03T14:51:30.323+0000] {dagbag.py:537} INFO - Filling up the DagBag from /opt/airflow/dags/producer.py
[2023-10-03T14:51:30.406+0000] {processor.py:766} INFO - DAG(s) dict_keys(['producer']) retrieved from /opt/airflow/dags/producer.py
[2023-10-03T14:51:30.482+0000] {logging_mixin.py:120} INFO - [2023-10-03T14:51:30.482+0000] {dag.py:2585} INFO - Sync 1 DAGs
[2023-10-03T14:51:30.512+0000] {logging_mixin.py:120} INFO - [2023-10-03T14:51:30.512+0000] {dag.py:3340} INFO - Setting next_dagrun for producer to 2023-10-03T00:00:00+00:00, run_after=2023-10-04T00:00:00+00:00
[2023-10-03T14:51:30.557+0000] {processor.py:176} INFO - Processing /opt/airflow/dags/producer.py took 0.246 seconds
[2023-10-03T14:51:46.358+0000] {processor.py:154} INFO - Started process (PID=13073) to work on /opt/airflow/dags/producer.py
[2023-10-03T14:51:46.361+0000] {processor.py:756} INFO - Processing file /opt/airflow/dags/producer.py for tasks to queue
[2023-10-03T14:51:46.363+0000] {logging_mixin.py:120} INFO - [2023-10-03T14:51:46.362+0000] {dagbag.py:537} INFO - Filling up the DagBag from /opt/airflow/dags/producer.py
[2023-10-03T14:51:46.490+0000] {processor.py:766} INFO - DAG(s) dict_keys(['producer']) retrieved from /opt/airflow/dags/producer.py
[2023-10-03T14:51:46.528+0000] {logging_mixin.py:120} INFO - [2023-10-03T14:51:46.527+0000] {dag.py:2585} INFO - Sync 1 DAGs
[2023-10-03T14:51:46.576+0000] {logging_mixin.py:120} INFO - [2023-10-03T14:51:46.575+0000] {dag.py:3340} INFO - Setting next_dagrun for producer to 2023-10-03T00:00:00+00:00, run_after=2023-10-04T00:00:00+00:00
[2023-10-03T14:51:46.612+0000] {processor.py:176} INFO - Processing /opt/airflow/dags/producer.py took 0.262 seconds
[2023-10-03T14:52:16.762+0000] {processor.py:154} INFO - Started process (PID=13138) to work on /opt/airflow/dags/producer.py
[2023-10-03T14:52:16.763+0000] {processor.py:756} INFO - Processing file /opt/airflow/dags/producer.py for tasks to queue
[2023-10-03T14:52:16.764+0000] {logging_mixin.py:120} INFO - [2023-10-03T14:52:16.764+0000] {dagbag.py:537} INFO - Filling up the DagBag from /opt/airflow/dags/producer.py
[2023-10-03T14:52:16.804+0000] {processor.py:766} INFO - DAG(s) dict_keys(['producer']) retrieved from /opt/airflow/dags/producer.py
[2023-10-03T14:52:16.848+0000] {logging_mixin.py:120} INFO - [2023-10-03T14:52:16.847+0000] {dag.py:2585} INFO - Sync 1 DAGs
[2023-10-03T14:52:16.880+0000] {logging_mixin.py:120} INFO - [2023-10-03T14:52:16.879+0000] {dag.py:3340} INFO - Setting next_dagrun for producer to 2023-10-03T00:00:00+00:00, run_after=2023-10-04T00:00:00+00:00
[2023-10-03T14:52:16.913+0000] {processor.py:176} INFO - Processing /opt/airflow/dags/producer.py took 0.155 seconds
[2023-10-03T14:52:47.172+0000] {processor.py:154} INFO - Started process (PID=13200) to work on /opt/airflow/dags/producer.py
[2023-10-03T14:52:47.174+0000] {processor.py:756} INFO - Processing file /opt/airflow/dags/producer.py for tasks to queue
[2023-10-03T14:52:47.175+0000] {logging_mixin.py:120} INFO - [2023-10-03T14:52:47.175+0000] {dagbag.py:537} INFO - Filling up the DagBag from /opt/airflow/dags/producer.py
[2023-10-03T14:52:47.216+0000] {processor.py:766} INFO - DAG(s) dict_keys(['producer']) retrieved from /opt/airflow/dags/producer.py
[2023-10-03T14:52:47.254+0000] {logging_mixin.py:120} INFO - [2023-10-03T14:52:47.254+0000] {dag.py:2585} INFO - Sync 1 DAGs
[2023-10-03T14:52:47.281+0000] {logging_mixin.py:120} INFO - [2023-10-03T14:52:47.280+0000] {dag.py:3340} INFO - Setting next_dagrun for producer to 2023-10-03T00:00:00+00:00, run_after=2023-10-04T00:00:00+00:00
[2023-10-03T14:52:47.325+0000] {processor.py:176} INFO - Processing /opt/airflow/dags/producer.py took 0.157 seconds
[2023-10-03T14:53:17.547+0000] {processor.py:154} INFO - Started process (PID=13267) to work on /opt/airflow/dags/producer.py
[2023-10-03T14:53:17.548+0000] {processor.py:756} INFO - Processing file /opt/airflow/dags/producer.py for tasks to queue
[2023-10-03T14:53:17.549+0000] {logging_mixin.py:120} INFO - [2023-10-03T14:53:17.549+0000] {dagbag.py:537} INFO - Filling up the DagBag from /opt/airflow/dags/producer.py
[2023-10-03T14:53:17.601+0000] {processor.py:766} INFO - DAG(s) dict_keys(['producer']) retrieved from /opt/airflow/dags/producer.py
[2023-10-03T14:53:17.639+0000] {logging_mixin.py:120} INFO - [2023-10-03T14:53:17.639+0000] {dag.py:2585} INFO - Sync 1 DAGs
[2023-10-03T14:53:17.661+0000] {logging_mixin.py:120} INFO - [2023-10-03T14:53:17.661+0000] {dag.py:3340} INFO - Setting next_dagrun for producer to 2023-10-03T00:00:00+00:00, run_after=2023-10-04T00:00:00+00:00
[2023-10-03T14:53:17.690+0000] {processor.py:176} INFO - Processing /opt/airflow/dags/producer.py took 0.147 seconds
[2023-10-03T14:53:48.454+0000] {processor.py:154} INFO - Started process (PID=13336) to work on /opt/airflow/dags/producer.py
[2023-10-03T14:53:48.456+0000] {processor.py:756} INFO - Processing file /opt/airflow/dags/producer.py for tasks to queue
[2023-10-03T14:53:48.458+0000] {logging_mixin.py:120} INFO - [2023-10-03T14:53:48.457+0000] {dagbag.py:537} INFO - Filling up the DagBag from /opt/airflow/dags/producer.py
[2023-10-03T14:53:48.500+0000] {processor.py:766} INFO - DAG(s) dict_keys(['producer']) retrieved from /opt/airflow/dags/producer.py
[2023-10-03T14:53:48.537+0000] {logging_mixin.py:120} INFO - [2023-10-03T14:53:48.537+0000] {dag.py:2585} INFO - Sync 1 DAGs
[2023-10-03T14:53:48.561+0000] {logging_mixin.py:120} INFO - [2023-10-03T14:53:48.561+0000] {dag.py:3340} INFO - Setting next_dagrun for producer to 2023-10-03T00:00:00+00:00, run_after=2023-10-04T00:00:00+00:00
[2023-10-03T14:53:48.589+0000] {processor.py:176} INFO - Processing /opt/airflow/dags/producer.py took 0.139 seconds
[2023-10-03T14:54:19.238+0000] {processor.py:154} INFO - Started process (PID=13394) to work on /opt/airflow/dags/producer.py
[2023-10-03T14:54:19.241+0000] {processor.py:756} INFO - Processing file /opt/airflow/dags/producer.py for tasks to queue
[2023-10-03T14:54:19.242+0000] {logging_mixin.py:120} INFO - [2023-10-03T14:54:19.242+0000] {dagbag.py:537} INFO - Filling up the DagBag from /opt/airflow/dags/producer.py
[2023-10-03T14:54:19.291+0000] {processor.py:766} INFO - DAG(s) dict_keys(['producer']) retrieved from /opt/airflow/dags/producer.py
[2023-10-03T14:54:19.327+0000] {logging_mixin.py:120} INFO - [2023-10-03T14:54:19.327+0000] {dag.py:2585} INFO - Sync 1 DAGs
[2023-10-03T14:54:19.351+0000] {logging_mixin.py:120} INFO - [2023-10-03T14:54:19.351+0000] {dag.py:3340} INFO - Setting next_dagrun for producer to 2023-10-03T00:00:00+00:00, run_after=2023-10-04T00:00:00+00:00
[2023-10-03T14:54:19.380+0000] {processor.py:176} INFO - Processing /opt/airflow/dags/producer.py took 0.148 seconds
[2023-10-03T14:54:49.877+0000] {processor.py:154} INFO - Started process (PID=13461) to work on /opt/airflow/dags/producer.py
[2023-10-03T14:54:49.879+0000] {processor.py:756} INFO - Processing file /opt/airflow/dags/producer.py for tasks to queue
[2023-10-03T14:54:49.879+0000] {logging_mixin.py:120} INFO - [2023-10-03T14:54:49.879+0000] {dagbag.py:537} INFO - Filling up the DagBag from /opt/airflow/dags/producer.py
[2023-10-03T14:54:49.913+0000] {processor.py:766} INFO - DAG(s) dict_keys(['producer']) retrieved from /opt/airflow/dags/producer.py
[2023-10-03T14:54:49.953+0000] {logging_mixin.py:120} INFO - [2023-10-03T14:54:49.953+0000] {dag.py:2585} INFO - Sync 1 DAGs
[2023-10-03T14:54:49.978+0000] {logging_mixin.py:120} INFO - [2023-10-03T14:54:49.978+0000] {dag.py:3340} INFO - Setting next_dagrun for producer to 2023-10-03T00:00:00+00:00, run_after=2023-10-04T00:00:00+00:00
[2023-10-03T14:54:50.011+0000] {processor.py:176} INFO - Processing /opt/airflow/dags/producer.py took 0.136 seconds
[2023-10-03T14:55:20.141+0000] {processor.py:154} INFO - Started process (PID=13528) to work on /opt/airflow/dags/producer.py
[2023-10-03T14:55:20.142+0000] {processor.py:756} INFO - Processing file /opt/airflow/dags/producer.py for tasks to queue
[2023-10-03T14:55:20.144+0000] {logging_mixin.py:120} INFO - [2023-10-03T14:55:20.143+0000] {dagbag.py:537} INFO - Filling up the DagBag from /opt/airflow/dags/producer.py
[2023-10-03T14:55:20.210+0000] {processor.py:766} INFO - DAG(s) dict_keys(['producer']) retrieved from /opt/airflow/dags/producer.py
[2023-10-03T14:55:20.242+0000] {logging_mixin.py:120} INFO - [2023-10-03T14:55:20.242+0000] {dag.py:2585} INFO - Sync 1 DAGs
[2023-10-03T14:55:20.267+0000] {logging_mixin.py:120} INFO - [2023-10-03T14:55:20.267+0000] {dag.py:3340} INFO - Setting next_dagrun for producer to 2023-10-03T00:00:00+00:00, run_after=2023-10-04T00:00:00+00:00
[2023-10-03T14:55:20.302+0000] {processor.py:176} INFO - Processing /opt/airflow/dags/producer.py took 0.164 seconds
[2023-10-03T14:55:50.677+0000] {processor.py:154} INFO - Started process (PID=13595) to work on /opt/airflow/dags/producer.py
[2023-10-03T14:55:50.678+0000] {processor.py:756} INFO - Processing file /opt/airflow/dags/producer.py for tasks to queue
[2023-10-03T14:55:50.679+0000] {logging_mixin.py:120} INFO - [2023-10-03T14:55:50.679+0000] {dagbag.py:537} INFO - Filling up the DagBag from /opt/airflow/dags/producer.py
[2023-10-03T14:55:50.718+0000] {processor.py:766} INFO - DAG(s) dict_keys(['producer']) retrieved from /opt/airflow/dags/producer.py
[2023-10-03T14:55:50.752+0000] {logging_mixin.py:120} INFO - [2023-10-03T14:55:50.751+0000] {dag.py:2585} INFO - Sync 1 DAGs
[2023-10-03T14:55:50.777+0000] {logging_mixin.py:120} INFO - [2023-10-03T14:55:50.776+0000] {dag.py:3340} INFO - Setting next_dagrun for producer to 2023-10-03T00:00:00+00:00, run_after=2023-10-04T00:00:00+00:00
[2023-10-03T14:55:50.802+0000] {processor.py:176} INFO - Processing /opt/airflow/dags/producer.py took 0.129 seconds
[2023-10-03T14:56:21.040+0000] {processor.py:154} INFO - Started process (PID=13653) to work on /opt/airflow/dags/producer.py
[2023-10-03T14:56:21.042+0000] {processor.py:756} INFO - Processing file /opt/airflow/dags/producer.py for tasks to queue
[2023-10-03T14:56:21.043+0000] {logging_mixin.py:120} INFO - [2023-10-03T14:56:21.043+0000] {dagbag.py:537} INFO - Filling up the DagBag from /opt/airflow/dags/producer.py
[2023-10-03T14:56:21.092+0000] {processor.py:766} INFO - DAG(s) dict_keys(['producer']) retrieved from /opt/airflow/dags/producer.py
[2023-10-03T14:56:21.128+0000] {logging_mixin.py:120} INFO - [2023-10-03T14:56:21.128+0000] {dag.py:2585} INFO - Sync 1 DAGs
[2023-10-03T14:56:21.151+0000] {logging_mixin.py:120} INFO - [2023-10-03T14:56:21.151+0000] {dag.py:3340} INFO - Setting next_dagrun for producer to 2023-10-03T00:00:00+00:00, run_after=2023-10-04T00:00:00+00:00
[2023-10-03T14:56:21.185+0000] {processor.py:176} INFO - Processing /opt/airflow/dags/producer.py took 0.161 seconds
[2023-10-03T14:56:51.510+0000] {processor.py:154} INFO - Started process (PID=13722) to work on /opt/airflow/dags/producer.py
[2023-10-03T14:56:51.512+0000] {processor.py:756} INFO - Processing file /opt/airflow/dags/producer.py for tasks to queue
[2023-10-03T14:56:51.513+0000] {logging_mixin.py:120} INFO - [2023-10-03T14:56:51.512+0000] {dagbag.py:537} INFO - Filling up the DagBag from /opt/airflow/dags/producer.py
[2023-10-03T14:56:51.572+0000] {processor.py:766} INFO - DAG(s) dict_keys(['producer']) retrieved from /opt/airflow/dags/producer.py
[2023-10-03T14:56:51.610+0000] {logging_mixin.py:120} INFO - [2023-10-03T14:56:51.610+0000] {dag.py:2585} INFO - Sync 1 DAGs
[2023-10-03T14:56:51.635+0000] {logging_mixin.py:120} INFO - [2023-10-03T14:56:51.635+0000] {dag.py:3340} INFO - Setting next_dagrun for producer to 2023-10-03T00:00:00+00:00, run_after=2023-10-04T00:00:00+00:00
[2023-10-03T14:56:51.673+0000] {processor.py:176} INFO - Processing /opt/airflow/dags/producer.py took 0.166 seconds
