[2023-10-05T08:28:40.973+0000] {taskinstance.py:1165} INFO - Dependencies all met for <TaskInstance: group_dag.downloads.download_c manual__2023-10-05T07:59:12.744605+00:00 [queued]>
[2023-10-05T08:28:40.995+0000] {taskinstance.py:1165} INFO - Dependencies all met for <TaskInstance: group_dag.downloads.download_c manual__2023-10-05T07:59:12.744605+00:00 [queued]>
[2023-10-05T08:28:40.996+0000] {taskinstance.py:1362} INFO - 
--------------------------------------------------------------------------------
[2023-10-05T08:28:40.997+0000] {taskinstance.py:1363} INFO - Starting attempt 1 of 1
[2023-10-05T08:28:40.997+0000] {taskinstance.py:1364} INFO - 
--------------------------------------------------------------------------------
[2023-10-05T08:28:41.028+0000] {taskinstance.py:1383} INFO - Executing <Task(BashOperator): downloads.download_c> on 2023-10-05 07:59:12.744605+00:00
[2023-10-05T08:28:41.038+0000] {standard_task_runner.py:55} INFO - Started process 3333 to run task
[2023-10-05T08:28:41.049+0000] {standard_task_runner.py:82} INFO - Running: ['***', 'tasks', 'run', 'group_dag', 'downloads.download_c', 'manual__2023-10-05T07:59:12.744605+00:00', '--job-id', '43', '--raw', '--subdir', 'DAGS_FOLDER/group_task_dag.py', '--cfg-path', '/tmp/tmp51i6ffd6']
[2023-10-05T08:28:41.051+0000] {standard_task_runner.py:83} INFO - Job 43: Subtask downloads.download_c
[2023-10-05T08:28:41.231+0000] {task_command.py:376} INFO - Running <TaskInstance: group_dag.downloads.download_c manual__2023-10-05T07:59:12.744605+00:00 [running]> on host fb3fc9526d52
[2023-10-05T08:28:41.443+0000] {taskinstance.py:1592} INFO - Exporting the following env vars:
AIRFLOW_CTX_DAG_OWNER=***
AIRFLOW_CTX_DAG_ID=group_dag
AIRFLOW_CTX_TASK_ID=downloads.download_c
AIRFLOW_CTX_EXECUTION_DATE=2023-10-05T07:59:12.744605+00:00
AIRFLOW_CTX_TRY_NUMBER=1
AIRFLOW_CTX_DAG_RUN_ID=manual__2023-10-05T07:59:12.744605+00:00
[2023-10-05T08:28:41.445+0000] {subprocess.py:63} INFO - Tmp dir root location: 
 /tmp
[2023-10-05T08:28:41.446+0000] {subprocess.py:75} INFO - Running command: ['/bin/bash', '-c', 'sleep 10']
[2023-10-05T08:28:41.464+0000] {subprocess.py:86} INFO - Output:
[2023-10-05T08:28:51.467+0000] {subprocess.py:97} INFO - Command exited with return code 0
[2023-10-05T08:28:51.498+0000] {taskinstance.py:1406} INFO - Marking task as SUCCESS. dag_id=group_dag, task_id=downloads.download_c, execution_date=20231005T075912, start_date=20231005T082840, end_date=20231005T082851
[2023-10-05T08:28:51.556+0000] {local_task_job.py:164} INFO - Task exited with return code 0
[2023-10-05T08:28:51.580+0000] {local_task_job.py:273} INFO - 0 downstream tasks scheduled from follow-on schedule check
