[2023-10-02T12:53:52.559+0000] {taskinstance.py:1165} INFO - Dependencies all met for <TaskInstance: example_bash_operator.runme_0 scheduled__2023-10-01T00:00:00+00:00 [queued]>
[2023-10-02T12:53:52.603+0000] {taskinstance.py:1165} INFO - Dependencies all met for <TaskInstance: example_bash_operator.runme_0 scheduled__2023-10-01T00:00:00+00:00 [queued]>
[2023-10-02T12:53:52.604+0000] {taskinstance.py:1362} INFO - 
--------------------------------------------------------------------------------
[2023-10-02T12:53:52.605+0000] {taskinstance.py:1363} INFO - Starting attempt 1 of 1
[2023-10-02T12:53:52.606+0000] {taskinstance.py:1364} INFO - 
--------------------------------------------------------------------------------
[2023-10-02T12:53:52.649+0000] {taskinstance.py:1383} INFO - Executing <Task(BashOperator): runme_0> on 2023-10-01 00:00:00+00:00
[2023-10-02T12:53:52.672+0000] {standard_task_runner.py:55} INFO - Started process 7090 to run task
[2023-10-02T12:53:52.701+0000] {standard_task_runner.py:82} INFO - Running: ['***', 'tasks', 'run', 'example_bash_operator', 'runme_0', 'scheduled__2023-10-01T00:00:00+00:00', '--job-id', '6', '--raw', '--subdir', '/home/***/.local/lib/python3.7/site-packages/***/example_dags/example_bash_operator.py', '--cfg-path', '/tmp/tmpdcnc__4v']
[2023-10-02T12:53:52.703+0000] {standard_task_runner.py:83} INFO - Job 6: Subtask runme_0
[2023-10-02T12:53:52.984+0000] {task_command.py:376} INFO - Running <TaskInstance: example_bash_operator.runme_0 scheduled__2023-10-01T00:00:00+00:00 [running]> on host f637e1d287c6
[2023-10-02T12:53:53.288+0000] {taskinstance.py:1592} INFO - Exporting the following env vars:
AIRFLOW_CTX_DAG_OWNER=***
AIRFLOW_CTX_DAG_ID=example_bash_operator
AIRFLOW_CTX_TASK_ID=runme_0
AIRFLOW_CTX_EXECUTION_DATE=2023-10-01T00:00:00+00:00
AIRFLOW_CTX_TRY_NUMBER=1
AIRFLOW_CTX_DAG_RUN_ID=scheduled__2023-10-01T00:00:00+00:00
[2023-10-02T12:53:53.291+0000] {subprocess.py:63} INFO - Tmp dir root location: 
 /tmp
[2023-10-02T12:53:53.293+0000] {subprocess.py:75} INFO - Running command: ['/bin/bash', '-c', 'echo "example_bash_operator__runme_0__20231001" && sleep 1']
[2023-10-02T12:53:53.318+0000] {subprocess.py:86} INFO - Output:
[2023-10-02T12:53:53.322+0000] {subprocess.py:93} INFO - example_bash_operator__runme_0__20231001
[2023-10-02T12:53:54.325+0000] {subprocess.py:97} INFO - Command exited with return code 0
[2023-10-02T12:53:54.369+0000] {taskinstance.py:1406} INFO - Marking task as SUCCESS. dag_id=example_bash_operator, task_id=runme_0, execution_date=20231001T000000, start_date=20231002T125352, end_date=20231002T125354
[2023-10-02T12:53:54.411+0000] {local_task_job.py:164} INFO - Task exited with return code 0
[2023-10-02T12:53:54.451+0000] {local_task_job.py:273} INFO - 1 downstream tasks scheduled from follow-on schedule check
