[2023-10-02T12:53:52.533+0000] {taskinstance.py:1165} INFO - Dependencies all met for <TaskInstance: example_bash_operator.this_will_skip scheduled__2023-10-01T00:00:00+00:00 [queued]>
[2023-10-02T12:53:52.557+0000] {taskinstance.py:1165} INFO - Dependencies all met for <TaskInstance: example_bash_operator.this_will_skip scheduled__2023-10-01T00:00:00+00:00 [queued]>
[2023-10-02T12:53:52.558+0000] {taskinstance.py:1362} INFO - 
--------------------------------------------------------------------------------
[2023-10-02T12:53:52.559+0000] {taskinstance.py:1363} INFO - Starting attempt 1 of 1
[2023-10-02T12:53:52.559+0000] {taskinstance.py:1364} INFO - 
--------------------------------------------------------------------------------
[2023-10-02T12:53:52.654+0000] {taskinstance.py:1383} INFO - Executing <Task(BashOperator): this_will_skip> on 2023-10-01 00:00:00+00:00
[2023-10-02T12:53:52.667+0000] {standard_task_runner.py:55} INFO - Started process 7091 to run task
[2023-10-02T12:53:52.698+0000] {standard_task_runner.py:82} INFO - Running: ['***', 'tasks', 'run', 'example_bash_operator', 'this_will_skip', 'scheduled__2023-10-01T00:00:00+00:00', '--job-id', '4', '--raw', '--subdir', '/home/***/.local/lib/python3.7/site-packages/***/example_dags/example_bash_operator.py', '--cfg-path', '/tmp/tmpjdieekrx']
[2023-10-02T12:53:52.700+0000] {standard_task_runner.py:83} INFO - Job 4: Subtask this_will_skip
[2023-10-02T12:53:52.967+0000] {task_command.py:376} INFO - Running <TaskInstance: example_bash_operator.this_will_skip scheduled__2023-10-01T00:00:00+00:00 [running]> on host f637e1d287c6
[2023-10-02T12:53:53.138+0000] {taskinstance.py:1592} INFO - Exporting the following env vars:
AIRFLOW_CTX_DAG_OWNER=***
AIRFLOW_CTX_DAG_ID=example_bash_operator
AIRFLOW_CTX_TASK_ID=this_will_skip
AIRFLOW_CTX_EXECUTION_DATE=2023-10-01T00:00:00+00:00
AIRFLOW_CTX_TRY_NUMBER=1
AIRFLOW_CTX_DAG_RUN_ID=scheduled__2023-10-01T00:00:00+00:00
[2023-10-02T12:53:53.167+0000] {subprocess.py:63} INFO - Tmp dir root location: 
 /tmp
[2023-10-02T12:53:53.174+0000] {subprocess.py:75} INFO - Running command: ['/bin/bash', '-c', 'echo "hello world"; exit 99;']
[2023-10-02T12:53:53.209+0000] {subprocess.py:86} INFO - Output:
[2023-10-02T12:53:53.213+0000] {subprocess.py:93} INFO - hello world
[2023-10-02T12:53:53.215+0000] {subprocess.py:97} INFO - Command exited with return code 99
[2023-10-02T12:53:53.218+0000] {taskinstance.py:1481} INFO - Bash command returned exit code 99. Skipping.
[2023-10-02T12:53:53.261+0000] {taskinstance.py:1406} INFO - Marking task as SKIPPED. dag_id=example_bash_operator, task_id=this_will_skip, execution_date=20231001T000000, start_date=20231002T125352, end_date=20231002T125353
[2023-10-02T12:53:53.345+0000] {local_task_job.py:164} INFO - Task exited with return code 0
[2023-10-02T12:53:53.469+0000] {local_task_job.py:273} INFO - 0 downstream tasks scheduled from follow-on schedule check
