[2023-10-03T13:35:23.761+0000] {taskinstance.py:1165} INFO - Dependencies all met for <TaskInstance: user_processing.is_api_available scheduled__2023-10-02T00:00:00+00:00 [queued]>
[2023-10-03T13:35:23.781+0000] {taskinstance.py:1165} INFO - Dependencies all met for <TaskInstance: user_processing.is_api_available scheduled__2023-10-02T00:00:00+00:00 [queued]>
[2023-10-03T13:35:23.782+0000] {taskinstance.py:1362} INFO - 
--------------------------------------------------------------------------------
[2023-10-03T13:35:23.783+0000] {taskinstance.py:1363} INFO - Starting attempt 1 of 1
[2023-10-03T13:35:23.783+0000] {taskinstance.py:1364} INFO - 
--------------------------------------------------------------------------------
[2023-10-03T13:35:23.803+0000] {taskinstance.py:1383} INFO - Executing <Task(HttpSensor): is_api_available> on 2023-10-02 00:00:00+00:00
[2023-10-03T13:35:23.811+0000] {standard_task_runner.py:55} INFO - Started process 1448 to run task
[2023-10-03T13:35:23.826+0000] {standard_task_runner.py:82} INFO - Running: ['***', 'tasks', 'run', 'user_processing', 'is_api_available', 'scheduled__2023-10-02T00:00:00+00:00', '--job-id', '16', '--raw', '--subdir', 'DAGS_FOLDER/user_processing.py', '--cfg-path', '/tmp/tmppyx1edth']
[2023-10-03T13:35:23.832+0000] {standard_task_runner.py:83} INFO - Job 16: Subtask is_api_available
[2023-10-03T13:35:23.949+0000] {task_command.py:376} INFO - Running <TaskInstance: user_processing.is_api_available scheduled__2023-10-02T00:00:00+00:00 [running]> on host f637e1d287c6
[2023-10-03T13:35:24.113+0000] {taskinstance.py:1592} INFO - Exporting the following env vars:
AIRFLOW_CTX_DAG_OWNER=***
AIRFLOW_CTX_DAG_ID=user_processing
AIRFLOW_CTX_TASK_ID=is_api_available
AIRFLOW_CTX_EXECUTION_DATE=2023-10-02T00:00:00+00:00
AIRFLOW_CTX_TRY_NUMBER=1
AIRFLOW_CTX_DAG_RUN_ID=scheduled__2023-10-02T00:00:00+00:00
[2023-10-03T13:35:24.116+0000] {http.py:120} INFO - Poking: api/
[2023-10-03T13:35:24.140+0000] {base.py:71} INFO - Using connection ID 'user_api' for task execution.
[2023-10-03T13:35:24.144+0000] {http.py:148} INFO - Sending 'GET' to url: https://randomuser.me/api/
[2023-10-03T13:35:24.638+0000] {base.py:213} INFO - Success criteria met. Exiting.
[2023-10-03T13:35:24.653+0000] {taskinstance.py:1406} INFO - Marking task as SUCCESS. dag_id=user_processing, task_id=is_api_available, execution_date=20231002T000000, start_date=20231003T133523, end_date=20231003T133524
[2023-10-03T13:35:24.678+0000] {local_task_job.py:164} INFO - Task exited with return code 0
[2023-10-03T13:35:24.713+0000] {local_task_job.py:273} INFO - 0 downstream tasks scheduled from follow-on schedule check
