[2023-10-05T09:55:52.998+0000] {taskinstance.py:1165} INFO - Dependencies all met for <TaskInstance: xcom_dag_branch.t4 manual__2023-10-05T09:55:48.949369+00:00 [queued]>
[2023-10-05T09:55:53.010+0000] {taskinstance.py:1165} INFO - Dependencies all met for <TaskInstance: xcom_dag_branch.t4 manual__2023-10-05T09:55:48.949369+00:00 [queued]>
[2023-10-05T09:55:53.011+0000] {taskinstance.py:1362} INFO - 
--------------------------------------------------------------------------------
[2023-10-05T09:55:53.012+0000] {taskinstance.py:1363} INFO - Starting attempt 1 of 1
[2023-10-05T09:55:53.014+0000] {taskinstance.py:1364} INFO - 
--------------------------------------------------------------------------------
[2023-10-05T09:55:53.030+0000] {taskinstance.py:1383} INFO - Executing <Task(BashOperator): t4> on 2023-10-05 09:55:48.949369+00:00
[2023-10-05T09:55:53.035+0000] {standard_task_runner.py:55} INFO - Started process 7217 to run task
[2023-10-05T09:55:53.039+0000] {standard_task_runner.py:82} INFO - Running: ['***', 'tasks', 'run', 'xcom_dag_branch', 't4', 'manual__2023-10-05T09:55:48.949369+00:00', '--job-id', '88', '--raw', '--subdir', 'DAGS_FOLDER/xcom_dag_branch.py', '--cfg-path', '/tmp/tmp0lgeirm7']
[2023-10-05T09:55:53.041+0000] {standard_task_runner.py:83} INFO - Job 88: Subtask t4
[2023-10-05T09:55:53.112+0000] {task_command.py:376} INFO - Running <TaskInstance: xcom_dag_branch.t4 manual__2023-10-05T09:55:48.949369+00:00 [running]> on host fb3fc9526d52
[2023-10-05T09:55:53.191+0000] {taskinstance.py:1592} INFO - Exporting the following env vars:
AIRFLOW_CTX_DAG_OWNER=***
AIRFLOW_CTX_DAG_ID=xcom_dag_branch
AIRFLOW_CTX_TASK_ID=t4
AIRFLOW_CTX_EXECUTION_DATE=2023-10-05T09:55:48.949369+00:00
AIRFLOW_CTX_TRY_NUMBER=1
AIRFLOW_CTX_DAG_RUN_ID=manual__2023-10-05T09:55:48.949369+00:00
[2023-10-05T09:55:53.193+0000] {subprocess.py:63} INFO - Tmp dir root location: 
 /tmp
[2023-10-05T09:55:53.194+0000] {subprocess.py:75} INFO - Running command: ['/bin/bash', '-c', "echo ''"]
[2023-10-05T09:55:53.203+0000] {subprocess.py:86} INFO - Output:
[2023-10-05T09:55:53.204+0000] {subprocess.py:93} INFO - 
[2023-10-05T09:55:53.205+0000] {subprocess.py:97} INFO - Command exited with return code 0
[2023-10-05T09:55:53.238+0000] {taskinstance.py:1406} INFO - Marking task as SUCCESS. dag_id=xcom_dag_branch, task_id=t4, execution_date=20231005T095548, start_date=20231005T095553, end_date=20231005T095553
[2023-10-05T09:55:53.292+0000] {local_task_job.py:164} INFO - Task exited with return code 0
[2023-10-05T09:55:53.318+0000] {local_task_job.py:273} INFO - 0 downstream tasks scheduled from follow-on schedule check
