[2023-10-02T12:53:54.948+0000] {taskinstance.py:1165} INFO - Dependencies all met for <TaskInstance: example_bash_operator.run_after_loop scheduled__2023-10-01T00:00:00+00:00 [queued]>
[2023-10-02T12:53:54.960+0000] {taskinstance.py:1165} INFO - Dependencies all met for <TaskInstance: example_bash_operator.run_after_loop scheduled__2023-10-01T00:00:00+00:00 [queued]>
[2023-10-02T12:53:54.961+0000] {taskinstance.py:1362} INFO - 
--------------------------------------------------------------------------------
[2023-10-02T12:53:54.962+0000] {taskinstance.py:1363} INFO - Starting attempt 1 of 1
[2023-10-02T12:53:54.963+0000] {taskinstance.py:1364} INFO - 
--------------------------------------------------------------------------------
[2023-10-02T12:53:54.983+0000] {taskinstance.py:1383} INFO - Executing <Task(BashOperator): run_after_loop> on 2023-10-01 00:00:00+00:00
[2023-10-02T12:53:54.989+0000] {standard_task_runner.py:55} INFO - Started process 7107 to run task
[2023-10-02T12:53:54.992+0000] {standard_task_runner.py:82} INFO - Running: ['***', 'tasks', 'run', 'example_bash_operator', 'run_after_loop', 'scheduled__2023-10-01T00:00:00+00:00', '--job-id', '8', '--raw', '--subdir', '/home/***/.local/lib/python3.7/site-packages/***/example_dags/example_bash_operator.py', '--cfg-path', '/tmp/tmpahlb1ltw']
[2023-10-02T12:53:54.993+0000] {standard_task_runner.py:83} INFO - Job 8: Subtask run_after_loop
[2023-10-02T12:53:55.070+0000] {task_command.py:376} INFO - Running <TaskInstance: example_bash_operator.run_after_loop scheduled__2023-10-01T00:00:00+00:00 [running]> on host f637e1d287c6
[2023-10-02T12:53:55.142+0000] {taskinstance.py:1592} INFO - Exporting the following env vars:
AIRFLOW_CTX_DAG_OWNER=***
AIRFLOW_CTX_DAG_ID=example_bash_operator
AIRFLOW_CTX_TASK_ID=run_after_loop
AIRFLOW_CTX_EXECUTION_DATE=2023-10-01T00:00:00+00:00
AIRFLOW_CTX_TRY_NUMBER=1
AIRFLOW_CTX_DAG_RUN_ID=scheduled__2023-10-01T00:00:00+00:00
[2023-10-02T12:53:55.144+0000] {subprocess.py:63} INFO - Tmp dir root location: 
 /tmp
[2023-10-02T12:53:55.145+0000] {subprocess.py:75} INFO - Running command: ['/bin/bash', '-c', 'echo 1']
[2023-10-02T12:53:55.160+0000] {subprocess.py:86} INFO - Output:
[2023-10-02T12:53:55.161+0000] {subprocess.py:93} INFO - 1
[2023-10-02T12:53:55.162+0000] {subprocess.py:97} INFO - Command exited with return code 0
[2023-10-02T12:53:55.197+0000] {taskinstance.py:1406} INFO - Marking task as SUCCESS. dag_id=example_bash_operator, task_id=run_after_loop, execution_date=20231001T000000, start_date=20231002T125354, end_date=20231002T125355
[2023-10-02T12:53:55.247+0000] {local_task_job.py:164} INFO - Task exited with return code 0
[2023-10-02T12:53:55.271+0000] {local_task_job.py:273} INFO - 0 downstream tasks scheduled from follow-on schedule check
