[2023-10-05T09:49:10.113+0000] {taskinstance.py:1165} INFO - Dependencies all met for <TaskInstance: xcom_dag_branch.t2 scheduled__2023-10-04T00:00:00+00:00 [queued]>
[2023-10-05T09:49:10.131+0000] {taskinstance.py:1165} INFO - Dependencies all met for <TaskInstance: xcom_dag_branch.t2 scheduled__2023-10-04T00:00:00+00:00 [queued]>
[2023-10-05T09:49:10.132+0000] {taskinstance.py:1362} INFO - 
--------------------------------------------------------------------------------
[2023-10-05T09:49:10.133+0000] {taskinstance.py:1363} INFO - Starting attempt 1 of 1
[2023-10-05T09:49:10.135+0000] {taskinstance.py:1364} INFO - 
--------------------------------------------------------------------------------
[2023-10-05T09:49:10.156+0000] {taskinstance.py:1383} INFO - Executing <Task(PythonOperator): t2> on 2023-10-04 00:00:00+00:00
[2023-10-05T09:49:10.162+0000] {standard_task_runner.py:55} INFO - Started process 6885 to run task
[2023-10-05T09:49:10.166+0000] {standard_task_runner.py:82} INFO - Running: ['***', 'tasks', 'run', 'xcom_dag_branch', 't2', 'scheduled__2023-10-04T00:00:00+00:00', '--job-id', '80', '--raw', '--subdir', 'DAGS_FOLDER/xcom_dag_branch.py', '--cfg-path', '/tmp/tmpfzs_t_pn']
[2023-10-05T09:49:10.167+0000] {standard_task_runner.py:83} INFO - Job 80: Subtask t2
[2023-10-05T09:49:10.249+0000] {task_command.py:376} INFO - Running <TaskInstance: xcom_dag_branch.t2 scheduled__2023-10-04T00:00:00+00:00 [running]> on host fb3fc9526d52
[2023-10-05T09:49:10.321+0000] {taskinstance.py:1592} INFO - Exporting the following env vars:
AIRFLOW_CTX_DAG_OWNER=***
AIRFLOW_CTX_DAG_ID=xcom_dag_branch
AIRFLOW_CTX_TASK_ID=t2
AIRFLOW_CTX_EXECUTION_DATE=2023-10-04T00:00:00+00:00
AIRFLOW_CTX_TRY_NUMBER=1
AIRFLOW_CTX_DAG_RUN_ID=scheduled__2023-10-04T00:00:00+00:00
[2023-10-05T09:49:10.333+0000] {logging_mixin.py:120} INFO - 42
[2023-10-05T09:49:10.334+0000] {python.py:177} INFO - Done. Returned value was: None
[2023-10-05T09:49:10.347+0000] {taskinstance.py:1406} INFO - Marking task as SUCCESS. dag_id=xcom_dag_branch, task_id=t2, execution_date=20231004T000000, start_date=20231005T094910, end_date=20231005T094910
[2023-10-05T09:49:10.380+0000] {local_task_job.py:164} INFO - Task exited with return code 0
[2023-10-05T09:49:10.407+0000] {local_task_job.py:273} INFO - 0 downstream tasks scheduled from follow-on schedule check
