[2023-10-05T07:52:45.357+0000] {taskinstance.py:1165} INFO - Dependencies all met for <TaskInstance: group_dag.downloads.pippo_a scheduled__2023-10-05T07:52:43.018674+00:00 [queued]>
[2023-10-05T07:52:45.369+0000] {taskinstance.py:1165} INFO - Dependencies all met for <TaskInstance: group_dag.downloads.pippo_a scheduled__2023-10-05T07:52:43.018674+00:00 [queued]>
[2023-10-05T07:52:45.370+0000] {taskinstance.py:1362} INFO - 
--------------------------------------------------------------------------------
[2023-10-05T07:52:45.371+0000] {taskinstance.py:1363} INFO - Starting attempt 1 of 1
[2023-10-05T07:52:45.372+0000] {taskinstance.py:1364} INFO - 
--------------------------------------------------------------------------------
[2023-10-05T07:52:45.394+0000] {taskinstance.py:1383} INFO - Executing <Task(BashOperator): pippo_a> on 2023-10-05 07:52:43.018674+00:00
[2023-10-05T07:52:45.399+0000] {standard_task_runner.py:55} INFO - Started process 1518 to run task
[2023-10-05T07:52:45.403+0000] {standard_task_runner.py:82} INFO - Running: ['***', 'tasks', 'run', 'group_dag.downloads', 'pippo_a', 'scheduled__2023-10-05T07:52:43.018674+00:00', '--job-id', '22', '--raw', '--subdir', 'DAGS_FOLDER/group_dag.py', '--cfg-path', '/tmp/tmp04i3yqnw']
[2023-10-05T07:52:45.405+0000] {standard_task_runner.py:83} INFO - Job 22: Subtask pippo_a
[2023-10-05T07:52:45.478+0000] {task_command.py:376} INFO - Running <TaskInstance: group_dag.downloads.pippo_a scheduled__2023-10-05T07:52:43.018674+00:00 [running]> on host fb3fc9526d52
[2023-10-05T07:52:45.546+0000] {taskinstance.py:1592} INFO - Exporting the following env vars:
AIRFLOW_CTX_DAG_OWNER=***
AIRFLOW_CTX_DAG_ID=group_dag.downloads
AIRFLOW_CTX_TASK_ID=pippo_a
AIRFLOW_CTX_EXECUTION_DATE=2023-10-05T07:52:43.018674+00:00
AIRFLOW_CTX_TRY_NUMBER=1
AIRFLOW_CTX_DAG_RUN_ID=scheduled__2023-10-05T07:52:43.018674+00:00
[2023-10-05T07:52:45.548+0000] {subprocess.py:63} INFO - Tmp dir root location: 
 /tmp
[2023-10-05T07:52:45.550+0000] {subprocess.py:75} INFO - Running command: ['/bin/bash', '-c', 'sleep 10']
[2023-10-05T07:52:45.558+0000] {subprocess.py:86} INFO - Output:
[2023-10-05T07:52:55.561+0000] {subprocess.py:97} INFO - Command exited with return code 0
[2023-10-05T07:52:55.587+0000] {taskinstance.py:1406} INFO - Marking task as SUCCESS. dag_id=group_dag.downloads, task_id=pippo_a, execution_date=20231005T075243, start_date=20231005T075245, end_date=20231005T075255
[2023-10-05T07:52:55.610+0000] {local_task_job.py:164} INFO - Task exited with return code 0
[2023-10-05T07:52:55.634+0000] {local_task_job.py:273} INFO - 0 downstream tasks scheduled from follow-on schedule check
