[2023-10-05T07:53:45.737+0000] {taskinstance.py:1165} INFO - Dependencies all met for <TaskInstance: group_dag.check_files manual__2023-10-05T07:52:43.018674+00:00 [queued]>
[2023-10-05T07:53:45.750+0000] {taskinstance.py:1165} INFO - Dependencies all met for <TaskInstance: group_dag.check_files manual__2023-10-05T07:52:43.018674+00:00 [queued]>
[2023-10-05T07:53:45.752+0000] {taskinstance.py:1362} INFO - 
--------------------------------------------------------------------------------
[2023-10-05T07:53:45.758+0000] {taskinstance.py:1363} INFO - Starting attempt 1 of 1
[2023-10-05T07:53:45.759+0000] {taskinstance.py:1364} INFO - 
--------------------------------------------------------------------------------
[2023-10-05T07:53:45.773+0000] {taskinstance.py:1383} INFO - Executing <Task(BashOperator): check_files> on 2023-10-05 07:52:43.018674+00:00
[2023-10-05T07:53:45.778+0000] {standard_task_runner.py:55} INFO - Started process 1579 to run task
[2023-10-05T07:53:45.781+0000] {standard_task_runner.py:82} INFO - Running: ['***', 'tasks', 'run', 'group_dag', 'check_files', 'manual__2023-10-05T07:52:43.018674+00:00', '--job-id', '25', '--raw', '--subdir', 'DAGS_FOLDER/group_dag.py', '--cfg-path', '/tmp/tmpgln56mvj']
[2023-10-05T07:53:45.783+0000] {standard_task_runner.py:83} INFO - Job 25: Subtask check_files
[2023-10-05T07:53:45.855+0000] {task_command.py:376} INFO - Running <TaskInstance: group_dag.check_files manual__2023-10-05T07:52:43.018674+00:00 [running]> on host fb3fc9526d52
[2023-10-05T07:53:45.943+0000] {taskinstance.py:1592} INFO - Exporting the following env vars:
AIRFLOW_CTX_DAG_OWNER=***
AIRFLOW_CTX_DAG_ID=group_dag
AIRFLOW_CTX_TASK_ID=check_files
AIRFLOW_CTX_EXECUTION_DATE=2023-10-05T07:52:43.018674+00:00
AIRFLOW_CTX_TRY_NUMBER=1
AIRFLOW_CTX_DAG_RUN_ID=manual__2023-10-05T07:52:43.018674+00:00
[2023-10-05T07:53:45.945+0000] {subprocess.py:63} INFO - Tmp dir root location: 
 /tmp
[2023-10-05T07:53:45.947+0000] {subprocess.py:75} INFO - Running command: ['/bin/bash', '-c', 'sleep 10']
[2023-10-05T07:53:45.956+0000] {subprocess.py:86} INFO - Output:
[2023-10-05T07:53:55.959+0000] {subprocess.py:97} INFO - Command exited with return code 0
[2023-10-05T07:53:55.981+0000] {taskinstance.py:1406} INFO - Marking task as SUCCESS. dag_id=group_dag, task_id=check_files, execution_date=20231005T075243, start_date=20231005T075345, end_date=20231005T075355
[2023-10-05T07:53:56.022+0000] {local_task_job.py:164} INFO - Task exited with return code 0
[2023-10-05T07:53:56.043+0000] {local_task_job.py:273} INFO - 3 downstream tasks scheduled from follow-on schedule check
