[2023-10-05T09:42:05.535+0000] {taskinstance.py:1165} INFO - Dependencies all met for <TaskInstance: xcom_dag.t1 manual__2023-10-05T09:42:04.562865+00:00 [queued]>
[2023-10-05T09:42:05.544+0000] {taskinstance.py:1165} INFO - Dependencies all met for <TaskInstance: xcom_dag.t1 manual__2023-10-05T09:42:04.562865+00:00 [queued]>
[2023-10-05T09:42:05.545+0000] {taskinstance.py:1362} INFO - 
--------------------------------------------------------------------------------
[2023-10-05T09:42:05.546+0000] {taskinstance.py:1363} INFO - Starting attempt 1 of 1
[2023-10-05T09:42:05.548+0000] {taskinstance.py:1364} INFO - 
--------------------------------------------------------------------------------
[2023-10-05T09:42:05.560+0000] {taskinstance.py:1383} INFO - Executing <Task(PythonOperator): t1> on 2023-10-05 09:42:04.562865+00:00
[2023-10-05T09:42:05.565+0000] {standard_task_runner.py:55} INFO - Started process 6530 to run task
[2023-10-05T09:42:05.568+0000] {standard_task_runner.py:82} INFO - Running: ['***', 'tasks', 'run', 'xcom_dag', 't1', 'manual__2023-10-05T09:42:04.562865+00:00', '--job-id', '73', '--raw', '--subdir', 'DAGS_FOLDER/xcom_dag.py', '--cfg-path', '/tmp/tmparraxqpz']
[2023-10-05T09:42:05.569+0000] {standard_task_runner.py:83} INFO - Job 73: Subtask t1
[2023-10-05T09:42:05.625+0000] {task_command.py:376} INFO - Running <TaskInstance: xcom_dag.t1 manual__2023-10-05T09:42:04.562865+00:00 [running]> on host fb3fc9526d52
[2023-10-05T09:42:05.683+0000] {taskinstance.py:1592} INFO - Exporting the following env vars:
AIRFLOW_CTX_DAG_OWNER=***
AIRFLOW_CTX_DAG_ID=xcom_dag
AIRFLOW_CTX_TASK_ID=t1
AIRFLOW_CTX_EXECUTION_DATE=2023-10-05T09:42:04.562865+00:00
AIRFLOW_CTX_TRY_NUMBER=1
AIRFLOW_CTX_DAG_RUN_ID=manual__2023-10-05T09:42:04.562865+00:00
[2023-10-05T09:42:05.708+0000] {python.py:177} INFO - Done. Returned value was: None
[2023-10-05T09:42:05.717+0000] {taskinstance.py:1406} INFO - Marking task as SUCCESS. dag_id=xcom_dag, task_id=t1, execution_date=20231005T094204, start_date=20231005T094205, end_date=20231005T094205
[2023-10-05T09:42:05.741+0000] {local_task_job.py:164} INFO - Task exited with return code 0
[2023-10-05T09:42:05.767+0000] {local_task_job.py:273} INFO - 1 downstream tasks scheduled from follow-on schedule check
