[2023-10-02T12:53:52.542+0000] {taskinstance.py:1165} INFO - Dependencies all met for <TaskInstance: example_bash_operator.runme_2 scheduled__2023-10-01T00:00:00+00:00 [queued]>
[2023-10-02T12:53:52.566+0000] {taskinstance.py:1165} INFO - Dependencies all met for <TaskInstance: example_bash_operator.runme_2 scheduled__2023-10-01T00:00:00+00:00 [queued]>
[2023-10-02T12:53:52.566+0000] {taskinstance.py:1362} INFO - 
--------------------------------------------------------------------------------
[2023-10-02T12:53:52.567+0000] {taskinstance.py:1363} INFO - Starting attempt 1 of 1
[2023-10-02T12:53:52.568+0000] {taskinstance.py:1364} INFO - 
--------------------------------------------------------------------------------
[2023-10-02T12:53:52.634+0000] {taskinstance.py:1383} INFO - Executing <Task(BashOperator): runme_2> on 2023-10-01 00:00:00+00:00
[2023-10-02T12:53:52.653+0000] {standard_task_runner.py:55} INFO - Started process 7089 to run task
[2023-10-02T12:53:52.663+0000] {standard_task_runner.py:82} INFO - Running: ['***', 'tasks', 'run', 'example_bash_operator', 'runme_2', 'scheduled__2023-10-01T00:00:00+00:00', '--job-id', '7', '--raw', '--subdir', '/home/***/.local/lib/python3.7/site-packages/***/example_dags/example_bash_operator.py', '--cfg-path', '/tmp/tmpcb1d5dh3']
[2023-10-02T12:53:52.667+0000] {standard_task_runner.py:83} INFO - Job 7: Subtask runme_2
[2023-10-02T12:53:52.961+0000] {task_command.py:376} INFO - Running <TaskInstance: example_bash_operator.runme_2 scheduled__2023-10-01T00:00:00+00:00 [running]> on host f637e1d287c6
[2023-10-02T12:53:53.160+0000] {taskinstance.py:1592} INFO - Exporting the following env vars:
AIRFLOW_CTX_DAG_OWNER=***
AIRFLOW_CTX_DAG_ID=example_bash_operator
AIRFLOW_CTX_TASK_ID=runme_2
AIRFLOW_CTX_EXECUTION_DATE=2023-10-01T00:00:00+00:00
AIRFLOW_CTX_TRY_NUMBER=1
AIRFLOW_CTX_DAG_RUN_ID=scheduled__2023-10-01T00:00:00+00:00
[2023-10-02T12:53:53.167+0000] {subprocess.py:63} INFO - Tmp dir root location: 
 /tmp
[2023-10-02T12:53:53.170+0000] {subprocess.py:75} INFO - Running command: ['/bin/bash', '-c', 'echo "example_bash_operator__runme_2__20231001" && sleep 1']
[2023-10-02T12:53:53.261+0000] {subprocess.py:86} INFO - Output:
[2023-10-02T12:53:53.268+0000] {subprocess.py:93} INFO - example_bash_operator__runme_2__20231001
[2023-10-02T12:53:54.270+0000] {subprocess.py:97} INFO - Command exited with return code 0
[2023-10-02T12:53:54.318+0000] {taskinstance.py:1406} INFO - Marking task as SUCCESS. dag_id=example_bash_operator, task_id=runme_2, execution_date=20231001T000000, start_date=20231002T125352, end_date=20231002T125354
[2023-10-02T12:53:54.347+0000] {local_task_job.py:164} INFO - Task exited with return code 0
[2023-10-02T12:53:54.397+0000] {local_task_job.py:273} INFO - 0 downstream tasks scheduled from follow-on schedule check
