[2023-10-05T09:39:37.774+0000] {taskinstance.py:1165} INFO - Dependencies all met for <TaskInstance: xcom_dag.t3 manual__2023-10-05T09:36:24.441674+00:00 [queued]>
[2023-10-05T09:39:37.782+0000] {taskinstance.py:1165} INFO - Dependencies all met for <TaskInstance: xcom_dag.t3 manual__2023-10-05T09:36:24.441674+00:00 [queued]>
[2023-10-05T09:39:37.783+0000] {taskinstance.py:1362} INFO - 
--------------------------------------------------------------------------------
[2023-10-05T09:39:37.784+0000] {taskinstance.py:1363} INFO - Starting attempt 2 of 2
[2023-10-05T09:39:37.787+0000] {taskinstance.py:1364} INFO - 
--------------------------------------------------------------------------------
[2023-10-05T09:39:37.799+0000] {taskinstance.py:1383} INFO - Executing <Task(BashOperator): t3> on 2023-10-05 09:36:24.441674+00:00
[2023-10-05T09:39:37.821+0000] {standard_task_runner.py:55} INFO - Started process 6403 to run task
[2023-10-05T09:39:37.833+0000] {standard_task_runner.py:82} INFO - Running: ['***', 'tasks', 'run', 'xcom_dag', 't3', 'manual__2023-10-05T09:36:24.441674+00:00', '--job-id', '69', '--raw', '--subdir', 'DAGS_FOLDER/xcom_dag.py', '--cfg-path', '/tmp/tmpcy77fc4g']
[2023-10-05T09:39:37.836+0000] {standard_task_runner.py:83} INFO - Job 69: Subtask t3
[2023-10-05T09:39:37.915+0000] {task_command.py:376} INFO - Running <TaskInstance: xcom_dag.t3 manual__2023-10-05T09:36:24.441674+00:00 [running]> on host fb3fc9526d52
[2023-10-05T09:39:37.993+0000] {taskinstance.py:1592} INFO - Exporting the following env vars:
AIRFLOW_CTX_DAG_OWNER=***
AIRFLOW_CTX_DAG_ID=xcom_dag
AIRFLOW_CTX_TASK_ID=t3
AIRFLOW_CTX_EXECUTION_DATE=2023-10-05T09:36:24.441674+00:00
AIRFLOW_CTX_TRY_NUMBER=2
AIRFLOW_CTX_DAG_RUN_ID=manual__2023-10-05T09:36:24.441674+00:00
[2023-10-05T09:39:37.995+0000] {subprocess.py:63} INFO - Tmp dir root location: 
 /tmp
[2023-10-05T09:39:37.996+0000] {subprocess.py:75} INFO - Running command: ['/bin/bash', '-c', "echo ''"]
[2023-10-05T09:39:38.008+0000] {subprocess.py:86} INFO - Output:
[2023-10-05T09:39:38.010+0000] {subprocess.py:93} INFO - 
[2023-10-05T09:39:38.011+0000] {subprocess.py:97} INFO - Command exited with return code 0
[2023-10-05T09:39:38.047+0000] {taskinstance.py:1406} INFO - Marking task as SUCCESS. dag_id=xcom_dag, task_id=t3, execution_date=20231005T093624, start_date=20231005T093937, end_date=20231005T093938
[2023-10-05T09:39:38.083+0000] {local_task_job.py:164} INFO - Task exited with return code 0
[2023-10-05T09:39:38.108+0000] {local_task_job.py:273} INFO - 0 downstream tasks scheduled from follow-on schedule check
