[2023-10-05T09:40:29.567+0000] {taskinstance.py:1165} INFO - Dependencies all met for <TaskInstance: xcom_dag.t3 manual__2023-10-05T09:36:24.441674+00:00 [queued]>
[2023-10-05T09:40:29.576+0000] {taskinstance.py:1165} INFO - Dependencies all met for <TaskInstance: xcom_dag.t3 manual__2023-10-05T09:36:24.441674+00:00 [queued]>
[2023-10-05T09:40:29.577+0000] {taskinstance.py:1362} INFO - 
--------------------------------------------------------------------------------
[2023-10-05T09:40:29.578+0000] {taskinstance.py:1363} INFO - Starting attempt 3 of 3
[2023-10-05T09:40:29.580+0000] {taskinstance.py:1364} INFO - 
--------------------------------------------------------------------------------
[2023-10-05T09:40:29.592+0000] {taskinstance.py:1383} INFO - Executing <Task(BashOperator): t3> on 2023-10-05 09:36:24.441674+00:00
[2023-10-05T09:40:29.597+0000] {standard_task_runner.py:55} INFO - Started process 6446 to run task
[2023-10-05T09:40:29.601+0000] {standard_task_runner.py:82} INFO - Running: ['***', 'tasks', 'run', 'xcom_dag', 't3', 'manual__2023-10-05T09:36:24.441674+00:00', '--job-id', '72', '--raw', '--subdir', 'DAGS_FOLDER/xcom_dag.py', '--cfg-path', '/tmp/tmprnfg8gcv']
[2023-10-05T09:40:29.602+0000] {standard_task_runner.py:83} INFO - Job 72: Subtask t3
[2023-10-05T09:40:29.655+0000] {task_command.py:376} INFO - Running <TaskInstance: xcom_dag.t3 manual__2023-10-05T09:36:24.441674+00:00 [running]> on host fb3fc9526d52
[2023-10-05T09:40:29.711+0000] {taskinstance.py:1592} INFO - Exporting the following env vars:
AIRFLOW_CTX_DAG_OWNER=***
AIRFLOW_CTX_DAG_ID=xcom_dag
AIRFLOW_CTX_TASK_ID=t3
AIRFLOW_CTX_EXECUTION_DATE=2023-10-05T09:36:24.441674+00:00
AIRFLOW_CTX_TRY_NUMBER=3
AIRFLOW_CTX_DAG_RUN_ID=manual__2023-10-05T09:36:24.441674+00:00
[2023-10-05T09:40:29.713+0000] {subprocess.py:63} INFO - Tmp dir root location: 
 /tmp
[2023-10-05T09:40:29.715+0000] {subprocess.py:75} INFO - Running command: ['/bin/bash', '-c', "echo ''"]
[2023-10-05T09:40:29.723+0000] {subprocess.py:86} INFO - Output:
[2023-10-05T09:40:29.724+0000] {subprocess.py:93} INFO - 
[2023-10-05T09:40:29.726+0000] {subprocess.py:97} INFO - Command exited with return code 0
[2023-10-05T09:40:29.750+0000] {taskinstance.py:1406} INFO - Marking task as SUCCESS. dag_id=xcom_dag, task_id=t3, execution_date=20231005T093624, start_date=20231005T094029, end_date=20231005T094029
[2023-10-05T09:40:29.774+0000] {local_task_job.py:164} INFO - Task exited with return code 0
[2023-10-05T09:40:29.792+0000] {local_task_job.py:273} INFO - 0 downstream tasks scheduled from follow-on schedule check
