[2023-10-03T13:35:23.767+0000] {taskinstance.py:1165} INFO - Dependencies all met for <TaskInstance: user_processing.extract_user manual__2023-10-03T13:35:21.061642+00:00 [queued]>
[2023-10-03T13:35:23.784+0000] {taskinstance.py:1165} INFO - Dependencies all met for <TaskInstance: user_processing.extract_user manual__2023-10-03T13:35:21.061642+00:00 [queued]>
[2023-10-03T13:35:23.785+0000] {taskinstance.py:1362} INFO - 
--------------------------------------------------------------------------------
[2023-10-03T13:35:23.786+0000] {taskinstance.py:1363} INFO - Starting attempt 1 of 1
[2023-10-03T13:35:23.786+0000] {taskinstance.py:1364} INFO - 
--------------------------------------------------------------------------------
[2023-10-03T13:35:23.841+0000] {taskinstance.py:1383} INFO - Executing <Task(SimpleHttpOperator): extract_user> on 2023-10-03 13:35:21.061642+00:00
[2023-10-03T13:35:23.849+0000] {standard_task_runner.py:55} INFO - Started process 1452 to run task
[2023-10-03T13:35:23.862+0000] {standard_task_runner.py:82} INFO - Running: ['***', 'tasks', 'run', 'user_processing', 'extract_user', 'manual__2023-10-03T13:35:21.061642+00:00', '--job-id', '18', '--raw', '--subdir', 'DAGS_FOLDER/user_processing.py', '--cfg-path', '/tmp/tmpk10k3inj']
[2023-10-03T13:35:23.867+0000] {standard_task_runner.py:83} INFO - Job 18: Subtask extract_user
[2023-10-03T13:35:23.974+0000] {task_command.py:376} INFO - Running <TaskInstance: user_processing.extract_user manual__2023-10-03T13:35:21.061642+00:00 [running]> on host f637e1d287c6
[2023-10-03T13:35:24.112+0000] {taskinstance.py:1592} INFO - Exporting the following env vars:
AIRFLOW_CTX_DAG_OWNER=***
AIRFLOW_CTX_DAG_ID=user_processing
AIRFLOW_CTX_TASK_ID=extract_user
AIRFLOW_CTX_EXECUTION_DATE=2023-10-03T13:35:21.061642+00:00
AIRFLOW_CTX_TRY_NUMBER=1
AIRFLOW_CTX_DAG_RUN_ID=manual__2023-10-03T13:35:21.061642+00:00
[2023-10-03T13:35:24.115+0000] {http.py:121} INFO - Calling HTTP method
[2023-10-03T13:35:24.146+0000] {base.py:71} INFO - Using connection ID 'user_api' for task execution.
[2023-10-03T13:35:24.150+0000] {http.py:148} INFO - Sending 'GET' to url: https://randomuser.me/api/
[2023-10-03T13:35:24.767+0000] {http.py:125} INFO - {"results":[{"gender":"male","name":{"title":"Mr","first":"Eeli","last":"Peltola"},"location":{"street":{"number":5179,"name":"Siilitie"},"city":"Leppävirta","state":"Lapland","country":"Finland","postcode":73301,"coordinates":{"latitude":"-22.3803","longitude":"-73.9702"},"timezone":{"offset":"+4:30","description":"Kabul"}},"email":"eeli.peltola@example.com","login":{"uuid":"2ba8c74b-793b-4873-8342-1413c16d3649","username":"browncat162","password":"cerberus","salt":"BKpSICnG","md5":"30a03ddb1fe6ddc67595262da25c1c91","sha1":"5c2a6552f2dac91c7457169799fd75da225452db","sha256":"70e24ba89cd2b4e4cd7d5fa2ec298ad9b0ba07ee5dfe48b51cdaeb6a77a355ca"},"dob":{"date":"1960-02-16T03:35:40.817Z","age":63},"registered":{"date":"2004-06-15T22:31:39.328Z","age":19},"phone":"08-048-242","cell":"045-658-00-43","id":{"name":"HETU","value":"NaNNA255undefined"},"picture":{"large":"https://randomuser.me/api/portraits/men/24.jpg","medium":"https://randomuser.me/api/portraits/med/men/24.jpg","thumbnail":"https://randomuser.me/api/portraits/thumb/men/24.jpg"},"nat":"FI"}],"info":{"seed":"716dc3c34a904895","results":1,"page":1,"version":"1.4"}}
[2023-10-03T13:35:24.801+0000] {taskinstance.py:1406} INFO - Marking task as SUCCESS. dag_id=user_processing, task_id=extract_user, execution_date=20231003T133521, start_date=20231003T133523, end_date=20231003T133524
[2023-10-03T13:35:24.839+0000] {local_task_job.py:164} INFO - Task exited with return code 0
[2023-10-03T13:35:24.885+0000] {local_task_job.py:273} INFO - 1 downstream tasks scheduled from follow-on schedule check
