[2023-10-05T08:36:21.949+0000] {taskinstance.py:1165} INFO - Dependencies all met for <TaskInstance: group_task_dag.transforms.transform_a manual__2023-10-05T08:35:58.277956+00:00 [queued]>
[2023-10-05T08:36:21.963+0000] {taskinstance.py:1165} INFO - Dependencies all met for <TaskInstance: group_task_dag.transforms.transform_a manual__2023-10-05T08:35:58.277956+00:00 [queued]>
[2023-10-05T08:36:21.964+0000] {taskinstance.py:1362} INFO - 
--------------------------------------------------------------------------------
[2023-10-05T08:36:21.965+0000] {taskinstance.py:1363} INFO - Starting attempt 1 of 1
[2023-10-05T08:36:21.966+0000] {taskinstance.py:1364} INFO - 
--------------------------------------------------------------------------------
[2023-10-05T08:36:21.989+0000] {taskinstance.py:1383} INFO - Executing <Task(BashOperator): transforms.transform_a> on 2023-10-05 08:35:58.277956+00:00
[2023-10-05T08:36:21.995+0000] {standard_task_runner.py:55} INFO - Started process 3742 to run task
[2023-10-05T08:36:22.000+0000] {standard_task_runner.py:82} INFO - Running: ['***', 'tasks', 'run', 'group_task_dag', 'transforms.transform_a', 'manual__2023-10-05T08:35:58.277956+00:00', '--job-id', '56', '--raw', '--subdir', 'DAGS_FOLDER/group_task_dag.py', '--cfg-path', '/tmp/tmpy73wpfsh']
[2023-10-05T08:36:22.001+0000] {standard_task_runner.py:83} INFO - Job 56: Subtask transforms.transform_a
[2023-10-05T08:36:22.089+0000] {task_command.py:376} INFO - Running <TaskInstance: group_task_dag.transforms.transform_a manual__2023-10-05T08:35:58.277956+00:00 [running]> on host fb3fc9526d52
[2023-10-05T08:36:22.179+0000] {taskinstance.py:1592} INFO - Exporting the following env vars:
AIRFLOW_CTX_DAG_OWNER=***
AIRFLOW_CTX_DAG_ID=group_task_dag
AIRFLOW_CTX_TASK_ID=transforms.transform_a
AIRFLOW_CTX_EXECUTION_DATE=2023-10-05T08:35:58.277956+00:00
AIRFLOW_CTX_TRY_NUMBER=1
AIRFLOW_CTX_DAG_RUN_ID=manual__2023-10-05T08:35:58.277956+00:00
[2023-10-05T08:36:22.183+0000] {subprocess.py:63} INFO - Tmp dir root location: 
 /tmp
[2023-10-05T08:36:22.185+0000] {subprocess.py:75} INFO - Running command: ['/bin/bash', '-c', 'sleep 10']
[2023-10-05T08:36:22.199+0000] {subprocess.py:86} INFO - Output:
[2023-10-05T08:36:32.204+0000] {subprocess.py:97} INFO - Command exited with return code 0
[2023-10-05T08:36:32.245+0000] {taskinstance.py:1406} INFO - Marking task as SUCCESS. dag_id=group_task_dag, task_id=transforms.transform_a, execution_date=20231005T083558, start_date=20231005T083621, end_date=20231005T083632
[2023-10-05T08:36:32.324+0000] {local_task_job.py:164} INFO - Task exited with return code 0
[2023-10-05T08:36:32.346+0000] {local_task_job.py:273} INFO - 0 downstream tasks scheduled from follow-on schedule check
