[2023-10-05T07:47:46.094+0000] {taskinstance.py:1165} INFO - Dependencies all met for <TaskInstance: group_dag.downloads.download_b scheduled__2023-10-04T00:00:00+00:00 [queued]>
[2023-10-05T07:47:46.109+0000] {taskinstance.py:1165} INFO - Dependencies all met for <TaskInstance: group_dag.downloads.download_b scheduled__2023-10-04T00:00:00+00:00 [queued]>
[2023-10-05T07:47:46.110+0000] {taskinstance.py:1362} INFO - 
--------------------------------------------------------------------------------
[2023-10-05T07:47:46.111+0000] {taskinstance.py:1363} INFO - Starting attempt 1 of 1
[2023-10-05T07:47:46.112+0000] {taskinstance.py:1364} INFO - 
--------------------------------------------------------------------------------
[2023-10-05T07:47:46.132+0000] {taskinstance.py:1383} INFO - Executing <Task(BashOperator): download_b> on 2023-10-04 00:00:00+00:00
[2023-10-05T07:47:46.148+0000] {standard_task_runner.py:55} INFO - Started process 1239 to run task
[2023-10-05T07:47:46.173+0000] {standard_task_runner.py:82} INFO - Running: ['***', 'tasks', 'run', 'group_dag.downloads', 'download_b', 'scheduled__2023-10-04T00:00:00+00:00', '--job-id', '10', '--raw', '--subdir', 'DAGS_FOLDER/group_dag.py', '--cfg-path', '/tmp/tmpyj7okh89']
[2023-10-05T07:47:46.174+0000] {standard_task_runner.py:83} INFO - Job 10: Subtask download_b
[2023-10-05T07:47:46.455+0000] {task_command.py:376} INFO - Running <TaskInstance: group_dag.downloads.download_b scheduled__2023-10-04T00:00:00+00:00 [running]> on host fb3fc9526d52
[2023-10-05T07:47:46.669+0000] {taskinstance.py:1592} INFO - Exporting the following env vars:
AIRFLOW_CTX_DAG_OWNER=***
AIRFLOW_CTX_DAG_ID=group_dag.downloads
AIRFLOW_CTX_TASK_ID=download_b
AIRFLOW_CTX_EXECUTION_DATE=2023-10-04T00:00:00+00:00
AIRFLOW_CTX_TRY_NUMBER=1
AIRFLOW_CTX_DAG_RUN_ID=scheduled__2023-10-04T00:00:00+00:00
[2023-10-05T07:47:46.671+0000] {subprocess.py:63} INFO - Tmp dir root location: 
 /tmp
[2023-10-05T07:47:46.673+0000] {subprocess.py:75} INFO - Running command: ['/bin/bash', '-c', 'sleep 10']
[2023-10-05T07:47:46.697+0000] {subprocess.py:86} INFO - Output:
[2023-10-05T07:47:56.737+0000] {subprocess.py:97} INFO - Command exited with return code 0
[2023-10-05T07:47:56.775+0000] {taskinstance.py:1406} INFO - Marking task as SUCCESS. dag_id=group_dag.downloads, task_id=download_b, execution_date=20231004T000000, start_date=20231005T074746, end_date=20231005T074756
[2023-10-05T07:47:56.830+0000] {local_task_job.py:164} INFO - Task exited with return code 0
[2023-10-05T07:47:56.855+0000] {local_task_job.py:273} INFO - 0 downstream tasks scheduled from follow-on schedule check
[2023-10-05T07:59:27.530+0000] {taskinstance.py:1165} INFO - Dependencies all met for <TaskInstance: group_dag.downloads.download_b scheduled__2023-10-04T00:00:00+00:00 [queued]>
[2023-10-05T07:59:27.541+0000] {taskinstance.py:1165} INFO - Dependencies all met for <TaskInstance: group_dag.downloads.download_b scheduled__2023-10-04T00:00:00+00:00 [queued]>
[2023-10-05T07:59:27.542+0000] {taskinstance.py:1362} INFO - 
--------------------------------------------------------------------------------
[2023-10-05T07:59:27.543+0000] {taskinstance.py:1363} INFO - Starting attempt 1 of 1
[2023-10-05T07:59:27.544+0000] {taskinstance.py:1364} INFO - 
--------------------------------------------------------------------------------
[2023-10-05T07:59:27.565+0000] {taskinstance.py:1383} INFO - Executing <Task(BashOperator): download_b> on 2023-10-04 00:00:00+00:00
[2023-10-05T07:59:27.569+0000] {standard_task_runner.py:55} INFO - Started process 1880 to run task
[2023-10-05T07:59:27.573+0000] {standard_task_runner.py:82} INFO - Running: ['***', 'tasks', 'run', 'group_dag.downloads', 'download_b', 'scheduled__2023-10-04T00:00:00+00:00', '--job-id', '36', '--raw', '--subdir', 'DAGS_FOLDER/group_dag.py', '--cfg-path', '/tmp/tmpdl03ulmv']
[2023-10-05T07:59:27.574+0000] {standard_task_runner.py:83} INFO - Job 36: Subtask download_b
[2023-10-05T07:59:27.635+0000] {task_command.py:376} INFO - Running <TaskInstance: group_dag.downloads.download_b scheduled__2023-10-04T00:00:00+00:00 [running]> on host fb3fc9526d52
[2023-10-05T07:59:27.701+0000] {taskinstance.py:1592} INFO - Exporting the following env vars:
AIRFLOW_CTX_DAG_OWNER=***
AIRFLOW_CTX_DAG_ID=group_dag.downloads
AIRFLOW_CTX_TASK_ID=download_b
AIRFLOW_CTX_EXECUTION_DATE=2023-10-04T00:00:00+00:00
AIRFLOW_CTX_TRY_NUMBER=1
AIRFLOW_CTX_DAG_RUN_ID=scheduled__2023-10-04T00:00:00+00:00
[2023-10-05T07:59:27.703+0000] {subprocess.py:63} INFO - Tmp dir root location: 
 /tmp
[2023-10-05T07:59:27.704+0000] {subprocess.py:75} INFO - Running command: ['/bin/bash', '-c', 'sleep 10']
[2023-10-05T07:59:27.714+0000] {subprocess.py:86} INFO - Output:
[2023-10-05T07:59:37.715+0000] {subprocess.py:97} INFO - Command exited with return code 0
[2023-10-05T07:59:37.740+0000] {taskinstance.py:1406} INFO - Marking task as SUCCESS. dag_id=group_dag.downloads, task_id=download_b, execution_date=20231004T000000, start_date=20231005T075927, end_date=20231005T075937
[2023-10-05T07:59:37.773+0000] {local_task_job.py:164} INFO - Task exited with return code 0
[2023-10-05T07:59:37.811+0000] {local_task_job.py:273} INFO - 0 downstream tasks scheduled from follow-on schedule check
