[2023-10-03T13:35:26.101+0000] {taskinstance.py:1165} INFO - Dependencies all met for <TaskInstance: user_processing.process_user manual__2023-10-03T13:35:21.061642+00:00 [queued]>
[2023-10-03T13:35:26.117+0000] {taskinstance.py:1165} INFO - Dependencies all met for <TaskInstance: user_processing.process_user manual__2023-10-03T13:35:21.061642+00:00 [queued]>
[2023-10-03T13:35:26.118+0000] {taskinstance.py:1362} INFO - 
--------------------------------------------------------------------------------
[2023-10-03T13:35:26.120+0000] {taskinstance.py:1363} INFO - Starting attempt 1 of 1
[2023-10-03T13:35:26.121+0000] {taskinstance.py:1364} INFO - 
--------------------------------------------------------------------------------
[2023-10-03T13:35:26.139+0000] {taskinstance.py:1383} INFO - Executing <Task(PythonOperator): process_user> on 2023-10-03 13:35:21.061642+00:00
[2023-10-03T13:35:26.146+0000] {standard_task_runner.py:55} INFO - Started process 1457 to run task
[2023-10-03T13:35:26.151+0000] {standard_task_runner.py:82} INFO - Running: ['***', 'tasks', 'run', 'user_processing', 'process_user', 'manual__2023-10-03T13:35:21.061642+00:00', '--job-id', '19', '--raw', '--subdir', 'DAGS_FOLDER/user_processing.py', '--cfg-path', '/tmp/tmpi2tja1mv']
[2023-10-03T13:35:26.153+0000] {standard_task_runner.py:83} INFO - Job 19: Subtask process_user
[2023-10-03T13:35:26.269+0000] {task_command.py:376} INFO - Running <TaskInstance: user_processing.process_user manual__2023-10-03T13:35:21.061642+00:00 [running]> on host f637e1d287c6
[2023-10-03T13:35:26.499+0000] {taskinstance.py:1592} INFO - Exporting the following env vars:
AIRFLOW_CTX_DAG_OWNER=***
AIRFLOW_CTX_DAG_ID=user_processing
AIRFLOW_CTX_TASK_ID=process_user
AIRFLOW_CTX_EXECUTION_DATE=2023-10-03T13:35:21.061642+00:00
AIRFLOW_CTX_TRY_NUMBER=1
AIRFLOW_CTX_DAG_RUN_ID=manual__2023-10-03T13:35:21.061642+00:00
[2023-10-03T13:35:26.542+0000] {python.py:177} INFO - Done. Returned value was: None
[2023-10-03T13:35:26.560+0000] {taskinstance.py:1406} INFO - Marking task as SUCCESS. dag_id=user_processing, task_id=process_user, execution_date=20231003T133521, start_date=20231003T133526, end_date=20231003T133526
[2023-10-03T13:35:26.607+0000] {local_task_job.py:164} INFO - Task exited with return code 0
[2023-10-03T13:35:26.642+0000] {local_task_job.py:273} INFO - 0 downstream tasks scheduled from follow-on schedule check
