[2023-10-05T08:35:59.774+0000] {taskinstance.py:1165} INFO - Dependencies all met for <TaskInstance: group_task_dag.downloads.download_c manual__2023-10-05T08:35:58.277956+00:00 [queued]>
[2023-10-05T08:35:59.796+0000] {taskinstance.py:1165} INFO - Dependencies all met for <TaskInstance: group_task_dag.downloads.download_c manual__2023-10-05T08:35:58.277956+00:00 [queued]>
[2023-10-05T08:35:59.797+0000] {taskinstance.py:1362} INFO - 
--------------------------------------------------------------------------------
[2023-10-05T08:35:59.798+0000] {taskinstance.py:1363} INFO - Starting attempt 1 of 1
[2023-10-05T08:35:59.799+0000] {taskinstance.py:1364} INFO - 
--------------------------------------------------------------------------------
[2023-10-05T08:35:59.819+0000] {taskinstance.py:1383} INFO - Executing <Task(BashOperator): downloads.download_c> on 2023-10-05 08:35:58.277956+00:00
[2023-10-05T08:35:59.823+0000] {standard_task_runner.py:55} INFO - Started process 3709 to run task
[2023-10-05T08:35:59.826+0000] {standard_task_runner.py:82} INFO - Running: ['***', 'tasks', 'run', 'group_task_dag', 'downloads.download_c', 'manual__2023-10-05T08:35:58.277956+00:00', '--job-id', '52', '--raw', '--subdir', 'DAGS_FOLDER/group_task_dag.py', '--cfg-path', '/tmp/tmpy8lf2top']
[2023-10-05T08:35:59.827+0000] {standard_task_runner.py:83} INFO - Job 52: Subtask downloads.download_c
[2023-10-05T08:35:59.878+0000] {task_command.py:376} INFO - Running <TaskInstance: group_task_dag.downloads.download_c manual__2023-10-05T08:35:58.277956+00:00 [running]> on host fb3fc9526d52
[2023-10-05T08:35:59.942+0000] {taskinstance.py:1592} INFO - Exporting the following env vars:
AIRFLOW_CTX_DAG_OWNER=***
AIRFLOW_CTX_DAG_ID=group_task_dag
AIRFLOW_CTX_TASK_ID=downloads.download_c
AIRFLOW_CTX_EXECUTION_DATE=2023-10-05T08:35:58.277956+00:00
AIRFLOW_CTX_TRY_NUMBER=1
AIRFLOW_CTX_DAG_RUN_ID=manual__2023-10-05T08:35:58.277956+00:00
[2023-10-05T08:35:59.944+0000] {subprocess.py:63} INFO - Tmp dir root location: 
 /tmp
[2023-10-05T08:35:59.945+0000] {subprocess.py:75} INFO - Running command: ['/bin/bash', '-c', 'sleep 10']
[2023-10-05T08:35:59.953+0000] {subprocess.py:86} INFO - Output:
[2023-10-05T08:36:09.957+0000] {subprocess.py:97} INFO - Command exited with return code 0
[2023-10-05T08:36:09.993+0000] {taskinstance.py:1406} INFO - Marking task as SUCCESS. dag_id=group_task_dag, task_id=downloads.download_c, execution_date=20231005T083558, start_date=20231005T083559, end_date=20231005T083609
[2023-10-05T08:36:10.033+0000] {local_task_job.py:164} INFO - Task exited with return code 0
[2023-10-05T08:36:10.070+0000] {local_task_job.py:273} INFO - 1 downstream tasks scheduled from follow-on schedule check
