[2023-10-05T07:48:57.177+0000] {taskinstance.py:1165} INFO - Dependencies all met for <TaskInstance: group_dag.transform_b scheduled__2023-10-04T00:00:00+00:00 [queued]>
[2023-10-05T07:48:57.192+0000] {taskinstance.py:1165} INFO - Dependencies all met for <TaskInstance: group_dag.transform_b scheduled__2023-10-04T00:00:00+00:00 [queued]>
[2023-10-05T07:48:57.193+0000] {taskinstance.py:1362} INFO - 
--------------------------------------------------------------------------------
[2023-10-05T07:48:57.195+0000] {taskinstance.py:1363} INFO - Starting attempt 1 of 1
[2023-10-05T07:48:57.195+0000] {taskinstance.py:1364} INFO - 
--------------------------------------------------------------------------------
[2023-10-05T07:48:57.214+0000] {taskinstance.py:1383} INFO - Executing <Task(BashOperator): transform_b> on 2023-10-04 00:00:00+00:00
[2023-10-05T07:48:57.220+0000] {standard_task_runner.py:55} INFO - Started process 1321 to run task
[2023-10-05T07:48:57.224+0000] {standard_task_runner.py:82} INFO - Running: ['***', 'tasks', 'run', 'group_dag', 'transform_b', 'scheduled__2023-10-04T00:00:00+00:00', '--job-id', '19', '--raw', '--subdir', 'DAGS_FOLDER/group_dag.py', '--cfg-path', '/tmp/tmpm5iysf3z']
[2023-10-05T07:48:57.225+0000] {standard_task_runner.py:83} INFO - Job 19: Subtask transform_b
[2023-10-05T07:48:57.319+0000] {task_command.py:376} INFO - Running <TaskInstance: group_dag.transform_b scheduled__2023-10-04T00:00:00+00:00 [running]> on host fb3fc9526d52
[2023-10-05T07:48:57.396+0000] {taskinstance.py:1592} INFO - Exporting the following env vars:
AIRFLOW_CTX_DAG_OWNER=***
AIRFLOW_CTX_DAG_ID=group_dag
AIRFLOW_CTX_TASK_ID=transform_b
AIRFLOW_CTX_EXECUTION_DATE=2023-10-04T00:00:00+00:00
AIRFLOW_CTX_TRY_NUMBER=1
AIRFLOW_CTX_DAG_RUN_ID=scheduled__2023-10-04T00:00:00+00:00
[2023-10-05T07:48:57.398+0000] {subprocess.py:63} INFO - Tmp dir root location: 
 /tmp
[2023-10-05T07:48:57.399+0000] {subprocess.py:75} INFO - Running command: ['/bin/bash', '-c', 'sleep 10']
[2023-10-05T07:48:57.410+0000] {subprocess.py:86} INFO - Output:
[2023-10-05T07:49:07.413+0000] {subprocess.py:97} INFO - Command exited with return code 0
[2023-10-05T07:49:07.460+0000] {taskinstance.py:1406} INFO - Marking task as SUCCESS. dag_id=group_dag, task_id=transform_b, execution_date=20231004T000000, start_date=20231005T074857, end_date=20231005T074907
[2023-10-05T07:49:07.494+0000] {local_task_job.py:164} INFO - Task exited with return code 0
[2023-10-05T07:49:07.542+0000] {local_task_job.py:273} INFO - 0 downstream tasks scheduled from follow-on schedule check
