[2023-10-05T09:49:10.122+0000] {taskinstance.py:1165} INFO - Dependencies all met for <TaskInstance: xcom_dag_branch.t2 manual__2023-10-05T09:49:06.506747+00:00 [queued]>
[2023-10-05T09:49:10.137+0000] {taskinstance.py:1165} INFO - Dependencies all met for <TaskInstance: xcom_dag_branch.t2 manual__2023-10-05T09:49:06.506747+00:00 [queued]>
[2023-10-05T09:49:10.138+0000] {taskinstance.py:1362} INFO - 
--------------------------------------------------------------------------------
[2023-10-05T09:49:10.140+0000] {taskinstance.py:1363} INFO - Starting attempt 1 of 1
[2023-10-05T09:49:10.141+0000] {taskinstance.py:1364} INFO - 
--------------------------------------------------------------------------------
[2023-10-05T09:49:10.161+0000] {taskinstance.py:1383} INFO - Executing <Task(PythonOperator): t2> on 2023-10-05 09:49:06.506747+00:00
[2023-10-05T09:49:10.166+0000] {standard_task_runner.py:55} INFO - Started process 6886 to run task
[2023-10-05T09:49:10.172+0000] {standard_task_runner.py:82} INFO - Running: ['***', 'tasks', 'run', 'xcom_dag_branch', 't2', 'manual__2023-10-05T09:49:06.506747+00:00', '--job-id', '81', '--raw', '--subdir', 'DAGS_FOLDER/xcom_dag_branch.py', '--cfg-path', '/tmp/tmpvq0y66l_']
[2023-10-05T09:49:10.173+0000] {standard_task_runner.py:83} INFO - Job 81: Subtask t2
[2023-10-05T09:49:10.256+0000] {task_command.py:376} INFO - Running <TaskInstance: xcom_dag_branch.t2 manual__2023-10-05T09:49:06.506747+00:00 [running]> on host fb3fc9526d52
[2023-10-05T09:49:10.334+0000] {taskinstance.py:1592} INFO - Exporting the following env vars:
AIRFLOW_CTX_DAG_OWNER=***
AIRFLOW_CTX_DAG_ID=xcom_dag_branch
AIRFLOW_CTX_TASK_ID=t2
AIRFLOW_CTX_EXECUTION_DATE=2023-10-05T09:49:06.506747+00:00
AIRFLOW_CTX_TRY_NUMBER=1
AIRFLOW_CTX_DAG_RUN_ID=manual__2023-10-05T09:49:06.506747+00:00
[2023-10-05T09:49:10.346+0000] {logging_mixin.py:120} INFO - 42
[2023-10-05T09:49:10.347+0000] {python.py:177} INFO - Done. Returned value was: None
[2023-10-05T09:49:10.358+0000] {taskinstance.py:1406} INFO - Marking task as SUCCESS. dag_id=xcom_dag_branch, task_id=t2, execution_date=20231005T094906, start_date=20231005T094910, end_date=20231005T094910
[2023-10-05T09:49:10.386+0000] {local_task_job.py:164} INFO - Task exited with return code 0
[2023-10-05T09:49:10.408+0000] {local_task_job.py:273} INFO - 0 downstream tasks scheduled from follow-on schedule check
