[2023-10-05T07:59:15.082+0000] {taskinstance.py:1165} INFO - Dependencies all met for <TaskInstance: group_dag.downloads.pippo_a scheduled__2023-10-05T07:59:12.744605+00:00 [queued]>
[2023-10-05T07:59:15.094+0000] {taskinstance.py:1165} INFO - Dependencies all met for <TaskInstance: group_dag.downloads.pippo_a scheduled__2023-10-05T07:59:12.744605+00:00 [queued]>
[2023-10-05T07:59:15.095+0000] {taskinstance.py:1362} INFO - 
--------------------------------------------------------------------------------
[2023-10-05T07:59:15.096+0000] {taskinstance.py:1363} INFO - Starting attempt 1 of 1
[2023-10-05T07:59:15.097+0000] {taskinstance.py:1364} INFO - 
--------------------------------------------------------------------------------
[2023-10-05T07:59:15.111+0000] {taskinstance.py:1383} INFO - Executing <Task(BashOperator): pippo_a> on 2023-10-05 07:59:12.744605+00:00
[2023-10-05T07:59:15.115+0000] {standard_task_runner.py:55} INFO - Started process 1859 to run task
[2023-10-05T07:59:15.119+0000] {standard_task_runner.py:82} INFO - Running: ['***', 'tasks', 'run', 'group_dag.downloads', 'pippo_a', 'scheduled__2023-10-05T07:59:12.744605+00:00', '--job-id', '31', '--raw', '--subdir', 'DAGS_FOLDER/group_dag.py', '--cfg-path', '/tmp/tmpcrlypkhu']
[2023-10-05T07:59:15.121+0000] {standard_task_runner.py:83} INFO - Job 31: Subtask pippo_a
[2023-10-05T07:59:15.184+0000] {task_command.py:376} INFO - Running <TaskInstance: group_dag.downloads.pippo_a scheduled__2023-10-05T07:59:12.744605+00:00 [running]> on host fb3fc9526d52
[2023-10-05T07:59:15.249+0000] {taskinstance.py:1592} INFO - Exporting the following env vars:
AIRFLOW_CTX_DAG_OWNER=***
AIRFLOW_CTX_DAG_ID=group_dag.downloads
AIRFLOW_CTX_TASK_ID=pippo_a
AIRFLOW_CTX_EXECUTION_DATE=2023-10-05T07:59:12.744605+00:00
AIRFLOW_CTX_TRY_NUMBER=1
AIRFLOW_CTX_DAG_RUN_ID=scheduled__2023-10-05T07:59:12.744605+00:00
[2023-10-05T07:59:15.251+0000] {subprocess.py:63} INFO - Tmp dir root location: 
 /tmp
[2023-10-05T07:59:15.252+0000] {subprocess.py:75} INFO - Running command: ['/bin/bash', '-c', 'sleep 10']
[2023-10-05T07:59:15.260+0000] {subprocess.py:86} INFO - Output:
[2023-10-05T07:59:25.262+0000] {subprocess.py:97} INFO - Command exited with return code 0
[2023-10-05T07:59:25.299+0000] {taskinstance.py:1406} INFO - Marking task as SUCCESS. dag_id=group_dag.downloads, task_id=pippo_a, execution_date=20231005T075912, start_date=20231005T075915, end_date=20231005T075925
[2023-10-05T07:59:25.335+0000] {local_task_job.py:164} INFO - Task exited with return code 0
[2023-10-05T07:59:25.356+0000] {local_task_job.py:273} INFO - 0 downstream tasks scheduled from follow-on schedule check
