[2023-10-05T09:50:42.762+0000] {taskinstance.py:1165} INFO - Dependencies all met for <TaskInstance: xcom_dag_branch.branch manual__2023-10-05T09:50:40.480380+00:00 [queued]>
[2023-10-05T09:50:42.775+0000] {taskinstance.py:1165} INFO - Dependencies all met for <TaskInstance: xcom_dag_branch.branch manual__2023-10-05T09:50:40.480380+00:00 [queued]>
[2023-10-05T09:50:42.776+0000] {taskinstance.py:1362} INFO - 
--------------------------------------------------------------------------------
[2023-10-05T09:50:42.777+0000] {taskinstance.py:1363} INFO - Starting attempt 1 of 1
[2023-10-05T09:50:42.778+0000] {taskinstance.py:1364} INFO - 
--------------------------------------------------------------------------------
[2023-10-05T09:50:42.794+0000] {taskinstance.py:1383} INFO - Executing <Task(BranchPythonOperator): branch> on 2023-10-05 09:50:40.480380+00:00
[2023-10-05T09:50:42.799+0000] {standard_task_runner.py:55} INFO - Started process 6964 to run task
[2023-10-05T09:50:42.803+0000] {standard_task_runner.py:82} INFO - Running: ['***', 'tasks', 'run', 'xcom_dag_branch', 'branch', 'manual__2023-10-05T09:50:40.480380+00:00', '--job-id', '83', '--raw', '--subdir', 'DAGS_FOLDER/xcom_dag_branch.py', '--cfg-path', '/tmp/tmpab4vlz9f']
[2023-10-05T09:50:42.804+0000] {standard_task_runner.py:83} INFO - Job 83: Subtask branch
[2023-10-05T09:50:42.870+0000] {task_command.py:376} INFO - Running <TaskInstance: xcom_dag_branch.branch manual__2023-10-05T09:50:40.480380+00:00 [running]> on host fb3fc9526d52
[2023-10-05T09:50:42.940+0000] {taskinstance.py:1592} INFO - Exporting the following env vars:
AIRFLOW_CTX_DAG_OWNER=***
AIRFLOW_CTX_DAG_ID=xcom_dag_branch
AIRFLOW_CTX_TASK_ID=branch
AIRFLOW_CTX_EXECUTION_DATE=2023-10-05T09:50:40.480380+00:00
AIRFLOW_CTX_TRY_NUMBER=1
AIRFLOW_CTX_DAG_RUN_ID=manual__2023-10-05T09:50:40.480380+00:00
[2023-10-05T09:50:42.953+0000] {python.py:177} INFO - Done. Returned value was: t2
[2023-10-05T09:50:42.954+0000] {skipmixin.py:155} INFO - Following branch t2
[2023-10-05T09:50:42.956+0000] {skipmixin.py:190} INFO - Skipping tasks ['t3']
[2023-10-05T09:50:42.999+0000] {taskinstance.py:1406} INFO - Marking task as SUCCESS. dag_id=xcom_dag_branch, task_id=branch, execution_date=20231005T095040, start_date=20231005T095042, end_date=20231005T095042
[2023-10-05T09:50:43.056+0000] {local_task_job.py:164} INFO - Task exited with return code 0
[2023-10-05T09:50:43.097+0000] {local_task_job.py:273} INFO - 1 downstream tasks scheduled from follow-on schedule check
