[2023-10-03T13:45:06.141+0000] {taskinstance.py:1165} INFO - Dependencies all met for <TaskInstance: user_processing.process_user manual__2023-10-03T13:44:58.756669+00:00 [queued]>
[2023-10-03T13:45:06.157+0000] {taskinstance.py:1165} INFO - Dependencies all met for <TaskInstance: user_processing.process_user manual__2023-10-03T13:44:58.756669+00:00 [queued]>
[2023-10-03T13:45:06.158+0000] {taskinstance.py:1362} INFO - 
--------------------------------------------------------------------------------
[2023-10-03T13:45:06.161+0000] {taskinstance.py:1363} INFO - Starting attempt 1 of 1
[2023-10-03T13:45:06.162+0000] {taskinstance.py:1364} INFO - 
--------------------------------------------------------------------------------
[2023-10-03T13:45:06.186+0000] {taskinstance.py:1383} INFO - Executing <Task(PythonOperator): process_user> on 2023-10-03 13:44:58.756669+00:00
[2023-10-03T13:45:06.197+0000] {standard_task_runner.py:55} INFO - Started process 1942 to run task
[2023-10-03T13:45:06.199+0000] {standard_task_runner.py:82} INFO - Running: ['***', 'tasks', 'run', 'user_processing', 'process_user', 'manual__2023-10-03T13:44:58.756669+00:00', '--job-id', '24', '--raw', '--subdir', 'DAGS_FOLDER/user_processing.py', '--cfg-path', '/tmp/tmp1ieq0r91']
[2023-10-03T13:45:06.234+0000] {standard_task_runner.py:83} INFO - Job 24: Subtask process_user
[2023-10-03T13:45:06.320+0000] {task_command.py:376} INFO - Running <TaskInstance: user_processing.process_user manual__2023-10-03T13:44:58.756669+00:00 [running]> on host f637e1d287c6
[2023-10-03T13:45:06.391+0000] {taskinstance.py:1592} INFO - Exporting the following env vars:
AIRFLOW_CTX_DAG_OWNER=***
AIRFLOW_CTX_DAG_ID=user_processing
AIRFLOW_CTX_TASK_ID=process_user
AIRFLOW_CTX_EXECUTION_DATE=2023-10-03T13:44:58.756669+00:00
AIRFLOW_CTX_TRY_NUMBER=1
AIRFLOW_CTX_DAG_RUN_ID=manual__2023-10-03T13:44:58.756669+00:00
[2023-10-03T13:45:06.408+0000] {python.py:177} INFO - Done. Returned value was: None
[2023-10-03T13:45:06.418+0000] {taskinstance.py:1406} INFO - Marking task as SUCCESS. dag_id=user_processing, task_id=process_user, execution_date=20231003T134458, start_date=20231003T134506, end_date=20231003T134506
[2023-10-03T13:45:06.441+0000] {local_task_job.py:164} INFO - Task exited with return code 0
[2023-10-03T13:45:06.470+0000] {local_task_job.py:273} INFO - 1 downstream tasks scheduled from follow-on schedule check
