[2023-10-05T07:47:44.291+0000] {taskinstance.py:1165} INFO - Dependencies all met for <TaskInstance: group_dag.downloads scheduled__2023-10-04T00:00:00+00:00 [queued]>
[2023-10-05T07:47:44.307+0000] {taskinstance.py:1165} INFO - Dependencies all met for <TaskInstance: group_dag.downloads scheduled__2023-10-04T00:00:00+00:00 [queued]>
[2023-10-05T07:47:44.308+0000] {taskinstance.py:1362} INFO - 
--------------------------------------------------------------------------------
[2023-10-05T07:47:44.309+0000] {taskinstance.py:1363} INFO - Starting attempt 1 of 1
[2023-10-05T07:47:44.310+0000] {taskinstance.py:1364} INFO - 
--------------------------------------------------------------------------------
[2023-10-05T07:47:44.331+0000] {taskinstance.py:1383} INFO - Executing <Task(SubDagOperator): downloads> on 2023-10-04 00:00:00+00:00
[2023-10-05T07:47:44.337+0000] {standard_task_runner.py:55} INFO - Started process 1232 to run task
[2023-10-05T07:47:44.340+0000] {standard_task_runner.py:82} INFO - Running: ['***', 'tasks', 'run', 'group_dag', 'downloads', 'scheduled__2023-10-04T00:00:00+00:00', '--job-id', '6', '--raw', '--subdir', 'DAGS_FOLDER/group_dag.py', '--cfg-path', '/tmp/tmpczkg1yk_']
[2023-10-05T07:47:44.341+0000] {standard_task_runner.py:83} INFO - Job 6: Subtask downloads
[2023-10-05T07:47:44.515+0000] {task_command.py:376} INFO - Running <TaskInstance: group_dag.downloads scheduled__2023-10-04T00:00:00+00:00 [running]> on host fb3fc9526d52
[2023-10-05T07:47:44.695+0000] {taskinstance.py:1592} INFO - Exporting the following env vars:
AIRFLOW_CTX_DAG_OWNER=***
AIRFLOW_CTX_DAG_ID=group_dag
AIRFLOW_CTX_TASK_ID=downloads
AIRFLOW_CTX_EXECUTION_DATE=2023-10-04T00:00:00+00:00
AIRFLOW_CTX_TRY_NUMBER=1
AIRFLOW_CTX_DAG_RUN_ID=scheduled__2023-10-04T00:00:00+00:00
[2023-10-05T07:47:44.700+0000] {warnings.py:110} WARNING - /home/***/.local/lib/python3.7/site-packages/***/utils/context.py:204: AirflowContextDeprecationWarning: Accessing 'execution_date' from the template is deprecated and will be removed in a future version. Please use 'data_interval_start' or 'logical_date' instead.
  warnings.warn(_create_deprecation_warning(key, self._deprecation_replacements[key]))

[2023-10-05T07:47:44.778+0000] {subdag.py:171} INFO - Created DagRun: scheduled__2023-10-04T00:00:00+00:00
[2023-10-05T07:48:44.865+0000] {base.py:213} INFO - Success criteria met. Exiting.
[2023-10-05T07:48:44.880+0000] {subdag.py:186} INFO - Execution finished. State is success
[2023-10-05T07:48:44.895+0000] {taskinstance.py:1406} INFO - Marking task as SUCCESS. dag_id=group_dag, task_id=downloads, execution_date=20231004T000000, start_date=20231005T074744, end_date=20231005T074844
[2023-10-05T07:48:44.962+0000] {local_task_job.py:164} INFO - Task exited with return code 0
[2023-10-05T07:48:45.014+0000] {local_task_job.py:273} INFO - 1 downstream tasks scheduled from follow-on schedule check
[2023-10-05T07:59:26.334+0000] {taskinstance.py:1165} INFO - Dependencies all met for <TaskInstance: group_dag.downloads scheduled__2023-10-04T00:00:00+00:00 [queued]>
[2023-10-05T07:59:26.344+0000] {taskinstance.py:1165} INFO - Dependencies all met for <TaskInstance: group_dag.downloads scheduled__2023-10-04T00:00:00+00:00 [queued]>
[2023-10-05T07:59:26.345+0000] {taskinstance.py:1362} INFO - 
--------------------------------------------------------------------------------
[2023-10-05T07:59:26.346+0000] {taskinstance.py:1363} INFO - Starting attempt 1 of 1
[2023-10-05T07:59:26.347+0000] {taskinstance.py:1364} INFO - 
--------------------------------------------------------------------------------
[2023-10-05T07:59:26.360+0000] {taskinstance.py:1383} INFO - Executing <Task(SubDagOperator): downloads> on 2023-10-04 00:00:00+00:00
[2023-10-05T07:59:26.365+0000] {standard_task_runner.py:55} INFO - Started process 1874 to run task
[2023-10-05T07:59:26.368+0000] {standard_task_runner.py:82} INFO - Running: ['***', 'tasks', 'run', 'group_dag', 'downloads', 'scheduled__2023-10-04T00:00:00+00:00', '--job-id', '33', '--raw', '--subdir', 'DAGS_FOLDER/group_dag.py', '--cfg-path', '/tmp/tmpg37xds_k']
[2023-10-05T07:59:26.369+0000] {standard_task_runner.py:83} INFO - Job 33: Subtask downloads
[2023-10-05T07:59:26.425+0000] {task_command.py:376} INFO - Running <TaskInstance: group_dag.downloads scheduled__2023-10-04T00:00:00+00:00 [running]> on host fb3fc9526d52
[2023-10-05T07:59:26.482+0000] {taskinstance.py:1592} INFO - Exporting the following env vars:
AIRFLOW_CTX_DAG_OWNER=***
AIRFLOW_CTX_DAG_ID=group_dag
AIRFLOW_CTX_TASK_ID=downloads
AIRFLOW_CTX_EXECUTION_DATE=2023-10-04T00:00:00+00:00
AIRFLOW_CTX_TRY_NUMBER=1
AIRFLOW_CTX_DAG_RUN_ID=scheduled__2023-10-04T00:00:00+00:00
[2023-10-05T07:59:26.483+0000] {warnings.py:110} WARNING - /home/***/.local/lib/python3.7/site-packages/***/utils/context.py:204: AirflowContextDeprecationWarning: Accessing 'execution_date' from the template is deprecated and will be removed in a future version. Please use 'data_interval_start' or 'logical_date' instead.
  warnings.warn(_create_deprecation_warning(key, self._deprecation_replacements[key]))

[2023-10-05T07:59:26.506+0000] {subdag.py:171} INFO - Created DagRun: scheduled__2023-10-04T00:00:00+00:00
[2023-10-05T08:00:26.574+0000] {base.py:213} INFO - Success criteria met. Exiting.
[2023-10-05T08:00:26.583+0000] {subdag.py:186} INFO - Execution finished. State is success
[2023-10-05T08:00:26.595+0000] {taskinstance.py:1406} INFO - Marking task as SUCCESS. dag_id=group_dag, task_id=downloads, execution_date=20231004T000000, start_date=20231005T075926, end_date=20231005T080026
[2023-10-05T08:00:26.649+0000] {local_task_job.py:164} INFO - Task exited with return code 0
[2023-10-05T08:00:26.698+0000] {local_task_job.py:273} INFO - 1 downstream tasks scheduled from follow-on schedule check
