[2023-10-04T09:01:32.276+0000] {taskinstance.py:1165} INFO - Dependencies all met for <TaskInstance: parallel_dag.load_a manual__2023-10-04T09:01:19.402541+00:00 [queued]>
[2023-10-04T09:01:32.286+0000] {taskinstance.py:1165} INFO - Dependencies all met for <TaskInstance: parallel_dag.load_a manual__2023-10-04T09:01:19.402541+00:00 [queued]>
[2023-10-04T09:01:32.287+0000] {taskinstance.py:1362} INFO - 
--------------------------------------------------------------------------------
[2023-10-04T09:01:32.289+0000] {taskinstance.py:1363} INFO - Starting attempt 1 of 1
[2023-10-04T09:01:32.290+0000] {taskinstance.py:1364} INFO - 
--------------------------------------------------------------------------------
[2023-10-04T09:01:32.304+0000] {taskinstance.py:1383} INFO - Executing <Task(BashOperator): load_a> on 2023-10-04 09:01:19.402541+00:00
[2023-10-04T09:01:32.309+0000] {standard_task_runner.py:55} INFO - Started process 329 to run task
[2023-10-04T09:01:32.313+0000] {standard_task_runner.py:82} INFO - Running: ['***', 'tasks', 'run', 'parallel_dag', 'load_a', 'manual__2023-10-04T09:01:19.402541+00:00', '--job-id', '53', '--raw', '--subdir', 'DAGS_FOLDER/parallel_dag.py', '--cfg-path', '/tmp/tmpm7ii6nhq']
[2023-10-04T09:01:32.314+0000] {standard_task_runner.py:83} INFO - Job 53: Subtask load_a
[2023-10-04T09:01:32.383+0000] {task_command.py:376} INFO - Running <TaskInstance: parallel_dag.load_a manual__2023-10-04T09:01:19.402541+00:00 [running]> on host 1988e2bb4a32
[2023-10-04T09:01:32.460+0000] {taskinstance.py:1592} INFO - Exporting the following env vars:
AIRFLOW_CTX_DAG_OWNER=***
AIRFLOW_CTX_DAG_ID=parallel_dag
AIRFLOW_CTX_TASK_ID=load_a
AIRFLOW_CTX_EXECUTION_DATE=2023-10-04T09:01:19.402541+00:00
AIRFLOW_CTX_TRY_NUMBER=1
AIRFLOW_CTX_DAG_RUN_ID=manual__2023-10-04T09:01:19.402541+00:00
[2023-10-04T09:01:32.462+0000] {subprocess.py:63} INFO - Tmp dir root location: 
 /tmp
[2023-10-04T09:01:32.464+0000] {subprocess.py:75} INFO - Running command: ['/bin/bash', '-c', 'sleep 10']
[2023-10-04T09:01:32.475+0000] {subprocess.py:86} INFO - Output:
[2023-10-04T09:01:42.480+0000] {subprocess.py:97} INFO - Command exited with return code 0
[2023-10-04T09:01:42.524+0000] {taskinstance.py:1406} INFO - Marking task as SUCCESS. dag_id=parallel_dag, task_id=load_a, execution_date=20231004T090119, start_date=20231004T090132, end_date=20231004T090142
[2023-10-04T09:01:42.572+0000] {local_task_job.py:164} INFO - Task exited with return code 0
[2023-10-04T09:01:42.603+0000] {local_task_job.py:273} INFO - 1 downstream tasks scheduled from follow-on schedule check
