[2023-10-05T07:59:15.097+0000] {taskinstance.py:1165} INFO - Dependencies all met for <TaskInstance: group_dag.downloads.download_b scheduled__2023-10-05T07:59:12.744605+00:00 [queued]>
[2023-10-05T07:59:15.108+0000] {taskinstance.py:1165} INFO - Dependencies all met for <TaskInstance: group_dag.downloads.download_b scheduled__2023-10-05T07:59:12.744605+00:00 [queued]>
[2023-10-05T07:59:15.109+0000] {taskinstance.py:1362} INFO - 
--------------------------------------------------------------------------------
[2023-10-05T07:59:15.111+0000] {taskinstance.py:1363} INFO - Starting attempt 1 of 1
[2023-10-05T07:59:15.111+0000] {taskinstance.py:1364} INFO - 
--------------------------------------------------------------------------------
[2023-10-05T07:59:15.127+0000] {taskinstance.py:1383} INFO - Executing <Task(BashOperator): download_b> on 2023-10-05 07:59:12.744605+00:00
[2023-10-05T07:59:15.132+0000] {standard_task_runner.py:55} INFO - Started process 1860 to run task
[2023-10-05T07:59:15.135+0000] {standard_task_runner.py:82} INFO - Running: ['***', 'tasks', 'run', 'group_dag.downloads', 'download_b', 'scheduled__2023-10-05T07:59:12.744605+00:00', '--job-id', '32', '--raw', '--subdir', 'DAGS_FOLDER/group_dag.py', '--cfg-path', '/tmp/tmp_53cqlbt']
[2023-10-05T07:59:15.136+0000] {standard_task_runner.py:83} INFO - Job 32: Subtask download_b
[2023-10-05T07:59:15.200+0000] {task_command.py:376} INFO - Running <TaskInstance: group_dag.downloads.download_b scheduled__2023-10-05T07:59:12.744605+00:00 [running]> on host fb3fc9526d52
[2023-10-05T07:59:15.266+0000] {taskinstance.py:1592} INFO - Exporting the following env vars:
AIRFLOW_CTX_DAG_OWNER=***
AIRFLOW_CTX_DAG_ID=group_dag.downloads
AIRFLOW_CTX_TASK_ID=download_b
AIRFLOW_CTX_EXECUTION_DATE=2023-10-05T07:59:12.744605+00:00
AIRFLOW_CTX_TRY_NUMBER=1
AIRFLOW_CTX_DAG_RUN_ID=scheduled__2023-10-05T07:59:12.744605+00:00
[2023-10-05T07:59:15.268+0000] {subprocess.py:63} INFO - Tmp dir root location: 
 /tmp
[2023-10-05T07:59:15.269+0000] {subprocess.py:75} INFO - Running command: ['/bin/bash', '-c', 'sleep 10']
[2023-10-05T07:59:15.277+0000] {subprocess.py:86} INFO - Output:
[2023-10-05T07:59:25.279+0000] {subprocess.py:97} INFO - Command exited with return code 0
[2023-10-05T07:59:25.311+0000] {taskinstance.py:1406} INFO - Marking task as SUCCESS. dag_id=group_dag.downloads, task_id=download_b, execution_date=20231005T075912, start_date=20231005T075915, end_date=20231005T075925
[2023-10-05T07:59:25.344+0000] {local_task_job.py:164} INFO - Task exited with return code 0
[2023-10-05T07:59:25.386+0000] {local_task_job.py:273} INFO - 0 downstream tasks scheduled from follow-on schedule check
